2026-07-24 05:09:32 [INFO] scanner - ============================================================
2026-07-24 05:09:32 [INFO] scanner - 🚀 SCANNER INICIADO
2026-07-24 05:09:32 [INFO] scanner - 📅 Data/Hora: 24/07/2026 05:09:32
2026-07-24 05:09:32 [INFO] scanner - 📂 Log: logs/scanner_2026-07-24.log
2026-07-24 05:09:32 [INFO] scanner - ============================================================
2026-07-24 05:09:32 [INFO] scanner - 📝 PAPER MODE ATIVO - Apenas registro e análise
2026-07-24 05:09:36 [WARNING] root - Bloco de componentes falhou: cannot unpack non-iterable int object
2026-07-24 05:09:36 [INFO] scanner - ✅ Validações OK [BTC/USDT]: Score=7.3, R:R=2.08
2026-07-24 05:09:36 [INFO] scanner - ⏸️  Throttle ativo [BTC/USDT]:
2026-07-24 05:09:36 [INFO] scanner -    ├─ Último alerta há 649.8 minutos
2026-07-24 05:09:36 [INFO] scanner -    ├─ Tempo mínimo: 1800 minutos
2026-07-24 05:09:36 [INFO] scanner -    └─ Próximo permitido em: 1150.2 minutos
2026-07-24 07:27:23 [INFO] scanner - ============================================================
2026-07-24 07:27:23 [INFO] scanner - 🚀 SCANNER INICIADO
2026-07-24 07:27:23 [INFO] scanner - 📅 Data/Hora: 24/07/2026 07:27:23
2026-07-24 07:27:23 [INFO] scanner - 📂 Log: logs/scanner_2026-07-24.log
2026-07-24 07:27:23 [INFO] scanner - ============================================================
2026-07-24 07:27:23 [INFO] scanner - 📝 PAPER MODE ATIVO - Apenas registro e análise
2026-07-24 08:59:47 [INFO] scanner - ============================================================
2026-07-24 08:59:47 [INFO] scanner - 🚀 SCANNER INICIADO
2026-07-24 08:59:47 [INFO] scanner - 📅 Data/Hora: 24/07/2026 08:59:47
2026-07-24 08:59:47 [INFO] scanner - 📂 Log: logs/scanner_2026-07-24.log
2026-07-24 08:59:47 [INFO] scanner - ============================================================
2026-07-24 08:59:47 [INFO] scanner - 📝 PAPER MODE ATIVO - Apenas registro e análise
2026-07-24 08:59:50 [WARNING] root - Bloco de componentes falhou: cannot unpack non-iterable int object
2026-07-24 08:59:50 [INFO] scanner - ✅ Validações OK [BTC/USDT]: Score=7.3, R:R=2.08
2026-07-24 08:59:50 [INFO] scanner - ⏸️  Throttle ativo [BTC/USDT]:
2026-07-24 08:59:50 [INFO] scanner -    ├─ Último alerta há 880.0 minutos
2026-07-24 08:59:50 [INFO] scanner -    ├─ Tempo mínimo: 1800 minutos
2026-07-24 08:59:50 [INFO] scanner -    └─ Próximo permitido em: 920.0 minutos
2026-07-24 08:59:50 [WARNING] root - Bloco de componentes falhou: cannot unpack non-iterable int object
2026-07-24 08:59:50 [INFO] scanner - ✅ Validações OK [BTC/USDT]: Score=7.3, R:R=2.08
2026-07-24 08:59:50 [INFO] scanner - ⏸️  Throttle ativo [BTC/USDT]:
2026-07-24 08:59:50 [INFO] scanner -    ├─ Último alerta há 880.0 minutos
2026-07-24 08:59:50 [INFO] scanner -    ├─ Tempo mínimo: 1800 minutos
2026-07-24 08:59:50 [INFO] scanner -    └─ Próximo permitido em: 920.0 minutos
2026-07-24 10:50:24 [INFO] scanner - ============================================================
2026-07-24 10:50:24 [INFO] scanner - 🚀 SCANNER INICIADO
2026-07-24 10:50:24 [INFO] scanner - 📅 Data/Hora: 24/07/2026 10:50:24
2026-07-24 10:50:24 [INFO] scanner - 📂 Log: logs/scanner_2026-07-24.log
2026-07-24 10:50:24 [INFO] scanner - ============================================================
2026-07-24 10:50:24 [INFO] scanner - 📝 PAPER MODE ATIVO - Apenas registro e análise
2026-07-24 10:50:28 [WARNING] root - Bloco de componentes falhou: cannot unpack non-iterable int object
2026-07-24 10:50:28 [INFO] scanner - ✅ Validações OK [BTC/USDT]: Score=7.3, R:R=2.08
2026-07-24 10:50:28 [INFO] scanner - ⏸️  Throttle ativo [BTC/USDT]:
2026-07-24 10:50:28 [INFO] scanner -    ├─ Último alerta há 990.7 minutos
2026-07-24 10:50:28 [INFO] scanner -    ├─ Tempo mínimo: 1800 minutos
2026-07-24 10:50:28 [INFO] scanner -    └─ Próximo permitido em: 809.3 minutos
2026-07-24 10:50:28 [WARNING] root - Bloco de componentes falhou: cannot unpack non-iterable int object
2026-07-24 10:50:28 [INFO] scanner - ✅ Validações OK [BTC/USDT]: Score=7.3, R:R=2.08
2026-07-24 10:50:28 [INFO] scanner - ⏸️  Throttle ativo [BTC/USDT]:
2026-07-24 10:50:28 [INFO] scanner -    ├─ Último alerta há 990.7 minutos
2026-07-24 10:50:28 [INFO] scanner -    ├─ Tempo mínimo: 1800 minutos
2026-07-24 10:50:28 [INFO] scanner -    └─ Próximo permitido em: 809.3 minutos
2026-07-24 10:50:30 [WARNING] root - Bloco de componentes falhou: cannot unpack non-iterable int object
2026-07-24 10:50:30 [INFO] scanner - ✅ Validações OK [ETH/USDT]: Score=7.8, R:R=2.00
2026-07-24 10:50:30 [INFO] scanner - ⏸️  Throttle ativo [ETH/USDT]:
2026-07-24 10:50:30 [INFO] scanner -    ├─ Último alerta há 990.7 minutos
2026-07-24 10:50:30 [INFO] scanner -    ├─ Tempo mínimo: 1800 minutos
2026-07-24 10:50:30 [INFO] scanner -    └─ Próximo permitido em: 809.3 minutos
2026-07-24 10:50:30 [WARNING] root - Bloco de componentes falhou: cannot unpack non-iterable int object
2026-07-24 10:50:30 [INFO] scanner - ✅ Validações OK [ETH/USDT]: Score=7.8, R:R=2.00
2026-07-24 10:50:30 [INFO] scanner - ⏸️  Throttle ativo [ETH/USDT]:
2026-07-24 10:50:30 [INFO] scanner -    ├─ Último alerta há 990.7 minutos
2026-07-24 10:50:30 [INFO] scanner -    ├─ Tempo mínimo: 1800 minutos
2026-07-24 10:50:30 [INFO] scanner -    └─ Próximo permitido em: 809.3 minutos
2026-07-24 12:20:37 [INFO] scanner - ============================================================
2026-07-24 12:20:37 [INFO] scanner - 🚀 SCANNER INICIADO
2026-07-24 12:20:37 [INFO] scanner - 📅 Data/Hora: 24/07/2026 12:20:37
2026-07-24 12:20:37 [INFO] scanner - 📂 Log: logs/scanner_2026-07-24.log
2026-07-24 12:20:37 [INFO] scanner - ============================================================
2026-07-24 12:20:37 [INFO] scanner - 📝 PAPER MODE ATIVO - Apenas registro e análise
