2026-04-03 03:59:10 [INFO] scanner - ============================================================
2026-04-03 03:59:10 [INFO] scanner - 🚀 SCANNER INICIADO
2026-04-03 03:59:10 [INFO] scanner - 📅 Data/Hora: 03/04/2026 03:59:10
2026-04-03 03:59:10 [INFO] scanner - 📂 Log: logs/scanner_2026-04-03.log
2026-04-03 03:59:10 [INFO] scanner - ============================================================
2026-04-03 03:59:10 [INFO] scanner - 📝 PAPER MODE ATIVO - Apenas registro e análise
2026-04-03 05:02:51 [INFO] scanner - ============================================================
2026-04-03 05:02:51 [INFO] scanner - 🚀 SCANNER INICIADO
2026-04-03 05:02:51 [INFO] scanner - 📅 Data/Hora: 03/04/2026 05:02:51
2026-04-03 05:02:51 [INFO] scanner - 📂 Log: logs/scanner_2026-04-03.log
2026-04-03 05:02:51 [INFO] scanner - ============================================================
2026-04-03 05:02:51 [INFO] scanner - 📝 PAPER MODE ATIVO - Apenas registro e análise
2026-04-03 05:02:55 [WARNING] root - Bloco de componentes falhou: cannot unpack non-iterable int object
2026-04-03 05:02:55 [INFO] scanner - ✅ Validações OK [BTC/USDT]: Score=8.8, R:R=2.08
2026-04-03 05:02:55 [INFO] scanner - ✅ Throttle OK [BTC/USDT]: Pode enviar
2026-04-03 05:02:55 [INFO] scanner - 📝 Sinal no ledger: 20260403_050255_688985 - BTC/USDT
2026-04-03 05:02:55 [INFO] scanner - 📨 Alerta enviado | ID Ledger: 20260403_050255_688985
2026-04-03 05:02:57 [WARNING] root - Bloco de componentes falhou: cannot unpack non-iterable int object
2026-04-03 05:02:57 [INFO] scanner - ✅ Validações OK [ETH/USDT]: Score=8.8, R:R=2.00
2026-04-03 05:02:57 [INFO] scanner - ✅ Throttle OK [ETH/USDT]: Pode enviar
2026-04-03 05:02:58 [INFO] scanner - 📝 Sinal no ledger: 20260403_050258_523528 - ETH/USDT
2026-04-03 05:02:58 [INFO] scanner - 📨 Alerta enviado | ID Ledger: 20260403_050258_523528
