2026-03-02 03:46:11 [INFO] scanner - ============================================================
2026-03-02 03:46:11 [INFO] scanner - 🚀 SCANNER INICIADO
2026-03-02 03:46:11 [INFO] scanner - 📅 Data/Hora: 02/03/2026 03:46:11
2026-03-02 03:46:11 [INFO] scanner - 📂 Log: logs/scanner_2026-03-02.log
2026-03-02 03:46:11 [INFO] scanner - ============================================================
2026-03-02 03:46:11 [INFO] scanner - 📝 PAPER MODE ATIVO - Apenas registro e análise
2026-03-02 03:46:14 [WARNING] root - Bloco de componentes falhou: cannot unpack non-iterable int object
2026-03-02 03:46:14 [INFO] scanner - ✅ Validações OK [BTC/USDT]: Score=7.3, R:R=2.08
2026-03-02 03:46:14 [INFO] scanner - ⏸️  Throttle ativo [BTC/USDT]:
2026-03-02 03:46:14 [INFO] scanner -    ├─ Último alerta há 628.9 minutos
2026-03-02 03:46:14 [INFO] scanner -    ├─ Tempo mínimo: 1800 minutos
2026-03-02 03:46:14 [INFO] scanner -    └─ Próximo permitido em: 1171.1 minutos
2026-03-02 04:43:08 [INFO] scanner - ============================================================
2026-03-02 04:43:08 [INFO] scanner - 🚀 SCANNER INICIADO
2026-03-02 04:43:08 [INFO] scanner - 📅 Data/Hora: 02/03/2026 04:43:08
2026-03-02 04:43:08 [INFO] scanner - 📂 Log: logs/scanner_2026-03-02.log
2026-03-02 04:43:08 [INFO] scanner - ============================================================
2026-03-02 04:43:08 [INFO] scanner - 📝 PAPER MODE ATIVO - Apenas registro e análise
2026-03-02 04:43:11 [WARNING] root - Bloco de componentes falhou: cannot unpack non-iterable int object
2026-03-02 04:43:11 [INFO] scanner - ✅ Validações OK [BTC/USDT]: Score=7.3, R:R=2.08
2026-03-02 04:43:11 [INFO] scanner - ⏸️  Throttle ativo [BTC/USDT]:
2026-03-02 04:43:11 [INFO] scanner -    ├─ Último alerta há 685.9 minutos
2026-03-02 04:43:11 [INFO] scanner -    ├─ Tempo mínimo: 1800 minutos
2026-03-02 04:43:11 [INFO] scanner -    └─ Próximo permitido em: 1114.1 minutos
2026-03-02 05:25:27 [INFO] scanner - ============================================================
2026-03-02 05:25:27 [INFO] scanner - 🚀 SCANNER INICIADO
2026-03-02 05:25:27 [INFO] scanner - 📅 Data/Hora: 02/03/2026 05:25:27
2026-03-02 05:25:27 [INFO] scanner - 📂 Log: logs/scanner_2026-03-02.log
2026-03-02 05:25:27 [INFO] scanner - ============================================================
2026-03-02 05:25:27 [INFO] scanner - 📝 PAPER MODE ATIVO - Apenas registro e análise
2026-03-02 06:05:48 [INFO] scanner - ============================================================
2026-03-02 06:05:48 [INFO] scanner - 🚀 SCANNER INICIADO
2026-03-02 06:05:48 [INFO] scanner - 📅 Data/Hora: 02/03/2026 06:05:48
2026-03-02 06:05:48 [INFO] scanner - 📂 Log: logs/scanner_2026-03-02.log
2026-03-02 06:05:48 [INFO] scanner - ============================================================
2026-03-02 06:05:48 [INFO] scanner - 📝 PAPER MODE ATIVO - Apenas registro e análise
2026-03-02 07:05:16 [INFO] scanner - ============================================================
2026-03-02 07:05:16 [INFO] scanner - 🚀 SCANNER INICIADO
2026-03-02 07:05:16 [INFO] scanner - 📅 Data/Hora: 02/03/2026 07:05:16
2026-03-02 07:05:16 [INFO] scanner - 📂 Log: logs/scanner_2026-03-02.log
2026-03-02 07:05:16 [INFO] scanner - ============================================================
2026-03-02 07:05:16 [INFO] scanner - 📝 PAPER MODE ATIVO - Apenas registro e análise
2026-03-02 08:01:06 [INFO] scanner - ============================================================
2026-03-02 08:01:06 [INFO] scanner - 🚀 SCANNER INICIADO
2026-03-02 08:01:06 [INFO] scanner - 📅 Data/Hora: 02/03/2026 08:01:06
2026-03-02 08:01:06 [INFO] scanner - 📂 Log: logs/scanner_2026-03-02.log
2026-03-02 08:01:06 [INFO] scanner - ============================================================
2026-03-02 08:01:06 [INFO] scanner - 📝 PAPER MODE ATIVO - Apenas registro e análise
2026-03-02 08:44:17 [INFO] scanner - ============================================================
2026-03-02 08:44:17 [INFO] scanner - 🚀 SCANNER INICIADO
2026-03-02 08:44:17 [INFO] scanner - 📅 Data/Hora: 02/03/2026 08:44:17
2026-03-02 08:44:17 [INFO] scanner - 📂 Log: logs/scanner_2026-03-02.log
2026-03-02 08:44:17 [INFO] scanner - ============================================================
2026-03-02 08:44:17 [INFO] scanner - 📝 PAPER MODE ATIVO - Apenas registro e análise
2026-03-02 08:59:48 [INFO] scanner - ============================================================
2026-03-02 08:59:48 [INFO] scanner - 🚀 SCANNER INICIADO
2026-03-02 08:59:48 [INFO] scanner - 📅 Data/Hora: 02/03/2026 08:59:48
2026-03-02 08:59:48 [INFO] scanner - 📂 Log: logs/scanner_2026-03-02.log
2026-03-02 08:59:48 [INFO] scanner - ============================================================
2026-03-02 08:59:48 [INFO] scanner - 📝 PAPER MODE ATIVO - Apenas registro e análise
2026-03-02 10:07:35 [INFO] scanner - ============================================================
2026-03-02 10:07:35 [INFO] scanner - 🚀 SCANNER INICIADO
2026-03-02 10:07:35 [INFO] scanner - 📅 Data/Hora: 02/03/2026 10:07:35
2026-03-02 10:07:35 [INFO] scanner - 📂 Log: logs/scanner_2026-03-02.log
2026-03-02 10:07:35 [INFO] scanner - ============================================================
2026-03-02 10:07:35 [INFO] scanner - 📝 PAPER MODE ATIVO - Apenas registro e análise
2026-03-02 11:07:11 [INFO] scanner - ============================================================
2026-03-02 11:07:11 [INFO] scanner - 🚀 SCANNER INICIADO
2026-03-02 11:07:11 [INFO] scanner - 📅 Data/Hora: 02/03/2026 11:07:11
2026-03-02 11:07:11 [INFO] scanner - 📂 Log: logs/scanner_2026-03-02.log
2026-03-02 11:07:11 [INFO] scanner - ============================================================
2026-03-02 11:07:11 [INFO] scanner - 📝 PAPER MODE ATIVO - Apenas registro e análise
2026-03-02 11:58:10 [INFO] scanner - ============================================================
2026-03-02 11:58:10 [INFO] scanner - 🚀 SCANNER INICIADO
2026-03-02 11:58:10 [INFO] scanner - 📅 Data/Hora: 02/03/2026 11:58:10
2026-03-02 11:58:10 [INFO] scanner - 📂 Log: logs/scanner_2026-03-02.log
2026-03-02 11:58:10 [INFO] scanner - ============================================================
2026-03-02 11:58:10 [INFO] scanner - 📝 PAPER MODE ATIVO - Apenas registro e análise
2026-03-02 11:58:14 [WARNING] root - Bloco de componentes falhou: cannot unpack non-iterable int object
2026-03-02 11:58:14 [INFO] scanner - ✅ Validações OK [BTC/USDT]: Score=7.3, R:R=2.08
2026-03-02 11:58:14 [INFO] scanner - ⏸️  Throttle ativo [BTC/USDT]:
2026-03-02 11:58:14 [INFO] scanner -    ├─ Último alerta há 1120.9 minutos
2026-03-02 11:58:14 [INFO] scanner -    ├─ Tempo mínimo: 1800 minutos
2026-03-02 11:58:14 [INFO] scanner -    └─ Próximo permitido em: 679.1 minutos
2026-03-02 11:58:17 [WARNING] root - Bloco de componentes falhou: cannot unpack non-iterable int object
2026-03-02 11:58:17 [INFO] scanner - ✅ Validações OK [ETH/USDT]: Score=7.3, R:R=2.00
2026-03-02 11:58:17 [INFO] scanner - ⏸️  Throttle ativo [ETH/USDT]:
2026-03-02 11:58:17 [INFO] scanner -    ├─ Último alerta há 1146.1 minutos
2026-03-02 11:58:17 [INFO] scanner -    ├─ Tempo mínimo: 1800 minutos
2026-03-02 11:58:17 [INFO] scanner -    └─ Próximo permitido em: 653.9 minutos
2026-03-02 12:41:40 [INFO] scanner - ============================================================
2026-03-02 12:41:40 [INFO] scanner - 🚀 SCANNER INICIADO
2026-03-02 12:41:40 [INFO] scanner - 📅 Data/Hora: 02/03/2026 12:41:40
2026-03-02 12:41:40 [INFO] scanner - 📂 Log: logs/scanner_2026-03-02.log
2026-03-02 12:41:40 [INFO] scanner - ============================================================
2026-03-02 12:41:40 [INFO] scanner - 📝 PAPER MODE ATIVO - Apenas registro e análise
2026-03-02 12:41:44 [WARNING] root - Bloco de componentes falhou: cannot unpack non-iterable int object
2026-03-02 12:41:44 [INFO] scanner - ✅ Validações OK [BTC/USDT]: Score=9.8, R:R=2.08
2026-03-02 12:41:44 [INFO] scanner - ⏸️  Throttle ativo [BTC/USDT]:
2026-03-02 12:41:44 [INFO] scanner -    ├─ Último alerta há 1164.4 minutos
2026-03-02 12:41:44 [INFO] scanner -    ├─ Tempo mínimo: 1800 minutos
2026-03-02 12:41:44 [INFO] scanner -    └─ Próximo permitido em: 635.6 minutos
2026-03-02 12:41:44 [WARNING] root - Bloco de componentes falhou: cannot unpack non-iterable int object
2026-03-02 12:41:44 [INFO] scanner - ✅ Validações OK [BTC/USDT]: Score=7.8, R:R=2.08
2026-03-02 12:41:44 [INFO] scanner - ⏸️  Throttle ativo [BTC/USDT]:
2026-03-02 12:41:44 [INFO] scanner -    ├─ Último alerta há 1164.4 minutos
2026-03-02 12:41:44 [INFO] scanner -    ├─ Tempo mínimo: 1800 minutos
2026-03-02 12:41:44 [INFO] scanner -    └─ Próximo permitido em: 635.6 minutos
2026-03-02 12:41:45 [WARNING] root - Bloco de componentes falhou: cannot unpack non-iterable int object
2026-03-02 12:41:45 [INFO] scanner - ✅ Validações OK [BTC/USDT]: Score=7.8, R:R=2.08
2026-03-02 12:41:45 [INFO] scanner - ⏸️  Throttle ativo [BTC/USDT]:
2026-03-02 12:41:45 [INFO] scanner -    ├─ Último alerta há 1164.5 minutos
2026-03-02 12:41:45 [INFO] scanner -    ├─ Tempo mínimo: 1800 minutos
2026-03-02 12:41:45 [INFO] scanner -    └─ Próximo permitido em: 635.5 minutos
2026-03-02 12:41:45 [WARNING] root - Bloco de componentes falhou: cannot unpack non-iterable int object
2026-03-02 12:41:45 [INFO] scanner - ✅ Validações OK [BTC/USDT]: Score=7.8, R:R=2.08
2026-03-02 12:41:45 [INFO] scanner - ⏸️  Throttle ativo [BTC/USDT]:
2026-03-02 12:41:45 [INFO] scanner -    ├─ Último alerta há 1164.5 minutos
2026-03-02 12:41:45 [INFO] scanner -    ├─ Tempo mínimo: 1800 minutos
2026-03-02 12:41:45 [INFO] scanner -    └─ Próximo permitido em: 635.5 minutos
2026-03-02 12:41:47 [WARNING] root - Bloco de componentes falhou: cannot unpack non-iterable int object
2026-03-02 12:41:47 [INFO] scanner - ✅ Validações OK [ETH/USDT]: Score=7.8, R:R=2.00
2026-03-02 12:41:47 [INFO] scanner - ⏸️  Throttle ativo [ETH/USDT]:
2026-03-02 12:41:47 [INFO] scanner -    ├─ Último alerta há 1189.6 minutos
2026-03-02 12:41:47 [INFO] scanner -    ├─ Tempo mínimo: 1800 minutos
2026-03-02 12:41:47 [INFO] scanner -    └─ Próximo permitido em: 610.4 minutos
2026-03-02 12:41:47 [WARNING] root - Bloco de componentes falhou: cannot unpack non-iterable int object
2026-03-02 12:41:47 [INFO] scanner - ✅ Validações OK [ETH/USDT]: Score=7.8, R:R=2.00
2026-03-02 12:41:47 [INFO] scanner - ⏸️  Throttle ativo [ETH/USDT]:
2026-03-02 12:41:47 [INFO] scanner -    ├─ Último alerta há 1189.6 minutos
2026-03-02 12:41:47 [INFO] scanner -    ├─ Tempo mínimo: 1800 minutos
2026-03-02 12:41:47 [INFO] scanner -    └─ Próximo permitido em: 610.4 minutos
2026-03-02 12:41:47 [WARNING] root - Bloco de componentes falhou: cannot unpack non-iterable int object
2026-03-02 12:41:47 [INFO] scanner - ✅ Validações OK [ETH/USDT]: Score=7.8, R:R=2.00
2026-03-02 12:41:47 [INFO] scanner - ⏸️  Throttle ativo [ETH/USDT]:
2026-03-02 12:41:47 [INFO] scanner -    ├─ Último alerta há 1189.6 minutos
2026-03-02 12:41:47 [INFO] scanner -    ├─ Tempo mínimo: 1800 minutos
2026-03-02 12:41:47 [INFO] scanner -    └─ Próximo permitido em: 610.4 minutos
