2026-02-02 03:53:51 [INFO] scanner - ============================================================
2026-02-02 03:53:51 [INFO] scanner - 🚀 SCANNER INICIADO
2026-02-02 03:53:51 [INFO] scanner - 📅 Data/Hora: 02/02/2026 03:53:51
2026-02-02 03:53:51 [INFO] scanner - 📂 Log: logs/scanner_2026-02-02.log
2026-02-02 03:53:51 [INFO] scanner - ============================================================
2026-02-02 03:53:51 [INFO] scanner - 📝 PAPER MODE ATIVO - Apenas registro e análise
2026-02-02 03:53:54 [WARNING] root - Bloco de componentes falhou: cannot unpack non-iterable int object
2026-02-02 03:53:54 [INFO] scanner - ✅ Validações OK [BTC/USDT]: Score=7.3, R:R=2.08
2026-02-02 03:53:54 [INFO] scanner - ⏸️  Throttle ativo [BTC/USDT]:
2026-02-02 03:53:54 [INFO] scanner -    ├─ Último alerta há 986.6 minutos
2026-02-02 03:53:54 [INFO] scanner -    ├─ Tempo mínimo: 1800 minutos
2026-02-02 03:53:54 [INFO] scanner -    └─ Próximo permitido em: 813.4 minutos
2026-02-02 03:53:54 [WARNING] root - Bloco de componentes falhou: cannot unpack non-iterable int object
2026-02-02 03:53:54 [INFO] scanner - ✅ Validações OK [BTC/USDT]: Score=7.3, R:R=2.08
2026-02-02 03:53:54 [INFO] scanner - ⏸️  Throttle ativo [BTC/USDT]:
2026-02-02 03:53:54 [INFO] scanner -    ├─ Último alerta há 986.6 minutos
2026-02-02 03:53:54 [INFO] scanner -    ├─ Tempo mínimo: 1800 minutos
2026-02-02 03:53:54 [INFO] scanner -    └─ Próximo permitido em: 813.4 minutos
2026-02-02 03:53:56 [WARNING] root - Bloco de componentes falhou: cannot unpack non-iterable int object
2026-02-02 03:53:56 [INFO] scanner - ✅ Validações OK [ETH/USDT]: Score=7.3, R:R=2.00
2026-02-02 03:53:56 [INFO] scanner - ⏸️  Throttle ativo [ETH/USDT]:
2026-02-02 03:53:56 [INFO] scanner -    ├─ Último alerta há 1454.0 minutos
2026-02-02 03:53:56 [INFO] scanner -    ├─ Tempo mínimo: 1800 minutos
2026-02-02 03:53:56 [INFO] scanner -    └─ Próximo permitido em: 346.0 minutos
2026-02-02 04:44:07 [INFO] scanner - ============================================================
2026-02-02 04:44:07 [INFO] scanner - 🚀 SCANNER INICIADO
2026-02-02 04:44:07 [INFO] scanner - 📅 Data/Hora: 02/02/2026 04:44:07
2026-02-02 04:44:07 [INFO] scanner - 📂 Log: logs/scanner_2026-02-02.log
2026-02-02 04:44:07 [INFO] scanner - ============================================================
2026-02-02 04:44:07 [INFO] scanner - 📝 PAPER MODE ATIVO - Apenas registro e análise
2026-02-02 04:44:10 [WARNING] root - Bloco de componentes falhou: cannot unpack non-iterable int object
2026-02-02 04:44:10 [INFO] scanner - ✅ Validações OK [BTC/USDT]: Score=7.3, R:R=2.08
2026-02-02 04:44:10 [INFO] scanner - ⏸️  Throttle ativo [BTC/USDT]:
2026-02-02 04:44:10 [INFO] scanner -    ├─ Último alerta há 1036.9 minutos
2026-02-02 04:44:10 [INFO] scanner -    ├─ Tempo mínimo: 1800 minutos
2026-02-02 04:44:10 [INFO] scanner -    └─ Próximo permitido em: 763.1 minutos
2026-02-02 04:44:13 [WARNING] root - Bloco de componentes falhou: cannot unpack non-iterable int object
2026-02-02 04:44:13 [INFO] scanner - ✅ Validações OK [ETH/USDT]: Score=7.3, R:R=2.00
2026-02-02 04:44:13 [INFO] scanner - ⏸️  Throttle ativo [ETH/USDT]:
2026-02-02 04:44:13 [INFO] scanner -    ├─ Último alerta há 1504.2 minutos
2026-02-02 04:44:13 [INFO] scanner -    ├─ Tempo mínimo: 1800 minutos
2026-02-02 04:44:13 [INFO] scanner -    └─ Próximo permitido em: 295.8 minutos
