2026-01-28 03:25:44 [INFO] scanner - ============================================================
2026-01-28 03:25:44 [INFO] scanner - 🚀 SCANNER INICIADO
2026-01-28 03:25:44 [INFO] scanner - 📅 Data/Hora: 28/01/2026 03:25:44
2026-01-28 03:25:44 [INFO] scanner - 📂 Log: logs/scanner_2026-01-28.log
2026-01-28 03:25:44 [INFO] scanner - ============================================================
2026-01-28 03:25:44 [INFO] scanner - 📝 PAPER MODE ATIVO - Apenas registro e análise
2026-01-28 03:25:47 [WARNING] root - Bloco de componentes falhou: cannot unpack non-iterable int object
2026-01-28 03:25:47 [INFO] scanner - ✅ Validações OK [BTC/USDT]: Score=7.3, R:R=2.08
2026-01-28 03:25:47 [INFO] scanner - ⏸️  Throttle ativo [BTC/USDT]:
2026-01-28 03:25:47 [INFO] scanner -    ├─ Último alerta há 1441.7 minutos
2026-01-28 03:25:47 [INFO] scanner -    ├─ Tempo mínimo: 1800 minutos
2026-01-28 03:25:47 [INFO] scanner -    └─ Próximo permitido em: 358.3 minutos
2026-01-28 03:25:49 [WARNING] root - Bloco de componentes falhou: cannot unpack non-iterable int object
2026-01-28 03:25:49 [INFO] scanner - ✅ Validações OK [ETH/USDT]: Score=7.3, R:R=2.00
2026-01-28 03:25:49 [INFO] scanner - ✅ Throttle OK [ETH/USDT]: Pode enviar
2026-01-28 03:25:50 [INFO] scanner - 📝 Sinal no ledger: 20260128_032550_349945 - ETH/USDT
2026-01-28 03:25:50 [INFO] scanner - 📨 Alerta enviado | ID Ledger: 20260128_032550_349945
2026-01-28 03:58:51 [INFO] scanner - ============================================================
2026-01-28 03:58:51 [INFO] scanner - 🚀 SCANNER INICIADO
2026-01-28 03:58:51 [INFO] scanner - 📅 Data/Hora: 28/01/2026 03:58:51
2026-01-28 03:58:51 [INFO] scanner - 📂 Log: logs/scanner_2026-01-28.log
2026-01-28 03:58:51 [INFO] scanner - ============================================================
2026-01-28 03:58:51 [INFO] scanner - 📝 PAPER MODE ATIVO - Apenas registro e análise
2026-01-28 03:58:56 [WARNING] root - Bloco de componentes falhou: cannot unpack non-iterable int object
2026-01-28 03:58:56 [INFO] scanner - ✅ Validações OK [BTC/USDT]: Score=7.3, R:R=2.08
2026-01-28 03:58:56 [INFO] scanner - ⏸️  Throttle ativo [BTC/USDT]:
2026-01-28 03:58:56 [INFO] scanner -    ├─ Último alerta há 1474.8 minutos
2026-01-28 03:58:56 [INFO] scanner -    ├─ Tempo mínimo: 1800 minutos
2026-01-28 03:58:56 [INFO] scanner -    └─ Próximo permitido em: 325.2 minutos
2026-01-28 03:58:59 [WARNING] root - Bloco de componentes falhou: cannot unpack non-iterable int object
2026-01-28 03:58:59 [INFO] scanner - ✅ Validações OK [ETH/USDT]: Score=7.3, R:R=2.00
2026-01-28 03:58:59 [INFO] scanner - ⏸️  Throttle ativo [ETH/USDT]:
2026-01-28 03:58:59 [INFO] scanner -    ├─ Último alerta há 33.2 minutos
2026-01-28 03:58:59 [INFO] scanner -    ├─ Tempo mínimo: 1800 minutos
2026-01-28 03:58:59 [INFO] scanner -    └─ Próximo permitido em: 1766.8 minutos
2026-01-28 04:27:46 [INFO] scanner - ============================================================
2026-01-28 04:27:46 [INFO] scanner - 🚀 SCANNER INICIADO
2026-01-28 04:27:46 [INFO] scanner - 📅 Data/Hora: 28/01/2026 04:27:46
2026-01-28 04:27:46 [INFO] scanner - 📂 Log: logs/scanner_2026-01-28.log
2026-01-28 04:27:46 [INFO] scanner - ============================================================
2026-01-28 04:27:46 [INFO] scanner - 📝 PAPER MODE ATIVO - Apenas registro e análise
2026-01-28 04:27:49 [WARNING] root - Bloco de componentes falhou: cannot unpack non-iterable int object
2026-01-28 04:27:49 [INFO] scanner - ✅ Validações OK [BTC/USDT]: Score=7.3, R:R=2.08
2026-01-28 04:27:49 [INFO] scanner - ⏸️  Throttle ativo [BTC/USDT]:
2026-01-28 04:27:49 [INFO] scanner -    ├─ Último alerta há 1503.7 minutos
2026-01-28 04:27:49 [INFO] scanner -    ├─ Tempo mínimo: 1800 minutos
2026-01-28 04:27:49 [INFO] scanner -    └─ Próximo permitido em: 296.3 minutos
2026-01-28 04:27:51 [WARNING] root - Bloco de componentes falhou: cannot unpack non-iterable int object
2026-01-28 04:27:51 [INFO] scanner - ✅ Validações OK [ETH/USDT]: Score=7.3, R:R=2.00
2026-01-28 04:27:51 [INFO] scanner - ⏸️  Throttle ativo [ETH/USDT]:
2026-01-28 04:27:51 [INFO] scanner -    ├─ Último alerta há 62.0 minutos
2026-01-28 04:27:51 [INFO] scanner -    ├─ Tempo mínimo: 1800 minutos
2026-01-28 04:27:51 [INFO] scanner -    └─ Próximo permitido em: 1738.0 minutos
2026-01-28 04:47:21 [INFO] scanner - ============================================================
2026-01-28 04:47:21 [INFO] scanner - 🚀 SCANNER INICIADO
2026-01-28 04:47:21 [INFO] scanner - 📅 Data/Hora: 28/01/2026 04:47:21
2026-01-28 04:47:21 [INFO] scanner - 📂 Log: logs/scanner_2026-01-28.log
2026-01-28 04:47:21 [INFO] scanner - ============================================================
2026-01-28 04:47:21 [INFO] scanner - 📝 PAPER MODE ATIVO - Apenas registro e análise
2026-01-28 04:47:24 [WARNING] root - Bloco de componentes falhou: cannot unpack non-iterable int object
2026-01-28 04:47:24 [INFO] scanner - ✅ Validações OK [BTC/USDT]: Score=7.3, R:R=2.08
2026-01-28 04:47:24 [INFO] scanner - ⏸️  Throttle ativo [BTC/USDT]:
2026-01-28 04:47:24 [INFO] scanner -    ├─ Último alerta há 1523.3 minutos
2026-01-28 04:47:24 [INFO] scanner -    ├─ Tempo mínimo: 1800 minutos
2026-01-28 04:47:24 [INFO] scanner -    └─ Próximo permitido em: 276.7 minutos
2026-01-28 04:47:26 [WARNING] root - Bloco de componentes falhou: cannot unpack non-iterable int object
2026-01-28 04:47:26 [INFO] scanner - ✅ Validações OK [ETH/USDT]: Score=7.3, R:R=2.00
2026-01-28 04:47:26 [INFO] scanner - ⏸️  Throttle ativo [ETH/USDT]:
2026-01-28 04:47:26 [INFO] scanner -    ├─ Último alerta há 81.6 minutos
2026-01-28 04:47:26 [INFO] scanner -    ├─ Tempo mínimo: 1800 minutos
2026-01-28 04:47:26 [INFO] scanner -    └─ Próximo permitido em: 1718.4 minutos
2026-01-28 05:21:23 [INFO] scanner - ============================================================
2026-01-28 05:21:23 [INFO] scanner - 🚀 SCANNER INICIADO
2026-01-28 05:21:23 [INFO] scanner - 📅 Data/Hora: 28/01/2026 05:21:23
2026-01-28 05:21:23 [INFO] scanner - 📂 Log: logs/scanner_2026-01-28.log
2026-01-28 05:21:23 [INFO] scanner - ============================================================
2026-01-28 05:21:23 [INFO] scanner - 📝 PAPER MODE ATIVO - Apenas registro e análise
2026-01-28 05:21:26 [WARNING] root - Bloco de componentes falhou: cannot unpack non-iterable int object
2026-01-28 05:21:26 [INFO] scanner - ✅ Validações OK [BTC/USDT]: Score=7.3, R:R=2.08
2026-01-28 05:21:26 [INFO] scanner - ⏸️  Throttle ativo [BTC/USDT]:
2026-01-28 05:21:26 [INFO] scanner -    ├─ Último alerta há 1557.3 minutos
2026-01-28 05:21:26 [INFO] scanner -    ├─ Tempo mínimo: 1800 minutos
2026-01-28 05:21:26 [INFO] scanner -    └─ Próximo permitido em: 242.7 minutos
2026-01-28 05:21:28 [WARNING] root - Bloco de componentes falhou: cannot unpack non-iterable int object
2026-01-28 05:21:28 [INFO] scanner - ✅ Validações OK [ETH/USDT]: Score=7.3, R:R=2.00
2026-01-28 05:21:28 [INFO] scanner - ⏸️  Throttle ativo [ETH/USDT]:
2026-01-28 05:21:28 [INFO] scanner -    ├─ Último alerta há 115.6 minutos
2026-01-28 05:21:28 [INFO] scanner -    ├─ Tempo mínimo: 1800 minutos
2026-01-28 05:21:28 [INFO] scanner -    └─ Próximo permitido em: 1684.4 minutos
2026-01-28 05:55:44 [INFO] scanner - ============================================================
2026-01-28 05:55:44 [INFO] scanner - 🚀 SCANNER INICIADO
2026-01-28 05:55:44 [INFO] scanner - 📅 Data/Hora: 28/01/2026 05:55:44
2026-01-28 05:55:44 [INFO] scanner - 📂 Log: logs/scanner_2026-01-28.log
2026-01-28 05:55:44 [INFO] scanner - ============================================================
2026-01-28 05:55:44 [INFO] scanner - 📝 PAPER MODE ATIVO - Apenas registro e análise
2026-01-28 05:55:47 [WARNING] root - Bloco de componentes falhou: cannot unpack non-iterable int object
2026-01-28 05:55:47 [INFO] scanner - ✅ Validações OK [BTC/USDT]: Score=7.3, R:R=2.08
2026-01-28 05:55:47 [INFO] scanner - ⏸️  Throttle ativo [BTC/USDT]:
2026-01-28 05:55:47 [INFO] scanner -    ├─ Último alerta há 1591.7 minutos
2026-01-28 05:55:47 [INFO] scanner -    ├─ Tempo mínimo: 1800 minutos
2026-01-28 05:55:47 [INFO] scanner -    └─ Próximo permitido em: 208.3 minutos
2026-01-28 05:55:50 [WARNING] root - Bloco de componentes falhou: cannot unpack non-iterable int object
2026-01-28 05:55:50 [INFO] scanner - ✅ Validações OK [ETH/USDT]: Score=7.3, R:R=2.00
2026-01-28 05:55:50 [INFO] scanner - ⏸️  Throttle ativo [ETH/USDT]:
2026-01-28 05:55:50 [INFO] scanner -    ├─ Último alerta há 150.0 minutos
2026-01-28 05:55:50 [INFO] scanner -    ├─ Tempo mínimo: 1800 minutos
2026-01-28 05:55:50 [INFO] scanner -    └─ Próximo permitido em: 1650.0 minutos
2026-01-28 06:28:08 [INFO] scanner - ============================================================
2026-01-28 06:28:08 [INFO] scanner - 🚀 SCANNER INICIADO
2026-01-28 06:28:08 [INFO] scanner - 📅 Data/Hora: 28/01/2026 06:28:08
2026-01-28 06:28:08 [INFO] scanner - 📂 Log: logs/scanner_2026-01-28.log
2026-01-28 06:28:08 [INFO] scanner - ============================================================
2026-01-28 06:28:08 [INFO] scanner - 📝 PAPER MODE ATIVO - Apenas registro e análise
2026-01-28 06:28:11 [WARNING] root - Bloco de componentes falhou: cannot unpack non-iterable int object
2026-01-28 06:28:11 [INFO] scanner - ✅ Validações OK [BTC/USDT]: Score=7.3, R:R=2.08
2026-01-28 06:28:11 [INFO] scanner - ⏸️  Throttle ativo [BTC/USDT]:
2026-01-28 06:28:11 [INFO] scanner -    ├─ Último alerta há 1624.1 minutos
2026-01-28 06:28:11 [INFO] scanner -    ├─ Tempo mínimo: 1800 minutos
2026-01-28 06:28:11 [INFO] scanner -    └─ Próximo permitido em: 175.9 minutos
2026-01-28 06:28:14 [WARNING] root - Bloco de componentes falhou: cannot unpack non-iterable int object
2026-01-28 06:28:14 [INFO] scanner - ✅ Validações OK [ETH/USDT]: Score=7.3, R:R=2.00
2026-01-28 06:28:14 [INFO] scanner - ⏸️  Throttle ativo [ETH/USDT]:
2026-01-28 06:28:14 [INFO] scanner -    ├─ Último alerta há 182.4 minutos
2026-01-28 06:28:14 [INFO] scanner -    ├─ Tempo mínimo: 1800 minutos
2026-01-28 06:28:14 [INFO] scanner -    └─ Próximo permitido em: 1617.6 minutos
2026-01-28 06:55:34 [INFO] scanner - ============================================================
2026-01-28 06:55:34 [INFO] scanner - 🚀 SCANNER INICIADO
2026-01-28 06:55:34 [INFO] scanner - 📅 Data/Hora: 28/01/2026 06:55:34
2026-01-28 06:55:34 [INFO] scanner - 📂 Log: logs/scanner_2026-01-28.log
2026-01-28 06:55:34 [INFO] scanner - ============================================================
2026-01-28 06:55:34 [INFO] scanner - 📝 PAPER MODE ATIVO - Apenas registro e análise
2026-01-28 06:55:38 [WARNING] root - Bloco de componentes falhou: cannot unpack non-iterable int object
2026-01-28 06:55:38 [INFO] scanner - ✅ Validações OK [BTC/USDT]: Score=7.3, R:R=2.08
2026-01-28 06:55:38 [INFO] scanner - ⏸️  Throttle ativo [BTC/USDT]:
2026-01-28 06:55:38 [INFO] scanner -    ├─ Último alerta há 1651.5 minutos
2026-01-28 06:55:38 [INFO] scanner -    ├─ Tempo mínimo: 1800 minutos
2026-01-28 06:55:38 [INFO] scanner -    └─ Próximo permitido em: 148.5 minutos
2026-01-28 06:55:40 [WARNING] root - Bloco de componentes falhou: cannot unpack non-iterable int object
2026-01-28 06:55:40 [INFO] scanner - ✅ Validações OK [ETH/USDT]: Score=7.3, R:R=2.00
2026-01-28 06:55:40 [INFO] scanner - ⏸️  Throttle ativo [ETH/USDT]:
2026-01-28 06:55:40 [INFO] scanner -    ├─ Último alerta há 209.8 minutos
2026-01-28 06:55:40 [INFO] scanner -    ├─ Tempo mínimo: 1800 minutos
2026-01-28 06:55:40 [INFO] scanner -    └─ Próximo permitido em: 1590.2 minutos
2026-01-28 07:20:54 [INFO] scanner - ============================================================
2026-01-28 07:20:54 [INFO] scanner - 🚀 SCANNER INICIADO
2026-01-28 07:20:54 [INFO] scanner - 📅 Data/Hora: 28/01/2026 07:20:54
2026-01-28 07:20:54 [INFO] scanner - 📂 Log: logs/scanner_2026-01-28.log
2026-01-28 07:20:54 [INFO] scanner - ============================================================
2026-01-28 07:20:54 [INFO] scanner - 📝 PAPER MODE ATIVO - Apenas registro e análise
2026-01-28 07:20:57 [WARNING] root - Bloco de componentes falhou: cannot unpack non-iterable int object
2026-01-28 07:20:57 [INFO] scanner - ✅ Validações OK [BTC/USDT]: Score=7.3, R:R=2.08
2026-01-28 07:20:57 [INFO] scanner - ⏸️  Throttle ativo [BTC/USDT]:
2026-01-28 07:20:57 [INFO] scanner -    ├─ Último alerta há 1676.8 minutos
2026-01-28 07:20:57 [INFO] scanner -    ├─ Tempo mínimo: 1800 minutos
2026-01-28 07:20:57 [INFO] scanner -    └─ Próximo permitido em: 123.2 minutos
2026-01-28 07:20:59 [WARNING] root - Bloco de componentes falhou: cannot unpack non-iterable int object
2026-01-28 07:20:59 [INFO] scanner - ✅ Validações OK [ETH/USDT]: Score=7.3, R:R=2.00
2026-01-28 07:20:59 [INFO] scanner - ⏸️  Throttle ativo [ETH/USDT]:
2026-01-28 07:20:59 [INFO] scanner -    ├─ Último alerta há 235.2 minutos
2026-01-28 07:20:59 [INFO] scanner -    ├─ Tempo mínimo: 1800 minutos
2026-01-28 07:20:59 [INFO] scanner -    └─ Próximo permitido em: 1564.8 minutos
2026-01-28 07:53:04 [INFO] scanner - ============================================================
2026-01-28 07:53:04 [INFO] scanner - 🚀 SCANNER INICIADO
2026-01-28 07:53:04 [INFO] scanner - 📅 Data/Hora: 28/01/2026 07:53:04
2026-01-28 07:53:04 [INFO] scanner - 📂 Log: logs/scanner_2026-01-28.log
2026-01-28 07:53:04 [INFO] scanner - ============================================================
2026-01-28 07:53:04 [INFO] scanner - 📝 PAPER MODE ATIVO - Apenas registro e análise
2026-01-28 07:53:08 [WARNING] root - Bloco de componentes falhou: cannot unpack non-iterable int object
2026-01-28 07:53:08 [INFO] scanner - ✅ Validações OK [BTC/USDT]: Score=7.3, R:R=2.08
2026-01-28 07:53:08 [INFO] scanner - ⏸️  Throttle ativo [BTC/USDT]:
2026-01-28 07:53:08 [INFO] scanner -    ├─ Último alerta há 1709.0 minutos
2026-01-28 07:53:08 [INFO] scanner -    ├─ Tempo mínimo: 1800 minutos
2026-01-28 07:53:08 [INFO] scanner -    └─ Próximo permitido em: 91.0 minutos
2026-01-28 07:53:10 [WARNING] root - Bloco de componentes falhou: cannot unpack non-iterable int object
2026-01-28 07:53:10 [INFO] scanner - ✅ Validações OK [ETH/USDT]: Score=7.3, R:R=2.00
2026-01-28 07:53:10 [INFO] scanner - ⏸️  Throttle ativo [ETH/USDT]:
2026-01-28 07:53:10 [INFO] scanner -    ├─ Último alerta há 267.3 minutos
2026-01-28 07:53:10 [INFO] scanner -    ├─ Tempo mínimo: 1800 minutos
2026-01-28 07:53:10 [INFO] scanner -    └─ Próximo permitido em: 1532.7 minutos
2026-01-28 07:53:10 [WARNING] root - Bloco de componentes falhou: cannot unpack non-iterable int object
2026-01-28 07:53:10 [INFO] scanner - ✅ Validações OK [ETH/USDT]: Score=7.3, R:R=2.00
2026-01-28 07:53:10 [INFO] scanner - ⏸️  Throttle ativo [ETH/USDT]:
2026-01-28 07:53:10 [INFO] scanner -    ├─ Último alerta há 267.3 minutos
2026-01-28 07:53:10 [INFO] scanner -    ├─ Tempo mínimo: 1800 minutos
2026-01-28 07:53:10 [INFO] scanner -    └─ Próximo permitido em: 1532.7 minutos
2026-01-28 08:17:14 [INFO] scanner - ============================================================
2026-01-28 08:17:14 [INFO] scanner - 🚀 SCANNER INICIADO
2026-01-28 08:17:14 [INFO] scanner - 📅 Data/Hora: 28/01/2026 08:17:14
2026-01-28 08:17:14 [INFO] scanner - 📂 Log: logs/scanner_2026-01-28.log
2026-01-28 08:17:14 [INFO] scanner - ============================================================
2026-01-28 08:17:14 [INFO] scanner - 📝 PAPER MODE ATIVO - Apenas registro e análise
2026-01-28 08:17:17 [WARNING] root - Bloco de componentes falhou: cannot unpack non-iterable int object
2026-01-28 08:17:17 [INFO] scanner - ✅ Validações OK [BTC/USDT]: Score=7.3, R:R=2.08
2026-01-28 08:17:17 [INFO] scanner - ⏸️  Throttle ativo [BTC/USDT]:
2026-01-28 08:17:17 [INFO] scanner -    ├─ Último alerta há 1733.1 minutos
2026-01-28 08:17:17 [INFO] scanner -    ├─ Tempo mínimo: 1800 minutos
2026-01-28 08:17:17 [INFO] scanner -    └─ Próximo permitido em: 66.9 minutos
2026-01-28 08:17:19 [WARNING] root - Bloco de componentes falhou: cannot unpack non-iterable int object
2026-01-28 08:17:19 [INFO] scanner - ✅ Validações OK [ETH/USDT]: Score=7.3, R:R=2.00
2026-01-28 08:17:19 [INFO] scanner - ⏸️  Throttle ativo [ETH/USDT]:
2026-01-28 08:17:19 [INFO] scanner -    ├─ Último alerta há 291.5 minutos
2026-01-28 08:17:19 [INFO] scanner -    ├─ Tempo mínimo: 1800 minutos
2026-01-28 08:17:19 [INFO] scanner -    └─ Próximo permitido em: 1508.5 minutos
2026-01-28 08:42:35 [INFO] scanner - ============================================================
2026-01-28 08:42:35 [INFO] scanner - 🚀 SCANNER INICIADO
2026-01-28 08:42:35 [INFO] scanner - 📅 Data/Hora: 28/01/2026 08:42:35
2026-01-28 08:42:35 [INFO] scanner - 📂 Log: logs/scanner_2026-01-28.log
2026-01-28 08:42:35 [INFO] scanner - ============================================================
2026-01-28 08:42:35 [INFO] scanner - 📝 PAPER MODE ATIVO - Apenas registro e análise
2026-01-28 08:42:38 [WARNING] root - Bloco de componentes falhou: cannot unpack non-iterable int object
2026-01-28 08:42:38 [INFO] scanner - ✅ Validações OK [BTC/USDT]: Score=7.3, R:R=2.08
2026-01-28 08:42:38 [INFO] scanner - ⏸️  Throttle ativo [BTC/USDT]:
2026-01-28 08:42:38 [INFO] scanner -    ├─ Último alerta há 1758.5 minutos
2026-01-28 08:42:38 [INFO] scanner -    ├─ Tempo mínimo: 1800 minutos
2026-01-28 08:42:38 [INFO] scanner -    └─ Próximo permitido em: 41.5 minutos
2026-01-28 08:42:40 [WARNING] root - Bloco de componentes falhou: cannot unpack non-iterable int object
2026-01-28 08:42:40 [INFO] scanner - ✅ Validações OK [ETH/USDT]: Score=7.3, R:R=2.00
2026-01-28 08:42:40 [INFO] scanner - ⏸️  Throttle ativo [ETH/USDT]:
2026-01-28 08:42:40 [INFO] scanner -    ├─ Último alerta há 316.8 minutos
2026-01-28 08:42:40 [INFO] scanner -    ├─ Tempo mínimo: 1800 minutos
2026-01-28 08:42:40 [INFO] scanner -    └─ Próximo permitido em: 1483.2 minutos
2026-01-28 08:53:59 [INFO] scanner - ============================================================
2026-01-28 08:53:59 [INFO] scanner - 🚀 SCANNER INICIADO
2026-01-28 08:53:59 [INFO] scanner - 📅 Data/Hora: 28/01/2026 08:53:59
2026-01-28 08:53:59 [INFO] scanner - 📂 Log: logs/scanner_2026-01-28.log
2026-01-28 08:53:59 [INFO] scanner - ============================================================
2026-01-28 08:53:59 [INFO] scanner - 📝 PAPER MODE ATIVO - Apenas registro e análise
2026-01-28 08:54:02 [WARNING] root - Bloco de componentes falhou: cannot unpack non-iterable int object
2026-01-28 08:54:02 [INFO] scanner - ✅ Validações OK [BTC/USDT]: Score=7.3, R:R=2.08
2026-01-28 08:54:02 [INFO] scanner - ⏸️  Throttle ativo [BTC/USDT]:
2026-01-28 08:54:02 [INFO] scanner -    ├─ Último alerta há 1769.9 minutos
2026-01-28 08:54:02 [INFO] scanner -    ├─ Tempo mínimo: 1800 minutos
2026-01-28 08:54:02 [INFO] scanner -    └─ Próximo permitido em: 30.1 minutos
2026-01-28 08:54:02 [WARNING] root - Bloco de componentes falhou: cannot unpack non-iterable int object
2026-01-28 08:54:02 [INFO] scanner - ✅ Validações OK [BTC/USDT]: Score=7.3, R:R=2.08
2026-01-28 08:54:02 [INFO] scanner - ⏸️  Throttle ativo [BTC/USDT]:
2026-01-28 08:54:02 [INFO] scanner -    ├─ Último alerta há 1769.9 minutos
2026-01-28 08:54:02 [INFO] scanner -    ├─ Tempo mínimo: 1800 minutos
2026-01-28 08:54:02 [INFO] scanner -    └─ Próximo permitido em: 30.1 minutos
2026-01-28 08:54:05 [WARNING] root - Bloco de componentes falhou: cannot unpack non-iterable int object
2026-01-28 08:54:05 [INFO] scanner - ✅ Validações OK [ETH/USDT]: Score=7.3, R:R=2.00
2026-01-28 08:54:05 [INFO] scanner - ⏸️  Throttle ativo [ETH/USDT]:
2026-01-28 08:54:05 [INFO] scanner -    ├─ Último alerta há 328.3 minutos
2026-01-28 08:54:05 [INFO] scanner -    ├─ Tempo mínimo: 1800 minutos
2026-01-28 08:54:05 [INFO] scanner -    └─ Próximo permitido em: 1471.7 minutos
2026-01-28 09:31:59 [INFO] scanner - ============================================================
2026-01-28 09:31:59 [INFO] scanner - 🚀 SCANNER INICIADO
2026-01-28 09:31:59 [INFO] scanner - 📅 Data/Hora: 28/01/2026 09:31:59
2026-01-28 09:31:59 [INFO] scanner - 📂 Log: logs/scanner_2026-01-28.log
2026-01-28 09:31:59 [INFO] scanner - ============================================================
2026-01-28 09:31:59 [INFO] scanner - 📝 PAPER MODE ATIVO - Apenas registro e análise
2026-01-28 09:32:03 [WARNING] root - Bloco de componentes falhou: cannot unpack non-iterable int object
2026-01-28 09:32:03 [INFO] scanner - ✅ Validações OK [BTC/USDT]: Score=7.3, R:R=2.08
2026-01-28 09:32:03 [INFO] scanner - ✅ Throttle OK [BTC/USDT]: Pode enviar
2026-01-28 09:32:04 [INFO] scanner - 📝 Sinal no ledger: 20260128_093204_538740 - BTC/USDT
2026-01-28 09:32:04 [INFO] scanner - 📨 Alerta enviado | ID Ledger: 20260128_093204_538740
2026-01-28 09:32:06 [WARNING] root - Bloco de componentes falhou: cannot unpack non-iterable int object
2026-01-28 09:32:06 [INFO] scanner - ✅ Validações OK [ETH/USDT]: Score=7.3, R:R=2.00
2026-01-28 09:32:06 [INFO] scanner - ⏸️  Throttle ativo [ETH/USDT]:
2026-01-28 09:32:06 [INFO] scanner -    ├─ Último alerta há 366.3 minutos
2026-01-28 09:32:06 [INFO] scanner -    ├─ Tempo mínimo: 1800 minutos
2026-01-28 09:32:06 [INFO] scanner -    └─ Próximo permitido em: 1433.7 minutos
2026-01-28 10:34:27 [INFO] scanner - ============================================================
2026-01-28 10:34:27 [INFO] scanner - 🚀 SCANNER INICIADO
2026-01-28 10:34:27 [INFO] scanner - 📅 Data/Hora: 28/01/2026 10:34:27
2026-01-28 10:34:27 [INFO] scanner - 📂 Log: logs/scanner_2026-01-28.log
2026-01-28 10:34:27 [INFO] scanner - ============================================================
2026-01-28 10:34:27 [INFO] scanner - 📝 PAPER MODE ATIVO - Apenas registro e análise
2026-01-28 10:34:30 [WARNING] root - Bloco de componentes falhou: cannot unpack non-iterable int object
2026-01-28 10:34:30 [INFO] scanner - ✅ Validações OK [BTC/USDT]: Score=7.3, R:R=2.08
2026-01-28 10:34:30 [INFO] scanner - ⏸️  Throttle ativo [BTC/USDT]:
2026-01-28 10:34:30 [INFO] scanner -    ├─ Último alerta há 62.4 minutos
2026-01-28 10:34:30 [INFO] scanner -    ├─ Tempo mínimo: 1800 minutos
2026-01-28 10:34:30 [INFO] scanner -    └─ Próximo permitido em: 1737.6 minutos
2026-01-28 10:34:30 [WARNING] root - Bloco de componentes falhou: cannot unpack non-iterable int object
2026-01-28 10:34:30 [INFO] scanner - ✅ Validações OK [BTC/USDT]: Score=7.3, R:R=2.08
2026-01-28 10:34:30 [INFO] scanner - ⏸️  Throttle ativo [BTC/USDT]:
2026-01-28 10:34:30 [INFO] scanner -    ├─ Último alerta há 62.4 minutos
2026-01-28 10:34:30 [INFO] scanner -    ├─ Tempo mínimo: 1800 minutos
2026-01-28 10:34:30 [INFO] scanner -    └─ Próximo permitido em: 1737.6 minutos
2026-01-28 10:34:33 [WARNING] root - Bloco de componentes falhou: cannot unpack non-iterable int object
2026-01-28 10:34:33 [INFO] scanner - ✅ Validações OK [ETH/USDT]: Score=7.3, R:R=2.00
2026-01-28 10:34:33 [INFO] scanner - ⏸️  Throttle ativo [ETH/USDT]:
2026-01-28 10:34:33 [INFO] scanner -    ├─ Último alerta há 428.7 minutos
2026-01-28 10:34:33 [INFO] scanner -    ├─ Tempo mínimo: 1800 minutos
2026-01-28 10:34:33 [INFO] scanner -    └─ Próximo permitido em: 1371.3 minutos
2026-01-28 10:34:33 [WARNING] root - Bloco de componentes falhou: cannot unpack non-iterable int object
2026-01-28 10:34:33 [INFO] scanner - ✅ Validações OK [ETH/USDT]: Score=7.3, R:R=2.00
2026-01-28 10:34:33 [INFO] scanner - ⏸️  Throttle ativo [ETH/USDT]:
2026-01-28 10:34:33 [INFO] scanner -    ├─ Último alerta há 428.7 minutos
2026-01-28 10:34:33 [INFO] scanner -    ├─ Tempo mínimo: 1800 minutos
2026-01-28 10:34:33 [INFO] scanner -    └─ Próximo permitido em: 1371.3 minutos
2026-01-28 11:06:07 [INFO] scanner - ============================================================
2026-01-28 11:06:07 [INFO] scanner - 🚀 SCANNER INICIADO
2026-01-28 11:06:07 [INFO] scanner - 📅 Data/Hora: 28/01/2026 11:06:07
2026-01-28 11:06:07 [INFO] scanner - 📂 Log: logs/scanner_2026-01-28.log
2026-01-28 11:06:07 [INFO] scanner - ============================================================
2026-01-28 11:06:07 [INFO] scanner - 📝 PAPER MODE ATIVO - Apenas registro e análise
2026-01-28 11:06:12 [WARNING] root - Bloco de componentes falhou: cannot unpack non-iterable int object
2026-01-28 11:06:12 [INFO] scanner - ✅ Validações OK [BTC/USDT]: Score=7.3, R:R=2.08
2026-01-28 11:06:12 [INFO] scanner - ⏸️  Throttle ativo [BTC/USDT]:
2026-01-28 11:06:12 [INFO] scanner -    ├─ Último alerta há 94.1 minutos
2026-01-28 11:06:12 [INFO] scanner -    ├─ Tempo mínimo: 1800 minutos
2026-01-28 11:06:12 [INFO] scanner -    └─ Próximo permitido em: 1705.9 minutos
2026-01-28 11:06:15 [WARNING] root - Bloco de componentes falhou: cannot unpack non-iterable int object
2026-01-28 11:06:15 [INFO] scanner - ✅ Validações OK [ETH/USDT]: Score=7.3, R:R=2.00
2026-01-28 11:06:15 [INFO] scanner - ⏸️  Throttle ativo [ETH/USDT]:
2026-01-28 11:06:15 [INFO] scanner -    ├─ Último alerta há 460.4 minutos
2026-01-28 11:06:15 [INFO] scanner -    ├─ Tempo mínimo: 1800 minutos
2026-01-28 11:06:15 [INFO] scanner -    └─ Próximo permitido em: 1339.6 minutos
2026-01-28 11:51:11 [INFO] scanner - ============================================================
2026-01-28 11:51:11 [INFO] scanner - 🚀 SCANNER INICIADO
2026-01-28 11:51:11 [INFO] scanner - 📅 Data/Hora: 28/01/2026 11:51:11
2026-01-28 11:51:11 [INFO] scanner - 📂 Log: logs/scanner_2026-01-28.log
2026-01-28 11:51:11 [INFO] scanner - ============================================================
2026-01-28 11:51:11 [INFO] scanner - 📝 PAPER MODE ATIVO - Apenas registro e análise
2026-01-28 11:51:15 [WARNING] root - Bloco de componentes falhou: cannot unpack non-iterable int object
2026-01-28 11:51:15 [INFO] scanner - ✅ Validações OK [BTC/USDT]: Score=10.0, R:R=2.08
2026-01-28 11:51:15 [INFO] scanner - ⏸️  Throttle ativo [BTC/USDT]:
2026-01-28 11:51:15 [INFO] scanner -    ├─ Último alerta há 139.2 minutos
2026-01-28 11:51:15 [INFO] scanner -    ├─ Tempo mínimo: 1800 minutos
2026-01-28 11:51:15 [INFO] scanner -    └─ Próximo permitido em: 1660.8 minutos
2026-01-28 11:51:15 [WARNING] root - Bloco de componentes falhou: cannot unpack non-iterable int object
2026-01-28 11:51:15 [INFO] scanner - ✅ Validações OK [BTC/USDT]: Score=7.3, R:R=2.08
2026-01-28 11:51:15 [INFO] scanner - ⏸️  Throttle ativo [BTC/USDT]:
2026-01-28 11:51:15 [INFO] scanner -    ├─ Último alerta há 139.2 minutos
2026-01-28 11:51:15 [INFO] scanner -    ├─ Tempo mínimo: 1800 minutos
2026-01-28 11:51:15 [INFO] scanner -    └─ Próximo permitido em: 1660.8 minutos
2026-01-28 11:51:15 [WARNING] root - Bloco de componentes falhou: cannot unpack non-iterable int object
2026-01-28 11:51:15 [INFO] scanner - ✅ Validações OK [BTC/USDT]: Score=7.3, R:R=2.08
2026-01-28 11:51:15 [INFO] scanner - ⏸️  Throttle ativo [BTC/USDT]:
2026-01-28 11:51:15 [INFO] scanner -    ├─ Último alerta há 139.2 minutos
2026-01-28 11:51:15 [INFO] scanner -    ├─ Tempo mínimo: 1800 minutos
2026-01-28 11:51:15 [INFO] scanner -    └─ Próximo permitido em: 1660.8 minutos
2026-01-28 11:51:17 [WARNING] root - Bloco de componentes falhou: cannot unpack non-iterable int object
2026-01-28 11:51:17 [INFO] scanner - ✅ Validações OK [ETH/USDT]: Score=7.3, R:R=2.00
2026-01-28 11:51:17 [INFO] scanner - ⏸️  Throttle ativo [ETH/USDT]:
2026-01-28 11:51:17 [INFO] scanner -    ├─ Último alerta há 505.5 minutos
2026-01-28 11:51:17 [INFO] scanner -    ├─ Tempo mínimo: 1800 minutos
2026-01-28 11:51:17 [INFO] scanner -    └─ Próximo permitido em: 1294.5 minutos
2026-01-28 11:51:17 [WARNING] root - Bloco de componentes falhou: cannot unpack non-iterable int object
2026-01-28 11:51:17 [INFO] scanner - ✅ Validações OK [ETH/USDT]: Score=7.3, R:R=2.00
2026-01-28 11:51:17 [INFO] scanner - ⏸️  Throttle ativo [ETH/USDT]:
2026-01-28 11:51:17 [INFO] scanner -    ├─ Último alerta há 505.5 minutos
2026-01-28 11:51:17 [INFO] scanner -    ├─ Tempo mínimo: 1800 minutos
2026-01-28 11:51:17 [INFO] scanner -    └─ Próximo permitido em: 1294.5 minutos
