2026-02-07 03:32:12 [INFO] scanner - ============================================================
2026-02-07 03:32:12 [INFO] scanner - 🚀 SCANNER INICIADO
2026-02-07 03:32:12 [INFO] scanner - 📅 Data/Hora: 07/02/2026 03:32:12
2026-02-07 03:32:12 [INFO] scanner - 📂 Log: logs/scanner_2026-02-07.log
2026-02-07 03:32:12 [INFO] scanner - ============================================================
2026-02-07 03:32:12 [INFO] scanner - 📝 PAPER MODE ATIVO - Apenas registro e análise
2026-02-07 03:32:15 [WARNING] root - Bloco de componentes falhou: cannot unpack non-iterable int object
2026-02-07 03:32:15 [INFO] scanner - ✅ Validações OK [BTC/USDT]: Score=7.3, R:R=2.08
2026-02-07 03:32:15 [INFO] scanner - ⏸️  Throttle ativo [BTC/USDT]:
2026-02-07 03:32:15 [INFO] scanner -    ├─ Último alerta há 497.0 minutos
2026-02-07 03:32:15 [INFO] scanner -    ├─ Tempo mínimo: 1800 minutos
2026-02-07 03:32:15 [INFO] scanner -    └─ Próximo permitido em: 1303.0 minutos
2026-02-07 03:32:18 [WARNING] root - Bloco de componentes falhou: cannot unpack non-iterable int object
2026-02-07 03:32:18 [INFO] scanner - ✅ Validações OK [ETH/USDT]: Score=7.3, R:R=2.00
2026-02-07 03:32:18 [INFO] scanner - ⏸️  Throttle ativo [ETH/USDT]:
2026-02-07 03:32:18 [INFO] scanner -    ├─ Último alerta há 956.0 minutos
2026-02-07 03:32:18 [INFO] scanner -    ├─ Tempo mínimo: 1800 minutos
2026-02-07 03:32:18 [INFO] scanner -    └─ Próximo permitido em: 844.0 minutos
2026-02-07 04:20:14 [INFO] scanner - ============================================================
2026-02-07 04:20:14 [INFO] scanner - 🚀 SCANNER INICIADO
2026-02-07 04:20:14 [INFO] scanner - 📅 Data/Hora: 07/02/2026 04:20:14
2026-02-07 04:20:14 [INFO] scanner - 📂 Log: logs/scanner_2026-02-07.log
2026-02-07 04:20:14 [INFO] scanner - ============================================================
2026-02-07 04:20:14 [INFO] scanner - 📝 PAPER MODE ATIVO - Apenas registro e análise
2026-02-07 04:20:17 [WARNING] root - Bloco de componentes falhou: cannot unpack non-iterable int object
2026-02-07 04:20:17 [INFO] scanner - ✅ Validações OK [BTC/USDT]: Score=7.3, R:R=2.08
2026-02-07 04:20:17 [INFO] scanner - ⏸️  Throttle ativo [BTC/USDT]:
2026-02-07 04:20:17 [INFO] scanner -    ├─ Último alerta há 545.0 minutos
2026-02-07 04:20:17 [INFO] scanner -    ├─ Tempo mínimo: 1800 minutos
2026-02-07 04:20:17 [INFO] scanner -    └─ Próximo permitido em: 1255.0 minutos
2026-02-07 04:20:19 [WARNING] root - Bloco de componentes falhou: cannot unpack non-iterable int object
2026-02-07 04:20:19 [INFO] scanner - ✅ Validações OK [ETH/USDT]: Score=7.3, R:R=2.00
2026-02-07 04:20:19 [INFO] scanner - ⏸️  Throttle ativo [ETH/USDT]:
2026-02-07 04:20:19 [INFO] scanner -    ├─ Último alerta há 1004.0 minutos
2026-02-07 04:20:19 [INFO] scanner -    ├─ Tempo mínimo: 1800 minutos
2026-02-07 04:20:19 [INFO] scanner -    └─ Próximo permitido em: 796.0 minutos
2026-02-07 04:49:20 [INFO] scanner - ============================================================
2026-02-07 04:49:20 [INFO] scanner - 🚀 SCANNER INICIADO
2026-02-07 04:49:20 [INFO] scanner - 📅 Data/Hora: 07/02/2026 04:49:20
2026-02-07 04:49:20 [INFO] scanner - 📂 Log: logs/scanner_2026-02-07.log
2026-02-07 04:49:20 [INFO] scanner - ============================================================
2026-02-07 04:49:20 [INFO] scanner - 📝 PAPER MODE ATIVO - Apenas registro e análise
2026-02-07 04:49:25 [WARNING] root - Bloco de componentes falhou: cannot unpack non-iterable int object
2026-02-07 04:49:25 [INFO] scanner - ✅ Validações OK [BTC/USDT]: Score=7.8, R:R=2.08
2026-02-07 04:49:25 [INFO] scanner - ⏸️  Throttle ativo [BTC/USDT]:
2026-02-07 04:49:25 [INFO] scanner -    ├─ Último alerta há 574.2 minutos
2026-02-07 04:49:25 [INFO] scanner -    ├─ Tempo mínimo: 1800 minutos
2026-02-07 04:49:25 [INFO] scanner -    └─ Próximo permitido em: 1225.8 minutos
2026-02-07 04:49:27 [WARNING] root - Bloco de componentes falhou: cannot unpack non-iterable int object
2026-02-07 04:49:27 [INFO] scanner - ✅ Validações OK [ETH/USDT]: Score=7.3, R:R=2.00
2026-02-07 04:49:27 [INFO] scanner - ⏸️  Throttle ativo [ETH/USDT]:
2026-02-07 04:49:27 [INFO] scanner -    ├─ Último alerta há 1033.2 minutos
2026-02-07 04:49:27 [INFO] scanner -    ├─ Tempo mínimo: 1800 minutos
2026-02-07 04:49:27 [INFO] scanner -    └─ Próximo permitido em: 766.8 minutos
2026-02-07 05:21:33 [INFO] scanner - ============================================================
2026-02-07 05:21:33 [INFO] scanner - 🚀 SCANNER INICIADO
2026-02-07 05:21:33 [INFO] scanner - 📅 Data/Hora: 07/02/2026 05:21:33
2026-02-07 05:21:33 [INFO] scanner - 📂 Log: logs/scanner_2026-02-07.log
2026-02-07 05:21:33 [INFO] scanner - ============================================================
2026-02-07 05:21:33 [INFO] scanner - 📝 PAPER MODE ATIVO - Apenas registro e análise
2026-02-07 05:21:37 [WARNING] root - Bloco de componentes falhou: cannot unpack non-iterable int object
2026-02-07 05:21:37 [INFO] scanner - ✅ Validações OK [BTC/USDT]: Score=7.3, R:R=2.08
2026-02-07 05:21:37 [INFO] scanner - ⏸️  Throttle ativo [BTC/USDT]:
2026-02-07 05:21:37 [INFO] scanner -    ├─ Último alerta há 606.4 minutos
2026-02-07 05:21:37 [INFO] scanner -    ├─ Tempo mínimo: 1800 minutos
2026-02-07 05:21:37 [INFO] scanner -    └─ Próximo permitido em: 1193.6 minutos
2026-02-07 05:21:39 [WARNING] root - Bloco de componentes falhou: cannot unpack non-iterable int object
2026-02-07 05:21:39 [INFO] scanner - ✅ Validações OK [ETH/USDT]: Score=7.3, R:R=2.00
2026-02-07 05:21:39 [INFO] scanner - ⏸️  Throttle ativo [ETH/USDT]:
2026-02-07 05:21:39 [INFO] scanner -    ├─ Último alerta há 1065.4 minutos
2026-02-07 05:21:39 [INFO] scanner -    ├─ Tempo mínimo: 1800 minutos
2026-02-07 05:21:39 [INFO] scanner -    └─ Próximo permitido em: 734.6 minutos
2026-02-07 05:54:11 [INFO] scanner - ============================================================
2026-02-07 05:54:11 [INFO] scanner - 🚀 SCANNER INICIADO
2026-02-07 05:54:11 [INFO] scanner - 📅 Data/Hora: 07/02/2026 05:54:11
2026-02-07 05:54:11 [INFO] scanner - 📂 Log: logs/scanner_2026-02-07.log
2026-02-07 05:54:11 [INFO] scanner - ============================================================
2026-02-07 05:54:11 [INFO] scanner - 📝 PAPER MODE ATIVO - Apenas registro e análise
2026-02-07 05:54:14 [WARNING] root - Bloco de componentes falhou: cannot unpack non-iterable int object
2026-02-07 05:54:14 [INFO] scanner - ✅ Validações OK [BTC/USDT]: Score=7.3, R:R=2.08
2026-02-07 05:54:14 [INFO] scanner - ⏸️  Throttle ativo [BTC/USDT]:
2026-02-07 05:54:14 [INFO] scanner -    ├─ Último alerta há 639.0 minutos
2026-02-07 05:54:14 [INFO] scanner -    ├─ Tempo mínimo: 1800 minutos
2026-02-07 05:54:14 [INFO] scanner -    └─ Próximo permitido em: 1161.0 minutos
2026-02-07 05:54:17 [WARNING] root - Bloco de componentes falhou: cannot unpack non-iterable int object
2026-02-07 05:54:17 [INFO] scanner - ✅ Validações OK [ETH/USDT]: Score=7.3, R:R=2.00
2026-02-07 05:54:17 [INFO] scanner - ⏸️  Throttle ativo [ETH/USDT]:
2026-02-07 05:54:17 [INFO] scanner -    ├─ Último alerta há 1098.0 minutos
2026-02-07 05:54:17 [INFO] scanner -    ├─ Tempo mínimo: 1800 minutos
2026-02-07 05:54:17 [INFO] scanner -    └─ Próximo permitido em: 702.0 minutos
2026-02-07 06:22:55 [INFO] scanner - ============================================================
2026-02-07 06:22:55 [INFO] scanner - 🚀 SCANNER INICIADO
2026-02-07 06:22:55 [INFO] scanner - 📅 Data/Hora: 07/02/2026 06:22:55
2026-02-07 06:22:55 [INFO] scanner - 📂 Log: logs/scanner_2026-02-07.log
2026-02-07 06:22:55 [INFO] scanner - ============================================================
2026-02-07 06:22:55 [INFO] scanner - 📝 PAPER MODE ATIVO - Apenas registro e análise
2026-02-07 06:22:59 [WARNING] root - Bloco de componentes falhou: cannot unpack non-iterable int object
2026-02-07 06:22:59 [INFO] scanner - ✅ Validações OK [BTC/USDT]: Score=7.3, R:R=2.08
2026-02-07 06:22:59 [INFO] scanner - ⏸️  Throttle ativo [BTC/USDT]:
2026-02-07 06:22:59 [INFO] scanner -    ├─ Último alerta há 667.7 minutos
2026-02-07 06:22:59 [INFO] scanner -    ├─ Tempo mínimo: 1800 minutos
2026-02-07 06:22:59 [INFO] scanner -    └─ Próximo permitido em: 1132.3 minutos
2026-02-07 06:23:01 [WARNING] root - Bloco de componentes falhou: cannot unpack non-iterable int object
2026-02-07 06:23:01 [INFO] scanner - ✅ Validações OK [ETH/USDT]: Score=7.3, R:R=2.00
2026-02-07 06:23:01 [INFO] scanner - ⏸️  Throttle ativo [ETH/USDT]:
2026-02-07 06:23:01 [INFO] scanner -    ├─ Último alerta há 1126.7 minutos
2026-02-07 06:23:01 [INFO] scanner -    ├─ Tempo mínimo: 1800 minutos
2026-02-07 06:23:01 [INFO] scanner -    └─ Próximo permitido em: 673.3 minutos
2026-02-07 06:52:09 [INFO] scanner - ============================================================
2026-02-07 06:52:09 [INFO] scanner - 🚀 SCANNER INICIADO
2026-02-07 06:52:09 [INFO] scanner - 📅 Data/Hora: 07/02/2026 06:52:09
2026-02-07 06:52:09 [INFO] scanner - 📂 Log: logs/scanner_2026-02-07.log
2026-02-07 06:52:09 [INFO] scanner - ============================================================
2026-02-07 06:52:09 [INFO] scanner - 📝 PAPER MODE ATIVO - Apenas registro e análise
2026-02-07 06:52:12 [WARNING] root - Bloco de componentes falhou: cannot unpack non-iterable int object
2026-02-07 06:52:12 [INFO] scanner - ✅ Validações OK [BTC/USDT]: Score=7.3, R:R=2.08
2026-02-07 06:52:12 [INFO] scanner - ⏸️  Throttle ativo [BTC/USDT]:
2026-02-07 06:52:12 [INFO] scanner -    ├─ Último alerta há 696.9 minutos
2026-02-07 06:52:12 [INFO] scanner -    ├─ Tempo mínimo: 1800 minutos
2026-02-07 06:52:12 [INFO] scanner -    └─ Próximo permitido em: 1103.1 minutos
2026-02-07 06:52:14 [WARNING] root - Bloco de componentes falhou: cannot unpack non-iterable int object
2026-02-07 06:52:14 [INFO] scanner - ✅ Validações OK [ETH/USDT]: Score=7.3, R:R=2.00
2026-02-07 06:52:14 [INFO] scanner - ⏸️  Throttle ativo [ETH/USDT]:
2026-02-07 06:52:14 [INFO] scanner -    ├─ Último alerta há 1155.9 minutos
2026-02-07 06:52:14 [INFO] scanner -    ├─ Tempo mínimo: 1800 minutos
2026-02-07 06:52:14 [INFO] scanner -    └─ Próximo permitido em: 644.1 minutos
