2026-04-27 05:07:32 [INFO] scanner - ============================================================
2026-04-27 05:07:32 [INFO] scanner - 🚀 SCANNER INICIADO
2026-04-27 05:07:32 [INFO] scanner - 📅 Data/Hora: 27/04/2026 05:07:32
2026-04-27 05:07:32 [INFO] scanner - 📂 Log: logs/scanner_2026-04-27.log
2026-04-27 05:07:32 [INFO] scanner - ============================================================
2026-04-27 05:07:32 [INFO] scanner - 📝 PAPER MODE ATIVO - Apenas registro e análise
2026-04-27 05:07:35 [WARNING] root - Bloco de componentes falhou: cannot unpack non-iterable int object
2026-04-27 05:07:35 [INFO] scanner - ✅ Validações OK [BTC/USDT]: Score=7.3, R:R=2.08
2026-04-27 05:07:35 [INFO] scanner - ⏸️  Throttle ativo [BTC/USDT]:
2026-04-27 05:07:35 [INFO] scanner -    ├─ Último alerta há 850.3 minutos
2026-04-27 05:07:35 [INFO] scanner -    ├─ Tempo mínimo: 1800 minutos
2026-04-27 05:07:35 [INFO] scanner -    └─ Próximo permitido em: 949.7 minutos
2026-04-27 07:26:03 [INFO] scanner - ============================================================
2026-04-27 07:26:03 [INFO] scanner - 🚀 SCANNER INICIADO
2026-04-27 07:26:03 [INFO] scanner - 📅 Data/Hora: 27/04/2026 07:26:03
2026-04-27 07:26:03 [INFO] scanner - 📂 Log: logs/scanner_2026-04-27.log
2026-04-27 07:26:03 [INFO] scanner - ============================================================
2026-04-27 07:26:03 [INFO] scanner - 📝 PAPER MODE ATIVO - Apenas registro e análise
2026-04-27 07:26:08 [WARNING] root - Bloco de componentes falhou: cannot unpack non-iterable int object
2026-04-27 07:26:08 [INFO] scanner - ✅ Validações OK [ETH/USDT]: Score=7.3, R:R=2.00
2026-04-27 07:26:08 [INFO] scanner - ⏸️  Throttle ativo [ETH/USDT]:
2026-04-27 07:26:08 [INFO] scanner -    ├─ Último alerta há 1628.2 minutos
2026-04-27 07:26:08 [INFO] scanner -    ├─ Tempo mínimo: 1800 minutos
2026-04-27 07:26:08 [INFO] scanner -    └─ Próximo permitido em: 171.8 minutos
2026-04-27 09:06:04 [INFO] scanner - ============================================================
2026-04-27 09:06:04 [INFO] scanner - 🚀 SCANNER INICIADO
2026-04-27 09:06:04 [INFO] scanner - 📅 Data/Hora: 27/04/2026 09:06:04
2026-04-27 09:06:04 [INFO] scanner - 📂 Log: logs/scanner_2026-04-27.log
2026-04-27 09:06:04 [INFO] scanner - ============================================================
2026-04-27 09:06:04 [INFO] scanner - 📝 PAPER MODE ATIVO - Apenas registro e análise
2026-04-27 11:25:00 [INFO] scanner - ============================================================
2026-04-27 11:25:00 [INFO] scanner - 🚀 SCANNER INICIADO
2026-04-27 11:25:00 [INFO] scanner - 📅 Data/Hora: 27/04/2026 11:25:00
2026-04-27 11:25:00 [INFO] scanner - 📂 Log: logs/scanner_2026-04-27.log
2026-04-27 11:25:00 [INFO] scanner - ============================================================
2026-04-27 11:25:00 [INFO] scanner - 📝 PAPER MODE ATIVO - Apenas registro e análise
2026-04-27 13:05:19 [INFO] scanner - ============================================================
2026-04-27 13:05:19 [INFO] scanner - 🚀 SCANNER INICIADO
2026-04-27 13:05:19 [INFO] scanner - 📅 Data/Hora: 27/04/2026 13:05:19
2026-04-27 13:05:19 [INFO] scanner - 📂 Log: logs/scanner_2026-04-27.log
2026-04-27 13:05:19 [INFO] scanner - ============================================================
2026-04-27 13:05:19 [INFO] scanner - 📝 PAPER MODE ATIVO - Apenas registro e análise
