2025-12-12 03:22:09 [INFO] scanner - ============================================================
2025-12-12 03:22:09 [INFO] scanner - 🚀 SCANNER INICIADO
2025-12-12 03:22:09 [INFO] scanner - 📅 Data/Hora: 12/12/2025 03:22:09
2025-12-12 03:22:09 [INFO] scanner - 📂 Log: logs/scanner_2025-12-12.log
2025-12-12 03:22:09 [INFO] scanner - ============================================================
2025-12-12 03:22:09 [INFO] scanner - 📝 PAPER MODE ATIVO - Apenas registro e análise
2025-12-12 03:22:12 [WARNING] root - Bloco de componentes falhou: cannot unpack non-iterable int object
2025-12-12 03:22:12 [INFO] scanner - ✅ Validações OK [BTC/USDT]: Score=7.3, R:R=2.08
2025-12-12 03:22:12 [INFO] scanner - ⏸️  Throttle ativo [BTC/USDT]:
2025-12-12 03:22:12 [INFO] scanner -    ├─ Último alerta há 546.8 minutos
2025-12-12 03:22:12 [INFO] scanner -    ├─ Tempo mínimo: 1800 minutos
2025-12-12 03:22:12 [INFO] scanner -    └─ Próximo permitido em: 1253.2 minutos
2025-12-12 03:22:13 [WARNING] root - Bloco de componentes falhou: cannot unpack non-iterable int object
2025-12-12 03:22:13 [INFO] scanner - ✅ Validações OK [BTC/USDT]: Score=7.3, R:R=2.08
2025-12-12 03:22:13 [INFO] scanner - ⏸️  Throttle ativo [BTC/USDT]:
2025-12-12 03:22:13 [INFO] scanner -    ├─ Último alerta há 546.8 minutos
2025-12-12 03:22:13 [INFO] scanner -    ├─ Tempo mínimo: 1800 minutos
2025-12-12 03:22:13 [INFO] scanner -    └─ Próximo permitido em: 1253.2 minutos
2025-12-12 03:22:15 [WARNING] root - Bloco de componentes falhou: cannot unpack non-iterable int object
2025-12-12 03:22:15 [INFO] scanner - ✅ Validações OK [ETH/USDT]: Score=7.3, R:R=2.00
2025-12-12 03:22:15 [INFO] scanner - ✅ Throttle OK [ETH/USDT]: Pode enviar
2025-12-12 03:22:15 [INFO] scanner - 📝 Sinal no ledger: 20251212_032215_973243 - ETH/USDT
2025-12-12 03:22:15 [INFO] scanner - 📨 Alerta enviado | ID Ledger: 20251212_032215_973243
2025-12-12 03:53:46 [INFO] scanner - ============================================================
2025-12-12 03:53:46 [INFO] scanner - 🚀 SCANNER INICIADO
2025-12-12 03:53:46 [INFO] scanner - 📅 Data/Hora: 12/12/2025 03:53:46
2025-12-12 03:53:46 [INFO] scanner - 📂 Log: logs/scanner_2025-12-12.log
2025-12-12 03:53:46 [INFO] scanner - ============================================================
2025-12-12 03:53:46 [INFO] scanner - 📝 PAPER MODE ATIVO - Apenas registro e análise
2025-12-12 03:53:50 [WARNING] root - Bloco de componentes falhou: cannot unpack non-iterable int object
2025-12-12 03:53:50 [INFO] scanner - ✅ Validações OK [BTC/USDT]: Score=7.3, R:R=2.08
2025-12-12 03:53:50 [INFO] scanner - ⏸️  Throttle ativo [BTC/USDT]:
2025-12-12 03:53:50 [INFO] scanner -    ├─ Último alerta há 578.4 minutos
2025-12-12 03:53:50 [INFO] scanner -    ├─ Tempo mínimo: 1800 minutos
2025-12-12 03:53:50 [INFO] scanner -    └─ Próximo permitido em: 1221.6 minutos
2025-12-12 03:53:51 [WARNING] root - Bloco de componentes falhou: cannot unpack non-iterable int object
2025-12-12 03:53:51 [INFO] scanner - ✅ Validações OK [BTC/USDT]: Score=7.3, R:R=2.08
2025-12-12 03:53:51 [INFO] scanner - ⏸️  Throttle ativo [BTC/USDT]:
2025-12-12 03:53:51 [INFO] scanner -    ├─ Último alerta há 578.4 minutos
2025-12-12 03:53:51 [INFO] scanner -    ├─ Tempo mínimo: 1800 minutos
2025-12-12 03:53:51 [INFO] scanner -    └─ Próximo permitido em: 1221.6 minutos
2025-12-12 03:53:53 [WARNING] root - Bloco de componentes falhou: cannot unpack non-iterable int object
2025-12-12 03:53:53 [INFO] scanner - ✅ Validações OK [ETH/USDT]: Score=7.3, R:R=2.00
2025-12-12 03:53:53 [INFO] scanner - ⏸️  Throttle ativo [ETH/USDT]:
2025-12-12 03:53:53 [INFO] scanner -    ├─ Último alerta há 31.6 minutos
2025-12-12 03:53:53 [INFO] scanner -    ├─ Tempo mínimo: 1800 minutos
2025-12-12 03:53:53 [INFO] scanner -    └─ Próximo permitido em: 1768.4 minutos
2025-12-12 04:17:35 [INFO] scanner - ============================================================
2025-12-12 04:17:35 [INFO] scanner - 🚀 SCANNER INICIADO
2025-12-12 04:17:35 [INFO] scanner - 📅 Data/Hora: 12/12/2025 04:17:35
2025-12-12 04:17:35 [INFO] scanner - 📂 Log: logs/scanner_2025-12-12.log
2025-12-12 04:17:35 [INFO] scanner - ============================================================
2025-12-12 04:17:35 [INFO] scanner - 📝 PAPER MODE ATIVO - Apenas registro e análise
2025-12-12 04:17:39 [WARNING] root - Bloco de componentes falhou: cannot unpack non-iterable int object
2025-12-12 04:17:39 [INFO] scanner - ✅ Validações OK [BTC/USDT]: Score=7.3, R:R=2.08
2025-12-12 04:17:39 [INFO] scanner - ⏸️  Throttle ativo [BTC/USDT]:
2025-12-12 04:17:39 [INFO] scanner -    ├─ Último alerta há 602.2 minutos
2025-12-12 04:17:39 [INFO] scanner -    ├─ Tempo mínimo: 1800 minutos
2025-12-12 04:17:39 [INFO] scanner -    └─ Próximo permitido em: 1197.8 minutos
2025-12-12 04:17:39 [WARNING] root - Bloco de componentes falhou: cannot unpack non-iterable int object
2025-12-12 04:17:39 [INFO] scanner - ✅ Validações OK [BTC/USDT]: Score=7.3, R:R=2.08
2025-12-12 04:17:39 [INFO] scanner - ⏸️  Throttle ativo [BTC/USDT]:
2025-12-12 04:17:39 [INFO] scanner -    ├─ Último alerta há 602.2 minutos
2025-12-12 04:17:39 [INFO] scanner -    ├─ Tempo mínimo: 1800 minutos
2025-12-12 04:17:39 [INFO] scanner -    └─ Próximo permitido em: 1197.8 minutos
2025-12-12 04:17:42 [WARNING] root - Bloco de componentes falhou: cannot unpack non-iterable int object
2025-12-12 04:17:42 [INFO] scanner - ✅ Validações OK [ETH/USDT]: Score=7.3, R:R=2.00
2025-12-12 04:17:42 [INFO] scanner - ⏸️  Throttle ativo [ETH/USDT]:
2025-12-12 04:17:42 [INFO] scanner -    ├─ Último alerta há 55.4 minutos
2025-12-12 04:17:42 [INFO] scanner -    ├─ Tempo mínimo: 1800 minutos
2025-12-12 04:17:42 [INFO] scanner -    └─ Próximo permitido em: 1744.6 minutos
2025-12-12 04:17:42 [WARNING] root - Bloco de componentes falhou: cannot unpack non-iterable int object
2025-12-12 04:17:42 [INFO] scanner - ✅ Validações OK [ETH/USDT]: Score=7.3, R:R=2.00
2025-12-12 04:17:42 [INFO] scanner - ⏸️  Throttle ativo [ETH/USDT]:
2025-12-12 04:17:42 [INFO] scanner -    ├─ Último alerta há 55.4 minutos
2025-12-12 04:17:42 [INFO] scanner -    ├─ Tempo mínimo: 1800 minutos
2025-12-12 04:17:42 [INFO] scanner -    └─ Próximo permitido em: 1744.6 minutos
2025-12-12 04:41:24 [INFO] scanner - ============================================================
2025-12-12 04:41:24 [INFO] scanner - 🚀 SCANNER INICIADO
2025-12-12 04:41:24 [INFO] scanner - 📅 Data/Hora: 12/12/2025 04:41:24
2025-12-12 04:41:24 [INFO] scanner - 📂 Log: logs/scanner_2025-12-12.log
2025-12-12 04:41:24 [INFO] scanner - ============================================================
2025-12-12 04:41:24 [INFO] scanner - 📝 PAPER MODE ATIVO - Apenas registro e análise
2025-12-12 04:41:27 [WARNING] root - Bloco de componentes falhou: cannot unpack non-iterable int object
2025-12-12 04:41:27 [INFO] scanner - ✅ Validações OK [BTC/USDT]: Score=7.3, R:R=2.08
2025-12-12 04:41:27 [INFO] scanner - ⏸️  Throttle ativo [BTC/USDT]:
2025-12-12 04:41:27 [INFO] scanner -    ├─ Último alerta há 626.1 minutos
2025-12-12 04:41:27 [INFO] scanner -    ├─ Tempo mínimo: 1800 minutos
2025-12-12 04:41:27 [INFO] scanner -    └─ Próximo permitido em: 1173.9 minutos
2025-12-12 04:41:28 [WARNING] root - Bloco de componentes falhou: cannot unpack non-iterable int object
2025-12-12 04:41:28 [INFO] scanner - ✅ Validações OK [BTC/USDT]: Score=7.3, R:R=2.08
2025-12-12 04:41:28 [INFO] scanner - ⏸️  Throttle ativo [BTC/USDT]:
2025-12-12 04:41:28 [INFO] scanner -    ├─ Último alerta há 626.1 minutos
2025-12-12 04:41:28 [INFO] scanner -    ├─ Tempo mínimo: 1800 minutos
2025-12-12 04:41:28 [INFO] scanner -    └─ Próximo permitido em: 1173.9 minutos
2025-12-12 04:41:30 [WARNING] root - Bloco de componentes falhou: cannot unpack non-iterable int object
2025-12-12 04:41:30 [INFO] scanner - ✅ Validações OK [ETH/USDT]: Score=7.3, R:R=2.00
2025-12-12 04:41:30 [INFO] scanner - ⏸️  Throttle ativo [ETH/USDT]:
2025-12-12 04:41:30 [INFO] scanner -    ├─ Último alerta há 79.2 minutos
2025-12-12 04:41:30 [INFO] scanner -    ├─ Tempo mínimo: 1800 minutos
2025-12-12 04:41:30 [INFO] scanner -    └─ Próximo permitido em: 1720.8 minutos
2025-12-12 04:50:20 [INFO] scanner - ============================================================
2025-12-12 04:50:20 [INFO] scanner - 🚀 SCANNER INICIADO
2025-12-12 04:50:20 [INFO] scanner - 📅 Data/Hora: 12/12/2025 04:50:20
2025-12-12 04:50:20 [INFO] scanner - 📂 Log: logs/scanner_2025-12-12.log
2025-12-12 04:50:20 [INFO] scanner - ============================================================
2025-12-12 04:50:20 [INFO] scanner - 📝 PAPER MODE ATIVO - Apenas registro e análise
2025-12-12 04:50:23 [WARNING] root - Bloco de componentes falhou: cannot unpack non-iterable int object
2025-12-12 04:50:23 [INFO] scanner - ✅ Validações OK [BTC/USDT]: Score=7.3, R:R=2.08
2025-12-12 04:50:23 [INFO] scanner - ⏸️  Throttle ativo [BTC/USDT]:
2025-12-12 04:50:23 [INFO] scanner -    ├─ Último alerta há 635.0 minutos
2025-12-12 04:50:23 [INFO] scanner -    ├─ Tempo mínimo: 1800 minutos
2025-12-12 04:50:23 [INFO] scanner -    └─ Próximo permitido em: 1165.0 minutos
2025-12-12 04:50:23 [WARNING] root - Bloco de componentes falhou: cannot unpack non-iterable int object
2025-12-12 04:50:23 [INFO] scanner - ✅ Validações OK [BTC/USDT]: Score=7.3, R:R=2.08
2025-12-12 04:50:23 [INFO] scanner - ⏸️  Throttle ativo [BTC/USDT]:
2025-12-12 04:50:23 [INFO] scanner -    ├─ Último alerta há 635.0 minutos
2025-12-12 04:50:23 [INFO] scanner -    ├─ Tempo mínimo: 1800 minutos
2025-12-12 04:50:23 [INFO] scanner -    └─ Próximo permitido em: 1165.0 minutos
2025-12-12 04:50:26 [WARNING] root - Bloco de componentes falhou: cannot unpack non-iterable int object
2025-12-12 04:50:26 [INFO] scanner - ✅ Validações OK [ETH/USDT]: Score=7.3, R:R=2.00
2025-12-12 04:50:26 [INFO] scanner - ⏸️  Throttle ativo [ETH/USDT]:
2025-12-12 04:50:26 [INFO] scanner -    ├─ Último alerta há 88.2 minutos
2025-12-12 04:50:26 [INFO] scanner -    ├─ Tempo mínimo: 1800 minutos
2025-12-12 04:50:26 [INFO] scanner -    └─ Próximo permitido em: 1711.8 minutos
2025-12-12 04:50:26 [WARNING] root - Bloco de componentes falhou: cannot unpack non-iterable int object
2025-12-12 04:50:26 [INFO] scanner - ✅ Validações OK [ETH/USDT]: Score=7.3, R:R=2.00
2025-12-12 04:50:26 [INFO] scanner - ⏸️  Throttle ativo [ETH/USDT]:
2025-12-12 04:50:26 [INFO] scanner -    ├─ Último alerta há 88.2 minutos
2025-12-12 04:50:26 [INFO] scanner -    ├─ Tempo mínimo: 1800 minutos
2025-12-12 04:50:26 [INFO] scanner -    └─ Próximo permitido em: 1711.8 minutos
