2026-05-07 05:19:10 [INFO] scanner - ============================================================
2026-05-07 05:19:10 [INFO] scanner - 🚀 SCANNER INICIADO
2026-05-07 05:19:10 [INFO] scanner - 📅 Data/Hora: 07/05/2026 05:19:10
2026-05-07 05:19:10 [INFO] scanner - 📂 Log: logs/scanner_2026-05-07.log
2026-05-07 05:19:10 [INFO] scanner - ============================================================
2026-05-07 05:19:10 [INFO] scanner - 📝 PAPER MODE ATIVO - Apenas registro e análise
2026-05-07 05:19:15 [WARNING] root - Bloco de componentes falhou: cannot unpack non-iterable int object
2026-05-07 05:19:15 [INFO] scanner - ✅ Validações OK [ETH/USDT]: Score=7.3, R:R=2.00
2026-05-07 05:19:15 [INFO] scanner - ✅ Throttle OK [ETH/USDT]: Pode enviar
2026-05-07 05:19:15 [INFO] scanner - 📝 Sinal no ledger: 20260507_051915_626647 - ETH/USDT
2026-05-07 05:19:15 [INFO] scanner - 📨 Alerta enviado | ID Ledger: 20260507_051915_626647
2026-05-07 07:38:12 [INFO] scanner - ============================================================
2026-05-07 07:38:12 [INFO] scanner - 🚀 SCANNER INICIADO
2026-05-07 07:38:12 [INFO] scanner - 📅 Data/Hora: 07/05/2026 07:38:12
2026-05-07 07:38:12 [INFO] scanner - 📂 Log: logs/scanner_2026-05-07.log
2026-05-07 07:38:12 [INFO] scanner - ============================================================
2026-05-07 07:38:12 [INFO] scanner - 📝 PAPER MODE ATIVO - Apenas registro e análise
2026-05-07 09:20:54 [INFO] scanner - ============================================================
2026-05-07 09:20:54 [INFO] scanner - 🚀 SCANNER INICIADO
2026-05-07 09:20:54 [INFO] scanner - 📅 Data/Hora: 07/05/2026 09:20:54
2026-05-07 09:20:54 [INFO] scanner - 📂 Log: logs/scanner_2026-05-07.log
2026-05-07 09:20:54 [INFO] scanner - ============================================================
2026-05-07 09:20:54 [INFO] scanner - 📝 PAPER MODE ATIVO - Apenas registro e análise
2026-05-07 12:09:35 [INFO] scanner - ============================================================
2026-05-07 12:09:35 [INFO] scanner - 🚀 SCANNER INICIADO
2026-05-07 12:09:35 [INFO] scanner - 📅 Data/Hora: 07/05/2026 12:09:35
2026-05-07 12:09:35 [INFO] scanner - 📂 Log: logs/scanner_2026-05-07.log
2026-05-07 12:09:35 [INFO] scanner - ============================================================
2026-05-07 12:09:35 [INFO] scanner - 📝 PAPER MODE ATIVO - Apenas registro e análise
2026-05-07 14:02:34 [INFO] scanner - ============================================================
2026-05-07 14:02:34 [INFO] scanner - 🚀 SCANNER INICIADO
2026-05-07 14:02:34 [INFO] scanner - 📅 Data/Hora: 07/05/2026 14:02:34
2026-05-07 14:02:34 [INFO] scanner - 📂 Log: logs/scanner_2026-05-07.log
2026-05-07 14:02:34 [INFO] scanner - ============================================================
2026-05-07 14:02:34 [INFO] scanner - 📝 PAPER MODE ATIVO - Apenas registro e análise
2026-05-07 14:02:37 [WARNING] root - Bloco de componentes falhou: cannot unpack non-iterable int object
2026-05-07 14:02:37 [INFO] scanner - ✅ Validações OK [BTC/USDT]: Score=7.3, R:R=2.08
2026-05-07 14:02:37 [INFO] scanner - ⏸️  Throttle ativo [BTC/USDT]:
2026-05-07 14:02:37 [INFO] scanner -    ├─ Último alerta há 1575.9 minutos
2026-05-07 14:02:37 [INFO] scanner -    ├─ Tempo mínimo: 1800 minutos
2026-05-07 14:02:37 [INFO] scanner -    └─ Próximo permitido em: 224.1 minutos
