2026-04-10 04:16:35 [INFO] scanner - ============================================================
2026-04-10 04:16:35 [INFO] scanner - 🚀 SCANNER INICIADO
2026-04-10 04:16:35 [INFO] scanner - 📅 Data/Hora: 10/04/2026 04:16:35
2026-04-10 04:16:35 [INFO] scanner - 📂 Log: logs/scanner_2026-04-10.log
2026-04-10 04:16:35 [INFO] scanner - ============================================================
2026-04-10 04:16:35 [INFO] scanner - 📝 PAPER MODE ATIVO - Apenas registro e análise
2026-04-10 04:16:38 [WARNING] root - Bloco de componentes falhou: cannot unpack non-iterable int object
2026-04-10 04:16:38 [INFO] scanner - ✅ Validações OK [BTC/USDT]: Score=7.3, R:R=2.08
2026-04-10 04:16:38 [INFO] scanner - ⏸️  Throttle ativo [BTC/USDT]:
2026-04-10 04:16:38 [INFO] scanner -    ├─ Último alerta há 559.9 minutos
2026-04-10 04:16:38 [INFO] scanner -    ├─ Tempo mínimo: 1800 minutos
2026-04-10 04:16:38 [INFO] scanner -    └─ Próximo permitido em: 1240.1 minutos
2026-04-10 04:16:38 [WARNING] root - Bloco de componentes falhou: cannot unpack non-iterable int object
2026-04-10 04:16:38 [INFO] scanner - ✅ Validações OK [BTC/USDT]: Score=7.3, R:R=2.08
2026-04-10 04:16:38 [INFO] scanner - ⏸️  Throttle ativo [BTC/USDT]:
2026-04-10 04:16:38 [INFO] scanner -    ├─ Último alerta há 559.9 minutos
2026-04-10 04:16:38 [INFO] scanner -    ├─ Tempo mínimo: 1800 minutos
2026-04-10 04:16:38 [INFO] scanner -    └─ Próximo permitido em: 1240.1 minutos
2026-04-10 05:51:06 [INFO] scanner - ============================================================
2026-04-10 05:51:06 [INFO] scanner - 🚀 SCANNER INICIADO
2026-04-10 05:51:06 [INFO] scanner - 📅 Data/Hora: 10/04/2026 05:51:06
2026-04-10 05:51:06 [INFO] scanner - 📂 Log: logs/scanner_2026-04-10.log
2026-04-10 05:51:06 [INFO] scanner - ============================================================
2026-04-10 05:51:06 [INFO] scanner - 📝 PAPER MODE ATIVO - Apenas registro e análise
2026-04-10 05:51:10 [WARNING] root - Bloco de componentes falhou: cannot unpack non-iterable int object
2026-04-10 05:51:10 [INFO] scanner - ✅ Validações OK [BTC/USDT]: Score=7.3, R:R=2.08
2026-04-10 05:51:10 [INFO] scanner - ⏸️  Throttle ativo [BTC/USDT]:
2026-04-10 05:51:10 [INFO] scanner -    ├─ Último alerta há 654.4 minutos
2026-04-10 05:51:10 [INFO] scanner -    ├─ Tempo mínimo: 1800 minutos
2026-04-10 05:51:10 [INFO] scanner -    └─ Próximo permitido em: 1145.6 minutos
2026-04-10 07:02:16 [INFO] scanner - ============================================================
2026-04-10 07:02:16 [INFO] scanner - 🚀 SCANNER INICIADO
2026-04-10 07:02:16 [INFO] scanner - 📅 Data/Hora: 10/04/2026 07:02:16
2026-04-10 07:02:16 [INFO] scanner - 📂 Log: logs/scanner_2026-04-10.log
2026-04-10 07:02:16 [INFO] scanner - ============================================================
2026-04-10 07:02:16 [INFO] scanner - 📝 PAPER MODE ATIVO - Apenas registro e análise
2026-04-10 07:02:19 [WARNING] root - Bloco de componentes falhou: cannot unpack non-iterable int object
2026-04-10 07:02:19 [INFO] scanner - ✅ Validações OK [BTC/USDT]: Score=7.3, R:R=2.08
2026-04-10 07:02:19 [INFO] scanner - ⏸️  Throttle ativo [BTC/USDT]:
2026-04-10 07:02:19 [INFO] scanner -    ├─ Último alerta há 725.6 minutos
2026-04-10 07:02:19 [INFO] scanner -    ├─ Tempo mínimo: 1800 minutos
2026-04-10 07:02:19 [INFO] scanner -    └─ Próximo permitido em: 1074.4 minutos
2026-04-10 08:10:51 [INFO] scanner - ============================================================
2026-04-10 08:10:51 [INFO] scanner - 🚀 SCANNER INICIADO
2026-04-10 08:10:51 [INFO] scanner - 📅 Data/Hora: 10/04/2026 08:10:51
2026-04-10 08:10:51 [INFO] scanner - 📂 Log: logs/scanner_2026-04-10.log
2026-04-10 08:10:51 [INFO] scanner - ============================================================
2026-04-10 08:10:51 [INFO] scanner - 📝 PAPER MODE ATIVO - Apenas registro e análise
2026-04-10 08:10:55 [WARNING] root - Bloco de componentes falhou: cannot unpack non-iterable int object
2026-04-10 08:10:55 [INFO] scanner - ✅ Validações OK [BTC/USDT]: Score=7.3, R:R=2.08
2026-04-10 08:10:55 [INFO] scanner - ⏸️  Throttle ativo [BTC/USDT]:
2026-04-10 08:10:55 [INFO] scanner -    ├─ Último alerta há 794.1 minutos
2026-04-10 08:10:55 [INFO] scanner -    ├─ Tempo mínimo: 1800 minutos
2026-04-10 08:10:55 [INFO] scanner -    └─ Próximo permitido em: 1005.9 minutos
2026-04-10 08:10:55 [WARNING] root - Bloco de componentes falhou: cannot unpack non-iterable int object
2026-04-10 08:10:55 [INFO] scanner - ✅ Validações OK [BTC/USDT]: Score=7.3, R:R=2.08
2026-04-10 08:10:55 [INFO] scanner - ⏸️  Throttle ativo [BTC/USDT]:
2026-04-10 08:10:55 [INFO] scanner -    ├─ Último alerta há 794.1 minutos
2026-04-10 08:10:55 [INFO] scanner -    ├─ Tempo mínimo: 1800 minutos
2026-04-10 08:10:55 [INFO] scanner -    └─ Próximo permitido em: 1005.9 minutos
2026-04-10 08:10:57 [WARNING] root - Bloco de componentes falhou: cannot unpack non-iterable int object
2026-04-10 08:10:57 [INFO] scanner - ✅ Validações OK [ETH/USDT]: Score=7.3, R:R=2.00
2026-04-10 08:10:57 [INFO] scanner - ⏸️  Throttle ativo [ETH/USDT]:
2026-04-10 08:10:57 [INFO] scanner -    ├─ Último alerta há 794.1 minutos
2026-04-10 08:10:57 [INFO] scanner -    ├─ Tempo mínimo: 1800 minutos
2026-04-10 08:10:57 [INFO] scanner -    └─ Próximo permitido em: 1005.9 minutos
2026-04-10 08:10:57 [WARNING] root - Bloco de componentes falhou: cannot unpack non-iterable int object
2026-04-10 08:10:57 [INFO] scanner - ✅ Validações OK [ETH/USDT]: Score=7.3, R:R=2.00
2026-04-10 08:10:57 [INFO] scanner - ⏸️  Throttle ativo [ETH/USDT]:
2026-04-10 08:10:57 [INFO] scanner -    ├─ Último alerta há 794.1 minutos
2026-04-10 08:10:57 [INFO] scanner -    ├─ Tempo mínimo: 1800 minutos
2026-04-10 08:10:57 [INFO] scanner -    └─ Próximo permitido em: 1005.9 minutos
2026-04-10 08:58:40 [INFO] scanner - ============================================================
2026-04-10 08:58:40 [INFO] scanner - 🚀 SCANNER INICIADO
2026-04-10 08:58:40 [INFO] scanner - 📅 Data/Hora: 10/04/2026 08:58:40
2026-04-10 08:58:40 [INFO] scanner - 📂 Log: logs/scanner_2026-04-10.log
2026-04-10 08:58:40 [INFO] scanner - ============================================================
2026-04-10 08:58:40 [INFO] scanner - 📝 PAPER MODE ATIVO - Apenas registro e análise
2026-04-10 08:58:44 [WARNING] root - Bloco de componentes falhou: cannot unpack non-iterable int object
2026-04-10 08:58:44 [INFO] scanner - ✅ Validações OK [BTC/USDT]: Score=7.3, R:R=2.08
2026-04-10 08:58:44 [INFO] scanner - ⏸️  Throttle ativo [BTC/USDT]:
2026-04-10 08:58:44 [INFO] scanner -    ├─ Último alerta há 842.0 minutos
2026-04-10 08:58:44 [INFO] scanner -    ├─ Tempo mínimo: 1800 minutos
2026-04-10 08:58:44 [INFO] scanner -    └─ Próximo permitido em: 958.0 minutos
2026-04-10 08:58:44 [WARNING] root - Bloco de componentes falhou: cannot unpack non-iterable int object
2026-04-10 08:58:44 [INFO] scanner - ✅ Validações OK [BTC/USDT]: Score=7.3, R:R=2.08
2026-04-10 08:58:44 [INFO] scanner - ⏸️  Throttle ativo [BTC/USDT]:
2026-04-10 08:58:44 [INFO] scanner -    ├─ Último alerta há 842.0 minutos
2026-04-10 08:58:44 [INFO] scanner -    ├─ Tempo mínimo: 1800 minutos
2026-04-10 08:58:44 [INFO] scanner -    └─ Próximo permitido em: 958.0 minutos
2026-04-10 08:58:46 [WARNING] root - Bloco de componentes falhou: cannot unpack non-iterable int object
2026-04-10 08:58:46 [INFO] scanner - ✅ Validações OK [ETH/USDT]: Score=7.8, R:R=2.00
2026-04-10 08:58:46 [INFO] scanner - ⏸️  Throttle ativo [ETH/USDT]:
2026-04-10 08:58:46 [INFO] scanner -    ├─ Último alerta há 842.0 minutos
2026-04-10 08:58:46 [INFO] scanner -    ├─ Tempo mínimo: 1800 minutos
2026-04-10 08:58:46 [INFO] scanner -    └─ Próximo permitido em: 958.0 minutos
2026-04-10 08:58:46 [WARNING] root - Bloco de componentes falhou: cannot unpack non-iterable int object
2026-04-10 08:58:46 [INFO] scanner - ✅ Validações OK [ETH/USDT]: Score=7.8, R:R=2.00
2026-04-10 08:58:46 [INFO] scanner - ⏸️  Throttle ativo [ETH/USDT]:
2026-04-10 08:58:46 [INFO] scanner -    ├─ Último alerta há 842.0 minutos
2026-04-10 08:58:46 [INFO] scanner -    ├─ Tempo mínimo: 1800 minutos
2026-04-10 08:58:46 [INFO] scanner -    └─ Próximo permitido em: 958.0 minutos
2026-04-10 08:58:47 [WARNING] root - Bloco de componentes falhou: cannot unpack non-iterable int object
2026-04-10 08:58:47 [INFO] scanner - ✅ Validações OK [ETH/USDT]: Score=7.8, R:R=2.00
2026-04-10 08:58:47 [INFO] scanner - ⏸️  Throttle ativo [ETH/USDT]:
2026-04-10 08:58:47 [INFO] scanner -    ├─ Último alerta há 842.0 minutos
2026-04-10 08:58:47 [INFO] scanner -    ├─ Tempo mínimo: 1800 minutos
2026-04-10 08:58:47 [INFO] scanner -    └─ Próximo permitido em: 958.0 minutos
2026-04-10 10:12:27 [INFO] scanner - ============================================================
2026-04-10 10:12:27 [INFO] scanner - 🚀 SCANNER INICIADO
2026-04-10 10:12:27 [INFO] scanner - 📅 Data/Hora: 10/04/2026 10:12:27
2026-04-10 10:12:27 [INFO] scanner - 📂 Log: logs/scanner_2026-04-10.log
2026-04-10 10:12:27 [INFO] scanner - ============================================================
2026-04-10 10:12:27 [INFO] scanner - 📝 PAPER MODE ATIVO - Apenas registro e análise
2026-04-10 10:12:30 [WARNING] root - Bloco de componentes falhou: cannot unpack non-iterable int object
2026-04-10 10:12:30 [INFO] scanner - ✅ Validações OK [BTC/USDT]: Score=7.3, R:R=2.08
2026-04-10 10:12:30 [INFO] scanner - ⏸️  Throttle ativo [BTC/USDT]:
2026-04-10 10:12:30 [INFO] scanner -    ├─ Último alerta há 915.7 minutos
2026-04-10 10:12:30 [INFO] scanner -    ├─ Tempo mínimo: 1800 minutos
2026-04-10 10:12:30 [INFO] scanner -    └─ Próximo permitido em: 884.3 minutos
2026-04-10 10:12:30 [WARNING] root - Bloco de componentes falhou: cannot unpack non-iterable int object
2026-04-10 10:12:30 [INFO] scanner - ✅ Validações OK [BTC/USDT]: Score=7.3, R:R=2.08
2026-04-10 10:12:30 [INFO] scanner - ⏸️  Throttle ativo [BTC/USDT]:
2026-04-10 10:12:30 [INFO] scanner -    ├─ Último alerta há 915.7 minutos
2026-04-10 10:12:30 [INFO] scanner -    ├─ Tempo mínimo: 1800 minutos
2026-04-10 10:12:30 [INFO] scanner -    └─ Próximo permitido em: 884.3 minutos
2026-04-10 10:12:32 [WARNING] root - Bloco de componentes falhou: cannot unpack non-iterable int object
2026-04-10 10:12:32 [INFO] scanner - ✅ Validações OK [ETH/USDT]: Score=7.3, R:R=2.00
2026-04-10 10:12:32 [INFO] scanner - ⏸️  Throttle ativo [ETH/USDT]:
2026-04-10 10:12:32 [INFO] scanner -    ├─ Último alerta há 915.7 minutos
2026-04-10 10:12:32 [INFO] scanner -    ├─ Tempo mínimo: 1800 minutos
2026-04-10 10:12:32 [INFO] scanner -    └─ Próximo permitido em: 884.3 minutos
2026-04-10 10:12:32 [WARNING] root - Bloco de componentes falhou: cannot unpack non-iterable int object
2026-04-10 10:12:32 [INFO] scanner - ✅ Validações OK [ETH/USDT]: Score=7.3, R:R=2.00
2026-04-10 10:12:32 [INFO] scanner - ⏸️  Throttle ativo [ETH/USDT]:
2026-04-10 10:12:32 [INFO] scanner -    ├─ Último alerta há 915.7 minutos
2026-04-10 10:12:32 [INFO] scanner -    ├─ Tempo mínimo: 1800 minutos
2026-04-10 10:12:32 [INFO] scanner -    └─ Próximo permitido em: 884.3 minutos
