2026-06-18 07:07:18 [INFO] scanner - ============================================================
2026-06-18 07:07:18 [INFO] scanner - 🚀 SCANNER INICIADO
2026-06-18 07:07:18 [INFO] scanner - 📅 Data/Hora: 18/06/2026 07:07:18
2026-06-18 07:07:18 [INFO] scanner - 📂 Log: logs/scanner_2026-06-18.log
2026-06-18 07:07:18 [INFO] scanner - ============================================================
2026-06-18 07:07:18 [INFO] scanner - 📝 PAPER MODE ATIVO - Apenas registro e análise
2026-06-18 07:07:21 [WARNING] root - Bloco de componentes falhou: cannot unpack non-iterable int object
2026-06-18 07:07:21 [INFO] scanner - ✅ Validações OK [BTC/USDT]: Score=7.3, R:R=2.08
2026-06-18 07:07:21 [INFO] scanner - ⏸️  Throttle ativo [BTC/USDT]:
2026-06-18 07:07:21 [INFO] scanner -    ├─ Último alerta há 1006.1 minutos
2026-06-18 07:07:21 [INFO] scanner -    ├─ Tempo mínimo: 1800 minutos
2026-06-18 07:07:21 [INFO] scanner -    └─ Próximo permitido em: 793.9 minutos
2026-06-18 07:07:24 [WARNING] root - Bloco de componentes falhou: cannot unpack non-iterable int object
2026-06-18 07:07:24 [INFO] scanner - ✅ Validações OK [ETH/USDT]: Score=7.3, R:R=2.00
2026-06-18 07:07:24 [INFO] scanner - ⏸️  Throttle ativo [ETH/USDT]:
2026-06-18 07:07:24 [INFO] scanner -    ├─ Último alerta há 873.5 minutos
2026-06-18 07:07:24 [INFO] scanner -    ├─ Tempo mínimo: 1800 minutos
2026-06-18 07:07:24 [INFO] scanner -    └─ Próximo permitido em: 926.5 minutos
2026-06-18 10:41:47 [INFO] scanner - ============================================================
2026-06-18 10:41:47 [INFO] scanner - 🚀 SCANNER INICIADO
2026-06-18 10:41:47 [INFO] scanner - 📅 Data/Hora: 18/06/2026 10:41:47
2026-06-18 10:41:47 [INFO] scanner - 📂 Log: logs/scanner_2026-06-18.log
2026-06-18 10:41:47 [INFO] scanner - ============================================================
2026-06-18 10:41:47 [INFO] scanner - 📝 PAPER MODE ATIVO - Apenas registro e análise
2026-06-18 10:41:50 [WARNING] root - Bloco de componentes falhou: cannot unpack non-iterable int object
2026-06-18 10:41:50 [INFO] scanner - ✅ Validações OK [BTC/USDT]: Score=7.3, R:R=2.08
2026-06-18 10:41:50 [INFO] scanner - ⏸️  Throttle ativo [BTC/USDT]:
2026-06-18 10:41:50 [INFO] scanner -    ├─ Último alerta há 1220.6 minutos
2026-06-18 10:41:50 [INFO] scanner -    ├─ Tempo mínimo: 1800 minutos
2026-06-18 10:41:50 [INFO] scanner -    └─ Próximo permitido em: 579.4 minutos
2026-06-18 10:41:51 [WARNING] root - Bloco de componentes falhou: cannot unpack non-iterable int object
2026-06-18 10:41:51 [INFO] scanner - ✅ Validações OK [BTC/USDT]: Score=7.3, R:R=2.08
2026-06-18 10:41:51 [INFO] scanner - ⏸️  Throttle ativo [BTC/USDT]:
2026-06-18 10:41:51 [INFO] scanner -    ├─ Último alerta há 1220.6 minutos
2026-06-18 10:41:51 [INFO] scanner -    ├─ Tempo mínimo: 1800 minutos
2026-06-18 10:41:51 [INFO] scanner -    └─ Próximo permitido em: 579.4 minutos
2026-06-18 10:41:53 [WARNING] root - Bloco de componentes falhou: cannot unpack non-iterable int object
2026-06-18 10:41:53 [INFO] scanner - ✅ Validações OK [ETH/USDT]: Score=7.3, R:R=2.00
2026-06-18 10:41:53 [INFO] scanner - ⏸️  Throttle ativo [ETH/USDT]:
2026-06-18 10:41:53 [INFO] scanner -    ├─ Último alerta há 1088.0 minutos
2026-06-18 10:41:53 [INFO] scanner -    ├─ Tempo mínimo: 1800 minutos
2026-06-18 10:41:53 [INFO] scanner -    └─ Próximo permitido em: 712.0 minutos
2026-06-18 13:46:05 [INFO] scanner - ============================================================
2026-06-18 13:46:05 [INFO] scanner - 🚀 SCANNER INICIADO
2026-06-18 13:46:05 [INFO] scanner - 📅 Data/Hora: 18/06/2026 13:46:05
2026-06-18 13:46:05 [INFO] scanner - 📂 Log: logs/scanner_2026-06-18.log
2026-06-18 13:46:05 [INFO] scanner - ============================================================
2026-06-18 13:46:05 [INFO] scanner - 📝 PAPER MODE ATIVO - Apenas registro e análise
2026-06-18 13:46:10 [WARNING] root - Bloco de componentes falhou: cannot unpack non-iterable int object
2026-06-18 13:46:10 [INFO] scanner - ✅ Validações OK [ETH/USDT]: Score=7.3, R:R=2.00
2026-06-18 13:46:10 [INFO] scanner - ⏸️  Throttle ativo [ETH/USDT]:
2026-06-18 13:46:10 [INFO] scanner -    ├─ Último alerta há 1272.3 minutos
2026-06-18 13:46:10 [INFO] scanner -    ├─ Tempo mínimo: 1800 minutos
2026-06-18 13:46:10 [INFO] scanner -    └─ Próximo permitido em: 527.7 minutos
2026-06-18 13:46:11 [WARNING] root - Bloco de componentes falhou: cannot unpack non-iterable int object
2026-06-18 13:46:11 [INFO] scanner - ✅ Validações OK [ETH/USDT]: Score=7.3, R:R=2.00
2026-06-18 13:46:11 [INFO] scanner - ⏸️  Throttle ativo [ETH/USDT]:
2026-06-18 13:46:11 [INFO] scanner -    ├─ Último alerta há 1272.3 minutos
2026-06-18 13:46:11 [INFO] scanner -    ├─ Tempo mínimo: 1800 minutos
2026-06-18 13:46:11 [INFO] scanner -    └─ Próximo permitido em: 527.7 minutos
