2026-05-01 05:03:02 [INFO] scanner - ============================================================
2026-05-01 05:03:02 [INFO] scanner - 🚀 SCANNER INICIADO
2026-05-01 05:03:02 [INFO] scanner - 📅 Data/Hora: 01/05/2026 05:03:02
2026-05-01 05:03:02 [INFO] scanner - 📂 Log: logs/scanner_2026-05-01.log
2026-05-01 05:03:02 [INFO] scanner - ============================================================
2026-05-01 05:03:02 [INFO] scanner - 📝 PAPER MODE ATIVO - Apenas registro e análise
2026-05-01 05:03:06 [WARNING] root - Bloco de componentes falhou: cannot unpack non-iterable int object
2026-05-01 05:03:06 [INFO] scanner - ✅ Validações OK [BTC/USDT]: Score=7.3, R:R=2.08
2026-05-01 05:03:06 [INFO] scanner - ✅ Throttle OK [BTC/USDT]: Pode enviar
2026-05-01 05:03:07 [INFO] scanner - 📝 Sinal no ledger: 20260501_050307_303814 - BTC/USDT
2026-05-01 05:03:07 [INFO] scanner - 📨 Alerta enviado | ID Ledger: 20260501_050307_303814
2026-05-01 05:03:09 [WARNING] root - Bloco de componentes falhou: cannot unpack non-iterable int object
2026-05-01 05:03:09 [INFO] scanner - ✅ Validações OK [ETH/USDT]: Score=7.3, R:R=2.00
2026-05-01 05:03:09 [INFO] scanner - ⏸️  Throttle ativo [ETH/USDT]:
2026-05-01 05:03:09 [INFO] scanner -    ├─ Último alerta há 996.8 minutos
2026-05-01 05:03:09 [INFO] scanner -    ├─ Tempo mínimo: 1800 minutos
2026-05-01 05:03:09 [INFO] scanner -    └─ Próximo permitido em: 803.2 minutos
2026-05-01 06:56:58 [INFO] scanner - ============================================================
2026-05-01 06:56:58 [INFO] scanner - 🚀 SCANNER INICIADO
2026-05-01 06:56:58 [INFO] scanner - 📅 Data/Hora: 01/05/2026 06:56:58
2026-05-01 06:56:58 [INFO] scanner - 📂 Log: logs/scanner_2026-05-01.log
2026-05-01 06:56:58 [INFO] scanner - ============================================================
2026-05-01 06:56:58 [INFO] scanner - 📝 PAPER MODE ATIVO - Apenas registro e análise
2026-05-01 06:57:02 [WARNING] root - Bloco de componentes falhou: cannot unpack non-iterable int object
2026-05-01 06:57:02 [INFO] scanner - ✅ Validações OK [BTC/USDT]: Score=7.8, R:R=2.08
2026-05-01 06:57:02 [INFO] scanner - ⏸️  Throttle ativo [BTC/USDT]:
2026-05-01 06:57:02 [INFO] scanner -    ├─ Último alerta há 113.9 minutos
2026-05-01 06:57:02 [INFO] scanner -    ├─ Tempo mínimo: 1800 minutos
2026-05-01 06:57:02 [INFO] scanner -    └─ Próximo permitido em: 1686.1 minutos
2026-05-01 06:57:02 [WARNING] root - Bloco de componentes falhou: cannot unpack non-iterable int object
2026-05-01 06:57:02 [INFO] scanner - ✅ Validações OK [BTC/USDT]: Score=7.8, R:R=2.08
2026-05-01 06:57:02 [INFO] scanner - ⏸️  Throttle ativo [BTC/USDT]:
2026-05-01 06:57:02 [INFO] scanner -    ├─ Último alerta há 113.9 minutos
2026-05-01 06:57:02 [INFO] scanner -    ├─ Tempo mínimo: 1800 minutos
2026-05-01 06:57:02 [INFO] scanner -    └─ Próximo permitido em: 1686.1 minutos
2026-05-01 06:57:04 [WARNING] root - Bloco de componentes falhou: cannot unpack non-iterable int object
2026-05-01 06:57:04 [INFO] scanner - ✅ Validações OK [ETH/USDT]: Score=7.3, R:R=2.00
2026-05-01 06:57:04 [INFO] scanner - ⏸️  Throttle ativo [ETH/USDT]:
2026-05-01 06:57:04 [INFO] scanner -    ├─ Último alerta há 1110.7 minutos
2026-05-01 06:57:04 [INFO] scanner -    ├─ Tempo mínimo: 1800 minutos
2026-05-01 06:57:04 [INFO] scanner -    └─ Próximo permitido em: 689.3 minutos
2026-05-01 08:03:29 [INFO] scanner - ============================================================
2026-05-01 08:03:29 [INFO] scanner - 🚀 SCANNER INICIADO
2026-05-01 08:03:29 [INFO] scanner - 📅 Data/Hora: 01/05/2026 08:03:29
2026-05-01 08:03:29 [INFO] scanner - 📂 Log: logs/scanner_2026-05-01.log
2026-05-01 08:03:29 [INFO] scanner - ============================================================
2026-05-01 08:03:29 [INFO] scanner - 📝 PAPER MODE ATIVO - Apenas registro e análise
2026-05-01 08:03:32 [WARNING] root - Bloco de componentes falhou: cannot unpack non-iterable int object
2026-05-01 08:03:32 [INFO] scanner - ✅ Validações OK [BTC/USDT]: Score=7.3, R:R=2.08
2026-05-01 08:03:32 [INFO] scanner - ⏸️  Throttle ativo [BTC/USDT]:
2026-05-01 08:03:32 [INFO] scanner -    ├─ Último alerta há 180.4 minutos
2026-05-01 08:03:32 [INFO] scanner -    ├─ Tempo mínimo: 1800 minutos
2026-05-01 08:03:32 [INFO] scanner -    └─ Próximo permitido em: 1619.6 minutos
2026-05-01 08:03:35 [WARNING] root - Bloco de componentes falhou: cannot unpack non-iterable int object
2026-05-01 08:03:35 [INFO] scanner - ✅ Validações OK [ETH/USDT]: Score=7.3, R:R=2.00
2026-05-01 08:03:35 [INFO] scanner - ⏸️  Throttle ativo [ETH/USDT]:
2026-05-01 08:03:35 [INFO] scanner -    ├─ Último alerta há 1177.2 minutos
2026-05-01 08:03:35 [INFO] scanner -    ├─ Tempo mínimo: 1800 minutos
2026-05-01 08:03:35 [INFO] scanner -    └─ Próximo permitido em: 622.8 minutos
