2026-03-05 03:39:48 [INFO] scanner - ============================================================
2026-03-05 03:39:48 [INFO] scanner - 🚀 SCANNER INICIADO
2026-03-05 03:39:48 [INFO] scanner - 📅 Data/Hora: 05/03/2026 03:39:48
2026-03-05 03:39:48 [INFO] scanner - 📂 Log: logs/scanner_2026-03-05.log
2026-03-05 03:39:48 [INFO] scanner - ============================================================
2026-03-05 03:39:48 [INFO] scanner - 📝 PAPER MODE ATIVO - Apenas registro e análise
2026-03-05 03:39:52 [WARNING] root - Bloco de componentes falhou: cannot unpack non-iterable int object
2026-03-05 03:39:52 [INFO] scanner - ✅ Validações OK [BTC/USDT]: Score=7.3, R:R=2.08
2026-03-05 03:39:52 [INFO] scanner - ⏸️  Throttle ativo [BTC/USDT]:
2026-03-05 03:39:52 [INFO] scanner -    ├─ Último alerta há 1018.0 minutos
2026-03-05 03:39:52 [INFO] scanner -    ├─ Tempo mínimo: 1800 minutos
2026-03-05 03:39:52 [INFO] scanner -    └─ Próximo permitido em: 782.0 minutos
2026-03-05 03:39:54 [WARNING] root - Bloco de componentes falhou: cannot unpack non-iterable int object
2026-03-05 03:39:54 [INFO] scanner - ✅ Validações OK [ETH/USDT]: Score=7.3, R:R=2.00
2026-03-05 03:39:54 [INFO] scanner - ⏸️  Throttle ativo [ETH/USDT]:
2026-03-05 03:39:54 [INFO] scanner -    ├─ Último alerta há 1018.0 minutos
2026-03-05 03:39:54 [INFO] scanner -    ├─ Tempo mínimo: 1800 minutos
2026-03-05 03:39:54 [INFO] scanner -    └─ Próximo permitido em: 782.0 minutos
2026-03-05 04:29:13 [INFO] scanner - ============================================================
2026-03-05 04:29:13 [INFO] scanner - 🚀 SCANNER INICIADO
2026-03-05 04:29:13 [INFO] scanner - 📅 Data/Hora: 05/03/2026 04:29:13
2026-03-05 04:29:13 [INFO] scanner - 📂 Log: logs/scanner_2026-03-05.log
2026-03-05 04:29:13 [INFO] scanner - ============================================================
2026-03-05 04:29:13 [INFO] scanner - 📝 PAPER MODE ATIVO - Apenas registro e análise
2026-03-05 04:29:17 [WARNING] root - Bloco de componentes falhou: cannot unpack non-iterable int object
2026-03-05 04:29:17 [INFO] scanner - ✅ Validações OK [BTC/USDT]: Score=7.3, R:R=2.08
2026-03-05 04:29:17 [INFO] scanner - ⏸️  Throttle ativo [BTC/USDT]:
2026-03-05 04:29:17 [INFO] scanner -    ├─ Último alerta há 1067.4 minutos
2026-03-05 04:29:17 [INFO] scanner -    ├─ Tempo mínimo: 1800 minutos
2026-03-05 04:29:17 [INFO] scanner -    └─ Próximo permitido em: 732.6 minutos
2026-03-05 04:29:19 [WARNING] root - Bloco de componentes falhou: cannot unpack non-iterable int object
2026-03-05 04:29:19 [INFO] scanner - ✅ Validações OK [ETH/USDT]: Score=7.3, R:R=2.00
2026-03-05 04:29:19 [INFO] scanner - ⏸️  Throttle ativo [ETH/USDT]:
2026-03-05 04:29:19 [INFO] scanner -    ├─ Último alerta há 1067.4 minutos
2026-03-05 04:29:19 [INFO] scanner -    ├─ Tempo mínimo: 1800 minutos
2026-03-05 04:29:19 [INFO] scanner -    └─ Próximo permitido em: 732.6 minutos
2026-03-05 05:00:42 [INFO] scanner - ============================================================
2026-03-05 05:00:42 [INFO] scanner - 🚀 SCANNER INICIADO
2026-03-05 05:00:42 [INFO] scanner - 📅 Data/Hora: 05/03/2026 05:00:42
2026-03-05 05:00:42 [INFO] scanner - 📂 Log: logs/scanner_2026-03-05.log
2026-03-05 05:00:42 [INFO] scanner - ============================================================
2026-03-05 05:00:42 [INFO] scanner - 📝 PAPER MODE ATIVO - Apenas registro e análise
2026-03-05 05:00:45 [WARNING] root - Bloco de componentes falhou: cannot unpack non-iterable int object
2026-03-05 05:00:45 [INFO] scanner - ✅ Validações OK [BTC/USDT]: Score=7.3, R:R=2.08
2026-03-05 05:00:45 [INFO] scanner - ⏸️  Throttle ativo [BTC/USDT]:
2026-03-05 05:00:45 [INFO] scanner -    ├─ Último alerta há 1098.9 minutos
2026-03-05 05:00:45 [INFO] scanner -    ├─ Tempo mínimo: 1800 minutos
2026-03-05 05:00:45 [INFO] scanner -    └─ Próximo permitido em: 701.1 minutos
2026-03-05 05:00:45 [WARNING] root - Bloco de componentes falhou: cannot unpack non-iterable int object
2026-03-05 05:00:45 [INFO] scanner - ✅ Validações OK [BTC/USDT]: Score=7.3, R:R=2.08
2026-03-05 05:00:45 [INFO] scanner - ⏸️  Throttle ativo [BTC/USDT]:
2026-03-05 05:00:45 [INFO] scanner -    ├─ Último alerta há 1098.9 minutos
2026-03-05 05:00:45 [INFO] scanner -    ├─ Tempo mínimo: 1800 minutos
2026-03-05 05:00:45 [INFO] scanner -    └─ Próximo permitido em: 701.1 minutos
2026-03-05 05:00:47 [WARNING] root - Bloco de componentes falhou: cannot unpack non-iterable int object
2026-03-05 05:00:47 [INFO] scanner - ✅ Validações OK [ETH/USDT]: Score=7.3, R:R=2.00
2026-03-05 05:00:47 [INFO] scanner - ⏸️  Throttle ativo [ETH/USDT]:
2026-03-05 05:00:47 [INFO] scanner -    ├─ Último alerta há 1098.9 minutos
2026-03-05 05:00:47 [INFO] scanner -    ├─ Tempo mínimo: 1800 minutos
2026-03-05 05:00:47 [INFO] scanner -    └─ Próximo permitido em: 701.1 minutos
2026-03-05 05:59:11 [INFO] scanner - ============================================================
2026-03-05 05:59:11 [INFO] scanner - 🚀 SCANNER INICIADO
2026-03-05 05:59:11 [INFO] scanner - 📅 Data/Hora: 05/03/2026 05:59:11
2026-03-05 05:59:11 [INFO] scanner - 📂 Log: logs/scanner_2026-03-05.log
2026-03-05 05:59:11 [INFO] scanner - ============================================================
2026-03-05 05:59:11 [INFO] scanner - 📝 PAPER MODE ATIVO - Apenas registro e análise
2026-03-05 05:59:14 [WARNING] root - Bloco de componentes falhou: cannot unpack non-iterable int object
2026-03-05 05:59:14 [INFO] scanner - ✅ Validações OK [BTC/USDT]: Score=7.8, R:R=2.08
2026-03-05 05:59:14 [INFO] scanner - ⏸️  Throttle ativo [BTC/USDT]:
2026-03-05 05:59:14 [INFO] scanner -    ├─ Último alerta há 1157.4 minutos
2026-03-05 05:59:14 [INFO] scanner -    ├─ Tempo mínimo: 1800 minutos
2026-03-05 05:59:14 [INFO] scanner -    └─ Próximo permitido em: 642.6 minutos
2026-03-05 05:59:14 [WARNING] root - Bloco de componentes falhou: cannot unpack non-iterable int object
2026-03-05 05:59:14 [INFO] scanner - ✅ Validações OK [BTC/USDT]: Score=7.8, R:R=2.08
2026-03-05 05:59:14 [INFO] scanner - ⏸️  Throttle ativo [BTC/USDT]:
2026-03-05 05:59:14 [INFO] scanner -    ├─ Último alerta há 1157.4 minutos
2026-03-05 05:59:14 [INFO] scanner -    ├─ Tempo mínimo: 1800 minutos
2026-03-05 05:59:14 [INFO] scanner -    └─ Próximo permitido em: 642.6 minutos
2026-03-05 05:59:16 [WARNING] root - Bloco de componentes falhou: cannot unpack non-iterable int object
2026-03-05 05:59:16 [INFO] scanner - ✅ Validações OK [ETH/USDT]: Score=7.8, R:R=2.00
2026-03-05 05:59:16 [INFO] scanner - ⏸️  Throttle ativo [ETH/USDT]:
2026-03-05 05:59:16 [INFO] scanner -    ├─ Último alerta há 1157.4 minutos
2026-03-05 05:59:16 [INFO] scanner -    ├─ Tempo mínimo: 1800 minutos
2026-03-05 05:59:16 [INFO] scanner -    └─ Próximo permitido em: 642.6 minutos
2026-03-05 05:59:17 [WARNING] root - Bloco de componentes falhou: cannot unpack non-iterable int object
2026-03-05 05:59:17 [INFO] scanner - ✅ Validações OK [ETH/USDT]: Score=7.8, R:R=2.00
2026-03-05 05:59:17 [INFO] scanner - ⏸️  Throttle ativo [ETH/USDT]:
2026-03-05 05:59:17 [INFO] scanner -    ├─ Último alerta há 1157.4 minutos
2026-03-05 05:59:17 [INFO] scanner -    ├─ Tempo mínimo: 1800 minutos
2026-03-05 05:59:17 [INFO] scanner -    └─ Próximo permitido em: 642.6 minutos
2026-03-05 06:46:41 [INFO] scanner - ============================================================
2026-03-05 06:46:41 [INFO] scanner - 🚀 SCANNER INICIADO
2026-03-05 06:46:41 [INFO] scanner - 📅 Data/Hora: 05/03/2026 06:46:41
2026-03-05 06:46:41 [INFO] scanner - 📂 Log: logs/scanner_2026-03-05.log
2026-03-05 06:46:41 [INFO] scanner - ============================================================
2026-03-05 06:46:41 [INFO] scanner - 📝 PAPER MODE ATIVO - Apenas registro e análise
2026-03-05 06:46:44 [WARNING] root - Bloco de componentes falhou: cannot unpack non-iterable int object
2026-03-05 06:46:44 [INFO] scanner - ✅ Validações OK [BTC/USDT]: Score=7.3, R:R=2.08
2026-03-05 06:46:44 [INFO] scanner - ⏸️  Throttle ativo [BTC/USDT]:
2026-03-05 06:46:44 [INFO] scanner -    ├─ Último alerta há 1204.9 minutos
2026-03-05 06:46:44 [INFO] scanner -    ├─ Tempo mínimo: 1800 minutos
2026-03-05 06:46:44 [INFO] scanner -    └─ Próximo permitido em: 595.1 minutos
2026-03-05 06:46:44 [WARNING] root - Bloco de componentes falhou: cannot unpack non-iterable int object
2026-03-05 06:46:44 [INFO] scanner - ✅ Validações OK [BTC/USDT]: Score=7.3, R:R=2.08
2026-03-05 06:46:44 [INFO] scanner - ⏸️  Throttle ativo [BTC/USDT]:
2026-03-05 06:46:44 [INFO] scanner -    ├─ Último alerta há 1204.9 minutos
2026-03-05 06:46:44 [INFO] scanner -    ├─ Tempo mínimo: 1800 minutos
2026-03-05 06:46:44 [INFO] scanner -    └─ Próximo permitido em: 595.1 minutos
2026-03-05 06:46:47 [WARNING] root - Bloco de componentes falhou: cannot unpack non-iterable int object
2026-03-05 06:46:47 [INFO] scanner - ✅ Validações OK [ETH/USDT]: Score=7.3, R:R=2.00
2026-03-05 06:46:47 [INFO] scanner - ⏸️  Throttle ativo [ETH/USDT]:
2026-03-05 06:46:47 [INFO] scanner -    ├─ Último alerta há 1204.9 minutos
2026-03-05 06:46:47 [INFO] scanner -    ├─ Tempo mínimo: 1800 minutos
2026-03-05 06:46:47 [INFO] scanner -    └─ Próximo permitido em: 595.1 minutos
2026-03-05 06:46:47 [WARNING] root - Bloco de componentes falhou: cannot unpack non-iterable int object
2026-03-05 06:46:47 [INFO] scanner - ✅ Validações OK [ETH/USDT]: Score=7.3, R:R=2.00
2026-03-05 06:46:47 [INFO] scanner - ⏸️  Throttle ativo [ETH/USDT]:
2026-03-05 06:46:47 [INFO] scanner -    ├─ Último alerta há 1204.9 minutos
2026-03-05 06:46:47 [INFO] scanner -    ├─ Tempo mínimo: 1800 minutos
2026-03-05 06:46:47 [INFO] scanner -    └─ Próximo permitido em: 595.1 minutos
2026-03-05 07:31:24 [INFO] scanner - ============================================================
2026-03-05 07:31:24 [INFO] scanner - 🚀 SCANNER INICIADO
2026-03-05 07:31:24 [INFO] scanner - 📅 Data/Hora: 05/03/2026 07:31:24
2026-03-05 07:31:24 [INFO] scanner - 📂 Log: logs/scanner_2026-03-05.log
2026-03-05 07:31:24 [INFO] scanner - ============================================================
2026-03-05 07:31:24 [INFO] scanner - 📝 PAPER MODE ATIVO - Apenas registro e análise
2026-03-05 07:31:27 [WARNING] root - Bloco de componentes falhou: cannot unpack non-iterable int object
2026-03-05 07:31:27 [INFO] scanner - ✅ Validações OK [BTC/USDT]: Score=7.3, R:R=2.08
2026-03-05 07:31:27 [INFO] scanner - ⏸️  Throttle ativo [BTC/USDT]:
2026-03-05 07:31:27 [INFO] scanner -    ├─ Último alerta há 1249.6 minutos
2026-03-05 07:31:27 [INFO] scanner -    ├─ Tempo mínimo: 1800 minutos
2026-03-05 07:31:27 [INFO] scanner -    └─ Próximo permitido em: 550.4 minutos
2026-03-05 07:31:27 [WARNING] root - Bloco de componentes falhou: cannot unpack non-iterable int object
2026-03-05 07:31:27 [INFO] scanner - ✅ Validações OK [BTC/USDT]: Score=7.3, R:R=2.08
2026-03-05 07:31:27 [INFO] scanner - ⏸️  Throttle ativo [BTC/USDT]:
2026-03-05 07:31:27 [INFO] scanner -    ├─ Último alerta há 1249.6 minutos
2026-03-05 07:31:27 [INFO] scanner -    ├─ Tempo mínimo: 1800 minutos
2026-03-05 07:31:27 [INFO] scanner -    └─ Próximo permitido em: 550.4 minutos
2026-03-05 07:31:29 [WARNING] root - Bloco de componentes falhou: cannot unpack non-iterable int object
2026-03-05 07:31:29 [INFO] scanner - ✅ Validações OK [ETH/USDT]: Score=7.3, R:R=2.00
2026-03-05 07:31:29 [INFO] scanner - ⏸️  Throttle ativo [ETH/USDT]:
2026-03-05 07:31:29 [INFO] scanner -    ├─ Último alerta há 1249.6 minutos
2026-03-05 07:31:29 [INFO] scanner -    ├─ Tempo mínimo: 1800 minutos
2026-03-05 07:31:29 [INFO] scanner -    └─ Próximo permitido em: 550.4 minutos
2026-03-05 07:31:29 [WARNING] root - Bloco de componentes falhou: cannot unpack non-iterable int object
2026-03-05 07:31:29 [INFO] scanner - ✅ Validações OK [ETH/USDT]: Score=7.3, R:R=2.00
2026-03-05 07:31:29 [INFO] scanner - ⏸️  Throttle ativo [ETH/USDT]:
2026-03-05 07:31:29 [INFO] scanner -    ├─ Último alerta há 1249.6 minutos
2026-03-05 07:31:29 [INFO] scanner -    ├─ Tempo mínimo: 1800 minutos
2026-03-05 07:31:29 [INFO] scanner -    └─ Próximo permitido em: 550.4 minutos
2026-03-05 08:20:12 [INFO] scanner - ============================================================
2026-03-05 08:20:12 [INFO] scanner - 🚀 SCANNER INICIADO
2026-03-05 08:20:12 [INFO] scanner - 📅 Data/Hora: 05/03/2026 08:20:12
2026-03-05 08:20:12 [INFO] scanner - 📂 Log: logs/scanner_2026-03-05.log
2026-03-05 08:20:12 [INFO] scanner - ============================================================
2026-03-05 08:20:12 [INFO] scanner - 📝 PAPER MODE ATIVO - Apenas registro e análise
2026-03-05 08:20:16 [WARNING] root - Bloco de componentes falhou: cannot unpack non-iterable int object
2026-03-05 08:20:16 [INFO] scanner - ✅ Validações OK [BTC/USDT]: Score=7.3, R:R=2.08
2026-03-05 08:20:16 [INFO] scanner - ⏸️  Throttle ativo [BTC/USDT]:
2026-03-05 08:20:16 [INFO] scanner -    ├─ Último alerta há 1298.4 minutos
2026-03-05 08:20:16 [INFO] scanner -    ├─ Tempo mínimo: 1800 minutos
2026-03-05 08:20:16 [INFO] scanner -    └─ Próximo permitido em: 501.6 minutos
2026-03-05 08:20:16 [WARNING] root - Bloco de componentes falhou: cannot unpack non-iterable int object
2026-03-05 08:20:16 [INFO] scanner - ✅ Validações OK [BTC/USDT]: Score=7.3, R:R=2.08
2026-03-05 08:20:16 [INFO] scanner - ⏸️  Throttle ativo [BTC/USDT]:
2026-03-05 08:20:16 [INFO] scanner -    ├─ Último alerta há 1298.4 minutos
2026-03-05 08:20:16 [INFO] scanner -    ├─ Tempo mínimo: 1800 minutos
2026-03-05 08:20:16 [INFO] scanner -    └─ Próximo permitido em: 501.6 minutos
2026-03-05 08:20:18 [WARNING] root - Bloco de componentes falhou: cannot unpack non-iterable int object
2026-03-05 08:20:18 [INFO] scanner - ✅ Validações OK [ETH/USDT]: Score=7.3, R:R=2.00
2026-03-05 08:20:18 [INFO] scanner - ⏸️  Throttle ativo [ETH/USDT]:
2026-03-05 08:20:18 [INFO] scanner -    ├─ Último alerta há 1298.4 minutos
2026-03-05 08:20:18 [INFO] scanner -    ├─ Tempo mínimo: 1800 minutos
2026-03-05 08:20:18 [INFO] scanner -    └─ Próximo permitido em: 501.6 minutos
2026-03-05 08:20:18 [WARNING] root - Bloco de componentes falhou: cannot unpack non-iterable int object
2026-03-05 08:20:18 [INFO] scanner - ✅ Validações OK [ETH/USDT]: Score=7.3, R:R=2.00
2026-03-05 08:20:18 [INFO] scanner - ⏸️  Throttle ativo [ETH/USDT]:
2026-03-05 08:20:18 [INFO] scanner -    ├─ Último alerta há 1298.4 minutos
2026-03-05 08:20:18 [INFO] scanner -    ├─ Tempo mínimo: 1800 minutos
2026-03-05 08:20:18 [INFO] scanner -    └─ Próximo permitido em: 501.6 minutos
2026-03-05 08:53:23 [INFO] scanner - ============================================================
2026-03-05 08:53:23 [INFO] scanner - 🚀 SCANNER INICIADO
2026-03-05 08:53:23 [INFO] scanner - 📅 Data/Hora: 05/03/2026 08:53:23
2026-03-05 08:53:23 [INFO] scanner - 📂 Log: logs/scanner_2026-03-05.log
2026-03-05 08:53:23 [INFO] scanner - ============================================================
2026-03-05 08:53:23 [INFO] scanner - 📝 PAPER MODE ATIVO - Apenas registro e análise
2026-03-05 08:53:27 [WARNING] root - Bloco de componentes falhou: cannot unpack non-iterable int object
2026-03-05 08:53:27 [INFO] scanner - ✅ Validações OK [BTC/USDT]: Score=7.3, R:R=2.08
2026-03-05 08:53:27 [INFO] scanner - ⏸️  Throttle ativo [BTC/USDT]:
2026-03-05 08:53:27 [INFO] scanner -    ├─ Último alerta há 1331.6 minutos
2026-03-05 08:53:27 [INFO] scanner -    ├─ Tempo mínimo: 1800 minutos
2026-03-05 08:53:27 [INFO] scanner -    └─ Próximo permitido em: 468.4 minutos
2026-03-05 08:53:27 [WARNING] root - Bloco de componentes falhou: cannot unpack non-iterable int object
2026-03-05 08:53:27 [INFO] scanner - ✅ Validações OK [BTC/USDT]: Score=7.3, R:R=2.08
2026-03-05 08:53:27 [INFO] scanner - ⏸️  Throttle ativo [BTC/USDT]:
2026-03-05 08:53:27 [INFO] scanner -    ├─ Último alerta há 1331.6 minutos
2026-03-05 08:53:27 [INFO] scanner -    ├─ Tempo mínimo: 1800 minutos
2026-03-05 08:53:27 [INFO] scanner -    └─ Próximo permitido em: 468.4 minutos
2026-03-05 08:53:29 [WARNING] root - Bloco de componentes falhou: cannot unpack non-iterable int object
2026-03-05 08:53:29 [INFO] scanner - ✅ Validações OK [ETH/USDT]: Score=7.3, R:R=2.00
2026-03-05 08:53:29 [INFO] scanner - ⏸️  Throttle ativo [ETH/USDT]:
2026-03-05 08:53:29 [INFO] scanner -    ├─ Último alerta há 1331.6 minutos
2026-03-05 08:53:29 [INFO] scanner -    ├─ Tempo mínimo: 1800 minutos
2026-03-05 08:53:29 [INFO] scanner -    └─ Próximo permitido em: 468.4 minutos
2026-03-05 08:53:29 [WARNING] root - Bloco de componentes falhou: cannot unpack non-iterable int object
2026-03-05 08:53:29 [INFO] scanner - ✅ Validações OK [ETH/USDT]: Score=7.3, R:R=2.00
2026-03-05 08:53:29 [INFO] scanner - ⏸️  Throttle ativo [ETH/USDT]:
2026-03-05 08:53:29 [INFO] scanner -    ├─ Último alerta há 1331.6 minutos
2026-03-05 08:53:29 [INFO] scanner -    ├─ Tempo mínimo: 1800 minutos
2026-03-05 08:53:29 [INFO] scanner -    └─ Próximo permitido em: 468.4 minutos
2026-03-05 09:40:19 [INFO] scanner - ============================================================
2026-03-05 09:40:19 [INFO] scanner - 🚀 SCANNER INICIADO
2026-03-05 09:40:19 [INFO] scanner - 📅 Data/Hora: 05/03/2026 09:40:19
2026-03-05 09:40:19 [INFO] scanner - 📂 Log: logs/scanner_2026-03-05.log
2026-03-05 09:40:19 [INFO] scanner - ============================================================
2026-03-05 09:40:19 [INFO] scanner - 📝 PAPER MODE ATIVO - Apenas registro e análise
2026-03-05 09:40:22 [WARNING] root - Bloco de componentes falhou: cannot unpack non-iterable int object
2026-03-05 09:40:22 [INFO] scanner - ✅ Validações OK [BTC/USDT]: Score=7.3, R:R=2.08
2026-03-05 09:40:22 [INFO] scanner - ⏸️  Throttle ativo [BTC/USDT]:
2026-03-05 09:40:22 [INFO] scanner -    ├─ Último alerta há 1378.5 minutos
2026-03-05 09:40:22 [INFO] scanner -    ├─ Tempo mínimo: 1800 minutos
2026-03-05 09:40:22 [INFO] scanner -    └─ Próximo permitido em: 421.5 minutos
2026-03-05 09:40:23 [WARNING] root - Bloco de componentes falhou: cannot unpack non-iterable int object
2026-03-05 09:40:23 [INFO] scanner - ✅ Validações OK [BTC/USDT]: Score=7.3, R:R=2.08
2026-03-05 09:40:23 [INFO] scanner - ⏸️  Throttle ativo [BTC/USDT]:
2026-03-05 09:40:23 [INFO] scanner -    ├─ Último alerta há 1378.5 minutos
2026-03-05 09:40:23 [INFO] scanner -    ├─ Tempo mínimo: 1800 minutos
2026-03-05 09:40:23 [INFO] scanner -    └─ Próximo permitido em: 421.5 minutos
2026-03-05 09:40:25 [WARNING] root - Bloco de componentes falhou: cannot unpack non-iterable int object
2026-03-05 09:40:25 [INFO] scanner - ✅ Validações OK [ETH/USDT]: Score=7.3, R:R=2.00
2026-03-05 09:40:25 [INFO] scanner - ⏸️  Throttle ativo [ETH/USDT]:
2026-03-05 09:40:25 [INFO] scanner -    ├─ Último alerta há 1378.5 minutos
2026-03-05 09:40:25 [INFO] scanner -    ├─ Tempo mínimo: 1800 minutos
2026-03-05 09:40:25 [INFO] scanner -    └─ Próximo permitido em: 421.5 minutos
2026-03-05 09:40:25 [WARNING] root - Bloco de componentes falhou: cannot unpack non-iterable int object
2026-03-05 09:40:25 [INFO] scanner - ✅ Validações OK [ETH/USDT]: Score=7.3, R:R=2.00
2026-03-05 09:40:25 [INFO] scanner - ⏸️  Throttle ativo [ETH/USDT]:
2026-03-05 09:40:25 [INFO] scanner -    ├─ Último alerta há 1378.5 minutos
2026-03-05 09:40:25 [INFO] scanner -    ├─ Tempo mínimo: 1800 minutos
2026-03-05 09:40:25 [INFO] scanner -    └─ Próximo permitido em: 421.5 minutos
2026-03-05 10:47:30 [INFO] scanner - ============================================================
2026-03-05 10:47:30 [INFO] scanner - 🚀 SCANNER INICIADO
2026-03-05 10:47:30 [INFO] scanner - 📅 Data/Hora: 05/03/2026 10:47:30
2026-03-05 10:47:30 [INFO] scanner - 📂 Log: logs/scanner_2026-03-05.log
2026-03-05 10:47:30 [INFO] scanner - ============================================================
2026-03-05 10:47:30 [INFO] scanner - 📝 PAPER MODE ATIVO - Apenas registro e análise
2026-03-05 10:47:33 [WARNING] root - Bloco de componentes falhou: cannot unpack non-iterable int object
2026-03-05 10:47:33 [INFO] scanner - ✅ Validações OK [BTC/USDT]: Score=7.3, R:R=2.08
2026-03-05 10:47:33 [INFO] scanner - ⏸️  Throttle ativo [BTC/USDT]:
2026-03-05 10:47:33 [INFO] scanner -    ├─ Último alerta há 1445.7 minutos
2026-03-05 10:47:33 [INFO] scanner -    ├─ Tempo mínimo: 1800 minutos
2026-03-05 10:47:33 [INFO] scanner -    └─ Próximo permitido em: 354.3 minutos
2026-03-05 10:47:36 [WARNING] root - Bloco de componentes falhou: cannot unpack non-iterable int object
2026-03-05 10:47:36 [INFO] scanner - ✅ Validações OK [ETH/USDT]: Score=7.3, R:R=2.00
2026-03-05 10:47:36 [INFO] scanner - ⏸️  Throttle ativo [ETH/USDT]:
2026-03-05 10:47:36 [INFO] scanner -    ├─ Último alerta há 1445.7 minutos
2026-03-05 10:47:36 [INFO] scanner -    ├─ Tempo mínimo: 1800 minutos
2026-03-05 10:47:36 [INFO] scanner -    └─ Próximo permitido em: 354.3 minutos
2026-03-05 11:40:40 [INFO] scanner - ============================================================
2026-03-05 11:40:40 [INFO] scanner - 🚀 SCANNER INICIADO
2026-03-05 11:40:40 [INFO] scanner - 📅 Data/Hora: 05/03/2026 11:40:40
2026-03-05 11:40:40 [INFO] scanner - 📂 Log: logs/scanner_2026-03-05.log
2026-03-05 11:40:40 [INFO] scanner - ============================================================
2026-03-05 11:40:40 [INFO] scanner - 📝 PAPER MODE ATIVO - Apenas registro e análise
2026-03-05 11:40:43 [WARNING] root - Bloco de componentes falhou: cannot unpack non-iterable int object
2026-03-05 11:40:43 [INFO] scanner - ✅ Validações OK [BTC/USDT]: Score=7.3, R:R=2.08
2026-03-05 11:40:43 [INFO] scanner - ⏸️  Throttle ativo [BTC/USDT]:
2026-03-05 11:40:43 [INFO] scanner -    ├─ Último alerta há 1498.9 minutos
2026-03-05 11:40:43 [INFO] scanner -    ├─ Tempo mínimo: 1800 minutos
2026-03-05 11:40:43 [INFO] scanner -    └─ Próximo permitido em: 301.1 minutos
2026-03-05 11:40:45 [WARNING] root - Bloco de componentes falhou: cannot unpack non-iterable int object
2026-03-05 11:40:45 [INFO] scanner - ✅ Validações OK [ETH/USDT]: Score=7.3, R:R=2.00
2026-03-05 11:40:45 [INFO] scanner - ⏸️  Throttle ativo [ETH/USDT]:
2026-03-05 11:40:45 [INFO] scanner -    ├─ Último alerta há 1498.9 minutos
2026-03-05 11:40:45 [INFO] scanner -    ├─ Tempo mínimo: 1800 minutos
2026-03-05 11:40:45 [INFO] scanner -    └─ Próximo permitido em: 301.1 minutos
2026-03-05 12:33:58 [INFO] scanner - ============================================================
2026-03-05 12:33:58 [INFO] scanner - 🚀 SCANNER INICIADO
2026-03-05 12:33:58 [INFO] scanner - 📅 Data/Hora: 05/03/2026 12:33:58
2026-03-05 12:33:58 [INFO] scanner - 📂 Log: logs/scanner_2026-03-05.log
2026-03-05 12:33:58 [INFO] scanner - ============================================================
2026-03-05 12:33:58 [INFO] scanner - 📝 PAPER MODE ATIVO - Apenas registro e análise
2026-03-05 12:34:02 [WARNING] root - Bloco de componentes falhou: cannot unpack non-iterable int object
2026-03-05 12:34:02 [INFO] scanner - ✅ Validações OK [BTC/USDT]: Score=7.8, R:R=2.08
2026-03-05 12:34:02 [INFO] scanner - ⏸️  Throttle ativo [BTC/USDT]:
2026-03-05 12:34:02 [INFO] scanner -    ├─ Último alerta há 1552.2 minutos
2026-03-05 12:34:02 [INFO] scanner -    ├─ Tempo mínimo: 1800 minutos
2026-03-05 12:34:02 [INFO] scanner -    └─ Próximo permitido em: 247.8 minutos
2026-03-05 12:34:03 [WARNING] root - Bloco de componentes falhou: cannot unpack non-iterable int object
2026-03-05 12:34:03 [INFO] scanner - ✅ Validações OK [BTC/USDT]: Score=7.8, R:R=2.08
2026-03-05 12:34:03 [INFO] scanner - ⏸️  Throttle ativo [BTC/USDT]:
2026-03-05 12:34:03 [INFO] scanner -    ├─ Último alerta há 1552.2 minutos
2026-03-05 12:34:03 [INFO] scanner -    ├─ Tempo mínimo: 1800 minutos
2026-03-05 12:34:03 [INFO] scanner -    └─ Próximo permitido em: 247.8 minutos
2026-03-05 12:34:05 [WARNING] root - Bloco de componentes falhou: cannot unpack non-iterable int object
2026-03-05 12:34:05 [INFO] scanner - ✅ Validações OK [ETH/USDT]: Score=7.8, R:R=2.00
2026-03-05 12:34:05 [INFO] scanner - ⏸️  Throttle ativo [ETH/USDT]:
2026-03-05 12:34:05 [INFO] scanner -    ├─ Último alerta há 1552.2 minutos
2026-03-05 12:34:05 [INFO] scanner -    ├─ Tempo mínimo: 1800 minutos
2026-03-05 12:34:05 [INFO] scanner -    └─ Próximo permitido em: 247.8 minutos
2026-03-05 12:34:05 [WARNING] root - Bloco de componentes falhou: cannot unpack non-iterable int object
2026-03-05 12:34:05 [INFO] scanner - ✅ Validações OK [ETH/USDT]: Score=7.8, R:R=2.00
2026-03-05 12:34:05 [INFO] scanner - ⏸️  Throttle ativo [ETH/USDT]:
2026-03-05 12:34:05 [INFO] scanner -    ├─ Último alerta há 1552.2 minutos
2026-03-05 12:34:05 [INFO] scanner -    ├─ Tempo mínimo: 1800 minutos
2026-03-05 12:34:05 [INFO] scanner -    └─ Próximo permitido em: 247.8 minutos
2026-03-05 14:49:05 [INFO] scanner - ============================================================
2026-03-05 14:49:05 [INFO] scanner - 🚀 SCANNER INICIADO
2026-03-05 14:49:05 [INFO] scanner - 📅 Data/Hora: 05/03/2026 14:49:05
2026-03-05 14:49:05 [INFO] scanner - 📂 Log: logs/scanner_2026-03-05.log
2026-03-05 14:49:05 [INFO] scanner - ============================================================
2026-03-05 14:49:05 [INFO] scanner - 📝 PAPER MODE ATIVO - Apenas registro e análise
2026-03-05 14:49:08 [WARNING] root - Bloco de componentes falhou: cannot unpack non-iterable int object
2026-03-05 14:49:08 [INFO] scanner - ✅ Validações OK [BTC/USDT]: Score=7.3, R:R=2.08
2026-03-05 14:49:08 [INFO] scanner - ⏸️  Throttle ativo [BTC/USDT]:
2026-03-05 14:49:08 [INFO] scanner -    ├─ Último alerta há 1687.3 minutos
2026-03-05 14:49:08 [INFO] scanner -    ├─ Tempo mínimo: 1800 minutos
2026-03-05 14:49:08 [INFO] scanner -    └─ Próximo permitido em: 112.7 minutos
2026-03-05 14:49:10 [WARNING] root - Bloco de componentes falhou: cannot unpack non-iterable int object
2026-03-05 14:49:10 [INFO] scanner - ✅ Validações OK [ETH/USDT]: Score=7.3, R:R=2.00
2026-03-05 14:49:10 [INFO] scanner - ⏸️  Throttle ativo [ETH/USDT]:
2026-03-05 14:49:10 [INFO] scanner -    ├─ Último alerta há 1687.3 minutos
2026-03-05 14:49:10 [INFO] scanner -    ├─ Tempo mínimo: 1800 minutos
2026-03-05 14:49:10 [INFO] scanner -    └─ Próximo permitido em: 112.7 minutos
