2026-01-20 03:25:03 [INFO] scanner - ============================================================
2026-01-20 03:25:03 [INFO] scanner - 🚀 SCANNER INICIADO
2026-01-20 03:25:03 [INFO] scanner - 📅 Data/Hora: 20/01/2026 03:25:03
2026-01-20 03:25:03 [INFO] scanner - 📂 Log: logs/scanner_2026-01-20.log
2026-01-20 03:25:03 [INFO] scanner - ============================================================
2026-01-20 03:25:03 [INFO] scanner - 📝 PAPER MODE ATIVO - Apenas registro e análise
2026-01-20 03:25:07 [WARNING] root - Bloco de componentes falhou: cannot unpack non-iterable int object
2026-01-20 03:25:07 [INFO] scanner - ✅ Validações OK [BTC/USDT]: Score=7.3, R:R=2.08
2026-01-20 03:25:07 [INFO] scanner - ✅ Throttle OK [BTC/USDT]: Pode enviar
2026-01-20 03:25:10 [WARNING] root - Bloco de componentes falhou: cannot unpack non-iterable int object
2026-01-20 03:25:10 [INFO] scanner - ✅ Validações OK [ETH/USDT]: Score=7.3, R:R=2.00
2026-01-20 03:25:10 [INFO] scanner - ⏸️  Throttle ativo [ETH/USDT]:
2026-01-20 03:25:10 [INFO] scanner -    ├─ Último alerta há 411.7 minutos
2026-01-20 03:25:10 [INFO] scanner -    ├─ Tempo mínimo: 1800 minutos
2026-01-20 03:25:10 [INFO] scanner -    └─ Próximo permitido em: 1388.3 minutos
2026-01-20 03:59:19 [INFO] scanner - ============================================================
2026-01-20 03:59:19 [INFO] scanner - 🚀 SCANNER INICIADO
2026-01-20 03:59:19 [INFO] scanner - 📅 Data/Hora: 20/01/2026 03:59:19
2026-01-20 03:59:19 [INFO] scanner - 📂 Log: logs/scanner_2026-01-20.log
2026-01-20 03:59:19 [INFO] scanner - ============================================================
2026-01-20 03:59:19 [INFO] scanner - 📝 PAPER MODE ATIVO - Apenas registro e análise
2026-01-20 03:59:22 [WARNING] root - Bloco de componentes falhou: cannot unpack non-iterable int object
2026-01-20 03:59:22 [INFO] scanner - ✅ Validações OK [BTC/USDT]: Score=7.8, R:R=2.08
2026-01-20 03:59:22 [INFO] scanner - ⏸️  Throttle ativo [BTC/USDT]:
2026-01-20 03:59:22 [INFO] scanner -    ├─ Último alerta há 34.3 minutos
2026-01-20 03:59:22 [INFO] scanner -    ├─ Tempo mínimo: 1800 minutos
2026-01-20 03:59:22 [INFO] scanner -    └─ Próximo permitido em: 1765.7 minutos
2026-01-20 03:59:23 [WARNING] root - Bloco de componentes falhou: cannot unpack non-iterable int object
2026-01-20 03:59:23 [INFO] scanner - ✅ Validações OK [BTC/USDT]: Score=7.8, R:R=2.08
2026-01-20 03:59:23 [INFO] scanner - ⏸️  Throttle ativo [BTC/USDT]:
2026-01-20 03:59:23 [INFO] scanner -    ├─ Último alerta há 34.3 minutos
2026-01-20 03:59:23 [INFO] scanner -    ├─ Tempo mínimo: 1800 minutos
2026-01-20 03:59:23 [INFO] scanner -    └─ Próximo permitido em: 1765.7 minutos
2026-01-20 03:59:25 [WARNING] root - Bloco de componentes falhou: cannot unpack non-iterable int object
2026-01-20 03:59:25 [INFO] scanner - ✅ Validações OK [ETH/USDT]: Score=7.8, R:R=2.00
2026-01-20 03:59:25 [INFO] scanner - ⏸️  Throttle ativo [ETH/USDT]:
2026-01-20 03:59:25 [INFO] scanner -    ├─ Último alerta há 446.0 minutos
2026-01-20 03:59:25 [INFO] scanner -    ├─ Tempo mínimo: 1800 minutos
2026-01-20 03:59:25 [INFO] scanner -    └─ Próximo permitido em: 1354.0 minutos
2026-01-20 03:59:25 [WARNING] root - Bloco de componentes falhou: cannot unpack non-iterable int object
2026-01-20 03:59:25 [INFO] scanner - ✅ Validações OK [ETH/USDT]: Score=7.8, R:R=2.00
2026-01-20 03:59:25 [INFO] scanner - ⏸️  Throttle ativo [ETH/USDT]:
2026-01-20 03:59:25 [INFO] scanner -    ├─ Último alerta há 446.0 minutos
2026-01-20 03:59:25 [INFO] scanner -    ├─ Tempo mínimo: 1800 minutos
2026-01-20 03:59:25 [INFO] scanner -    └─ Próximo permitido em: 1354.0 minutos
2026-01-20 04:30:14 [INFO] scanner - ============================================================
2026-01-20 04:30:14 [INFO] scanner - 🚀 SCANNER INICIADO
2026-01-20 04:30:14 [INFO] scanner - 📅 Data/Hora: 20/01/2026 04:30:14
2026-01-20 04:30:14 [INFO] scanner - 📂 Log: logs/scanner_2026-01-20.log
2026-01-20 04:30:14 [INFO] scanner - ============================================================
2026-01-20 04:30:14 [INFO] scanner - 📝 PAPER MODE ATIVO - Apenas registro e análise
2026-01-20 04:49:43 [INFO] scanner - ============================================================
2026-01-20 04:49:43 [INFO] scanner - 🚀 SCANNER INICIADO
2026-01-20 04:49:43 [INFO] scanner - 📅 Data/Hora: 20/01/2026 04:49:43
2026-01-20 04:49:43 [INFO] scanner - 📂 Log: logs/scanner_2026-01-20.log
2026-01-20 04:49:43 [INFO] scanner - ============================================================
2026-01-20 04:49:43 [INFO] scanner - 📝 PAPER MODE ATIVO - Apenas registro e análise
2026-01-20 04:49:47 [WARNING] root - Bloco de componentes falhou: cannot unpack non-iterable int object
2026-01-20 04:49:47 [INFO] scanner - ✅ Validações OK [BTC/USDT]: Score=7.3, R:R=2.08
2026-01-20 04:49:47 [INFO] scanner - ⏸️  Throttle ativo [BTC/USDT]:
2026-01-20 04:49:47 [INFO] scanner -    ├─ Último alerta há 84.7 minutos
2026-01-20 04:49:47 [INFO] scanner -    ├─ Tempo mínimo: 1800 minutos
2026-01-20 04:49:47 [INFO] scanner -    └─ Próximo permitido em: 1715.3 minutos
2026-01-20 04:49:49 [WARNING] root - Bloco de componentes falhou: cannot unpack non-iterable int object
2026-01-20 04:49:49 [INFO] scanner - ✅ Validações OK [ETH/USDT]: Score=7.3, R:R=2.00
2026-01-20 04:49:49 [INFO] scanner - ⏸️  Throttle ativo [ETH/USDT]:
2026-01-20 04:49:49 [INFO] scanner -    ├─ Último alerta há 496.4 minutos
2026-01-20 04:49:49 [INFO] scanner -    ├─ Tempo mínimo: 1800 minutos
2026-01-20 04:49:49 [INFO] scanner -    └─ Próximo permitido em: 1303.6 minutos
2026-01-20 04:49:50 [WARNING] root - Bloco de componentes falhou: cannot unpack non-iterable int object
2026-01-20 04:49:50 [INFO] scanner - ✅ Validações OK [ETH/USDT]: Score=7.3, R:R=2.00
2026-01-20 04:49:50 [INFO] scanner - ⏸️  Throttle ativo [ETH/USDT]:
2026-01-20 04:49:50 [INFO] scanner -    ├─ Último alerta há 496.4 minutos
2026-01-20 04:49:50 [INFO] scanner -    ├─ Tempo mínimo: 1800 minutos
2026-01-20 04:49:50 [INFO] scanner -    └─ Próximo permitido em: 1303.6 minutos
