2026-01-06 03:22:26 [INFO] scanner - ============================================================
2026-01-06 03:22:26 [INFO] scanner - 🚀 SCANNER INICIADO
2026-01-06 03:22:26 [INFO] scanner - 📅 Data/Hora: 06/01/2026 03:22:26
2026-01-06 03:22:26 [INFO] scanner - 📂 Log: logs/scanner_2026-01-06.log
2026-01-06 03:22:26 [INFO] scanner - ============================================================
2026-01-06 03:22:26 [INFO] scanner - 📝 PAPER MODE ATIVO - Apenas registro e análise
2026-01-06 03:22:29 [WARNING] root - Bloco de componentes falhou: cannot unpack non-iterable int object
2026-01-06 03:22:29 [INFO] scanner - ✅ Validações OK [BTC/USDT]: Score=7.3, R:R=2.08
2026-01-06 03:22:29 [INFO] scanner - ⏸️  Throttle ativo [BTC/USDT]:
2026-01-06 03:22:29 [INFO] scanner -    ├─ Último alerta há 1072.3 minutos
2026-01-06 03:22:29 [INFO] scanner -    ├─ Tempo mínimo: 1800 minutos
2026-01-06 03:22:29 [INFO] scanner -    └─ Próximo permitido em: 727.7 minutos
2026-01-06 03:22:31 [WARNING] root - Bloco de componentes falhou: cannot unpack non-iterable int object
2026-01-06 03:22:31 [INFO] scanner - ✅ Validações OK [ETH/USDT]: Score=7.3, R:R=2.00
2026-01-06 03:22:31 [INFO] scanner - ✅ Throttle OK [ETH/USDT]: Pode enviar
2026-01-06 03:22:31 [INFO] scanner - 📝 Sinal no ledger: 20260106_032231_705048 - ETH/USDT
2026-01-06 03:22:31 [INFO] scanner - 📨 Alerta enviado | ID Ledger: 20260106_032231_705048
2026-01-06 03:56:17 [INFO] scanner - ============================================================
2026-01-06 03:56:17 [INFO] scanner - 🚀 SCANNER INICIADO
2026-01-06 03:56:17 [INFO] scanner - 📅 Data/Hora: 06/01/2026 03:56:17
2026-01-06 03:56:17 [INFO] scanner - 📂 Log: logs/scanner_2026-01-06.log
2026-01-06 03:56:17 [INFO] scanner - ============================================================
2026-01-06 03:56:17 [INFO] scanner - 📝 PAPER MODE ATIVO - Apenas registro e análise
2026-01-06 03:56:20 [WARNING] root - Bloco de componentes falhou: cannot unpack non-iterable int object
2026-01-06 03:56:20 [INFO] scanner - ✅ Validações OK [BTC/USDT]: Score=7.3, R:R=2.08
2026-01-06 03:56:20 [INFO] scanner - ⏸️  Throttle ativo [BTC/USDT]:
2026-01-06 03:56:20 [INFO] scanner -    ├─ Último alerta há 1106.2 minutos
2026-01-06 03:56:20 [INFO] scanner -    ├─ Tempo mínimo: 1800 minutos
2026-01-06 03:56:20 [INFO] scanner -    └─ Próximo permitido em: 693.8 minutos
2026-01-06 03:56:20 [WARNING] root - Bloco de componentes falhou: cannot unpack non-iterable int object
2026-01-06 03:56:20 [INFO] scanner - ✅ Validações OK [BTC/USDT]: Score=7.3, R:R=2.08
2026-01-06 03:56:20 [INFO] scanner - ⏸️  Throttle ativo [BTC/USDT]:
2026-01-06 03:56:20 [INFO] scanner -    ├─ Último alerta há 1106.2 minutos
2026-01-06 03:56:20 [INFO] scanner -    ├─ Tempo mínimo: 1800 minutos
2026-01-06 03:56:20 [INFO] scanner -    └─ Próximo permitido em: 693.8 minutos
2026-01-06 03:56:22 [WARNING] root - Bloco de componentes falhou: cannot unpack non-iterable int object
2026-01-06 03:56:22 [INFO] scanner - ✅ Validações OK [ETH/USDT]: Score=7.3, R:R=2.00
2026-01-06 03:56:22 [INFO] scanner - ⏸️  Throttle ativo [ETH/USDT]:
2026-01-06 03:56:22 [INFO] scanner -    ├─ Último alerta há 33.9 minutos
2026-01-06 03:56:22 [INFO] scanner -    ├─ Tempo mínimo: 1800 minutos
2026-01-06 03:56:22 [INFO] scanner -    └─ Próximo permitido em: 1766.1 minutos
2026-01-06 03:56:23 [WARNING] root - Bloco de componentes falhou: cannot unpack non-iterable int object
2026-01-06 03:56:23 [INFO] scanner - ✅ Validações OK [ETH/USDT]: Score=7.3, R:R=2.00
2026-01-06 03:56:23 [INFO] scanner - ⏸️  Throttle ativo [ETH/USDT]:
2026-01-06 03:56:23 [INFO] scanner -    ├─ Último alerta há 33.9 minutos
2026-01-06 03:56:23 [INFO] scanner -    ├─ Tempo mínimo: 1800 minutos
2026-01-06 03:56:23 [INFO] scanner -    └─ Próximo permitido em: 1766.1 minutos
2026-01-06 04:22:01 [INFO] scanner - ============================================================
2026-01-06 04:22:01 [INFO] scanner - 🚀 SCANNER INICIADO
2026-01-06 04:22:01 [INFO] scanner - 📅 Data/Hora: 06/01/2026 04:22:01
2026-01-06 04:22:01 [INFO] scanner - 📂 Log: logs/scanner_2026-01-06.log
2026-01-06 04:22:01 [INFO] scanner - ============================================================
2026-01-06 04:22:01 [INFO] scanner - 📝 PAPER MODE ATIVO - Apenas registro e análise
2026-01-06 04:22:05 [WARNING] root - Bloco de componentes falhou: cannot unpack non-iterable int object
2026-01-06 04:22:05 [INFO] scanner - ✅ Validações OK [BTC/USDT]: Score=7.3, R:R=2.08
2026-01-06 04:22:05 [INFO] scanner - ⏸️  Throttle ativo [BTC/USDT]:
2026-01-06 04:22:05 [INFO] scanner -    ├─ Último alerta há 1131.9 minutos
2026-01-06 04:22:05 [INFO] scanner -    ├─ Tempo mínimo: 1800 minutos
2026-01-06 04:22:05 [INFO] scanner -    └─ Próximo permitido em: 668.1 minutos
2026-01-06 04:22:05 [WARNING] root - Bloco de componentes falhou: cannot unpack non-iterable int object
2026-01-06 04:22:05 [INFO] scanner - ✅ Validações OK [BTC/USDT]: Score=7.3, R:R=2.08
2026-01-06 04:22:05 [INFO] scanner - ⏸️  Throttle ativo [BTC/USDT]:
2026-01-06 04:22:05 [INFO] scanner -    ├─ Último alerta há 1131.9 minutos
2026-01-06 04:22:05 [INFO] scanner -    ├─ Tempo mínimo: 1800 minutos
2026-01-06 04:22:05 [INFO] scanner -    └─ Próximo permitido em: 668.1 minutos
2026-01-06 04:22:08 [WARNING] root - Bloco de componentes falhou: cannot unpack non-iterable int object
2026-01-06 04:22:08 [INFO] scanner - ✅ Validações OK [ETH/USDT]: Score=7.3, R:R=2.00
2026-01-06 04:22:08 [INFO] scanner - ⏸️  Throttle ativo [ETH/USDT]:
2026-01-06 04:22:08 [INFO] scanner -    ├─ Último alerta há 59.6 minutos
2026-01-06 04:22:08 [INFO] scanner -    ├─ Tempo mínimo: 1800 minutos
2026-01-06 04:22:08 [INFO] scanner -    └─ Próximo permitido em: 1740.4 minutos
2026-01-06 04:22:08 [WARNING] root - Bloco de componentes falhou: cannot unpack non-iterable int object
2026-01-06 04:22:08 [INFO] scanner - ✅ Validações OK [ETH/USDT]: Score=7.3, R:R=2.00
2026-01-06 04:22:08 [INFO] scanner - ⏸️  Throttle ativo [ETH/USDT]:
2026-01-06 04:22:08 [INFO] scanner -    ├─ Último alerta há 59.6 minutos
2026-01-06 04:22:08 [INFO] scanner -    ├─ Tempo mínimo: 1800 minutos
2026-01-06 04:22:08 [INFO] scanner -    └─ Próximo permitido em: 1740.4 minutos
2026-01-06 04:44:37 [INFO] scanner - ============================================================
2026-01-06 04:44:37 [INFO] scanner - 🚀 SCANNER INICIADO
2026-01-06 04:44:37 [INFO] scanner - 📅 Data/Hora: 06/01/2026 04:44:37
2026-01-06 04:44:37 [INFO] scanner - 📂 Log: logs/scanner_2026-01-06.log
2026-01-06 04:44:37 [INFO] scanner - ============================================================
2026-01-06 04:44:37 [INFO] scanner - 📝 PAPER MODE ATIVO - Apenas registro e análise
2026-01-06 04:44:42 [WARNING] root - Bloco de componentes falhou: cannot unpack non-iterable int object
2026-01-06 04:44:42 [INFO] scanner - ✅ Validações OK [BTC/USDT]: Score=7.8, R:R=2.08
2026-01-06 04:44:42 [INFO] scanner - ⏸️  Throttle ativo [BTC/USDT]:
2026-01-06 04:44:42 [INFO] scanner -    ├─ Último alerta há 1154.5 minutos
2026-01-06 04:44:42 [INFO] scanner -    ├─ Tempo mínimo: 1800 minutos
2026-01-06 04:44:42 [INFO] scanner -    └─ Próximo permitido em: 645.5 minutos
2026-01-06 04:44:42 [WARNING] root - Bloco de componentes falhou: cannot unpack non-iterable int object
2026-01-06 04:44:42 [INFO] scanner - ✅ Validações OK [BTC/USDT]: Score=7.8, R:R=2.08
2026-01-06 04:44:42 [INFO] scanner - ⏸️  Throttle ativo [BTC/USDT]:
2026-01-06 04:44:42 [INFO] scanner -    ├─ Último alerta há 1154.5 minutos
2026-01-06 04:44:42 [INFO] scanner -    ├─ Tempo mínimo: 1800 minutos
2026-01-06 04:44:42 [INFO] scanner -    └─ Próximo permitido em: 645.5 minutos
2026-01-06 04:44:44 [WARNING] root - Bloco de componentes falhou: cannot unpack non-iterable int object
2026-01-06 04:44:44 [INFO] scanner - ✅ Validações OK [ETH/USDT]: Score=7.3, R:R=2.00
2026-01-06 04:44:44 [INFO] scanner - ⏸️  Throttle ativo [ETH/USDT]:
2026-01-06 04:44:44 [INFO] scanner -    ├─ Último alerta há 82.2 minutos
2026-01-06 04:44:44 [INFO] scanner -    ├─ Tempo mínimo: 1800 minutos
2026-01-06 04:44:44 [INFO] scanner -    └─ Próximo permitido em: 1717.8 minutos
2026-01-06 04:44:45 [WARNING] root - Bloco de componentes falhou: cannot unpack non-iterable int object
2026-01-06 04:44:45 [INFO] scanner - ✅ Validações OK [ETH/USDT]: Score=7.3, R:R=2.00
2026-01-06 04:44:45 [INFO] scanner - ⏸️  Throttle ativo [ETH/USDT]:
2026-01-06 04:44:45 [INFO] scanner -    ├─ Último alerta há 82.2 minutos
2026-01-06 04:44:45 [INFO] scanner -    ├─ Tempo mínimo: 1800 minutos
2026-01-06 04:44:45 [INFO] scanner -    └─ Próximo permitido em: 1717.8 minutos
2026-01-06 04:54:20 [INFO] scanner - ============================================================
2026-01-06 04:54:20 [INFO] scanner - 🚀 SCANNER INICIADO
2026-01-06 04:54:20 [INFO] scanner - 📅 Data/Hora: 06/01/2026 04:54:20
2026-01-06 04:54:20 [INFO] scanner - 📂 Log: logs/scanner_2026-01-06.log
2026-01-06 04:54:20 [INFO] scanner - ============================================================
2026-01-06 04:54:20 [INFO] scanner - 📝 PAPER MODE ATIVO - Apenas registro e análise
2026-01-06 04:54:23 [WARNING] root - Bloco de componentes falhou: cannot unpack non-iterable int object
2026-01-06 04:54:23 [INFO] scanner - ✅ Validações OK [BTC/USDT]: Score=9.8, R:R=2.08
2026-01-06 04:54:23 [INFO] scanner - ⏸️  Throttle ativo [BTC/USDT]:
2026-01-06 04:54:23 [INFO] scanner -    ├─ Último alerta há 1164.2 minutos
2026-01-06 04:54:23 [INFO] scanner -    ├─ Tempo mínimo: 1800 minutos
2026-01-06 04:54:23 [INFO] scanner -    └─ Próximo permitido em: 635.8 minutos
2026-01-06 04:54:23 [WARNING] root - Bloco de componentes falhou: cannot unpack non-iterable int object
2026-01-06 04:54:23 [INFO] scanner - ✅ Validações OK [BTC/USDT]: Score=7.8, R:R=2.08
2026-01-06 04:54:23 [INFO] scanner - ⏸️  Throttle ativo [BTC/USDT]:
2026-01-06 04:54:23 [INFO] scanner -    ├─ Último alerta há 1164.2 minutos
2026-01-06 04:54:23 [INFO] scanner -    ├─ Tempo mínimo: 1800 minutos
2026-01-06 04:54:23 [INFO] scanner -    └─ Próximo permitido em: 635.8 minutos
2026-01-06 04:54:24 [WARNING] root - Bloco de componentes falhou: cannot unpack non-iterable int object
2026-01-06 04:54:24 [INFO] scanner - ✅ Validações OK [BTC/USDT]: Score=7.8, R:R=2.08
2026-01-06 04:54:24 [INFO] scanner - ⏸️  Throttle ativo [BTC/USDT]:
2026-01-06 04:54:24 [INFO] scanner -    ├─ Último alerta há 1164.2 minutos
2026-01-06 04:54:24 [INFO] scanner -    ├─ Tempo mínimo: 1800 minutos
2026-01-06 04:54:24 [INFO] scanner -    └─ Próximo permitido em: 635.8 minutos
2026-01-06 04:54:26 [WARNING] root - Bloco de componentes falhou: cannot unpack non-iterable int object
2026-01-06 04:54:26 [INFO] scanner - ✅ Validações OK [ETH/USDT]: Score=7.3, R:R=2.00
2026-01-06 04:54:26 [INFO] scanner - ⏸️  Throttle ativo [ETH/USDT]:
2026-01-06 04:54:26 [INFO] scanner -    ├─ Último alerta há 91.9 minutos
2026-01-06 04:54:26 [INFO] scanner -    ├─ Tempo mínimo: 1800 minutos
2026-01-06 04:54:26 [INFO] scanner -    └─ Próximo permitido em: 1708.1 minutos
2026-01-06 04:54:26 [WARNING] root - Bloco de componentes falhou: cannot unpack non-iterable int object
2026-01-06 04:54:26 [INFO] scanner - ✅ Validações OK [ETH/USDT]: Score=7.3, R:R=2.00
2026-01-06 04:54:26 [INFO] scanner - ⏸️  Throttle ativo [ETH/USDT]:
2026-01-06 04:54:26 [INFO] scanner -    ├─ Último alerta há 91.9 minutos
2026-01-06 04:54:26 [INFO] scanner -    ├─ Tempo mínimo: 1800 minutos
2026-01-06 04:54:26 [INFO] scanner -    └─ Próximo permitido em: 1708.1 minutos
2026-01-06 05:20:43 [INFO] scanner - ============================================================
2026-01-06 05:20:43 [INFO] scanner - 🚀 SCANNER INICIADO
2026-01-06 05:20:43 [INFO] scanner - 📅 Data/Hora: 06/01/2026 05:20:43
2026-01-06 05:20:43 [INFO] scanner - 📂 Log: logs/scanner_2026-01-06.log
2026-01-06 05:20:43 [INFO] scanner - ============================================================
2026-01-06 05:20:43 [INFO] scanner - 📝 PAPER MODE ATIVO - Apenas registro e análise
2026-01-06 05:20:46 [WARNING] root - Bloco de componentes falhou: cannot unpack non-iterable int object
2026-01-06 05:20:46 [INFO] scanner - ✅ Validações OK [BTC/USDT]: Score=7.3, R:R=2.08
2026-01-06 05:20:46 [INFO] scanner - ⏸️  Throttle ativo [BTC/USDT]:
2026-01-06 05:20:46 [INFO] scanner -    ├─ Último alerta há 1190.6 minutos
2026-01-06 05:20:46 [INFO] scanner -    ├─ Tempo mínimo: 1800 minutos
2026-01-06 05:20:46 [INFO] scanner -    └─ Próximo permitido em: 609.4 minutos
2026-01-06 05:20:47 [WARNING] root - Bloco de componentes falhou: cannot unpack non-iterable int object
2026-01-06 05:20:47 [INFO] scanner - ✅ Validações OK [BTC/USDT]: Score=7.3, R:R=2.08
2026-01-06 05:20:47 [INFO] scanner - ⏸️  Throttle ativo [BTC/USDT]:
2026-01-06 05:20:47 [INFO] scanner -    ├─ Último alerta há 1190.6 minutos
2026-01-06 05:20:47 [INFO] scanner -    ├─ Tempo mínimo: 1800 minutos
2026-01-06 05:20:47 [INFO] scanner -    └─ Próximo permitido em: 609.4 minutos
2026-01-06 05:20:49 [WARNING] root - Bloco de componentes falhou: cannot unpack non-iterable int object
2026-01-06 05:20:49 [INFO] scanner - ✅ Validações OK [ETH/USDT]: Score=7.3, R:R=2.00
2026-01-06 05:20:49 [INFO] scanner - ⏸️  Throttle ativo [ETH/USDT]:
2026-01-06 05:20:49 [INFO] scanner -    ├─ Último alerta há 118.3 minutos
2026-01-06 05:20:49 [INFO] scanner -    ├─ Tempo mínimo: 1800 minutos
2026-01-06 05:20:49 [INFO] scanner -    └─ Próximo permitido em: 1681.7 minutos
2026-01-06 05:52:00 [INFO] scanner - ============================================================
2026-01-06 05:52:00 [INFO] scanner - 🚀 SCANNER INICIADO
2026-01-06 05:52:00 [INFO] scanner - 📅 Data/Hora: 06/01/2026 05:52:00
2026-01-06 05:52:00 [INFO] scanner - 📂 Log: logs/scanner_2026-01-06.log
2026-01-06 05:52:00 [INFO] scanner - ============================================================
2026-01-06 05:52:00 [INFO] scanner - 📝 PAPER MODE ATIVO - Apenas registro e análise
2026-01-06 05:52:03 [WARNING] root - Bloco de componentes falhou: cannot unpack non-iterable int object
2026-01-06 05:52:03 [INFO] scanner - ✅ Validações OK [BTC/USDT]: Score=7.3, R:R=2.08
2026-01-06 05:52:03 [INFO] scanner - ⏸️  Throttle ativo [BTC/USDT]:
2026-01-06 05:52:03 [INFO] scanner -    ├─ Último alerta há 1221.9 minutos
2026-01-06 05:52:03 [INFO] scanner -    ├─ Tempo mínimo: 1800 minutos
2026-01-06 05:52:03 [INFO] scanner -    └─ Próximo permitido em: 578.1 minutos
2026-01-06 05:52:06 [WARNING] root - Bloco de componentes falhou: cannot unpack non-iterable int object
2026-01-06 05:52:06 [INFO] scanner - ✅ Validações OK [ETH/USDT]: Score=7.3, R:R=2.00
2026-01-06 05:52:06 [INFO] scanner - ⏸️  Throttle ativo [ETH/USDT]:
2026-01-06 05:52:06 [INFO] scanner -    ├─ Último alerta há 149.6 minutos
2026-01-06 05:52:06 [INFO] scanner -    ├─ Tempo mínimo: 1800 minutos
2026-01-06 05:52:06 [INFO] scanner -    └─ Próximo permitido em: 1650.4 minutos
2026-01-06 05:52:06 [WARNING] root - Bloco de componentes falhou: cannot unpack non-iterable int object
2026-01-06 05:52:06 [INFO] scanner - ✅ Validações OK [ETH/USDT]: Score=7.3, R:R=2.00
2026-01-06 05:52:06 [INFO] scanner - ⏸️  Throttle ativo [ETH/USDT]:
2026-01-06 05:52:06 [INFO] scanner -    ├─ Último alerta há 149.6 minutos
2026-01-06 05:52:06 [INFO] scanner -    ├─ Tempo mínimo: 1800 minutos
2026-01-06 05:52:06 [INFO] scanner -    └─ Próximo permitido em: 1650.4 minutos
2026-01-06 06:19:44 [INFO] scanner - ============================================================
2026-01-06 06:19:44 [INFO] scanner - 🚀 SCANNER INICIADO
2026-01-06 06:19:44 [INFO] scanner - 📅 Data/Hora: 06/01/2026 06:19:44
2026-01-06 06:19:44 [INFO] scanner - 📂 Log: logs/scanner_2026-01-06.log
2026-01-06 06:19:44 [INFO] scanner - ============================================================
2026-01-06 06:19:44 [INFO] scanner - 📝 PAPER MODE ATIVO - Apenas registro e análise
2026-01-06 06:19:47 [WARNING] root - Bloco de componentes falhou: cannot unpack non-iterable int object
2026-01-06 06:19:47 [INFO] scanner - ✅ Validações OK [BTC/USDT]: Score=7.3, R:R=2.08
2026-01-06 06:19:47 [INFO] scanner - ⏸️  Throttle ativo [BTC/USDT]:
2026-01-06 06:19:47 [INFO] scanner -    ├─ Último alerta há 1249.6 minutos
2026-01-06 06:19:47 [INFO] scanner -    ├─ Tempo mínimo: 1800 minutos
2026-01-06 06:19:47 [INFO] scanner -    └─ Próximo permitido em: 550.4 minutos
2026-01-06 06:19:47 [WARNING] root - Bloco de componentes falhou: cannot unpack non-iterable int object
2026-01-06 06:19:47 [INFO] scanner - ✅ Validações OK [BTC/USDT]: Score=7.3, R:R=2.08
2026-01-06 06:19:47 [INFO] scanner - ⏸️  Throttle ativo [BTC/USDT]:
2026-01-06 06:19:47 [INFO] scanner -    ├─ Último alerta há 1249.6 minutos
2026-01-06 06:19:47 [INFO] scanner -    ├─ Tempo mínimo: 1800 minutos
2026-01-06 06:19:47 [INFO] scanner -    └─ Próximo permitido em: 550.4 minutos
2026-01-06 06:19:49 [WARNING] root - Bloco de componentes falhou: cannot unpack non-iterable int object
2026-01-06 06:19:49 [INFO] scanner - ✅ Validações OK [ETH/USDT]: Score=7.3, R:R=2.00
2026-01-06 06:19:49 [INFO] scanner - ⏸️  Throttle ativo [ETH/USDT]:
2026-01-06 06:19:49 [INFO] scanner -    ├─ Último alerta há 177.3 minutos
2026-01-06 06:19:49 [INFO] scanner -    ├─ Tempo mínimo: 1800 minutos
2026-01-06 06:19:49 [INFO] scanner -    └─ Próximo permitido em: 1622.7 minutos
2026-01-06 06:19:49 [WARNING] root - Bloco de componentes falhou: cannot unpack non-iterable int object
2026-01-06 06:19:49 [INFO] scanner - ✅ Validações OK [ETH/USDT]: Score=7.3, R:R=2.00
2026-01-06 06:19:49 [INFO] scanner - ⏸️  Throttle ativo [ETH/USDT]:
2026-01-06 06:19:49 [INFO] scanner -    ├─ Último alerta há 177.3 minutos
2026-01-06 06:19:49 [INFO] scanner -    ├─ Tempo mínimo: 1800 minutos
2026-01-06 06:19:49 [INFO] scanner -    └─ Próximo permitido em: 1622.7 minutos
2026-01-06 06:46:26 [INFO] scanner - ============================================================
2026-01-06 06:46:26 [INFO] scanner - 🚀 SCANNER INICIADO
2026-01-06 06:46:26 [INFO] scanner - 📅 Data/Hora: 06/01/2026 06:46:26
2026-01-06 06:46:26 [INFO] scanner - 📂 Log: logs/scanner_2026-01-06.log
2026-01-06 06:46:26 [INFO] scanner - ============================================================
2026-01-06 06:46:26 [INFO] scanner - 📝 PAPER MODE ATIVO - Apenas registro e análise
2026-01-06 06:46:29 [WARNING] root - Bloco de componentes falhou: cannot unpack non-iterable int object
2026-01-06 06:46:29 [INFO] scanner - ✅ Validações OK [BTC/USDT]: Score=9.8, R:R=2.08
2026-01-06 06:46:29 [INFO] scanner - ⏸️  Throttle ativo [BTC/USDT]:
2026-01-06 06:46:29 [INFO] scanner -    ├─ Último alerta há 1276.3 minutos
2026-01-06 06:46:29 [INFO] scanner -    ├─ Tempo mínimo: 1800 minutos
2026-01-06 06:46:29 [INFO] scanner -    └─ Próximo permitido em: 523.7 minutos
2026-01-06 06:46:30 [WARNING] root - Bloco de componentes falhou: cannot unpack non-iterable int object
2026-01-06 06:46:30 [INFO] scanner - ✅ Validações OK [BTC/USDT]: Score=7.8, R:R=2.08
2026-01-06 06:46:30 [INFO] scanner - ⏸️  Throttle ativo [BTC/USDT]:
2026-01-06 06:46:30 [INFO] scanner -    ├─ Último alerta há 1276.3 minutos
2026-01-06 06:46:30 [INFO] scanner -    ├─ Tempo mínimo: 1800 minutos
2026-01-06 06:46:30 [INFO] scanner -    └─ Próximo permitido em: 523.7 minutos
2026-01-06 06:46:30 [WARNING] root - Bloco de componentes falhou: cannot unpack non-iterable int object
2026-01-06 06:46:30 [INFO] scanner - ✅ Validações OK [BTC/USDT]: Score=7.8, R:R=2.08
2026-01-06 06:46:30 [INFO] scanner - ⏸️  Throttle ativo [BTC/USDT]:
2026-01-06 06:46:30 [INFO] scanner -    ├─ Último alerta há 1276.3 minutos
2026-01-06 06:46:30 [INFO] scanner -    ├─ Tempo mínimo: 1800 minutos
2026-01-06 06:46:30 [INFO] scanner -    └─ Próximo permitido em: 523.7 minutos
2026-01-06 06:46:32 [WARNING] root - Bloco de componentes falhou: cannot unpack non-iterable int object
2026-01-06 06:46:32 [INFO] scanner - ✅ Validações OK [ETH/USDT]: Score=7.3, R:R=2.00
2026-01-06 06:46:32 [INFO] scanner - ⏸️  Throttle ativo [ETH/USDT]:
2026-01-06 06:46:32 [INFO] scanner -    ├─ Último alerta há 204.0 minutos
2026-01-06 06:46:32 [INFO] scanner -    ├─ Tempo mínimo: 1800 minutos
2026-01-06 06:46:32 [INFO] scanner -    └─ Próximo permitido em: 1596.0 minutos
2026-01-06 07:15:59 [INFO] scanner - ============================================================
2026-01-06 07:15:59 [INFO] scanner - 🚀 SCANNER INICIADO
2026-01-06 07:15:59 [INFO] scanner - 📅 Data/Hora: 06/01/2026 07:15:59
2026-01-06 07:15:59 [INFO] scanner - 📂 Log: logs/scanner_2026-01-06.log
2026-01-06 07:15:59 [INFO] scanner - ============================================================
2026-01-06 07:15:59 [INFO] scanner - 📝 PAPER MODE ATIVO - Apenas registro e análise
2026-01-06 07:16:02 [WARNING] root - Bloco de componentes falhou: cannot unpack non-iterable int object
2026-01-06 07:16:02 [INFO] scanner - ✅ Validações OK [BTC/USDT]: Score=7.3, R:R=2.08
2026-01-06 07:16:02 [INFO] scanner - ⏸️  Throttle ativo [BTC/USDT]:
2026-01-06 07:16:02 [INFO] scanner -    ├─ Último alerta há 1305.9 minutos
2026-01-06 07:16:02 [INFO] scanner -    ├─ Tempo mínimo: 1800 minutos
2026-01-06 07:16:02 [INFO] scanner -    └─ Próximo permitido em: 494.1 minutos
2026-01-06 07:16:03 [WARNING] root - Bloco de componentes falhou: cannot unpack non-iterable int object
2026-01-06 07:16:03 [INFO] scanner - ✅ Validações OK [BTC/USDT]: Score=7.3, R:R=2.08
2026-01-06 07:16:03 [INFO] scanner - ⏸️  Throttle ativo [BTC/USDT]:
2026-01-06 07:16:03 [INFO] scanner -    ├─ Último alerta há 1305.9 minutos
2026-01-06 07:16:03 [INFO] scanner -    ├─ Tempo mínimo: 1800 minutos
2026-01-06 07:16:03 [INFO] scanner -    └─ Próximo permitido em: 494.1 minutos
2026-01-06 07:16:05 [WARNING] root - Bloco de componentes falhou: cannot unpack non-iterable int object
2026-01-06 07:16:05 [INFO] scanner - ✅ Validações OK [ETH/USDT]: Score=7.3, R:R=2.00
2026-01-06 07:16:05 [INFO] scanner - ⏸️  Throttle ativo [ETH/USDT]:
2026-01-06 07:16:05 [INFO] scanner -    ├─ Último alerta há 233.6 minutos
2026-01-06 07:16:05 [INFO] scanner -    ├─ Tempo mínimo: 1800 minutos
2026-01-06 07:16:05 [INFO] scanner -    └─ Próximo permitido em: 1566.4 minutos
2026-01-06 07:16:05 [WARNING] root - Bloco de componentes falhou: cannot unpack non-iterable int object
2026-01-06 07:16:05 [INFO] scanner - ✅ Validações OK [ETH/USDT]: Score=7.3, R:R=2.00
2026-01-06 07:16:05 [INFO] scanner - ⏸️  Throttle ativo [ETH/USDT]:
2026-01-06 07:16:05 [INFO] scanner -    ├─ Último alerta há 233.6 minutos
2026-01-06 07:16:05 [INFO] scanner -    ├─ Tempo mínimo: 1800 minutos
2026-01-06 07:16:05 [INFO] scanner -    └─ Próximo permitido em: 1566.4 minutos
2026-01-06 07:47:33 [INFO] scanner - ============================================================
2026-01-06 07:47:33 [INFO] scanner - 🚀 SCANNER INICIADO
2026-01-06 07:47:33 [INFO] scanner - 📅 Data/Hora: 06/01/2026 07:47:33
2026-01-06 07:47:33 [INFO] scanner - 📂 Log: logs/scanner_2026-01-06.log
2026-01-06 07:47:33 [INFO] scanner - ============================================================
2026-01-06 07:47:33 [INFO] scanner - 📝 PAPER MODE ATIVO - Apenas registro e análise
2026-01-06 07:47:37 [WARNING] root - Bloco de componentes falhou: cannot unpack non-iterable int object
2026-01-06 07:47:37 [INFO] scanner - ✅ Validações OK [BTC/USDT]: Score=7.3, R:R=2.08
2026-01-06 07:47:37 [INFO] scanner - ⏸️  Throttle ativo [BTC/USDT]:
2026-01-06 07:47:37 [INFO] scanner -    ├─ Último alerta há 1337.4 minutos
2026-01-06 07:47:37 [INFO] scanner -    ├─ Tempo mínimo: 1800 minutos
2026-01-06 07:47:37 [INFO] scanner -    └─ Próximo permitido em: 462.6 minutos
2026-01-06 07:47:37 [WARNING] root - Bloco de componentes falhou: cannot unpack non-iterable int object
2026-01-06 07:47:37 [INFO] scanner - ✅ Validações OK [BTC/USDT]: Score=7.3, R:R=2.08
2026-01-06 07:47:37 [INFO] scanner - ⏸️  Throttle ativo [BTC/USDT]:
2026-01-06 07:47:37 [INFO] scanner -    ├─ Último alerta há 1337.4 minutos
2026-01-06 07:47:37 [INFO] scanner -    ├─ Tempo mínimo: 1800 minutos
2026-01-06 07:47:37 [INFO] scanner -    └─ Próximo permitido em: 462.6 minutos
2026-01-06 07:47:39 [WARNING] root - Bloco de componentes falhou: cannot unpack non-iterable int object
2026-01-06 07:47:39 [INFO] scanner - ✅ Validações OK [ETH/USDT]: Score=7.3, R:R=2.00
2026-01-06 07:47:39 [INFO] scanner - ⏸️  Throttle ativo [ETH/USDT]:
2026-01-06 07:47:39 [INFO] scanner -    ├─ Último alerta há 265.1 minutos
2026-01-06 07:47:39 [INFO] scanner -    ├─ Tempo mínimo: 1800 minutos
2026-01-06 07:47:39 [INFO] scanner -    └─ Próximo permitido em: 1534.9 minutos
2026-01-06 07:47:40 [WARNING] root - Bloco de componentes falhou: cannot unpack non-iterable int object
2026-01-06 07:47:40 [INFO] scanner - ✅ Validações OK [ETH/USDT]: Score=7.3, R:R=2.00
2026-01-06 07:47:40 [INFO] scanner - ⏸️  Throttle ativo [ETH/USDT]:
2026-01-06 07:47:40 [INFO] scanner -    ├─ Último alerta há 265.1 minutos
2026-01-06 07:47:40 [INFO] scanner -    ├─ Tempo mínimo: 1800 minutos
2026-01-06 07:47:40 [INFO] scanner -    └─ Próximo permitido em: 1534.9 minutos
2026-01-06 08:12:49 [INFO] scanner - ============================================================
2026-01-06 08:12:49 [INFO] scanner - 🚀 SCANNER INICIADO
2026-01-06 08:12:49 [INFO] scanner - 📅 Data/Hora: 06/01/2026 08:12:49
2026-01-06 08:12:49 [INFO] scanner - 📂 Log: logs/scanner_2026-01-06.log
2026-01-06 08:12:49 [INFO] scanner - ============================================================
2026-01-06 08:12:49 [INFO] scanner - 📝 PAPER MODE ATIVO - Apenas registro e análise
2026-01-06 08:12:58 [WARNING] root - Bloco de componentes falhou: cannot unpack non-iterable int object
2026-01-06 08:12:58 [INFO] scanner - ✅ Validações OK [BTC/USDT]: Score=7.3, R:R=2.08
2026-01-06 08:12:58 [INFO] scanner - ⏸️  Throttle ativo [BTC/USDT]:
2026-01-06 08:12:58 [INFO] scanner -    ├─ Último alerta há 1362.8 minutos
2026-01-06 08:12:58 [INFO] scanner -    ├─ Tempo mínimo: 1800 minutos
2026-01-06 08:12:58 [INFO] scanner -    └─ Próximo permitido em: 437.2 minutos
2026-01-06 08:12:58 [WARNING] root - Bloco de componentes falhou: cannot unpack non-iterable int object
2026-01-06 08:12:58 [INFO] scanner - ✅ Validações OK [BTC/USDT]: Score=7.3, R:R=2.08
2026-01-06 08:12:58 [INFO] scanner - ⏸️  Throttle ativo [BTC/USDT]:
2026-01-06 08:12:58 [INFO] scanner -    ├─ Último alerta há 1362.8 minutos
2026-01-06 08:12:58 [INFO] scanner -    ├─ Tempo mínimo: 1800 minutos
2026-01-06 08:12:58 [INFO] scanner -    └─ Próximo permitido em: 437.2 minutos
2026-01-06 08:13:00 [WARNING] root - Bloco de componentes falhou: cannot unpack non-iterable int object
2026-01-06 08:13:00 [INFO] scanner - ✅ Validações OK [ETH/USDT]: Score=7.3, R:R=2.00
2026-01-06 08:13:00 [INFO] scanner - ⏸️  Throttle ativo [ETH/USDT]:
2026-01-06 08:13:00 [INFO] scanner -    ├─ Último alerta há 290.5 minutos
2026-01-06 08:13:00 [INFO] scanner -    ├─ Tempo mínimo: 1800 minutos
2026-01-06 08:13:00 [INFO] scanner -    └─ Próximo permitido em: 1509.5 minutos
2026-01-06 08:13:01 [WARNING] root - Bloco de componentes falhou: cannot unpack non-iterable int object
2026-01-06 08:13:01 [INFO] scanner - ✅ Validações OK [ETH/USDT]: Score=7.3, R:R=2.00
2026-01-06 08:13:01 [INFO] scanner - ⏸️  Throttle ativo [ETH/USDT]:
2026-01-06 08:13:01 [INFO] scanner -    ├─ Último alerta há 290.5 minutos
2026-01-06 08:13:01 [INFO] scanner -    ├─ Tempo mínimo: 1800 minutos
2026-01-06 08:13:01 [INFO] scanner -    └─ Próximo permitido em: 1509.5 minutos
2026-01-06 08:30:44 [INFO] scanner - ============================================================
2026-01-06 08:30:44 [INFO] scanner - 🚀 SCANNER INICIADO
2026-01-06 08:30:44 [INFO] scanner - 📅 Data/Hora: 06/01/2026 08:30:44
2026-01-06 08:30:44 [INFO] scanner - 📂 Log: logs/scanner_2026-01-06.log
2026-01-06 08:30:44 [INFO] scanner - ============================================================
2026-01-06 08:30:44 [INFO] scanner - 📝 PAPER MODE ATIVO - Apenas registro e análise
2026-01-06 08:30:48 [WARNING] root - Bloco de componentes falhou: cannot unpack non-iterable int object
2026-01-06 08:30:48 [INFO] scanner - ✅ Validações OK [BTC/USDT]: Score=7.3, R:R=2.08
2026-01-06 08:30:48 [INFO] scanner - ⏸️  Throttle ativo [BTC/USDT]:
2026-01-06 08:30:48 [INFO] scanner -    ├─ Último alerta há 1380.6 minutos
2026-01-06 08:30:48 [INFO] scanner -    ├─ Tempo mínimo: 1800 minutos
2026-01-06 08:30:48 [INFO] scanner -    └─ Próximo permitido em: 419.4 minutos
2026-01-06 08:30:48 [WARNING] root - Bloco de componentes falhou: cannot unpack non-iterable int object
2026-01-06 08:30:48 [INFO] scanner - ✅ Validações OK [BTC/USDT]: Score=7.3, R:R=2.08
2026-01-06 08:30:48 [INFO] scanner - ⏸️  Throttle ativo [BTC/USDT]:
2026-01-06 08:30:48 [INFO] scanner -    ├─ Último alerta há 1380.6 minutos
2026-01-06 08:30:48 [INFO] scanner -    ├─ Tempo mínimo: 1800 minutos
2026-01-06 08:30:48 [INFO] scanner -    └─ Próximo permitido em: 419.4 minutos
2026-01-06 08:30:50 [WARNING] root - Bloco de componentes falhou: cannot unpack non-iterable int object
2026-01-06 08:30:50 [INFO] scanner - ✅ Validações OK [ETH/USDT]: Score=7.3, R:R=2.00
2026-01-06 08:30:50 [INFO] scanner - ⏸️  Throttle ativo [ETH/USDT]:
2026-01-06 08:30:50 [INFO] scanner -    ├─ Último alerta há 308.3 minutos
2026-01-06 08:30:50 [INFO] scanner -    ├─ Tempo mínimo: 1800 minutos
2026-01-06 08:30:50 [INFO] scanner -    └─ Próximo permitido em: 1491.7 minutos
2026-01-06 08:30:50 [WARNING] root - Bloco de componentes falhou: cannot unpack non-iterable int object
2026-01-06 08:30:50 [INFO] scanner - ✅ Validações OK [ETH/USDT]: Score=7.3, R:R=2.00
2026-01-06 08:30:50 [INFO] scanner - ⏸️  Throttle ativo [ETH/USDT]:
2026-01-06 08:30:50 [INFO] scanner -    ├─ Último alerta há 308.3 minutos
2026-01-06 08:30:50 [INFO] scanner -    ├─ Tempo mínimo: 1800 minutos
2026-01-06 08:30:50 [INFO] scanner -    └─ Próximo permitido em: 1491.7 minutos
2026-01-06 08:49:02 [INFO] scanner - ============================================================
2026-01-06 08:49:02 [INFO] scanner - 🚀 SCANNER INICIADO
2026-01-06 08:49:02 [INFO] scanner - 📅 Data/Hora: 06/01/2026 08:49:02
2026-01-06 08:49:02 [INFO] scanner - 📂 Log: logs/scanner_2026-01-06.log
2026-01-06 08:49:02 [INFO] scanner - ============================================================
2026-01-06 08:49:02 [INFO] scanner - 📝 PAPER MODE ATIVO - Apenas registro e análise
2026-01-06 08:49:05 [WARNING] root - Bloco de componentes falhou: cannot unpack non-iterable int object
2026-01-06 08:49:05 [INFO] scanner - ✅ Validações OK [BTC/USDT]: Score=7.3, R:R=2.08
2026-01-06 08:49:05 [INFO] scanner - ⏸️  Throttle ativo [BTC/USDT]:
2026-01-06 08:49:05 [INFO] scanner -    ├─ Último alerta há 1398.9 minutos
2026-01-06 08:49:05 [INFO] scanner -    ├─ Tempo mínimo: 1800 minutos
2026-01-06 08:49:05 [INFO] scanner -    └─ Próximo permitido em: 401.1 minutos
2026-01-06 08:49:05 [WARNING] root - Bloco de componentes falhou: cannot unpack non-iterable int object
2026-01-06 08:49:05 [INFO] scanner - ✅ Validações OK [BTC/USDT]: Score=7.3, R:R=2.08
2026-01-06 08:49:05 [INFO] scanner - ⏸️  Throttle ativo [BTC/USDT]:
2026-01-06 08:49:05 [INFO] scanner -    ├─ Último alerta há 1398.9 minutos
2026-01-06 08:49:05 [INFO] scanner -    ├─ Tempo mínimo: 1800 minutos
2026-01-06 08:49:05 [INFO] scanner -    └─ Próximo permitido em: 401.1 minutos
2026-01-06 08:49:07 [WARNING] root - Bloco de componentes falhou: cannot unpack non-iterable int object
2026-01-06 08:49:07 [INFO] scanner - ✅ Validações OK [ETH/USDT]: Score=7.3, R:R=2.00
2026-01-06 08:49:07 [INFO] scanner - ⏸️  Throttle ativo [ETH/USDT]:
2026-01-06 08:49:07 [INFO] scanner -    ├─ Último alerta há 326.6 minutos
2026-01-06 08:49:07 [INFO] scanner -    ├─ Tempo mínimo: 1800 minutos
2026-01-06 08:49:07 [INFO] scanner -    └─ Próximo permitido em: 1473.4 minutos
2026-01-06 08:49:08 [WARNING] root - Bloco de componentes falhou: cannot unpack non-iterable int object
2026-01-06 08:49:08 [INFO] scanner - ✅ Validações OK [ETH/USDT]: Score=7.3, R:R=2.00
2026-01-06 08:49:08 [INFO] scanner - ⏸️  Throttle ativo [ETH/USDT]:
2026-01-06 08:49:08 [INFO] scanner -    ├─ Último alerta há 326.6 minutos
2026-01-06 08:49:08 [INFO] scanner -    ├─ Tempo mínimo: 1800 minutos
2026-01-06 08:49:08 [INFO] scanner -    └─ Próximo permitido em: 1473.4 minutos
2026-01-06 09:28:55 [INFO] scanner - ============================================================
2026-01-06 09:28:55 [INFO] scanner - 🚀 SCANNER INICIADO
2026-01-06 09:28:55 [INFO] scanner - 📅 Data/Hora: 06/01/2026 09:28:55
2026-01-06 09:28:55 [INFO] scanner - 📂 Log: logs/scanner_2026-01-06.log
2026-01-06 09:28:55 [INFO] scanner - ============================================================
2026-01-06 09:28:55 [INFO] scanner - 📝 PAPER MODE ATIVO - Apenas registro e análise
2026-01-06 09:28:58 [WARNING] root - Bloco de componentes falhou: cannot unpack non-iterable int object
2026-01-06 09:28:58 [INFO] scanner - ✅ Validações OK [BTC/USDT]: Score=7.3, R:R=2.08
2026-01-06 09:28:58 [INFO] scanner - ⏸️  Throttle ativo [BTC/USDT]:
2026-01-06 09:28:58 [INFO] scanner -    ├─ Último alerta há 1438.8 minutos
2026-01-06 09:28:58 [INFO] scanner -    ├─ Tempo mínimo: 1800 minutos
2026-01-06 09:28:58 [INFO] scanner -    └─ Próximo permitido em: 361.2 minutos
2026-01-06 09:29:00 [WARNING] root - Bloco de componentes falhou: cannot unpack non-iterable int object
2026-01-06 09:29:00 [INFO] scanner - ✅ Validações OK [ETH/USDT]: Score=7.3, R:R=2.00
2026-01-06 09:29:00 [INFO] scanner - ⏸️  Throttle ativo [ETH/USDT]:
2026-01-06 09:29:00 [INFO] scanner -    ├─ Último alerta há 366.5 minutos
2026-01-06 09:29:00 [INFO] scanner -    ├─ Tempo mínimo: 1800 minutos
2026-01-06 09:29:00 [INFO] scanner -    └─ Próximo permitido em: 1433.5 minutos
2026-01-06 09:29:00 [WARNING] root - Bloco de componentes falhou: cannot unpack non-iterable int object
2026-01-06 09:29:00 [INFO] scanner - ✅ Validações OK [ETH/USDT]: Score=7.3, R:R=2.00
2026-01-06 09:29:00 [INFO] scanner - ⏸️  Throttle ativo [ETH/USDT]:
2026-01-06 09:29:00 [INFO] scanner -    ├─ Último alerta há 366.5 minutos
2026-01-06 09:29:00 [INFO] scanner -    ├─ Tempo mínimo: 1800 minutos
2026-01-06 09:29:00 [INFO] scanner -    └─ Próximo permitido em: 1433.5 minutos
2026-01-06 10:12:07 [INFO] scanner - ============================================================
2026-01-06 10:12:07 [INFO] scanner - 🚀 SCANNER INICIADO
2026-01-06 10:12:07 [INFO] scanner - 📅 Data/Hora: 06/01/2026 10:12:07
2026-01-06 10:12:07 [INFO] scanner - 📂 Log: logs/scanner_2026-01-06.log
2026-01-06 10:12:07 [INFO] scanner - ============================================================
2026-01-06 10:12:07 [INFO] scanner - 📝 PAPER MODE ATIVO - Apenas registro e análise
2026-01-06 10:12:10 [WARNING] root - Bloco de componentes falhou: cannot unpack non-iterable int object
2026-01-06 10:12:10 [INFO] scanner - ✅ Validações OK [BTC/USDT]: Score=7.3, R:R=2.08
2026-01-06 10:12:10 [INFO] scanner - ⏸️  Throttle ativo [BTC/USDT]:
2026-01-06 10:12:10 [INFO] scanner -    ├─ Último alerta há 1482.0 minutos
2026-01-06 10:12:10 [INFO] scanner -    ├─ Tempo mínimo: 1800 minutos
2026-01-06 10:12:10 [INFO] scanner -    └─ Próximo permitido em: 318.0 minutos
2026-01-06 10:12:12 [WARNING] root - Bloco de componentes falhou: cannot unpack non-iterable int object
2026-01-06 10:12:12 [INFO] scanner - ✅ Validações OK [ETH/USDT]: Score=7.3, R:R=2.00
2026-01-06 10:12:12 [INFO] scanner - ⏸️  Throttle ativo [ETH/USDT]:
2026-01-06 10:12:12 [INFO] scanner -    ├─ Último alerta há 409.7 minutos
2026-01-06 10:12:12 [INFO] scanner -    ├─ Tempo mínimo: 1800 minutos
2026-01-06 10:12:12 [INFO] scanner -    └─ Próximo permitido em: 1390.3 minutos
2026-01-06 10:49:33 [INFO] scanner - ============================================================
2026-01-06 10:49:33 [INFO] scanner - 🚀 SCANNER INICIADO
2026-01-06 10:49:33 [INFO] scanner - 📅 Data/Hora: 06/01/2026 10:49:33
2026-01-06 10:49:33 [INFO] scanner - 📂 Log: logs/scanner_2026-01-06.log
2026-01-06 10:49:33 [INFO] scanner - ============================================================
2026-01-06 10:49:33 [INFO] scanner - 📝 PAPER MODE ATIVO - Apenas registro e análise
2026-01-06 10:49:36 [WARNING] root - Bloco de componentes falhou: cannot unpack non-iterable int object
2026-01-06 10:49:36 [INFO] scanner - ✅ Validações OK [BTC/USDT]: Score=7.3, R:R=2.08
2026-01-06 10:49:36 [INFO] scanner - ⏸️  Throttle ativo [BTC/USDT]:
2026-01-06 10:49:36 [INFO] scanner -    ├─ Último alerta há 1519.4 minutos
2026-01-06 10:49:36 [INFO] scanner -    ├─ Tempo mínimo: 1800 minutos
2026-01-06 10:49:36 [INFO] scanner -    └─ Próximo permitido em: 280.6 minutos
2026-01-06 10:49:37 [WARNING] root - Bloco de componentes falhou: cannot unpack non-iterable int object
2026-01-06 10:49:37 [INFO] scanner - ✅ Validações OK [BTC/USDT]: Score=7.3, R:R=2.08
2026-01-06 10:49:37 [INFO] scanner - ⏸️  Throttle ativo [BTC/USDT]:
2026-01-06 10:49:37 [INFO] scanner -    ├─ Último alerta há 1519.4 minutos
2026-01-06 10:49:37 [INFO] scanner -    ├─ Tempo mínimo: 1800 minutos
2026-01-06 10:49:37 [INFO] scanner -    └─ Próximo permitido em: 280.6 minutos
2026-01-06 10:49:39 [WARNING] root - Bloco de componentes falhou: cannot unpack non-iterable int object
2026-01-06 10:49:39 [INFO] scanner - ✅ Validações OK [ETH/USDT]: Score=7.3, R:R=2.00
2026-01-06 10:49:39 [INFO] scanner - ⏸️  Throttle ativo [ETH/USDT]:
2026-01-06 10:49:39 [INFO] scanner -    ├─ Último alerta há 447.1 minutos
2026-01-06 10:49:39 [INFO] scanner -    ├─ Tempo mínimo: 1800 minutos
2026-01-06 10:49:39 [INFO] scanner -    └─ Próximo permitido em: 1352.9 minutos
2026-01-06 10:49:39 [WARNING] root - Bloco de componentes falhou: cannot unpack non-iterable int object
2026-01-06 10:49:39 [INFO] scanner - ✅ Validações OK [ETH/USDT]: Score=7.3, R:R=2.00
2026-01-06 10:49:39 [INFO] scanner - ⏸️  Throttle ativo [ETH/USDT]:
2026-01-06 10:49:39 [INFO] scanner -    ├─ Último alerta há 447.1 minutos
2026-01-06 10:49:39 [INFO] scanner -    ├─ Tempo mínimo: 1800 minutos
2026-01-06 10:49:39 [INFO] scanner -    └─ Próximo permitido em: 1352.9 minutos
2026-01-06 11:15:52 [INFO] scanner - ============================================================
2026-01-06 11:15:52 [INFO] scanner - 🚀 SCANNER INICIADO
2026-01-06 11:15:52 [INFO] scanner - 📅 Data/Hora: 06/01/2026 11:15:52
2026-01-06 11:15:52 [INFO] scanner - 📂 Log: logs/scanner_2026-01-06.log
2026-01-06 11:15:52 [INFO] scanner - ============================================================
2026-01-06 11:15:52 [INFO] scanner - 📝 PAPER MODE ATIVO - Apenas registro e análise
2026-01-06 11:15:55 [WARNING] root - Bloco de componentes falhou: cannot unpack non-iterable int object
2026-01-06 11:15:55 [INFO] scanner - ✅ Validações OK [BTC/USDT]: Score=7.3, R:R=2.08
2026-01-06 11:15:55 [INFO] scanner - ⏸️  Throttle ativo [BTC/USDT]:
2026-01-06 11:15:55 [INFO] scanner -    ├─ Último alerta há 1545.7 minutos
2026-01-06 11:15:55 [INFO] scanner -    ├─ Tempo mínimo: 1800 minutos
2026-01-06 11:15:55 [INFO] scanner -    └─ Próximo permitido em: 254.3 minutos
2026-01-06 11:15:55 [WARNING] root - Bloco de componentes falhou: cannot unpack non-iterable int object
2026-01-06 11:15:55 [INFO] scanner - ✅ Validações OK [BTC/USDT]: Score=7.3, R:R=2.08
2026-01-06 11:15:55 [INFO] scanner - ⏸️  Throttle ativo [BTC/USDT]:
2026-01-06 11:15:55 [INFO] scanner -    ├─ Último alerta há 1545.7 minutos
2026-01-06 11:15:55 [INFO] scanner -    ├─ Tempo mínimo: 1800 minutos
2026-01-06 11:15:55 [INFO] scanner -    └─ Próximo permitido em: 254.3 minutos
2026-01-06 11:15:57 [WARNING] root - Bloco de componentes falhou: cannot unpack non-iterable int object
2026-01-06 11:15:57 [INFO] scanner - ✅ Validações OK [ETH/USDT]: Score=10.0, R:R=2.00
2026-01-06 11:15:57 [INFO] scanner - ⏸️  Throttle ativo [ETH/USDT]:
2026-01-06 11:15:57 [INFO] scanner -    ├─ Último alerta há 473.4 minutos
2026-01-06 11:15:57 [INFO] scanner -    ├─ Tempo mínimo: 1800 minutos
2026-01-06 11:15:57 [INFO] scanner -    └─ Próximo permitido em: 1326.6 minutos
2026-01-06 11:15:58 [WARNING] root - Bloco de componentes falhou: cannot unpack non-iterable int object
2026-01-06 11:15:58 [INFO] scanner - ✅ Validações OK [ETH/USDT]: Score=7.8, R:R=2.00
2026-01-06 11:15:58 [INFO] scanner - ⏸️  Throttle ativo [ETH/USDT]:
2026-01-06 11:15:58 [INFO] scanner -    ├─ Último alerta há 473.4 minutos
2026-01-06 11:15:58 [INFO] scanner -    ├─ Tempo mínimo: 1800 minutos
2026-01-06 11:15:58 [INFO] scanner -    └─ Próximo permitido em: 1326.6 minutos
2026-01-06 11:15:58 [WARNING] root - Bloco de componentes falhou: cannot unpack non-iterable int object
2026-01-06 11:15:58 [INFO] scanner - ✅ Validações OK [ETH/USDT]: Score=7.8, R:R=2.00
2026-01-06 11:15:58 [INFO] scanner - ⏸️  Throttle ativo [ETH/USDT]:
2026-01-06 11:15:58 [INFO] scanner -    ├─ Último alerta há 473.4 minutos
2026-01-06 11:15:58 [INFO] scanner -    ├─ Tempo mínimo: 1800 minutos
2026-01-06 11:15:58 [INFO] scanner -    └─ Próximo permitido em: 1326.6 minutos
2026-01-06 11:15:58 [WARNING] root - Bloco de componentes falhou: cannot unpack non-iterable int object
2026-01-06 11:15:58 [INFO] scanner - ✅ Validações OK [ETH/USDT]: Score=7.8, R:R=2.00
2026-01-06 11:15:58 [INFO] scanner - ⏸️  Throttle ativo [ETH/USDT]:
2026-01-06 11:15:58 [INFO] scanner -    ├─ Último alerta há 473.4 minutos
2026-01-06 11:15:58 [INFO] scanner -    ├─ Tempo mínimo: 1800 minutos
2026-01-06 11:15:58 [INFO] scanner -    └─ Próximo permitido em: 1326.6 minutos
2026-01-06 11:46:43 [INFO] scanner - ============================================================
2026-01-06 11:46:43 [INFO] scanner - 🚀 SCANNER INICIADO
2026-01-06 11:46:43 [INFO] scanner - 📅 Data/Hora: 06/01/2026 11:46:43
2026-01-06 11:46:43 [INFO] scanner - 📂 Log: logs/scanner_2026-01-06.log
2026-01-06 11:46:43 [INFO] scanner - ============================================================
2026-01-06 11:46:43 [INFO] scanner - 📝 PAPER MODE ATIVO - Apenas registro e análise
2026-01-06 11:46:48 [WARNING] root - Bloco de componentes falhou: cannot unpack non-iterable int object
2026-01-06 11:46:48 [INFO] scanner - ✅ Validações OK [BTC/USDT]: Score=7.8, R:R=2.08
2026-01-06 11:46:48 [INFO] scanner - ⏸️  Throttle ativo [BTC/USDT]:
2026-01-06 11:46:48 [INFO] scanner -    ├─ Último alerta há 1576.6 minutos
2026-01-06 11:46:48 [INFO] scanner -    ├─ Tempo mínimo: 1800 minutos
2026-01-06 11:46:48 [INFO] scanner -    └─ Próximo permitido em: 223.4 minutos
2026-01-06 11:46:48 [WARNING] root - Bloco de componentes falhou: cannot unpack non-iterable int object
2026-01-06 11:46:48 [INFO] scanner - ✅ Validações OK [BTC/USDT]: Score=7.8, R:R=2.08
2026-01-06 11:46:48 [INFO] scanner - ⏸️  Throttle ativo [BTC/USDT]:
2026-01-06 11:46:48 [INFO] scanner -    ├─ Último alerta há 1576.6 minutos
2026-01-06 11:46:48 [INFO] scanner -    ├─ Tempo mínimo: 1800 minutos
2026-01-06 11:46:48 [INFO] scanner -    └─ Próximo permitido em: 223.4 minutos
2026-01-06 11:46:49 [WARNING] root - Bloco de componentes falhou: cannot unpack non-iterable int object
2026-01-06 11:46:49 [INFO] scanner - ✅ Validações OK [BTC/USDT]: Score=7.8, R:R=2.08
2026-01-06 11:46:49 [INFO] scanner - ⏸️  Throttle ativo [BTC/USDT]:
2026-01-06 11:46:49 [INFO] scanner -    ├─ Último alerta há 1576.6 minutos
2026-01-06 11:46:49 [INFO] scanner -    ├─ Tempo mínimo: 1800 minutos
2026-01-06 11:46:49 [INFO] scanner -    └─ Próximo permitido em: 223.4 minutos
2026-01-06 11:46:51 [WARNING] root - Bloco de componentes falhou: cannot unpack non-iterable int object
2026-01-06 11:46:51 [INFO] scanner - ✅ Validações OK [ETH/USDT]: Score=10.0, R:R=2.00
2026-01-06 11:46:51 [INFO] scanner - ⏸️  Throttle ativo [ETH/USDT]:
2026-01-06 11:46:51 [INFO] scanner -    ├─ Último alerta há 504.3 minutos
2026-01-06 11:46:51 [INFO] scanner -    ├─ Tempo mínimo: 1800 minutos
2026-01-06 11:46:51 [INFO] scanner -    └─ Próximo permitido em: 1295.7 minutos
2026-01-06 11:46:51 [WARNING] root - Bloco de componentes falhou: cannot unpack non-iterable int object
2026-01-06 11:46:51 [INFO] scanner - ✅ Validações OK [ETH/USDT]: Score=9.8, R:R=2.00
2026-01-06 11:46:51 [INFO] scanner - ⏸️  Throttle ativo [ETH/USDT]:
2026-01-06 11:46:51 [INFO] scanner -    ├─ Último alerta há 504.3 minutos
2026-01-06 11:46:51 [INFO] scanner -    ├─ Tempo mínimo: 1800 minutos
2026-01-06 11:46:51 [INFO] scanner -    └─ Próximo permitido em: 1295.7 minutos
2026-01-06 11:46:51 [WARNING] root - Bloco de componentes falhou: cannot unpack non-iterable int object
2026-01-06 11:46:51 [INFO] scanner - ✅ Validações OK [ETH/USDT]: Score=7.8, R:R=2.00
2026-01-06 11:46:51 [INFO] scanner - ⏸️  Throttle ativo [ETH/USDT]:
2026-01-06 11:46:51 [INFO] scanner -    ├─ Último alerta há 504.3 minutos
2026-01-06 11:46:51 [INFO] scanner -    ├─ Tempo mínimo: 1800 minutos
2026-01-06 11:46:51 [INFO] scanner -    └─ Próximo permitido em: 1295.7 minutos
2026-01-06 11:46:51 [WARNING] root - Bloco de componentes falhou: cannot unpack non-iterable int object
2026-01-06 11:46:51 [INFO] scanner - ✅ Validações OK [ETH/USDT]: Score=7.8, R:R=2.00
2026-01-06 11:46:51 [INFO] scanner - ⏸️  Throttle ativo [ETH/USDT]:
2026-01-06 11:46:51 [INFO] scanner -    ├─ Último alerta há 504.3 minutos
2026-01-06 11:46:51 [INFO] scanner -    ├─ Tempo mínimo: 1800 minutos
2026-01-06 11:46:51 [INFO] scanner -    └─ Próximo permitido em: 1295.7 minutos
2026-01-06 11:46:51 [WARNING] root - Bloco de componentes falhou: cannot unpack non-iterable int object
2026-01-06 11:46:51 [INFO] scanner - ✅ Validações OK [ETH/USDT]: Score=7.8, R:R=2.00
2026-01-06 11:46:51 [INFO] scanner - ⏸️  Throttle ativo [ETH/USDT]:
2026-01-06 11:46:51 [INFO] scanner -    ├─ Último alerta há 504.3 minutos
2026-01-06 11:46:51 [INFO] scanner -    ├─ Tempo mínimo: 1800 minutos
2026-01-06 11:46:51 [INFO] scanner -    └─ Próximo permitido em: 1295.7 minutos
2026-01-06 12:14:42 [INFO] scanner - ============================================================
2026-01-06 12:14:42 [INFO] scanner - 🚀 SCANNER INICIADO
2026-01-06 12:14:42 [INFO] scanner - 📅 Data/Hora: 06/01/2026 12:14:42
2026-01-06 12:14:42 [INFO] scanner - 📂 Log: logs/scanner_2026-01-06.log
2026-01-06 12:14:42 [INFO] scanner - ============================================================
2026-01-06 12:14:42 [INFO] scanner - 📝 PAPER MODE ATIVO - Apenas registro e análise
2026-01-06 12:14:45 [WARNING] root - Bloco de componentes falhou: cannot unpack non-iterable int object
2026-01-06 12:14:45 [INFO] scanner - ✅ Validações OK [BTC/USDT]: Score=7.3, R:R=2.08
2026-01-06 12:14:45 [INFO] scanner - ⏸️  Throttle ativo [BTC/USDT]:
2026-01-06 12:14:45 [INFO] scanner -    ├─ Último alerta há 1604.6 minutos
2026-01-06 12:14:45 [INFO] scanner -    ├─ Tempo mínimo: 1800 minutos
2026-01-06 12:14:45 [INFO] scanner -    └─ Próximo permitido em: 195.4 minutos
2026-01-06 12:14:47 [WARNING] root - Bloco de componentes falhou: cannot unpack non-iterable int object
2026-01-06 12:14:47 [INFO] scanner - ✅ Validações OK [ETH/USDT]: Score=7.8, R:R=2.00
2026-01-06 12:14:47 [INFO] scanner - ⏸️  Throttle ativo [ETH/USDT]:
2026-01-06 12:14:47 [INFO] scanner -    ├─ Último alerta há 532.3 minutos
2026-01-06 12:14:47 [INFO] scanner -    ├─ Tempo mínimo: 1800 minutos
2026-01-06 12:14:47 [INFO] scanner -    └─ Próximo permitido em: 1267.7 minutos
2026-01-06 12:14:48 [WARNING] root - Bloco de componentes falhou: cannot unpack non-iterable int object
2026-01-06 12:14:48 [INFO] scanner - ✅ Validações OK [ETH/USDT]: Score=7.8, R:R=2.00
2026-01-06 12:14:48 [INFO] scanner - ⏸️  Throttle ativo [ETH/USDT]:
2026-01-06 12:14:48 [INFO] scanner -    ├─ Último alerta há 532.3 minutos
2026-01-06 12:14:48 [INFO] scanner -    ├─ Tempo mínimo: 1800 minutos
2026-01-06 12:14:48 [INFO] scanner -    └─ Próximo permitido em: 1267.7 minutos
2026-01-06 12:39:06 [INFO] scanner - ============================================================
2026-01-06 12:39:06 [INFO] scanner - 🚀 SCANNER INICIADO
2026-01-06 12:39:06 [INFO] scanner - 📅 Data/Hora: 06/01/2026 12:39:06
2026-01-06 12:39:06 [INFO] scanner - 📂 Log: logs/scanner_2026-01-06.log
2026-01-06 12:39:06 [INFO] scanner - ============================================================
2026-01-06 12:39:06 [INFO] scanner - 📝 PAPER MODE ATIVO - Apenas registro e análise
2026-01-06 12:39:09 [WARNING] root - Bloco de componentes falhou: cannot unpack non-iterable int object
2026-01-06 12:39:09 [INFO] scanner - ✅ Validações OK [BTC/USDT]: Score=7.3, R:R=2.08
2026-01-06 12:39:09 [INFO] scanner - ⏸️  Throttle ativo [BTC/USDT]:
2026-01-06 12:39:09 [INFO] scanner -    ├─ Último alerta há 1629.0 minutos
2026-01-06 12:39:09 [INFO] scanner -    ├─ Tempo mínimo: 1800 minutos
2026-01-06 12:39:09 [INFO] scanner -    └─ Próximo permitido em: 171.0 minutos
2026-01-06 12:39:09 [WARNING] root - Bloco de componentes falhou: cannot unpack non-iterable int object
2026-01-06 12:39:09 [INFO] scanner - ✅ Validações OK [BTC/USDT]: Score=7.3, R:R=2.08
2026-01-06 12:39:09 [INFO] scanner - ⏸️  Throttle ativo [BTC/USDT]:
2026-01-06 12:39:09 [INFO] scanner -    ├─ Último alerta há 1629.0 minutos
2026-01-06 12:39:09 [INFO] scanner -    ├─ Tempo mínimo: 1800 minutos
2026-01-06 12:39:09 [INFO] scanner -    └─ Próximo permitido em: 171.0 minutos
2026-01-06 12:39:11 [WARNING] root - Bloco de componentes falhou: cannot unpack non-iterable int object
2026-01-06 12:39:11 [INFO] scanner - ✅ Validações OK [ETH/USDT]: Score=10.0, R:R=2.00
2026-01-06 12:39:11 [INFO] scanner - ⏸️  Throttle ativo [ETH/USDT]:
2026-01-06 12:39:11 [INFO] scanner -    ├─ Último alerta há 556.7 minutos
2026-01-06 12:39:11 [INFO] scanner -    ├─ Tempo mínimo: 1800 minutos
2026-01-06 12:39:11 [INFO] scanner -    └─ Próximo permitido em: 1243.3 minutos
2026-01-06 12:39:12 [WARNING] root - Bloco de componentes falhou: cannot unpack non-iterable int object
2026-01-06 12:39:12 [INFO] scanner - ✅ Validações OK [ETH/USDT]: Score=7.8, R:R=2.00
2026-01-06 12:39:12 [INFO] scanner - ⏸️  Throttle ativo [ETH/USDT]:
2026-01-06 12:39:12 [INFO] scanner -    ├─ Último alerta há 556.7 minutos
2026-01-06 12:39:12 [INFO] scanner -    ├─ Tempo mínimo: 1800 minutos
2026-01-06 12:39:12 [INFO] scanner -    └─ Próximo permitido em: 1243.3 minutos
2026-01-06 12:39:12 [WARNING] root - Bloco de componentes falhou: cannot unpack non-iterable int object
2026-01-06 12:39:12 [INFO] scanner - ✅ Validações OK [ETH/USDT]: Score=7.8, R:R=2.00
2026-01-06 12:39:12 [INFO] scanner - ⏸️  Throttle ativo [ETH/USDT]:
2026-01-06 12:39:12 [INFO] scanner -    ├─ Último alerta há 556.7 minutos
2026-01-06 12:39:12 [INFO] scanner -    ├─ Tempo mínimo: 1800 minutos
2026-01-06 12:39:12 [INFO] scanner -    └─ Próximo permitido em: 1243.3 minutos
2026-01-06 12:53:27 [INFO] scanner - ============================================================
2026-01-06 12:53:27 [INFO] scanner - 🚀 SCANNER INICIADO
2026-01-06 12:53:27 [INFO] scanner - 📅 Data/Hora: 06/01/2026 12:53:27
2026-01-06 12:53:27 [INFO] scanner - 📂 Log: logs/scanner_2026-01-06.log
2026-01-06 12:53:27 [INFO] scanner - ============================================================
2026-01-06 12:53:27 [INFO] scanner - 📝 PAPER MODE ATIVO - Apenas registro e análise
2026-01-06 12:53:31 [WARNING] root - Bloco de componentes falhou: cannot unpack non-iterable int object
2026-01-06 12:53:31 [INFO] scanner - ✅ Validações OK [BTC/USDT]: Score=9.8, R:R=2.08
2026-01-06 12:53:31 [INFO] scanner - ⏸️  Throttle ativo [BTC/USDT]:
2026-01-06 12:53:31 [INFO] scanner -    ├─ Último alerta há 1643.3 minutos
2026-01-06 12:53:31 [INFO] scanner -    ├─ Tempo mínimo: 1800 minutos
2026-01-06 12:53:31 [INFO] scanner -    └─ Próximo permitido em: 156.7 minutos
2026-01-06 12:53:31 [WARNING] root - Bloco de componentes falhou: cannot unpack non-iterable int object
2026-01-06 12:53:31 [INFO] scanner - ✅ Validações OK [BTC/USDT]: Score=7.8, R:R=2.08
2026-01-06 12:53:31 [INFO] scanner - ⏸️  Throttle ativo [BTC/USDT]:
2026-01-06 12:53:31 [INFO] scanner -    ├─ Último alerta há 1643.3 minutos
2026-01-06 12:53:31 [INFO] scanner -    ├─ Tempo mínimo: 1800 minutos
2026-01-06 12:53:31 [INFO] scanner -    └─ Próximo permitido em: 156.7 minutos
2026-01-06 12:53:31 [WARNING] root - Bloco de componentes falhou: cannot unpack non-iterable int object
2026-01-06 12:53:31 [INFO] scanner - ✅ Validações OK [BTC/USDT]: Score=7.8, R:R=2.08
2026-01-06 12:53:31 [INFO] scanner - ⏸️  Throttle ativo [BTC/USDT]:
2026-01-06 12:53:31 [INFO] scanner -    ├─ Último alerta há 1643.3 minutos
2026-01-06 12:53:31 [INFO] scanner -    ├─ Tempo mínimo: 1800 minutos
2026-01-06 12:53:31 [INFO] scanner -    └─ Próximo permitido em: 156.7 minutos
2026-01-06 12:53:33 [WARNING] root - Bloco de componentes falhou: cannot unpack non-iterable int object
2026-01-06 12:53:33 [INFO] scanner - ✅ Validações OK [ETH/USDT]: Score=10.0, R:R=2.00
2026-01-06 12:53:33 [INFO] scanner - ⏸️  Throttle ativo [ETH/USDT]:
2026-01-06 12:53:33 [INFO] scanner -    ├─ Último alerta há 571.0 minutos
2026-01-06 12:53:33 [INFO] scanner -    ├─ Tempo mínimo: 1800 minutos
2026-01-06 12:53:33 [INFO] scanner -    └─ Próximo permitido em: 1229.0 minutos
2026-01-06 12:53:33 [WARNING] root - Bloco de componentes falhou: cannot unpack non-iterable int object
2026-01-06 12:53:33 [INFO] scanner - ✅ Validações OK [ETH/USDT]: Score=7.8, R:R=2.00
2026-01-06 12:53:33 [INFO] scanner - ⏸️  Throttle ativo [ETH/USDT]:
2026-01-06 12:53:33 [INFO] scanner -    ├─ Último alerta há 571.0 minutos
2026-01-06 12:53:33 [INFO] scanner -    ├─ Tempo mínimo: 1800 minutos
2026-01-06 12:53:33 [INFO] scanner -    └─ Próximo permitido em: 1229.0 minutos
2026-01-06 12:53:33 [WARNING] root - Bloco de componentes falhou: cannot unpack non-iterable int object
2026-01-06 12:53:33 [INFO] scanner - ✅ Validações OK [ETH/USDT]: Score=7.8, R:R=2.00
2026-01-06 12:53:33 [INFO] scanner - ⏸️  Throttle ativo [ETH/USDT]:
2026-01-06 12:53:33 [INFO] scanner -    ├─ Último alerta há 571.0 minutos
2026-01-06 12:53:33 [INFO] scanner -    ├─ Tempo mínimo: 1800 minutos
2026-01-06 12:53:33 [INFO] scanner -    └─ Próximo permitido em: 1229.0 minutos
2026-01-06 13:18:34 [INFO] scanner - ============================================================
2026-01-06 13:18:34 [INFO] scanner - 🚀 SCANNER INICIADO
2026-01-06 13:18:34 [INFO] scanner - 📅 Data/Hora: 06/01/2026 13:18:34
2026-01-06 13:18:34 [INFO] scanner - 📂 Log: logs/scanner_2026-01-06.log
2026-01-06 13:18:34 [INFO] scanner - ============================================================
2026-01-06 13:18:34 [INFO] scanner - 📝 PAPER MODE ATIVO - Apenas registro e análise
2026-01-06 13:18:38 [WARNING] root - Bloco de componentes falhou: cannot unpack non-iterable int object
2026-01-06 13:18:38 [INFO] scanner - ✅ Validações OK [BTC/USDT]: Score=7.3, R:R=2.08
2026-01-06 13:18:38 [INFO] scanner - ⏸️  Throttle ativo [BTC/USDT]:
2026-01-06 13:18:38 [INFO] scanner -    ├─ Último alerta há 1668.4 minutos
2026-01-06 13:18:38 [INFO] scanner -    ├─ Tempo mínimo: 1800 minutos
2026-01-06 13:18:38 [INFO] scanner -    └─ Próximo permitido em: 131.6 minutos
2026-01-06 13:18:38 [WARNING] root - Bloco de componentes falhou: cannot unpack non-iterable int object
2026-01-06 13:18:38 [INFO] scanner - ✅ Validações OK [BTC/USDT]: Score=7.3, R:R=2.08
2026-01-06 13:18:38 [INFO] scanner - ⏸️  Throttle ativo [BTC/USDT]:
2026-01-06 13:18:38 [INFO] scanner -    ├─ Último alerta há 1668.5 minutos
2026-01-06 13:18:38 [INFO] scanner -    ├─ Tempo mínimo: 1800 minutos
2026-01-06 13:18:38 [INFO] scanner -    └─ Próximo permitido em: 131.5 minutos
2026-01-06 13:18:40 [WARNING] root - Bloco de componentes falhou: cannot unpack non-iterable int object
2026-01-06 13:18:40 [INFO] scanner - ✅ Validações OK [ETH/USDT]: Score=7.3, R:R=2.00
2026-01-06 13:18:40 [INFO] scanner - ⏸️  Throttle ativo [ETH/USDT]:
2026-01-06 13:18:40 [INFO] scanner -    ├─ Último alerta há 596.2 minutos
2026-01-06 13:18:40 [INFO] scanner -    ├─ Tempo mínimo: 1800 minutos
2026-01-06 13:18:40 [INFO] scanner -    └─ Próximo permitido em: 1203.8 minutos
2026-01-06 13:18:40 [WARNING] root - Bloco de componentes falhou: cannot unpack non-iterable int object
2026-01-06 13:18:40 [INFO] scanner - ✅ Validações OK [ETH/USDT]: Score=7.3, R:R=2.00
2026-01-06 13:18:40 [INFO] scanner - ⏸️  Throttle ativo [ETH/USDT]:
2026-01-06 13:18:40 [INFO] scanner -    ├─ Último alerta há 596.2 minutos
2026-01-06 13:18:40 [INFO] scanner -    ├─ Tempo mínimo: 1800 minutos
2026-01-06 13:18:40 [INFO] scanner -    └─ Próximo permitido em: 1203.8 minutos
2026-01-06 13:52:56 [INFO] scanner - ============================================================
2026-01-06 13:52:56 [INFO] scanner - 🚀 SCANNER INICIADO
2026-01-06 13:52:56 [INFO] scanner - 📅 Data/Hora: 06/01/2026 13:52:56
2026-01-06 13:52:56 [INFO] scanner - 📂 Log: logs/scanner_2026-01-06.log
2026-01-06 13:52:56 [INFO] scanner - ============================================================
2026-01-06 13:52:56 [INFO] scanner - 📝 PAPER MODE ATIVO - Apenas registro e análise
2026-01-06 13:53:00 [WARNING] root - Bloco de componentes falhou: cannot unpack non-iterable int object
2026-01-06 13:53:00 [INFO] scanner - ✅ Validações OK [BTC/USDT]: Score=7.3, R:R=2.08
2026-01-06 13:53:00 [INFO] scanner - ⏸️  Throttle ativo [BTC/USDT]:
2026-01-06 13:53:00 [INFO] scanner -    ├─ Último alerta há 1702.8 minutos
2026-01-06 13:53:00 [INFO] scanner -    ├─ Tempo mínimo: 1800 minutos
2026-01-06 13:53:00 [INFO] scanner -    └─ Próximo permitido em: 97.2 minutos
2026-01-06 13:53:00 [WARNING] root - Bloco de componentes falhou: cannot unpack non-iterable int object
2026-01-06 13:53:00 [INFO] scanner - ✅ Validações OK [BTC/USDT]: Score=7.3, R:R=2.08
2026-01-06 13:53:00 [INFO] scanner - ⏸️  Throttle ativo [BTC/USDT]:
2026-01-06 13:53:00 [INFO] scanner -    ├─ Último alerta há 1702.8 minutos
2026-01-06 13:53:00 [INFO] scanner -    ├─ Tempo mínimo: 1800 minutos
2026-01-06 13:53:00 [INFO] scanner -    └─ Próximo permitido em: 97.2 minutos
2026-01-06 13:53:03 [WARNING] root - Bloco de componentes falhou: cannot unpack non-iterable int object
2026-01-06 13:53:03 [INFO] scanner - ✅ Validações OK [ETH/USDT]: Score=10.0, R:R=2.00
2026-01-06 13:53:03 [INFO] scanner - ⏸️  Throttle ativo [ETH/USDT]:
2026-01-06 13:53:03 [INFO] scanner -    ├─ Último alerta há 630.5 minutos
2026-01-06 13:53:03 [INFO] scanner -    ├─ Tempo mínimo: 1800 minutos
2026-01-06 13:53:03 [INFO] scanner -    └─ Próximo permitido em: 1169.5 minutos
2026-01-06 13:53:03 [WARNING] root - Bloco de componentes falhou: cannot unpack non-iterable int object
2026-01-06 13:53:03 [INFO] scanner - ✅ Validações OK [ETH/USDT]: Score=7.8, R:R=2.00
2026-01-06 13:53:03 [INFO] scanner - ⏸️  Throttle ativo [ETH/USDT]:
2026-01-06 13:53:03 [INFO] scanner -    ├─ Último alerta há 630.5 minutos
2026-01-06 13:53:03 [INFO] scanner -    ├─ Tempo mínimo: 1800 minutos
2026-01-06 13:53:03 [INFO] scanner -    └─ Próximo permitido em: 1169.5 minutos
2026-01-06 13:53:03 [WARNING] root - Bloco de componentes falhou: cannot unpack non-iterable int object
2026-01-06 13:53:03 [INFO] scanner - ✅ Validações OK [ETH/USDT]: Score=7.8, R:R=2.00
2026-01-06 13:53:03 [INFO] scanner - ⏸️  Throttle ativo [ETH/USDT]:
2026-01-06 13:53:03 [INFO] scanner -    ├─ Último alerta há 630.5 minutos
2026-01-06 13:53:03 [INFO] scanner -    ├─ Tempo mínimo: 1800 minutos
2026-01-06 13:53:03 [INFO] scanner -    └─ Próximo permitido em: 1169.5 minutos
2026-01-06 14:17:44 [INFO] scanner - ============================================================
2026-01-06 14:17:44 [INFO] scanner - 🚀 SCANNER INICIADO
2026-01-06 14:17:44 [INFO] scanner - 📅 Data/Hora: 06/01/2026 14:17:44
2026-01-06 14:17:44 [INFO] scanner - 📂 Log: logs/scanner_2026-01-06.log
2026-01-06 14:17:44 [INFO] scanner - ============================================================
2026-01-06 14:17:44 [INFO] scanner - 📝 PAPER MODE ATIVO - Apenas registro e análise
2026-01-06 14:17:48 [WARNING] root - Bloco de componentes falhou: cannot unpack non-iterable int object
2026-01-06 14:17:48 [INFO] scanner - ✅ Validações OK [BTC/USDT]: Score=7.3, R:R=2.08
2026-01-06 14:17:48 [INFO] scanner - ⏸️  Throttle ativo [BTC/USDT]:
2026-01-06 14:17:48 [INFO] scanner -    ├─ Último alerta há 1727.6 minutos
2026-01-06 14:17:48 [INFO] scanner -    ├─ Tempo mínimo: 1800 minutos
2026-01-06 14:17:48 [INFO] scanner -    └─ Próximo permitido em: 72.4 minutos
2026-01-06 14:17:50 [WARNING] root - Bloco de componentes falhou: cannot unpack non-iterable int object
2026-01-06 14:17:50 [INFO] scanner - ✅ Validações OK [ETH/USDT]: Score=7.3, R:R=2.00
2026-01-06 14:17:50 [INFO] scanner - ⏸️  Throttle ativo [ETH/USDT]:
2026-01-06 14:17:50 [INFO] scanner -    ├─ Último alerta há 655.3 minutos
2026-01-06 14:17:50 [INFO] scanner -    ├─ Tempo mínimo: 1800 minutos
2026-01-06 14:17:50 [INFO] scanner -    └─ Próximo permitido em: 1144.7 minutos
2026-01-06 14:17:50 [WARNING] root - Bloco de componentes falhou: cannot unpack non-iterable int object
2026-01-06 14:17:50 [INFO] scanner - ✅ Validações OK [ETH/USDT]: Score=7.3, R:R=2.00
2026-01-06 14:17:50 [INFO] scanner - ⏸️  Throttle ativo [ETH/USDT]:
2026-01-06 14:17:50 [INFO] scanner -    ├─ Último alerta há 655.3 minutos
2026-01-06 14:17:50 [INFO] scanner -    ├─ Tempo mínimo: 1800 minutos
2026-01-06 14:17:50 [INFO] scanner -    └─ Próximo permitido em: 1144.7 minutos
2026-01-06 14:45:18 [INFO] scanner - ============================================================
2026-01-06 14:45:18 [INFO] scanner - 🚀 SCANNER INICIADO
2026-01-06 14:45:18 [INFO] scanner - 📅 Data/Hora: 06/01/2026 14:45:18
2026-01-06 14:45:18 [INFO] scanner - 📂 Log: logs/scanner_2026-01-06.log
2026-01-06 14:45:18 [INFO] scanner - ============================================================
2026-01-06 14:45:18 [INFO] scanner - 📝 PAPER MODE ATIVO - Apenas registro e análise
2026-01-06 14:45:21 [WARNING] root - Bloco de componentes falhou: cannot unpack non-iterable int object
2026-01-06 14:45:21 [INFO] scanner - ✅ Validações OK [BTC/USDT]: Score=7.3, R:R=2.08
2026-01-06 14:45:21 [INFO] scanner - ⏸️  Throttle ativo [BTC/USDT]:
2026-01-06 14:45:21 [INFO] scanner -    ├─ Último alerta há 1755.2 minutos
2026-01-06 14:45:21 [INFO] scanner -    ├─ Tempo mínimo: 1800 minutos
2026-01-06 14:45:21 [INFO] scanner -    └─ Próximo permitido em: 44.8 minutos
2026-01-06 14:45:22 [WARNING] root - Bloco de componentes falhou: cannot unpack non-iterable int object
2026-01-06 14:45:22 [INFO] scanner - ✅ Validações OK [BTC/USDT]: Score=7.3, R:R=2.08
2026-01-06 14:45:22 [INFO] scanner - ⏸️  Throttle ativo [BTC/USDT]:
2026-01-06 14:45:22 [INFO] scanner -    ├─ Último alerta há 1755.2 minutos
2026-01-06 14:45:22 [INFO] scanner -    ├─ Tempo mínimo: 1800 minutos
2026-01-06 14:45:22 [INFO] scanner -    └─ Próximo permitido em: 44.8 minutos
2026-01-06 14:45:24 [WARNING] root - Bloco de componentes falhou: cannot unpack non-iterable int object
2026-01-06 14:45:24 [INFO] scanner - ✅ Validações OK [ETH/USDT]: Score=7.3, R:R=2.00
2026-01-06 14:45:24 [INFO] scanner - ⏸️  Throttle ativo [ETH/USDT]:
2026-01-06 14:45:24 [INFO] scanner -    ├─ Último alerta há 682.9 minutos
2026-01-06 14:45:24 [INFO] scanner -    ├─ Tempo mínimo: 1800 minutos
2026-01-06 14:45:24 [INFO] scanner -    └─ Próximo permitido em: 1117.1 minutos
2026-01-06 14:45:24 [WARNING] root - Bloco de componentes falhou: cannot unpack non-iterable int object
2026-01-06 14:45:24 [INFO] scanner - ✅ Validações OK [ETH/USDT]: Score=7.3, R:R=2.00
2026-01-06 14:45:24 [INFO] scanner - ⏸️  Throttle ativo [ETH/USDT]:
2026-01-06 14:45:24 [INFO] scanner -    ├─ Último alerta há 682.9 minutos
2026-01-06 14:45:24 [INFO] scanner -    ├─ Tempo mínimo: 1800 minutos
2026-01-06 14:45:24 [INFO] scanner -    └─ Próximo permitido em: 1117.1 minutos
2026-01-06 14:56:18 [INFO] scanner - ============================================================
2026-01-06 14:56:18 [INFO] scanner - 🚀 SCANNER INICIADO
2026-01-06 14:56:18 [INFO] scanner - 📅 Data/Hora: 06/01/2026 14:56:18
2026-01-06 14:56:18 [INFO] scanner - 📂 Log: logs/scanner_2026-01-06.log
2026-01-06 14:56:18 [INFO] scanner - ============================================================
2026-01-06 14:56:18 [INFO] scanner - 📝 PAPER MODE ATIVO - Apenas registro e análise
2026-01-06 14:56:21 [WARNING] root - Bloco de componentes falhou: cannot unpack non-iterable int object
2026-01-06 14:56:21 [INFO] scanner - ✅ Validações OK [BTC/USDT]: Score=7.3, R:R=2.08
2026-01-06 14:56:21 [INFO] scanner - ⏸️  Throttle ativo [BTC/USDT]:
2026-01-06 14:56:21 [INFO] scanner -    ├─ Último alerta há 1766.2 minutos
2026-01-06 14:56:21 [INFO] scanner -    ├─ Tempo mínimo: 1800 minutos
2026-01-06 14:56:21 [INFO] scanner -    └─ Próximo permitido em: 33.8 minutos
2026-01-06 14:56:22 [WARNING] root - Bloco de componentes falhou: cannot unpack non-iterable int object
2026-01-06 14:56:22 [INFO] scanner - ✅ Validações OK [BTC/USDT]: Score=7.3, R:R=2.08
2026-01-06 14:56:22 [INFO] scanner - ⏸️  Throttle ativo [BTC/USDT]:
2026-01-06 14:56:22 [INFO] scanner -    ├─ Último alerta há 1766.2 minutos
2026-01-06 14:56:22 [INFO] scanner -    ├─ Tempo mínimo: 1800 minutos
2026-01-06 14:56:22 [INFO] scanner -    └─ Próximo permitido em: 33.8 minutos
2026-01-06 14:56:24 [WARNING] root - Bloco de componentes falhou: cannot unpack non-iterable int object
2026-01-06 14:56:24 [INFO] scanner - ✅ Validações OK [ETH/USDT]: Score=9.8, R:R=2.00
2026-01-06 14:56:24 [INFO] scanner - ⏸️  Throttle ativo [ETH/USDT]:
2026-01-06 14:56:24 [INFO] scanner -    ├─ Último alerta há 693.9 minutos
2026-01-06 14:56:24 [INFO] scanner -    ├─ Tempo mínimo: 1800 minutos
2026-01-06 14:56:24 [INFO] scanner -    └─ Próximo permitido em: 1106.1 minutos
2026-01-06 14:56:24 [WARNING] root - Bloco de componentes falhou: cannot unpack non-iterable int object
2026-01-06 14:56:24 [INFO] scanner - ✅ Validações OK [ETH/USDT]: Score=7.8, R:R=2.00
2026-01-06 14:56:24 [INFO] scanner - ⏸️  Throttle ativo [ETH/USDT]:
2026-01-06 14:56:24 [INFO] scanner -    ├─ Último alerta há 693.9 minutos
2026-01-06 14:56:24 [INFO] scanner -    ├─ Tempo mínimo: 1800 minutos
2026-01-06 14:56:24 [INFO] scanner -    └─ Próximo permitido em: 1106.1 minutos
2026-01-06 14:56:24 [WARNING] root - Bloco de componentes falhou: cannot unpack non-iterable int object
2026-01-06 14:56:24 [INFO] scanner - ✅ Validações OK [ETH/USDT]: Score=7.8, R:R=2.00
2026-01-06 14:56:24 [INFO] scanner - ⏸️  Throttle ativo [ETH/USDT]:
2026-01-06 14:56:24 [INFO] scanner -    ├─ Último alerta há 693.9 minutos
2026-01-06 14:56:24 [INFO] scanner -    ├─ Tempo mínimo: 1800 minutos
2026-01-06 14:56:24 [INFO] scanner -    └─ Próximo permitido em: 1106.1 minutos
2026-01-06 15:23:03 [INFO] scanner - ============================================================
2026-01-06 15:23:03 [INFO] scanner - 🚀 SCANNER INICIADO
2026-01-06 15:23:03 [INFO] scanner - 📅 Data/Hora: 06/01/2026 15:23:03
2026-01-06 15:23:03 [INFO] scanner - 📂 Log: logs/scanner_2026-01-06.log
2026-01-06 15:23:03 [INFO] scanner - ============================================================
2026-01-06 15:23:03 [INFO] scanner - 📝 PAPER MODE ATIVO - Apenas registro e análise
2026-01-06 15:23:06 [WARNING] root - Bloco de componentes falhou: cannot unpack non-iterable int object
2026-01-06 15:23:06 [INFO] scanner - ✅ Validações OK [BTC/USDT]: Score=7.3, R:R=2.08
2026-01-06 15:23:06 [INFO] scanner - ⏸️  Throttle ativo [BTC/USDT]:
2026-01-06 15:23:06 [INFO] scanner -    ├─ Último alerta há 1792.9 minutos
2026-01-06 15:23:06 [INFO] scanner -    ├─ Tempo mínimo: 1800 minutos
2026-01-06 15:23:06 [INFO] scanner -    └─ Próximo permitido em: 7.1 minutos
2026-01-06 15:23:06 [WARNING] root - Bloco de componentes falhou: cannot unpack non-iterable int object
2026-01-06 15:23:06 [INFO] scanner - ✅ Validações OK [BTC/USDT]: Score=7.3, R:R=2.08
2026-01-06 15:23:06 [INFO] scanner - ⏸️  Throttle ativo [BTC/USDT]:
2026-01-06 15:23:06 [INFO] scanner -    ├─ Último alerta há 1792.9 minutos
2026-01-06 15:23:06 [INFO] scanner -    ├─ Tempo mínimo: 1800 minutos
2026-01-06 15:23:06 [INFO] scanner -    └─ Próximo permitido em: 7.1 minutos
2026-01-06 15:23:08 [WARNING] root - Bloco de componentes falhou: cannot unpack non-iterable int object
2026-01-06 15:23:08 [INFO] scanner - ✅ Validações OK [ETH/USDT]: Score=7.8, R:R=2.00
2026-01-06 15:23:08 [INFO] scanner - ⏸️  Throttle ativo [ETH/USDT]:
2026-01-06 15:23:08 [INFO] scanner -    ├─ Último alerta há 720.6 minutos
2026-01-06 15:23:08 [INFO] scanner -    ├─ Tempo mínimo: 1800 minutos
2026-01-06 15:23:08 [INFO] scanner -    └─ Próximo permitido em: 1079.4 minutos
2026-01-06 15:23:09 [WARNING] root - Bloco de componentes falhou: cannot unpack non-iterable int object
2026-01-06 15:23:09 [INFO] scanner - ✅ Validações OK [ETH/USDT]: Score=7.8, R:R=2.00
2026-01-06 15:23:09 [INFO] scanner - ⏸️  Throttle ativo [ETH/USDT]:
2026-01-06 15:23:09 [INFO] scanner -    ├─ Último alerta há 720.6 minutos
2026-01-06 15:23:09 [INFO] scanner -    ├─ Tempo mínimo: 1800 minutos
2026-01-06 15:23:09 [INFO] scanner -    └─ Próximo permitido em: 1079.4 minutos
2026-01-06 15:51:53 [INFO] scanner - ============================================================
2026-01-06 15:51:53 [INFO] scanner - 🚀 SCANNER INICIADO
2026-01-06 15:51:53 [INFO] scanner - 📅 Data/Hora: 06/01/2026 15:51:53
2026-01-06 15:51:53 [INFO] scanner - 📂 Log: logs/scanner_2026-01-06.log
2026-01-06 15:51:53 [INFO] scanner - ============================================================
2026-01-06 15:51:53 [INFO] scanner - 📝 PAPER MODE ATIVO - Apenas registro e análise
2026-01-06 15:51:56 [WARNING] root - Bloco de componentes falhou: cannot unpack non-iterable int object
2026-01-06 15:51:56 [INFO] scanner - ✅ Validações OK [BTC/USDT]: Score=7.8, R:R=2.08
2026-01-06 15:51:56 [INFO] scanner - ✅ Throttle OK [BTC/USDT]: Pode enviar
2026-01-06 15:51:57 [INFO] scanner - 📝 Sinal no ledger: 20260106_155157_283075 - BTC/USDT
2026-01-06 15:51:57 [INFO] scanner - 📨 Alerta enviado | ID Ledger: 20260106_155157_283075
2026-01-06 15:51:59 [WARNING] root - Bloco de componentes falhou: cannot unpack non-iterable int object
2026-01-06 15:51:59 [INFO] scanner - ✅ Validações OK [ETH/USDT]: Score=7.8, R:R=2.00
2026-01-06 15:51:59 [INFO] scanner - ⏸️  Throttle ativo [ETH/USDT]:
2026-01-06 15:51:59 [INFO] scanner -    ├─ Último alerta há 749.5 minutos
2026-01-06 15:51:59 [INFO] scanner -    ├─ Tempo mínimo: 1800 minutos
2026-01-06 15:51:59 [INFO] scanner -    └─ Próximo permitido em: 1050.5 minutos
2026-01-06 15:51:59 [WARNING] root - Bloco de componentes falhou: cannot unpack non-iterable int object
2026-01-06 15:51:59 [INFO] scanner - ✅ Validações OK [ETH/USDT]: Score=7.8, R:R=2.00
2026-01-06 15:51:59 [INFO] scanner - ⏸️  Throttle ativo [ETH/USDT]:
2026-01-06 15:51:59 [INFO] scanner -    ├─ Último alerta há 749.5 minutos
2026-01-06 15:51:59 [INFO] scanner -    ├─ Tempo mínimo: 1800 minutos
2026-01-06 15:51:59 [INFO] scanner -    └─ Próximo permitido em: 1050.5 minutos
2026-01-06 16:11:09 [INFO] scanner - ============================================================
2026-01-06 16:11:09 [INFO] scanner - 🚀 SCANNER INICIADO
2026-01-06 16:11:09 [INFO] scanner - 📅 Data/Hora: 06/01/2026 16:11:09
2026-01-06 16:11:09 [INFO] scanner - 📂 Log: logs/scanner_2026-01-06.log
2026-01-06 16:11:09 [INFO] scanner - ============================================================
2026-01-06 16:11:09 [INFO] scanner - 📝 PAPER MODE ATIVO - Apenas registro e análise
2026-01-06 16:11:12 [WARNING] root - Bloco de componentes falhou: cannot unpack non-iterable int object
2026-01-06 16:11:12 [INFO] scanner - ✅ Validações OK [BTC/USDT]: Score=7.3, R:R=2.08
2026-01-06 16:11:12 [INFO] scanner - ⏸️  Throttle ativo [BTC/USDT]:
2026-01-06 16:11:12 [INFO] scanner -    ├─ Último alerta há 19.3 minutos
2026-01-06 16:11:12 [INFO] scanner -    ├─ Tempo mínimo: 1800 minutos
2026-01-06 16:11:12 [INFO] scanner -    └─ Próximo permitido em: 1780.7 minutos
2026-01-06 16:11:15 [WARNING] root - Bloco de componentes falhou: cannot unpack non-iterable int object
2026-01-06 16:11:15 [INFO] scanner - ✅ Validações OK [ETH/USDT]: Score=7.8, R:R=2.00
2026-01-06 16:11:15 [INFO] scanner - ⏸️  Throttle ativo [ETH/USDT]:
2026-01-06 16:11:15 [INFO] scanner -    ├─ Último alerta há 768.7 minutos
2026-01-06 16:11:15 [INFO] scanner -    ├─ Tempo mínimo: 1800 minutos
2026-01-06 16:11:15 [INFO] scanner -    └─ Próximo permitido em: 1031.3 minutos
2026-01-06 16:11:15 [WARNING] root - Bloco de componentes falhou: cannot unpack non-iterable int object
2026-01-06 16:11:15 [INFO] scanner - ✅ Validações OK [ETH/USDT]: Score=7.8, R:R=2.00
2026-01-06 16:11:15 [INFO] scanner - ⏸️  Throttle ativo [ETH/USDT]:
2026-01-06 16:11:15 [INFO] scanner -    ├─ Último alerta há 768.7 minutos
2026-01-06 16:11:15 [INFO] scanner -    ├─ Tempo mínimo: 1800 minutos
2026-01-06 16:11:15 [INFO] scanner -    └─ Próximo permitido em: 1031.3 minutos
2026-01-06 16:28:43 [INFO] scanner - ============================================================
2026-01-06 16:28:43 [INFO] scanner - 🚀 SCANNER INICIADO
2026-01-06 16:28:43 [INFO] scanner - 📅 Data/Hora: 06/01/2026 16:28:43
2026-01-06 16:28:43 [INFO] scanner - 📂 Log: logs/scanner_2026-01-06.log
2026-01-06 16:28:43 [INFO] scanner - ============================================================
2026-01-06 16:28:43 [INFO] scanner - 📝 PAPER MODE ATIVO - Apenas registro e análise
2026-01-06 16:28:50 [WARNING] root - Bloco de componentes falhou: cannot unpack non-iterable int object
2026-01-06 16:28:50 [INFO] scanner - ✅ Validações OK [BTC/USDT]: Score=7.3, R:R=2.08
2026-01-06 16:28:50 [INFO] scanner - ⏸️  Throttle ativo [BTC/USDT]:
2026-01-06 16:28:50 [INFO] scanner -    ├─ Último alerta há 36.9 minutos
2026-01-06 16:28:50 [INFO] scanner -    ├─ Tempo mínimo: 1800 minutos
2026-01-06 16:28:50 [INFO] scanner -    └─ Próximo permitido em: 1763.1 minutos
2026-01-06 16:28:52 [WARNING] root - Bloco de componentes falhou: cannot unpack non-iterable int object
2026-01-06 16:28:52 [INFO] scanner - ✅ Validações OK [ETH/USDT]: Score=7.8, R:R=2.00
2026-01-06 16:28:52 [INFO] scanner - ⏸️  Throttle ativo [ETH/USDT]:
2026-01-06 16:28:52 [INFO] scanner -    ├─ Último alerta há 786.4 minutos
2026-01-06 16:28:52 [INFO] scanner -    ├─ Tempo mínimo: 1800 minutos
2026-01-06 16:28:52 [INFO] scanner -    └─ Próximo permitido em: 1013.6 minutos
2026-01-06 16:40:05 [INFO] scanner - ============================================================
2026-01-06 16:40:05 [INFO] scanner - 🚀 SCANNER INICIADO
2026-01-06 16:40:05 [INFO] scanner - 📅 Data/Hora: 06/01/2026 16:40:05
2026-01-06 16:40:05 [INFO] scanner - 📂 Log: logs/scanner_2026-01-06.log
2026-01-06 16:40:05 [INFO] scanner - ============================================================
2026-01-06 16:40:05 [INFO] scanner - 📝 PAPER MODE ATIVO - Apenas registro e análise
2026-01-06 16:40:08 [WARNING] root - Bloco de componentes falhou: cannot unpack non-iterable int object
2026-01-06 16:40:08 [INFO] scanner - ✅ Validações OK [BTC/USDT]: Score=7.3, R:R=2.08
2026-01-06 16:40:08 [INFO] scanner - ⏸️  Throttle ativo [BTC/USDT]:
2026-01-06 16:40:08 [INFO] scanner -    ├─ Último alerta há 48.2 minutos
2026-01-06 16:40:08 [INFO] scanner -    ├─ Tempo mínimo: 1800 minutos
2026-01-06 16:40:08 [INFO] scanner -    └─ Próximo permitido em: 1751.8 minutos
2026-01-06 16:40:10 [WARNING] root - Bloco de componentes falhou: cannot unpack non-iterable int object
2026-01-06 16:40:10 [INFO] scanner - ✅ Validações OK [ETH/USDT]: Score=7.8, R:R=2.00
2026-01-06 16:40:10 [INFO] scanner - ⏸️  Throttle ativo [ETH/USDT]:
2026-01-06 16:40:10 [INFO] scanner -    ├─ Último alerta há 797.7 minutos
2026-01-06 16:40:10 [INFO] scanner -    ├─ Tempo mínimo: 1800 minutos
2026-01-06 16:40:10 [INFO] scanner -    └─ Próximo permitido em: 1002.3 minutos
2026-01-06 16:49:47 [INFO] scanner - ============================================================
2026-01-06 16:49:47 [INFO] scanner - 🚀 SCANNER INICIADO
2026-01-06 16:49:47 [INFO] scanner - 📅 Data/Hora: 06/01/2026 16:49:47
2026-01-06 16:49:47 [INFO] scanner - 📂 Log: logs/scanner_2026-01-06.log
2026-01-06 16:49:47 [INFO] scanner - ============================================================
2026-01-06 16:49:47 [INFO] scanner - 📝 PAPER MODE ATIVO - Apenas registro e análise
2026-01-06 16:49:50 [WARNING] root - Bloco de componentes falhou: cannot unpack non-iterable int object
2026-01-06 16:49:50 [INFO] scanner - ✅ Validações OK [BTC/USDT]: Score=7.3, R:R=2.08
2026-01-06 16:49:50 [INFO] scanner - ⏸️  Throttle ativo [BTC/USDT]:
2026-01-06 16:49:50 [INFO] scanner -    ├─ Último alerta há 57.9 minutos
2026-01-06 16:49:50 [INFO] scanner -    ├─ Tempo mínimo: 1800 minutos
2026-01-06 16:49:50 [INFO] scanner -    └─ Próximo permitido em: 1742.1 minutos
2026-01-06 16:49:52 [WARNING] root - Bloco de componentes falhou: cannot unpack non-iterable int object
2026-01-06 16:49:52 [INFO] scanner - ✅ Validações OK [ETH/USDT]: Score=7.8, R:R=2.00
2026-01-06 16:49:52 [INFO] scanner - ⏸️  Throttle ativo [ETH/USDT]:
2026-01-06 16:49:52 [INFO] scanner -    ├─ Último alerta há 807.4 minutos
2026-01-06 16:49:52 [INFO] scanner -    ├─ Tempo mínimo: 1800 minutos
2026-01-06 16:49:52 [INFO] scanner -    └─ Próximo permitido em: 992.6 minutos
2026-01-06 16:49:53 [WARNING] root - Bloco de componentes falhou: cannot unpack non-iterable int object
2026-01-06 16:49:53 [INFO] scanner - ✅ Validações OK [ETH/USDT]: Score=7.8, R:R=2.00
2026-01-06 16:49:53 [INFO] scanner - ⏸️  Throttle ativo [ETH/USDT]:
2026-01-06 16:49:53 [INFO] scanner -    ├─ Último alerta há 807.4 minutos
2026-01-06 16:49:53 [INFO] scanner -    ├─ Tempo mínimo: 1800 minutos
2026-01-06 16:49:53 [INFO] scanner -    └─ Próximo permitido em: 992.6 minutos
2026-01-06 17:15:58 [INFO] scanner - ============================================================
2026-01-06 17:15:58 [INFO] scanner - 🚀 SCANNER INICIADO
2026-01-06 17:15:58 [INFO] scanner - 📅 Data/Hora: 06/01/2026 17:15:58
2026-01-06 17:15:58 [INFO] scanner - 📂 Log: logs/scanner_2026-01-06.log
2026-01-06 17:15:58 [INFO] scanner - ============================================================
2026-01-06 17:15:58 [INFO] scanner - 📝 PAPER MODE ATIVO - Apenas registro e análise
2026-01-06 17:16:02 [WARNING] root - Bloco de componentes falhou: cannot unpack non-iterable int object
2026-01-06 17:16:02 [INFO] scanner - ✅ Validações OK [BTC/USDT]: Score=7.3, R:R=2.08
2026-01-06 17:16:02 [INFO] scanner - ⏸️  Throttle ativo [BTC/USDT]:
2026-01-06 17:16:02 [INFO] scanner -    ├─ Último alerta há 84.1 minutos
2026-01-06 17:16:02 [INFO] scanner -    ├─ Tempo mínimo: 1800 minutos
2026-01-06 17:16:02 [INFO] scanner -    └─ Próximo permitido em: 1715.9 minutos
2026-01-06 17:16:04 [WARNING] root - Bloco de componentes falhou: cannot unpack non-iterable int object
2026-01-06 17:16:04 [INFO] scanner - ✅ Validações OK [ETH/USDT]: Score=7.3, R:R=2.00
2026-01-06 17:16:04 [INFO] scanner - ⏸️  Throttle ativo [ETH/USDT]:
2026-01-06 17:16:04 [INFO] scanner -    ├─ Último alerta há 833.6 minutos
2026-01-06 17:16:04 [INFO] scanner -    ├─ Tempo mínimo: 1800 minutos
2026-01-06 17:16:04 [INFO] scanner -    └─ Próximo permitido em: 966.4 minutos
2026-01-06 17:16:04 [WARNING] root - Bloco de componentes falhou: cannot unpack non-iterable int object
2026-01-06 17:16:04 [INFO] scanner - ✅ Validações OK [ETH/USDT]: Score=7.3, R:R=2.00
2026-01-06 17:16:04 [INFO] scanner - ⏸️  Throttle ativo [ETH/USDT]:
2026-01-06 17:16:04 [INFO] scanner -    ├─ Último alerta há 833.6 minutos
2026-01-06 17:16:04 [INFO] scanner -    ├─ Tempo mínimo: 1800 minutos
2026-01-06 17:16:04 [INFO] scanner -    └─ Próximo permitido em: 966.4 minutos
2026-01-06 17:43:24 [INFO] scanner - ============================================================
2026-01-06 17:43:24 [INFO] scanner - 🚀 SCANNER INICIADO
2026-01-06 17:43:24 [INFO] scanner - 📅 Data/Hora: 06/01/2026 17:43:24
2026-01-06 17:43:24 [INFO] scanner - 📂 Log: logs/scanner_2026-01-06.log
2026-01-06 17:43:24 [INFO] scanner - ============================================================
2026-01-06 17:43:24 [INFO] scanner - 📝 PAPER MODE ATIVO - Apenas registro e análise
2026-01-06 17:43:27 [WARNING] root - Bloco de componentes falhou: cannot unpack non-iterable int object
2026-01-06 17:43:27 [INFO] scanner - ✅ Validações OK [BTC/USDT]: Score=7.3, R:R=2.08
2026-01-06 17:43:27 [INFO] scanner - ⏸️  Throttle ativo [BTC/USDT]:
2026-01-06 17:43:27 [INFO] scanner -    ├─ Último alerta há 111.5 minutos
2026-01-06 17:43:27 [INFO] scanner -    ├─ Tempo mínimo: 1800 minutos
2026-01-06 17:43:27 [INFO] scanner -    └─ Próximo permitido em: 1688.5 minutos
2026-01-06 17:43:30 [WARNING] root - Bloco de componentes falhou: cannot unpack non-iterable int object
2026-01-06 17:43:30 [INFO] scanner - ✅ Validações OK [ETH/USDT]: Score=7.3, R:R=2.00
2026-01-06 17:43:30 [INFO] scanner - ⏸️  Throttle ativo [ETH/USDT]:
2026-01-06 17:43:30 [INFO] scanner -    ├─ Último alerta há 861.0 minutos
2026-01-06 17:43:30 [INFO] scanner -    ├─ Tempo mínimo: 1800 minutos
2026-01-06 17:43:30 [INFO] scanner -    └─ Próximo permitido em: 939.0 minutos
2026-01-06 17:43:30 [WARNING] root - Bloco de componentes falhou: cannot unpack non-iterable int object
2026-01-06 17:43:30 [INFO] scanner - ✅ Validações OK [ETH/USDT]: Score=7.3, R:R=2.00
2026-01-06 17:43:30 [INFO] scanner - ⏸️  Throttle ativo [ETH/USDT]:
2026-01-06 17:43:30 [INFO] scanner -    ├─ Último alerta há 861.0 minutos
2026-01-06 17:43:30 [INFO] scanner -    ├─ Tempo mínimo: 1800 minutos
2026-01-06 17:43:30 [INFO] scanner -    └─ Próximo permitido em: 939.0 minutos
2026-01-06 17:53:02 [INFO] scanner - ============================================================
2026-01-06 17:53:02 [INFO] scanner - 🚀 SCANNER INICIADO
2026-01-06 17:53:02 [INFO] scanner - 📅 Data/Hora: 06/01/2026 17:53:02
2026-01-06 17:53:02 [INFO] scanner - 📂 Log: logs/scanner_2026-01-06.log
2026-01-06 17:53:02 [INFO] scanner - ============================================================
2026-01-06 17:53:02 [INFO] scanner - 📝 PAPER MODE ATIVO - Apenas registro e análise
2026-01-06 17:53:05 [WARNING] root - Bloco de componentes falhou: cannot unpack non-iterable int object
2026-01-06 17:53:05 [INFO] scanner - ✅ Validações OK [BTC/USDT]: Score=7.3, R:R=2.08
2026-01-06 17:53:05 [INFO] scanner - ⏸️  Throttle ativo [BTC/USDT]:
2026-01-06 17:53:05 [INFO] scanner -    ├─ Último alerta há 121.2 minutos
2026-01-06 17:53:05 [INFO] scanner -    ├─ Tempo mínimo: 1800 minutos
2026-01-06 17:53:05 [INFO] scanner -    └─ Próximo permitido em: 1678.8 minutos
2026-01-06 17:53:07 [WARNING] root - Bloco de componentes falhou: cannot unpack non-iterable int object
2026-01-06 17:53:07 [INFO] scanner - ✅ Validações OK [ETH/USDT]: Score=7.3, R:R=2.00
2026-01-06 17:53:07 [INFO] scanner - ⏸️  Throttle ativo [ETH/USDT]:
2026-01-06 17:53:07 [INFO] scanner -    ├─ Último alerta há 870.6 minutos
2026-01-06 17:53:07 [INFO] scanner -    ├─ Tempo mínimo: 1800 minutos
2026-01-06 17:53:07 [INFO] scanner -    └─ Próximo permitido em: 929.4 minutos
2026-01-06 17:53:08 [WARNING] root - Bloco de componentes falhou: cannot unpack non-iterable int object
2026-01-06 17:53:08 [INFO] scanner - ✅ Validações OK [ETH/USDT]: Score=7.3, R:R=2.00
2026-01-06 17:53:08 [INFO] scanner - ⏸️  Throttle ativo [ETH/USDT]:
2026-01-06 17:53:08 [INFO] scanner -    ├─ Último alerta há 870.6 minutos
2026-01-06 17:53:08 [INFO] scanner -    ├─ Tempo mínimo: 1800 minutos
2026-01-06 17:53:08 [INFO] scanner -    └─ Próximo permitido em: 929.4 minutos
2026-01-06 18:14:10 [INFO] scanner - ============================================================
2026-01-06 18:14:10 [INFO] scanner - 🚀 SCANNER INICIADO
2026-01-06 18:14:10 [INFO] scanner - 📅 Data/Hora: 06/01/2026 18:14:10
2026-01-06 18:14:10 [INFO] scanner - 📂 Log: logs/scanner_2026-01-06.log
2026-01-06 18:14:10 [INFO] scanner - ============================================================
2026-01-06 18:14:10 [INFO] scanner - 📝 PAPER MODE ATIVO - Apenas registro e análise
2026-01-06 18:14:13 [WARNING] root - Bloco de componentes falhou: cannot unpack non-iterable int object
2026-01-06 18:14:13 [INFO] scanner - ✅ Validações OK [BTC/USDT]: Score=7.3, R:R=2.08
2026-01-06 18:14:13 [INFO] scanner - ⏸️  Throttle ativo [BTC/USDT]:
2026-01-06 18:14:13 [INFO] scanner -    ├─ Último alerta há 142.3 minutos
2026-01-06 18:14:13 [INFO] scanner -    ├─ Tempo mínimo: 1800 minutos
2026-01-06 18:14:13 [INFO] scanner -    └─ Próximo permitido em: 1657.7 minutos
2026-01-06 18:14:15 [WARNING] root - Bloco de componentes falhou: cannot unpack non-iterable int object
2026-01-06 18:14:15 [INFO] scanner - ✅ Validações OK [ETH/USDT]: Score=7.3, R:R=2.00
2026-01-06 18:14:15 [INFO] scanner - ⏸️  Throttle ativo [ETH/USDT]:
2026-01-06 18:14:15 [INFO] scanner -    ├─ Último alerta há 891.7 minutos
2026-01-06 18:14:15 [INFO] scanner -    ├─ Tempo mínimo: 1800 minutos
2026-01-06 18:14:15 [INFO] scanner -    └─ Próximo permitido em: 908.3 minutos
2026-01-06 18:14:16 [WARNING] root - Bloco de componentes falhou: cannot unpack non-iterable int object
2026-01-06 18:14:16 [INFO] scanner - ✅ Validações OK [ETH/USDT]: Score=7.3, R:R=2.00
2026-01-06 18:14:16 [INFO] scanner - ⏸️  Throttle ativo [ETH/USDT]:
2026-01-06 18:14:16 [INFO] scanner -    ├─ Último alerta há 891.8 minutos
2026-01-06 18:14:16 [INFO] scanner -    ├─ Tempo mínimo: 1800 minutos
2026-01-06 18:14:16 [INFO] scanner -    └─ Próximo permitido em: 908.2 minutos
