2026-07-07 06:25:52 [INFO] scanner - ============================================================
2026-07-07 06:25:52 [INFO] scanner - 🚀 SCANNER INICIADO
2026-07-07 06:25:52 [INFO] scanner - 📅 Data/Hora: 07/07/2026 06:25:52
2026-07-07 06:25:52 [INFO] scanner - 📂 Log: logs/scanner_2026-07-07.log
2026-07-07 06:25:52 [INFO] scanner - ============================================================
2026-07-07 06:25:52 [INFO] scanner - 📝 PAPER MODE ATIVO - Apenas registro e análise
2026-07-07 09:13:44 [INFO] scanner - ============================================================
2026-07-07 09:13:44 [INFO] scanner - 🚀 SCANNER INICIADO
2026-07-07 09:13:44 [INFO] scanner - 📅 Data/Hora: 07/07/2026 09:13:44
2026-07-07 09:13:44 [INFO] scanner - 📂 Log: logs/scanner_2026-07-07.log
2026-07-07 09:13:44 [INFO] scanner - ============================================================
2026-07-07 09:13:44 [INFO] scanner - 📝 PAPER MODE ATIVO - Apenas registro e análise
2026-07-07 09:13:48 [WARNING] root - Bloco de componentes falhou: cannot unpack non-iterable int object
2026-07-07 09:13:48 [INFO] scanner - ✅ Validações OK [BTC/USDT]: Score=7.3, R:R=2.08
2026-07-07 09:13:48 [INFO] scanner - ✅ Throttle OK [BTC/USDT]: Pode enviar
2026-07-07 09:13:48 [INFO] scanner - 📝 Sinal no ledger: 20260707_091348_588397 - BTC/USDT
2026-07-07 09:13:48 [INFO] scanner - 📨 Alerta enviado | ID Ledger: 20260707_091348_588397
2026-07-07 09:13:50 [WARNING] root - Bloco de componentes falhou: cannot unpack non-iterable int object
2026-07-07 09:13:50 [INFO] scanner - ✅ Validações OK [ETH/USDT]: Score=7.3, R:R=2.00
2026-07-07 09:13:50 [INFO] scanner - ⏸️  Throttle ativo [ETH/USDT]:
2026-07-07 09:13:50 [INFO] scanner -    ├─ Último alerta há 851.4 minutos
2026-07-07 09:13:50 [INFO] scanner -    ├─ Tempo mínimo: 1800 minutos
2026-07-07 09:13:50 [INFO] scanner -    └─ Próximo permitido em: 948.6 minutos
