2026-04-22 04:21:31 [INFO] scanner - ============================================================
2026-04-22 04:21:31 [INFO] scanner - 🚀 SCANNER INICIADO
2026-04-22 04:21:31 [INFO] scanner - 📅 Data/Hora: 22/04/2026 04:21:31
2026-04-22 04:21:31 [INFO] scanner - 📂 Log: logs/scanner_2026-04-22.log
2026-04-22 04:21:31 [INFO] scanner - ============================================================
2026-04-22 04:21:31 [INFO] scanner - 📝 PAPER MODE ATIVO - Apenas registro e análise
2026-04-22 04:21:34 [WARNING] root - Bloco de componentes falhou: cannot unpack non-iterable int object
2026-04-22 04:21:34 [INFO] scanner - ✅ Validações OK [BTC/USDT]: Score=7.3, R:R=2.08
2026-04-22 04:21:34 [INFO] scanner - ✅ Throttle OK [BTC/USDT]: Pode enviar
2026-04-22 04:21:37 [WARNING] root - Bloco de componentes falhou: cannot unpack non-iterable int object
2026-04-22 04:21:37 [INFO] scanner - ✅ Validações OK [ETH/USDT]: Score=7.3, R:R=2.00
2026-04-22 04:21:37 [INFO] scanner - ✅ Throttle OK [ETH/USDT]: Pode enviar
2026-04-22 04:21:37 [INFO] scanner - 📝 Sinal no ledger: 20260422_042137_801506 - ETH/USDT
2026-04-22 04:21:37 [INFO] scanner - 📨 Alerta enviado | ID Ledger: 20260422_042137_801506
2026-04-22 06:02:07 [INFO] scanner - ============================================================
2026-04-22 06:02:07 [INFO] scanner - 🚀 SCANNER INICIADO
2026-04-22 06:02:07 [INFO] scanner - 📅 Data/Hora: 22/04/2026 06:02:07
2026-04-22 06:02:07 [INFO] scanner - 📂 Log: logs/scanner_2026-04-22.log
2026-04-22 06:02:07 [INFO] scanner - ============================================================
2026-04-22 06:02:07 [INFO] scanner - 📝 PAPER MODE ATIVO - Apenas registro e análise
2026-04-22 06:02:11 [WARNING] root - Bloco de componentes falhou: cannot unpack non-iterable int object
2026-04-22 06:02:11 [INFO] scanner - ✅ Validações OK [BTC/USDT]: Score=7.3, R:R=2.08
2026-04-22 06:02:11 [INFO] scanner - ⏸️  Throttle ativo [BTC/USDT]:
2026-04-22 06:02:11 [INFO] scanner -    ├─ Último alerta há 100.6 minutos
2026-04-22 06:02:11 [INFO] scanner -    ├─ Tempo mínimo: 1800 minutos
2026-04-22 06:02:11 [INFO] scanner -    └─ Próximo permitido em: 1699.4 minutos
2026-04-22 06:02:11 [WARNING] root - Bloco de componentes falhou: cannot unpack non-iterable int object
2026-04-22 06:02:11 [INFO] scanner - ✅ Validações OK [BTC/USDT]: Score=7.3, R:R=2.08
2026-04-22 06:02:11 [INFO] scanner - ⏸️  Throttle ativo [BTC/USDT]:
2026-04-22 06:02:11 [INFO] scanner -    ├─ Último alerta há 100.6 minutos
2026-04-22 06:02:11 [INFO] scanner -    ├─ Tempo mínimo: 1800 minutos
2026-04-22 06:02:11 [INFO] scanner -    └─ Próximo permitido em: 1699.4 minutos
2026-04-22 06:02:13 [WARNING] root - Bloco de componentes falhou: cannot unpack non-iterable int object
2026-04-22 06:02:13 [INFO] scanner - ✅ Validações OK [ETH/USDT]: Score=7.3, R:R=2.00
2026-04-22 06:02:13 [INFO] scanner - ⏸️  Throttle ativo [ETH/USDT]:
2026-04-22 06:02:13 [INFO] scanner -    ├─ Último alerta há 100.6 minutos
2026-04-22 06:02:13 [INFO] scanner -    ├─ Tempo mínimo: 1800 minutos
2026-04-22 06:02:13 [INFO] scanner -    └─ Próximo permitido em: 1699.4 minutos
2026-04-22 07:41:23 [INFO] scanner - ============================================================
2026-04-22 07:41:23 [INFO] scanner - 🚀 SCANNER INICIADO
2026-04-22 07:41:23 [INFO] scanner - 📅 Data/Hora: 22/04/2026 07:41:23
2026-04-22 07:41:23 [INFO] scanner - 📂 Log: logs/scanner_2026-04-22.log
2026-04-22 07:41:23 [INFO] scanner - ============================================================
2026-04-22 07:41:23 [INFO] scanner - 📝 PAPER MODE ATIVO - Apenas registro e análise
2026-04-22 07:41:26 [WARNING] root - Bloco de componentes falhou: cannot unpack non-iterable int object
2026-04-22 07:41:26 [INFO] scanner - ✅ Validações OK [BTC/USDT]: Score=7.3, R:R=2.08
2026-04-22 07:41:26 [INFO] scanner - ⏸️  Throttle ativo [BTC/USDT]:
2026-04-22 07:41:26 [INFO] scanner -    ├─ Último alerta há 199.9 minutos
2026-04-22 07:41:26 [INFO] scanner -    ├─ Tempo mínimo: 1800 minutos
2026-04-22 07:41:26 [INFO] scanner -    └─ Próximo permitido em: 1600.1 minutos
2026-04-22 07:41:27 [WARNING] root - Bloco de componentes falhou: cannot unpack non-iterable int object
2026-04-22 07:41:27 [INFO] scanner - ✅ Validações OK [BTC/USDT]: Score=7.3, R:R=2.08
2026-04-22 07:41:27 [INFO] scanner - ⏸️  Throttle ativo [BTC/USDT]:
2026-04-22 07:41:27 [INFO] scanner -    ├─ Último alerta há 199.9 minutos
2026-04-22 07:41:27 [INFO] scanner -    ├─ Tempo mínimo: 1800 minutos
2026-04-22 07:41:27 [INFO] scanner -    └─ Próximo permitido em: 1600.1 minutos
2026-04-22 07:41:29 [WARNING] root - Bloco de componentes falhou: cannot unpack non-iterable int object
2026-04-22 07:41:29 [INFO] scanner - ✅ Validações OK [ETH/USDT]: Score=7.3, R:R=2.00
2026-04-22 07:41:29 [INFO] scanner - ⏸️  Throttle ativo [ETH/USDT]:
2026-04-22 07:41:29 [INFO] scanner -    ├─ Último alerta há 199.9 minutos
2026-04-22 07:41:29 [INFO] scanner -    ├─ Tempo mínimo: 1800 minutos
2026-04-22 07:41:29 [INFO] scanner -    └─ Próximo permitido em: 1600.1 minutos
2026-04-22 07:41:29 [WARNING] root - Bloco de componentes falhou: cannot unpack non-iterable int object
2026-04-22 07:41:29 [INFO] scanner - ✅ Validações OK [ETH/USDT]: Score=7.3, R:R=2.00
2026-04-22 07:41:29 [INFO] scanner - ⏸️  Throttle ativo [ETH/USDT]:
2026-04-22 07:41:29 [INFO] scanner -    ├─ Último alerta há 199.9 minutos
2026-04-22 07:41:29 [INFO] scanner -    ├─ Tempo mínimo: 1800 minutos
2026-04-22 07:41:29 [INFO] scanner -    └─ Próximo permitido em: 1600.1 minutos
2026-04-22 08:42:41 [INFO] scanner - ============================================================
2026-04-22 08:42:41 [INFO] scanner - 🚀 SCANNER INICIADO
2026-04-22 08:42:41 [INFO] scanner - 📅 Data/Hora: 22/04/2026 08:42:41
2026-04-22 08:42:41 [INFO] scanner - 📂 Log: logs/scanner_2026-04-22.log
2026-04-22 08:42:41 [INFO] scanner - ============================================================
2026-04-22 08:42:41 [INFO] scanner - 📝 PAPER MODE ATIVO - Apenas registro e análise
2026-04-22 08:42:45 [WARNING] root - Bloco de componentes falhou: cannot unpack non-iterable int object
2026-04-22 08:42:45 [INFO] scanner - ✅ Validações OK [BTC/USDT]: Score=7.3, R:R=2.08
2026-04-22 08:42:45 [INFO] scanner - ⏸️  Throttle ativo [BTC/USDT]:
2026-04-22 08:42:45 [INFO] scanner -    ├─ Último alerta há 261.2 minutos
2026-04-22 08:42:45 [INFO] scanner -    ├─ Tempo mínimo: 1800 minutos
2026-04-22 08:42:45 [INFO] scanner -    └─ Próximo permitido em: 1538.8 minutos
2026-04-22 08:42:45 [WARNING] root - Bloco de componentes falhou: cannot unpack non-iterable int object
2026-04-22 08:42:45 [INFO] scanner - ✅ Validações OK [BTC/USDT]: Score=7.3, R:R=2.08
2026-04-22 08:42:45 [INFO] scanner - ⏸️  Throttle ativo [BTC/USDT]:
2026-04-22 08:42:45 [INFO] scanner -    ├─ Último alerta há 261.2 minutos
2026-04-22 08:42:45 [INFO] scanner -    ├─ Tempo mínimo: 1800 minutos
2026-04-22 08:42:45 [INFO] scanner -    └─ Próximo permitido em: 1538.8 minutos
2026-04-22 08:42:47 [WARNING] root - Bloco de componentes falhou: cannot unpack non-iterable int object
2026-04-22 08:42:47 [INFO] scanner - ✅ Validações OK [ETH/USDT]: Score=7.3, R:R=2.00
2026-04-22 08:42:47 [INFO] scanner - ⏸️  Throttle ativo [ETH/USDT]:
2026-04-22 08:42:47 [INFO] scanner -    ├─ Último alerta há 261.2 minutos
2026-04-22 08:42:47 [INFO] scanner -    ├─ Tempo mínimo: 1800 minutos
2026-04-22 08:42:47 [INFO] scanner -    └─ Próximo permitido em: 1538.8 minutos
