2026-03-23 03:59:56 [INFO] scanner - ============================================================
2026-03-23 03:59:56 [INFO] scanner - 🚀 SCANNER INICIADO
2026-03-23 03:59:56 [INFO] scanner - 📅 Data/Hora: 23/03/2026 03:59:56
2026-03-23 03:59:56 [INFO] scanner - 📂 Log: logs/scanner_2026-03-23.log
2026-03-23 03:59:56 [INFO] scanner - ============================================================
2026-03-23 03:59:56 [INFO] scanner - 📝 PAPER MODE ATIVO - Apenas registro e análise
2026-03-23 03:59:59 [WARNING] root - Bloco de componentes falhou: cannot unpack non-iterable int object
2026-03-23 03:59:59 [INFO] scanner - ✅ Validações OK [BTC/USDT]: Score=7.3, R:R=2.08
2026-03-23 03:59:59 [INFO] scanner - ⏸️  Throttle ativo [BTC/USDT]:
2026-03-23 03:59:59 [INFO] scanner -    ├─ Último alerta há 642.0 minutos
2026-03-23 03:59:59 [INFO] scanner -    ├─ Tempo mínimo: 1800 minutos
2026-03-23 03:59:59 [INFO] scanner -    └─ Próximo permitido em: 1158.0 minutos
2026-03-23 04:00:00 [WARNING] root - Bloco de componentes falhou: cannot unpack non-iterable int object
2026-03-23 04:00:00 [INFO] scanner - ✅ Validações OK [BTC/USDT]: Score=7.3, R:R=2.08
2026-03-23 04:00:00 [INFO] scanner - ⏸️  Throttle ativo [BTC/USDT]:
2026-03-23 04:00:00 [INFO] scanner -    ├─ Último alerta há 642.0 minutos
2026-03-23 04:00:00 [INFO] scanner -    ├─ Tempo mínimo: 1800 minutos
2026-03-23 04:00:00 [INFO] scanner -    └─ Próximo permitido em: 1158.0 minutos
2026-03-23 04:00:03 [WARNING] root - Bloco de componentes falhou: cannot unpack non-iterable int object
2026-03-23 04:00:03 [INFO] scanner - ✅ Validações OK [ETH/USDT]: Score=7.3, R:R=2.00
2026-03-23 04:00:03 [INFO] scanner - ⏸️  Throttle ativo [ETH/USDT]:
2026-03-23 04:00:03 [INFO] scanner -    ├─ Último alerta há 581.2 minutos
2026-03-23 04:00:03 [INFO] scanner -    ├─ Tempo mínimo: 1800 minutos
2026-03-23 04:00:03 [INFO] scanner -    └─ Próximo permitido em: 1218.8 minutos
2026-03-23 04:00:04 [WARNING] root - Bloco de componentes falhou: cannot unpack non-iterable int object
2026-03-23 04:00:04 [INFO] scanner - ✅ Validações OK [ETH/USDT]: Score=7.3, R:R=2.00
2026-03-23 04:00:04 [INFO] scanner - ⏸️  Throttle ativo [ETH/USDT]:
2026-03-23 04:00:04 [INFO] scanner -    ├─ Último alerta há 581.3 minutos
2026-03-23 04:00:04 [INFO] scanner -    ├─ Tempo mínimo: 1800 minutos
2026-03-23 04:00:04 [INFO] scanner -    └─ Próximo permitido em: 1218.7 minutos
