2026-03-22 03:40:06 [INFO] scanner - ============================================================
2026-03-22 03:40:06 [INFO] scanner - 🚀 SCANNER INICIADO
2026-03-22 03:40:06 [INFO] scanner - 📅 Data/Hora: 22/03/2026 03:40:06
2026-03-22 03:40:06 [INFO] scanner - 📂 Log: logs/scanner_2026-03-22.log
2026-03-22 03:40:06 [INFO] scanner - ============================================================
2026-03-22 03:40:06 [INFO] scanner - 📝 PAPER MODE ATIVO - Apenas registro e análise
2026-03-22 03:40:09 [WARNING] root - Bloco de componentes falhou: cannot unpack non-iterable int object
2026-03-22 03:40:09 [INFO] scanner - ✅ Validações OK [BTC/USDT]: Score=8.3, R:R=2.08
2026-03-22 03:40:09 [INFO] scanner - ⏸️  Throttle ativo [BTC/USDT]:
2026-03-22 03:40:09 [INFO] scanner -    ├─ Último alerta há 1447.0 minutos
2026-03-22 03:40:09 [INFO] scanner -    ├─ Tempo mínimo: 1800 minutos
2026-03-22 03:40:09 [INFO] scanner -    └─ Próximo permitido em: 353.0 minutos
2026-03-22 04:26:15 [INFO] scanner - ============================================================
2026-03-22 04:26:15 [INFO] scanner - 🚀 SCANNER INICIADO
2026-03-22 04:26:15 [INFO] scanner - 📅 Data/Hora: 22/03/2026 04:26:15
2026-03-22 04:26:15 [INFO] scanner - 📂 Log: logs/scanner_2026-03-22.log
2026-03-22 04:26:15 [INFO] scanner - ============================================================
2026-03-22 04:26:15 [INFO] scanner - 📝 PAPER MODE ATIVO - Apenas registro e análise
2026-03-22 04:54:56 [INFO] scanner - ============================================================
2026-03-22 04:54:56 [INFO] scanner - 🚀 SCANNER INICIADO
2026-03-22 04:54:56 [INFO] scanner - 📅 Data/Hora: 22/03/2026 04:54:56
2026-03-22 04:54:56 [INFO] scanner - 📂 Log: logs/scanner_2026-03-22.log
2026-03-22 04:54:56 [INFO] scanner - ============================================================
2026-03-22 04:54:56 [INFO] scanner - 📝 PAPER MODE ATIVO - Apenas registro e análise
2026-03-22 04:54:59 [WARNING] root - Bloco de componentes falhou: cannot unpack non-iterable int object
2026-03-22 04:54:59 [INFO] scanner - ✅ Validações OK [BTC/USDT]: Score=8.3, R:R=2.08
2026-03-22 04:54:59 [INFO] scanner - ⏸️  Throttle ativo [BTC/USDT]:
2026-03-22 04:54:59 [INFO] scanner -    ├─ Último alerta há 1521.8 minutos
2026-03-22 04:54:59 [INFO] scanner -    ├─ Tempo mínimo: 1800 minutos
2026-03-22 04:54:59 [INFO] scanner -    └─ Próximo permitido em: 278.2 minutos
2026-03-22 05:25:08 [INFO] scanner - ============================================================
2026-03-22 05:25:08 [INFO] scanner - 🚀 SCANNER INICIADO
2026-03-22 05:25:08 [INFO] scanner - 📅 Data/Hora: 22/03/2026 05:25:08
2026-03-22 05:25:08 [INFO] scanner - 📂 Log: logs/scanner_2026-03-22.log
2026-03-22 05:25:08 [INFO] scanner - ============================================================
2026-03-22 05:25:08 [INFO] scanner - 📝 PAPER MODE ATIVO - Apenas registro e análise
2026-03-22 05:56:47 [INFO] scanner - ============================================================
2026-03-22 05:56:47 [INFO] scanner - 🚀 SCANNER INICIADO
2026-03-22 05:56:47 [INFO] scanner - 📅 Data/Hora: 22/03/2026 05:56:47
2026-03-22 05:56:47 [INFO] scanner - 📂 Log: logs/scanner_2026-03-22.log
2026-03-22 05:56:47 [INFO] scanner - ============================================================
2026-03-22 05:56:47 [INFO] scanner - 📝 PAPER MODE ATIVO - Apenas registro e análise
2026-03-22 05:56:50 [WARNING] root - Bloco de componentes falhou: cannot unpack non-iterable int object
2026-03-22 05:56:50 [INFO] scanner - ✅ Validações OK [BTC/USDT]: Score=8.3, R:R=2.08
2026-03-22 05:56:50 [INFO] scanner - ⏸️  Throttle ativo [BTC/USDT]:
2026-03-22 05:56:50 [INFO] scanner -    ├─ Último alerta há 1583.7 minutos
2026-03-22 05:56:50 [INFO] scanner -    ├─ Tempo mínimo: 1800 minutos
2026-03-22 05:56:50 [INFO] scanner -    └─ Próximo permitido em: 216.3 minutos
2026-03-22 05:56:52 [WARNING] root - Bloco de componentes falhou: cannot unpack non-iterable int object
2026-03-22 05:56:52 [INFO] scanner - ✅ Validações OK [ETH/USDT]: Score=7.3, R:R=2.00
2026-03-22 05:56:52 [INFO] scanner - ⏸️  Throttle ativo [ETH/USDT]:
2026-03-22 05:56:52 [INFO] scanner -    ├─ Último alerta há 1058.2 minutos
2026-03-22 05:56:52 [INFO] scanner -    ├─ Tempo mínimo: 1800 minutos
2026-03-22 05:56:52 [INFO] scanner -    └─ Próximo permitido em: 741.8 minutos
2026-03-22 06:27:46 [INFO] scanner - ============================================================
2026-03-22 06:27:46 [INFO] scanner - 🚀 SCANNER INICIADO
2026-03-22 06:27:46 [INFO] scanner - 📅 Data/Hora: 22/03/2026 06:27:46
2026-03-22 06:27:46 [INFO] scanner - 📂 Log: logs/scanner_2026-03-22.log
2026-03-22 06:27:46 [INFO] scanner - ============================================================
2026-03-22 06:27:46 [INFO] scanner - 📝 PAPER MODE ATIVO - Apenas registro e análise
2026-03-22 06:54:37 [INFO] scanner - ============================================================
2026-03-22 06:54:37 [INFO] scanner - 🚀 SCANNER INICIADO
2026-03-22 06:54:37 [INFO] scanner - 📅 Data/Hora: 22/03/2026 06:54:37
2026-03-22 06:54:37 [INFO] scanner - 📂 Log: logs/scanner_2026-03-22.log
2026-03-22 06:54:37 [INFO] scanner - ============================================================
2026-03-22 06:54:37 [INFO] scanner - 📝 PAPER MODE ATIVO - Apenas registro e análise
2026-03-22 07:19:11 [INFO] scanner - ============================================================
2026-03-22 07:19:11 [INFO] scanner - 🚀 SCANNER INICIADO
2026-03-22 07:19:11 [INFO] scanner - 📅 Data/Hora: 22/03/2026 07:19:11
2026-03-22 07:19:11 [INFO] scanner - 📂 Log: logs/scanner_2026-03-22.log
2026-03-22 07:19:11 [INFO] scanner - ============================================================
2026-03-22 07:19:11 [INFO] scanner - 📝 PAPER MODE ATIVO - Apenas registro e análise
2026-03-22 07:51:40 [INFO] scanner - ============================================================
2026-03-22 07:51:40 [INFO] scanner - 🚀 SCANNER INICIADO
2026-03-22 07:51:40 [INFO] scanner - 📅 Data/Hora: 22/03/2026 07:51:40
2026-03-22 07:51:40 [INFO] scanner - 📂 Log: logs/scanner_2026-03-22.log
2026-03-22 07:51:40 [INFO] scanner - ============================================================
2026-03-22 07:51:40 [INFO] scanner - 📝 PAPER MODE ATIVO - Apenas registro e análise
2026-03-22 08:17:23 [INFO] scanner - ============================================================
2026-03-22 08:17:23 [INFO] scanner - 🚀 SCANNER INICIADO
2026-03-22 08:17:23 [INFO] scanner - 📅 Data/Hora: 22/03/2026 08:17:23
2026-03-22 08:17:23 [INFO] scanner - 📂 Log: logs/scanner_2026-03-22.log
2026-03-22 08:17:23 [INFO] scanner - ============================================================
2026-03-22 08:17:23 [INFO] scanner - 📝 PAPER MODE ATIVO - Apenas registro e análise
2026-03-22 08:44:01 [INFO] scanner - ============================================================
2026-03-22 08:44:01 [INFO] scanner - 🚀 SCANNER INICIADO
2026-03-22 08:44:01 [INFO] scanner - 📅 Data/Hora: 22/03/2026 08:44:01
2026-03-22 08:44:01 [INFO] scanner - 📂 Log: logs/scanner_2026-03-22.log
2026-03-22 08:44:01 [INFO] scanner - ============================================================
2026-03-22 08:44:01 [INFO] scanner - 📝 PAPER MODE ATIVO - Apenas registro e análise
2026-03-22 08:56:36 [INFO] scanner - ============================================================
2026-03-22 08:56:36 [INFO] scanner - 🚀 SCANNER INICIADO
2026-03-22 08:56:36 [INFO] scanner - 📅 Data/Hora: 22/03/2026 08:56:36
2026-03-22 08:56:36 [INFO] scanner - 📂 Log: logs/scanner_2026-03-22.log
2026-03-22 08:56:36 [INFO] scanner - ============================================================
2026-03-22 08:56:36 [INFO] scanner - 📝 PAPER MODE ATIVO - Apenas registro e análise
2026-03-22 09:40:02 [INFO] scanner - ============================================================
2026-03-22 09:40:02 [INFO] scanner - 🚀 SCANNER INICIADO
2026-03-22 09:40:02 [INFO] scanner - 📅 Data/Hora: 22/03/2026 09:40:02
2026-03-22 09:40:02 [INFO] scanner - 📂 Log: logs/scanner_2026-03-22.log
2026-03-22 09:40:02 [INFO] scanner - ============================================================
2026-03-22 09:40:02 [INFO] scanner - 📝 PAPER MODE ATIVO - Apenas registro e análise
2026-03-22 09:40:08 [WARNING] root - Bloco de componentes falhou: cannot unpack non-iterable int object
2026-03-22 09:40:08 [INFO] scanner - ✅ Validações OK [ETH/USDT]: Score=8.3, R:R=2.00
2026-03-22 09:40:08 [INFO] scanner - ⏸️  Throttle ativo [ETH/USDT]:
2026-03-22 09:40:08 [INFO] scanner -    ├─ Último alerta há 1281.4 minutos
2026-03-22 09:40:08 [INFO] scanner -    ├─ Tempo mínimo: 1800 minutos
2026-03-22 09:40:08 [INFO] scanner -    └─ Próximo permitido em: 518.6 minutos
2026-03-22 10:31:21 [INFO] scanner - ============================================================
2026-03-22 10:31:21 [INFO] scanner - 🚀 SCANNER INICIADO
2026-03-22 10:31:21 [INFO] scanner - 📅 Data/Hora: 22/03/2026 10:31:21
2026-03-22 10:31:21 [INFO] scanner - 📂 Log: logs/scanner_2026-03-22.log
2026-03-22 10:31:21 [INFO] scanner - ============================================================
2026-03-22 10:31:21 [INFO] scanner - 📝 PAPER MODE ATIVO - Apenas registro e análise
2026-03-22 10:31:27 [WARNING] root - Bloco de componentes falhou: cannot unpack non-iterable int object
2026-03-22 10:31:27 [INFO] scanner - ✅ Validações OK [ETH/USDT]: Score=8.3, R:R=2.00
2026-03-22 10:31:27 [INFO] scanner - ⏸️  Throttle ativo [ETH/USDT]:
2026-03-22 10:31:27 [INFO] scanner -    ├─ Último alerta há 1332.7 minutos
2026-03-22 10:31:27 [INFO] scanner -    ├─ Tempo mínimo: 1800 minutos
2026-03-22 10:31:27 [INFO] scanner -    └─ Próximo permitido em: 467.3 minutos
2026-03-22 11:03:33 [INFO] scanner - ============================================================
2026-03-22 11:03:33 [INFO] scanner - 🚀 SCANNER INICIADO
2026-03-22 11:03:33 [INFO] scanner - 📅 Data/Hora: 22/03/2026 11:03:33
2026-03-22 11:03:33 [INFO] scanner - 📂 Log: logs/scanner_2026-03-22.log
2026-03-22 11:03:33 [INFO] scanner - ============================================================
2026-03-22 11:03:33 [INFO] scanner - 📝 PAPER MODE ATIVO - Apenas registro e análise
2026-03-22 11:03:38 [WARNING] root - Bloco de componentes falhou: cannot unpack non-iterable int object
2026-03-22 11:03:38 [INFO] scanner - ✅ Validações OK [ETH/USDT]: Score=8.3, R:R=2.00
2026-03-22 11:03:38 [INFO] scanner - ⏸️  Throttle ativo [ETH/USDT]:
2026-03-22 11:03:38 [INFO] scanner -    ├─ Último alerta há 1364.9 minutos
2026-03-22 11:03:38 [INFO] scanner -    ├─ Tempo mínimo: 1800 minutos
2026-03-22 11:03:38 [INFO] scanner -    └─ Próximo permitido em: 435.1 minutos
2026-03-22 11:45:01 [INFO] scanner - ============================================================
2026-03-22 11:45:01 [INFO] scanner - 🚀 SCANNER INICIADO
2026-03-22 11:45:01 [INFO] scanner - 📅 Data/Hora: 22/03/2026 11:45:01
2026-03-22 11:45:01 [INFO] scanner - 📂 Log: logs/scanner_2026-03-22.log
2026-03-22 11:45:01 [INFO] scanner - ============================================================
2026-03-22 11:45:01 [INFO] scanner - 📝 PAPER MODE ATIVO - Apenas registro e análise
2026-03-22 11:45:07 [WARNING] root - Bloco de componentes falhou: cannot unpack non-iterable int object
2026-03-22 11:45:07 [INFO] scanner - ✅ Validações OK [ETH/USDT]: Score=8.3, R:R=2.00
2026-03-22 11:45:07 [INFO] scanner - ⏸️  Throttle ativo [ETH/USDT]:
2026-03-22 11:45:07 [INFO] scanner -    ├─ Último alerta há 1406.4 minutos
2026-03-22 11:45:07 [INFO] scanner -    ├─ Tempo mínimo: 1800 minutos
2026-03-22 11:45:07 [INFO] scanner -    └─ Próximo permitido em: 393.6 minutos
2026-03-22 12:00:35 [INFO] scanner - ============================================================
2026-03-22 12:00:35 [INFO] scanner - 🚀 SCANNER INICIADO
2026-03-22 12:00:35 [INFO] scanner - 📅 Data/Hora: 22/03/2026 12:00:35
2026-03-22 12:00:35 [INFO] scanner - 📂 Log: logs/scanner_2026-03-22.log
2026-03-22 12:00:35 [INFO] scanner - ============================================================
2026-03-22 12:00:35 [INFO] scanner - 📝 PAPER MODE ATIVO - Apenas registro e análise
2026-03-22 12:38:39 [INFO] scanner - ============================================================
2026-03-22 12:38:39 [INFO] scanner - 🚀 SCANNER INICIADO
2026-03-22 12:38:39 [INFO] scanner - 📅 Data/Hora: 22/03/2026 12:38:39
2026-03-22 12:38:39 [INFO] scanner - 📂 Log: logs/scanner_2026-03-22.log
2026-03-22 12:38:39 [INFO] scanner - ============================================================
2026-03-22 12:38:39 [INFO] scanner - 📝 PAPER MODE ATIVO - Apenas registro e análise
2026-03-22 12:56:06 [INFO] scanner - ============================================================
2026-03-22 12:56:06 [INFO] scanner - 🚀 SCANNER INICIADO
2026-03-22 12:56:06 [INFO] scanner - 📅 Data/Hora: 22/03/2026 12:56:06
2026-03-22 12:56:06 [INFO] scanner - 📂 Log: logs/scanner_2026-03-22.log
2026-03-22 12:56:06 [INFO] scanner - ============================================================
2026-03-22 12:56:06 [INFO] scanner - 📝 PAPER MODE ATIVO - Apenas registro e análise
2026-03-22 13:21:57 [INFO] scanner - ============================================================
2026-03-22 13:21:57 [INFO] scanner - 🚀 SCANNER INICIADO
2026-03-22 13:21:57 [INFO] scanner - 📅 Data/Hora: 22/03/2026 13:21:57
2026-03-22 13:21:57 [INFO] scanner - 📂 Log: logs/scanner_2026-03-22.log
2026-03-22 13:21:57 [INFO] scanner - ============================================================
2026-03-22 13:21:57 [INFO] scanner - 📝 PAPER MODE ATIVO - Apenas registro e análise
