2026-04-16 04:20:54 [INFO] scanner - ============================================================
2026-04-16 04:20:54 [INFO] scanner - 🚀 SCANNER INICIADO
2026-04-16 04:20:54 [INFO] scanner - 📅 Data/Hora: 16/04/2026 04:20:54
2026-04-16 04:20:54 [INFO] scanner - 📂 Log: logs/scanner_2026-04-16.log
2026-04-16 04:20:54 [INFO] scanner - ============================================================
2026-04-16 04:20:54 [INFO] scanner - 📝 PAPER MODE ATIVO - Apenas registro e análise
2026-04-16 04:20:58 [WARNING] root - Bloco de componentes falhou: cannot unpack non-iterable int object
2026-04-16 04:20:58 [INFO] scanner - ✅ Validações OK [BTC/USDT]: Score=7.3, R:R=2.08
2026-04-16 04:20:58 [INFO] scanner - ⏸️  Throttle ativo [BTC/USDT]:
2026-04-16 04:20:58 [INFO] scanner -    ├─ Último alerta há 1441.0 minutos
2026-04-16 04:20:58 [INFO] scanner -    ├─ Tempo mínimo: 1800 minutos
2026-04-16 04:20:58 [INFO] scanner -    └─ Próximo permitido em: 359.0 minutos
2026-04-16 04:20:58 [WARNING] root - Bloco de componentes falhou: cannot unpack non-iterable int object
2026-04-16 04:20:58 [INFO] scanner - ✅ Validações OK [BTC/USDT]: Score=7.3, R:R=2.08
2026-04-16 04:20:58 [INFO] scanner - ⏸️  Throttle ativo [BTC/USDT]:
2026-04-16 04:20:58 [INFO] scanner -    ├─ Último alerta há 1441.0 minutos
2026-04-16 04:20:58 [INFO] scanner -    ├─ Tempo mínimo: 1800 minutos
2026-04-16 04:20:58 [INFO] scanner -    └─ Próximo permitido em: 359.0 minutos
2026-04-16 04:21:00 [WARNING] root - Bloco de componentes falhou: cannot unpack non-iterable int object
2026-04-16 04:21:00 [INFO] scanner - ✅ Validações OK [ETH/USDT]: Score=7.3, R:R=2.00
2026-04-16 04:21:00 [INFO] scanner - ⏸️  Throttle ativo [ETH/USDT]:
2026-04-16 04:21:00 [INFO] scanner -    ├─ Último alerta há 1341.8 minutos
2026-04-16 04:21:00 [INFO] scanner -    ├─ Tempo mínimo: 1800 minutos
2026-04-16 04:21:00 [INFO] scanner -    └─ Próximo permitido em: 458.2 minutos
2026-04-16 05:59:21 [INFO] scanner - ============================================================
2026-04-16 05:59:21 [INFO] scanner - 🚀 SCANNER INICIADO
2026-04-16 05:59:21 [INFO] scanner - 📅 Data/Hora: 16/04/2026 05:59:21
2026-04-16 05:59:21 [INFO] scanner - 📂 Log: logs/scanner_2026-04-16.log
2026-04-16 05:59:21 [INFO] scanner - ============================================================
2026-04-16 05:59:21 [INFO] scanner - 📝 PAPER MODE ATIVO - Apenas registro e análise
2026-04-16 05:59:24 [WARNING] root - Bloco de componentes falhou: cannot unpack non-iterable int object
2026-04-16 05:59:24 [INFO] scanner - ✅ Validações OK [BTC/USDT]: Score=7.3, R:R=2.08
2026-04-16 05:59:24 [INFO] scanner - ⏸️  Throttle ativo [BTC/USDT]:
2026-04-16 05:59:24 [INFO] scanner -    ├─ Último alerta há 1539.5 minutos
2026-04-16 05:59:24 [INFO] scanner -    ├─ Tempo mínimo: 1800 minutos
2026-04-16 05:59:24 [INFO] scanner -    └─ Próximo permitido em: 260.5 minutos
2026-04-16 05:59:26 [WARNING] root - Bloco de componentes falhou: cannot unpack non-iterable int object
2026-04-16 05:59:26 [INFO] scanner - ✅ Validações OK [ETH/USDT]: Score=7.3, R:R=2.00
2026-04-16 05:59:26 [INFO] scanner - ⏸️  Throttle ativo [ETH/USDT]:
2026-04-16 05:59:26 [INFO] scanner -    ├─ Último alerta há 1440.2 minutos
2026-04-16 05:59:26 [INFO] scanner -    ├─ Tempo mínimo: 1800 minutos
2026-04-16 05:59:26 [INFO] scanner -    └─ Próximo permitido em: 359.8 minutos
2026-04-16 07:16:57 [INFO] scanner - ============================================================
2026-04-16 07:16:57 [INFO] scanner - 🚀 SCANNER INICIADO
2026-04-16 07:16:57 [INFO] scanner - 📅 Data/Hora: 16/04/2026 07:16:57
2026-04-16 07:16:57 [INFO] scanner - 📂 Log: logs/scanner_2026-04-16.log
2026-04-16 07:16:57 [INFO] scanner - ============================================================
2026-04-16 07:16:57 [INFO] scanner - 📝 PAPER MODE ATIVO - Apenas registro e análise
2026-04-16 07:17:00 [WARNING] root - Bloco de componentes falhou: cannot unpack non-iterable int object
2026-04-16 07:17:00 [INFO] scanner - ✅ Validações OK [BTC/USDT]: Score=7.3, R:R=2.08
2026-04-16 07:17:00 [INFO] scanner - ⏸️  Throttle ativo [BTC/USDT]:
2026-04-16 07:17:00 [INFO] scanner -    ├─ Último alerta há 1617.1 minutos
2026-04-16 07:17:00 [INFO] scanner -    ├─ Tempo mínimo: 1800 minutos
2026-04-16 07:17:00 [INFO] scanner -    └─ Próximo permitido em: 182.9 minutos
2026-04-16 08:35:10 [INFO] scanner - ============================================================
2026-04-16 08:35:10 [INFO] scanner - 🚀 SCANNER INICIADO
2026-04-16 08:35:10 [INFO] scanner - 📅 Data/Hora: 16/04/2026 08:35:10
2026-04-16 08:35:10 [INFO] scanner - 📂 Log: logs/scanner_2026-04-16.log
2026-04-16 08:35:10 [INFO] scanner - ============================================================
2026-04-16 08:35:10 [INFO] scanner - 📝 PAPER MODE ATIVO - Apenas registro e análise
2026-04-16 08:35:13 [WARNING] root - Bloco de componentes falhou: cannot unpack non-iterable int object
2026-04-16 08:35:13 [INFO] scanner - ✅ Validações OK [BTC/USDT]: Score=7.3, R:R=2.08
2026-04-16 08:35:13 [INFO] scanner - ⏸️  Throttle ativo [BTC/USDT]:
2026-04-16 08:35:13 [INFO] scanner -    ├─ Último alerta há 1695.3 minutos
2026-04-16 08:35:13 [INFO] scanner -    ├─ Tempo mínimo: 1800 minutos
2026-04-16 08:35:13 [INFO] scanner -    └─ Próximo permitido em: 104.7 minutos
2026-04-16 09:47:36 [INFO] scanner - ============================================================
2026-04-16 09:47:36 [INFO] scanner - 🚀 SCANNER INICIADO
2026-04-16 09:47:36 [INFO] scanner - 📅 Data/Hora: 16/04/2026 09:47:36
2026-04-16 09:47:36 [INFO] scanner - 📂 Log: logs/scanner_2026-04-16.log
2026-04-16 09:47:36 [INFO] scanner - ============================================================
2026-04-16 09:47:36 [INFO] scanner - 📝 PAPER MODE ATIVO - Apenas registro e análise
2026-04-16 09:47:39 [WARNING] root - Bloco de componentes falhou: cannot unpack non-iterable int object
2026-04-16 09:47:39 [INFO] scanner - ✅ Validações OK [BTC/USDT]: Score=7.3, R:R=2.08
2026-04-16 09:47:39 [INFO] scanner - ⏸️  Throttle ativo [BTC/USDT]:
2026-04-16 09:47:39 [INFO] scanner -    ├─ Último alerta há 1767.7 minutos
2026-04-16 09:47:39 [INFO] scanner -    ├─ Tempo mínimo: 1800 minutos
2026-04-16 09:47:39 [INFO] scanner -    └─ Próximo permitido em: 32.3 minutos
2026-04-16 11:49:06 [INFO] scanner - ============================================================
2026-04-16 11:49:06 [INFO] scanner - 🚀 SCANNER INICIADO
2026-04-16 11:49:06 [INFO] scanner - 📅 Data/Hora: 16/04/2026 11:49:06
2026-04-16 11:49:06 [INFO] scanner - 📂 Log: logs/scanner_2026-04-16.log
2026-04-16 11:49:06 [INFO] scanner - ============================================================
2026-04-16 11:49:06 [INFO] scanner - 📝 PAPER MODE ATIVO - Apenas registro e análise
2026-04-16 11:49:19 [WARNING] root - Bloco de componentes falhou: cannot unpack non-iterable int object
2026-04-16 11:49:19 [INFO] scanner - ✅ Validações OK [BTC/USDT]: Score=7.3, R:R=2.08
2026-04-16 11:49:19 [INFO] scanner - ✅ Throttle OK [BTC/USDT]: Pode enviar
2026-04-16 11:49:20 [INFO] scanner - 📝 Sinal no ledger: 20260416_114920_402350 - BTC/USDT
2026-04-16 11:49:20 [INFO] scanner - 📨 Alerta enviado | ID Ledger: 20260416_114920_402350
2026-04-16 11:49:22 [WARNING] root - Bloco de componentes falhou: cannot unpack non-iterable int object
2026-04-16 11:49:22 [INFO] scanner - ✅ Validações OK [ETH/USDT]: Score=7.3, R:R=2.00
2026-04-16 11:49:22 [INFO] scanner - ⏸️  Throttle ativo [ETH/USDT]:
2026-04-16 11:49:22 [INFO] scanner -    ├─ Último alerta há 1790.1 minutos
2026-04-16 11:49:22 [INFO] scanner -    ├─ Tempo mínimo: 1800 minutos
2026-04-16 11:49:22 [INFO] scanner -    └─ Próximo permitido em: 9.9 minutos
2026-04-16 11:49:22 [WARNING] root - Bloco de componentes falhou: cannot unpack non-iterable int object
2026-04-16 11:49:22 [INFO] scanner - ✅ Validações OK [ETH/USDT]: Score=7.3, R:R=2.00
2026-04-16 11:49:22 [INFO] scanner - ⏸️  Throttle ativo [ETH/USDT]:
2026-04-16 11:49:22 [INFO] scanner -    ├─ Último alerta há 1790.1 minutos
2026-04-16 11:49:22 [INFO] scanner -    ├─ Tempo mínimo: 1800 minutos
2026-04-16 11:49:22 [INFO] scanner -    └─ Próximo permitido em: 9.9 minutos
2026-04-16 13:16:44 [INFO] scanner - ============================================================
2026-04-16 13:16:44 [INFO] scanner - 🚀 SCANNER INICIADO
2026-04-16 13:16:44 [INFO] scanner - 📅 Data/Hora: 16/04/2026 13:16:44
2026-04-16 13:16:44 [INFO] scanner - 📂 Log: logs/scanner_2026-04-16.log
2026-04-16 13:16:44 [INFO] scanner - ============================================================
2026-04-16 13:16:44 [INFO] scanner - 📝 PAPER MODE ATIVO - Apenas registro e análise
2026-04-16 14:49:10 [INFO] scanner - ============================================================
2026-04-16 14:49:10 [INFO] scanner - 🚀 SCANNER INICIADO
2026-04-16 14:49:10 [INFO] scanner - 📅 Data/Hora: 16/04/2026 14:49:10
2026-04-16 14:49:10 [INFO] scanner - 📂 Log: logs/scanner_2026-04-16.log
2026-04-16 14:49:10 [INFO] scanner - ============================================================
2026-04-16 14:49:10 [INFO] scanner - 📝 PAPER MODE ATIVO - Apenas registro e análise
2026-04-16 16:00:29 [INFO] scanner - ============================================================
2026-04-16 16:00:29 [INFO] scanner - 🚀 SCANNER INICIADO
2026-04-16 16:00:29 [INFO] scanner - 📅 Data/Hora: 16/04/2026 16:00:29
2026-04-16 16:00:29 [INFO] scanner - 📂 Log: logs/scanner_2026-04-16.log
2026-04-16 16:00:29 [INFO] scanner - ============================================================
2026-04-16 16:00:29 [INFO] scanner - 📝 PAPER MODE ATIVO - Apenas registro e análise
2026-04-16 16:00:32 [WARNING] root - Bloco de componentes falhou: cannot unpack non-iterable int object
2026-04-16 16:00:32 [INFO] scanner - ✅ Validações OK [BTC/USDT]: Score=7.3, R:R=2.08
2026-04-16 16:00:32 [INFO] scanner - ⏸️  Throttle ativo [BTC/USDT]:
2026-04-16 16:00:32 [INFO] scanner -    ├─ Último alerta há 251.2 minutos
2026-04-16 16:00:32 [INFO] scanner -    ├─ Tempo mínimo: 1800 minutos
2026-04-16 16:00:32 [INFO] scanner -    └─ Próximo permitido em: 1548.8 minutos
2026-04-16 17:01:42 [INFO] scanner - ============================================================
2026-04-16 17:01:42 [INFO] scanner - 🚀 SCANNER INICIADO
2026-04-16 17:01:42 [INFO] scanner - 📅 Data/Hora: 16/04/2026 17:01:42
2026-04-16 17:01:42 [INFO] scanner - 📂 Log: logs/scanner_2026-04-16.log
2026-04-16 17:01:42 [INFO] scanner - ============================================================
2026-04-16 17:01:42 [INFO] scanner - 📝 PAPER MODE ATIVO - Apenas registro e análise
2026-04-16 17:01:45 [WARNING] root - Bloco de componentes falhou: cannot unpack non-iterable int object
2026-04-16 17:01:45 [INFO] scanner - ✅ Validações OK [BTC/USDT]: Score=7.3, R:R=2.08
2026-04-16 17:01:45 [INFO] scanner - ⏸️  Throttle ativo [BTC/USDT]:
2026-04-16 17:01:45 [INFO] scanner -    ├─ Último alerta há 312.4 minutos
2026-04-16 17:01:45 [INFO] scanner -    ├─ Tempo mínimo: 1800 minutos
2026-04-16 17:01:45 [INFO] scanner -    └─ Próximo permitido em: 1487.6 minutos
2026-04-16 17:01:47 [WARNING] root - Bloco de componentes falhou: cannot unpack non-iterable int object
2026-04-16 17:01:47 [INFO] scanner - ✅ Validações OK [ETH/USDT]: Score=7.3, R:R=2.00
2026-04-16 17:01:47 [INFO] scanner - ✅ Throttle OK [ETH/USDT]: Pode enviar
2026-04-16 17:01:48 [INFO] scanner - 📝 Sinal no ledger: 20260416_170148_626331 - ETH/USDT
2026-04-16 17:01:48 [INFO] scanner - 📨 Alerta enviado | ID Ledger: 20260416_170148_626331
2026-04-16 18:02:09 [INFO] scanner - ============================================================
2026-04-16 18:02:09 [INFO] scanner - 🚀 SCANNER INICIADO
2026-04-16 18:02:09 [INFO] scanner - 📅 Data/Hora: 16/04/2026 18:02:09
2026-04-16 18:02:09 [INFO] scanner - 📂 Log: logs/scanner_2026-04-16.log
2026-04-16 18:02:09 [INFO] scanner - ============================================================
2026-04-16 18:02:09 [INFO] scanner - 📝 PAPER MODE ATIVO - Apenas registro e análise
2026-04-16 18:02:12 [WARNING] root - Bloco de componentes falhou: cannot unpack non-iterable int object
2026-04-16 18:02:12 [INFO] scanner - ✅ Validações OK [BTC/USDT]: Score=7.3, R:R=2.08
2026-04-16 18:02:12 [INFO] scanner - ⏸️  Throttle ativo [BTC/USDT]:
2026-04-16 18:02:12 [INFO] scanner -    ├─ Último alerta há 372.9 minutos
2026-04-16 18:02:12 [INFO] scanner -    ├─ Tempo mínimo: 1800 minutos
2026-04-16 18:02:12 [INFO] scanner -    └─ Próximo permitido em: 1427.1 minutos
2026-04-16 18:02:14 [WARNING] root - Bloco de componentes falhou: cannot unpack non-iterable int object
2026-04-16 18:02:14 [INFO] scanner - ✅ Validações OK [ETH/USDT]: Score=7.3, R:R=2.00
2026-04-16 18:02:14 [INFO] scanner - ⏸️  Throttle ativo [ETH/USDT]:
2026-04-16 18:02:14 [INFO] scanner -    ├─ Último alerta há 60.4 minutos
2026-04-16 18:02:14 [INFO] scanner -    ├─ Tempo mínimo: 1800 minutos
2026-04-16 18:02:14 [INFO] scanner -    └─ Próximo permitido em: 1739.6 minutos
2026-04-16 18:02:14 [WARNING] root - Bloco de componentes falhou: cannot unpack non-iterable int object
2026-04-16 18:02:14 [INFO] scanner - ✅ Validações OK [ETH/USDT]: Score=7.3, R:R=2.00
2026-04-16 18:02:14 [INFO] scanner - ⏸️  Throttle ativo [ETH/USDT]:
2026-04-16 18:02:14 [INFO] scanner -    ├─ Último alerta há 60.5 minutos
2026-04-16 18:02:14 [INFO] scanner -    ├─ Tempo mínimo: 1800 minutos
2026-04-16 18:02:14 [INFO] scanner -    └─ Próximo permitido em: 1739.5 minutos
2026-04-16 18:57:57 [INFO] scanner - ============================================================
2026-04-16 18:57:57 [INFO] scanner - 🚀 SCANNER INICIADO
2026-04-16 18:57:57 [INFO] scanner - 📅 Data/Hora: 16/04/2026 18:57:57
2026-04-16 18:57:57 [INFO] scanner - 📂 Log: logs/scanner_2026-04-16.log
2026-04-16 18:57:57 [INFO] scanner - ============================================================
2026-04-16 18:57:57 [INFO] scanner - 📝 PAPER MODE ATIVO - Apenas registro e análise
2026-04-16 18:58:00 [WARNING] root - Bloco de componentes falhou: cannot unpack non-iterable int object
2026-04-16 18:58:00 [INFO] scanner - ✅ Validações OK [BTC/USDT]: Score=7.3, R:R=2.08
2026-04-16 18:58:00 [INFO] scanner - ⏸️  Throttle ativo [BTC/USDT]:
2026-04-16 18:58:00 [INFO] scanner -    ├─ Último alerta há 428.7 minutos
2026-04-16 18:58:00 [INFO] scanner -    ├─ Tempo mínimo: 1800 minutos
2026-04-16 18:58:00 [INFO] scanner -    └─ Próximo permitido em: 1371.3 minutos
2026-04-16 18:58:03 [WARNING] root - Bloco de componentes falhou: cannot unpack non-iterable int object
2026-04-16 18:58:03 [INFO] scanner - ✅ Validações OK [ETH/USDT]: Score=7.3, R:R=2.00
2026-04-16 18:58:03 [INFO] scanner - ⏸️  Throttle ativo [ETH/USDT]:
2026-04-16 18:58:03 [INFO] scanner -    ├─ Último alerta há 116.3 minutos
2026-04-16 18:58:03 [INFO] scanner -    ├─ Tempo mínimo: 1800 minutos
2026-04-16 18:58:03 [INFO] scanner -    └─ Próximo permitido em: 1683.7 minutos
2026-04-16 18:58:03 [WARNING] root - Bloco de componentes falhou: cannot unpack non-iterable int object
2026-04-16 18:58:03 [INFO] scanner - ✅ Validações OK [ETH/USDT]: Score=7.3, R:R=2.00
2026-04-16 18:58:03 [INFO] scanner - ⏸️  Throttle ativo [ETH/USDT]:
2026-04-16 18:58:03 [INFO] scanner -    ├─ Último alerta há 116.3 minutos
2026-04-16 18:58:03 [INFO] scanner -    ├─ Tempo mínimo: 1800 minutos
2026-04-16 18:58:03 [INFO] scanner -    └─ Próximo permitido em: 1683.7 minutos
2026-04-16 19:38:45 [INFO] scanner - ============================================================
2026-04-16 19:38:45 [INFO] scanner - 🚀 SCANNER INICIADO
2026-04-16 19:38:45 [INFO] scanner - 📅 Data/Hora: 16/04/2026 19:38:45
2026-04-16 19:38:45 [INFO] scanner - 📂 Log: logs/scanner_2026-04-16.log
2026-04-16 19:38:45 [INFO] scanner - ============================================================
2026-04-16 19:38:45 [INFO] scanner - 📝 PAPER MODE ATIVO - Apenas registro e análise
2026-04-16 19:38:49 [WARNING] root - Bloco de componentes falhou: cannot unpack non-iterable int object
2026-04-16 19:38:49 [INFO] scanner - ✅ Validações OK [BTC/USDT]: Score=7.3, R:R=2.08
2026-04-16 19:38:49 [INFO] scanner - ⏸️  Throttle ativo [BTC/USDT]:
2026-04-16 19:38:49 [INFO] scanner -    ├─ Último alerta há 469.5 minutos
2026-04-16 19:38:49 [INFO] scanner -    ├─ Tempo mínimo: 1800 minutos
2026-04-16 19:38:49 [INFO] scanner -    └─ Próximo permitido em: 1330.5 minutos
2026-04-16 19:38:51 [WARNING] root - Bloco de componentes falhou: cannot unpack non-iterable int object
2026-04-16 19:38:51 [INFO] scanner - ✅ Validações OK [ETH/USDT]: Score=7.3, R:R=2.00
2026-04-16 19:38:51 [INFO] scanner - ⏸️  Throttle ativo [ETH/USDT]:
2026-04-16 19:38:51 [INFO] scanner -    ├─ Último alerta há 157.1 minutos
2026-04-16 19:38:51 [INFO] scanner -    ├─ Tempo mínimo: 1800 minutos
2026-04-16 19:38:51 [INFO] scanner -    └─ Próximo permitido em: 1642.9 minutos
2026-04-16 20:24:43 [INFO] scanner - ============================================================
2026-04-16 20:24:43 [INFO] scanner - 🚀 SCANNER INICIADO
2026-04-16 20:24:43 [INFO] scanner - 📅 Data/Hora: 16/04/2026 20:24:43
2026-04-16 20:24:43 [INFO] scanner - 📂 Log: logs/scanner_2026-04-16.log
2026-04-16 20:24:43 [INFO] scanner - ============================================================
2026-04-16 20:24:43 [INFO] scanner - 📝 PAPER MODE ATIVO - Apenas registro e análise
2026-04-16 20:24:47 [WARNING] root - Bloco de componentes falhou: cannot unpack non-iterable int object
2026-04-16 20:24:47 [INFO] scanner - ✅ Validações OK [BTC/USDT]: Score=7.3, R:R=2.08
2026-04-16 20:24:47 [INFO] scanner - ⏸️  Throttle ativo [BTC/USDT]:
2026-04-16 20:24:47 [INFO] scanner -    ├─ Último alerta há 515.5 minutos
2026-04-16 20:24:47 [INFO] scanner -    ├─ Tempo mínimo: 1800 minutos
2026-04-16 20:24:47 [INFO] scanner -    └─ Próximo permitido em: 1284.5 minutos
2026-04-16 20:24:49 [WARNING] root - Bloco de componentes falhou: cannot unpack non-iterable int object
2026-04-16 20:24:49 [INFO] scanner - ✅ Validações OK [ETH/USDT]: Score=7.3, R:R=2.00
2026-04-16 20:24:49 [INFO] scanner - ⏸️  Throttle ativo [ETH/USDT]:
2026-04-16 20:24:49 [INFO] scanner -    ├─ Último alerta há 203.0 minutos
2026-04-16 20:24:49 [INFO] scanner -    ├─ Tempo mínimo: 1800 minutos
2026-04-16 20:24:49 [INFO] scanner -    └─ Próximo permitido em: 1597.0 minutos
2026-04-16 20:24:50 [WARNING] root - Bloco de componentes falhou: cannot unpack non-iterable int object
2026-04-16 20:24:50 [INFO] scanner - ✅ Validações OK [ETH/USDT]: Score=7.3, R:R=2.00
2026-04-16 20:24:50 [INFO] scanner - ⏸️  Throttle ativo [ETH/USDT]:
2026-04-16 20:24:50 [INFO] scanner -    ├─ Último alerta há 203.0 minutos
2026-04-16 20:24:50 [INFO] scanner -    ├─ Tempo mínimo: 1800 minutos
2026-04-16 20:24:50 [INFO] scanner -    └─ Próximo permitido em: 1597.0 minutos
2026-04-16 21:02:54 [INFO] scanner - ============================================================
2026-04-16 21:02:54 [INFO] scanner - 🚀 SCANNER INICIADO
2026-04-16 21:02:54 [INFO] scanner - 📅 Data/Hora: 16/04/2026 21:02:54
2026-04-16 21:02:54 [INFO] scanner - 📂 Log: logs/scanner_2026-04-16.log
2026-04-16 21:02:54 [INFO] scanner - ============================================================
2026-04-16 21:02:54 [INFO] scanner - 📝 PAPER MODE ATIVO - Apenas registro e análise
2026-04-16 21:02:57 [WARNING] root - Bloco de componentes falhou: cannot unpack non-iterable int object
2026-04-16 21:02:57 [INFO] scanner - ✅ Validações OK [BTC/USDT]: Score=7.3, R:R=2.08
2026-04-16 21:02:57 [INFO] scanner - ⏸️  Throttle ativo [BTC/USDT]:
2026-04-16 21:02:57 [INFO] scanner -    ├─ Último alerta há 553.6 minutos
2026-04-16 21:02:57 [INFO] scanner -    ├─ Tempo mínimo: 1800 minutos
2026-04-16 21:02:57 [INFO] scanner -    └─ Próximo permitido em: 1246.4 minutos
2026-04-16 21:02:59 [WARNING] root - Bloco de componentes falhou: cannot unpack non-iterable int object
2026-04-16 21:02:59 [INFO] scanner - ✅ Validações OK [ETH/USDT]: Score=7.3, R:R=2.00
2026-04-16 21:02:59 [INFO] scanner - ⏸️  Throttle ativo [ETH/USDT]:
2026-04-16 21:02:59 [INFO] scanner -    ├─ Último alerta há 241.2 minutos
2026-04-16 21:02:59 [INFO] scanner -    ├─ Tempo mínimo: 1800 minutos
2026-04-16 21:02:59 [INFO] scanner -    └─ Próximo permitido em: 1558.8 minutos
2026-04-16 21:03:00 [WARNING] root - Bloco de componentes falhou: cannot unpack non-iterable int object
2026-04-16 21:03:00 [INFO] scanner - ✅ Validações OK [ETH/USDT]: Score=7.3, R:R=2.00
2026-04-16 21:03:00 [INFO] scanner - ⏸️  Throttle ativo [ETH/USDT]:
2026-04-16 21:03:00 [INFO] scanner -    ├─ Último alerta há 241.2 minutos
2026-04-16 21:03:00 [INFO] scanner -    ├─ Tempo mínimo: 1800 minutos
2026-04-16 21:03:00 [INFO] scanner -    └─ Próximo permitido em: 1558.8 minutos
