2026-07-12 05:02:01 [INFO] scanner - ============================================================
2026-07-12 05:02:01 [INFO] scanner - 🚀 SCANNER INICIADO
2026-07-12 05:02:01 [INFO] scanner - 📅 Data/Hora: 12/07/2026 05:02:01
2026-07-12 05:02:01 [INFO] scanner - 📂 Log: logs/scanner_2026-07-12.log
2026-07-12 05:02:01 [INFO] scanner - ============================================================
2026-07-12 05:02:01 [INFO] scanner - 📝 PAPER MODE ATIVO - Apenas registro e análise
2026-07-12 07:00:05 [INFO] scanner - ============================================================
2026-07-12 07:00:05 [INFO] scanner - 🚀 SCANNER INICIADO
2026-07-12 07:00:05 [INFO] scanner - 📅 Data/Hora: 12/07/2026 07:00:05
2026-07-12 07:00:05 [INFO] scanner - 📂 Log: logs/scanner_2026-07-12.log
2026-07-12 07:00:05 [INFO] scanner - ============================================================
2026-07-12 07:00:05 [INFO] scanner - 📝 PAPER MODE ATIVO - Apenas registro e análise
2026-07-12 08:13:33 [INFO] scanner - ============================================================
2026-07-12 08:13:33 [INFO] scanner - 🚀 SCANNER INICIADO
2026-07-12 08:13:33 [INFO] scanner - 📅 Data/Hora: 12/07/2026 08:13:33
2026-07-12 08:13:33 [INFO] scanner - 📂 Log: logs/scanner_2026-07-12.log
2026-07-12 08:13:33 [INFO] scanner - ============================================================
2026-07-12 08:13:33 [INFO] scanner - 📝 PAPER MODE ATIVO - Apenas registro e análise
2026-07-12 09:07:26 [INFO] scanner - ============================================================
2026-07-12 09:07:26 [INFO] scanner - 🚀 SCANNER INICIADO
2026-07-12 09:07:26 [INFO] scanner - 📅 Data/Hora: 12/07/2026 09:07:26
2026-07-12 09:07:26 [INFO] scanner - 📂 Log: logs/scanner_2026-07-12.log
2026-07-12 09:07:26 [INFO] scanner - ============================================================
2026-07-12 09:07:26 [INFO] scanner - 📝 PAPER MODE ATIVO - Apenas registro e análise
2026-07-12 10:53:16 [INFO] scanner - ============================================================
2026-07-12 10:53:16 [INFO] scanner - 🚀 SCANNER INICIADO
2026-07-12 10:53:16 [INFO] scanner - 📅 Data/Hora: 12/07/2026 10:53:16
2026-07-12 10:53:16 [INFO] scanner - 📂 Log: logs/scanner_2026-07-12.log
2026-07-12 10:53:16 [INFO] scanner - ============================================================
2026-07-12 10:53:16 [INFO] scanner - 📝 PAPER MODE ATIVO - Apenas registro e análise
2026-07-12 11:47:37 [INFO] scanner - ============================================================
2026-07-12 11:47:37 [INFO] scanner - 🚀 SCANNER INICIADO
2026-07-12 11:47:37 [INFO] scanner - 📅 Data/Hora: 12/07/2026 11:47:37
2026-07-12 11:47:37 [INFO] scanner - 📂 Log: logs/scanner_2026-07-12.log
2026-07-12 11:47:37 [INFO] scanner - ============================================================
2026-07-12 11:47:37 [INFO] scanner - 📝 PAPER MODE ATIVO - Apenas registro e análise
2026-07-12 11:47:43 [WARNING] root - Bloco de componentes falhou: cannot unpack non-iterable int object
2026-07-12 11:47:43 [INFO] scanner - ✅ Validações OK [ETH/USDT]: Score=7.3, R:R=2.00
2026-07-12 11:47:43 [INFO] scanner - ⏸️  Throttle ativo [ETH/USDT]:
2026-07-12 11:47:43 [INFO] scanner -    ├─ Último alerta há 1357.5 minutos
2026-07-12 11:47:43 [INFO] scanner -    ├─ Tempo mínimo: 1800 minutos
2026-07-12 11:47:43 [INFO] scanner -    └─ Próximo permitido em: 442.5 minutos
2026-07-12 11:47:43 [WARNING] root - Bloco de componentes falhou: cannot unpack non-iterable int object
2026-07-12 11:47:43 [INFO] scanner - ✅ Validações OK [ETH/USDT]: Score=7.3, R:R=2.00
2026-07-12 11:47:43 [INFO] scanner - ⏸️  Throttle ativo [ETH/USDT]:
2026-07-12 11:47:43 [INFO] scanner -    ├─ Último alerta há 1357.5 minutos
2026-07-12 11:47:43 [INFO] scanner -    ├─ Tempo mínimo: 1800 minutos
2026-07-12 11:47:43 [INFO] scanner -    └─ Próximo permitido em: 442.5 minutos
2026-07-12 12:51:14 [INFO] scanner - ============================================================
2026-07-12 12:51:14 [INFO] scanner - 🚀 SCANNER INICIADO
2026-07-12 12:51:14 [INFO] scanner - 📅 Data/Hora: 12/07/2026 12:51:14
2026-07-12 12:51:14 [INFO] scanner - 📂 Log: logs/scanner_2026-07-12.log
2026-07-12 12:51:14 [INFO] scanner - ============================================================
2026-07-12 12:51:14 [INFO] scanner - 📝 PAPER MODE ATIVO - Apenas registro e análise
2026-07-12 12:51:19 [WARNING] root - Bloco de componentes falhou: cannot unpack non-iterable int object
2026-07-12 12:51:19 [INFO] scanner - ✅ Validações OK [ETH/USDT]: Score=9.3, R:R=2.00
2026-07-12 12:51:19 [INFO] scanner - ⏸️  Throttle ativo [ETH/USDT]:
2026-07-12 12:51:19 [INFO] scanner -    ├─ Último alerta há 1421.1 minutos
2026-07-12 12:51:19 [INFO] scanner -    ├─ Tempo mínimo: 1800 minutos
2026-07-12 12:51:19 [INFO] scanner -    └─ Próximo permitido em: 378.9 minutos
2026-07-12 12:51:19 [WARNING] root - Bloco de componentes falhou: cannot unpack non-iterable int object
2026-07-12 12:51:19 [INFO] scanner - ✅ Validações OK [ETH/USDT]: Score=7.3, R:R=2.00
2026-07-12 12:51:19 [INFO] scanner - ⏸️  Throttle ativo [ETH/USDT]:
2026-07-12 12:51:19 [INFO] scanner -    ├─ Último alerta há 1421.1 minutos
2026-07-12 12:51:19 [INFO] scanner -    ├─ Tempo mínimo: 1800 minutos
2026-07-12 12:51:19 [INFO] scanner -    └─ Próximo permitido em: 378.9 minutos
