2025-12-10 03:22:02 [INFO] scanner - ============================================================
2025-12-10 03:22:02 [INFO] scanner - 🚀 SCANNER INICIADO
2025-12-10 03:22:02 [INFO] scanner - 📅 Data/Hora: 10/12/2025 03:22:02
2025-12-10 03:22:02 [INFO] scanner - 📂 Log: logs/scanner_2025-12-10.log
2025-12-10 03:22:02 [INFO] scanner - ============================================================
2025-12-10 03:22:02 [INFO] scanner - 📝 PAPER MODE ATIVO - Apenas registro e análise
2025-12-10 03:22:05 [WARNING] root - Bloco de componentes falhou: cannot unpack non-iterable int object
2025-12-10 03:22:05 [INFO] scanner - ✅ Validações OK [BTC/USDT]: Score=7.3, R:R=2.08
2025-12-10 03:22:05 [INFO] scanner - ⏸️  Throttle ativo [BTC/USDT]:
2025-12-10 03:22:05 [INFO] scanner -    ├─ Último alerta há 1361.2 minutos
2025-12-10 03:22:05 [INFO] scanner -    ├─ Tempo mínimo: 1800 minutos
2025-12-10 03:22:05 [INFO] scanner -    └─ Próximo permitido em: 438.8 minutos
2025-12-10 03:22:08 [WARNING] root - Bloco de componentes falhou: cannot unpack non-iterable int object
2025-12-10 03:22:08 [INFO] scanner - ✅ Validações OK [ETH/USDT]: Score=7.3, R:R=2.00
2025-12-10 03:22:08 [INFO] scanner - ⏸️  Throttle ativo [ETH/USDT]:
2025-12-10 03:22:08 [INFO] scanner -    ├─ Último alerta há 1113.5 minutos
2025-12-10 03:22:08 [INFO] scanner -    ├─ Tempo mínimo: 1800 minutos
2025-12-10 03:22:08 [INFO] scanner -    └─ Próximo permitido em: 686.5 minutos
2025-12-10 03:53:40 [INFO] scanner - ============================================================
2025-12-10 03:53:40 [INFO] scanner - 🚀 SCANNER INICIADO
2025-12-10 03:53:40 [INFO] scanner - 📅 Data/Hora: 10/12/2025 03:53:40
2025-12-10 03:53:40 [INFO] scanner - 📂 Log: logs/scanner_2025-12-10.log
2025-12-10 03:53:40 [INFO] scanner - ============================================================
2025-12-10 03:53:40 [INFO] scanner - 📝 PAPER MODE ATIVO - Apenas registro e análise
2025-12-10 03:53:43 [WARNING] root - Bloco de componentes falhou: cannot unpack non-iterable int object
2025-12-10 03:53:43 [INFO] scanner - ✅ Validações OK [BTC/USDT]: Score=7.3, R:R=2.08
2025-12-10 03:53:43 [INFO] scanner - ⏸️  Throttle ativo [BTC/USDT]:
2025-12-10 03:53:43 [INFO] scanner -    ├─ Último alerta há 1392.8 minutos
2025-12-10 03:53:43 [INFO] scanner -    ├─ Tempo mínimo: 1800 minutos
2025-12-10 03:53:43 [INFO] scanner -    └─ Próximo permitido em: 407.2 minutos
2025-12-10 03:53:45 [WARNING] root - Bloco de componentes falhou: cannot unpack non-iterable int object
2025-12-10 03:53:45 [INFO] scanner - ✅ Validações OK [ETH/USDT]: Score=7.3, R:R=2.00
2025-12-10 03:53:45 [INFO] scanner - ⏸️  Throttle ativo [ETH/USDT]:
2025-12-10 03:53:45 [INFO] scanner -    ├─ Último alerta há 1145.2 minutos
2025-12-10 03:53:45 [INFO] scanner -    ├─ Tempo mínimo: 1800 minutos
2025-12-10 03:53:45 [INFO] scanner -    └─ Próximo permitido em: 654.8 minutos
2025-12-10 04:17:09 [INFO] scanner - ============================================================
2025-12-10 04:17:09 [INFO] scanner - 🚀 SCANNER INICIADO
2025-12-10 04:17:09 [INFO] scanner - 📅 Data/Hora: 10/12/2025 04:17:09
2025-12-10 04:17:09 [INFO] scanner - 📂 Log: logs/scanner_2025-12-10.log
2025-12-10 04:17:09 [INFO] scanner - ============================================================
2025-12-10 04:17:09 [INFO] scanner - 📝 PAPER MODE ATIVO - Apenas registro e análise
2025-12-10 04:17:13 [WARNING] root - Bloco de componentes falhou: cannot unpack non-iterable int object
2025-12-10 04:17:13 [INFO] scanner - ✅ Validações OK [BTC/USDT]: Score=7.3, R:R=2.08
2025-12-10 04:17:13 [INFO] scanner - ⏸️  Throttle ativo [BTC/USDT]:
2025-12-10 04:17:13 [INFO] scanner -    ├─ Último alerta há 1416.3 minutos
2025-12-10 04:17:13 [INFO] scanner -    ├─ Tempo mínimo: 1800 minutos
2025-12-10 04:17:13 [INFO] scanner -    └─ Próximo permitido em: 383.7 minutos
2025-12-10 04:17:15 [WARNING] root - Bloco de componentes falhou: cannot unpack non-iterable int object
2025-12-10 04:17:15 [INFO] scanner - ✅ Validações OK [ETH/USDT]: Score=7.3, R:R=2.00
2025-12-10 04:17:15 [INFO] scanner - ⏸️  Throttle ativo [ETH/USDT]:
2025-12-10 04:17:15 [INFO] scanner -    ├─ Último alerta há 1168.7 minutos
2025-12-10 04:17:15 [INFO] scanner -    ├─ Tempo mínimo: 1800 minutos
2025-12-10 04:17:15 [INFO] scanner -    └─ Próximo permitido em: 631.3 minutos
2025-12-10 04:17:16 [WARNING] root - Bloco de componentes falhou: cannot unpack non-iterable int object
2025-12-10 04:17:16 [INFO] scanner - ✅ Validações OK [ETH/USDT]: Score=7.3, R:R=2.00
2025-12-10 04:17:16 [INFO] scanner - ⏸️  Throttle ativo [ETH/USDT]:
2025-12-10 04:17:16 [INFO] scanner -    ├─ Último alerta há 1168.7 minutos
2025-12-10 04:17:16 [INFO] scanner -    ├─ Tempo mínimo: 1800 minutos
2025-12-10 04:17:16 [INFO] scanner -    └─ Próximo permitido em: 631.3 minutos
