2026-04-18 03:57:54 [INFO] scanner - ============================================================
2026-04-18 03:57:54 [INFO] scanner - 🚀 SCANNER INICIADO
2026-04-18 03:57:54 [INFO] scanner - 📅 Data/Hora: 18/04/2026 03:57:54
2026-04-18 03:57:54 [INFO] scanner - 📂 Log: logs/scanner_2026-04-18.log
2026-04-18 03:57:54 [INFO] scanner - ============================================================
2026-04-18 03:57:54 [INFO] scanner - 📝 PAPER MODE ATIVO - Apenas registro e análise
2026-04-18 03:57:58 [WARNING] root - Bloco de componentes falhou: cannot unpack non-iterable int object
2026-04-18 03:57:58 [INFO] scanner - ✅ Validações OK [BTC/USDT]: Score=7.3, R:R=2.08
2026-04-18 03:57:58 [INFO] scanner - ⏸️  Throttle ativo [BTC/USDT]:
2026-04-18 03:57:58 [INFO] scanner -    ├─ Último alerta há 589.7 minutos
2026-04-18 03:57:58 [INFO] scanner -    ├─ Tempo mínimo: 1800 minutos
2026-04-18 03:57:58 [INFO] scanner -    └─ Próximo permitido em: 1210.3 minutos
2026-04-18 03:58:00 [WARNING] root - Bloco de componentes falhou: cannot unpack non-iterable int object
2026-04-18 03:58:00 [INFO] scanner - ✅ Validações OK [ETH/USDT]: Score=7.3, R:R=2.00
2026-04-18 03:58:00 [INFO] scanner - ✅ Throttle OK [ETH/USDT]: Pode enviar
2026-04-18 03:58:01 [INFO] scanner - 📝 Sinal no ledger: 20260418_035801_053104 - ETH/USDT
2026-04-18 03:58:01 [INFO] scanner - 📨 Alerta enviado | ID Ledger: 20260418_035801_053104
2026-04-18 04:58:37 [INFO] scanner - ============================================================
2026-04-18 04:58:37 [INFO] scanner - 🚀 SCANNER INICIADO
2026-04-18 04:58:37 [INFO] scanner - 📅 Data/Hora: 18/04/2026 04:58:37
2026-04-18 04:58:37 [INFO] scanner - 📂 Log: logs/scanner_2026-04-18.log
2026-04-18 04:58:37 [INFO] scanner - ============================================================
2026-04-18 04:58:37 [INFO] scanner - 📝 PAPER MODE ATIVO - Apenas registro e análise
2026-04-18 04:58:41 [WARNING] root - Bloco de componentes falhou: cannot unpack non-iterable int object
2026-04-18 04:58:41 [INFO] scanner - ✅ Validações OK [BTC/USDT]: Score=7.3, R:R=2.08
2026-04-18 04:58:41 [INFO] scanner - ⏸️  Throttle ativo [BTC/USDT]:
2026-04-18 04:58:41 [INFO] scanner -    ├─ Último alerta há 650.4 minutos
2026-04-18 04:58:41 [INFO] scanner -    ├─ Tempo mínimo: 1800 minutos
2026-04-18 04:58:41 [INFO] scanner -    └─ Próximo permitido em: 1149.6 minutos
2026-04-18 04:58:41 [WARNING] root - Bloco de componentes falhou: cannot unpack non-iterable int object
2026-04-18 04:58:41 [INFO] scanner - ✅ Validações OK [BTC/USDT]: Score=7.3, R:R=2.08
2026-04-18 04:58:41 [INFO] scanner - ⏸️  Throttle ativo [BTC/USDT]:
2026-04-18 04:58:41 [INFO] scanner -    ├─ Último alerta há 650.4 minutos
2026-04-18 04:58:41 [INFO] scanner -    ├─ Tempo mínimo: 1800 minutos
2026-04-18 04:58:41 [INFO] scanner -    └─ Próximo permitido em: 1149.6 minutos
2026-04-18 04:58:43 [WARNING] root - Bloco de componentes falhou: cannot unpack non-iterable int object
2026-04-18 04:58:43 [INFO] scanner - ✅ Validações OK [ETH/USDT]: Score=7.3, R:R=2.00
2026-04-18 04:58:43 [INFO] scanner - ⏸️  Throttle ativo [ETH/USDT]:
2026-04-18 04:58:43 [INFO] scanner -    ├─ Último alerta há 60.7 minutos
2026-04-18 04:58:43 [INFO] scanner -    ├─ Tempo mínimo: 1800 minutos
2026-04-18 04:58:43 [INFO] scanner -    └─ Próximo permitido em: 1739.3 minutos
2026-04-18 05:52:36 [INFO] scanner - ============================================================
2026-04-18 05:52:36 [INFO] scanner - 🚀 SCANNER INICIADO
2026-04-18 05:52:36 [INFO] scanner - 📅 Data/Hora: 18/04/2026 05:52:36
2026-04-18 05:52:36 [INFO] scanner - 📂 Log: logs/scanner_2026-04-18.log
2026-04-18 05:52:36 [INFO] scanner - ============================================================
2026-04-18 05:52:36 [INFO] scanner - 📝 PAPER MODE ATIVO - Apenas registro e análise
2026-04-18 05:52:39 [WARNING] root - Bloco de componentes falhou: cannot unpack non-iterable int object
2026-04-18 05:52:39 [INFO] scanner - ✅ Validações OK [BTC/USDT]: Score=7.3, R:R=2.08
2026-04-18 05:52:39 [INFO] scanner - ⏸️  Throttle ativo [BTC/USDT]:
2026-04-18 05:52:39 [INFO] scanner -    ├─ Último alerta há 704.4 minutos
2026-04-18 05:52:39 [INFO] scanner -    ├─ Tempo mínimo: 1800 minutos
2026-04-18 05:52:39 [INFO] scanner -    └─ Próximo permitido em: 1095.6 minutos
2026-04-18 05:52:41 [WARNING] root - Bloco de componentes falhou: cannot unpack non-iterable int object
2026-04-18 05:52:41 [INFO] scanner - ✅ Validações OK [ETH/USDT]: Score=10.0, R:R=2.00
2026-04-18 05:52:41 [INFO] scanner - ⏸️  Throttle ativo [ETH/USDT]:
2026-04-18 05:52:41 [INFO] scanner -    ├─ Último alerta há 114.7 minutos
2026-04-18 05:52:41 [INFO] scanner -    ├─ Tempo mínimo: 1800 minutos
2026-04-18 05:52:41 [INFO] scanner -    └─ Próximo permitido em: 1685.3 minutos
2026-04-18 05:52:41 [WARNING] root - Bloco de componentes falhou: cannot unpack non-iterable int object
2026-04-18 05:52:41 [INFO] scanner - ✅ Validações OK [ETH/USDT]: Score=7.8, R:R=2.00
2026-04-18 05:52:41 [INFO] scanner - ⏸️  Throttle ativo [ETH/USDT]:
2026-04-18 05:52:41 [INFO] scanner -    ├─ Último alerta há 114.7 minutos
2026-04-18 05:52:41 [INFO] scanner -    ├─ Tempo mínimo: 1800 minutos
2026-04-18 05:52:41 [INFO] scanner -    └─ Próximo permitido em: 1685.3 minutos
2026-04-18 05:52:42 [WARNING] root - Bloco de componentes falhou: cannot unpack non-iterable int object
2026-04-18 05:52:42 [INFO] scanner - ✅ Validações OK [ETH/USDT]: Score=7.8, R:R=2.00
2026-04-18 05:52:42 [INFO] scanner - ⏸️  Throttle ativo [ETH/USDT]:
2026-04-18 05:52:42 [INFO] scanner -    ├─ Último alerta há 114.7 minutos
2026-04-18 05:52:42 [INFO] scanner -    ├─ Tempo mínimo: 1800 minutos
2026-04-18 05:52:42 [INFO] scanner -    └─ Próximo permitido em: 1685.3 minutos
2026-04-18 06:39:49 [INFO] scanner - ============================================================
2026-04-18 06:39:49 [INFO] scanner - 🚀 SCANNER INICIADO
2026-04-18 06:39:49 [INFO] scanner - 📅 Data/Hora: 18/04/2026 06:39:49
2026-04-18 06:39:49 [INFO] scanner - 📂 Log: logs/scanner_2026-04-18.log
2026-04-18 06:39:49 [INFO] scanner - ============================================================
2026-04-18 06:39:49 [INFO] scanner - 📝 PAPER MODE ATIVO - Apenas registro e análise
2026-04-18 06:39:52 [WARNING] root - Bloco de componentes falhou: cannot unpack non-iterable int object
2026-04-18 06:39:52 [INFO] scanner - ✅ Validações OK [BTC/USDT]: Score=7.3, R:R=2.08
2026-04-18 06:39:52 [INFO] scanner - ⏸️  Throttle ativo [BTC/USDT]:
2026-04-18 06:39:52 [INFO] scanner -    ├─ Último alerta há 751.6 minutos
2026-04-18 06:39:52 [INFO] scanner -    ├─ Tempo mínimo: 1800 minutos
2026-04-18 06:39:52 [INFO] scanner -    └─ Próximo permitido em: 1048.4 minutos
2026-04-18 07:24:35 [INFO] scanner - ============================================================
2026-04-18 07:24:35 [INFO] scanner - 🚀 SCANNER INICIADO
2026-04-18 07:24:35 [INFO] scanner - 📅 Data/Hora: 18/04/2026 07:24:35
2026-04-18 07:24:35 [INFO] scanner - 📂 Log: logs/scanner_2026-04-18.log
2026-04-18 07:24:35 [INFO] scanner - ============================================================
2026-04-18 07:24:35 [INFO] scanner - 📝 PAPER MODE ATIVO - Apenas registro e análise
2026-04-18 07:24:38 [WARNING] root - Bloco de componentes falhou: cannot unpack non-iterable int object
2026-04-18 07:24:38 [INFO] scanner - ✅ Validações OK [BTC/USDT]: Score=7.8, R:R=2.08
2026-04-18 07:24:38 [INFO] scanner - ⏸️  Throttle ativo [BTC/USDT]:
2026-04-18 07:24:38 [INFO] scanner -    ├─ Último alerta há 796.4 minutos
2026-04-18 07:24:38 [INFO] scanner -    ├─ Tempo mínimo: 1800 minutos
2026-04-18 07:24:38 [INFO] scanner -    └─ Próximo permitido em: 1003.6 minutos
2026-04-18 07:24:40 [WARNING] root - Bloco de componentes falhou: cannot unpack non-iterable int object
2026-04-18 07:24:40 [INFO] scanner - ✅ Validações OK [ETH/USDT]: Score=7.3, R:R=2.00
2026-04-18 07:24:40 [INFO] scanner - ⏸️  Throttle ativo [ETH/USDT]:
2026-04-18 07:24:40 [INFO] scanner -    ├─ Último alerta há 206.7 minutos
2026-04-18 07:24:40 [INFO] scanner -    ├─ Tempo mínimo: 1800 minutos
2026-04-18 07:24:40 [INFO] scanner -    └─ Próximo permitido em: 1593.3 minutos
2026-04-18 07:24:40 [WARNING] root - Bloco de componentes falhou: cannot unpack non-iterable int object
2026-04-18 07:24:40 [INFO] scanner - ✅ Validações OK [ETH/USDT]: Score=7.3, R:R=2.00
2026-04-18 07:24:40 [INFO] scanner - ⏸️  Throttle ativo [ETH/USDT]:
2026-04-18 07:24:40 [INFO] scanner -    ├─ Último alerta há 206.7 minutos
2026-04-18 07:24:40 [INFO] scanner -    ├─ Tempo mínimo: 1800 minutos
2026-04-18 07:24:40 [INFO] scanner -    └─ Próximo permitido em: 1593.3 minutos
2026-04-18 08:04:54 [INFO] scanner - ============================================================
2026-04-18 08:04:54 [INFO] scanner - 🚀 SCANNER INICIADO
2026-04-18 08:04:54 [INFO] scanner - 📅 Data/Hora: 18/04/2026 08:04:54
2026-04-18 08:04:54 [INFO] scanner - 📂 Log: logs/scanner_2026-04-18.log
2026-04-18 08:04:54 [INFO] scanner - ============================================================
2026-04-18 08:04:54 [INFO] scanner - 📝 PAPER MODE ATIVO - Apenas registro e análise
2026-04-18 08:48:25 [INFO] scanner - ============================================================
2026-04-18 08:48:25 [INFO] scanner - 🚀 SCANNER INICIADO
2026-04-18 08:48:25 [INFO] scanner - 📅 Data/Hora: 18/04/2026 08:48:25
2026-04-18 08:48:25 [INFO] scanner - 📂 Log: logs/scanner_2026-04-18.log
2026-04-18 08:48:25 [INFO] scanner - ============================================================
2026-04-18 08:48:25 [INFO] scanner - 📝 PAPER MODE ATIVO - Apenas registro e análise
2026-04-18 08:48:28 [WARNING] root - Bloco de componentes falhou: cannot unpack non-iterable int object
2026-04-18 08:48:28 [INFO] scanner - ✅ Validações OK [BTC/USDT]: Score=7.3, R:R=2.08
2026-04-18 08:48:28 [INFO] scanner - ⏸️  Throttle ativo [BTC/USDT]:
2026-04-18 08:48:28 [INFO] scanner -    ├─ Último alerta há 880.2 minutos
2026-04-18 08:48:28 [INFO] scanner -    ├─ Tempo mínimo: 1800 minutos
2026-04-18 08:48:28 [INFO] scanner -    └─ Próximo permitido em: 919.8 minutos
2026-04-18 08:48:28 [WARNING] root - Bloco de componentes falhou: cannot unpack non-iterable int object
2026-04-18 08:48:28 [INFO] scanner - ✅ Validações OK [BTC/USDT]: Score=7.3, R:R=2.08
2026-04-18 08:48:28 [INFO] scanner - ⏸️  Throttle ativo [BTC/USDT]:
2026-04-18 08:48:28 [INFO] scanner -    ├─ Último alerta há 880.2 minutos
2026-04-18 08:48:28 [INFO] scanner -    ├─ Tempo mínimo: 1800 minutos
2026-04-18 08:48:28 [INFO] scanner -    └─ Próximo permitido em: 919.8 minutos
2026-04-18 08:48:31 [WARNING] root - Bloco de componentes falhou: cannot unpack non-iterable int object
2026-04-18 08:48:31 [INFO] scanner - ✅ Validações OK [ETH/USDT]: Score=7.3, R:R=2.00
2026-04-18 08:48:31 [INFO] scanner - ⏸️  Throttle ativo [ETH/USDT]:
2026-04-18 08:48:31 [INFO] scanner -    ├─ Último alerta há 290.5 minutos
2026-04-18 08:48:31 [INFO] scanner -    ├─ Tempo mínimo: 1800 minutos
2026-04-18 08:48:31 [INFO] scanner -    └─ Próximo permitido em: 1509.5 minutos
2026-04-18 08:48:31 [WARNING] root - Bloco de componentes falhou: cannot unpack non-iterable int object
2026-04-18 08:48:31 [INFO] scanner - ✅ Validações OK [ETH/USDT]: Score=7.3, R:R=2.00
2026-04-18 08:48:31 [INFO] scanner - ⏸️  Throttle ativo [ETH/USDT]:
2026-04-18 08:48:31 [INFO] scanner -    ├─ Último alerta há 290.5 minutos
2026-04-18 08:48:31 [INFO] scanner -    ├─ Tempo mínimo: 1800 minutos
2026-04-18 08:48:31 [INFO] scanner -    └─ Próximo permitido em: 1509.5 minutos
2026-04-18 09:41:09 [INFO] scanner - ============================================================
2026-04-18 09:41:09 [INFO] scanner - 🚀 SCANNER INICIADO
2026-04-18 09:41:09 [INFO] scanner - 📅 Data/Hora: 18/04/2026 09:41:09
2026-04-18 09:41:09 [INFO] scanner - 📂 Log: logs/scanner_2026-04-18.log
2026-04-18 09:41:09 [INFO] scanner - ============================================================
2026-04-18 09:41:09 [INFO] scanner - 📝 PAPER MODE ATIVO - Apenas registro e análise
2026-04-18 09:41:15 [WARNING] root - Bloco de componentes falhou: cannot unpack non-iterable int object
2026-04-18 09:41:15 [INFO] scanner - ✅ Validações OK [ETH/USDT]: Score=7.3, R:R=2.00
2026-04-18 09:41:15 [INFO] scanner - ⏸️  Throttle ativo [ETH/USDT]:
2026-04-18 09:41:15 [INFO] scanner -    ├─ Último alerta há 343.2 minutos
2026-04-18 09:41:15 [INFO] scanner -    ├─ Tempo mínimo: 1800 minutos
2026-04-18 09:41:15 [INFO] scanner -    └─ Próximo permitido em: 1456.8 minutos
2026-04-18 10:47:43 [INFO] scanner - ============================================================
2026-04-18 10:47:43 [INFO] scanner - 🚀 SCANNER INICIADO
2026-04-18 10:47:43 [INFO] scanner - 📅 Data/Hora: 18/04/2026 10:47:43
2026-04-18 10:47:43 [INFO] scanner - 📂 Log: logs/scanner_2026-04-18.log
2026-04-18 10:47:43 [INFO] scanner - ============================================================
2026-04-18 10:47:43 [INFO] scanner - 📝 PAPER MODE ATIVO - Apenas registro e análise
2026-04-18 10:47:46 [WARNING] root - Bloco de componentes falhou: cannot unpack non-iterable int object
2026-04-18 10:47:46 [INFO] scanner - ✅ Validações OK [BTC/USDT]: Score=7.3, R:R=2.08
2026-04-18 10:47:46 [INFO] scanner - ⏸️  Throttle ativo [BTC/USDT]:
2026-04-18 10:47:46 [INFO] scanner -    ├─ Último alerta há 999.5 minutos
2026-04-18 10:47:46 [INFO] scanner -    ├─ Tempo mínimo: 1800 minutos
2026-04-18 10:47:46 [INFO] scanner -    └─ Próximo permitido em: 800.5 minutos
2026-04-18 10:47:48 [WARNING] root - Bloco de componentes falhou: cannot unpack non-iterable int object
2026-04-18 10:47:48 [INFO] scanner - ✅ Validações OK [ETH/USDT]: Score=7.3, R:R=2.00
2026-04-18 10:47:48 [INFO] scanner - ⏸️  Throttle ativo [ETH/USDT]:
2026-04-18 10:47:48 [INFO] scanner -    ├─ Último alerta há 409.8 minutos
2026-04-18 10:47:48 [INFO] scanner -    ├─ Tempo mínimo: 1800 minutos
2026-04-18 10:47:48 [INFO] scanner -    └─ Próximo permitido em: 1390.2 minutos
2026-04-18 11:35:38 [INFO] scanner - ============================================================
2026-04-18 11:35:38 [INFO] scanner - 🚀 SCANNER INICIADO
2026-04-18 11:35:38 [INFO] scanner - 📅 Data/Hora: 18/04/2026 11:35:38
2026-04-18 11:35:38 [INFO] scanner - 📂 Log: logs/scanner_2026-04-18.log
2026-04-18 11:35:38 [INFO] scanner - ============================================================
2026-04-18 11:35:38 [INFO] scanner - 📝 PAPER MODE ATIVO - Apenas registro e análise
2026-04-18 12:22:56 [INFO] scanner - ============================================================
2026-04-18 12:22:56 [INFO] scanner - 🚀 SCANNER INICIADO
2026-04-18 12:22:56 [INFO] scanner - 📅 Data/Hora: 18/04/2026 12:22:56
2026-04-18 12:22:56 [INFO] scanner - 📂 Log: logs/scanner_2026-04-18.log
2026-04-18 12:22:56 [INFO] scanner - ============================================================
2026-04-18 12:22:56 [INFO] scanner - 📝 PAPER MODE ATIVO - Apenas registro e análise
2026-04-18 12:57:55 [INFO] scanner - ============================================================
2026-04-18 12:57:55 [INFO] scanner - 🚀 SCANNER INICIADO
2026-04-18 12:57:55 [INFO] scanner - 📅 Data/Hora: 18/04/2026 12:57:55
2026-04-18 12:57:55 [INFO] scanner - 📂 Log: logs/scanner_2026-04-18.log
2026-04-18 12:57:55 [INFO] scanner - ============================================================
2026-04-18 12:57:55 [INFO] scanner - 📝 PAPER MODE ATIVO - Apenas registro e análise
2026-04-18 13:39:11 [INFO] scanner - ============================================================
2026-04-18 13:39:11 [INFO] scanner - 🚀 SCANNER INICIADO
2026-04-18 13:39:11 [INFO] scanner - 📅 Data/Hora: 18/04/2026 13:39:11
2026-04-18 13:39:11 [INFO] scanner - 📂 Log: logs/scanner_2026-04-18.log
2026-04-18 13:39:11 [INFO] scanner - ============================================================
2026-04-18 13:39:11 [INFO] scanner - 📝 PAPER MODE ATIVO - Apenas registro e análise
2026-04-18 14:20:24 [INFO] scanner - ============================================================
2026-04-18 14:20:24 [INFO] scanner - 🚀 SCANNER INICIADO
2026-04-18 14:20:24 [INFO] scanner - 📅 Data/Hora: 18/04/2026 14:20:24
2026-04-18 14:20:24 [INFO] scanner - 📂 Log: logs/scanner_2026-04-18.log
2026-04-18 14:20:24 [INFO] scanner - ============================================================
2026-04-18 14:20:24 [INFO] scanner - 📝 PAPER MODE ATIVO - Apenas registro e análise
2026-04-18 14:57:57 [INFO] scanner - ============================================================
2026-04-18 14:57:57 [INFO] scanner - 🚀 SCANNER INICIADO
2026-04-18 14:57:57 [INFO] scanner - 📅 Data/Hora: 18/04/2026 14:57:57
2026-04-18 14:57:57 [INFO] scanner - 📂 Log: logs/scanner_2026-04-18.log
2026-04-18 14:57:57 [INFO] scanner - ============================================================
2026-04-18 14:57:57 [INFO] scanner - 📝 PAPER MODE ATIVO - Apenas registro e análise
2026-04-18 14:58:01 [WARNING] root - Bloco de componentes falhou: cannot unpack non-iterable int object
2026-04-18 14:58:01 [INFO] scanner - ✅ Validações OK [BTC/USDT]: Score=7.3, R:R=2.08
2026-04-18 14:58:01 [INFO] scanner - ⏸️  Throttle ativo [BTC/USDT]:
2026-04-18 14:58:01 [INFO] scanner -    ├─ Último alerta há 1249.8 minutos
2026-04-18 14:58:01 [INFO] scanner -    ├─ Tempo mínimo: 1800 minutos
2026-04-18 14:58:01 [INFO] scanner -    └─ Próximo permitido em: 550.2 minutos
2026-04-18 15:50:13 [INFO] scanner - ============================================================
2026-04-18 15:50:13 [INFO] scanner - 🚀 SCANNER INICIADO
2026-04-18 15:50:13 [INFO] scanner - 📅 Data/Hora: 18/04/2026 15:50:13
2026-04-18 15:50:13 [INFO] scanner - 📂 Log: logs/scanner_2026-04-18.log
2026-04-18 15:50:13 [INFO] scanner - ============================================================
2026-04-18 15:50:13 [INFO] scanner - 📝 PAPER MODE ATIVO - Apenas registro e análise
2026-04-18 15:50:18 [WARNING] root - Bloco de componentes falhou: cannot unpack non-iterable int object
2026-04-18 15:50:18 [INFO] scanner - ✅ Validações OK [ETH/USDT]: Score=7.3, R:R=2.00
2026-04-18 15:50:18 [INFO] scanner - ⏸️  Throttle ativo [ETH/USDT]:
2026-04-18 15:50:18 [INFO] scanner -    ├─ Último alerta há 712.3 minutos
2026-04-18 15:50:18 [INFO] scanner -    ├─ Tempo mínimo: 1800 minutos
2026-04-18 15:50:18 [INFO] scanner -    └─ Próximo permitido em: 1087.7 minutos
2026-04-18 15:50:18 [WARNING] root - Bloco de componentes falhou: cannot unpack non-iterable int object
2026-04-18 15:50:18 [INFO] scanner - ✅ Validações OK [ETH/USDT]: Score=7.3, R:R=2.00
2026-04-18 15:50:18 [INFO] scanner - ⏸️  Throttle ativo [ETH/USDT]:
2026-04-18 15:50:18 [INFO] scanner -    ├─ Último alerta há 712.3 minutos
2026-04-18 15:50:18 [INFO] scanner -    ├─ Tempo mínimo: 1800 minutos
2026-04-18 15:50:18 [INFO] scanner -    └─ Próximo permitido em: 1087.7 minutos
