2026-07-02 05:42:53 [INFO] scanner - ============================================================
2026-07-02 05:42:53 [INFO] scanner - 🚀 SCANNER INICIADO
2026-07-02 05:42:53 [INFO] scanner - 📅 Data/Hora: 02/07/2026 05:42:53
2026-07-02 05:42:53 [INFO] scanner - 📂 Log: logs/scanner_2026-07-02.log
2026-07-02 05:42:53 [INFO] scanner - ============================================================
2026-07-02 05:42:53 [INFO] scanner - 📝 PAPER MODE ATIVO - Apenas registro e análise
2026-07-02 05:42:57 [WARNING] root - Bloco de componentes falhou: cannot unpack non-iterable int object
2026-07-02 05:42:57 [INFO] scanner - ✅ Validações OK [BTC/USDT]: Score=7.3, R:R=2.08
2026-07-02 05:42:57 [INFO] scanner - ⏸️  Throttle ativo [BTC/USDT]:
2026-07-02 05:42:57 [INFO] scanner -    ├─ Último alerta há 1045.3 minutos
2026-07-02 05:42:57 [INFO] scanner -    ├─ Tempo mínimo: 1800 minutos
2026-07-02 05:42:57 [INFO] scanner -    └─ Próximo permitido em: 754.7 minutos
2026-07-02 05:42:57 [WARNING] root - Bloco de componentes falhou: cannot unpack non-iterable int object
2026-07-02 05:42:57 [INFO] scanner - ✅ Validações OK [BTC/USDT]: Score=7.3, R:R=2.08
2026-07-02 05:42:57 [INFO] scanner - ⏸️  Throttle ativo [BTC/USDT]:
2026-07-02 05:42:57 [INFO] scanner -    ├─ Último alerta há 1045.3 minutos
2026-07-02 05:42:57 [INFO] scanner -    ├─ Tempo mínimo: 1800 minutos
2026-07-02 05:42:57 [INFO] scanner -    └─ Próximo permitido em: 754.7 minutos
2026-07-02 05:43:00 [WARNING] root - Bloco de componentes falhou: cannot unpack non-iterable int object
2026-07-02 05:43:00 [INFO] scanner - ✅ Validações OK [ETH/USDT]: Score=7.8, R:R=2.00
2026-07-02 05:43:00 [INFO] scanner - ⏸️  Throttle ativo [ETH/USDT]:
2026-07-02 05:43:00 [INFO] scanner -    ├─ Último alerta há 1392.1 minutos
2026-07-02 05:43:00 [INFO] scanner -    ├─ Tempo mínimo: 1800 minutos
2026-07-02 05:43:00 [INFO] scanner -    └─ Próximo permitido em: 407.9 minutos
2026-07-02 05:43:00 [WARNING] root - Bloco de componentes falhou: cannot unpack non-iterable int object
2026-07-02 05:43:00 [INFO] scanner - ✅ Validações OK [ETH/USDT]: Score=7.3, R:R=2.00
2026-07-02 05:43:00 [INFO] scanner - ⏸️  Throttle ativo [ETH/USDT]:
2026-07-02 05:43:00 [INFO] scanner -    ├─ Último alerta há 1392.1 minutos
2026-07-02 05:43:00 [INFO] scanner -    ├─ Tempo mínimo: 1800 minutos
2026-07-02 05:43:00 [INFO] scanner -    └─ Próximo permitido em: 407.9 minutos
2026-07-02 08:19:09 [INFO] scanner - ============================================================
2026-07-02 08:19:09 [INFO] scanner - 🚀 SCANNER INICIADO
2026-07-02 08:19:09 [INFO] scanner - 📅 Data/Hora: 02/07/2026 08:19:09
2026-07-02 08:19:09 [INFO] scanner - 📂 Log: logs/scanner_2026-07-02.log
2026-07-02 08:19:09 [INFO] scanner - ============================================================
2026-07-02 08:19:09 [INFO] scanner - 📝 PAPER MODE ATIVO - Apenas registro e análise
2026-07-02 08:19:12 [WARNING] root - Bloco de componentes falhou: cannot unpack non-iterable int object
2026-07-02 08:19:12 [INFO] scanner - ✅ Validações OK [BTC/USDT]: Score=7.8, R:R=2.08
2026-07-02 08:19:12 [INFO] scanner - ⏸️  Throttle ativo [BTC/USDT]:
2026-07-02 08:19:12 [INFO] scanner -    ├─ Último alerta há 1201.6 minutos
2026-07-02 08:19:12 [INFO] scanner -    ├─ Tempo mínimo: 1800 minutos
2026-07-02 08:19:12 [INFO] scanner -    └─ Próximo permitido em: 598.4 minutos
2026-07-02 08:19:12 [WARNING] root - Bloco de componentes falhou: cannot unpack non-iterable int object
2026-07-02 08:19:12 [INFO] scanner - ✅ Validações OK [BTC/USDT]: Score=7.3, R:R=2.08
2026-07-02 08:19:12 [INFO] scanner - ⏸️  Throttle ativo [BTC/USDT]:
2026-07-02 08:19:12 [INFO] scanner -    ├─ Último alerta há 1201.6 minutos
2026-07-02 08:19:12 [INFO] scanner -    ├─ Tempo mínimo: 1800 minutos
2026-07-02 08:19:12 [INFO] scanner -    └─ Próximo permitido em: 598.4 minutos
2026-07-02 08:19:15 [WARNING] root - Bloco de componentes falhou: cannot unpack non-iterable int object
2026-07-02 08:19:15 [INFO] scanner - ✅ Validações OK [ETH/USDT]: Score=8.3, R:R=2.00
2026-07-02 08:19:15 [INFO] scanner - ⏸️  Throttle ativo [ETH/USDT]:
2026-07-02 08:19:15 [INFO] scanner -    ├─ Último alerta há 1548.3 minutos
2026-07-02 08:19:15 [INFO] scanner -    ├─ Tempo mínimo: 1800 minutos
2026-07-02 08:19:15 [INFO] scanner -    └─ Próximo permitido em: 251.7 minutos
2026-07-02 08:19:15 [WARNING] root - Bloco de componentes falhou: cannot unpack non-iterable int object
2026-07-02 08:19:15 [INFO] scanner - ✅ Validações OK [ETH/USDT]: Score=7.8, R:R=2.00
2026-07-02 08:19:15 [INFO] scanner - ⏸️  Throttle ativo [ETH/USDT]:
2026-07-02 08:19:15 [INFO] scanner -    ├─ Último alerta há 1548.4 minutos
2026-07-02 08:19:15 [INFO] scanner -    ├─ Tempo mínimo: 1800 minutos
2026-07-02 08:19:15 [INFO] scanner -    └─ Próximo permitido em: 251.6 minutos
2026-07-02 10:14:27 [INFO] scanner - ============================================================
2026-07-02 10:14:27 [INFO] scanner - 🚀 SCANNER INICIADO
2026-07-02 10:14:27 [INFO] scanner - 📅 Data/Hora: 02/07/2026 10:14:27
2026-07-02 10:14:27 [INFO] scanner - 📂 Log: logs/scanner_2026-07-02.log
2026-07-02 10:14:27 [INFO] scanner - ============================================================
2026-07-02 10:14:27 [INFO] scanner - 📝 PAPER MODE ATIVO - Apenas registro e análise
2026-07-02 10:14:30 [WARNING] root - Bloco de componentes falhou: cannot unpack non-iterable int object
2026-07-02 10:14:30 [INFO] scanner - ✅ Validações OK [BTC/USDT]: Score=7.8, R:R=2.08
2026-07-02 10:14:30 [INFO] scanner - ⏸️  Throttle ativo [BTC/USDT]:
2026-07-02 10:14:30 [INFO] scanner -    ├─ Último alerta há 1316.9 minutos
2026-07-02 10:14:30 [INFO] scanner -    ├─ Tempo mínimo: 1800 minutos
2026-07-02 10:14:30 [INFO] scanner -    └─ Próximo permitido em: 483.1 minutos
2026-07-02 10:14:31 [WARNING] root - Bloco de componentes falhou: cannot unpack non-iterable int object
2026-07-02 10:14:31 [INFO] scanner - ✅ Validações OK [BTC/USDT]: Score=7.3, R:R=2.08
2026-07-02 10:14:31 [INFO] scanner - ⏸️  Throttle ativo [BTC/USDT]:
2026-07-02 10:14:31 [INFO] scanner -    ├─ Último alerta há 1316.9 minutos
2026-07-02 10:14:31 [INFO] scanner -    ├─ Tempo mínimo: 1800 minutos
2026-07-02 10:14:31 [INFO] scanner -    └─ Próximo permitido em: 483.1 minutos
2026-07-02 10:14:31 [WARNING] root - Bloco de componentes falhou: cannot unpack non-iterable int object
2026-07-02 10:14:31 [INFO] scanner - ✅ Validações OK [BTC/USDT]: Score=7.3, R:R=2.08
2026-07-02 10:14:31 [INFO] scanner - ⏸️  Throttle ativo [BTC/USDT]:
2026-07-02 10:14:31 [INFO] scanner -    ├─ Último alerta há 1316.9 minutos
2026-07-02 10:14:31 [INFO] scanner -    ├─ Tempo mínimo: 1800 minutos
2026-07-02 10:14:31 [INFO] scanner -    └─ Próximo permitido em: 483.1 minutos
2026-07-02 10:14:33 [WARNING] root - Bloco de componentes falhou: cannot unpack non-iterable int object
2026-07-02 10:14:33 [INFO] scanner - ✅ Validações OK [ETH/USDT]: Score=7.8, R:R=2.00
2026-07-02 10:14:33 [INFO] scanner - ⏸️  Throttle ativo [ETH/USDT]:
2026-07-02 10:14:33 [INFO] scanner -    ├─ Último alerta há 1663.7 minutos
2026-07-02 10:14:33 [INFO] scanner -    ├─ Tempo mínimo: 1800 minutos
2026-07-02 10:14:33 [INFO] scanner -    └─ Próximo permitido em: 136.3 minutos
2026-07-02 10:14:33 [WARNING] root - Bloco de componentes falhou: cannot unpack non-iterable int object
2026-07-02 10:14:33 [INFO] scanner - ✅ Validações OK [ETH/USDT]: Score=7.3, R:R=2.00
2026-07-02 10:14:33 [INFO] scanner - ⏸️  Throttle ativo [ETH/USDT]:
2026-07-02 10:14:33 [INFO] scanner -    ├─ Último alerta há 1663.7 minutos
2026-07-02 10:14:33 [INFO] scanner -    ├─ Tempo mínimo: 1800 minutos
2026-07-02 10:14:33 [INFO] scanner -    └─ Próximo permitido em: 136.3 minutos
2026-07-02 10:14:33 [WARNING] root - Bloco de componentes falhou: cannot unpack non-iterable int object
2026-07-02 10:14:33 [INFO] scanner - ✅ Validações OK [ETH/USDT]: Score=7.3, R:R=2.00
2026-07-02 10:14:33 [INFO] scanner - ⏸️  Throttle ativo [ETH/USDT]:
2026-07-02 10:14:33 [INFO] scanner -    ├─ Último alerta há 1663.7 minutos
2026-07-02 10:14:33 [INFO] scanner -    ├─ Tempo mínimo: 1800 minutos
2026-07-02 10:14:33 [INFO] scanner -    └─ Próximo permitido em: 136.3 minutos
2026-07-02 12:30:38 [INFO] scanner - ============================================================
2026-07-02 12:30:38 [INFO] scanner - 🚀 SCANNER INICIADO
2026-07-02 12:30:38 [INFO] scanner - 📅 Data/Hora: 02/07/2026 12:30:38
2026-07-02 12:30:38 [INFO] scanner - 📂 Log: logs/scanner_2026-07-02.log
2026-07-02 12:30:38 [INFO] scanner - ============================================================
2026-07-02 12:30:38 [INFO] scanner - 📝 PAPER MODE ATIVO - Apenas registro e análise
2026-07-02 12:30:42 [WARNING] root - Bloco de componentes falhou: cannot unpack non-iterable int object
2026-07-02 12:30:42 [INFO] scanner - ✅ Validações OK [BTC/USDT]: Score=7.3, R:R=2.08
2026-07-02 12:30:42 [INFO] scanner - ⏸️  Throttle ativo [BTC/USDT]:
2026-07-02 12:30:42 [INFO] scanner -    ├─ Último alerta há 1453.1 minutos
2026-07-02 12:30:42 [INFO] scanner -    ├─ Tempo mínimo: 1800 minutos
2026-07-02 12:30:42 [INFO] scanner -    └─ Próximo permitido em: 346.9 minutos
2026-07-02 12:30:44 [WARNING] root - Bloco de componentes falhou: cannot unpack non-iterable int object
2026-07-02 12:30:44 [INFO] scanner - ✅ Validações OK [ETH/USDT]: Score=7.3, R:R=2.00
2026-07-02 12:30:44 [INFO] scanner - ⏸️  Throttle ativo [ETH/USDT]:
2026-07-02 12:30:44 [INFO] scanner -    ├─ Último alerta há 1799.8 minutos
2026-07-02 12:30:44 [INFO] scanner -    ├─ Tempo mínimo: 1800 minutos
2026-07-02 12:30:44 [INFO] scanner -    └─ Próximo permitido em: 0.2 minutos
2026-07-02 12:30:44 [WARNING] root - Bloco de componentes falhou: cannot unpack non-iterable int object
2026-07-02 12:30:44 [INFO] scanner - ✅ Validações OK [ETH/USDT]: Score=7.3, R:R=2.00
2026-07-02 12:30:44 [INFO] scanner - ⏸️  Throttle ativo [ETH/USDT]:
2026-07-02 12:30:44 [INFO] scanner -    ├─ Último alerta há 1799.8 minutos
2026-07-02 12:30:44 [INFO] scanner -    ├─ Tempo mínimo: 1800 minutos
2026-07-02 12:30:44 [INFO] scanner -    └─ Próximo permitido em: 0.2 minutos
2026-07-02 14:17:06 [INFO] scanner - ============================================================
2026-07-02 14:17:06 [INFO] scanner - 🚀 SCANNER INICIADO
2026-07-02 14:17:06 [INFO] scanner - 📅 Data/Hora: 02/07/2026 14:17:06
2026-07-02 14:17:06 [INFO] scanner - 📂 Log: logs/scanner_2026-07-02.log
2026-07-02 14:17:06 [INFO] scanner - ============================================================
2026-07-02 14:17:06 [INFO] scanner - 📝 PAPER MODE ATIVO - Apenas registro e análise
2026-07-02 14:17:10 [WARNING] root - Bloco de componentes falhou: cannot unpack non-iterable int object
2026-07-02 14:17:10 [INFO] scanner - ✅ Validações OK [BTC/USDT]: Score=7.3, R:R=2.08
2026-07-02 14:17:10 [INFO] scanner - ⏸️  Throttle ativo [BTC/USDT]:
2026-07-02 14:17:10 [INFO] scanner -    ├─ Último alerta há 1559.5 minutos
2026-07-02 14:17:10 [INFO] scanner -    ├─ Tempo mínimo: 1800 minutos
2026-07-02 14:17:10 [INFO] scanner -    └─ Próximo permitido em: 240.5 minutos
2026-07-02 14:17:10 [WARNING] root - Bloco de componentes falhou: cannot unpack non-iterable int object
2026-07-02 14:17:10 [INFO] scanner - ✅ Validações OK [BTC/USDT]: Score=7.3, R:R=2.08
2026-07-02 14:17:10 [INFO] scanner - ⏸️  Throttle ativo [BTC/USDT]:
2026-07-02 14:17:10 [INFO] scanner -    ├─ Último alerta há 1559.6 minutos
2026-07-02 14:17:10 [INFO] scanner -    ├─ Tempo mínimo: 1800 minutos
2026-07-02 14:17:10 [INFO] scanner -    └─ Próximo permitido em: 240.4 minutos
2026-07-02 14:17:12 [WARNING] root - Bloco de componentes falhou: cannot unpack non-iterable int object
2026-07-02 14:17:12 [INFO] scanner - ✅ Validações OK [ETH/USDT]: Score=7.3, R:R=2.00
2026-07-02 14:17:12 [INFO] scanner - ✅ Throttle OK [ETH/USDT]: Pode enviar
2026-07-02 14:17:13 [WARNING] root - Bloco de componentes falhou: cannot unpack non-iterable int object
2026-07-02 14:17:13 [INFO] scanner - ✅ Validações OK [ETH/USDT]: Score=7.3, R:R=2.00
2026-07-02 14:17:13 [INFO] scanner - ⏸️  Throttle ativo [ETH/USDT]:
2026-07-02 14:17:13 [INFO] scanner -    ├─ Último alerta há 0.0 minutos
2026-07-02 14:17:13 [INFO] scanner -    ├─ Tempo mínimo: 1800 minutos
2026-07-02 14:17:13 [INFO] scanner -    └─ Próximo permitido em: 1800.0 minutos
2026-07-02 14:17:13 [WARNING] root - Bloco de componentes falhou: cannot unpack non-iterable int object
2026-07-02 14:17:13 [INFO] scanner - ✅ Validações OK [ETH/USDT]: Score=7.3, R:R=2.00
2026-07-02 14:17:13 [INFO] scanner - ⏸️  Throttle ativo [ETH/USDT]:
2026-07-02 14:17:13 [INFO] scanner -    ├─ Último alerta há 0.0 minutos
2026-07-02 14:17:13 [INFO] scanner -    ├─ Tempo mínimo: 1800 minutos
2026-07-02 14:17:13 [INFO] scanner -    └─ Próximo permitido em: 1800.0 minutos
