2026-07-16 04:57:49 [INFO] scanner - ============================================================
2026-07-16 04:57:49 [INFO] scanner - 🚀 SCANNER INICIADO
2026-07-16 04:57:49 [INFO] scanner - 📅 Data/Hora: 16/07/2026 04:57:49
2026-07-16 04:57:49 [INFO] scanner - 📂 Log: logs/scanner_2026-07-16.log
2026-07-16 04:57:49 [INFO] scanner - ============================================================
2026-07-16 04:57:49 [INFO] scanner - 📝 PAPER MODE ATIVO - Apenas registro e análise
2026-07-16 04:57:53 [WARNING] root - Bloco de componentes falhou: cannot unpack non-iterable int object
2026-07-16 04:57:53 [INFO] scanner - ✅ Validações OK [BTC/USDT]: Score=7.3, R:R=2.08
2026-07-16 04:57:53 [INFO] scanner - ⏸️  Throttle ativo [BTC/USDT]:
2026-07-16 04:57:53 [INFO] scanner -    ├─ Último alerta há 546.9 minutos
2026-07-16 04:57:53 [INFO] scanner -    ├─ Tempo mínimo: 1800 minutos
2026-07-16 04:57:53 [INFO] scanner -    └─ Próximo permitido em: 1253.1 minutos
2026-07-16 04:57:53 [WARNING] root - Bloco de componentes falhou: cannot unpack non-iterable int object
2026-07-16 04:57:53 [INFO] scanner - ✅ Validações OK [BTC/USDT]: Score=7.3, R:R=2.08
2026-07-16 04:57:53 [INFO] scanner - ⏸️  Throttle ativo [BTC/USDT]:
2026-07-16 04:57:53 [INFO] scanner -    ├─ Último alerta há 546.9 minutos
2026-07-16 04:57:53 [INFO] scanner -    ├─ Tempo mínimo: 1800 minutos
2026-07-16 04:57:53 [INFO] scanner -    └─ Próximo permitido em: 1253.1 minutos
2026-07-16 04:57:55 [WARNING] root - Bloco de componentes falhou: cannot unpack non-iterable int object
2026-07-16 04:57:55 [INFO] scanner - ✅ Validações OK [ETH/USDT]: Score=7.3, R:R=2.00
2026-07-16 04:57:55 [INFO] scanner - ⏸️  Throttle ativo [ETH/USDT]:
2026-07-16 04:57:55 [INFO] scanner -    ├─ Último alerta há 726.7 minutos
2026-07-16 04:57:55 [INFO] scanner -    ├─ Tempo mínimo: 1800 minutos
2026-07-16 04:57:55 [INFO] scanner -    └─ Próximo permitido em: 1073.3 minutos
2026-07-16 04:57:56 [WARNING] root - Bloco de componentes falhou: cannot unpack non-iterable int object
2026-07-16 04:57:56 [INFO] scanner - ✅ Validações OK [ETH/USDT]: Score=7.3, R:R=2.00
2026-07-16 04:57:56 [INFO] scanner - ⏸️  Throttle ativo [ETH/USDT]:
2026-07-16 04:57:56 [INFO] scanner -    ├─ Último alerta há 726.7 minutos
2026-07-16 04:57:56 [INFO] scanner -    ├─ Tempo mínimo: 1800 minutos
2026-07-16 04:57:56 [INFO] scanner -    └─ Próximo permitido em: 1073.3 minutos
