2026-01-13 03:22:26 [INFO] scanner - ============================================================
2026-01-13 03:22:26 [INFO] scanner - 🚀 SCANNER INICIADO
2026-01-13 03:22:26 [INFO] scanner - 📅 Data/Hora: 13/01/2026 03:22:26
2026-01-13 03:22:26 [INFO] scanner - 📂 Log: logs/scanner_2026-01-13.log
2026-01-13 03:22:26 [INFO] scanner - ============================================================
2026-01-13 03:22:26 [INFO] scanner - 📝 PAPER MODE ATIVO - Apenas registro e análise
2026-01-13 03:22:30 [WARNING] root - Bloco de componentes falhou: cannot unpack non-iterable int object
2026-01-13 03:22:30 [INFO] scanner - ✅ Validações OK [BTC/USDT]: Score=7.3, R:R=2.08
2026-01-13 03:22:30 [INFO] scanner - ⏸️  Throttle ativo [BTC/USDT]:
2026-01-13 03:22:30 [INFO] scanner -    ├─ Último alerta há 1436.7 minutos
2026-01-13 03:22:30 [INFO] scanner -    ├─ Tempo mínimo: 1800 minutos
2026-01-13 03:22:30 [INFO] scanner -    └─ Próximo permitido em: 363.3 minutos
2026-01-13 03:22:32 [WARNING] root - Bloco de componentes falhou: cannot unpack non-iterable int object
2026-01-13 03:22:32 [INFO] scanner - ✅ Validações OK [ETH/USDT]: Score=7.3, R:R=2.00
2026-01-13 03:22:32 [INFO] scanner - ✅ Throttle OK [ETH/USDT]: Pode enviar
2026-01-13 03:22:33 [INFO] scanner - 📝 Sinal no ledger: 20260113_032233_242658 - ETH/USDT
2026-01-13 03:22:33 [INFO] scanner - 📨 Alerta enviado | ID Ledger: 20260113_032233_242658
2026-01-13 03:55:32 [INFO] scanner - ============================================================
2026-01-13 03:55:32 [INFO] scanner - 🚀 SCANNER INICIADO
2026-01-13 03:55:32 [INFO] scanner - 📅 Data/Hora: 13/01/2026 03:55:32
2026-01-13 03:55:32 [INFO] scanner - 📂 Log: logs/scanner_2026-01-13.log
2026-01-13 03:55:32 [INFO] scanner - ============================================================
2026-01-13 03:55:32 [INFO] scanner - 📝 PAPER MODE ATIVO - Apenas registro e análise
2026-01-13 03:55:36 [WARNING] root - Bloco de componentes falhou: cannot unpack non-iterable int object
2026-01-13 03:55:36 [INFO] scanner - ✅ Validações OK [BTC/USDT]: Score=7.3, R:R=2.08
2026-01-13 03:55:36 [INFO] scanner - ⏸️  Throttle ativo [BTC/USDT]:
2026-01-13 03:55:36 [INFO] scanner -    ├─ Último alerta há 1469.8 minutos
2026-01-13 03:55:36 [INFO] scanner -    ├─ Tempo mínimo: 1800 minutos
2026-01-13 03:55:36 [INFO] scanner -    └─ Próximo permitido em: 330.2 minutos
2026-01-13 03:55:36 [WARNING] root - Bloco de componentes falhou: cannot unpack non-iterable int object
2026-01-13 03:55:36 [INFO] scanner - ✅ Validações OK [BTC/USDT]: Score=7.3, R:R=2.08
2026-01-13 03:55:36 [INFO] scanner - ⏸️  Throttle ativo [BTC/USDT]:
2026-01-13 03:55:36 [INFO] scanner -    ├─ Último alerta há 1469.8 minutos
2026-01-13 03:55:36 [INFO] scanner -    ├─ Tempo mínimo: 1800 minutos
2026-01-13 03:55:36 [INFO] scanner -    └─ Próximo permitido em: 330.2 minutos
2026-01-13 03:55:38 [WARNING] root - Bloco de componentes falhou: cannot unpack non-iterable int object
2026-01-13 03:55:38 [INFO] scanner - ✅ Validações OK [ETH/USDT]: Score=7.3, R:R=2.00
2026-01-13 03:55:38 [INFO] scanner - ⏸️  Throttle ativo [ETH/USDT]:
2026-01-13 03:55:38 [INFO] scanner -    ├─ Último alerta há 33.1 minutos
2026-01-13 03:55:38 [INFO] scanner -    ├─ Tempo mínimo: 1800 minutos
2026-01-13 03:55:38 [INFO] scanner -    └─ Próximo permitido em: 1766.9 minutos
2026-01-13 04:19:47 [INFO] scanner - ============================================================
2026-01-13 04:19:47 [INFO] scanner - 🚀 SCANNER INICIADO
2026-01-13 04:19:47 [INFO] scanner - 📅 Data/Hora: 13/01/2026 04:19:47
2026-01-13 04:19:47 [INFO] scanner - 📂 Log: logs/scanner_2026-01-13.log
2026-01-13 04:19:47 [INFO] scanner - ============================================================
2026-01-13 04:19:47 [INFO] scanner - 📝 PAPER MODE ATIVO - Apenas registro e análise
2026-01-13 04:19:50 [WARNING] root - Bloco de componentes falhou: cannot unpack non-iterable int object
2026-01-13 04:19:50 [INFO] scanner - ✅ Validações OK [BTC/USDT]: Score=7.3, R:R=2.08
2026-01-13 04:19:50 [INFO] scanner - ⏸️  Throttle ativo [BTC/USDT]:
2026-01-13 04:19:50 [INFO] scanner -    ├─ Último alerta há 1494.0 minutos
2026-01-13 04:19:50 [INFO] scanner -    ├─ Tempo mínimo: 1800 minutos
2026-01-13 04:19:50 [INFO] scanner -    └─ Próximo permitido em: 306.0 minutos
2026-01-13 04:19:50 [WARNING] root - Bloco de componentes falhou: cannot unpack non-iterable int object
2026-01-13 04:19:50 [INFO] scanner - ✅ Validações OK [BTC/USDT]: Score=7.3, R:R=2.08
2026-01-13 04:19:50 [INFO] scanner - ⏸️  Throttle ativo [BTC/USDT]:
2026-01-13 04:19:50 [INFO] scanner -    ├─ Último alerta há 1494.0 minutos
2026-01-13 04:19:50 [INFO] scanner -    ├─ Tempo mínimo: 1800 minutos
2026-01-13 04:19:50 [INFO] scanner -    └─ Próximo permitido em: 306.0 minutos
2026-01-13 04:19:52 [WARNING] root - Bloco de componentes falhou: cannot unpack non-iterable int object
2026-01-13 04:19:52 [INFO] scanner - ✅ Validações OK [ETH/USDT]: Score=7.3, R:R=2.00
2026-01-13 04:19:52 [INFO] scanner - ⏸️  Throttle ativo [ETH/USDT]:
2026-01-13 04:19:52 [INFO] scanner -    ├─ Último alerta há 57.3 minutos
2026-01-13 04:19:52 [INFO] scanner -    ├─ Tempo mínimo: 1800 minutos
2026-01-13 04:19:52 [INFO] scanner -    └─ Próximo permitido em: 1742.7 minutos
2026-01-13 04:43:27 [INFO] scanner - ============================================================
2026-01-13 04:43:27 [INFO] scanner - 🚀 SCANNER INICIADO
2026-01-13 04:43:27 [INFO] scanner - 📅 Data/Hora: 13/01/2026 04:43:27
2026-01-13 04:43:27 [INFO] scanner - 📂 Log: logs/scanner_2026-01-13.log
2026-01-13 04:43:27 [INFO] scanner - ============================================================
2026-01-13 04:43:27 [INFO] scanner - 📝 PAPER MODE ATIVO - Apenas registro e análise
2026-01-13 04:43:30 [WARNING] root - Bloco de componentes falhou: cannot unpack non-iterable int object
2026-01-13 04:43:30 [INFO] scanner - ✅ Validações OK [BTC/USDT]: Score=10.0, R:R=2.08
2026-01-13 04:43:30 [INFO] scanner - ⏸️  Throttle ativo [BTC/USDT]:
2026-01-13 04:43:30 [INFO] scanner -    ├─ Último alerta há 1517.7 minutos
2026-01-13 04:43:30 [INFO] scanner -    ├─ Tempo mínimo: 1800 minutos
2026-01-13 04:43:30 [INFO] scanner -    └─ Próximo permitido em: 282.3 minutos
2026-01-13 04:43:31 [WARNING] root - Bloco de componentes falhou: cannot unpack non-iterable int object
2026-01-13 04:43:31 [INFO] scanner - ✅ Validações OK [BTC/USDT]: Score=7.3, R:R=2.08
2026-01-13 04:43:31 [INFO] scanner - ⏸️  Throttle ativo [BTC/USDT]:
2026-01-13 04:43:31 [INFO] scanner -    ├─ Último alerta há 1517.7 minutos
2026-01-13 04:43:31 [INFO] scanner -    ├─ Tempo mínimo: 1800 minutos
2026-01-13 04:43:31 [INFO] scanner -    └─ Próximo permitido em: 282.3 minutos
2026-01-13 04:43:31 [WARNING] root - Bloco de componentes falhou: cannot unpack non-iterable int object
2026-01-13 04:43:31 [INFO] scanner - ✅ Validações OK [BTC/USDT]: Score=7.3, R:R=2.08
2026-01-13 04:43:31 [INFO] scanner - ⏸️  Throttle ativo [BTC/USDT]:
2026-01-13 04:43:31 [INFO] scanner -    ├─ Último alerta há 1517.7 minutos
2026-01-13 04:43:31 [INFO] scanner -    ├─ Tempo mínimo: 1800 minutos
2026-01-13 04:43:31 [INFO] scanner -    └─ Próximo permitido em: 282.3 minutos
2026-01-13 04:43:33 [WARNING] root - Bloco de componentes falhou: cannot unpack non-iterable int object
2026-01-13 04:43:33 [INFO] scanner - ✅ Validações OK [ETH/USDT]: Score=7.3, R:R=2.00
2026-01-13 04:43:33 [INFO] scanner - ⏸️  Throttle ativo [ETH/USDT]:
2026-01-13 04:43:33 [INFO] scanner -    ├─ Último alerta há 81.0 minutos
2026-01-13 04:43:33 [INFO] scanner -    ├─ Tempo mínimo: 1800 minutos
2026-01-13 04:43:33 [INFO] scanner -    └─ Próximo permitido em: 1719.0 minutos
2026-01-13 04:53:08 [INFO] scanner - ============================================================
2026-01-13 04:53:08 [INFO] scanner - 🚀 SCANNER INICIADO
2026-01-13 04:53:08 [INFO] scanner - 📅 Data/Hora: 13/01/2026 04:53:08
2026-01-13 04:53:08 [INFO] scanner - 📂 Log: logs/scanner_2026-01-13.log
2026-01-13 04:53:08 [INFO] scanner - ============================================================
2026-01-13 04:53:08 [INFO] scanner - 📝 PAPER MODE ATIVO - Apenas registro e análise
2026-01-13 04:53:11 [WARNING] root - Bloco de componentes falhou: cannot unpack non-iterable int object
2026-01-13 04:53:11 [INFO] scanner - ✅ Validações OK [BTC/USDT]: Score=10.0, R:R=2.08
2026-01-13 04:53:11 [INFO] scanner - ⏸️  Throttle ativo [BTC/USDT]:
2026-01-13 04:53:11 [INFO] scanner -    ├─ Último alerta há 1527.4 minutos
2026-01-13 04:53:11 [INFO] scanner -    ├─ Tempo mínimo: 1800 minutos
2026-01-13 04:53:11 [INFO] scanner -    └─ Próximo permitido em: 272.6 minutos
2026-01-13 04:53:11 [WARNING] root - Bloco de componentes falhou: cannot unpack non-iterable int object
2026-01-13 04:53:11 [INFO] scanner - ✅ Validações OK [BTC/USDT]: Score=7.3, R:R=2.08
2026-01-13 04:53:11 [INFO] scanner - ⏸️  Throttle ativo [BTC/USDT]:
2026-01-13 04:53:11 [INFO] scanner -    ├─ Último alerta há 1527.4 minutos
2026-01-13 04:53:11 [INFO] scanner -    ├─ Tempo mínimo: 1800 minutos
2026-01-13 04:53:11 [INFO] scanner -    └─ Próximo permitido em: 272.6 minutos
2026-01-13 04:53:12 [WARNING] root - Bloco de componentes falhou: cannot unpack non-iterable int object
2026-01-13 04:53:12 [INFO] scanner - ✅ Validações OK [BTC/USDT]: Score=7.3, R:R=2.08
2026-01-13 04:53:12 [INFO] scanner - ⏸️  Throttle ativo [BTC/USDT]:
2026-01-13 04:53:12 [INFO] scanner -    ├─ Último alerta há 1527.4 minutos
2026-01-13 04:53:12 [INFO] scanner -    ├─ Tempo mínimo: 1800 minutos
2026-01-13 04:53:12 [INFO] scanner -    └─ Próximo permitido em: 272.6 minutos
2026-01-13 04:53:14 [WARNING] root - Bloco de componentes falhou: cannot unpack non-iterable int object
2026-01-13 04:53:14 [INFO] scanner - ✅ Validações OK [ETH/USDT]: Score=7.3, R:R=2.00
2026-01-13 04:53:14 [INFO] scanner - ⏸️  Throttle ativo [ETH/USDT]:
2026-01-13 04:53:14 [INFO] scanner -    ├─ Último alerta há 90.7 minutos
2026-01-13 04:53:14 [INFO] scanner -    ├─ Tempo mínimo: 1800 minutos
2026-01-13 04:53:14 [INFO] scanner -    └─ Próximo permitido em: 1709.3 minutos
2026-01-13 05:20:27 [INFO] scanner - ============================================================
2026-01-13 05:20:27 [INFO] scanner - 🚀 SCANNER INICIADO
2026-01-13 05:20:27 [INFO] scanner - 📅 Data/Hora: 13/01/2026 05:20:27
2026-01-13 05:20:27 [INFO] scanner - 📂 Log: logs/scanner_2026-01-13.log
2026-01-13 05:20:27 [INFO] scanner - ============================================================
2026-01-13 05:20:27 [INFO] scanner - 📝 PAPER MODE ATIVO - Apenas registro e análise
2026-01-13 05:20:31 [WARNING] root - Bloco de componentes falhou: cannot unpack non-iterable int object
2026-01-13 05:20:31 [INFO] scanner - ✅ Validações OK [BTC/USDT]: Score=7.3, R:R=2.08
2026-01-13 05:20:31 [INFO] scanner - ⏸️  Throttle ativo [BTC/USDT]:
2026-01-13 05:20:31 [INFO] scanner -    ├─ Último alerta há 1554.7 minutos
2026-01-13 05:20:31 [INFO] scanner -    ├─ Tempo mínimo: 1800 minutos
2026-01-13 05:20:31 [INFO] scanner -    └─ Próximo permitido em: 245.3 minutos
2026-01-13 05:20:31 [WARNING] root - Bloco de componentes falhou: cannot unpack non-iterable int object
2026-01-13 05:20:31 [INFO] scanner - ✅ Validações OK [BTC/USDT]: Score=7.3, R:R=2.08
2026-01-13 05:20:31 [INFO] scanner - ⏸️  Throttle ativo [BTC/USDT]:
2026-01-13 05:20:31 [INFO] scanner -    ├─ Último alerta há 1554.7 minutos
2026-01-13 05:20:31 [INFO] scanner -    ├─ Tempo mínimo: 1800 minutos
2026-01-13 05:20:31 [INFO] scanner -    └─ Próximo permitido em: 245.3 minutos
2026-01-13 05:20:33 [WARNING] root - Bloco de componentes falhou: cannot unpack non-iterable int object
2026-01-13 05:20:33 [INFO] scanner - ✅ Validações OK [ETH/USDT]: Score=7.3, R:R=2.00
2026-01-13 05:20:33 [INFO] scanner - ⏸️  Throttle ativo [ETH/USDT]:
2026-01-13 05:20:33 [INFO] scanner -    ├─ Último alerta há 118.0 minutos
2026-01-13 05:20:33 [INFO] scanner -    ├─ Tempo mínimo: 1800 minutos
2026-01-13 05:20:33 [INFO] scanner -    └─ Próximo permitido em: 1682.0 minutos
2026-01-13 05:53:07 [INFO] scanner - ============================================================
2026-01-13 05:53:07 [INFO] scanner - 🚀 SCANNER INICIADO
2026-01-13 05:53:07 [INFO] scanner - 📅 Data/Hora: 13/01/2026 05:53:07
2026-01-13 05:53:07 [INFO] scanner - 📂 Log: logs/scanner_2026-01-13.log
2026-01-13 05:53:07 [INFO] scanner - ============================================================
2026-01-13 05:53:07 [INFO] scanner - 📝 PAPER MODE ATIVO - Apenas registro e análise
2026-01-13 05:53:11 [WARNING] root - Bloco de componentes falhou: cannot unpack non-iterable int object
2026-01-13 05:53:11 [INFO] scanner - ✅ Validações OK [BTC/USDT]: Score=10.0, R:R=2.08
2026-01-13 05:53:11 [INFO] scanner - ⏸️  Throttle ativo [BTC/USDT]:
2026-01-13 05:53:11 [INFO] scanner -    ├─ Último alerta há 1587.4 minutos
2026-01-13 05:53:11 [INFO] scanner -    ├─ Tempo mínimo: 1800 minutos
2026-01-13 05:53:11 [INFO] scanner -    └─ Próximo permitido em: 212.6 minutos
2026-01-13 05:53:11 [WARNING] root - Bloco de componentes falhou: cannot unpack non-iterable int object
2026-01-13 05:53:11 [INFO] scanner - ✅ Validações OK [BTC/USDT]: Score=7.3, R:R=2.08
2026-01-13 05:53:11 [INFO] scanner - ⏸️  Throttle ativo [BTC/USDT]:
2026-01-13 05:53:11 [INFO] scanner -    ├─ Último alerta há 1587.4 minutos
2026-01-13 05:53:11 [INFO] scanner -    ├─ Tempo mínimo: 1800 minutos
2026-01-13 05:53:11 [INFO] scanner -    └─ Próximo permitido em: 212.6 minutos
2026-01-13 05:53:11 [WARNING] root - Bloco de componentes falhou: cannot unpack non-iterable int object
2026-01-13 05:53:11 [INFO] scanner - ✅ Validações OK [BTC/USDT]: Score=7.3, R:R=2.08
2026-01-13 05:53:11 [INFO] scanner - ⏸️  Throttle ativo [BTC/USDT]:
2026-01-13 05:53:11 [INFO] scanner -    ├─ Último alerta há 1587.4 minutos
2026-01-13 05:53:11 [INFO] scanner -    ├─ Tempo mínimo: 1800 minutos
2026-01-13 05:53:11 [INFO] scanner -    └─ Próximo permitido em: 212.6 minutos
2026-01-13 05:53:13 [WARNING] root - Bloco de componentes falhou: cannot unpack non-iterable int object
2026-01-13 05:53:13 [INFO] scanner - ✅ Validações OK [ETH/USDT]: Score=7.3, R:R=2.00
2026-01-13 05:53:13 [INFO] scanner - ⏸️  Throttle ativo [ETH/USDT]:
2026-01-13 05:53:13 [INFO] scanner -    ├─ Último alerta há 150.7 minutos
2026-01-13 05:53:13 [INFO] scanner -    ├─ Tempo mínimo: 1800 minutos
2026-01-13 05:53:13 [INFO] scanner -    └─ Próximo permitido em: 1649.3 minutos
2026-01-13 06:21:28 [INFO] scanner - ============================================================
2026-01-13 06:21:28 [INFO] scanner - 🚀 SCANNER INICIADO
2026-01-13 06:21:28 [INFO] scanner - 📅 Data/Hora: 13/01/2026 06:21:28
2026-01-13 06:21:28 [INFO] scanner - 📂 Log: logs/scanner_2026-01-13.log
2026-01-13 06:21:28 [INFO] scanner - ============================================================
2026-01-13 06:21:28 [INFO] scanner - 📝 PAPER MODE ATIVO - Apenas registro e análise
2026-01-13 06:21:31 [WARNING] root - Bloco de componentes falhou: cannot unpack non-iterable int object
2026-01-13 06:21:31 [INFO] scanner - ✅ Validações OK [BTC/USDT]: Score=7.3, R:R=2.08
2026-01-13 06:21:31 [INFO] scanner - ⏸️  Throttle ativo [BTC/USDT]:
2026-01-13 06:21:31 [INFO] scanner -    ├─ Último alerta há 1615.7 minutos
2026-01-13 06:21:31 [INFO] scanner -    ├─ Tempo mínimo: 1800 minutos
2026-01-13 06:21:31 [INFO] scanner -    └─ Próximo permitido em: 184.3 minutos
2026-01-13 06:21:31 [WARNING] root - Bloco de componentes falhou: cannot unpack non-iterable int object
2026-01-13 06:21:31 [INFO] scanner - ✅ Validações OK [BTC/USDT]: Score=7.3, R:R=2.08
2026-01-13 06:21:31 [INFO] scanner - ⏸️  Throttle ativo [BTC/USDT]:
2026-01-13 06:21:31 [INFO] scanner -    ├─ Último alerta há 1615.7 minutos
2026-01-13 06:21:31 [INFO] scanner -    ├─ Tempo mínimo: 1800 minutos
2026-01-13 06:21:31 [INFO] scanner -    └─ Próximo permitido em: 184.3 minutos
2026-01-13 06:21:33 [WARNING] root - Bloco de componentes falhou: cannot unpack non-iterable int object
2026-01-13 06:21:33 [INFO] scanner - ✅ Validações OK [ETH/USDT]: Score=7.3, R:R=2.00
2026-01-13 06:21:33 [INFO] scanner - ⏸️  Throttle ativo [ETH/USDT]:
2026-01-13 06:21:33 [INFO] scanner -    ├─ Último alerta há 179.0 minutos
2026-01-13 06:21:33 [INFO] scanner -    ├─ Tempo mínimo: 1800 minutos
2026-01-13 06:21:33 [INFO] scanner -    └─ Próximo permitido em: 1621.0 minutos
2026-01-13 06:48:14 [INFO] scanner - ============================================================
2026-01-13 06:48:14 [INFO] scanner - 🚀 SCANNER INICIADO
2026-01-13 06:48:14 [INFO] scanner - 📅 Data/Hora: 13/01/2026 06:48:14
2026-01-13 06:48:14 [INFO] scanner - 📂 Log: logs/scanner_2026-01-13.log
2026-01-13 06:48:14 [INFO] scanner - ============================================================
2026-01-13 06:48:14 [INFO] scanner - 📝 PAPER MODE ATIVO - Apenas registro e análise
2026-01-13 06:48:17 [WARNING] root - Bloco de componentes falhou: cannot unpack non-iterable int object
2026-01-13 06:48:17 [INFO] scanner - ✅ Validações OK [BTC/USDT]: Score=7.3, R:R=2.08
2026-01-13 06:48:17 [INFO] scanner - ⏸️  Throttle ativo [BTC/USDT]:
2026-01-13 06:48:17 [INFO] scanner -    ├─ Último alerta há 1642.5 minutos
2026-01-13 06:48:17 [INFO] scanner -    ├─ Tempo mínimo: 1800 minutos
2026-01-13 06:48:17 [INFO] scanner -    └─ Próximo permitido em: 157.5 minutos
2026-01-13 06:48:17 [WARNING] root - Bloco de componentes falhou: cannot unpack non-iterable int object
2026-01-13 06:48:17 [INFO] scanner - ✅ Validações OK [BTC/USDT]: Score=7.3, R:R=2.08
2026-01-13 06:48:17 [INFO] scanner - ⏸️  Throttle ativo [BTC/USDT]:
2026-01-13 06:48:17 [INFO] scanner -    ├─ Último alerta há 1642.5 minutos
2026-01-13 06:48:17 [INFO] scanner -    ├─ Tempo mínimo: 1800 minutos
2026-01-13 06:48:17 [INFO] scanner -    └─ Próximo permitido em: 157.5 minutos
2026-01-13 06:48:19 [WARNING] root - Bloco de componentes falhou: cannot unpack non-iterable int object
2026-01-13 06:48:19 [INFO] scanner - ✅ Validações OK [ETH/USDT]: Score=7.3, R:R=2.00
2026-01-13 06:48:19 [INFO] scanner - ⏸️  Throttle ativo [ETH/USDT]:
2026-01-13 06:48:19 [INFO] scanner -    ├─ Último alerta há 205.8 minutos
2026-01-13 06:48:19 [INFO] scanner -    ├─ Tempo mínimo: 1800 minutos
2026-01-13 06:48:19 [INFO] scanner -    └─ Próximo permitido em: 1594.2 minutos
2026-01-13 07:16:33 [INFO] scanner - ============================================================
2026-01-13 07:16:33 [INFO] scanner - 🚀 SCANNER INICIADO
2026-01-13 07:16:33 [INFO] scanner - 📅 Data/Hora: 13/01/2026 07:16:33
2026-01-13 07:16:33 [INFO] scanner - 📂 Log: logs/scanner_2026-01-13.log
2026-01-13 07:16:33 [INFO] scanner - ============================================================
2026-01-13 07:16:33 [INFO] scanner - 📝 PAPER MODE ATIVO - Apenas registro e análise
2026-01-13 07:16:36 [WARNING] root - Bloco de componentes falhou: cannot unpack non-iterable int object
2026-01-13 07:16:36 [INFO] scanner - ✅ Validações OK [BTC/USDT]: Score=7.3, R:R=2.08
2026-01-13 07:16:36 [INFO] scanner - ⏸️  Throttle ativo [BTC/USDT]:
2026-01-13 07:16:36 [INFO] scanner -    ├─ Último alerta há 1670.8 minutos
2026-01-13 07:16:36 [INFO] scanner -    ├─ Tempo mínimo: 1800 minutos
2026-01-13 07:16:36 [INFO] scanner -    └─ Próximo permitido em: 129.2 minutos
2026-01-13 07:16:36 [WARNING] root - Bloco de componentes falhou: cannot unpack non-iterable int object
2026-01-13 07:16:36 [INFO] scanner - ✅ Validações OK [BTC/USDT]: Score=7.3, R:R=2.08
2026-01-13 07:16:36 [INFO] scanner - ⏸️  Throttle ativo [BTC/USDT]:
2026-01-13 07:16:36 [INFO] scanner -    ├─ Último alerta há 1670.8 minutos
2026-01-13 07:16:36 [INFO] scanner -    ├─ Tempo mínimo: 1800 minutos
2026-01-13 07:16:36 [INFO] scanner -    └─ Próximo permitido em: 129.2 minutos
2026-01-13 07:16:38 [WARNING] root - Bloco de componentes falhou: cannot unpack non-iterable int object
2026-01-13 07:16:38 [INFO] scanner - ✅ Validações OK [ETH/USDT]: Score=7.3, R:R=2.00
2026-01-13 07:16:38 [INFO] scanner - ⏸️  Throttle ativo [ETH/USDT]:
2026-01-13 07:16:38 [INFO] scanner -    ├─ Último alerta há 234.1 minutos
2026-01-13 07:16:38 [INFO] scanner -    ├─ Tempo mínimo: 1800 minutos
2026-01-13 07:16:38 [INFO] scanner -    └─ Próximo permitido em: 1565.9 minutos
2026-01-13 07:47:56 [INFO] scanner - ============================================================
2026-01-13 07:47:56 [INFO] scanner - 🚀 SCANNER INICIADO
2026-01-13 07:47:56 [INFO] scanner - 📅 Data/Hora: 13/01/2026 07:47:56
2026-01-13 07:47:56 [INFO] scanner - 📂 Log: logs/scanner_2026-01-13.log
2026-01-13 07:47:56 [INFO] scanner - ============================================================
2026-01-13 07:47:56 [INFO] scanner - 📝 PAPER MODE ATIVO - Apenas registro e análise
2026-01-13 07:47:59 [WARNING] root - Bloco de componentes falhou: cannot unpack non-iterable int object
2026-01-13 07:47:59 [INFO] scanner - ✅ Validações OK [BTC/USDT]: Score=7.3, R:R=2.08
2026-01-13 07:47:59 [INFO] scanner - ⏸️  Throttle ativo [BTC/USDT]:
2026-01-13 07:47:59 [INFO] scanner -    ├─ Último alerta há 1702.2 minutos
2026-01-13 07:47:59 [INFO] scanner -    ├─ Tempo mínimo: 1800 minutos
2026-01-13 07:47:59 [INFO] scanner -    └─ Próximo permitido em: 97.8 minutos
2026-01-13 07:47:59 [WARNING] root - Bloco de componentes falhou: cannot unpack non-iterable int object
2026-01-13 07:47:59 [INFO] scanner - ✅ Validações OK [BTC/USDT]: Score=7.3, R:R=2.08
2026-01-13 07:47:59 [INFO] scanner - ⏸️  Throttle ativo [BTC/USDT]:
2026-01-13 07:47:59 [INFO] scanner -    ├─ Último alerta há 1702.2 minutos
2026-01-13 07:47:59 [INFO] scanner -    ├─ Tempo mínimo: 1800 minutos
2026-01-13 07:47:59 [INFO] scanner -    └─ Próximo permitido em: 97.8 minutos
2026-01-13 07:48:01 [WARNING] root - Bloco de componentes falhou: cannot unpack non-iterable int object
2026-01-13 07:48:01 [INFO] scanner - ✅ Validações OK [ETH/USDT]: Score=7.3, R:R=2.00
2026-01-13 07:48:01 [INFO] scanner - ⏸️  Throttle ativo [ETH/USDT]:
2026-01-13 07:48:01 [INFO] scanner -    ├─ Último alerta há 265.5 minutos
2026-01-13 07:48:01 [INFO] scanner -    ├─ Tempo mínimo: 1800 minutos
2026-01-13 07:48:01 [INFO] scanner -    └─ Próximo permitido em: 1534.5 minutos
2026-01-13 08:13:56 [INFO] scanner - ============================================================
2026-01-13 08:13:56 [INFO] scanner - 🚀 SCANNER INICIADO
2026-01-13 08:13:56 [INFO] scanner - 📅 Data/Hora: 13/01/2026 08:13:56
2026-01-13 08:13:56 [INFO] scanner - 📂 Log: logs/scanner_2026-01-13.log
2026-01-13 08:13:56 [INFO] scanner - ============================================================
2026-01-13 08:13:56 [INFO] scanner - 📝 PAPER MODE ATIVO - Apenas registro e análise
2026-01-13 08:14:06 [WARNING] root - Falha CoinGecko (macro): HTTPSConnectionPool(host='api.coingecko.com', port=443): Read timed out. (read timeout=8)
2026-01-13 08:14:12 [WARNING] root - Bloco de componentes falhou: cannot unpack non-iterable int object
2026-01-13 08:14:12 [INFO] scanner - ✅ Validações OK [BTC/USDT]: Score=7.3, R:R=2.08
2026-01-13 08:14:12 [INFO] scanner - ⏸️  Throttle ativo [BTC/USDT]:
2026-01-13 08:14:12 [INFO] scanner -    ├─ Último alerta há 1728.4 minutos
2026-01-13 08:14:12 [INFO] scanner -    ├─ Tempo mínimo: 1800 minutos
2026-01-13 08:14:12 [INFO] scanner -    └─ Próximo permitido em: 71.6 minutos
2026-01-13 08:14:19 [WARNING] root - Bloco de componentes falhou: cannot unpack non-iterable int object
2026-01-13 08:14:19 [INFO] scanner - ✅ Validações OK [ETH/USDT]: Score=7.3, R:R=2.00
2026-01-13 08:14:19 [INFO] scanner - ⏸️  Throttle ativo [ETH/USDT]:
2026-01-13 08:14:19 [INFO] scanner -    ├─ Último alerta há 291.8 minutos
2026-01-13 08:14:19 [INFO] scanner -    ├─ Tempo mínimo: 1800 minutos
2026-01-13 08:14:19 [INFO] scanner -    └─ Próximo permitido em: 1508.2 minutos
2026-01-13 08:33:23 [INFO] scanner - ============================================================
2026-01-13 08:33:23 [INFO] scanner - 🚀 SCANNER INICIADO
2026-01-13 08:33:23 [INFO] scanner - 📅 Data/Hora: 13/01/2026 08:33:23
2026-01-13 08:33:23 [INFO] scanner - 📂 Log: logs/scanner_2026-01-13.log
2026-01-13 08:33:23 [INFO] scanner - ============================================================
2026-01-13 08:33:23 [INFO] scanner - 📝 PAPER MODE ATIVO - Apenas registro e análise
2026-01-13 08:33:27 [WARNING] root - Bloco de componentes falhou: cannot unpack non-iterable int object
2026-01-13 08:33:27 [INFO] scanner - ✅ Validações OK [BTC/USDT]: Score=7.3, R:R=2.08
2026-01-13 08:33:27 [INFO] scanner - ⏸️  Throttle ativo [BTC/USDT]:
2026-01-13 08:33:27 [INFO] scanner -    ├─ Último alerta há 1747.7 minutos
2026-01-13 08:33:27 [INFO] scanner -    ├─ Tempo mínimo: 1800 minutos
2026-01-13 08:33:27 [INFO] scanner -    └─ Próximo permitido em: 52.3 minutos
2026-01-13 08:33:29 [WARNING] root - Bloco de componentes falhou: cannot unpack non-iterable int object
2026-01-13 08:33:29 [INFO] scanner - ✅ Validações OK [ETH/USDT]: Score=7.3, R:R=2.00
2026-01-13 08:33:29 [INFO] scanner - ⏸️  Throttle ativo [ETH/USDT]:
2026-01-13 08:33:29 [INFO] scanner -    ├─ Último alerta há 311.0 minutos
2026-01-13 08:33:29 [INFO] scanner -    ├─ Tempo mínimo: 1800 minutos
2026-01-13 08:33:29 [INFO] scanner -    └─ Próximo permitido em: 1489.0 minutos
2026-01-13 08:50:43 [INFO] scanner - ============================================================
2026-01-13 08:50:43 [INFO] scanner - 🚀 SCANNER INICIADO
2026-01-13 08:50:43 [INFO] scanner - 📅 Data/Hora: 13/01/2026 08:50:43
2026-01-13 08:50:43 [INFO] scanner - 📂 Log: logs/scanner_2026-01-13.log
2026-01-13 08:50:43 [INFO] scanner - ============================================================
2026-01-13 08:50:43 [INFO] scanner - 📝 PAPER MODE ATIVO - Apenas registro e análise
2026-01-13 08:50:46 [WARNING] root - Bloco de componentes falhou: cannot unpack non-iterable int object
2026-01-13 08:50:46 [INFO] scanner - ✅ Validações OK [BTC/USDT]: Score=7.3, R:R=2.08
2026-01-13 08:50:46 [INFO] scanner - ⏸️  Throttle ativo [BTC/USDT]:
2026-01-13 08:50:46 [INFO] scanner -    ├─ Último alerta há 1765.0 minutos
2026-01-13 08:50:46 [INFO] scanner -    ├─ Tempo mínimo: 1800 minutos
2026-01-13 08:50:46 [INFO] scanner -    └─ Próximo permitido em: 35.0 minutos
2026-01-13 08:50:46 [WARNING] root - Bloco de componentes falhou: cannot unpack non-iterable int object
2026-01-13 08:50:46 [INFO] scanner - ✅ Validações OK [BTC/USDT]: Score=7.3, R:R=2.08
2026-01-13 08:50:46 [INFO] scanner - ⏸️  Throttle ativo [BTC/USDT]:
2026-01-13 08:50:46 [INFO] scanner -    ├─ Último alerta há 1765.0 minutos
2026-01-13 08:50:46 [INFO] scanner -    ├─ Tempo mínimo: 1800 minutos
2026-01-13 08:50:46 [INFO] scanner -    └─ Próximo permitido em: 35.0 minutos
2026-01-13 08:50:49 [WARNING] root - Bloco de componentes falhou: cannot unpack non-iterable int object
2026-01-13 08:50:49 [INFO] scanner - ✅ Validações OK [ETH/USDT]: Score=7.3, R:R=2.00
2026-01-13 08:50:49 [INFO] scanner - ⏸️  Throttle ativo [ETH/USDT]:
2026-01-13 08:50:49 [INFO] scanner -    ├─ Último alerta há 328.3 minutos
2026-01-13 08:50:49 [INFO] scanner -    ├─ Tempo mínimo: 1800 minutos
2026-01-13 08:50:49 [INFO] scanner -    └─ Próximo permitido em: 1471.7 minutos
2026-01-13 09:29:55 [INFO] scanner - ============================================================
2026-01-13 09:29:55 [INFO] scanner - 🚀 SCANNER INICIADO
2026-01-13 09:29:55 [INFO] scanner - 📅 Data/Hora: 13/01/2026 09:29:55
2026-01-13 09:29:55 [INFO] scanner - 📂 Log: logs/scanner_2026-01-13.log
2026-01-13 09:29:55 [INFO] scanner - ============================================================
2026-01-13 09:29:55 [INFO] scanner - 📝 PAPER MODE ATIVO - Apenas registro e análise
2026-01-13 09:29:59 [WARNING] root - Bloco de componentes falhou: cannot unpack non-iterable int object
2026-01-13 09:29:59 [INFO] scanner - ✅ Validações OK [BTC/USDT]: Score=7.3, R:R=2.08
2026-01-13 09:29:59 [INFO] scanner - ✅ Throttle OK [BTC/USDT]: Pode enviar
2026-01-13 09:29:59 [INFO] scanner - 📝 Sinal no ledger: 20260113_092959_783524 - BTC/USDT
2026-01-13 09:29:59 [INFO] scanner - 📨 Alerta enviado | ID Ledger: 20260113_092959_783524
2026-01-13 09:30:02 [WARNING] root - Bloco de componentes falhou: cannot unpack non-iterable int object
2026-01-13 09:30:02 [INFO] scanner - ✅ Validações OK [ETH/USDT]: Score=7.3, R:R=2.00
2026-01-13 09:30:02 [INFO] scanner - ⏸️  Throttle ativo [ETH/USDT]:
2026-01-13 09:30:02 [INFO] scanner -    ├─ Último alerta há 367.5 minutos
2026-01-13 09:30:02 [INFO] scanner -    ├─ Tempo mínimo: 1800 minutos
2026-01-13 09:30:02 [INFO] scanner -    └─ Próximo permitido em: 1432.5 minutos
2026-01-13 10:23:55 [INFO] scanner - ============================================================
2026-01-13 10:23:55 [INFO] scanner - 🚀 SCANNER INICIADO
2026-01-13 10:23:55 [INFO] scanner - 📅 Data/Hora: 13/01/2026 10:23:55
2026-01-13 10:23:55 [INFO] scanner - 📂 Log: logs/scanner_2026-01-13.log
2026-01-13 10:23:55 [INFO] scanner - ============================================================
2026-01-13 10:23:55 [INFO] scanner - 📝 PAPER MODE ATIVO - Apenas registro e análise
2026-01-13 10:23:58 [WARNING] root - Bloco de componentes falhou: cannot unpack non-iterable int object
2026-01-13 10:23:58 [INFO] scanner - ✅ Validações OK [BTC/USDT]: Score=7.3, R:R=2.08
2026-01-13 10:23:58 [INFO] scanner - ⏸️  Throttle ativo [BTC/USDT]:
2026-01-13 10:23:58 [INFO] scanner -    ├─ Último alerta há 54.0 minutos
2026-01-13 10:23:58 [INFO] scanner -    ├─ Tempo mínimo: 1800 minutos
2026-01-13 10:23:58 [INFO] scanner -    └─ Próximo permitido em: 1746.0 minutos
2026-01-13 10:23:58 [WARNING] root - Bloco de componentes falhou: cannot unpack non-iterable int object
2026-01-13 10:23:58 [INFO] scanner - ✅ Validações OK [BTC/USDT]: Score=7.3, R:R=2.08
2026-01-13 10:23:58 [INFO] scanner - ⏸️  Throttle ativo [BTC/USDT]:
2026-01-13 10:23:58 [INFO] scanner -    ├─ Último alerta há 54.0 minutos
2026-01-13 10:23:58 [INFO] scanner -    ├─ Tempo mínimo: 1800 minutos
2026-01-13 10:23:58 [INFO] scanner -    └─ Próximo permitido em: 1746.0 minutos
2026-01-13 10:24:01 [WARNING] root - Bloco de componentes falhou: cannot unpack non-iterable int object
2026-01-13 10:24:01 [INFO] scanner - ✅ Validações OK [ETH/USDT]: Score=7.3, R:R=2.00
2026-01-13 10:24:01 [INFO] scanner - ⏸️  Throttle ativo [ETH/USDT]:
2026-01-13 10:24:01 [INFO] scanner -    ├─ Último alerta há 421.5 minutos
2026-01-13 10:24:01 [INFO] scanner -    ├─ Tempo mínimo: 1800 minutos
2026-01-13 10:24:01 [INFO] scanner -    └─ Próximo permitido em: 1378.5 minutos
2026-01-13 10:56:04 [INFO] scanner - ============================================================
2026-01-13 10:56:04 [INFO] scanner - 🚀 SCANNER INICIADO
2026-01-13 10:56:04 [INFO] scanner - 📅 Data/Hora: 13/01/2026 10:56:04
2026-01-13 10:56:04 [INFO] scanner - 📂 Log: logs/scanner_2026-01-13.log
2026-01-13 10:56:04 [INFO] scanner - ============================================================
2026-01-13 10:56:04 [INFO] scanner - 📝 PAPER MODE ATIVO - Apenas registro e análise
2026-01-13 10:56:07 [WARNING] root - Bloco de componentes falhou: cannot unpack non-iterable int object
2026-01-13 10:56:07 [INFO] scanner - ✅ Validações OK [BTC/USDT]: Score=10.0, R:R=2.08
2026-01-13 10:56:07 [INFO] scanner - ⏸️  Throttle ativo [BTC/USDT]:
2026-01-13 10:56:07 [INFO] scanner -    ├─ Último alerta há 86.1 minutos
2026-01-13 10:56:07 [INFO] scanner -    ├─ Tempo mínimo: 1800 minutos
2026-01-13 10:56:07 [INFO] scanner -    └─ Próximo permitido em: 1713.9 minutos
2026-01-13 10:56:07 [WARNING] root - Bloco de componentes falhou: cannot unpack non-iterable int object
2026-01-13 10:56:07 [INFO] scanner - ✅ Validações OK [BTC/USDT]: Score=7.3, R:R=2.08
2026-01-13 10:56:07 [INFO] scanner - ⏸️  Throttle ativo [BTC/USDT]:
2026-01-13 10:56:07 [INFO] scanner -    ├─ Último alerta há 86.1 minutos
2026-01-13 10:56:07 [INFO] scanner -    ├─ Tempo mínimo: 1800 minutos
2026-01-13 10:56:07 [INFO] scanner -    └─ Próximo permitido em: 1713.9 minutos
2026-01-13 10:56:08 [WARNING] root - Bloco de componentes falhou: cannot unpack non-iterable int object
2026-01-13 10:56:08 [INFO] scanner - ✅ Validações OK [BTC/USDT]: Score=7.3, R:R=2.08
2026-01-13 10:56:08 [INFO] scanner - ⏸️  Throttle ativo [BTC/USDT]:
2026-01-13 10:56:08 [INFO] scanner -    ├─ Último alerta há 86.1 minutos
2026-01-13 10:56:08 [INFO] scanner -    ├─ Tempo mínimo: 1800 minutos
2026-01-13 10:56:08 [INFO] scanner -    └─ Próximo permitido em: 1713.9 minutos
2026-01-13 10:56:10 [WARNING] root - Bloco de componentes falhou: cannot unpack non-iterable int object
2026-01-13 10:56:10 [INFO] scanner - ✅ Validações OK [ETH/USDT]: Score=10.0, R:R=2.00
2026-01-13 10:56:10 [INFO] scanner - ⏸️  Throttle ativo [ETH/USDT]:
2026-01-13 10:56:10 [INFO] scanner -    ├─ Último alerta há 453.6 minutos
2026-01-13 10:56:10 [INFO] scanner -    ├─ Tempo mínimo: 1800 minutos
2026-01-13 10:56:10 [INFO] scanner -    └─ Próximo permitido em: 1346.4 minutos
2026-01-13 10:56:10 [WARNING] root - Bloco de componentes falhou: cannot unpack non-iterable int object
2026-01-13 10:56:10 [INFO] scanner - ✅ Validações OK [ETH/USDT]: Score=7.3, R:R=2.00
2026-01-13 10:56:10 [INFO] scanner - ⏸️  Throttle ativo [ETH/USDT]:
2026-01-13 10:56:10 [INFO] scanner -    ├─ Último alerta há 453.6 minutos
2026-01-13 10:56:10 [INFO] scanner -    ├─ Tempo mínimo: 1800 minutos
2026-01-13 10:56:10 [INFO] scanner -    └─ Próximo permitido em: 1346.4 minutos
2026-01-13 10:56:10 [WARNING] root - Bloco de componentes falhou: cannot unpack non-iterable int object
2026-01-13 10:56:10 [INFO] scanner - ✅ Validações OK [ETH/USDT]: Score=7.3, R:R=2.00
2026-01-13 10:56:10 [INFO] scanner - ⏸️  Throttle ativo [ETH/USDT]:
2026-01-13 10:56:10 [INFO] scanner -    ├─ Último alerta há 453.6 minutos
2026-01-13 10:56:10 [INFO] scanner -    ├─ Tempo mínimo: 1800 minutos
2026-01-13 10:56:10 [INFO] scanner -    └─ Próximo permitido em: 1346.4 minutos
2026-01-13 11:20:00 [INFO] scanner - ============================================================
2026-01-13 11:20:00 [INFO] scanner - 🚀 SCANNER INICIADO
2026-01-13 11:20:00 [INFO] scanner - 📅 Data/Hora: 13/01/2026 11:20:00
2026-01-13 11:20:00 [INFO] scanner - 📂 Log: logs/scanner_2026-01-13.log
2026-01-13 11:20:00 [INFO] scanner - ============================================================
2026-01-13 11:20:00 [INFO] scanner - 📝 PAPER MODE ATIVO - Apenas registro e análise
2026-01-13 11:20:03 [WARNING] root - Bloco de componentes falhou: cannot unpack non-iterable int object
2026-01-13 11:20:03 [INFO] scanner - ✅ Validações OK [BTC/USDT]: Score=7.3, R:R=2.08
2026-01-13 11:20:03 [INFO] scanner - ⏸️  Throttle ativo [BTC/USDT]:
2026-01-13 11:20:03 [INFO] scanner -    ├─ Último alerta há 110.1 minutos
2026-01-13 11:20:03 [INFO] scanner -    ├─ Tempo mínimo: 1800 minutos
2026-01-13 11:20:03 [INFO] scanner -    └─ Próximo permitido em: 1689.9 minutos
2026-01-13 11:20:04 [WARNING] root - Bloco de componentes falhou: cannot unpack non-iterable int object
2026-01-13 11:20:04 [INFO] scanner - ✅ Validações OK [BTC/USDT]: Score=7.3, R:R=2.08
2026-01-13 11:20:04 [INFO] scanner - ⏸️  Throttle ativo [BTC/USDT]:
2026-01-13 11:20:04 [INFO] scanner -    ├─ Último alerta há 110.1 minutos
2026-01-13 11:20:04 [INFO] scanner -    ├─ Tempo mínimo: 1800 minutos
2026-01-13 11:20:04 [INFO] scanner -    └─ Próximo permitido em: 1689.9 minutos
2026-01-13 11:20:06 [WARNING] root - Bloco de componentes falhou: cannot unpack non-iterable int object
2026-01-13 11:20:06 [INFO] scanner - ✅ Validações OK [ETH/USDT]: Score=7.3, R:R=2.00
2026-01-13 11:20:06 [INFO] scanner - ⏸️  Throttle ativo [ETH/USDT]:
2026-01-13 11:20:06 [INFO] scanner -    ├─ Último alerta há 477.6 minutos
2026-01-13 11:20:06 [INFO] scanner -    ├─ Tempo mínimo: 1800 minutos
2026-01-13 11:20:06 [INFO] scanner -    └─ Próximo permitido em: 1322.4 minutos
2026-01-13 11:20:06 [WARNING] root - Bloco de componentes falhou: cannot unpack non-iterable int object
2026-01-13 11:20:06 [INFO] scanner - ✅ Validações OK [ETH/USDT]: Score=7.3, R:R=2.00
2026-01-13 11:20:06 [INFO] scanner - ⏸️  Throttle ativo [ETH/USDT]:
2026-01-13 11:20:06 [INFO] scanner -    ├─ Último alerta há 477.6 minutos
2026-01-13 11:20:06 [INFO] scanner -    ├─ Tempo mínimo: 1800 minutos
2026-01-13 11:20:06 [INFO] scanner -    └─ Próximo permitido em: 1322.4 minutos
2026-01-13 11:50:41 [INFO] scanner - ============================================================
2026-01-13 11:50:41 [INFO] scanner - 🚀 SCANNER INICIADO
2026-01-13 11:50:41 [INFO] scanner - 📅 Data/Hora: 13/01/2026 11:50:41
2026-01-13 11:50:41 [INFO] scanner - 📂 Log: logs/scanner_2026-01-13.log
2026-01-13 11:50:41 [INFO] scanner - ============================================================
2026-01-13 11:50:41 [INFO] scanner - 📝 PAPER MODE ATIVO - Apenas registro e análise
2026-01-13 11:50:44 [WARNING] root - Bloco de componentes falhou: cannot unpack non-iterable int object
2026-01-13 11:50:44 [INFO] scanner - ✅ Validações OK [BTC/USDT]: Score=7.3, R:R=2.08
2026-01-13 11:50:44 [INFO] scanner - ⏸️  Throttle ativo [BTC/USDT]:
2026-01-13 11:50:44 [INFO] scanner -    ├─ Último alerta há 140.8 minutos
2026-01-13 11:50:44 [INFO] scanner -    ├─ Tempo mínimo: 1800 minutos
2026-01-13 11:50:44 [INFO] scanner -    └─ Próximo permitido em: 1659.2 minutos
2026-01-13 11:50:44 [WARNING] root - Bloco de componentes falhou: cannot unpack non-iterable int object
2026-01-13 11:50:44 [INFO] scanner - ✅ Validações OK [BTC/USDT]: Score=7.3, R:R=2.08
2026-01-13 11:50:44 [INFO] scanner - ⏸️  Throttle ativo [BTC/USDT]:
2026-01-13 11:50:44 [INFO] scanner -    ├─ Último alerta há 140.8 minutos
2026-01-13 11:50:44 [INFO] scanner -    ├─ Tempo mínimo: 1800 minutos
2026-01-13 11:50:44 [INFO] scanner -    └─ Próximo permitido em: 1659.2 minutos
2026-01-13 11:50:45 [WARNING] root - Bloco de componentes falhou: cannot unpack non-iterable int object
2026-01-13 11:50:45 [INFO] scanner - ✅ Validações OK [BTC/USDT]: Score=7.3, R:R=2.08
2026-01-13 11:50:45 [INFO] scanner - ⏸️  Throttle ativo [BTC/USDT]:
2026-01-13 11:50:45 [INFO] scanner -    ├─ Último alerta há 140.8 minutos
2026-01-13 11:50:45 [INFO] scanner -    ├─ Tempo mínimo: 1800 minutos
2026-01-13 11:50:45 [INFO] scanner -    └─ Próximo permitido em: 1659.2 minutos
2026-01-13 11:50:47 [WARNING] root - Bloco de componentes falhou: cannot unpack non-iterable int object
2026-01-13 11:50:47 [INFO] scanner - ✅ Validações OK [ETH/USDT]: Score=10.0, R:R=2.00
2026-01-13 11:50:47 [INFO] scanner - ⏸️  Throttle ativo [ETH/USDT]:
2026-01-13 11:50:47 [INFO] scanner -    ├─ Último alerta há 508.2 minutos
2026-01-13 11:50:47 [INFO] scanner -    ├─ Tempo mínimo: 1800 minutos
2026-01-13 11:50:47 [INFO] scanner -    └─ Próximo permitido em: 1291.8 minutos
2026-01-13 11:50:47 [WARNING] root - Bloco de componentes falhou: cannot unpack non-iterable int object
2026-01-13 11:50:47 [INFO] scanner - ✅ Validações OK [ETH/USDT]: Score=7.3, R:R=2.00
2026-01-13 11:50:47 [INFO] scanner - ⏸️  Throttle ativo [ETH/USDT]:
2026-01-13 11:50:47 [INFO] scanner -    ├─ Último alerta há 508.2 minutos
2026-01-13 11:50:47 [INFO] scanner -    ├─ Tempo mínimo: 1800 minutos
2026-01-13 11:50:47 [INFO] scanner -    └─ Próximo permitido em: 1291.8 minutos
2026-01-13 11:50:47 [WARNING] root - Bloco de componentes falhou: cannot unpack non-iterable int object
2026-01-13 11:50:47 [INFO] scanner - ✅ Validações OK [ETH/USDT]: Score=7.3, R:R=2.00
2026-01-13 11:50:47 [INFO] scanner - ⏸️  Throttle ativo [ETH/USDT]:
2026-01-13 11:50:47 [INFO] scanner -    ├─ Último alerta há 508.3 minutos
2026-01-13 11:50:47 [INFO] scanner -    ├─ Tempo mínimo: 1800 minutos
2026-01-13 11:50:47 [INFO] scanner -    └─ Próximo permitido em: 1291.7 minutos
2026-01-13 12:17:26 [INFO] scanner - ============================================================
2026-01-13 12:17:26 [INFO] scanner - 🚀 SCANNER INICIADO
2026-01-13 12:17:26 [INFO] scanner - 📅 Data/Hora: 13/01/2026 12:17:26
2026-01-13 12:17:26 [INFO] scanner - 📂 Log: logs/scanner_2026-01-13.log
2026-01-13 12:17:26 [INFO] scanner - ============================================================
2026-01-13 12:17:26 [INFO] scanner - 📝 PAPER MODE ATIVO - Apenas registro e análise
2026-01-13 12:17:29 [WARNING] root - Bloco de componentes falhou: cannot unpack non-iterable int object
2026-01-13 12:17:29 [INFO] scanner - ✅ Validações OK [BTC/USDT]: Score=7.3, R:R=2.08
2026-01-13 12:17:29 [INFO] scanner - ⏸️  Throttle ativo [BTC/USDT]:
2026-01-13 12:17:29 [INFO] scanner -    ├─ Último alerta há 167.5 minutos
2026-01-13 12:17:29 [INFO] scanner -    ├─ Tempo mínimo: 1800 minutos
2026-01-13 12:17:29 [INFO] scanner -    └─ Próximo permitido em: 1632.5 minutos
2026-01-13 12:17:29 [WARNING] root - Bloco de componentes falhou: cannot unpack non-iterable int object
2026-01-13 12:17:29 [INFO] scanner - ✅ Validações OK [BTC/USDT]: Score=7.3, R:R=2.08
2026-01-13 12:17:29 [INFO] scanner - ⏸️  Throttle ativo [BTC/USDT]:
2026-01-13 12:17:29 [INFO] scanner -    ├─ Último alerta há 167.5 minutos
2026-01-13 12:17:29 [INFO] scanner -    ├─ Tempo mínimo: 1800 minutos
2026-01-13 12:17:29 [INFO] scanner -    └─ Próximo permitido em: 1632.5 minutos
2026-01-13 12:17:31 [WARNING] root - Bloco de componentes falhou: cannot unpack non-iterable int object
2026-01-13 12:17:31 [INFO] scanner - ✅ Validações OK [ETH/USDT]: Score=7.3, R:R=2.00
2026-01-13 12:17:31 [INFO] scanner - ⏸️  Throttle ativo [ETH/USDT]:
2026-01-13 12:17:31 [INFO] scanner -    ├─ Último alerta há 535.0 minutos
2026-01-13 12:17:31 [INFO] scanner -    ├─ Tempo mínimo: 1800 minutos
2026-01-13 12:17:31 [INFO] scanner -    └─ Próximo permitido em: 1265.0 minutos
2026-01-13 12:47:28 [INFO] scanner - ============================================================
2026-01-13 12:47:28 [INFO] scanner - 🚀 SCANNER INICIADO
2026-01-13 12:47:28 [INFO] scanner - 📅 Data/Hora: 13/01/2026 12:47:28
2026-01-13 12:47:28 [INFO] scanner - 📂 Log: logs/scanner_2026-01-13.log
2026-01-13 12:47:28 [INFO] scanner - ============================================================
2026-01-13 12:47:28 [INFO] scanner - 📝 PAPER MODE ATIVO - Apenas registro e análise
2026-01-13 12:47:32 [WARNING] root - Bloco de componentes falhou: cannot unpack non-iterable int object
2026-01-13 12:47:32 [INFO] scanner - ✅ Validações OK [BTC/USDT]: Score=9.3, R:R=2.08
2026-01-13 12:47:32 [INFO] scanner - ⏸️  Throttle ativo [BTC/USDT]:
2026-01-13 12:47:32 [INFO] scanner -    ├─ Último alerta há 197.5 minutos
2026-01-13 12:47:32 [INFO] scanner -    ├─ Tempo mínimo: 1800 minutos
2026-01-13 12:47:32 [INFO] scanner -    └─ Próximo permitido em: 1602.5 minutos
2026-01-13 12:47:32 [WARNING] root - Bloco de componentes falhou: cannot unpack non-iterable int object
2026-01-13 12:47:32 [INFO] scanner - ✅ Validações OK [BTC/USDT]: Score=7.8, R:R=2.08
2026-01-13 12:47:32 [INFO] scanner - ⏸️  Throttle ativo [BTC/USDT]:
2026-01-13 12:47:32 [INFO] scanner -    ├─ Último alerta há 197.6 minutos
2026-01-13 12:47:32 [INFO] scanner -    ├─ Tempo mínimo: 1800 minutos
2026-01-13 12:47:32 [INFO] scanner -    └─ Próximo permitido em: 1602.4 minutos
2026-01-13 12:47:33 [WARNING] root - Bloco de componentes falhou: cannot unpack non-iterable int object
2026-01-13 12:47:33 [INFO] scanner - ✅ Validações OK [BTC/USDT]: Score=7.8, R:R=2.08
2026-01-13 12:47:33 [INFO] scanner - ⏸️  Throttle ativo [BTC/USDT]:
2026-01-13 12:47:33 [INFO] scanner -    ├─ Último alerta há 197.6 minutos
2026-01-13 12:47:33 [INFO] scanner -    ├─ Tempo mínimo: 1800 minutos
2026-01-13 12:47:33 [INFO] scanner -    └─ Próximo permitido em: 1602.4 minutos
2026-01-13 12:47:33 [WARNING] root - Bloco de componentes falhou: cannot unpack non-iterable int object
2026-01-13 12:47:33 [INFO] scanner - ✅ Validações OK [BTC/USDT]: Score=7.8, R:R=2.08
2026-01-13 12:47:33 [INFO] scanner - ⏸️  Throttle ativo [BTC/USDT]:
2026-01-13 12:47:33 [INFO] scanner -    ├─ Último alerta há 197.6 minutos
2026-01-13 12:47:33 [INFO] scanner -    ├─ Tempo mínimo: 1800 minutos
2026-01-13 12:47:33 [INFO] scanner -    └─ Próximo permitido em: 1602.4 minutos
2026-01-13 12:47:35 [WARNING] root - Bloco de componentes falhou: cannot unpack non-iterable int object
2026-01-13 12:47:35 [INFO] scanner - ✅ Validações OK [ETH/USDT]: Score=9.8, R:R=2.00
2026-01-13 12:47:35 [INFO] scanner - ⏸️  Throttle ativo [ETH/USDT]:
2026-01-13 12:47:35 [INFO] scanner -    ├─ Último alerta há 565.0 minutos
2026-01-13 12:47:35 [INFO] scanner -    ├─ Tempo mínimo: 1800 minutos
2026-01-13 12:47:35 [INFO] scanner -    └─ Próximo permitido em: 1235.0 minutos
2026-01-13 12:47:35 [WARNING] root - Bloco de componentes falhou: cannot unpack non-iterable int object
2026-01-13 12:47:35 [INFO] scanner - ✅ Validações OK [ETH/USDT]: Score=7.8, R:R=2.00
2026-01-13 12:47:35 [INFO] scanner - ⏸️  Throttle ativo [ETH/USDT]:
2026-01-13 12:47:35 [INFO] scanner -    ├─ Último alerta há 565.0 minutos
2026-01-13 12:47:35 [INFO] scanner -    ├─ Tempo mínimo: 1800 minutos
2026-01-13 12:47:35 [INFO] scanner -    └─ Próximo permitido em: 1235.0 minutos
2026-01-13 12:47:35 [WARNING] root - Bloco de componentes falhou: cannot unpack non-iterable int object
2026-01-13 12:47:35 [INFO] scanner - ✅ Validações OK [ETH/USDT]: Score=7.8, R:R=2.00
2026-01-13 12:47:35 [INFO] scanner - ⏸️  Throttle ativo [ETH/USDT]:
2026-01-13 12:47:35 [INFO] scanner -    ├─ Último alerta há 565.0 minutos
2026-01-13 12:47:35 [INFO] scanner -    ├─ Tempo mínimo: 1800 minutos
2026-01-13 12:47:35 [INFO] scanner -    └─ Próximo permitido em: 1235.0 minutos
2026-01-13 13:21:49 [INFO] scanner - ============================================================
2026-01-13 13:21:49 [INFO] scanner - 🚀 SCANNER INICIADO
2026-01-13 13:21:49 [INFO] scanner - 📅 Data/Hora: 13/01/2026 13:21:49
2026-01-13 13:21:49 [INFO] scanner - 📂 Log: logs/scanner_2026-01-13.log
2026-01-13 13:21:49 [INFO] scanner - ============================================================
2026-01-13 13:21:49 [INFO] scanner - 📝 PAPER MODE ATIVO - Apenas registro e análise
2026-01-13 13:21:52 [WARNING] root - Bloco de componentes falhou: cannot unpack non-iterable int object
2026-01-13 13:21:52 [INFO] scanner - ✅ Validações OK [BTC/USDT]: Score=9.3, R:R=2.08
2026-01-13 13:21:52 [INFO] scanner - ⏸️  Throttle ativo [BTC/USDT]:
2026-01-13 13:21:52 [INFO] scanner -    ├─ Último alerta há 231.9 minutos
2026-01-13 13:21:52 [INFO] scanner -    ├─ Tempo mínimo: 1800 minutos
2026-01-13 13:21:52 [INFO] scanner -    └─ Próximo permitido em: 1568.1 minutos
2026-01-13 13:21:52 [WARNING] root - Bloco de componentes falhou: cannot unpack non-iterable int object
2026-01-13 13:21:52 [INFO] scanner - ✅ Validações OK [BTC/USDT]: Score=7.8, R:R=2.08
2026-01-13 13:21:52 [INFO] scanner - ⏸️  Throttle ativo [BTC/USDT]:
2026-01-13 13:21:52 [INFO] scanner -    ├─ Último alerta há 231.9 minutos
2026-01-13 13:21:52 [INFO] scanner -    ├─ Tempo mínimo: 1800 minutos
2026-01-13 13:21:52 [INFO] scanner -    └─ Próximo permitido em: 1568.1 minutos
2026-01-13 13:21:53 [WARNING] root - Bloco de componentes falhou: cannot unpack non-iterable int object
2026-01-13 13:21:53 [INFO] scanner - ✅ Validações OK [BTC/USDT]: Score=7.8, R:R=2.08
2026-01-13 13:21:53 [INFO] scanner - ⏸️  Throttle ativo [BTC/USDT]:
2026-01-13 13:21:53 [INFO] scanner -    ├─ Último alerta há 231.9 minutos
2026-01-13 13:21:53 [INFO] scanner -    ├─ Tempo mínimo: 1800 minutos
2026-01-13 13:21:53 [INFO] scanner -    └─ Próximo permitido em: 1568.1 minutos
2026-01-13 13:21:55 [WARNING] root - Bloco de componentes falhou: cannot unpack non-iterable int object
2026-01-13 13:21:55 [INFO] scanner - ✅ Validações OK [ETH/USDT]: Score=7.8, R:R=2.00
2026-01-13 13:21:55 [INFO] scanner - ⏸️  Throttle ativo [ETH/USDT]:
2026-01-13 13:21:55 [INFO] scanner -    ├─ Último alerta há 599.4 minutos
2026-01-13 13:21:55 [INFO] scanner -    ├─ Tempo mínimo: 1800 minutos
2026-01-13 13:21:55 [INFO] scanner -    └─ Próximo permitido em: 1200.6 minutos
2026-01-13 13:21:55 [WARNING] root - Bloco de componentes falhou: cannot unpack non-iterable int object
2026-01-13 13:21:55 [INFO] scanner - ✅ Validações OK [ETH/USDT]: Score=7.8, R:R=2.00
2026-01-13 13:21:55 [INFO] scanner - ⏸️  Throttle ativo [ETH/USDT]:
2026-01-13 13:21:55 [INFO] scanner -    ├─ Último alerta há 599.4 minutos
2026-01-13 13:21:55 [INFO] scanner -    ├─ Tempo mínimo: 1800 minutos
2026-01-13 13:21:55 [INFO] scanner -    └─ Próximo permitido em: 1200.6 minutos
2026-01-13 13:55:47 [INFO] scanner - ============================================================
2026-01-13 13:55:47 [INFO] scanner - 🚀 SCANNER INICIADO
2026-01-13 13:55:47 [INFO] scanner - 📅 Data/Hora: 13/01/2026 13:55:47
2026-01-13 13:55:47 [INFO] scanner - 📂 Log: logs/scanner_2026-01-13.log
2026-01-13 13:55:47 [INFO] scanner - ============================================================
2026-01-13 13:55:47 [INFO] scanner - 📝 PAPER MODE ATIVO - Apenas registro e análise
2026-01-13 13:55:51 [WARNING] root - Bloco de componentes falhou: cannot unpack non-iterable int object
2026-01-13 13:55:51 [INFO] scanner - ✅ Validações OK [BTC/USDT]: Score=9.3, R:R=2.08
2026-01-13 13:55:51 [INFO] scanner - ⏸️  Throttle ativo [BTC/USDT]:
2026-01-13 13:55:51 [INFO] scanner -    ├─ Último alerta há 265.9 minutos
2026-01-13 13:55:51 [INFO] scanner -    ├─ Tempo mínimo: 1800 minutos
2026-01-13 13:55:51 [INFO] scanner -    └─ Próximo permitido em: 1534.1 minutos
2026-01-13 13:55:51 [WARNING] root - Bloco de componentes falhou: cannot unpack non-iterable int object
2026-01-13 13:55:51 [INFO] scanner - ✅ Validações OK [BTC/USDT]: Score=7.8, R:R=2.08
2026-01-13 13:55:51 [INFO] scanner - ⏸️  Throttle ativo [BTC/USDT]:
2026-01-13 13:55:51 [INFO] scanner -    ├─ Último alerta há 265.9 minutos
2026-01-13 13:55:51 [INFO] scanner -    ├─ Tempo mínimo: 1800 minutos
2026-01-13 13:55:51 [INFO] scanner -    └─ Próximo permitido em: 1534.1 minutos
2026-01-13 13:55:51 [WARNING] root - Bloco de componentes falhou: cannot unpack non-iterable int object
2026-01-13 13:55:51 [INFO] scanner - ✅ Validações OK [BTC/USDT]: Score=7.8, R:R=2.08
2026-01-13 13:55:51 [INFO] scanner - ⏸️  Throttle ativo [BTC/USDT]:
2026-01-13 13:55:51 [INFO] scanner -    ├─ Último alerta há 265.9 minutos
2026-01-13 13:55:51 [INFO] scanner -    ├─ Tempo mínimo: 1800 minutos
2026-01-13 13:55:51 [INFO] scanner -    └─ Próximo permitido em: 1534.1 minutos
2026-01-13 13:55:52 [WARNING] root - Bloco de componentes falhou: cannot unpack non-iterable int object
2026-01-13 13:55:52 [INFO] scanner - ✅ Validações OK [BTC/USDT]: Score=7.8, R:R=2.08
2026-01-13 13:55:52 [INFO] scanner - ⏸️  Throttle ativo [BTC/USDT]:
2026-01-13 13:55:52 [INFO] scanner -    ├─ Último alerta há 265.9 minutos
2026-01-13 13:55:52 [INFO] scanner -    ├─ Tempo mínimo: 1800 minutos
2026-01-13 13:55:52 [INFO] scanner -    └─ Próximo permitido em: 1534.1 minutos
2026-01-13 13:55:54 [WARNING] root - Bloco de componentes falhou: cannot unpack non-iterable int object
2026-01-13 13:55:54 [INFO] scanner - ✅ Validações OK [ETH/USDT]: Score=9.3, R:R=2.00
2026-01-13 13:55:54 [INFO] scanner - ⏸️  Throttle ativo [ETH/USDT]:
2026-01-13 13:55:54 [INFO] scanner -    ├─ Último alerta há 633.4 minutos
2026-01-13 13:55:54 [INFO] scanner -    ├─ Tempo mínimo: 1800 minutos
2026-01-13 13:55:54 [INFO] scanner -    └─ Próximo permitido em: 1166.6 minutos
2026-01-13 13:55:54 [WARNING] root - Bloco de componentes falhou: cannot unpack non-iterable int object
2026-01-13 13:55:54 [INFO] scanner - ✅ Validações OK [ETH/USDT]: Score=7.8, R:R=2.00
2026-01-13 13:55:54 [INFO] scanner - ⏸️  Throttle ativo [ETH/USDT]:
2026-01-13 13:55:54 [INFO] scanner -    ├─ Último alerta há 633.4 minutos
2026-01-13 13:55:54 [INFO] scanner -    ├─ Tempo mínimo: 1800 minutos
2026-01-13 13:55:54 [INFO] scanner -    └─ Próximo permitido em: 1166.6 minutos
2026-01-13 13:55:54 [WARNING] root - Bloco de componentes falhou: cannot unpack non-iterable int object
2026-01-13 13:55:54 [INFO] scanner - ✅ Validações OK [ETH/USDT]: Score=7.8, R:R=2.00
2026-01-13 13:55:54 [INFO] scanner - ⏸️  Throttle ativo [ETH/USDT]:
2026-01-13 13:55:54 [INFO] scanner -    ├─ Último alerta há 633.4 minutos
2026-01-13 13:55:54 [INFO] scanner -    ├─ Tempo mínimo: 1800 minutos
2026-01-13 13:55:54 [INFO] scanner -    └─ Próximo permitido em: 1166.6 minutos
2026-01-13 13:55:54 [WARNING] root - Bloco de componentes falhou: cannot unpack non-iterable int object
2026-01-13 13:55:54 [INFO] scanner - ✅ Validações OK [ETH/USDT]: Score=7.8, R:R=2.00
2026-01-13 13:55:54 [INFO] scanner - ⏸️  Throttle ativo [ETH/USDT]:
2026-01-13 13:55:54 [INFO] scanner -    ├─ Último alerta há 633.4 minutos
2026-01-13 13:55:54 [INFO] scanner -    ├─ Tempo mínimo: 1800 minutos
2026-01-13 13:55:54 [INFO] scanner -    └─ Próximo permitido em: 1166.6 minutos
2026-01-13 14:21:16 [INFO] scanner - ============================================================
2026-01-13 14:21:16 [INFO] scanner - 🚀 SCANNER INICIADO
2026-01-13 14:21:16 [INFO] scanner - 📅 Data/Hora: 13/01/2026 14:21:16
2026-01-13 14:21:16 [INFO] scanner - 📂 Log: logs/scanner_2026-01-13.log
2026-01-13 14:21:16 [INFO] scanner - ============================================================
2026-01-13 14:21:16 [INFO] scanner - 📝 PAPER MODE ATIVO - Apenas registro e análise
2026-01-13 14:21:19 [WARNING] root - Bloco de componentes falhou: cannot unpack non-iterable int object
2026-01-13 14:21:19 [INFO] scanner - ✅ Validações OK [BTC/USDT]: Score=7.8, R:R=2.08
2026-01-13 14:21:19 [INFO] scanner - ⏸️  Throttle ativo [BTC/USDT]:
2026-01-13 14:21:19 [INFO] scanner -    ├─ Último alerta há 291.3 minutos
2026-01-13 14:21:19 [INFO] scanner -    ├─ Tempo mínimo: 1800 minutos
2026-01-13 14:21:19 [INFO] scanner -    └─ Próximo permitido em: 1508.7 minutos
2026-01-13 14:21:19 [WARNING] root - Bloco de componentes falhou: cannot unpack non-iterable int object
2026-01-13 14:21:19 [INFO] scanner - ✅ Validações OK [BTC/USDT]: Score=7.8, R:R=2.08
2026-01-13 14:21:19 [INFO] scanner - ⏸️  Throttle ativo [BTC/USDT]:
2026-01-13 14:21:19 [INFO] scanner -    ├─ Último alerta há 291.3 minutos
2026-01-13 14:21:19 [INFO] scanner -    ├─ Tempo mínimo: 1800 minutos
2026-01-13 14:21:19 [INFO] scanner -    └─ Próximo permitido em: 1508.7 minutos
2026-01-13 14:21:21 [WARNING] root - Bloco de componentes falhou: cannot unpack non-iterable int object
2026-01-13 14:21:21 [INFO] scanner - ✅ Validações OK [ETH/USDT]: Score=7.3, R:R=2.00
2026-01-13 14:21:21 [INFO] scanner - ⏸️  Throttle ativo [ETH/USDT]:
2026-01-13 14:21:21 [INFO] scanner -    ├─ Último alerta há 658.8 minutos
2026-01-13 14:21:21 [INFO] scanner -    ├─ Tempo mínimo: 1800 minutos
2026-01-13 14:21:21 [INFO] scanner -    └─ Próximo permitido em: 1141.2 minutos
2026-01-13 14:21:21 [WARNING] root - Bloco de componentes falhou: cannot unpack non-iterable int object
2026-01-13 14:21:21 [INFO] scanner - ✅ Validações OK [ETH/USDT]: Score=7.3, R:R=2.00
2026-01-13 14:21:21 [INFO] scanner - ⏸️  Throttle ativo [ETH/USDT]:
2026-01-13 14:21:21 [INFO] scanner -    ├─ Último alerta há 658.8 minutos
2026-01-13 14:21:21 [INFO] scanner -    ├─ Tempo mínimo: 1800 minutos
2026-01-13 14:21:21 [INFO] scanner -    └─ Próximo permitido em: 1141.2 minutos
2026-01-13 14:49:22 [INFO] scanner - ============================================================
2026-01-13 14:49:22 [INFO] scanner - 🚀 SCANNER INICIADO
2026-01-13 14:49:22 [INFO] scanner - 📅 Data/Hora: 13/01/2026 14:49:22
2026-01-13 14:49:22 [INFO] scanner - 📂 Log: logs/scanner_2026-01-13.log
2026-01-13 14:49:22 [INFO] scanner - ============================================================
2026-01-13 14:49:22 [INFO] scanner - 📝 PAPER MODE ATIVO - Apenas registro e análise
2026-01-13 14:49:26 [WARNING] root - Bloco de componentes falhou: cannot unpack non-iterable int object
2026-01-13 14:49:26 [INFO] scanner - ✅ Validações OK [BTC/USDT]: Score=7.8, R:R=2.08
2026-01-13 14:49:26 [INFO] scanner - ⏸️  Throttle ativo [BTC/USDT]:
2026-01-13 14:49:26 [INFO] scanner -    ├─ Último alerta há 319.5 minutos
2026-01-13 14:49:26 [INFO] scanner -    ├─ Tempo mínimo: 1800 minutos
2026-01-13 14:49:26 [INFO] scanner -    └─ Próximo permitido em: 1480.5 minutos
2026-01-13 14:49:26 [WARNING] root - Bloco de componentes falhou: cannot unpack non-iterable int object
2026-01-13 14:49:26 [INFO] scanner - ✅ Validações OK [BTC/USDT]: Score=7.8, R:R=2.08
2026-01-13 14:49:26 [INFO] scanner - ⏸️  Throttle ativo [BTC/USDT]:
2026-01-13 14:49:26 [INFO] scanner -    ├─ Último alerta há 319.5 minutos
2026-01-13 14:49:26 [INFO] scanner -    ├─ Tempo mínimo: 1800 minutos
2026-01-13 14:49:26 [INFO] scanner -    └─ Próximo permitido em: 1480.5 minutos
2026-01-13 14:49:28 [WARNING] root - Bloco de componentes falhou: cannot unpack non-iterable int object
2026-01-13 14:49:28 [INFO] scanner - ✅ Validações OK [ETH/USDT]: Score=7.3, R:R=2.00
2026-01-13 14:49:28 [INFO] scanner - ⏸️  Throttle ativo [ETH/USDT]:
2026-01-13 14:49:28 [INFO] scanner -    ├─ Último alerta há 686.9 minutos
2026-01-13 14:49:28 [INFO] scanner -    ├─ Tempo mínimo: 1800 minutos
2026-01-13 14:49:28 [INFO] scanner -    └─ Próximo permitido em: 1113.1 minutos
2026-01-13 14:49:29 [WARNING] root - Bloco de componentes falhou: cannot unpack non-iterable int object
2026-01-13 14:49:29 [INFO] scanner - ✅ Validações OK [ETH/USDT]: Score=7.3, R:R=2.00
2026-01-13 14:49:29 [INFO] scanner - ⏸️  Throttle ativo [ETH/USDT]:
2026-01-13 14:49:29 [INFO] scanner -    ├─ Último alerta há 686.9 minutos
2026-01-13 14:49:29 [INFO] scanner -    ├─ Tempo mínimo: 1800 minutos
2026-01-13 14:49:29 [INFO] scanner -    └─ Próximo permitido em: 1113.1 minutos
2026-01-13 15:22:20 [INFO] scanner - ============================================================
2026-01-13 15:22:20 [INFO] scanner - 🚀 SCANNER INICIADO
2026-01-13 15:22:20 [INFO] scanner - 📅 Data/Hora: 13/01/2026 15:22:20
2026-01-13 15:22:20 [INFO] scanner - 📂 Log: logs/scanner_2026-01-13.log
2026-01-13 15:22:20 [INFO] scanner - ============================================================
2026-01-13 15:22:20 [INFO] scanner - 📝 PAPER MODE ATIVO - Apenas registro e análise
2026-01-13 15:22:24 [WARNING] root - Bloco de componentes falhou: cannot unpack non-iterable int object
2026-01-13 15:22:24 [INFO] scanner - ✅ Validações OK [BTC/USDT]: Score=7.8, R:R=2.08
2026-01-13 15:22:24 [INFO] scanner - ⏸️  Throttle ativo [BTC/USDT]:
2026-01-13 15:22:24 [INFO] scanner -    ├─ Último alerta há 352.4 minutos
2026-01-13 15:22:24 [INFO] scanner -    ├─ Tempo mínimo: 1800 minutos
2026-01-13 15:22:24 [INFO] scanner -    └─ Próximo permitido em: 1447.6 minutos
2026-01-13 15:22:24 [WARNING] root - Bloco de componentes falhou: cannot unpack non-iterable int object
2026-01-13 15:22:24 [INFO] scanner - ✅ Validações OK [BTC/USDT]: Score=7.8, R:R=2.08
2026-01-13 15:22:24 [INFO] scanner - ⏸️  Throttle ativo [BTC/USDT]:
2026-01-13 15:22:24 [INFO] scanner -    ├─ Último alerta há 352.4 minutos
2026-01-13 15:22:24 [INFO] scanner -    ├─ Tempo mínimo: 1800 minutos
2026-01-13 15:22:24 [INFO] scanner -    └─ Próximo permitido em: 1447.6 minutos
2026-01-13 15:22:26 [WARNING] root - Bloco de componentes falhou: cannot unpack non-iterable int object
2026-01-13 15:22:26 [INFO] scanner - ✅ Validações OK [ETH/USDT]: Score=7.3, R:R=2.00
2026-01-13 15:22:26 [INFO] scanner - ⏸️  Throttle ativo [ETH/USDT]:
2026-01-13 15:22:26 [INFO] scanner -    ├─ Último alerta há 719.9 minutos
2026-01-13 15:22:26 [INFO] scanner -    ├─ Tempo mínimo: 1800 minutos
2026-01-13 15:22:26 [INFO] scanner -    └─ Próximo permitido em: 1080.1 minutos
2026-01-13 15:22:27 [WARNING] root - Bloco de componentes falhou: cannot unpack non-iterable int object
2026-01-13 15:22:27 [INFO] scanner - ✅ Validações OK [ETH/USDT]: Score=7.3, R:R=2.00
2026-01-13 15:22:27 [INFO] scanner - ⏸️  Throttle ativo [ETH/USDT]:
2026-01-13 15:22:27 [INFO] scanner -    ├─ Último alerta há 719.9 minutos
2026-01-13 15:22:27 [INFO] scanner -    ├─ Tempo mínimo: 1800 minutos
2026-01-13 15:22:27 [INFO] scanner -    └─ Próximo permitido em: 1080.1 minutos
2026-01-13 15:53:02 [INFO] scanner - ============================================================
2026-01-13 15:53:02 [INFO] scanner - 🚀 SCANNER INICIADO
2026-01-13 15:53:02 [INFO] scanner - 📅 Data/Hora: 13/01/2026 15:53:02
2026-01-13 15:53:02 [INFO] scanner - 📂 Log: logs/scanner_2026-01-13.log
2026-01-13 15:53:02 [INFO] scanner - ============================================================
2026-01-13 15:53:02 [INFO] scanner - 📝 PAPER MODE ATIVO - Apenas registro e análise
2026-01-13 15:53:06 [WARNING] root - Bloco de componentes falhou: cannot unpack non-iterable int object
2026-01-13 15:53:06 [INFO] scanner - ✅ Validações OK [BTC/USDT]: Score=7.8, R:R=2.08
2026-01-13 15:53:06 [INFO] scanner - ⏸️  Throttle ativo [BTC/USDT]:
2026-01-13 15:53:06 [INFO] scanner -    ├─ Último alerta há 383.1 minutos
2026-01-13 15:53:06 [INFO] scanner -    ├─ Tempo mínimo: 1800 minutos
2026-01-13 15:53:06 [INFO] scanner -    └─ Próximo permitido em: 1416.9 minutos
2026-01-13 15:53:06 [WARNING] root - Bloco de componentes falhou: cannot unpack non-iterable int object
2026-01-13 15:53:06 [INFO] scanner - ✅ Validações OK [BTC/USDT]: Score=7.8, R:R=2.08
2026-01-13 15:53:06 [INFO] scanner - ⏸️  Throttle ativo [BTC/USDT]:
2026-01-13 15:53:06 [INFO] scanner -    ├─ Último alerta há 383.1 minutos
2026-01-13 15:53:06 [INFO] scanner -    ├─ Tempo mínimo: 1800 minutos
2026-01-13 15:53:06 [INFO] scanner -    └─ Próximo permitido em: 1416.9 minutos
2026-01-13 15:53:09 [WARNING] root - Bloco de componentes falhou: cannot unpack non-iterable int object
2026-01-13 15:53:09 [INFO] scanner - ✅ Validações OK [ETH/USDT]: Score=9.3, R:R=2.00
2026-01-13 15:53:09 [INFO] scanner - ⏸️  Throttle ativo [ETH/USDT]:
2026-01-13 15:53:09 [INFO] scanner -    ├─ Último alerta há 750.6 minutos
2026-01-13 15:53:09 [INFO] scanner -    ├─ Tempo mínimo: 1800 minutos
2026-01-13 15:53:09 [INFO] scanner -    └─ Próximo permitido em: 1049.4 minutos
2026-01-13 15:53:09 [WARNING] root - Bloco de componentes falhou: cannot unpack non-iterable int object
2026-01-13 15:53:09 [INFO] scanner - ✅ Validações OK [ETH/USDT]: Score=7.8, R:R=2.00
2026-01-13 15:53:09 [INFO] scanner - ⏸️  Throttle ativo [ETH/USDT]:
2026-01-13 15:53:09 [INFO] scanner -    ├─ Último alerta há 750.6 minutos
2026-01-13 15:53:09 [INFO] scanner -    ├─ Tempo mínimo: 1800 minutos
2026-01-13 15:53:09 [INFO] scanner -    └─ Próximo permitido em: 1049.4 minutos
2026-01-13 15:53:09 [WARNING] root - Bloco de componentes falhou: cannot unpack non-iterable int object
2026-01-13 15:53:09 [INFO] scanner - ✅ Validações OK [ETH/USDT]: Score=7.8, R:R=2.00
2026-01-13 15:53:09 [INFO] scanner - ⏸️  Throttle ativo [ETH/USDT]:
2026-01-13 15:53:09 [INFO] scanner -    ├─ Último alerta há 750.6 minutos
2026-01-13 15:53:09 [INFO] scanner -    ├─ Tempo mínimo: 1800 minutos
2026-01-13 15:53:09 [INFO] scanner -    └─ Próximo permitido em: 1049.4 minutos
2026-01-13 15:53:09 [WARNING] root - Bloco de componentes falhou: cannot unpack non-iterable int object
2026-01-13 15:53:09 [INFO] scanner - ✅ Validações OK [ETH/USDT]: Score=7.8, R:R=2.00
2026-01-13 15:53:09 [INFO] scanner - ⏸️  Throttle ativo [ETH/USDT]:
2026-01-13 15:53:09 [INFO] scanner -    ├─ Último alerta há 750.6 minutos
2026-01-13 15:53:09 [INFO] scanner -    ├─ Tempo mínimo: 1800 minutos
2026-01-13 15:53:09 [INFO] scanner -    └─ Próximo permitido em: 1049.4 minutos
2026-01-13 16:15:07 [INFO] scanner - ============================================================
2026-01-13 16:15:07 [INFO] scanner - 🚀 SCANNER INICIADO
2026-01-13 16:15:07 [INFO] scanner - 📅 Data/Hora: 13/01/2026 16:15:07
2026-01-13 16:15:07 [INFO] scanner - 📂 Log: logs/scanner_2026-01-13.log
2026-01-13 16:15:07 [INFO] scanner - ============================================================
2026-01-13 16:15:07 [INFO] scanner - 📝 PAPER MODE ATIVO - Apenas registro e análise
2026-01-13 16:15:11 [WARNING] root - Bloco de componentes falhou: cannot unpack non-iterable int object
2026-01-13 16:15:11 [INFO] scanner - ✅ Validações OK [BTC/USDT]: Score=7.8, R:R=2.08
2026-01-13 16:15:11 [INFO] scanner - ⏸️  Throttle ativo [BTC/USDT]:
2026-01-13 16:15:11 [INFO] scanner -    ├─ Último alerta há 405.2 minutos
2026-01-13 16:15:11 [INFO] scanner -    ├─ Tempo mínimo: 1800 minutos
2026-01-13 16:15:11 [INFO] scanner -    └─ Próximo permitido em: 1394.8 minutos
2026-01-13 16:15:11 [WARNING] root - Bloco de componentes falhou: cannot unpack non-iterable int object
2026-01-13 16:15:11 [INFO] scanner - ✅ Validações OK [BTC/USDT]: Score=7.3, R:R=2.08
2026-01-13 16:15:11 [INFO] scanner - ⏸️  Throttle ativo [BTC/USDT]:
2026-01-13 16:15:11 [INFO] scanner -    ├─ Último alerta há 405.2 minutos
2026-01-13 16:15:11 [INFO] scanner -    ├─ Tempo mínimo: 1800 minutos
2026-01-13 16:15:11 [INFO] scanner -    └─ Próximo permitido em: 1394.8 minutos
2026-01-13 16:15:12 [WARNING] root - Bloco de componentes falhou: cannot unpack non-iterable int object
2026-01-13 16:15:12 [INFO] scanner - ✅ Validações OK [BTC/USDT]: Score=7.3, R:R=2.08
2026-01-13 16:15:12 [INFO] scanner - ⏸️  Throttle ativo [BTC/USDT]:
2026-01-13 16:15:12 [INFO] scanner -    ├─ Último alerta há 405.2 minutos
2026-01-13 16:15:12 [INFO] scanner -    ├─ Tempo mínimo: 1800 minutos
2026-01-13 16:15:12 [INFO] scanner -    └─ Próximo permitido em: 1394.8 minutos
2026-01-13 16:15:14 [WARNING] root - Bloco de componentes falhou: cannot unpack non-iterable int object
2026-01-13 16:15:14 [INFO] scanner - ✅ Validações OK [ETH/USDT]: Score=7.3, R:R=2.00
2026-01-13 16:15:14 [INFO] scanner - ⏸️  Throttle ativo [ETH/USDT]:
2026-01-13 16:15:14 [INFO] scanner -    ├─ Último alerta há 772.7 minutos
2026-01-13 16:15:14 [INFO] scanner -    ├─ Tempo mínimo: 1800 minutos
2026-01-13 16:15:14 [INFO] scanner -    └─ Próximo permitido em: 1027.3 minutos
2026-01-13 16:15:14 [WARNING] root - Bloco de componentes falhou: cannot unpack non-iterable int object
2026-01-13 16:15:14 [INFO] scanner - ✅ Validações OK [ETH/USDT]: Score=7.3, R:R=2.00
2026-01-13 16:15:14 [INFO] scanner - ⏸️  Throttle ativo [ETH/USDT]:
2026-01-13 16:15:14 [INFO] scanner -    ├─ Último alerta há 772.7 minutos
2026-01-13 16:15:14 [INFO] scanner -    ├─ Tempo mínimo: 1800 minutos
2026-01-13 16:15:14 [INFO] scanner -    └─ Próximo permitido em: 1027.3 minutos
2026-01-13 16:32:03 [INFO] scanner - ============================================================
2026-01-13 16:32:03 [INFO] scanner - 🚀 SCANNER INICIADO
2026-01-13 16:32:03 [INFO] scanner - 📅 Data/Hora: 13/01/2026 16:32:03
2026-01-13 16:32:03 [INFO] scanner - 📂 Log: logs/scanner_2026-01-13.log
2026-01-13 16:32:03 [INFO] scanner - ============================================================
2026-01-13 16:32:03 [INFO] scanner - 📝 PAPER MODE ATIVO - Apenas registro e análise
2026-01-13 16:32:06 [WARNING] root - Bloco de componentes falhou: cannot unpack non-iterable int object
2026-01-13 16:32:06 [INFO] scanner - ✅ Validações OK [BTC/USDT]: Score=7.3, R:R=2.08
2026-01-13 16:32:06 [INFO] scanner - ⏸️  Throttle ativo [BTC/USDT]:
2026-01-13 16:32:06 [INFO] scanner -    ├─ Último alerta há 422.1 minutos
2026-01-13 16:32:06 [INFO] scanner -    ├─ Tempo mínimo: 1800 minutos
2026-01-13 16:32:06 [INFO] scanner -    └─ Próximo permitido em: 1377.9 minutos
2026-01-13 16:32:07 [WARNING] root - Bloco de componentes falhou: cannot unpack non-iterable int object
2026-01-13 16:32:07 [INFO] scanner - ✅ Validações OK [BTC/USDT]: Score=7.3, R:R=2.08
2026-01-13 16:32:07 [INFO] scanner - ⏸️  Throttle ativo [BTC/USDT]:
2026-01-13 16:32:07 [INFO] scanner -    ├─ Último alerta há 422.1 minutos
2026-01-13 16:32:07 [INFO] scanner -    ├─ Tempo mínimo: 1800 minutos
2026-01-13 16:32:07 [INFO] scanner -    └─ Próximo permitido em: 1377.9 minutos
2026-01-13 16:32:07 [WARNING] root - Bloco de componentes falhou: cannot unpack non-iterable int object
2026-01-13 16:32:07 [INFO] scanner - ✅ Validações OK [BTC/USDT]: Score=7.3, R:R=2.08
2026-01-13 16:32:07 [INFO] scanner - ⏸️  Throttle ativo [BTC/USDT]:
2026-01-13 16:32:07 [INFO] scanner -    ├─ Último alerta há 422.1 minutos
2026-01-13 16:32:07 [INFO] scanner -    ├─ Tempo mínimo: 1800 minutos
2026-01-13 16:32:07 [INFO] scanner -    └─ Próximo permitido em: 1377.9 minutos
2026-01-13 16:32:09 [WARNING] root - Bloco de componentes falhou: cannot unpack non-iterable int object
2026-01-13 16:32:09 [INFO] scanner - ✅ Validações OK [ETH/USDT]: Score=7.3, R:R=2.00
2026-01-13 16:32:09 [INFO] scanner - ⏸️  Throttle ativo [ETH/USDT]:
2026-01-13 16:32:09 [INFO] scanner -    ├─ Último alerta há 789.6 minutos
2026-01-13 16:32:09 [INFO] scanner -    ├─ Tempo mínimo: 1800 minutos
2026-01-13 16:32:09 [INFO] scanner -    └─ Próximo permitido em: 1010.4 minutos
2026-01-13 16:32:09 [WARNING] root - Bloco de componentes falhou: cannot unpack non-iterable int object
2026-01-13 16:32:09 [INFO] scanner - ✅ Validações OK [ETH/USDT]: Score=7.3, R:R=2.00
2026-01-13 16:32:09 [INFO] scanner - ⏸️  Throttle ativo [ETH/USDT]:
2026-01-13 16:32:09 [INFO] scanner -    ├─ Último alerta há 789.6 minutos
2026-01-13 16:32:09 [INFO] scanner -    ├─ Tempo mínimo: 1800 minutos
2026-01-13 16:32:09 [INFO] scanner -    └─ Próximo permitido em: 1010.4 minutos
2026-01-13 16:32:09 [WARNING] root - Bloco de componentes falhou: cannot unpack non-iterable int object
2026-01-13 16:32:09 [INFO] scanner - ✅ Validações OK [ETH/USDT]: Score=7.3, R:R=2.00
2026-01-13 16:32:09 [INFO] scanner - ⏸️  Throttle ativo [ETH/USDT]:
2026-01-13 16:32:09 [INFO] scanner -    ├─ Último alerta há 789.6 minutos
2026-01-13 16:32:09 [INFO] scanner -    ├─ Tempo mínimo: 1800 minutos
2026-01-13 16:32:09 [INFO] scanner -    └─ Próximo permitido em: 1010.4 minutos
2026-01-13 16:48:34 [INFO] scanner - ============================================================
2026-01-13 16:48:34 [INFO] scanner - 🚀 SCANNER INICIADO
2026-01-13 16:48:34 [INFO] scanner - 📅 Data/Hora: 13/01/2026 16:48:34
2026-01-13 16:48:34 [INFO] scanner - 📂 Log: logs/scanner_2026-01-13.log
2026-01-13 16:48:34 [INFO] scanner - ============================================================
2026-01-13 16:48:34 [INFO] scanner - 📝 PAPER MODE ATIVO - Apenas registro e análise
2026-01-13 16:48:37 [WARNING] root - Bloco de componentes falhou: cannot unpack non-iterable int object
2026-01-13 16:48:37 [INFO] scanner - ✅ Validações OK [BTC/USDT]: Score=9.8, R:R=2.08
2026-01-13 16:48:37 [INFO] scanner - ⏸️  Throttle ativo [BTC/USDT]:
2026-01-13 16:48:37 [INFO] scanner -    ├─ Último alerta há 438.6 minutos
2026-01-13 16:48:37 [INFO] scanner -    ├─ Tempo mínimo: 1800 minutos
2026-01-13 16:48:37 [INFO] scanner -    └─ Próximo permitido em: 1361.4 minutos
2026-01-13 16:48:38 [WARNING] root - Bloco de componentes falhou: cannot unpack non-iterable int object
2026-01-13 16:48:38 [INFO] scanner - ✅ Validações OK [BTC/USDT]: Score=7.8, R:R=2.08
2026-01-13 16:48:38 [INFO] scanner - ⏸️  Throttle ativo [BTC/USDT]:
2026-01-13 16:48:38 [INFO] scanner -    ├─ Último alerta há 438.6 minutos
2026-01-13 16:48:38 [INFO] scanner -    ├─ Tempo mínimo: 1800 minutos
2026-01-13 16:48:38 [INFO] scanner -    └─ Próximo permitido em: 1361.4 minutos
2026-01-13 16:48:38 [WARNING] root - Bloco de componentes falhou: cannot unpack non-iterable int object
2026-01-13 16:48:38 [INFO] scanner - ✅ Validações OK [BTC/USDT]: Score=7.8, R:R=2.08
2026-01-13 16:48:38 [INFO] scanner - ⏸️  Throttle ativo [BTC/USDT]:
2026-01-13 16:48:38 [INFO] scanner -    ├─ Último alerta há 438.7 minutos
2026-01-13 16:48:38 [INFO] scanner -    ├─ Tempo mínimo: 1800 minutos
2026-01-13 16:48:38 [INFO] scanner -    └─ Próximo permitido em: 1361.3 minutos
2026-01-13 16:48:38 [WARNING] root - Bloco de componentes falhou: cannot unpack non-iterable int object
2026-01-13 16:48:38 [INFO] scanner - ✅ Validações OK [BTC/USDT]: Score=7.8, R:R=2.08
2026-01-13 16:48:38 [INFO] scanner - ⏸️  Throttle ativo [BTC/USDT]:
2026-01-13 16:48:38 [INFO] scanner -    ├─ Último alerta há 438.7 minutos
2026-01-13 16:48:38 [INFO] scanner -    ├─ Tempo mínimo: 1800 minutos
2026-01-13 16:48:38 [INFO] scanner -    └─ Próximo permitido em: 1361.3 minutos
2026-01-13 16:48:40 [WARNING] root - Bloco de componentes falhou: cannot unpack non-iterable int object
2026-01-13 16:48:40 [INFO] scanner - ✅ Validações OK [ETH/USDT]: Score=7.3, R:R=2.00
2026-01-13 16:48:40 [INFO] scanner - ⏸️  Throttle ativo [ETH/USDT]:
2026-01-13 16:48:40 [INFO] scanner -    ├─ Último alerta há 806.1 minutos
2026-01-13 16:48:40 [INFO] scanner -    ├─ Tempo mínimo: 1800 minutos
2026-01-13 16:48:40 [INFO] scanner -    └─ Próximo permitido em: 993.9 minutos
2026-01-13 16:48:40 [WARNING] root - Bloco de componentes falhou: cannot unpack non-iterable int object
2026-01-13 16:48:40 [INFO] scanner - ✅ Validações OK [ETH/USDT]: Score=7.3, R:R=2.00
2026-01-13 16:48:40 [INFO] scanner - ⏸️  Throttle ativo [ETH/USDT]:
2026-01-13 16:48:40 [INFO] scanner -    ├─ Último alerta há 806.1 minutos
2026-01-13 16:48:40 [INFO] scanner -    ├─ Tempo mínimo: 1800 minutos
2026-01-13 16:48:40 [INFO] scanner -    └─ Próximo permitido em: 993.9 minutos
2026-01-13 17:16:23 [INFO] scanner - ============================================================
2026-01-13 17:16:23 [INFO] scanner - 🚀 SCANNER INICIADO
2026-01-13 17:16:23 [INFO] scanner - 📅 Data/Hora: 13/01/2026 17:16:23
2026-01-13 17:16:23 [INFO] scanner - 📂 Log: logs/scanner_2026-01-13.log
2026-01-13 17:16:23 [INFO] scanner - ============================================================
2026-01-13 17:16:23 [INFO] scanner - 📝 PAPER MODE ATIVO - Apenas registro e análise
2026-01-13 17:16:27 [WARNING] root - Bloco de componentes falhou: cannot unpack non-iterable int object
2026-01-13 17:16:27 [INFO] scanner - ✅ Validações OK [BTC/USDT]: Score=7.3, R:R=2.08
2026-01-13 17:16:27 [INFO] scanner - ⏸️  Throttle ativo [BTC/USDT]:
2026-01-13 17:16:27 [INFO] scanner -    ├─ Último alerta há 466.5 minutos
2026-01-13 17:16:27 [INFO] scanner -    ├─ Tempo mínimo: 1800 minutos
2026-01-13 17:16:27 [INFO] scanner -    └─ Próximo permitido em: 1333.5 minutos
2026-01-13 17:16:27 [WARNING] root - Bloco de componentes falhou: cannot unpack non-iterable int object
2026-01-13 17:16:27 [INFO] scanner - ✅ Validações OK [BTC/USDT]: Score=7.3, R:R=2.08
2026-01-13 17:16:27 [INFO] scanner - ⏸️  Throttle ativo [BTC/USDT]:
2026-01-13 17:16:27 [INFO] scanner -    ├─ Último alerta há 466.5 minutos
2026-01-13 17:16:27 [INFO] scanner -    ├─ Tempo mínimo: 1800 minutos
2026-01-13 17:16:27 [INFO] scanner -    └─ Próximo permitido em: 1333.5 minutos
2026-01-13 17:16:29 [WARNING] root - Bloco de componentes falhou: cannot unpack non-iterable int object
2026-01-13 17:16:29 [INFO] scanner - ✅ Validações OK [ETH/USDT]: Score=7.3, R:R=2.00
2026-01-13 17:16:29 [INFO] scanner - ⏸️  Throttle ativo [ETH/USDT]:
2026-01-13 17:16:29 [INFO] scanner -    ├─ Último alerta há 834.0 minutos
2026-01-13 17:16:29 [INFO] scanner -    ├─ Tempo mínimo: 1800 minutos
2026-01-13 17:16:29 [INFO] scanner -    └─ Próximo permitido em: 966.0 minutos
2026-01-13 17:16:30 [WARNING] root - Bloco de componentes falhou: cannot unpack non-iterable int object
2026-01-13 17:16:30 [INFO] scanner - ✅ Validações OK [ETH/USDT]: Score=7.3, R:R=2.00
2026-01-13 17:16:30 [INFO] scanner - ⏸️  Throttle ativo [ETH/USDT]:
2026-01-13 17:16:30 [INFO] scanner -    ├─ Último alerta há 834.0 minutos
2026-01-13 17:16:30 [INFO] scanner -    ├─ Tempo mínimo: 1800 minutos
2026-01-13 17:16:30 [INFO] scanner -    └─ Próximo permitido em: 966.0 minutos
