2026-05-23 05:07:25 [INFO] scanner - ============================================================
2026-05-23 05:07:25 [INFO] scanner - 🚀 SCANNER INICIADO
2026-05-23 05:07:25 [INFO] scanner - 📅 Data/Hora: 23/05/2026 05:07:25
2026-05-23 05:07:25 [INFO] scanner - 📂 Log: logs/scanner_2026-05-23.log
2026-05-23 05:07:25 [INFO] scanner - ============================================================
2026-05-23 05:07:25 [INFO] scanner - 📝 PAPER MODE ATIVO - Apenas registro e análise
2026-05-23 05:07:30 [WARNING] root - Bloco de componentes falhou: cannot unpack non-iterable int object
2026-05-23 05:07:30 [INFO] scanner - ✅ Validações OK [ETH/USDT]: Score=8.3, R:R=2.00
2026-05-23 05:07:30 [INFO] scanner - ⏸️  Throttle ativo [ETH/USDT]:
2026-05-23 05:07:30 [INFO] scanner -    ├─ Último alerta há 400.3 minutos
2026-05-23 05:07:30 [INFO] scanner -    ├─ Tempo mínimo: 1800 minutos
2026-05-23 05:07:30 [INFO] scanner -    └─ Próximo permitido em: 1399.7 minutos
2026-05-23 07:03:46 [INFO] scanner - ============================================================
2026-05-23 07:03:46 [INFO] scanner - 🚀 SCANNER INICIADO
2026-05-23 07:03:46 [INFO] scanner - 📅 Data/Hora: 23/05/2026 07:03:46
2026-05-23 07:03:46 [INFO] scanner - 📂 Log: logs/scanner_2026-05-23.log
2026-05-23 07:03:46 [INFO] scanner - ============================================================
2026-05-23 07:03:46 [INFO] scanner - 📝 PAPER MODE ATIVO - Apenas registro e análise
2026-05-23 07:03:49 [WARNING] root - Bloco de componentes falhou: cannot unpack non-iterable int object
2026-05-23 07:03:49 [INFO] scanner - ✅ Validações OK [BTC/USDT]: Score=8.3, R:R=2.08
2026-05-23 07:03:49 [INFO] scanner - ✅ Throttle OK [BTC/USDT]: Pode enviar
2026-05-23 07:03:52 [WARNING] root - Bloco de componentes falhou: cannot unpack non-iterable int object
2026-05-23 07:03:52 [INFO] scanner - ✅ Validações OK [ETH/USDT]: Score=8.3, R:R=2.00
2026-05-23 07:03:52 [INFO] scanner - ⏸️  Throttle ativo [ETH/USDT]:
2026-05-23 07:03:52 [INFO] scanner -    ├─ Último alerta há 516.7 minutos
2026-05-23 07:03:52 [INFO] scanner -    ├─ Tempo mínimo: 1800 minutos
2026-05-23 07:03:52 [INFO] scanner -    └─ Próximo permitido em: 1283.3 minutos
