2026-03-03 03:39:28 [INFO] scanner - ============================================================
2026-03-03 03:39:28 [INFO] scanner - 🚀 SCANNER INICIADO
2026-03-03 03:39:28 [INFO] scanner - 📅 Data/Hora: 03/03/2026 03:39:28
2026-03-03 03:39:28 [INFO] scanner - 📂 Log: logs/scanner_2026-03-03.log
2026-03-03 03:39:28 [INFO] scanner - ============================================================
2026-03-03 03:39:28 [INFO] scanner - 📝 PAPER MODE ATIVO - Apenas registro e análise
2026-03-03 03:39:32 [WARNING] root - Bloco de componentes falhou: cannot unpack non-iterable int object
2026-03-03 03:39:32 [INFO] scanner - ✅ Validações OK [BTC/USDT]: Score=7.3, R:R=2.08
2026-03-03 03:39:32 [INFO] scanner - ✅ Throttle OK [BTC/USDT]: Pode enviar
2026-03-03 03:39:32 [INFO] scanner - 📝 Sinal no ledger: 20260303_033932_808877 - BTC/USDT
2026-03-03 03:39:32 [INFO] scanner - 📨 Alerta enviado | ID Ledger: 20260303_033932_808877
2026-03-03 03:39:35 [WARNING] root - Bloco de componentes falhou: cannot unpack non-iterable int object
2026-03-03 03:39:35 [INFO] scanner - ✅ Validações OK [ETH/USDT]: Score=7.3, R:R=2.00
2026-03-03 03:39:35 [INFO] scanner - ✅ Throttle OK [ETH/USDT]: Pode enviar
2026-03-03 03:39:35 [INFO] scanner - 📝 Sinal no ledger: 20260303_033935_830541 - ETH/USDT
2026-03-03 03:39:35 [INFO] scanner - 📨 Alerta enviado | ID Ledger: 20260303_033935_830541
2026-03-03 04:29:26 [INFO] scanner - ============================================================
2026-03-03 04:29:26 [INFO] scanner - 🚀 SCANNER INICIADO
2026-03-03 04:29:26 [INFO] scanner - 📅 Data/Hora: 03/03/2026 04:29:26
2026-03-03 04:29:26 [INFO] scanner - 📂 Log: logs/scanner_2026-03-03.log
2026-03-03 04:29:26 [INFO] scanner - ============================================================
2026-03-03 04:29:26 [INFO] scanner - 📝 PAPER MODE ATIVO - Apenas registro e análise
2026-03-03 04:29:29 [WARNING] root - Bloco de componentes falhou: cannot unpack non-iterable int object
2026-03-03 04:29:29 [INFO] scanner - ✅ Validações OK [BTC/USDT]: Score=7.3, R:R=2.08
2026-03-03 04:29:29 [INFO] scanner - ⏸️  Throttle ativo [BTC/USDT]:
2026-03-03 04:29:29 [INFO] scanner -    ├─ Último alerta há 50.0 minutos
2026-03-03 04:29:29 [INFO] scanner -    ├─ Tempo mínimo: 1800 minutos
2026-03-03 04:29:29 [INFO] scanner -    └─ Próximo permitido em: 1750.0 minutos
2026-03-03 04:29:29 [WARNING] root - Bloco de componentes falhou: cannot unpack non-iterable int object
2026-03-03 04:29:29 [INFO] scanner - ✅ Validações OK [BTC/USDT]: Score=7.3, R:R=2.08
2026-03-03 04:29:29 [INFO] scanner - ⏸️  Throttle ativo [BTC/USDT]:
2026-03-03 04:29:29 [INFO] scanner -    ├─ Último alerta há 50.0 minutos
2026-03-03 04:29:29 [INFO] scanner -    ├─ Tempo mínimo: 1800 minutos
2026-03-03 04:29:29 [INFO] scanner -    └─ Próximo permitido em: 1750.0 minutos
2026-03-03 04:29:32 [WARNING] root - Bloco de componentes falhou: cannot unpack non-iterable int object
2026-03-03 04:29:32 [INFO] scanner - ✅ Validações OK [ETH/USDT]: Score=7.3, R:R=2.00
2026-03-03 04:29:32 [INFO] scanner - ⏸️  Throttle ativo [ETH/USDT]:
2026-03-03 04:29:32 [INFO] scanner -    ├─ Último alerta há 49.9 minutos
2026-03-03 04:29:32 [INFO] scanner -    ├─ Tempo mínimo: 1800 minutos
2026-03-03 04:29:32 [INFO] scanner -    └─ Próximo permitido em: 1750.1 minutos
2026-03-03 05:01:20 [INFO] scanner - ============================================================
2026-03-03 05:01:20 [INFO] scanner - 🚀 SCANNER INICIADO
2026-03-03 05:01:20 [INFO] scanner - 📅 Data/Hora: 03/03/2026 05:01:20
2026-03-03 05:01:20 [INFO] scanner - 📂 Log: logs/scanner_2026-03-03.log
2026-03-03 05:01:20 [INFO] scanner - ============================================================
2026-03-03 05:01:20 [INFO] scanner - 📝 PAPER MODE ATIVO - Apenas registro e análise
2026-03-03 05:01:24 [WARNING] root - Bloco de componentes falhou: cannot unpack non-iterable int object
2026-03-03 05:01:24 [INFO] scanner - ✅ Validações OK [BTC/USDT]: Score=7.3, R:R=2.08
2026-03-03 05:01:24 [INFO] scanner - ⏸️  Throttle ativo [BTC/USDT]:
2026-03-03 05:01:24 [INFO] scanner -    ├─ Último alerta há 81.9 minutos
2026-03-03 05:01:24 [INFO] scanner -    ├─ Tempo mínimo: 1800 minutos
2026-03-03 05:01:24 [INFO] scanner -    └─ Próximo permitido em: 1718.1 minutos
2026-03-03 05:01:26 [WARNING] root - Bloco de componentes falhou: cannot unpack non-iterable int object
2026-03-03 05:01:26 [INFO] scanner - ✅ Validações OK [ETH/USDT]: Score=7.3, R:R=2.00
2026-03-03 05:01:26 [INFO] scanner - ⏸️  Throttle ativo [ETH/USDT]:
2026-03-03 05:01:26 [INFO] scanner -    ├─ Último alerta há 81.9 minutos
2026-03-03 05:01:26 [INFO] scanner -    ├─ Tempo mínimo: 1800 minutos
2026-03-03 05:01:26 [INFO] scanner -    └─ Próximo permitido em: 1718.1 minutos
2026-03-03 05:59:00 [INFO] scanner - ============================================================
2026-03-03 05:59:00 [INFO] scanner - 🚀 SCANNER INICIADO
2026-03-03 05:59:00 [INFO] scanner - 📅 Data/Hora: 03/03/2026 05:59:00
2026-03-03 05:59:00 [INFO] scanner - 📂 Log: logs/scanner_2026-03-03.log
2026-03-03 05:59:00 [INFO] scanner - ============================================================
2026-03-03 05:59:00 [INFO] scanner - 📝 PAPER MODE ATIVO - Apenas registro e análise
2026-03-03 05:59:03 [WARNING] root - Bloco de componentes falhou: cannot unpack non-iterable int object
2026-03-03 05:59:03 [INFO] scanner - ✅ Validações OK [BTC/USDT]: Score=7.8, R:R=2.08
2026-03-03 05:59:03 [INFO] scanner - ⏸️  Throttle ativo [BTC/USDT]:
2026-03-03 05:59:03 [INFO] scanner -    ├─ Último alerta há 139.5 minutos
2026-03-03 05:59:03 [INFO] scanner -    ├─ Tempo mínimo: 1800 minutos
2026-03-03 05:59:03 [INFO] scanner -    └─ Próximo permitido em: 1660.5 minutos
2026-03-03 05:59:04 [WARNING] root - Bloco de componentes falhou: cannot unpack non-iterable int object
2026-03-03 05:59:04 [INFO] scanner - ✅ Validações OK [BTC/USDT]: Score=7.8, R:R=2.08
2026-03-03 05:59:04 [INFO] scanner - ⏸️  Throttle ativo [BTC/USDT]:
2026-03-03 05:59:04 [INFO] scanner -    ├─ Último alerta há 139.5 minutos
2026-03-03 05:59:04 [INFO] scanner -    ├─ Tempo mínimo: 1800 minutos
2026-03-03 05:59:04 [INFO] scanner -    └─ Próximo permitido em: 1660.5 minutos
2026-03-03 05:59:06 [WARNING] root - Bloco de componentes falhou: cannot unpack non-iterable int object
2026-03-03 05:59:06 [INFO] scanner - ✅ Validações OK [ETH/USDT]: Score=7.3, R:R=2.00
2026-03-03 05:59:06 [INFO] scanner - ⏸️  Throttle ativo [ETH/USDT]:
2026-03-03 05:59:06 [INFO] scanner -    ├─ Último alerta há 139.5 minutos
2026-03-03 05:59:06 [INFO] scanner -    ├─ Tempo mínimo: 1800 minutos
2026-03-03 05:59:06 [INFO] scanner -    └─ Próximo permitido em: 1660.5 minutos
2026-03-03 05:59:06 [WARNING] root - Bloco de componentes falhou: cannot unpack non-iterable int object
2026-03-03 05:59:06 [INFO] scanner - ✅ Validações OK [ETH/USDT]: Score=7.3, R:R=2.00
2026-03-03 05:59:06 [INFO] scanner - ⏸️  Throttle ativo [ETH/USDT]:
2026-03-03 05:59:06 [INFO] scanner -    ├─ Último alerta há 139.5 minutos
2026-03-03 05:59:06 [INFO] scanner -    ├─ Tempo mínimo: 1800 minutos
2026-03-03 05:59:06 [INFO] scanner -    └─ Próximo permitido em: 1660.5 minutos
2026-03-03 06:43:42 [INFO] scanner - ============================================================
2026-03-03 06:43:42 [INFO] scanner - 🚀 SCANNER INICIADO
2026-03-03 06:43:42 [INFO] scanner - 📅 Data/Hora: 03/03/2026 06:43:42
2026-03-03 06:43:42 [INFO] scanner - 📂 Log: logs/scanner_2026-03-03.log
2026-03-03 06:43:42 [INFO] scanner - ============================================================
2026-03-03 06:43:42 [INFO] scanner - 📝 PAPER MODE ATIVO - Apenas registro e análise
2026-03-03 06:43:46 [WARNING] root - Bloco de componentes falhou: cannot unpack non-iterable int object
2026-03-03 06:43:46 [INFO] scanner - ✅ Validações OK [BTC/USDT]: Score=7.3, R:R=2.08
2026-03-03 06:43:46 [INFO] scanner - ⏸️  Throttle ativo [BTC/USDT]:
2026-03-03 06:43:46 [INFO] scanner -    ├─ Último alerta há 184.2 minutos
2026-03-03 06:43:46 [INFO] scanner -    ├─ Tempo mínimo: 1800 minutos
2026-03-03 06:43:46 [INFO] scanner -    └─ Próximo permitido em: 1615.8 minutos
2026-03-03 06:43:46 [WARNING] root - Bloco de componentes falhou: cannot unpack non-iterable int object
2026-03-03 06:43:46 [INFO] scanner - ✅ Validações OK [BTC/USDT]: Score=7.3, R:R=2.08
2026-03-03 06:43:46 [INFO] scanner - ⏸️  Throttle ativo [BTC/USDT]:
2026-03-03 06:43:46 [INFO] scanner -    ├─ Último alerta há 184.2 minutos
2026-03-03 06:43:46 [INFO] scanner -    ├─ Tempo mínimo: 1800 minutos
2026-03-03 06:43:46 [INFO] scanner -    └─ Próximo permitido em: 1615.8 minutos
2026-03-03 06:43:49 [WARNING] root - Bloco de componentes falhou: cannot unpack non-iterable int object
2026-03-03 06:43:49 [INFO] scanner - ✅ Validações OK [ETH/USDT]: Score=7.3, R:R=2.00
2026-03-03 06:43:49 [INFO] scanner - ⏸️  Throttle ativo [ETH/USDT]:
2026-03-03 06:43:49 [INFO] scanner -    ├─ Último alerta há 184.2 minutos
2026-03-03 06:43:49 [INFO] scanner -    ├─ Tempo mínimo: 1800 minutos
2026-03-03 06:43:49 [INFO] scanner -    └─ Próximo permitido em: 1615.8 minutos
2026-03-03 07:23:50 [INFO] scanner - ============================================================
2026-03-03 07:23:50 [INFO] scanner - 🚀 SCANNER INICIADO
2026-03-03 07:23:50 [INFO] scanner - 📅 Data/Hora: 03/03/2026 07:23:50
2026-03-03 07:23:50 [INFO] scanner - 📂 Log: logs/scanner_2026-03-03.log
2026-03-03 07:23:50 [INFO] scanner - ============================================================
2026-03-03 07:23:50 [INFO] scanner - 📝 PAPER MODE ATIVO - Apenas registro e análise
2026-03-03 07:23:54 [WARNING] root - Bloco de componentes falhou: cannot unpack non-iterable int object
2026-03-03 07:23:54 [INFO] scanner - ✅ Validações OK [BTC/USDT]: Score=7.3, R:R=2.08
2026-03-03 07:23:54 [INFO] scanner - ⏸️  Throttle ativo [BTC/USDT]:
2026-03-03 07:23:54 [INFO] scanner -    ├─ Último alerta há 224.4 minutos
2026-03-03 07:23:54 [INFO] scanner -    ├─ Tempo mínimo: 1800 minutos
2026-03-03 07:23:54 [INFO] scanner -    └─ Próximo permitido em: 1575.6 minutos
2026-03-03 08:03:43 [INFO] scanner - ============================================================
2026-03-03 08:03:43 [INFO] scanner - 🚀 SCANNER INICIADO
2026-03-03 08:03:43 [INFO] scanner - 📅 Data/Hora: 03/03/2026 08:03:43
2026-03-03 08:03:43 [INFO] scanner - 📂 Log: logs/scanner_2026-03-03.log
2026-03-03 08:03:43 [INFO] scanner - ============================================================
2026-03-03 08:03:43 [INFO] scanner - 📝 PAPER MODE ATIVO - Apenas registro e análise
2026-03-03 08:03:47 [WARNING] root - Bloco de componentes falhou: cannot unpack non-iterable int object
2026-03-03 08:03:47 [INFO] scanner - ✅ Validações OK [BTC/USDT]: Score=7.3, R:R=2.08
2026-03-03 08:03:47 [INFO] scanner - ⏸️  Throttle ativo [BTC/USDT]:
2026-03-03 08:03:47 [INFO] scanner -    ├─ Último alerta há 264.3 minutos
2026-03-03 08:03:47 [INFO] scanner -    ├─ Tempo mínimo: 1800 minutos
2026-03-03 08:03:47 [INFO] scanner -    └─ Próximo permitido em: 1535.7 minutos
2026-03-03 08:03:49 [WARNING] root - Bloco de componentes falhou: cannot unpack non-iterable int object
2026-03-03 08:03:49 [INFO] scanner - ✅ Validações OK [ETH/USDT]: Score=7.3, R:R=2.00
2026-03-03 08:03:49 [INFO] scanner - ⏸️  Throttle ativo [ETH/USDT]:
2026-03-03 08:03:49 [INFO] scanner -    ├─ Último alerta há 264.2 minutos
2026-03-03 08:03:49 [INFO] scanner -    ├─ Tempo mínimo: 1800 minutos
2026-03-03 08:03:49 [INFO] scanner -    └─ Próximo permitido em: 1535.8 minutos
2026-03-03 08:46:44 [INFO] scanner - ============================================================
2026-03-03 08:46:44 [INFO] scanner - 🚀 SCANNER INICIADO
2026-03-03 08:46:44 [INFO] scanner - 📅 Data/Hora: 03/03/2026 08:46:44
2026-03-03 08:46:44 [INFO] scanner - 📂 Log: logs/scanner_2026-03-03.log
2026-03-03 08:46:44 [INFO] scanner - ============================================================
2026-03-03 08:46:44 [INFO] scanner - 📝 PAPER MODE ATIVO - Apenas registro e análise
2026-03-03 08:46:48 [WARNING] root - Bloco de componentes falhou: cannot unpack non-iterable int object
2026-03-03 08:46:48 [INFO] scanner - ✅ Validações OK [BTC/USDT]: Score=7.3, R:R=2.08
2026-03-03 08:46:48 [INFO] scanner - ⏸️  Throttle ativo [BTC/USDT]:
2026-03-03 08:46:48 [INFO] scanner -    ├─ Último alerta há 307.3 minutos
2026-03-03 08:46:48 [INFO] scanner -    ├─ Tempo mínimo: 1800 minutos
2026-03-03 08:46:48 [INFO] scanner -    └─ Próximo permitido em: 1492.7 minutos
2026-03-03 08:46:50 [WARNING] root - Bloco de componentes falhou: cannot unpack non-iterable int object
2026-03-03 08:46:50 [INFO] scanner - ✅ Validações OK [ETH/USDT]: Score=7.3, R:R=2.00
2026-03-03 08:46:50 [INFO] scanner - ⏸️  Throttle ativo [ETH/USDT]:
2026-03-03 08:46:50 [INFO] scanner -    ├─ Último alerta há 307.3 minutos
2026-03-03 08:46:50 [INFO] scanner -    ├─ Tempo mínimo: 1800 minutos
2026-03-03 08:46:50 [INFO] scanner -    └─ Próximo permitido em: 1492.7 minutos
2026-03-03 09:37:00 [INFO] scanner - ============================================================
2026-03-03 09:37:00 [INFO] scanner - 🚀 SCANNER INICIADO
2026-03-03 09:37:00 [INFO] scanner - 📅 Data/Hora: 03/03/2026 09:37:00
2026-03-03 09:37:00 [INFO] scanner - 📂 Log: logs/scanner_2026-03-03.log
2026-03-03 09:37:00 [INFO] scanner - ============================================================
2026-03-03 09:37:00 [INFO] scanner - 📝 PAPER MODE ATIVO - Apenas registro e análise
2026-03-03 10:44:36 [INFO] scanner - ============================================================
2026-03-03 10:44:36 [INFO] scanner - 🚀 SCANNER INICIADO
2026-03-03 10:44:36 [INFO] scanner - 📅 Data/Hora: 03/03/2026 10:44:36
2026-03-03 10:44:36 [INFO] scanner - 📂 Log: logs/scanner_2026-03-03.log
2026-03-03 10:44:36 [INFO] scanner - ============================================================
2026-03-03 10:44:36 [INFO] scanner - 📝 PAPER MODE ATIVO - Apenas registro e análise
2026-03-03 11:29:57 [INFO] scanner - ============================================================
2026-03-03 11:29:57 [INFO] scanner - 🚀 SCANNER INICIADO
2026-03-03 11:29:57 [INFO] scanner - 📅 Data/Hora: 03/03/2026 11:29:57
2026-03-03 11:29:57 [INFO] scanner - 📂 Log: logs/scanner_2026-03-03.log
2026-03-03 11:29:57 [INFO] scanner - ============================================================
2026-03-03 11:29:57 [INFO] scanner - 📝 PAPER MODE ATIVO - Apenas registro e análise
2026-03-03 12:26:03 [INFO] scanner - ============================================================
2026-03-03 12:26:03 [INFO] scanner - 🚀 SCANNER INICIADO
2026-03-03 12:26:03 [INFO] scanner - 📅 Data/Hora: 03/03/2026 12:26:03
2026-03-03 12:26:03 [INFO] scanner - 📂 Log: logs/scanner_2026-03-03.log
2026-03-03 12:26:03 [INFO] scanner - ============================================================
2026-03-03 12:26:03 [INFO] scanner - 📝 PAPER MODE ATIVO - Apenas registro e análise
2026-03-03 13:05:54 [INFO] scanner - ============================================================
2026-03-03 13:05:54 [INFO] scanner - 🚀 SCANNER INICIADO
2026-03-03 13:05:54 [INFO] scanner - 📅 Data/Hora: 03/03/2026 13:05:54
2026-03-03 13:05:54 [INFO] scanner - 📂 Log: logs/scanner_2026-03-03.log
2026-03-03 13:05:54 [INFO] scanner - ============================================================
2026-03-03 13:05:54 [INFO] scanner - 📝 PAPER MODE ATIVO - Apenas registro e análise
2026-03-03 14:04:31 [INFO] scanner - ============================================================
2026-03-03 14:04:31 [INFO] scanner - 🚀 SCANNER INICIADO
2026-03-03 14:04:31 [INFO] scanner - 📅 Data/Hora: 03/03/2026 14:04:31
2026-03-03 14:04:31 [INFO] scanner - 📂 Log: logs/scanner_2026-03-03.log
2026-03-03 14:04:31 [INFO] scanner - ============================================================
2026-03-03 14:04:31 [INFO] scanner - 📝 PAPER MODE ATIVO - Apenas registro e análise
2026-03-03 14:58:32 [INFO] scanner - ============================================================
2026-03-03 14:58:32 [INFO] scanner - 🚀 SCANNER INICIADO
2026-03-03 14:58:32 [INFO] scanner - 📅 Data/Hora: 03/03/2026 14:58:32
2026-03-03 14:58:32 [INFO] scanner - 📂 Log: logs/scanner_2026-03-03.log
2026-03-03 14:58:32 [INFO] scanner - ============================================================
2026-03-03 14:58:32 [INFO] scanner - 📝 PAPER MODE ATIVO - Apenas registro e análise
2026-03-03 14:58:36 [WARNING] root - Bloco de componentes falhou: cannot unpack non-iterable int object
2026-03-03 14:58:36 [INFO] scanner - ✅ Validações OK [BTC/USDT]: Score=7.3, R:R=2.08
2026-03-03 14:58:36 [INFO] scanner - ⏸️  Throttle ativo [BTC/USDT]:
2026-03-03 14:58:36 [INFO] scanner -    ├─ Último alerta há 679.1 minutos
2026-03-03 14:58:36 [INFO] scanner -    ├─ Tempo mínimo: 1800 minutos
2026-03-03 14:58:36 [INFO] scanner -    └─ Próximo permitido em: 1120.9 minutos
2026-03-03 15:48:34 [INFO] scanner - ============================================================
2026-03-03 15:48:34 [INFO] scanner - 🚀 SCANNER INICIADO
2026-03-03 15:48:34 [INFO] scanner - 📅 Data/Hora: 03/03/2026 15:48:34
2026-03-03 15:48:34 [INFO] scanner - 📂 Log: logs/scanner_2026-03-03.log
2026-03-03 15:48:34 [INFO] scanner - ============================================================
2026-03-03 15:48:34 [INFO] scanner - 📝 PAPER MODE ATIVO - Apenas registro e análise
2026-03-03 15:48:37 [WARNING] root - Bloco de componentes falhou: cannot unpack non-iterable int object
2026-03-03 15:48:37 [INFO] scanner - ✅ Validações OK [BTC/USDT]: Score=7.3, R:R=2.08
2026-03-03 15:48:37 [INFO] scanner - ⏸️  Throttle ativo [BTC/USDT]:
2026-03-03 15:48:37 [INFO] scanner -    ├─ Último alerta há 729.1 minutos
2026-03-03 15:48:37 [INFO] scanner -    ├─ Tempo mínimo: 1800 minutos
2026-03-03 15:48:37 [INFO] scanner -    └─ Próximo permitido em: 1070.9 minutos
2026-03-03 15:48:38 [WARNING] root - Bloco de componentes falhou: cannot unpack non-iterable int object
2026-03-03 15:48:38 [INFO] scanner - ✅ Validações OK [BTC/USDT]: Score=7.3, R:R=2.08
2026-03-03 15:48:38 [INFO] scanner - ⏸️  Throttle ativo [BTC/USDT]:
2026-03-03 15:48:38 [INFO] scanner -    ├─ Último alerta há 729.1 minutos
2026-03-03 15:48:38 [INFO] scanner -    ├─ Tempo mínimo: 1800 minutos
2026-03-03 15:48:38 [INFO] scanner -    └─ Próximo permitido em: 1070.9 minutos
2026-03-03 16:34:00 [INFO] scanner - ============================================================
2026-03-03 16:34:00 [INFO] scanner - 🚀 SCANNER INICIADO
2026-03-03 16:34:00 [INFO] scanner - 📅 Data/Hora: 03/03/2026 16:34:00
2026-03-03 16:34:00 [INFO] scanner - 📂 Log: logs/scanner_2026-03-03.log
2026-03-03 16:34:00 [INFO] scanner - ============================================================
2026-03-03 16:34:00 [INFO] scanner - 📝 PAPER MODE ATIVO - Apenas registro e análise
2026-03-03 16:34:03 [WARNING] root - Bloco de componentes falhou: cannot unpack non-iterable int object
2026-03-03 16:34:03 [INFO] scanner - ✅ Validações OK [BTC/USDT]: Score=7.3, R:R=2.08
2026-03-03 16:34:03 [INFO] scanner - ⏸️  Throttle ativo [BTC/USDT]:
2026-03-03 16:34:03 [INFO] scanner -    ├─ Último alerta há 774.5 minutos
2026-03-03 16:34:03 [INFO] scanner -    ├─ Tempo mínimo: 1800 minutos
2026-03-03 16:34:03 [INFO] scanner -    └─ Próximo permitido em: 1025.5 minutos
2026-03-03 17:01:22 [INFO] scanner - ============================================================
2026-03-03 17:01:22 [INFO] scanner - 🚀 SCANNER INICIADO
2026-03-03 17:01:22 [INFO] scanner - 📅 Data/Hora: 03/03/2026 17:01:22
2026-03-03 17:01:22 [INFO] scanner - 📂 Log: logs/scanner_2026-03-03.log
2026-03-03 17:01:22 [INFO] scanner - ============================================================
2026-03-03 17:01:22 [INFO] scanner - 📝 PAPER MODE ATIVO - Apenas registro e análise
2026-03-03 17:01:25 [WARNING] root - Bloco de componentes falhou: cannot unpack non-iterable int object
2026-03-03 17:01:25 [INFO] scanner - ✅ Validações OK [BTC/USDT]: Score=7.3, R:R=2.08
2026-03-03 17:01:25 [INFO] scanner - ⏸️  Throttle ativo [BTC/USDT]:
2026-03-03 17:01:25 [INFO] scanner -    ├─ Último alerta há 801.9 minutos
2026-03-03 17:01:25 [INFO] scanner -    ├─ Tempo mínimo: 1800 minutos
2026-03-03 17:01:25 [INFO] scanner -    └─ Próximo permitido em: 998.1 minutos
2026-03-03 17:01:30 [WARNING] root - Bloco de componentes falhou: cannot unpack non-iterable int object
2026-03-03 17:01:30 [INFO] scanner - ✅ Validações OK [ETH/USDT]: Score=7.3, R:R=2.00
2026-03-03 17:01:30 [INFO] scanner - ⏸️  Throttle ativo [ETH/USDT]:
2026-03-03 17:01:30 [INFO] scanner -    ├─ Último alerta há 801.9 minutos
2026-03-03 17:01:30 [INFO] scanner -    ├─ Tempo mínimo: 1800 minutos
2026-03-03 17:01:30 [INFO] scanner -    └─ Próximo permitido em: 998.1 minutos
2026-03-03 17:47:44 [INFO] scanner - ============================================================
2026-03-03 17:47:44 [INFO] scanner - 🚀 SCANNER INICIADO
2026-03-03 17:47:44 [INFO] scanner - 📅 Data/Hora: 03/03/2026 17:47:44
2026-03-03 17:47:44 [INFO] scanner - 📂 Log: logs/scanner_2026-03-03.log
2026-03-03 17:47:44 [INFO] scanner - ============================================================
2026-03-03 17:47:44 [INFO] scanner - 📝 PAPER MODE ATIVO - Apenas registro e análise
2026-03-03 17:47:47 [WARNING] root - Bloco de componentes falhou: cannot unpack non-iterable int object
2026-03-03 17:47:47 [INFO] scanner - ✅ Validações OK [BTC/USDT]: Score=7.3, R:R=2.08
2026-03-03 17:47:47 [INFO] scanner - ⏸️  Throttle ativo [BTC/USDT]:
2026-03-03 17:47:47 [INFO] scanner -    ├─ Último alerta há 848.3 minutos
2026-03-03 17:47:47 [INFO] scanner -    ├─ Tempo mínimo: 1800 minutos
2026-03-03 17:47:47 [INFO] scanner -    └─ Próximo permitido em: 951.7 minutos
2026-03-03 17:47:49 [WARNING] root - Bloco de componentes falhou: cannot unpack non-iterable int object
2026-03-03 17:47:49 [INFO] scanner - ✅ Validações OK [ETH/USDT]: Score=7.3, R:R=2.00
2026-03-03 17:47:49 [INFO] scanner - ⏸️  Throttle ativo [ETH/USDT]:
2026-03-03 17:47:49 [INFO] scanner -    ├─ Último alerta há 848.2 minutos
2026-03-03 17:47:49 [INFO] scanner -    ├─ Tempo mínimo: 1800 minutos
2026-03-03 17:47:49 [INFO] scanner -    └─ Próximo permitido em: 951.8 minutos
