2026-05-29 06:37:40 [INFO] scanner - ============================================================
2026-05-29 06:37:40 [INFO] scanner - 🚀 SCANNER INICIADO
2026-05-29 06:37:40 [INFO] scanner - 📅 Data/Hora: 29/05/2026 06:37:40
2026-05-29 06:37:40 [INFO] scanner - 📂 Log: logs/scanner_2026-05-29.log
2026-05-29 06:37:40 [INFO] scanner - ============================================================
2026-05-29 06:37:40 [INFO] scanner - 📝 PAPER MODE ATIVO - Apenas registro e análise
2026-05-29 06:37:43 [WARNING] root - Bloco de componentes falhou: cannot unpack non-iterable int object
2026-05-29 06:37:43 [INFO] scanner - ✅ Validações OK [BTC/USDT]: Score=7.3, R:R=2.08
2026-05-29 06:37:43 [INFO] scanner - ✅ Throttle OK [BTC/USDT]: Pode enviar
2026-05-29 06:37:44 [INFO] scanner - 📝 Sinal no ledger: 20260529_063744_409906 - BTC/USDT
2026-05-29 06:37:44 [INFO] scanner - 📨 Alerta enviado | ID Ledger: 20260529_063744_409906
2026-05-29 09:34:52 [INFO] scanner - ============================================================
2026-05-29 09:34:52 [INFO] scanner - 🚀 SCANNER INICIADO
2026-05-29 09:34:52 [INFO] scanner - 📅 Data/Hora: 29/05/2026 09:34:52
2026-05-29 09:34:52 [INFO] scanner - 📂 Log: logs/scanner_2026-05-29.log
2026-05-29 09:34:52 [INFO] scanner - ============================================================
2026-05-29 09:34:52 [INFO] scanner - 📝 PAPER MODE ATIVO - Apenas registro e análise
2026-05-29 13:27:52 [INFO] scanner - ============================================================
2026-05-29 13:27:52 [INFO] scanner - 🚀 SCANNER INICIADO
2026-05-29 13:27:52 [INFO] scanner - 📅 Data/Hora: 29/05/2026 13:27:52
2026-05-29 13:27:52 [INFO] scanner - 📂 Log: logs/scanner_2026-05-29.log
2026-05-29 13:27:52 [INFO] scanner - ============================================================
2026-05-29 13:27:52 [INFO] scanner - 📝 PAPER MODE ATIVO - Apenas registro e análise
2026-05-29 13:27:57 [WARNING] root - Bloco de componentes falhou: cannot unpack non-iterable int object
2026-05-29 13:27:57 [INFO] scanner - ✅ Validações OK [ETH/USDT]: Score=7.3, R:R=2.00
2026-05-29 13:27:57 [INFO] scanner - ✅ Throttle OK [ETH/USDT]: Pode enviar
2026-05-29 13:27:58 [INFO] scanner - 📝 Sinal no ledger: 20260529_132758_309435 - ETH/USDT
2026-05-29 13:27:58 [INFO] scanner - 📨 Alerta enviado | ID Ledger: 20260529_132758_309435
2026-05-29 16:07:47 [INFO] scanner - ============================================================
2026-05-29 16:07:47 [INFO] scanner - 🚀 SCANNER INICIADO
2026-05-29 16:07:47 [INFO] scanner - 📅 Data/Hora: 29/05/2026 16:07:47
2026-05-29 16:07:47 [INFO] scanner - 📂 Log: logs/scanner_2026-05-29.log
2026-05-29 16:07:47 [INFO] scanner - ============================================================
2026-05-29 16:07:47 [INFO] scanner - 📝 PAPER MODE ATIVO - Apenas registro e análise
2026-05-29 16:07:53 [WARNING] root - Bloco de componentes falhou: cannot unpack non-iterable int object
2026-05-29 16:07:53 [INFO] scanner - ✅ Validações OK [ETH/USDT]: Score=7.3, R:R=2.00
2026-05-29 16:07:53 [INFO] scanner - ⏸️  Throttle ativo [ETH/USDT]:
2026-05-29 16:07:53 [INFO] scanner -    ├─ Último alerta há 159.9 minutos
2026-05-29 16:07:53 [INFO] scanner -    ├─ Tempo mínimo: 1800 minutos
2026-05-29 16:07:53 [INFO] scanner -    └─ Próximo permitido em: 1640.1 minutos
2026-05-29 18:14:45 [INFO] scanner - ============================================================
2026-05-29 18:14:45 [INFO] scanner - 🚀 SCANNER INICIADO
2026-05-29 18:14:45 [INFO] scanner - 📅 Data/Hora: 29/05/2026 18:14:45
2026-05-29 18:14:45 [INFO] scanner - 📂 Log: logs/scanner_2026-05-29.log
2026-05-29 18:14:45 [INFO] scanner - ============================================================
2026-05-29 18:14:45 [INFO] scanner - 📝 PAPER MODE ATIVO - Apenas registro e análise
2026-05-29 18:14:49 [WARNING] root - Bloco de componentes falhou: cannot unpack non-iterable int object
2026-05-29 18:14:49 [INFO] scanner - ✅ Validações OK [BTC/USDT]: Score=7.3, R:R=2.08
2026-05-29 18:14:49 [INFO] scanner - ⏸️  Throttle ativo [BTC/USDT]:
2026-05-29 18:14:49 [INFO] scanner -    ├─ Último alerta há 697.1 minutos
2026-05-29 18:14:49 [INFO] scanner -    ├─ Tempo mínimo: 1800 minutos
2026-05-29 18:14:49 [INFO] scanner -    └─ Próximo permitido em: 1102.9 minutos
2026-05-29 18:14:51 [WARNING] root - Bloco de componentes falhou: cannot unpack non-iterable int object
2026-05-29 18:14:51 [INFO] scanner - ✅ Validações OK [ETH/USDT]: Score=7.3, R:R=2.00
2026-05-29 18:14:51 [INFO] scanner - ⏸️  Throttle ativo [ETH/USDT]:
2026-05-29 18:14:51 [INFO] scanner -    ├─ Último alerta há 286.9 minutos
2026-05-29 18:14:51 [INFO] scanner -    ├─ Tempo mínimo: 1800 minutos
2026-05-29 18:14:51 [INFO] scanner -    └─ Próximo permitido em: 1513.1 minutos
2026-05-29 19:42:34 [INFO] scanner - ============================================================
2026-05-29 19:42:34 [INFO] scanner - 🚀 SCANNER INICIADO
2026-05-29 19:42:34 [INFO] scanner - 📅 Data/Hora: 29/05/2026 19:42:34
2026-05-29 19:42:34 [INFO] scanner - 📂 Log: logs/scanner_2026-05-29.log
2026-05-29 19:42:34 [INFO] scanner - ============================================================
2026-05-29 19:42:34 [INFO] scanner - 📝 PAPER MODE ATIVO - Apenas registro e análise
2026-05-29 19:42:39 [WARNING] root - Bloco de componentes falhou: cannot unpack non-iterable int object
2026-05-29 19:42:39 [INFO] scanner - ✅ Validações OK [ETH/USDT]: Score=7.3, R:R=2.00
2026-05-29 19:42:39 [INFO] scanner - ⏸️  Throttle ativo [ETH/USDT]:
2026-05-29 19:42:39 [INFO] scanner -    ├─ Último alerta há 374.7 minutos
2026-05-29 19:42:39 [INFO] scanner -    ├─ Tempo mínimo: 1800 minutos
2026-05-29 19:42:39 [INFO] scanner -    └─ Próximo permitido em: 1425.3 minutos
2026-05-29 20:52:26 [INFO] scanner - ============================================================
2026-05-29 20:52:26 [INFO] scanner - 🚀 SCANNER INICIADO
2026-05-29 20:52:26 [INFO] scanner - 📅 Data/Hora: 29/05/2026 20:52:26
2026-05-29 20:52:26 [INFO] scanner - 📂 Log: logs/scanner_2026-05-29.log
2026-05-29 20:52:26 [INFO] scanner - ============================================================
2026-05-29 20:52:26 [INFO] scanner - 📝 PAPER MODE ATIVO - Apenas registro e análise
2026-05-29 20:52:31 [WARNING] root - Bloco de componentes falhou: cannot unpack non-iterable int object
2026-05-29 20:52:31 [INFO] scanner - ✅ Validações OK [ETH/USDT]: Score=7.3, R:R=2.00
2026-05-29 20:52:31 [INFO] scanner - ⏸️  Throttle ativo [ETH/USDT]:
2026-05-29 20:52:31 [INFO] scanner -    ├─ Último alerta há 444.6 minutos
2026-05-29 20:52:31 [INFO] scanner -    ├─ Tempo mínimo: 1800 minutos
2026-05-29 20:52:31 [INFO] scanner -    └─ Próximo permitido em: 1355.4 minutos
