2026-05-11 05:59:48 [INFO] scanner - ============================================================
2026-05-11 05:59:48 [INFO] scanner - 🚀 SCANNER INICIADO
2026-05-11 05:59:48 [INFO] scanner - 📅 Data/Hora: 11/05/2026 05:59:48
2026-05-11 05:59:48 [INFO] scanner - 📂 Log: logs/scanner_2026-05-11.log
2026-05-11 05:59:48 [INFO] scanner - ============================================================
2026-05-11 05:59:48 [INFO] scanner - 📝 PAPER MODE ATIVO - Apenas registro e análise
2026-05-11 09:13:21 [INFO] scanner - ============================================================
2026-05-11 09:13:21 [INFO] scanner - 🚀 SCANNER INICIADO
2026-05-11 09:13:21 [INFO] scanner - 📅 Data/Hora: 11/05/2026 09:13:21
2026-05-11 09:13:21 [INFO] scanner - 📂 Log: logs/scanner_2026-05-11.log
2026-05-11 09:13:21 [INFO] scanner - ============================================================
2026-05-11 09:13:21 [INFO] scanner - 📝 PAPER MODE ATIVO - Apenas registro e análise
2026-05-11 12:35:09 [INFO] scanner - ============================================================
2026-05-11 12:35:09 [INFO] scanner - 🚀 SCANNER INICIADO
2026-05-11 12:35:09 [INFO] scanner - 📅 Data/Hora: 11/05/2026 12:35:09
2026-05-11 12:35:09 [INFO] scanner - 📂 Log: logs/scanner_2026-05-11.log
2026-05-11 12:35:09 [INFO] scanner - ============================================================
2026-05-11 12:35:09 [INFO] scanner - 📝 PAPER MODE ATIVO - Apenas registro e análise
2026-05-11 12:35:14 [WARNING] root - Bloco de componentes falhou: cannot unpack non-iterable int object
2026-05-11 12:35:14 [INFO] scanner - ✅ Validações OK [BTC/USDT]: Score=7.3, R:R=2.08
2026-05-11 12:35:14 [INFO] scanner - ⏸️  Throttle ativo [BTC/USDT]:
2026-05-11 12:35:14 [INFO] scanner -    ├─ Último alerta há 1110.4 minutos
2026-05-11 12:35:14 [INFO] scanner -    ├─ Tempo mínimo: 1800 minutos
2026-05-11 12:35:14 [INFO] scanner -    └─ Próximo permitido em: 689.6 minutos
2026-05-11 12:35:14 [WARNING] root - Bloco de componentes falhou: cannot unpack non-iterable int object
2026-05-11 12:35:14 [INFO] scanner - ✅ Validações OK [BTC/USDT]: Score=7.3, R:R=2.08
2026-05-11 12:35:14 [INFO] scanner - ⏸️  Throttle ativo [BTC/USDT]:
2026-05-11 12:35:14 [INFO] scanner -    ├─ Último alerta há 1110.4 minutos
2026-05-11 12:35:14 [INFO] scanner -    ├─ Tempo mínimo: 1800 minutos
2026-05-11 12:35:14 [INFO] scanner -    └─ Próximo permitido em: 689.6 minutos
2026-05-11 12:35:16 [WARNING] root - Bloco de componentes falhou: cannot unpack non-iterable int object
2026-05-11 12:35:16 [INFO] scanner - ✅ Validações OK [ETH/USDT]: Score=7.3, R:R=2.00
2026-05-11 12:35:16 [INFO] scanner - ⏸️  Throttle ativo [ETH/USDT]:
2026-05-11 12:35:16 [INFO] scanner -    ├─ Último alerta há 1731.3 minutos
2026-05-11 12:35:16 [INFO] scanner -    ├─ Tempo mínimo: 1800 minutos
2026-05-11 12:35:16 [INFO] scanner -    └─ Próximo permitido em: 68.7 minutos
2026-05-11 14:35:16 [INFO] scanner - ============================================================
2026-05-11 14:35:16 [INFO] scanner - 🚀 SCANNER INICIADO
2026-05-11 14:35:16 [INFO] scanner - 📅 Data/Hora: 11/05/2026 14:35:16
2026-05-11 14:35:16 [INFO] scanner - 📂 Log: logs/scanner_2026-05-11.log
2026-05-11 14:35:16 [INFO] scanner - ============================================================
2026-05-11 14:35:16 [INFO] scanner - 📝 PAPER MODE ATIVO - Apenas registro e análise
2026-05-11 14:35:19 [WARNING] root - Bloco de componentes falhou: cannot unpack non-iterable int object
2026-05-11 14:35:19 [INFO] scanner - ✅ Validações OK [BTC/USDT]: Score=7.3, R:R=2.08
2026-05-11 14:35:19 [INFO] scanner - ⏸️  Throttle ativo [BTC/USDT]:
2026-05-11 14:35:19 [INFO] scanner -    ├─ Último alerta há 1230.4 minutos
2026-05-11 14:35:19 [INFO] scanner -    ├─ Tempo mínimo: 1800 minutos
2026-05-11 14:35:19 [INFO] scanner -    └─ Próximo permitido em: 569.6 minutos
