2026-06-10 06:41:39 [INFO] scanner - ============================================================
2026-06-10 06:41:39 [INFO] scanner - 🚀 SCANNER INICIADO
2026-06-10 06:41:39 [INFO] scanner - 📅 Data/Hora: 10/06/2026 06:41:39
2026-06-10 06:41:39 [INFO] scanner - 📂 Log: logs/scanner_2026-06-10.log
2026-06-10 06:41:39 [INFO] scanner - ============================================================
2026-06-10 06:41:39 [INFO] scanner - 📝 PAPER MODE ATIVO - Apenas registro e análise
2026-06-10 09:45:28 [INFO] scanner - ============================================================
2026-06-10 09:45:28 [INFO] scanner - 🚀 SCANNER INICIADO
2026-06-10 09:45:28 [INFO] scanner - 📅 Data/Hora: 10/06/2026 09:45:28
2026-06-10 09:45:28 [INFO] scanner - 📂 Log: logs/scanner_2026-06-10.log
2026-06-10 09:45:28 [INFO] scanner - ============================================================
2026-06-10 09:45:28 [INFO] scanner - 📝 PAPER MODE ATIVO - Apenas registro e análise
2026-06-10 09:45:34 [WARNING] root - Bloco de componentes falhou: cannot unpack non-iterable int object
2026-06-10 09:45:34 [INFO] scanner - ✅ Validações OK [BTC/USDT]: Score=7.3, R:R=2.08
2026-06-10 09:45:34 [INFO] scanner - ✅ Throttle OK [BTC/USDT]: Pode enviar
2026-06-10 09:45:34 [INFO] scanner - 📝 Sinal no ledger: 20260610_094534_586292 - BTC/USDT
2026-06-10 09:45:34 [INFO] scanner - 📨 Alerta enviado | ID Ledger: 20260610_094534_586292
2026-06-10 13:26:54 [INFO] scanner - ============================================================
2026-06-10 13:26:54 [INFO] scanner - 🚀 SCANNER INICIADO
2026-06-10 13:26:54 [INFO] scanner - 📅 Data/Hora: 10/06/2026 13:26:54
2026-06-10 13:26:54 [INFO] scanner - 📂 Log: logs/scanner_2026-06-10.log
2026-06-10 13:26:54 [INFO] scanner - ============================================================
2026-06-10 13:26:54 [INFO] scanner - 📝 PAPER MODE ATIVO - Apenas registro e análise
2026-06-10 13:27:00 [WARNING] root - Bloco de componentes falhou: cannot unpack non-iterable int object
2026-06-10 13:27:00 [INFO] scanner - ✅ Validações OK [BTC/USDT]: Score=7.3, R:R=2.08
2026-06-10 13:27:00 [INFO] scanner - ⏸️  Throttle ativo [BTC/USDT]:
2026-06-10 13:27:00 [INFO] scanner -    ├─ Último alerta há 221.4 minutos
2026-06-10 13:27:00 [INFO] scanner -    ├─ Tempo mínimo: 1800 minutos
2026-06-10 13:27:00 [INFO] scanner -    └─ Próximo permitido em: 1578.6 minutos
2026-06-10 13:27:02 [WARNING] root - Bloco de componentes falhou: cannot unpack non-iterable int object
2026-06-10 13:27:02 [INFO] scanner - ✅ Validações OK [ETH/USDT]: Score=7.3, R:R=2.00
2026-06-10 13:27:02 [INFO] scanner - ✅ Throttle OK [ETH/USDT]: Pode enviar
2026-06-10 13:27:03 [INFO] scanner - 📝 Sinal no ledger: 20260610_132703_330082 - ETH/USDT
2026-06-10 13:27:03 [INFO] scanner - 📨 Alerta enviado | ID Ledger: 20260610_132703_330082
2026-06-10 16:09:15 [INFO] scanner - ============================================================
2026-06-10 16:09:15 [INFO] scanner - 🚀 SCANNER INICIADO
2026-06-10 16:09:15 [INFO] scanner - 📅 Data/Hora: 10/06/2026 16:09:15
2026-06-10 16:09:15 [INFO] scanner - 📂 Log: logs/scanner_2026-06-10.log
2026-06-10 16:09:15 [INFO] scanner - ============================================================
2026-06-10 16:09:15 [INFO] scanner - 📝 PAPER MODE ATIVO - Apenas registro e análise
2026-06-10 16:09:21 [WARNING] root - Bloco de componentes falhou: cannot unpack non-iterable int object
2026-06-10 16:09:21 [INFO] scanner - ✅ Validações OK [BTC/USDT]: Score=7.3, R:R=2.08
2026-06-10 16:09:21 [INFO] scanner - ⏸️  Throttle ativo [BTC/USDT]:
2026-06-10 16:09:21 [INFO] scanner -    ├─ Último alerta há 383.8 minutos
2026-06-10 16:09:21 [INFO] scanner -    ├─ Tempo mínimo: 1800 minutos
2026-06-10 16:09:21 [INFO] scanner -    └─ Próximo permitido em: 1416.2 minutos
2026-06-10 18:27:03 [INFO] scanner - ============================================================
2026-06-10 18:27:03 [INFO] scanner - 🚀 SCANNER INICIADO
2026-06-10 18:27:03 [INFO] scanner - 📅 Data/Hora: 10/06/2026 18:27:03
2026-06-10 18:27:03 [INFO] scanner - 📂 Log: logs/scanner_2026-06-10.log
2026-06-10 18:27:03 [INFO] scanner - ============================================================
2026-06-10 18:27:03 [INFO] scanner - 📝 PAPER MODE ATIVO - Apenas registro e análise
2026-06-10 18:27:08 [WARNING] root - Bloco de componentes falhou: cannot unpack non-iterable int object
2026-06-10 18:27:08 [INFO] scanner - ✅ Validações OK [BTC/USDT]: Score=7.3, R:R=2.08
2026-06-10 18:27:08 [INFO] scanner - ⏸️  Throttle ativo [BTC/USDT]:
2026-06-10 18:27:08 [INFO] scanner -    ├─ Último alerta há 521.6 minutos
2026-06-10 18:27:08 [INFO] scanner -    ├─ Tempo mínimo: 1800 minutos
2026-06-10 18:27:08 [INFO] scanner -    └─ Próximo permitido em: 1278.4 minutos
