2025-12-22 03:23:07 [INFO] scanner - ============================================================
2025-12-22 03:23:07 [INFO] scanner - 🚀 SCANNER INICIADO
2025-12-22 03:23:07 [INFO] scanner - 📅 Data/Hora: 22/12/2025 03:23:07
2025-12-22 03:23:07 [INFO] scanner - 📂 Log: logs/scanner_2025-12-22.log
2025-12-22 03:23:07 [INFO] scanner - ============================================================
2025-12-22 03:23:07 [INFO] scanner - 📝 PAPER MODE ATIVO - Apenas registro e análise
2025-12-22 03:23:11 [WARNING] root - Bloco de componentes falhou: cannot unpack non-iterable int object
2025-12-22 03:23:11 [INFO] scanner - ✅ Validações OK [BTC/USDT]: Score=7.3, R:R=2.08
2025-12-22 03:23:11 [INFO] scanner - ⏸️  Throttle ativo [BTC/USDT]:
2025-12-22 03:23:11 [INFO] scanner -    ├─ Último alerta há 696.0 minutos
2025-12-22 03:23:11 [INFO] scanner -    ├─ Tempo mínimo: 1800 minutos
2025-12-22 03:23:11 [INFO] scanner -    └─ Próximo permitido em: 1104.0 minutos
2025-12-22 03:23:13 [WARNING] root - Bloco de componentes falhou: cannot unpack non-iterable int object
2025-12-22 03:23:13 [INFO] scanner - ✅ Validações OK [ETH/USDT]: Score=7.3, R:R=2.00
2025-12-22 03:23:13 [INFO] scanner - ⏸️  Throttle ativo [ETH/USDT]:
2025-12-22 03:23:13 [INFO] scanner -    ├─ Último alerta há 1078.8 minutos
2025-12-22 03:23:13 [INFO] scanner -    ├─ Tempo mínimo: 1800 minutos
2025-12-22 03:23:13 [INFO] scanner -    └─ Próximo permitido em: 721.2 minutos
2025-12-22 03:55:03 [INFO] scanner - ============================================================
2025-12-22 03:55:03 [INFO] scanner - 🚀 SCANNER INICIADO
2025-12-22 03:55:03 [INFO] scanner - 📅 Data/Hora: 22/12/2025 03:55:03
2025-12-22 03:55:03 [INFO] scanner - 📂 Log: logs/scanner_2025-12-22.log
2025-12-22 03:55:03 [INFO] scanner - ============================================================
2025-12-22 03:55:03 [INFO] scanner - 📝 PAPER MODE ATIVO - Apenas registro e análise
2025-12-22 03:55:06 [WARNING] root - Bloco de componentes falhou: cannot unpack non-iterable int object
2025-12-22 03:55:06 [INFO] scanner - ✅ Validações OK [BTC/USDT]: Score=7.3, R:R=2.08
2025-12-22 03:55:06 [INFO] scanner - ⏸️  Throttle ativo [BTC/USDT]:
2025-12-22 03:55:06 [INFO] scanner -    ├─ Último alerta há 727.9 minutos
2025-12-22 03:55:06 [INFO] scanner -    ├─ Tempo mínimo: 1800 minutos
2025-12-22 03:55:06 [INFO] scanner -    └─ Próximo permitido em: 1072.1 minutos
2025-12-22 03:55:08 [WARNING] root - Bloco de componentes falhou: cannot unpack non-iterable int object
2025-12-22 03:55:08 [INFO] scanner - ✅ Validações OK [ETH/USDT]: Score=7.3, R:R=2.00
2025-12-22 03:55:08 [INFO] scanner - ⏸️  Throttle ativo [ETH/USDT]:
2025-12-22 03:55:08 [INFO] scanner -    ├─ Último alerta há 1110.7 minutos
2025-12-22 03:55:08 [INFO] scanner -    ├─ Tempo mínimo: 1800 minutos
2025-12-22 03:55:08 [INFO] scanner -    └─ Próximo permitido em: 689.3 minutos
2025-12-22 04:18:47 [INFO] scanner - ============================================================
2025-12-22 04:18:47 [INFO] scanner - 🚀 SCANNER INICIADO
2025-12-22 04:18:47 [INFO] scanner - 📅 Data/Hora: 22/12/2025 04:18:47
2025-12-22 04:18:47 [INFO] scanner - 📂 Log: logs/scanner_2025-12-22.log
2025-12-22 04:18:47 [INFO] scanner - ============================================================
2025-12-22 04:18:47 [INFO] scanner - 📝 PAPER MODE ATIVO - Apenas registro e análise
2025-12-22 04:18:51 [WARNING] root - Bloco de componentes falhou: cannot unpack non-iterable int object
2025-12-22 04:18:51 [INFO] scanner - ✅ Validações OK [BTC/USDT]: Score=7.3, R:R=2.08
2025-12-22 04:18:51 [INFO] scanner - ⏸️  Throttle ativo [BTC/USDT]:
2025-12-22 04:18:51 [INFO] scanner -    ├─ Último alerta há 751.6 minutos
2025-12-22 04:18:51 [INFO] scanner -    ├─ Tempo mínimo: 1800 minutos
2025-12-22 04:18:51 [INFO] scanner -    └─ Próximo permitido em: 1048.4 minutos
2025-12-22 04:18:53 [WARNING] root - Bloco de componentes falhou: cannot unpack non-iterable int object
2025-12-22 04:18:53 [INFO] scanner - ✅ Validações OK [ETH/USDT]: Score=7.3, R:R=2.00
2025-12-22 04:18:53 [INFO] scanner - ⏸️  Throttle ativo [ETH/USDT]:
2025-12-22 04:18:53 [INFO] scanner -    ├─ Último alerta há 1134.5 minutos
2025-12-22 04:18:53 [INFO] scanner -    ├─ Tempo mínimo: 1800 minutos
2025-12-22 04:18:53 [INFO] scanner -    └─ Próximo permitido em: 665.5 minutos
2025-12-22 04:41:58 [INFO] scanner - ============================================================
2025-12-22 04:41:58 [INFO] scanner - 🚀 SCANNER INICIADO
2025-12-22 04:41:58 [INFO] scanner - 📅 Data/Hora: 22/12/2025 04:41:58
2025-12-22 04:41:58 [INFO] scanner - 📂 Log: logs/scanner_2025-12-22.log
2025-12-22 04:41:58 [INFO] scanner - ============================================================
2025-12-22 04:41:58 [INFO] scanner - 📝 PAPER MODE ATIVO - Apenas registro e análise
2025-12-22 04:42:01 [WARNING] root - Bloco de componentes falhou: cannot unpack non-iterable int object
2025-12-22 04:42:01 [INFO] scanner - ✅ Validações OK [BTC/USDT]: Score=7.3, R:R=2.08
2025-12-22 04:42:01 [INFO] scanner - ⏸️  Throttle ativo [BTC/USDT]:
2025-12-22 04:42:01 [INFO] scanner -    ├─ Último alerta há 774.8 minutos
2025-12-22 04:42:01 [INFO] scanner -    ├─ Tempo mínimo: 1800 minutos
2025-12-22 04:42:01 [INFO] scanner -    └─ Próximo permitido em: 1025.2 minutos
2025-12-22 04:42:01 [WARNING] root - Bloco de componentes falhou: cannot unpack non-iterable int object
2025-12-22 04:42:01 [INFO] scanner - ✅ Validações OK [BTC/USDT]: Score=7.3, R:R=2.08
2025-12-22 04:42:01 [INFO] scanner - ⏸️  Throttle ativo [BTC/USDT]:
2025-12-22 04:42:01 [INFO] scanner -    ├─ Último alerta há 774.8 minutos
2025-12-22 04:42:01 [INFO] scanner -    ├─ Tempo mínimo: 1800 minutos
2025-12-22 04:42:01 [INFO] scanner -    └─ Próximo permitido em: 1025.2 minutos
2025-12-22 04:42:03 [WARNING] root - Bloco de componentes falhou: cannot unpack non-iterable int object
2025-12-22 04:42:03 [INFO] scanner - ✅ Validações OK [ETH/USDT]: Score=7.3, R:R=2.00
2025-12-22 04:42:03 [INFO] scanner - ⏸️  Throttle ativo [ETH/USDT]:
2025-12-22 04:42:03 [INFO] scanner -    ├─ Último alerta há 1157.7 minutos
2025-12-22 04:42:03 [INFO] scanner -    ├─ Tempo mínimo: 1800 minutos
2025-12-22 04:42:03 [INFO] scanner -    └─ Próximo permitido em: 642.3 minutos
2025-12-22 04:51:08 [INFO] scanner - ============================================================
2025-12-22 04:51:08 [INFO] scanner - 🚀 SCANNER INICIADO
2025-12-22 04:51:08 [INFO] scanner - 📅 Data/Hora: 22/12/2025 04:51:08
2025-12-22 04:51:08 [INFO] scanner - 📂 Log: logs/scanner_2025-12-22.log
2025-12-22 04:51:08 [INFO] scanner - ============================================================
2025-12-22 04:51:08 [INFO] scanner - 📝 PAPER MODE ATIVO - Apenas registro e análise
2025-12-22 04:51:11 [WARNING] root - Bloco de componentes falhou: cannot unpack non-iterable int object
2025-12-22 04:51:11 [INFO] scanner - ✅ Validações OK [BTC/USDT]: Score=7.3, R:R=2.08
2025-12-22 04:51:11 [INFO] scanner - ⏸️  Throttle ativo [BTC/USDT]:
2025-12-22 04:51:11 [INFO] scanner -    ├─ Último alerta há 784.0 minutos
2025-12-22 04:51:11 [INFO] scanner -    ├─ Tempo mínimo: 1800 minutos
2025-12-22 04:51:11 [INFO] scanner -    └─ Próximo permitido em: 1016.0 minutos
2025-12-22 04:51:13 [WARNING] root - Bloco de componentes falhou: cannot unpack non-iterable int object
2025-12-22 04:51:13 [INFO] scanner - ✅ Validações OK [ETH/USDT]: Score=7.3, R:R=2.00
2025-12-22 04:51:13 [INFO] scanner - ⏸️  Throttle ativo [ETH/USDT]:
2025-12-22 04:51:13 [INFO] scanner -    ├─ Último alerta há 1166.8 minutos
2025-12-22 04:51:13 [INFO] scanner -    ├─ Tempo mínimo: 1800 minutos
2025-12-22 04:51:13 [INFO] scanner -    └─ Próximo permitido em: 633.2 minutos
2025-12-22 05:20:48 [INFO] scanner - ============================================================
2025-12-22 05:20:48 [INFO] scanner - 🚀 SCANNER INICIADO
2025-12-22 05:20:48 [INFO] scanner - 📅 Data/Hora: 22/12/2025 05:20:48
2025-12-22 05:20:48 [INFO] scanner - 📂 Log: logs/scanner_2025-12-22.log
2025-12-22 05:20:48 [INFO] scanner - ============================================================
2025-12-22 05:20:48 [INFO] scanner - 📝 PAPER MODE ATIVO - Apenas registro e análise
2025-12-22 05:20:51 [WARNING] root - Bloco de componentes falhou: cannot unpack non-iterable int object
2025-12-22 05:20:51 [INFO] scanner - ✅ Validações OK [BTC/USDT]: Score=7.3, R:R=2.08
2025-12-22 05:20:51 [INFO] scanner - ⏸️  Throttle ativo [BTC/USDT]:
2025-12-22 05:20:51 [INFO] scanner -    ├─ Último alerta há 813.6 minutos
2025-12-22 05:20:51 [INFO] scanner -    ├─ Tempo mínimo: 1800 minutos
2025-12-22 05:20:51 [INFO] scanner -    └─ Próximo permitido em: 986.4 minutos
2025-12-22 05:20:54 [WARNING] root - Bloco de componentes falhou: cannot unpack non-iterable int object
2025-12-22 05:20:54 [INFO] scanner - ✅ Validações OK [ETH/USDT]: Score=7.3, R:R=2.00
2025-12-22 05:20:54 [INFO] scanner - ⏸️  Throttle ativo [ETH/USDT]:
2025-12-22 05:20:54 [INFO] scanner -    ├─ Último alerta há 1196.5 minutos
2025-12-22 05:20:54 [INFO] scanner -    ├─ Tempo mínimo: 1800 minutos
2025-12-22 05:20:54 [INFO] scanner -    └─ Próximo permitido em: 603.5 minutos
