2026-06-04 06:44:18 [INFO] scanner - ============================================================
2026-06-04 06:44:18 [INFO] scanner - 🚀 SCANNER INICIADO
2026-06-04 06:44:18 [INFO] scanner - 📅 Data/Hora: 04/06/2026 06:44:18
2026-06-04 06:44:18 [INFO] scanner - 📂 Log: logs/scanner_2026-06-04.log
2026-06-04 06:44:18 [INFO] scanner - ============================================================
2026-06-04 06:44:18 [INFO] scanner - 📝 PAPER MODE ATIVO - Apenas registro e análise
2026-06-04 06:44:21 [WARNING] root - Bloco de componentes falhou: cannot unpack non-iterable int object
2026-06-04 06:44:21 [INFO] scanner - ✅ Validações OK [BTC/USDT]: Score=7.3, R:R=2.08
2026-06-04 06:44:21 [INFO] scanner - ✅ Throttle OK [BTC/USDT]: Pode enviar
2026-06-04 06:44:22 [WARNING] root - Bloco de componentes falhou: cannot unpack non-iterable int object
2026-06-04 06:44:22 [INFO] scanner - ✅ Validações OK [BTC/USDT]: Score=7.3, R:R=2.08
2026-06-04 06:44:22 [INFO] scanner - ⏸️  Throttle ativo [BTC/USDT]:
2026-06-04 06:44:22 [INFO] scanner -    ├─ Último alerta há 0.0 minutos
2026-06-04 06:44:22 [INFO] scanner -    ├─ Tempo mínimo: 1800 minutos
2026-06-04 06:44:22 [INFO] scanner -    └─ Próximo permitido em: 1800.0 minutos
2026-06-04 06:44:25 [WARNING] root - Bloco de componentes falhou: cannot unpack non-iterable int object
2026-06-04 06:44:25 [INFO] scanner - ✅ Validações OK [ETH/USDT]: Score=7.3, R:R=2.00
2026-06-04 06:44:25 [INFO] scanner - ⏸️  Throttle ativo [ETH/USDT]:
2026-06-04 06:44:25 [INFO] scanner -    ├─ Último alerta há 585.4 minutos
2026-06-04 06:44:25 [INFO] scanner -    ├─ Tempo mínimo: 1800 minutos
2026-06-04 06:44:25 [INFO] scanner -    └─ Próximo permitido em: 1214.6 minutos
2026-06-04 06:44:25 [WARNING] root - Bloco de componentes falhou: cannot unpack non-iterable int object
2026-06-04 06:44:25 [INFO] scanner - ✅ Validações OK [ETH/USDT]: Score=7.3, R:R=2.00
2026-06-04 06:44:25 [INFO] scanner - ⏸️  Throttle ativo [ETH/USDT]:
2026-06-04 06:44:25 [INFO] scanner -    ├─ Último alerta há 585.4 minutos
2026-06-04 06:44:25 [INFO] scanner -    ├─ Tempo mínimo: 1800 minutos
2026-06-04 06:44:25 [INFO] scanner -    └─ Próximo permitido em: 1214.6 minutos
