2026-03-24 03:54:31 [INFO] scanner - ============================================================
2026-03-24 03:54:31 [INFO] scanner - 🚀 SCANNER INICIADO
2026-03-24 03:54:31 [INFO] scanner - 📅 Data/Hora: 24/03/2026 03:54:31
2026-03-24 03:54:31 [INFO] scanner - 📂 Log: logs/scanner_2026-03-24.log
2026-03-24 03:54:31 [INFO] scanner - ============================================================
2026-03-24 03:54:31 [INFO] scanner - 📝 PAPER MODE ATIVO - Apenas registro e análise
2026-03-24 03:54:35 [WARNING] root - Bloco de componentes falhou: cannot unpack non-iterable int object
2026-03-24 03:54:35 [INFO] scanner - ✅ Validações OK [BTC/USDT]: Score=7.3, R:R=2.08
2026-03-24 03:54:35 [INFO] scanner - ✅ Throttle OK [BTC/USDT]: Pode enviar
2026-03-24 03:54:35 [INFO] scanner - 📝 Sinal no ledger: 20260324_035435_974374 - BTC/USDT
2026-03-24 03:54:35 [INFO] scanner - 📨 Alerta enviado | ID Ledger: 20260324_035435_974374
2026-03-24 03:54:38 [WARNING] root - Bloco de componentes falhou: cannot unpack non-iterable int object
2026-03-24 03:54:38 [INFO] scanner - ✅ Validações OK [ETH/USDT]: Score=7.3, R:R=2.00
2026-03-24 03:54:38 [INFO] scanner - ✅ Throttle OK [ETH/USDT]: Pode enviar
2026-03-24 03:54:38 [INFO] scanner - 📝 Sinal no ledger: 20260324_035438_693541 - ETH/USDT
2026-03-24 03:54:38 [INFO] scanner - 📨 Alerta enviado | ID Ledger: 20260324_035438_693541
2026-03-24 04:49:36 [INFO] scanner - ============================================================
2026-03-24 04:49:36 [INFO] scanner - 🚀 SCANNER INICIADO
2026-03-24 04:49:36 [INFO] scanner - 📅 Data/Hora: 24/03/2026 04:49:36
2026-03-24 04:49:36 [INFO] scanner - 📂 Log: logs/scanner_2026-03-24.log
2026-03-24 04:49:36 [INFO] scanner - ============================================================
2026-03-24 04:49:36 [INFO] scanner - 📝 PAPER MODE ATIVO - Apenas registro e análise
2026-03-24 04:49:40 [WARNING] root - Bloco de componentes falhou: cannot unpack non-iterable int object
2026-03-24 04:49:40 [INFO] scanner - ✅ Validações OK [BTC/USDT]: Score=8.8, R:R=2.08
2026-03-24 04:49:40 [INFO] scanner - ⏸️  Throttle ativo [BTC/USDT]:
2026-03-24 04:49:40 [INFO] scanner -    ├─ Último alerta há 55.1 minutos
2026-03-24 04:49:40 [INFO] scanner -    ├─ Tempo mínimo: 1800 minutos
2026-03-24 04:49:40 [INFO] scanner -    └─ Próximo permitido em: 1744.9 minutos
2026-03-24 04:49:40 [WARNING] root - Bloco de componentes falhou: cannot unpack non-iterable int object
2026-03-24 04:49:40 [INFO] scanner - ✅ Validações OK [BTC/USDT]: Score=7.3, R:R=2.08
2026-03-24 04:49:40 [INFO] scanner - ⏸️  Throttle ativo [BTC/USDT]:
2026-03-24 04:49:40 [INFO] scanner -    ├─ Último alerta há 55.1 minutos
2026-03-24 04:49:40 [INFO] scanner -    ├─ Tempo mínimo: 1800 minutos
2026-03-24 04:49:40 [INFO] scanner -    └─ Próximo permitido em: 1744.9 minutos
2026-03-24 04:49:40 [WARNING] root - Bloco de componentes falhou: cannot unpack non-iterable int object
2026-03-24 04:49:40 [INFO] scanner - ✅ Validações OK [BTC/USDT]: Score=7.3, R:R=2.08
2026-03-24 04:49:40 [INFO] scanner - ⏸️  Throttle ativo [BTC/USDT]:
2026-03-24 04:49:40 [INFO] scanner -    ├─ Último alerta há 55.1 minutos
2026-03-24 04:49:40 [INFO] scanner -    ├─ Tempo mínimo: 1800 minutos
2026-03-24 04:49:40 [INFO] scanner -    └─ Próximo permitido em: 1744.9 minutos
2026-03-24 04:49:43 [WARNING] root - Bloco de componentes falhou: cannot unpack non-iterable int object
2026-03-24 04:49:43 [INFO] scanner - ✅ Validações OK [ETH/USDT]: Score=7.3, R:R=2.00
2026-03-24 04:49:43 [INFO] scanner - ⏸️  Throttle ativo [ETH/USDT]:
2026-03-24 04:49:43 [INFO] scanner -    ├─ Último alerta há 55.1 minutos
2026-03-24 04:49:43 [INFO] scanner -    ├─ Tempo mínimo: 1800 minutos
2026-03-24 04:49:43 [INFO] scanner -    └─ Próximo permitido em: 1744.9 minutos
2026-03-24 04:49:43 [WARNING] root - Bloco de componentes falhou: cannot unpack non-iterable int object
2026-03-24 04:49:43 [INFO] scanner - ✅ Validações OK [ETH/USDT]: Score=7.3, R:R=2.00
2026-03-24 04:49:43 [INFO] scanner - ⏸️  Throttle ativo [ETH/USDT]:
2026-03-24 04:49:43 [INFO] scanner -    ├─ Último alerta há 55.1 minutos
2026-03-24 04:49:43 [INFO] scanner -    ├─ Tempo mínimo: 1800 minutos
2026-03-24 04:49:43 [INFO] scanner -    └─ Próximo permitido em: 1744.9 minutos
2026-03-24 05:41:15 [INFO] scanner - ============================================================
2026-03-24 05:41:15 [INFO] scanner - 🚀 SCANNER INICIADO
2026-03-24 05:41:15 [INFO] scanner - 📅 Data/Hora: 24/03/2026 05:41:15
2026-03-24 05:41:15 [INFO] scanner - 📂 Log: logs/scanner_2026-03-24.log
2026-03-24 05:41:15 [INFO] scanner - ============================================================
2026-03-24 05:41:15 [INFO] scanner - 📝 PAPER MODE ATIVO - Apenas registro e análise
2026-03-24 05:41:18 [WARNING] root - Bloco de componentes falhou: cannot unpack non-iterable int object
2026-03-24 05:41:18 [INFO] scanner - ✅ Validações OK [BTC/USDT]: Score=7.3, R:R=2.08
2026-03-24 05:41:18 [INFO] scanner - ⏸️  Throttle ativo [BTC/USDT]:
2026-03-24 05:41:18 [INFO] scanner -    ├─ Último alerta há 106.7 minutos
2026-03-24 05:41:18 [INFO] scanner -    ├─ Tempo mínimo: 1800 minutos
2026-03-24 05:41:18 [INFO] scanner -    └─ Próximo permitido em: 1693.3 minutos
2026-03-24 05:41:18 [WARNING] root - Bloco de componentes falhou: cannot unpack non-iterable int object
2026-03-24 05:41:18 [INFO] scanner - ✅ Validações OK [BTC/USDT]: Score=7.3, R:R=2.08
2026-03-24 05:41:18 [INFO] scanner - ⏸️  Throttle ativo [BTC/USDT]:
2026-03-24 05:41:18 [INFO] scanner -    ├─ Último alerta há 106.7 minutos
2026-03-24 05:41:18 [INFO] scanner -    ├─ Tempo mínimo: 1800 minutos
2026-03-24 05:41:18 [INFO] scanner -    └─ Próximo permitido em: 1693.3 minutos
2026-03-24 05:41:20 [WARNING] root - Bloco de componentes falhou: cannot unpack non-iterable int object
2026-03-24 05:41:20 [INFO] scanner - ✅ Validações OK [ETH/USDT]: Score=7.3, R:R=2.00
2026-03-24 05:41:20 [INFO] scanner - ⏸️  Throttle ativo [ETH/USDT]:
2026-03-24 05:41:20 [INFO] scanner -    ├─ Último alerta há 106.7 minutos
2026-03-24 05:41:20 [INFO] scanner -    ├─ Tempo mínimo: 1800 minutos
2026-03-24 05:41:20 [INFO] scanner -    └─ Próximo permitido em: 1693.3 minutos
2026-03-24 06:37:55 [INFO] scanner - ============================================================
2026-03-24 06:37:55 [INFO] scanner - 🚀 SCANNER INICIADO
2026-03-24 06:37:55 [INFO] scanner - 📅 Data/Hora: 24/03/2026 06:37:55
2026-03-24 06:37:55 [INFO] scanner - 📂 Log: logs/scanner_2026-03-24.log
2026-03-24 06:37:55 [INFO] scanner - ============================================================
2026-03-24 06:37:55 [INFO] scanner - 📝 PAPER MODE ATIVO - Apenas registro e análise
2026-03-24 06:37:58 [WARNING] root - Bloco de componentes falhou: cannot unpack non-iterable int object
2026-03-24 06:37:58 [INFO] scanner - ✅ Validações OK [BTC/USDT]: Score=7.3, R:R=2.08
2026-03-24 06:37:58 [INFO] scanner - ⏸️  Throttle ativo [BTC/USDT]:
2026-03-24 06:37:58 [INFO] scanner -    ├─ Último alerta há 163.4 minutos
2026-03-24 06:37:58 [INFO] scanner -    ├─ Tempo mínimo: 1800 minutos
2026-03-24 06:37:58 [INFO] scanner -    └─ Próximo permitido em: 1636.6 minutos
2026-03-24 06:38:00 [WARNING] root - Bloco de componentes falhou: cannot unpack non-iterable int object
2026-03-24 06:38:00 [INFO] scanner - ✅ Validações OK [ETH/USDT]: Score=7.3, R:R=2.00
2026-03-24 06:38:00 [INFO] scanner - ⏸️  Throttle ativo [ETH/USDT]:
2026-03-24 06:38:00 [INFO] scanner -    ├─ Último alerta há 163.4 minutos
2026-03-24 06:38:00 [INFO] scanner -    ├─ Tempo mínimo: 1800 minutos
2026-03-24 06:38:00 [INFO] scanner -    └─ Próximo permitido em: 1636.6 minutos
2026-03-24 07:32:13 [INFO] scanner - ============================================================
2026-03-24 07:32:13 [INFO] scanner - 🚀 SCANNER INICIADO
2026-03-24 07:32:13 [INFO] scanner - 📅 Data/Hora: 24/03/2026 07:32:13
2026-03-24 07:32:13 [INFO] scanner - 📂 Log: logs/scanner_2026-03-24.log
2026-03-24 07:32:13 [INFO] scanner - ============================================================
2026-03-24 07:32:13 [INFO] scanner - 📝 PAPER MODE ATIVO - Apenas registro e análise
2026-03-24 07:32:16 [WARNING] root - Bloco de componentes falhou: cannot unpack non-iterable int object
2026-03-24 07:32:16 [INFO] scanner - ✅ Validações OK [BTC/USDT]: Score=7.3, R:R=2.08
2026-03-24 07:32:16 [INFO] scanner - ⏸️  Throttle ativo [BTC/USDT]:
2026-03-24 07:32:16 [INFO] scanner -    ├─ Último alerta há 217.7 minutos
2026-03-24 07:32:16 [INFO] scanner -    ├─ Tempo mínimo: 1800 minutos
2026-03-24 07:32:16 [INFO] scanner -    └─ Próximo permitido em: 1582.3 minutos
2026-03-24 07:32:17 [WARNING] root - Bloco de componentes falhou: cannot unpack non-iterable int object
2026-03-24 07:32:17 [INFO] scanner - ✅ Validações OK [BTC/USDT]: Score=7.3, R:R=2.08
2026-03-24 07:32:17 [INFO] scanner - ⏸️  Throttle ativo [BTC/USDT]:
2026-03-24 07:32:17 [INFO] scanner -    ├─ Último alerta há 217.7 minutos
2026-03-24 07:32:17 [INFO] scanner -    ├─ Tempo mínimo: 1800 minutos
2026-03-24 07:32:17 [INFO] scanner -    └─ Próximo permitido em: 1582.3 minutos
2026-03-24 07:32:19 [WARNING] root - Bloco de componentes falhou: cannot unpack non-iterable int object
2026-03-24 07:32:19 [INFO] scanner - ✅ Validações OK [ETH/USDT]: Score=7.3, R:R=2.00
2026-03-24 07:32:19 [INFO] scanner - ⏸️  Throttle ativo [ETH/USDT]:
2026-03-24 07:32:19 [INFO] scanner -    ├─ Último alerta há 217.7 minutos
2026-03-24 07:32:19 [INFO] scanner -    ├─ Tempo mínimo: 1800 minutos
2026-03-24 07:32:19 [INFO] scanner -    └─ Próximo permitido em: 1582.3 minutos
2026-03-24 08:29:40 [INFO] scanner - ============================================================
2026-03-24 08:29:40 [INFO] scanner - 🚀 SCANNER INICIADO
2026-03-24 08:29:40 [INFO] scanner - 📅 Data/Hora: 24/03/2026 08:29:40
2026-03-24 08:29:40 [INFO] scanner - 📂 Log: logs/scanner_2026-03-24.log
2026-03-24 08:29:40 [INFO] scanner - ============================================================
2026-03-24 08:29:40 [INFO] scanner - 📝 PAPER MODE ATIVO - Apenas registro e análise
2026-03-24 08:29:43 [WARNING] root - Bloco de componentes falhou: cannot unpack non-iterable int object
2026-03-24 08:29:43 [INFO] scanner - ✅ Validações OK [BTC/USDT]: Score=7.3, R:R=2.08
2026-03-24 08:29:43 [INFO] scanner - ⏸️  Throttle ativo [BTC/USDT]:
2026-03-24 08:29:43 [INFO] scanner -    ├─ Último alerta há 275.1 minutos
2026-03-24 08:29:43 [INFO] scanner -    ├─ Tempo mínimo: 1800 minutos
2026-03-24 08:29:43 [INFO] scanner -    └─ Próximo permitido em: 1524.9 minutos
2026-03-24 08:29:43 [WARNING] root - Bloco de componentes falhou: cannot unpack non-iterable int object
2026-03-24 08:29:43 [INFO] scanner - ✅ Validações OK [BTC/USDT]: Score=7.3, R:R=2.08
2026-03-24 08:29:43 [INFO] scanner - ⏸️  Throttle ativo [BTC/USDT]:
2026-03-24 08:29:43 [INFO] scanner -    ├─ Último alerta há 275.1 minutos
2026-03-24 08:29:43 [INFO] scanner -    ├─ Tempo mínimo: 1800 minutos
2026-03-24 08:29:43 [INFO] scanner -    └─ Próximo permitido em: 1524.9 minutos
2026-03-24 08:29:45 [WARNING] root - Bloco de componentes falhou: cannot unpack non-iterable int object
2026-03-24 08:29:45 [INFO] scanner - ✅ Validações OK [ETH/USDT]: Score=7.3, R:R=2.00
2026-03-24 08:29:45 [INFO] scanner - ⏸️  Throttle ativo [ETH/USDT]:
2026-03-24 08:29:45 [INFO] scanner -    ├─ Último alerta há 275.1 minutos
2026-03-24 08:29:45 [INFO] scanner -    ├─ Tempo mínimo: 1800 minutos
2026-03-24 08:29:45 [INFO] scanner -    └─ Próximo permitido em: 1524.9 minutos
2026-03-24 09:04:18 [INFO] scanner - ============================================================
2026-03-24 09:04:18 [INFO] scanner - 🚀 SCANNER INICIADO
2026-03-24 09:04:18 [INFO] scanner - 📅 Data/Hora: 24/03/2026 09:04:18
2026-03-24 09:04:18 [INFO] scanner - 📂 Log: logs/scanner_2026-03-24.log
2026-03-24 09:04:18 [INFO] scanner - ============================================================
2026-03-24 09:04:18 [INFO] scanner - 📝 PAPER MODE ATIVO - Apenas registro e análise
2026-03-24 09:04:20 [WARNING] root - Bloco de componentes falhou: cannot unpack non-iterable int object
2026-03-24 09:04:20 [INFO] scanner - ✅ Validações OK [BTC/USDT]: Score=7.3, R:R=2.08
2026-03-24 09:04:20 [INFO] scanner - ⏸️  Throttle ativo [BTC/USDT]:
2026-03-24 09:04:20 [INFO] scanner -    ├─ Último alerta há 309.8 minutos
2026-03-24 09:04:20 [INFO] scanner -    ├─ Tempo mínimo: 1800 minutos
2026-03-24 09:04:20 [INFO] scanner -    └─ Próximo permitido em: 1490.2 minutos
2026-03-24 09:04:21 [WARNING] root - Bloco de componentes falhou: cannot unpack non-iterable int object
2026-03-24 09:04:21 [INFO] scanner - ✅ Validações OK [BTC/USDT]: Score=7.3, R:R=2.08
2026-03-24 09:04:21 [INFO] scanner - ⏸️  Throttle ativo [BTC/USDT]:
2026-03-24 09:04:21 [INFO] scanner -    ├─ Último alerta há 309.8 minutos
2026-03-24 09:04:21 [INFO] scanner -    ├─ Tempo mínimo: 1800 minutos
2026-03-24 09:04:21 [INFO] scanner -    └─ Próximo permitido em: 1490.2 minutos
2026-03-24 09:04:23 [WARNING] root - Bloco de componentes falhou: cannot unpack non-iterable int object
2026-03-24 09:04:23 [INFO] scanner - ✅ Validações OK [ETH/USDT]: Score=7.3, R:R=2.00
2026-03-24 09:04:23 [INFO] scanner - ⏸️  Throttle ativo [ETH/USDT]:
2026-03-24 09:04:23 [INFO] scanner -    ├─ Último alerta há 309.7 minutos
2026-03-24 09:04:23 [INFO] scanner -    ├─ Tempo mínimo: 1800 minutos
2026-03-24 09:04:23 [INFO] scanner -    └─ Próximo permitido em: 1490.3 minutos
2026-03-24 10:49:12 [INFO] scanner - ============================================================
2026-03-24 10:49:12 [INFO] scanner - 🚀 SCANNER INICIADO
2026-03-24 10:49:12 [INFO] scanner - 📅 Data/Hora: 24/03/2026 10:49:12
2026-03-24 10:49:12 [INFO] scanner - 📂 Log: logs/scanner_2026-03-24.log
2026-03-24 10:49:12 [INFO] scanner - ============================================================
2026-03-24 10:49:12 [INFO] scanner - 📝 PAPER MODE ATIVO - Apenas registro e análise
2026-03-24 10:49:16 [WARNING] root - Bloco de componentes falhou: cannot unpack non-iterable int object
2026-03-24 10:49:16 [INFO] scanner - ✅ Validações OK [BTC/USDT]: Score=7.3, R:R=2.08
2026-03-24 10:49:16 [INFO] scanner - ⏸️  Throttle ativo [BTC/USDT]:
2026-03-24 10:49:16 [INFO] scanner -    ├─ Último alerta há 414.7 minutos
2026-03-24 10:49:16 [INFO] scanner -    ├─ Tempo mínimo: 1800 minutos
2026-03-24 10:49:16 [INFO] scanner -    └─ Próximo permitido em: 1385.3 minutos
2026-03-24 10:49:16 [WARNING] root - Bloco de componentes falhou: cannot unpack non-iterable int object
2026-03-24 10:49:16 [INFO] scanner - ✅ Validações OK [BTC/USDT]: Score=7.3, R:R=2.08
2026-03-24 10:49:16 [INFO] scanner - ⏸️  Throttle ativo [BTC/USDT]:
2026-03-24 10:49:16 [INFO] scanner -    ├─ Último alerta há 414.7 minutos
2026-03-24 10:49:16 [INFO] scanner -    ├─ Tempo mínimo: 1800 minutos
2026-03-24 10:49:16 [INFO] scanner -    └─ Próximo permitido em: 1385.3 minutos
2026-03-24 10:49:18 [WARNING] root - Bloco de componentes falhou: cannot unpack non-iterable int object
2026-03-24 10:49:18 [INFO] scanner - ✅ Validações OK [ETH/USDT]: Score=7.3, R:R=2.00
2026-03-24 10:49:18 [INFO] scanner - ⏸️  Throttle ativo [ETH/USDT]:
2026-03-24 10:49:18 [INFO] scanner -    ├─ Último alerta há 414.7 minutos
2026-03-24 10:49:18 [INFO] scanner -    ├─ Tempo mínimo: 1800 minutos
2026-03-24 10:49:18 [INFO] scanner -    └─ Próximo permitido em: 1385.3 minutos
2026-03-24 10:49:19 [WARNING] root - Bloco de componentes falhou: cannot unpack non-iterable int object
2026-03-24 10:49:19 [INFO] scanner - ✅ Validações OK [ETH/USDT]: Score=7.3, R:R=2.00
2026-03-24 10:49:19 [INFO] scanner - ⏸️  Throttle ativo [ETH/USDT]:
2026-03-24 10:49:19 [INFO] scanner -    ├─ Último alerta há 414.7 minutos
2026-03-24 10:49:19 [INFO] scanner -    ├─ Tempo mínimo: 1800 minutos
2026-03-24 10:49:19 [INFO] scanner -    └─ Próximo permitido em: 1385.3 minutos
2026-03-24 11:52:04 [INFO] scanner - ============================================================
2026-03-24 11:52:04 [INFO] scanner - 🚀 SCANNER INICIADO
2026-03-24 11:52:04 [INFO] scanner - 📅 Data/Hora: 24/03/2026 11:52:04
2026-03-24 11:52:04 [INFO] scanner - 📂 Log: logs/scanner_2026-03-24.log
2026-03-24 11:52:04 [INFO] scanner - ============================================================
2026-03-24 11:52:04 [INFO] scanner - 📝 PAPER MODE ATIVO - Apenas registro e análise
2026-03-24 11:52:07 [WARNING] root - Bloco de componentes falhou: cannot unpack non-iterable int object
2026-03-24 11:52:07 [INFO] scanner - ✅ Validações OK [BTC/USDT]: Score=7.3, R:R=2.08
2026-03-24 11:52:07 [INFO] scanner - ⏸️  Throttle ativo [BTC/USDT]:
2026-03-24 11:52:07 [INFO] scanner -    ├─ Último alerta há 477.5 minutos
2026-03-24 11:52:07 [INFO] scanner -    ├─ Tempo mínimo: 1800 minutos
2026-03-24 11:52:07 [INFO] scanner -    └─ Próximo permitido em: 1322.5 minutos
2026-03-24 11:52:10 [WARNING] root - Bloco de componentes falhou: cannot unpack non-iterable int object
2026-03-24 11:52:10 [INFO] scanner - ✅ Validações OK [ETH/USDT]: Score=7.3, R:R=2.00
2026-03-24 11:52:10 [INFO] scanner - ⏸️  Throttle ativo [ETH/USDT]:
2026-03-24 11:52:10 [INFO] scanner -    ├─ Último alerta há 477.5 minutos
2026-03-24 11:52:10 [INFO] scanner -    ├─ Tempo mínimo: 1800 minutos
2026-03-24 11:52:10 [INFO] scanner -    └─ Próximo permitido em: 1322.5 minutos
2026-03-24 12:58:11 [INFO] scanner - ============================================================
2026-03-24 12:58:11 [INFO] scanner - 🚀 SCANNER INICIADO
2026-03-24 12:58:11 [INFO] scanner - 📅 Data/Hora: 24/03/2026 12:58:11
2026-03-24 12:58:11 [INFO] scanner - 📂 Log: logs/scanner_2026-03-24.log
2026-03-24 12:58:11 [INFO] scanner - ============================================================
2026-03-24 12:58:11 [INFO] scanner - 📝 PAPER MODE ATIVO - Apenas registro e análise
2026-03-24 12:58:14 [WARNING] root - Bloco de componentes falhou: cannot unpack non-iterable int object
2026-03-24 12:58:14 [INFO] scanner - ✅ Validações OK [BTC/USDT]: Score=7.3, R:R=2.08
2026-03-24 12:58:14 [INFO] scanner - ⏸️  Throttle ativo [BTC/USDT]:
2026-03-24 12:58:14 [INFO] scanner -    ├─ Último alerta há 543.7 minutos
2026-03-24 12:58:14 [INFO] scanner -    ├─ Tempo mínimo: 1800 minutos
2026-03-24 12:58:14 [INFO] scanner -    └─ Próximo permitido em: 1256.3 minutos
2026-03-24 12:58:16 [WARNING] root - Bloco de componentes falhou: cannot unpack non-iterable int object
2026-03-24 12:58:16 [INFO] scanner - ✅ Validações OK [ETH/USDT]: Score=7.3, R:R=2.00
2026-03-24 12:58:16 [INFO] scanner - ⏸️  Throttle ativo [ETH/USDT]:
2026-03-24 12:58:16 [INFO] scanner -    ├─ Último alerta há 543.6 minutos
2026-03-24 12:58:16 [INFO] scanner -    ├─ Tempo mínimo: 1800 minutos
2026-03-24 12:58:16 [INFO] scanner -    └─ Próximo permitido em: 1256.4 minutos
