2026-01-12 03:25:45 [INFO] scanner - ============================================================
2026-01-12 03:25:45 [INFO] scanner - 🚀 SCANNER INICIADO
2026-01-12 03:25:45 [INFO] scanner - 📅 Data/Hora: 12/01/2026 03:25:45
2026-01-12 03:25:45 [INFO] scanner - 📂 Log: logs/scanner_2026-01-12.log
2026-01-12 03:25:45 [INFO] scanner - ============================================================
2026-01-12 03:25:45 [INFO] scanner - 📝 PAPER MODE ATIVO - Apenas registro e análise
2026-01-12 03:25:48 [WARNING] root - Bloco de componentes falhou: cannot unpack non-iterable int object
2026-01-12 03:25:48 [INFO] scanner - ✅ Validações OK [BTC/USDT]: Score=7.8, R:R=2.08
2026-01-12 03:25:48 [INFO] scanner - ✅ Throttle OK [BTC/USDT]: Pode enviar
2026-01-12 03:25:48 [WARNING] root - Bloco de componentes falhou: cannot unpack non-iterable int object
2026-01-12 03:25:48 [INFO] scanner - ✅ Validações OK [BTC/USDT]: Score=7.3, R:R=2.08
2026-01-12 03:25:48 [INFO] scanner - ⏸️  Throttle ativo [BTC/USDT]:
2026-01-12 03:25:48 [INFO] scanner -    ├─ Último alerta há 0.0 minutos
2026-01-12 03:25:48 [INFO] scanner -    ├─ Tempo mínimo: 1800 minutos
2026-01-12 03:25:48 [INFO] scanner -    └─ Próximo permitido em: 1800.0 minutos
2026-01-12 03:25:48 [WARNING] root - Bloco de componentes falhou: cannot unpack non-iterable int object
2026-01-12 03:25:48 [INFO] scanner - ✅ Validações OK [BTC/USDT]: Score=7.3, R:R=2.08
2026-01-12 03:25:48 [INFO] scanner - ⏸️  Throttle ativo [BTC/USDT]:
2026-01-12 03:25:48 [INFO] scanner -    ├─ Último alerta há 0.0 minutos
2026-01-12 03:25:48 [INFO] scanner -    ├─ Tempo mínimo: 1800 minutos
2026-01-12 03:25:48 [INFO] scanner -    └─ Próximo permitido em: 1800.0 minutos
2026-01-12 03:25:50 [WARNING] root - Bloco de componentes falhou: cannot unpack non-iterable int object
2026-01-12 03:25:50 [INFO] scanner - ✅ Validações OK [ETH/USDT]: Score=7.3, R:R=2.00
2026-01-12 03:25:50 [INFO] scanner - ⏸️  Throttle ativo [ETH/USDT]:
2026-01-12 03:25:50 [INFO] scanner -    ├─ Último alerta há 574.3 minutos
2026-01-12 03:25:50 [INFO] scanner -    ├─ Tempo mínimo: 1800 minutos
2026-01-12 03:25:50 [INFO] scanner -    └─ Próximo permitido em: 1225.7 minutos
2026-01-12 03:59:34 [INFO] scanner - ============================================================
2026-01-12 03:59:34 [INFO] scanner - 🚀 SCANNER INICIADO
2026-01-12 03:59:34 [INFO] scanner - 📅 Data/Hora: 12/01/2026 03:59:34
2026-01-12 03:59:34 [INFO] scanner - 📂 Log: logs/scanner_2026-01-12.log
2026-01-12 03:59:34 [INFO] scanner - ============================================================
2026-01-12 03:59:34 [INFO] scanner - 📝 PAPER MODE ATIVO - Apenas registro e análise
2026-01-12 03:59:37 [WARNING] root - Bloco de componentes falhou: cannot unpack non-iterable int object
2026-01-12 03:59:37 [INFO] scanner - ✅ Validações OK [BTC/USDT]: Score=7.8, R:R=2.08
2026-01-12 03:59:37 [INFO] scanner - ⏸️  Throttle ativo [BTC/USDT]:
2026-01-12 03:59:37 [INFO] scanner -    ├─ Último alerta há 33.8 minutos
2026-01-12 03:59:37 [INFO] scanner -    ├─ Tempo mínimo: 1800 minutos
2026-01-12 03:59:37 [INFO] scanner -    └─ Próximo permitido em: 1766.2 minutos
2026-01-12 03:59:38 [WARNING] root - Bloco de componentes falhou: cannot unpack non-iterable int object
2026-01-12 03:59:38 [INFO] scanner - ✅ Validações OK [BTC/USDT]: Score=7.3, R:R=2.08
2026-01-12 03:59:38 [INFO] scanner - ⏸️  Throttle ativo [BTC/USDT]:
2026-01-12 03:59:38 [INFO] scanner -    ├─ Último alerta há 33.8 minutos
2026-01-12 03:59:38 [INFO] scanner -    ├─ Tempo mínimo: 1800 minutos
2026-01-12 03:59:38 [INFO] scanner -    └─ Próximo permitido em: 1766.2 minutos
2026-01-12 03:59:38 [WARNING] root - Bloco de componentes falhou: cannot unpack non-iterable int object
2026-01-12 03:59:38 [INFO] scanner - ✅ Validações OK [BTC/USDT]: Score=7.3, R:R=2.08
2026-01-12 03:59:38 [INFO] scanner - ⏸️  Throttle ativo [BTC/USDT]:
2026-01-12 03:59:38 [INFO] scanner -    ├─ Último alerta há 33.8 minutos
2026-01-12 03:59:38 [INFO] scanner -    ├─ Tempo mínimo: 1800 minutos
2026-01-12 03:59:38 [INFO] scanner -    └─ Próximo permitido em: 1766.2 minutos
2026-01-12 03:59:40 [WARNING] root - Bloco de componentes falhou: cannot unpack non-iterable int object
2026-01-12 03:59:40 [INFO] scanner - ✅ Validações OK [ETH/USDT]: Score=7.3, R:R=2.00
2026-01-12 03:59:40 [INFO] scanner - ⏸️  Throttle ativo [ETH/USDT]:
2026-01-12 03:59:40 [INFO] scanner -    ├─ Último alerta há 608.1 minutos
2026-01-12 03:59:40 [INFO] scanner -    ├─ Tempo mínimo: 1800 minutos
2026-01-12 03:59:40 [INFO] scanner -    └─ Próximo permitido em: 1191.9 minutos
2026-01-12 04:30:16 [INFO] scanner - ============================================================
2026-01-12 04:30:16 [INFO] scanner - 🚀 SCANNER INICIADO
2026-01-12 04:30:16 [INFO] scanner - 📅 Data/Hora: 12/01/2026 04:30:16
2026-01-12 04:30:16 [INFO] scanner - 📂 Log: logs/scanner_2026-01-12.log
2026-01-12 04:30:16 [INFO] scanner - ============================================================
2026-01-12 04:30:16 [INFO] scanner - 📝 PAPER MODE ATIVO - Apenas registro e análise
2026-01-12 04:30:20 [WARNING] root - Bloco de componentes falhou: cannot unpack non-iterable int object
2026-01-12 04:30:20 [INFO] scanner - ✅ Validações OK [BTC/USDT]: Score=7.8, R:R=2.08
2026-01-12 04:30:20 [INFO] scanner - ⏸️  Throttle ativo [BTC/USDT]:
2026-01-12 04:30:20 [INFO] scanner -    ├─ Último alerta há 64.5 minutos
2026-01-12 04:30:20 [INFO] scanner -    ├─ Tempo mínimo: 1800 minutos
2026-01-12 04:30:20 [INFO] scanner -    └─ Próximo permitido em: 1735.5 minutos
2026-01-12 04:30:20 [WARNING] root - Bloco de componentes falhou: cannot unpack non-iterable int object
2026-01-12 04:30:20 [INFO] scanner - ✅ Validações OK [BTC/USDT]: Score=7.3, R:R=2.08
2026-01-12 04:30:20 [INFO] scanner - ⏸️  Throttle ativo [BTC/USDT]:
2026-01-12 04:30:20 [INFO] scanner -    ├─ Último alerta há 64.5 minutos
2026-01-12 04:30:20 [INFO] scanner -    ├─ Tempo mínimo: 1800 minutos
2026-01-12 04:30:20 [INFO] scanner -    └─ Próximo permitido em: 1735.5 minutos
2026-01-12 04:30:22 [WARNING] root - Bloco de componentes falhou: cannot unpack non-iterable int object
2026-01-12 04:30:22 [INFO] scanner - ✅ Validações OK [ETH/USDT]: Score=7.3, R:R=2.00
2026-01-12 04:30:22 [INFO] scanner - ⏸️  Throttle ativo [ETH/USDT]:
2026-01-12 04:30:22 [INFO] scanner -    ├─ Último alerta há 638.8 minutos
2026-01-12 04:30:22 [INFO] scanner -    ├─ Tempo mínimo: 1800 minutos
2026-01-12 04:30:22 [INFO] scanner -    └─ Próximo permitido em: 1161.2 minutos
2026-01-12 04:48:06 [INFO] scanner - ============================================================
2026-01-12 04:48:06 [INFO] scanner - 🚀 SCANNER INICIADO
2026-01-12 04:48:06 [INFO] scanner - 📅 Data/Hora: 12/01/2026 04:48:06
2026-01-12 04:48:06 [INFO] scanner - 📂 Log: logs/scanner_2026-01-12.log
2026-01-12 04:48:06 [INFO] scanner - ============================================================
2026-01-12 04:48:06 [INFO] scanner - 📝 PAPER MODE ATIVO - Apenas registro e análise
2026-01-12 04:48:09 [WARNING] root - Bloco de componentes falhou: cannot unpack non-iterable int object
2026-01-12 04:48:09 [INFO] scanner - ✅ Validações OK [BTC/USDT]: Score=9.3, R:R=2.08
2026-01-12 04:48:09 [INFO] scanner - ⏸️  Throttle ativo [BTC/USDT]:
2026-01-12 04:48:09 [INFO] scanner -    ├─ Último alerta há 82.4 minutos
2026-01-12 04:48:09 [INFO] scanner -    ├─ Tempo mínimo: 1800 minutos
2026-01-12 04:48:09 [INFO] scanner -    └─ Próximo permitido em: 1717.6 minutos
2026-01-12 04:48:10 [WARNING] root - Bloco de componentes falhou: cannot unpack non-iterable int object
2026-01-12 04:48:10 [INFO] scanner - ✅ Validações OK [BTC/USDT]: Score=8.3, R:R=2.08
2026-01-12 04:48:10 [INFO] scanner - ⏸️  Throttle ativo [BTC/USDT]:
2026-01-12 04:48:10 [INFO] scanner -    ├─ Último alerta há 82.4 minutos
2026-01-12 04:48:10 [INFO] scanner -    ├─ Tempo mínimo: 1800 minutos
2026-01-12 04:48:10 [INFO] scanner -    └─ Próximo permitido em: 1717.6 minutos
2026-01-12 04:48:10 [WARNING] root - Bloco de componentes falhou: cannot unpack non-iterable int object
2026-01-12 04:48:10 [INFO] scanner - ✅ Validações OK [BTC/USDT]: Score=7.8, R:R=2.08
2026-01-12 04:48:10 [INFO] scanner - ⏸️  Throttle ativo [BTC/USDT]:
2026-01-12 04:48:10 [INFO] scanner -    ├─ Último alerta há 82.4 minutos
2026-01-12 04:48:10 [INFO] scanner -    ├─ Tempo mínimo: 1800 minutos
2026-01-12 04:48:10 [INFO] scanner -    └─ Próximo permitido em: 1717.6 minutos
2026-01-12 04:48:10 [WARNING] root - Bloco de componentes falhou: cannot unpack non-iterable int object
2026-01-12 04:48:10 [INFO] scanner - ✅ Validações OK [BTC/USDT]: Score=7.8, R:R=2.08
2026-01-12 04:48:10 [INFO] scanner - ⏸️  Throttle ativo [BTC/USDT]:
2026-01-12 04:48:10 [INFO] scanner -    ├─ Último alerta há 82.4 minutos
2026-01-12 04:48:10 [INFO] scanner -    ├─ Tempo mínimo: 1800 minutos
2026-01-12 04:48:10 [INFO] scanner -    └─ Próximo permitido em: 1717.6 minutos
2026-01-12 04:48:12 [WARNING] root - Bloco de componentes falhou: cannot unpack non-iterable int object
2026-01-12 04:48:12 [INFO] scanner - ✅ Validações OK [ETH/USDT]: Score=9.3, R:R=2.00
2026-01-12 04:48:12 [INFO] scanner - ⏸️  Throttle ativo [ETH/USDT]:
2026-01-12 04:48:12 [INFO] scanner -    ├─ Último alerta há 656.6 minutos
2026-01-12 04:48:12 [INFO] scanner -    ├─ Tempo mínimo: 1800 minutos
2026-01-12 04:48:12 [INFO] scanner -    └─ Próximo permitido em: 1143.4 minutos
2026-01-12 04:48:12 [WARNING] root - Bloco de componentes falhou: cannot unpack non-iterable int object
2026-01-12 04:48:12 [INFO] scanner - ✅ Validações OK [ETH/USDT]: Score=7.3, R:R=2.00
2026-01-12 04:48:12 [INFO] scanner - ⏸️  Throttle ativo [ETH/USDT]:
2026-01-12 04:48:12 [INFO] scanner -    ├─ Último alerta há 656.6 minutos
2026-01-12 04:48:12 [INFO] scanner -    ├─ Tempo mínimo: 1800 minutos
2026-01-12 04:48:12 [INFO] scanner -    └─ Próximo permitido em: 1143.4 minutos
2026-01-12 04:48:12 [WARNING] root - Bloco de componentes falhou: cannot unpack non-iterable int object
2026-01-12 04:48:12 [INFO] scanner - ✅ Validações OK [ETH/USDT]: Score=7.3, R:R=2.00
2026-01-12 04:48:12 [INFO] scanner - ⏸️  Throttle ativo [ETH/USDT]:
2026-01-12 04:48:12 [INFO] scanner -    ├─ Último alerta há 656.6 minutos
2026-01-12 04:48:12 [INFO] scanner -    ├─ Tempo mínimo: 1800 minutos
2026-01-12 04:48:12 [INFO] scanner -    └─ Próximo permitido em: 1143.4 minutos
2026-01-12 05:21:35 [INFO] scanner - ============================================================
2026-01-12 05:21:35 [INFO] scanner - 🚀 SCANNER INICIADO
2026-01-12 05:21:35 [INFO] scanner - 📅 Data/Hora: 12/01/2026 05:21:35
2026-01-12 05:21:35 [INFO] scanner - 📂 Log: logs/scanner_2026-01-12.log
2026-01-12 05:21:35 [INFO] scanner - ============================================================
2026-01-12 05:21:35 [INFO] scanner - 📝 PAPER MODE ATIVO - Apenas registro e análise
2026-01-12 05:21:39 [WARNING] root - Bloco de componentes falhou: cannot unpack non-iterable int object
2026-01-12 05:21:39 [INFO] scanner - ✅ Validações OK [BTC/USDT]: Score=7.8, R:R=2.08
2026-01-12 05:21:39 [INFO] scanner - ⏸️  Throttle ativo [BTC/USDT]:
2026-01-12 05:21:39 [INFO] scanner -    ├─ Último alerta há 115.8 minutos
2026-01-12 05:21:39 [INFO] scanner -    ├─ Tempo mínimo: 1800 minutos
2026-01-12 05:21:39 [INFO] scanner -    └─ Próximo permitido em: 1684.2 minutos
2026-01-12 05:21:39 [WARNING] root - Bloco de componentes falhou: cannot unpack non-iterable int object
2026-01-12 05:21:39 [INFO] scanner - ✅ Validações OK [BTC/USDT]: Score=7.3, R:R=2.08
2026-01-12 05:21:39 [INFO] scanner - ⏸️  Throttle ativo [BTC/USDT]:
2026-01-12 05:21:39 [INFO] scanner -    ├─ Último alerta há 115.9 minutos
2026-01-12 05:21:39 [INFO] scanner -    ├─ Tempo mínimo: 1800 minutos
2026-01-12 05:21:39 [INFO] scanner -    └─ Próximo permitido em: 1684.1 minutos
2026-01-12 05:21:41 [WARNING] root - Bloco de componentes falhou: cannot unpack non-iterable int object
2026-01-12 05:21:41 [INFO] scanner - ✅ Validações OK [ETH/USDT]: Score=7.3, R:R=2.00
2026-01-12 05:21:41 [INFO] scanner - ⏸️  Throttle ativo [ETH/USDT]:
2026-01-12 05:21:41 [INFO] scanner -    ├─ Último alerta há 690.1 minutos
2026-01-12 05:21:41 [INFO] scanner -    ├─ Tempo mínimo: 1800 minutos
2026-01-12 05:21:41 [INFO] scanner -    └─ Próximo permitido em: 1109.9 minutos
2026-01-12 05:54:27 [INFO] scanner - ============================================================
2026-01-12 05:54:27 [INFO] scanner - 🚀 SCANNER INICIADO
2026-01-12 05:54:27 [INFO] scanner - 📅 Data/Hora: 12/01/2026 05:54:27
2026-01-12 05:54:27 [INFO] scanner - 📂 Log: logs/scanner_2026-01-12.log
2026-01-12 05:54:27 [INFO] scanner - ============================================================
2026-01-12 05:54:27 [INFO] scanner - 📝 PAPER MODE ATIVO - Apenas registro e análise
2026-01-12 05:54:31 [WARNING] root - Bloco de componentes falhou: cannot unpack non-iterable int object
2026-01-12 05:54:31 [INFO] scanner - ✅ Validações OK [BTC/USDT]: Score=8.3, R:R=2.08
2026-01-12 05:54:31 [INFO] scanner - ⏸️  Throttle ativo [BTC/USDT]:
2026-01-12 05:54:31 [INFO] scanner -    ├─ Último alerta há 148.7 minutos
2026-01-12 05:54:31 [INFO] scanner -    ├─ Tempo mínimo: 1800 minutos
2026-01-12 05:54:31 [INFO] scanner -    └─ Próximo permitido em: 1651.3 minutos
2026-01-12 05:54:31 [WARNING] root - Bloco de componentes falhou: cannot unpack non-iterable int object
2026-01-12 05:54:31 [INFO] scanner - ✅ Validações OK [BTC/USDT]: Score=7.8, R:R=2.08
2026-01-12 05:54:31 [INFO] scanner - ⏸️  Throttle ativo [BTC/USDT]:
2026-01-12 05:54:31 [INFO] scanner -    ├─ Último alerta há 148.7 minutos
2026-01-12 05:54:31 [INFO] scanner -    ├─ Tempo mínimo: 1800 minutos
2026-01-12 05:54:31 [INFO] scanner -    └─ Próximo permitido em: 1651.3 minutos
2026-01-12 05:54:33 [WARNING] root - Bloco de componentes falhou: cannot unpack non-iterable int object
2026-01-12 05:54:33 [INFO] scanner - ✅ Validações OK [ETH/USDT]: Score=7.8, R:R=2.00
2026-01-12 05:54:33 [INFO] scanner - ⏸️  Throttle ativo [ETH/USDT]:
2026-01-12 05:54:33 [INFO] scanner -    ├─ Último alerta há 723.0 minutos
2026-01-12 05:54:33 [INFO] scanner -    ├─ Tempo mínimo: 1800 minutos
2026-01-12 05:54:33 [INFO] scanner -    └─ Próximo permitido em: 1077.0 minutos
2026-01-12 06:24:56 [INFO] scanner - ============================================================
2026-01-12 06:24:56 [INFO] scanner - 🚀 SCANNER INICIADO
2026-01-12 06:24:56 [INFO] scanner - 📅 Data/Hora: 12/01/2026 06:24:56
2026-01-12 06:24:56 [INFO] scanner - 📂 Log: logs/scanner_2026-01-12.log
2026-01-12 06:24:56 [INFO] scanner - ============================================================
2026-01-12 06:24:56 [INFO] scanner - 📝 PAPER MODE ATIVO - Apenas registro e análise
2026-01-12 06:24:59 [WARNING] root - Bloco de componentes falhou: cannot unpack non-iterable int object
2026-01-12 06:24:59 [INFO] scanner - ✅ Validações OK [BTC/USDT]: Score=7.8, R:R=2.08
2026-01-12 06:24:59 [INFO] scanner - ⏸️  Throttle ativo [BTC/USDT]:
2026-01-12 06:24:59 [INFO] scanner -    ├─ Último alerta há 179.2 minutos
2026-01-12 06:24:59 [INFO] scanner -    ├─ Tempo mínimo: 1800 minutos
2026-01-12 06:24:59 [INFO] scanner -    └─ Próximo permitido em: 1620.8 minutos
2026-01-12 06:25:00 [WARNING] root - Bloco de componentes falhou: cannot unpack non-iterable int object
2026-01-12 06:25:00 [INFO] scanner - ✅ Validações OK [BTC/USDT]: Score=7.3, R:R=2.08
2026-01-12 06:25:00 [INFO] scanner - ⏸️  Throttle ativo [BTC/USDT]:
2026-01-12 06:25:00 [INFO] scanner -    ├─ Último alerta há 179.2 minutos
2026-01-12 06:25:00 [INFO] scanner -    ├─ Tempo mínimo: 1800 minutos
2026-01-12 06:25:00 [INFO] scanner -    └─ Próximo permitido em: 1620.8 minutos
2026-01-12 06:25:02 [WARNING] root - Bloco de componentes falhou: cannot unpack non-iterable int object
2026-01-12 06:25:02 [INFO] scanner - ✅ Validações OK [ETH/USDT]: Score=7.3, R:R=2.00
2026-01-12 06:25:02 [INFO] scanner - ⏸️  Throttle ativo [ETH/USDT]:
2026-01-12 06:25:02 [INFO] scanner -    ├─ Último alerta há 753.5 minutos
2026-01-12 06:25:02 [INFO] scanner -    ├─ Tempo mínimo: 1800 minutos
2026-01-12 06:25:02 [INFO] scanner -    └─ Próximo permitido em: 1046.5 minutos
2026-01-12 06:52:36 [INFO] scanner - ============================================================
2026-01-12 06:52:36 [INFO] scanner - 🚀 SCANNER INICIADO
2026-01-12 06:52:36 [INFO] scanner - 📅 Data/Hora: 12/01/2026 06:52:36
2026-01-12 06:52:36 [INFO] scanner - 📂 Log: logs/scanner_2026-01-12.log
2026-01-12 06:52:36 [INFO] scanner - ============================================================
2026-01-12 06:52:36 [INFO] scanner - 📝 PAPER MODE ATIVO - Apenas registro e análise
2026-01-12 06:52:39 [WARNING] root - Bloco de componentes falhou: cannot unpack non-iterable int object
2026-01-12 06:52:39 [INFO] scanner - ✅ Validações OK [BTC/USDT]: Score=7.8, R:R=2.08
2026-01-12 06:52:39 [INFO] scanner - ⏸️  Throttle ativo [BTC/USDT]:
2026-01-12 06:52:39 [INFO] scanner -    ├─ Último alerta há 206.9 minutos
2026-01-12 06:52:39 [INFO] scanner -    ├─ Tempo mínimo: 1800 minutos
2026-01-12 06:52:39 [INFO] scanner -    └─ Próximo permitido em: 1593.1 minutos
2026-01-12 06:52:40 [WARNING] root - Bloco de componentes falhou: cannot unpack non-iterable int object
2026-01-12 06:52:40 [INFO] scanner - ✅ Validações OK [BTC/USDT]: Score=7.3, R:R=2.08
2026-01-12 06:52:40 [INFO] scanner - ⏸️  Throttle ativo [BTC/USDT]:
2026-01-12 06:52:40 [INFO] scanner -    ├─ Último alerta há 206.9 minutos
2026-01-12 06:52:40 [INFO] scanner -    ├─ Tempo mínimo: 1800 minutos
2026-01-12 06:52:40 [INFO] scanner -    └─ Próximo permitido em: 1593.1 minutos
2026-01-12 06:52:42 [WARNING] root - Bloco de componentes falhou: cannot unpack non-iterable int object
2026-01-12 06:52:42 [INFO] scanner - ✅ Validações OK [ETH/USDT]: Score=7.3, R:R=2.00
2026-01-12 06:52:42 [INFO] scanner - ⏸️  Throttle ativo [ETH/USDT]:
2026-01-12 06:52:42 [INFO] scanner -    ├─ Último alerta há 781.1 minutos
2026-01-12 06:52:42 [INFO] scanner -    ├─ Tempo mínimo: 1800 minutos
2026-01-12 06:52:42 [INFO] scanner -    └─ Próximo permitido em: 1018.9 minutos
