2026-06-02 07:06:17 [INFO] scanner - ============================================================
2026-06-02 07:06:17 [INFO] scanner - 🚀 SCANNER INICIADO
2026-06-02 07:06:17 [INFO] scanner - 📅 Data/Hora: 02/06/2026 07:06:17
2026-06-02 07:06:17 [INFO] scanner - 📂 Log: logs/scanner_2026-06-02.log
2026-06-02 07:06:17 [INFO] scanner - ============================================================
2026-06-02 07:06:17 [INFO] scanner - 📝 PAPER MODE ATIVO - Apenas registro e análise
2026-06-02 11:20:56 [INFO] scanner - ============================================================
2026-06-02 11:20:56 [INFO] scanner - 🚀 SCANNER INICIADO
2026-06-02 11:20:56 [INFO] scanner - 📅 Data/Hora: 02/06/2026 11:20:56
2026-06-02 11:20:56 [INFO] scanner - 📂 Log: logs/scanner_2026-06-02.log
2026-06-02 11:20:56 [INFO] scanner - ============================================================
2026-06-02 11:20:56 [INFO] scanner - 📝 PAPER MODE ATIVO - Apenas registro e análise
2026-06-02 11:21:00 [WARNING] root - Bloco de componentes falhou: cannot unpack non-iterable int object
2026-06-02 11:21:00 [INFO] scanner - ✅ Validações OK [BTC/USDT]: Score=7.3, R:R=2.08
2026-06-02 11:21:00 [INFO] scanner - ⏸️  Throttle ativo [BTC/USDT]:
2026-06-02 11:21:00 [INFO] scanner -    ├─ Último alerta há 1295.1 minutos
2026-06-02 11:21:00 [INFO] scanner -    ├─ Tempo mínimo: 1800 minutos
2026-06-02 11:21:00 [INFO] scanner -    └─ Próximo permitido em: 504.9 minutos
2026-06-02 11:21:00 [WARNING] root - Bloco de componentes falhou: cannot unpack non-iterable int object
2026-06-02 11:21:00 [INFO] scanner - ✅ Validações OK [BTC/USDT]: Score=7.3, R:R=2.08
2026-06-02 11:21:00 [INFO] scanner - ⏸️  Throttle ativo [BTC/USDT]:
2026-06-02 11:21:00 [INFO] scanner -    ├─ Último alerta há 1295.1 minutos
2026-06-02 11:21:00 [INFO] scanner -    ├─ Tempo mínimo: 1800 minutos
2026-06-02 11:21:00 [INFO] scanner -    └─ Próximo permitido em: 504.9 minutos
2026-06-02 11:21:03 [WARNING] root - Bloco de componentes falhou: cannot unpack non-iterable int object
2026-06-02 11:21:03 [INFO] scanner - ✅ Validações OK [ETH/USDT]: Score=7.3, R:R=2.00
2026-06-02 11:21:03 [INFO] scanner - ✅ Throttle OK [ETH/USDT]: Pode enviar
2026-06-02 11:21:03 [WARNING] root - Bloco de componentes falhou: cannot unpack non-iterable int object
2026-06-02 11:21:03 [INFO] scanner - ✅ Validações OK [ETH/USDT]: Score=7.3, R:R=2.00
2026-06-02 11:21:03 [INFO] scanner - ⏸️  Throttle ativo [ETH/USDT]:
2026-06-02 11:21:03 [INFO] scanner -    ├─ Último alerta há 0.0 minutos
2026-06-02 11:21:03 [INFO] scanner -    ├─ Tempo mínimo: 1800 minutos
2026-06-02 11:21:03 [INFO] scanner -    └─ Próximo permitido em: 1800.0 minutos
2026-06-02 15:13:16 [INFO] scanner - ============================================================
2026-06-02 15:13:16 [INFO] scanner - 🚀 SCANNER INICIADO
2026-06-02 15:13:16 [INFO] scanner - 📅 Data/Hora: 02/06/2026 15:13:16
2026-06-02 15:13:16 [INFO] scanner - 📂 Log: logs/scanner_2026-06-02.log
2026-06-02 15:13:16 [INFO] scanner - ============================================================
2026-06-02 15:13:16 [INFO] scanner - 📝 PAPER MODE ATIVO - Apenas registro e análise
2026-06-02 18:23:31 [INFO] scanner - ============================================================
2026-06-02 18:23:31 [INFO] scanner - 🚀 SCANNER INICIADO
2026-06-02 18:23:31 [INFO] scanner - 📅 Data/Hora: 02/06/2026 18:23:31
2026-06-02 18:23:31 [INFO] scanner - 📂 Log: logs/scanner_2026-06-02.log
2026-06-02 18:23:31 [INFO] scanner - ============================================================
2026-06-02 18:23:31 [INFO] scanner - 📝 PAPER MODE ATIVO - Apenas registro e análise
2026-06-02 18:23:35 [WARNING] root - Bloco de componentes falhou: cannot unpack non-iterable int object
2026-06-02 18:23:35 [INFO] scanner - ✅ Validações OK [BTC/USDT]: Score=8.3, R:R=2.08
2026-06-02 18:23:35 [INFO] scanner - ⏸️  Throttle ativo [BTC/USDT]:
2026-06-02 18:23:35 [INFO] scanner -    ├─ Último alerta há 1717.7 minutos
2026-06-02 18:23:35 [INFO] scanner -    ├─ Tempo mínimo: 1800 minutos
2026-06-02 18:23:35 [INFO] scanner -    └─ Próximo permitido em: 82.3 minutos
2026-06-02 18:23:37 [WARNING] root - Bloco de componentes falhou: cannot unpack non-iterable int object
2026-06-02 18:23:37 [INFO] scanner - ✅ Validações OK [ETH/USDT]: Score=8.3, R:R=2.00
2026-06-02 18:23:37 [INFO] scanner - ⏸️  Throttle ativo [ETH/USDT]:
2026-06-02 18:23:37 [INFO] scanner -    ├─ Último alerta há 422.6 minutos
2026-06-02 18:23:37 [INFO] scanner -    ├─ Tempo mínimo: 1800 minutos
2026-06-02 18:23:37 [INFO] scanner -    └─ Próximo permitido em: 1377.4 minutos
2026-06-02 20:13:30 [INFO] scanner - ============================================================
2026-06-02 20:13:30 [INFO] scanner - 🚀 SCANNER INICIADO
2026-06-02 20:13:30 [INFO] scanner - 📅 Data/Hora: 02/06/2026 20:13:30
2026-06-02 20:13:30 [INFO] scanner - 📂 Log: logs/scanner_2026-06-02.log
2026-06-02 20:13:30 [INFO] scanner - ============================================================
2026-06-02 20:13:30 [INFO] scanner - 📝 PAPER MODE ATIVO - Apenas registro e análise
2026-06-02 20:13:36 [WARNING] root - Bloco de componentes falhou: cannot unpack non-iterable int object
2026-06-02 20:13:36 [INFO] scanner - ✅ Validações OK [ETH/USDT]: Score=7.3, R:R=2.00
2026-06-02 20:13:36 [INFO] scanner - ⏸️  Throttle ativo [ETH/USDT]:
2026-06-02 20:13:36 [INFO] scanner -    ├─ Último alerta há 532.6 minutos
2026-06-02 20:13:36 [INFO] scanner -    ├─ Tempo mínimo: 1800 minutos
2026-06-02 20:13:36 [INFO] scanner -    └─ Próximo permitido em: 1267.4 minutos
