2026-05-18 06:42:19 [INFO] scanner - ============================================================
2026-05-18 06:42:19 [INFO] scanner - 🚀 SCANNER INICIADO
2026-05-18 06:42:19 [INFO] scanner - 📅 Data/Hora: 18/05/2026 06:42:19
2026-05-18 06:42:19 [INFO] scanner - 📂 Log: logs/scanner_2026-05-18.log
2026-05-18 06:42:19 [INFO] scanner - ============================================================
2026-05-18 06:42:19 [INFO] scanner - 📝 PAPER MODE ATIVO - Apenas registro e análise
2026-05-18 06:42:22 [WARNING] root - Bloco de componentes falhou: cannot unpack non-iterable int object
2026-05-18 06:42:22 [INFO] scanner - ✅ Validações OK [BTC/USDT]: Score=8.3, R:R=2.08
2026-05-18 06:42:22 [INFO] scanner - ✅ Throttle OK [BTC/USDT]: Pode enviar
2026-05-18 06:42:25 [WARNING] root - Bloco de componentes falhou: cannot unpack non-iterable int object
2026-05-18 06:42:25 [INFO] scanner - ✅ Validações OK [ETH/USDT]: Score=8.3, R:R=2.00
2026-05-18 06:42:25 [INFO] scanner - ⏸️  Throttle ativo [ETH/USDT]:
2026-05-18 06:42:25 [INFO] scanner -    ├─ Último alerta há 1187.3 minutos
2026-05-18 06:42:25 [INFO] scanner -    ├─ Tempo mínimo: 1800 minutos
2026-05-18 06:42:25 [INFO] scanner -    └─ Próximo permitido em: 612.7 minutos
2026-05-18 09:55:20 [INFO] scanner - ============================================================
2026-05-18 09:55:20 [INFO] scanner - 🚀 SCANNER INICIADO
2026-05-18 09:55:20 [INFO] scanner - 📅 Data/Hora: 18/05/2026 09:55:20
2026-05-18 09:55:20 [INFO] scanner - 📂 Log: logs/scanner_2026-05-18.log
2026-05-18 09:55:20 [INFO] scanner - ============================================================
2026-05-18 09:55:20 [INFO] scanner - 📝 PAPER MODE ATIVO - Apenas registro e análise
2026-05-18 09:55:24 [WARNING] root - Bloco de componentes falhou: cannot unpack non-iterable int object
2026-05-18 09:55:24 [INFO] scanner - ✅ Validações OK [BTC/USDT]: Score=7.8, R:R=2.08
2026-05-18 09:55:24 [INFO] scanner - ⏸️  Throttle ativo [BTC/USDT]:
2026-05-18 09:55:24 [INFO] scanner -    ├─ Último alerta há 193.0 minutos
2026-05-18 09:55:24 [INFO] scanner -    ├─ Tempo mínimo: 1800 minutos
2026-05-18 09:55:24 [INFO] scanner -    └─ Próximo permitido em: 1607.0 minutos
2026-05-18 09:55:25 [WARNING] root - Bloco de componentes falhou: cannot unpack non-iterable int object
2026-05-18 09:55:25 [INFO] scanner - ✅ Validações OK [BTC/USDT]: Score=7.8, R:R=2.08
2026-05-18 09:55:25 [INFO] scanner - ⏸️  Throttle ativo [BTC/USDT]:
2026-05-18 09:55:25 [INFO] scanner -    ├─ Último alerta há 193.0 minutos
2026-05-18 09:55:25 [INFO] scanner -    ├─ Tempo mínimo: 1800 minutos
2026-05-18 09:55:25 [INFO] scanner -    └─ Próximo permitido em: 1607.0 minutos
2026-05-18 09:55:27 [WARNING] root - Bloco de componentes falhou: cannot unpack non-iterable int object
2026-05-18 09:55:27 [INFO] scanner - ✅ Validações OK [ETH/USDT]: Score=7.8, R:R=2.00
2026-05-18 09:55:27 [INFO] scanner - ⏸️  Throttle ativo [ETH/USDT]:
2026-05-18 09:55:27 [INFO] scanner -    ├─ Último alerta há 1380.3 minutos
2026-05-18 09:55:27 [INFO] scanner -    ├─ Tempo mínimo: 1800 minutos
2026-05-18 09:55:27 [INFO] scanner -    └─ Próximo permitido em: 419.7 minutos
2026-05-18 09:55:27 [WARNING] root - Bloco de componentes falhou: cannot unpack non-iterable int object
2026-05-18 09:55:27 [INFO] scanner - ✅ Validações OK [ETH/USDT]: Score=7.8, R:R=2.00
2026-05-18 09:55:27 [INFO] scanner - ⏸️  Throttle ativo [ETH/USDT]:
2026-05-18 09:55:27 [INFO] scanner -    ├─ Último alerta há 1380.3 minutos
2026-05-18 09:55:27 [INFO] scanner -    ├─ Tempo mínimo: 1800 minutos
2026-05-18 09:55:27 [INFO] scanner -    └─ Próximo permitido em: 419.7 minutos
