2026-07-10 06:20:02 [INFO] scanner - ============================================================
2026-07-10 06:20:02 [INFO] scanner - 🚀 SCANNER INICIADO
2026-07-10 06:20:02 [INFO] scanner - 📅 Data/Hora: 10/07/2026 06:20:02
2026-07-10 06:20:02 [INFO] scanner - 📂 Log: logs/scanner_2026-07-10.log
2026-07-10 06:20:02 [INFO] scanner - ============================================================
2026-07-10 06:20:02 [INFO] scanner - 📝 PAPER MODE ATIVO - Apenas registro e análise
2026-07-10 06:20:06 [WARNING] root - Bloco de componentes falhou: cannot unpack non-iterable int object
2026-07-10 06:20:06 [INFO] scanner - ✅ Validações OK [BTC/USDT]: Score=7.3, R:R=2.08
2026-07-10 06:20:06 [INFO] scanner - ⏸️  Throttle ativo [BTC/USDT]:
2026-07-10 06:20:06 [INFO] scanner -    ├─ Último alerta há 485.8 minutos
2026-07-10 06:20:06 [INFO] scanner -    ├─ Tempo mínimo: 1800 minutos
2026-07-10 06:20:06 [INFO] scanner -    └─ Próximo permitido em: 1314.2 minutos
2026-07-10 06:20:06 [WARNING] root - Bloco de componentes falhou: cannot unpack non-iterable int object
2026-07-10 06:20:06 [INFO] scanner - ✅ Validações OK [BTC/USDT]: Score=7.3, R:R=2.08
2026-07-10 06:20:06 [INFO] scanner - ⏸️  Throttle ativo [BTC/USDT]:
2026-07-10 06:20:06 [INFO] scanner -    ├─ Último alerta há 485.8 minutos
2026-07-10 06:20:06 [INFO] scanner -    ├─ Tempo mínimo: 1800 minutos
2026-07-10 06:20:06 [INFO] scanner -    └─ Próximo permitido em: 1314.2 minutos
2026-07-10 06:20:08 [WARNING] root - Bloco de componentes falhou: cannot unpack non-iterable int object
2026-07-10 06:20:08 [INFO] scanner - ✅ Validações OK [ETH/USDT]: Score=7.3, R:R=2.00
2026-07-10 06:20:08 [INFO] scanner - ✅ Throttle OK [ETH/USDT]: Pode enviar
