2026-06-15 08:47:53 [INFO] scanner - ============================================================
2026-06-15 08:47:53 [INFO] scanner - 🚀 SCANNER INICIADO
2026-06-15 08:47:53 [INFO] scanner - 📅 Data/Hora: 15/06/2026 08:47:53
2026-06-15 08:47:53 [INFO] scanner - 📂 Log: logs/scanner_2026-06-15.log
2026-06-15 08:47:53 [INFO] scanner - ============================================================
2026-06-15 08:47:53 [INFO] scanner - 📝 PAPER MODE ATIVO - Apenas registro e análise
2026-06-15 08:47:56 [WARNING] root - Bloco de componentes falhou: cannot unpack non-iterable int object
2026-06-15 08:47:56 [INFO] scanner - ✅ Validações OK [BTC/USDT]: Score=8.3, R:R=2.08
2026-06-15 08:47:56 [INFO] scanner - ⏸️  Throttle ativo [BTC/USDT]:
2026-06-15 08:47:56 [INFO] scanner -    ├─ Último alerta há 807.0 minutos
2026-06-15 08:47:56 [INFO] scanner -    ├─ Tempo mínimo: 1800 minutos
2026-06-15 08:47:56 [INFO] scanner -    └─ Próximo permitido em: 993.0 minutos
2026-06-15 08:47:56 [WARNING] root - Bloco de componentes falhou: cannot unpack non-iterable int object
2026-06-15 08:47:56 [INFO] scanner - ✅ Validações OK [BTC/USDT]: Score=7.8, R:R=2.08
2026-06-15 08:47:56 [INFO] scanner - ⏸️  Throttle ativo [BTC/USDT]:
2026-06-15 08:47:56 [INFO] scanner -    ├─ Último alerta há 807.0 minutos
2026-06-15 08:47:56 [INFO] scanner -    ├─ Tempo mínimo: 1800 minutos
2026-06-15 08:47:56 [INFO] scanner -    └─ Próximo permitido em: 993.0 minutos
2026-06-15 08:47:56 [WARNING] root - Bloco de componentes falhou: cannot unpack non-iterable int object
2026-06-15 08:47:56 [INFO] scanner - ✅ Validações OK [BTC/USDT]: Score=7.8, R:R=2.08
2026-06-15 08:47:56 [INFO] scanner - ⏸️  Throttle ativo [BTC/USDT]:
2026-06-15 08:47:56 [INFO] scanner -    ├─ Último alerta há 807.0 minutos
2026-06-15 08:47:56 [INFO] scanner -    ├─ Tempo mínimo: 1800 minutos
2026-06-15 08:47:56 [INFO] scanner -    └─ Próximo permitido em: 993.0 minutos
2026-06-15 08:47:57 [WARNING] root - Bloco de componentes falhou: cannot unpack non-iterable int object
2026-06-15 08:47:57 [INFO] scanner - ✅ Validações OK [BTC/USDT]: Score=7.8, R:R=2.08
2026-06-15 08:47:57 [INFO] scanner - ⏸️  Throttle ativo [BTC/USDT]:
2026-06-15 08:47:57 [INFO] scanner -    ├─ Último alerta há 807.0 minutos
2026-06-15 08:47:57 [INFO] scanner -    ├─ Tempo mínimo: 1800 minutos
2026-06-15 08:47:57 [INFO] scanner -    └─ Próximo permitido em: 993.0 minutos
2026-06-15 08:47:59 [WARNING] root - Bloco de componentes falhou: cannot unpack non-iterable int object
2026-06-15 08:47:59 [INFO] scanner - ✅ Validações OK [ETH/USDT]: Score=7.8, R:R=2.00
2026-06-15 08:47:59 [INFO] scanner - ⏸️  Throttle ativo [ETH/USDT]:
2026-06-15 08:47:59 [INFO] scanner -    ├─ Último alerta há 807.0 minutos
2026-06-15 08:47:59 [INFO] scanner -    ├─ Tempo mínimo: 1800 minutos
2026-06-15 08:47:59 [INFO] scanner -    └─ Próximo permitido em: 993.0 minutos
2026-06-15 08:47:59 [WARNING] root - Bloco de componentes falhou: cannot unpack non-iterable int object
2026-06-15 08:47:59 [INFO] scanner - ✅ Validações OK [ETH/USDT]: Score=7.8, R:R=2.00
2026-06-15 08:47:59 [INFO] scanner - ⏸️  Throttle ativo [ETH/USDT]:
2026-06-15 08:47:59 [INFO] scanner -    ├─ Último alerta há 807.0 minutos
2026-06-15 08:47:59 [INFO] scanner -    ├─ Tempo mínimo: 1800 minutos
2026-06-15 08:47:59 [INFO] scanner -    └─ Próximo permitido em: 993.0 minutos
2026-06-15 08:47:59 [WARNING] root - Bloco de componentes falhou: cannot unpack non-iterable int object
2026-06-15 08:47:59 [INFO] scanner - ✅ Validações OK [ETH/USDT]: Score=7.8, R:R=2.00
2026-06-15 08:47:59 [INFO] scanner - ⏸️  Throttle ativo [ETH/USDT]:
2026-06-15 08:47:59 [INFO] scanner -    ├─ Último alerta há 807.0 minutos
2026-06-15 08:47:59 [INFO] scanner -    ├─ Tempo mínimo: 1800 minutos
2026-06-15 08:47:59 [INFO] scanner -    └─ Próximo permitido em: 993.0 minutos
