2026-03-25 03:53:32 [INFO] scanner - ============================================================
2026-03-25 03:53:32 [INFO] scanner - 🚀 SCANNER INICIADO
2026-03-25 03:53:32 [INFO] scanner - 📅 Data/Hora: 25/03/2026 03:53:32
2026-03-25 03:53:32 [INFO] scanner - 📂 Log: logs/scanner_2026-03-25.log
2026-03-25 03:53:32 [INFO] scanner - ============================================================
2026-03-25 03:53:32 [INFO] scanner - 📝 PAPER MODE ATIVO - Apenas registro e análise
2026-03-25 03:53:36 [WARNING] root - Bloco de componentes falhou: cannot unpack non-iterable int object
2026-03-25 03:53:36 [INFO] scanner - ✅ Validações OK [BTC/USDT]: Score=7.3, R:R=2.08
2026-03-25 03:53:36 [INFO] scanner - ⏸️  Throttle ativo [BTC/USDT]:
2026-03-25 03:53:36 [INFO] scanner -    ├─ Último alerta há 1439.0 minutos
2026-03-25 03:53:36 [INFO] scanner -    ├─ Tempo mínimo: 1800 minutos
2026-03-25 03:53:36 [INFO] scanner -    └─ Próximo permitido em: 361.0 minutos
2026-03-25 03:53:38 [WARNING] root - Bloco de componentes falhou: cannot unpack non-iterable int object
2026-03-25 03:53:38 [INFO] scanner - ✅ Validações OK [ETH/USDT]: Score=7.3, R:R=2.00
2026-03-25 03:53:38 [INFO] scanner - ⏸️  Throttle ativo [ETH/USDT]:
2026-03-25 03:53:38 [INFO] scanner -    ├─ Último alerta há 1439.0 minutos
2026-03-25 03:53:38 [INFO] scanner -    ├─ Tempo mínimo: 1800 minutos
2026-03-25 03:53:38 [INFO] scanner -    └─ Próximo permitido em: 361.0 minutos
2026-03-25 04:48:27 [INFO] scanner - ============================================================
2026-03-25 04:48:27 [INFO] scanner - 🚀 SCANNER INICIADO
2026-03-25 04:48:27 [INFO] scanner - 📅 Data/Hora: 25/03/2026 04:48:27
2026-03-25 04:48:27 [INFO] scanner - 📂 Log: logs/scanner_2026-03-25.log
2026-03-25 04:48:27 [INFO] scanner - ============================================================
2026-03-25 04:48:27 [INFO] scanner - 📝 PAPER MODE ATIVO - Apenas registro e análise
2026-03-25 04:48:30 [WARNING] root - Bloco de componentes falhou: cannot unpack non-iterable int object
2026-03-25 04:48:30 [INFO] scanner - ✅ Validações OK [BTC/USDT]: Score=7.3, R:R=2.08
2026-03-25 04:48:30 [INFO] scanner - ⏸️  Throttle ativo [BTC/USDT]:
2026-03-25 04:48:30 [INFO] scanner -    ├─ Último alerta há 1493.9 minutos
2026-03-25 04:48:30 [INFO] scanner -    ├─ Tempo mínimo: 1800 minutos
2026-03-25 04:48:30 [INFO] scanner -    └─ Próximo permitido em: 306.1 minutos
2026-03-25 04:48:32 [WARNING] root - Bloco de componentes falhou: cannot unpack non-iterable int object
2026-03-25 04:48:32 [INFO] scanner - ✅ Validações OK [ETH/USDT]: Score=7.3, R:R=2.00
2026-03-25 04:48:32 [INFO] scanner - ⏸️  Throttle ativo [ETH/USDT]:
2026-03-25 04:48:32 [INFO] scanner -    ├─ Último alerta há 1493.9 minutos
2026-03-25 04:48:32 [INFO] scanner -    ├─ Tempo mínimo: 1800 minutos
2026-03-25 04:48:32 [INFO] scanner -    └─ Próximo permitido em: 306.1 minutos
