2026-06-14 06:19:45 [INFO] scanner - ============================================================
2026-06-14 06:19:45 [INFO] scanner - 🚀 SCANNER INICIADO
2026-06-14 06:19:45 [INFO] scanner - 📅 Data/Hora: 14/06/2026 06:19:45
2026-06-14 06:19:45 [INFO] scanner - 📂 Log: logs/scanner_2026-06-14.log
2026-06-14 06:19:45 [INFO] scanner - ============================================================
2026-06-14 06:19:45 [INFO] scanner - 📝 PAPER MODE ATIVO - Apenas registro e análise
2026-06-14 06:19:50 [WARNING] root - Bloco de componentes falhou: cannot unpack non-iterable int object
2026-06-14 06:19:50 [INFO] scanner - ✅ Validações OK [BTC/USDT]: Score=7.0, R:R=2.08
2026-06-14 06:19:50 [INFO] scanner - ⏸️  Throttle ativo [BTC/USDT]:
2026-06-14 06:19:50 [INFO] scanner -    ├─ Último alerta há 1472.1 minutos
2026-06-14 06:19:50 [INFO] scanner -    ├─ Tempo mínimo: 1800 minutos
2026-06-14 06:19:50 [INFO] scanner -    └─ Próximo permitido em: 327.9 minutos
2026-06-14 08:38:19 [INFO] scanner - ============================================================
2026-06-14 08:38:19 [INFO] scanner - 🚀 SCANNER INICIADO
2026-06-14 08:38:19 [INFO] scanner - 📅 Data/Hora: 14/06/2026 08:38:19
2026-06-14 08:38:19 [INFO] scanner - 📂 Log: logs/scanner_2026-06-14.log
2026-06-14 08:38:19 [INFO] scanner - ============================================================
2026-06-14 08:38:19 [INFO] scanner - 📝 PAPER MODE ATIVO - Apenas registro e análise
2026-06-14 08:38:25 [WARNING] root - Bloco de componentes falhou: cannot unpack non-iterable int object
2026-06-14 08:38:25 [INFO] scanner - ✅ Validações OK [BTC/USDT]: Score=7.0, R:R=2.08
2026-06-14 08:38:25 [INFO] scanner - ⏸️  Throttle ativo [BTC/USDT]:
2026-06-14 08:38:25 [INFO] scanner -    ├─ Último alerta há 1610.7 minutos
2026-06-14 08:38:25 [INFO] scanner -    ├─ Tempo mínimo: 1800 minutos
2026-06-14 08:38:25 [INFO] scanner -    └─ Próximo permitido em: 189.3 minutos
2026-06-14 10:18:10 [INFO] scanner - ============================================================
2026-06-14 10:18:10 [INFO] scanner - 🚀 SCANNER INICIADO
2026-06-14 10:18:10 [INFO] scanner - 📅 Data/Hora: 14/06/2026 10:18:10
2026-06-14 10:18:10 [INFO] scanner - 📂 Log: logs/scanner_2026-06-14.log
2026-06-14 10:18:10 [INFO] scanner - ============================================================
2026-06-14 10:18:10 [INFO] scanner - 📝 PAPER MODE ATIVO - Apenas registro e análise
2026-06-14 10:18:15 [WARNING] root - Bloco de componentes falhou: cannot unpack non-iterable int object
2026-06-14 10:18:15 [INFO] scanner - ✅ Validações OK [BTC/USDT]: Score=7.0, R:R=2.08
2026-06-14 10:18:15 [INFO] scanner - ⏸️  Throttle ativo [BTC/USDT]:
2026-06-14 10:18:15 [INFO] scanner -    ├─ Último alerta há 1710.5 minutos
2026-06-14 10:18:15 [INFO] scanner -    ├─ Tempo mínimo: 1800 minutos
2026-06-14 10:18:15 [INFO] scanner -    └─ Próximo permitido em: 89.5 minutos
2026-06-14 12:23:12 [INFO] scanner - ============================================================
2026-06-14 12:23:12 [INFO] scanner - 🚀 SCANNER INICIADO
2026-06-14 12:23:12 [INFO] scanner - 📅 Data/Hora: 14/06/2026 12:23:12
2026-06-14 12:23:12 [INFO] scanner - 📂 Log: logs/scanner_2026-06-14.log
2026-06-14 12:23:12 [INFO] scanner - ============================================================
2026-06-14 12:23:12 [INFO] scanner - 📝 PAPER MODE ATIVO - Apenas registro e análise
2026-06-14 13:52:32 [INFO] scanner - ============================================================
2026-06-14 13:52:32 [INFO] scanner - 🚀 SCANNER INICIADO
2026-06-14 13:52:32 [INFO] scanner - 📅 Data/Hora: 14/06/2026 13:52:32
2026-06-14 13:52:32 [INFO] scanner - 📂 Log: logs/scanner_2026-06-14.log
2026-06-14 13:52:32 [INFO] scanner - ============================================================
2026-06-14 13:52:32 [INFO] scanner - 📝 PAPER MODE ATIVO - Apenas registro e análise
2026-06-14 15:08:02 [INFO] scanner - ============================================================
2026-06-14 15:08:02 [INFO] scanner - 🚀 SCANNER INICIADO
2026-06-14 15:08:02 [INFO] scanner - 📅 Data/Hora: 14/06/2026 15:08:02
2026-06-14 15:08:02 [INFO] scanner - 📂 Log: logs/scanner_2026-06-14.log
2026-06-14 15:08:02 [INFO] scanner - ============================================================
2026-06-14 15:08:02 [INFO] scanner - 📝 PAPER MODE ATIVO - Apenas registro e análise
2026-06-14 16:55:49 [INFO] scanner - ============================================================
2026-06-14 16:55:49 [INFO] scanner - 🚀 SCANNER INICIADO
2026-06-14 16:55:49 [INFO] scanner - 📅 Data/Hora: 14/06/2026 16:55:49
2026-06-14 16:55:49 [INFO] scanner - 📂 Log: logs/scanner_2026-06-14.log
2026-06-14 16:55:49 [INFO] scanner - ============================================================
2026-06-14 16:55:49 [INFO] scanner - 📝 PAPER MODE ATIVO - Apenas registro e análise
2026-06-14 18:01:35 [INFO] scanner - ============================================================
2026-06-14 18:01:35 [INFO] scanner - 🚀 SCANNER INICIADO
2026-06-14 18:01:35 [INFO] scanner - 📅 Data/Hora: 14/06/2026 18:01:35
2026-06-14 18:01:35 [INFO] scanner - 📂 Log: logs/scanner_2026-06-14.log
2026-06-14 18:01:35 [INFO] scanner - ============================================================
2026-06-14 18:01:35 [INFO] scanner - 📝 PAPER MODE ATIVO - Apenas registro e análise
2026-06-14 19:20:52 [INFO] scanner - ============================================================
2026-06-14 19:20:52 [INFO] scanner - 🚀 SCANNER INICIADO
2026-06-14 19:20:52 [INFO] scanner - 📅 Data/Hora: 14/06/2026 19:20:52
2026-06-14 19:20:52 [INFO] scanner - 📂 Log: logs/scanner_2026-06-14.log
2026-06-14 19:20:52 [INFO] scanner - ============================================================
2026-06-14 19:20:52 [INFO] scanner - 📝 PAPER MODE ATIVO - Apenas registro e análise
2026-06-14 19:20:58 [WARNING] root - Bloco de componentes falhou: cannot unpack non-iterable int object
2026-06-14 19:20:58 [INFO] scanner - ✅ Validações OK [BTC/USDT]: Score=7.8, R:R=2.08
2026-06-14 19:20:58 [INFO] scanner - ✅ Throttle OK [BTC/USDT]: Pode enviar
2026-06-14 19:21:00 [WARNING] root - Bloco de componentes falhou: cannot unpack non-iterable int object
2026-06-14 19:21:00 [INFO] scanner - ✅ Validações OK [ETH/USDT]: Score=7.8, R:R=2.00
2026-06-14 19:21:00 [INFO] scanner - ✅ Throttle OK [ETH/USDT]: Pode enviar
2026-06-14 20:43:12 [INFO] scanner - ============================================================
2026-06-14 20:43:12 [INFO] scanner - 🚀 SCANNER INICIADO
2026-06-14 20:43:12 [INFO] scanner - 📅 Data/Hora: 14/06/2026 20:43:12
2026-06-14 20:43:12 [INFO] scanner - 📂 Log: logs/scanner_2026-06-14.log
2026-06-14 20:43:12 [INFO] scanner - ============================================================
2026-06-14 20:43:12 [INFO] scanner - 📝 PAPER MODE ATIVO - Apenas registro e análise
2026-06-14 20:43:17 [WARNING] root - Bloco de componentes falhou: cannot unpack non-iterable int object
2026-06-14 20:43:17 [INFO] scanner - ✅ Validações OK [BTC/USDT]: Score=7.8, R:R=2.08
2026-06-14 20:43:17 [INFO] scanner - ⏸️  Throttle ativo [BTC/USDT]:
2026-06-14 20:43:17 [INFO] scanner -    ├─ Último alerta há 82.3 minutos
2026-06-14 20:43:17 [INFO] scanner -    ├─ Tempo mínimo: 1800 minutos
2026-06-14 20:43:17 [INFO] scanner -    └─ Próximo permitido em: 1717.7 minutos
2026-06-14 20:43:18 [WARNING] root - Bloco de componentes falhou: cannot unpack non-iterable int object
2026-06-14 20:43:18 [INFO] scanner - ✅ Validações OK [BTC/USDT]: Score=7.8, R:R=2.08
2026-06-14 20:43:18 [INFO] scanner - ⏸️  Throttle ativo [BTC/USDT]:
2026-06-14 20:43:18 [INFO] scanner -    ├─ Último alerta há 82.3 minutos
2026-06-14 20:43:18 [INFO] scanner -    ├─ Tempo mínimo: 1800 minutos
2026-06-14 20:43:18 [INFO] scanner -    └─ Próximo permitido em: 1717.7 minutos
2026-06-14 20:43:20 [WARNING] root - Bloco de componentes falhou: cannot unpack non-iterable int object
2026-06-14 20:43:20 [INFO] scanner - ✅ Validações OK [ETH/USDT]: Score=7.8, R:R=2.00
2026-06-14 20:43:20 [INFO] scanner - ⏸️  Throttle ativo [ETH/USDT]:
2026-06-14 20:43:20 [INFO] scanner -    ├─ Último alerta há 82.3 minutos
2026-06-14 20:43:20 [INFO] scanner -    ├─ Tempo mínimo: 1800 minutos
2026-06-14 20:43:20 [INFO] scanner -    └─ Próximo permitido em: 1717.7 minutos
