2026-05-02 04:20:42 [INFO] scanner - ============================================================
2026-05-02 04:20:42 [INFO] scanner - 🚀 SCANNER INICIADO
2026-05-02 04:20:42 [INFO] scanner - 📅 Data/Hora: 02/05/2026 04:20:42
2026-05-02 04:20:42 [INFO] scanner - 📂 Log: logs/scanner_2026-05-02.log
2026-05-02 04:20:42 [INFO] scanner - ============================================================
2026-05-02 04:20:42 [INFO] scanner - 📝 PAPER MODE ATIVO - Apenas registro e análise
2026-05-02 04:20:46 [WARNING] root - Bloco de componentes falhou: cannot unpack non-iterable int object
2026-05-02 04:20:46 [INFO] scanner - ✅ Validações OK [BTC/USDT]: Score=7.3, R:R=2.08
2026-05-02 04:20:46 [INFO] scanner - ⏸️  Throttle ativo [BTC/USDT]:
2026-05-02 04:20:46 [INFO] scanner -    ├─ Último alerta há 1397.7 minutos
2026-05-02 04:20:46 [INFO] scanner -    ├─ Tempo mínimo: 1800 minutos
2026-05-02 04:20:46 [INFO] scanner -    └─ Próximo permitido em: 402.3 minutos
2026-05-02 04:20:48 [WARNING] root - Bloco de componentes falhou: cannot unpack non-iterable int object
2026-05-02 04:20:48 [INFO] scanner - ✅ Validações OK [ETH/USDT]: Score=7.3, R:R=2.00
2026-05-02 04:20:48 [INFO] scanner - ⏸️  Throttle ativo [ETH/USDT]:
2026-05-02 04:20:48 [INFO] scanner -    ├─ Último alerta há 557.5 minutos
2026-05-02 04:20:48 [INFO] scanner -    ├─ Tempo mínimo: 1800 minutos
2026-05-02 04:20:48 [INFO] scanner -    └─ Próximo permitido em: 1242.5 minutos
2026-05-02 05:47:32 [INFO] scanner - ============================================================
2026-05-02 05:47:32 [INFO] scanner - 🚀 SCANNER INICIADO
2026-05-02 05:47:32 [INFO] scanner - 📅 Data/Hora: 02/05/2026 05:47:32
2026-05-02 05:47:32 [INFO] scanner - 📂 Log: logs/scanner_2026-05-02.log
2026-05-02 05:47:32 [INFO] scanner - ============================================================
2026-05-02 05:47:32 [INFO] scanner - 📝 PAPER MODE ATIVO - Apenas registro e análise
2026-05-02 05:47:35 [WARNING] root - Bloco de componentes falhou: cannot unpack non-iterable int object
2026-05-02 05:47:35 [INFO] scanner - ✅ Validações OK [BTC/USDT]: Score=7.3, R:R=2.08
2026-05-02 05:47:35 [INFO] scanner - ⏸️  Throttle ativo [BTC/USDT]:
2026-05-02 05:47:35 [INFO] scanner -    ├─ Último alerta há 1484.5 minutos
2026-05-02 05:47:35 [INFO] scanner -    ├─ Tempo mínimo: 1800 minutos
2026-05-02 05:47:35 [INFO] scanner -    └─ Próximo permitido em: 315.5 minutos
2026-05-02 05:47:38 [WARNING] root - Bloco de componentes falhou: cannot unpack non-iterable int object
2026-05-02 05:47:38 [INFO] scanner - ✅ Validações OK [ETH/USDT]: Score=7.3, R:R=2.00
2026-05-02 05:47:38 [INFO] scanner - ⏸️  Throttle ativo [ETH/USDT]:
2026-05-02 05:47:38 [INFO] scanner -    ├─ Último alerta há 644.3 minutos
2026-05-02 05:47:38 [INFO] scanner -    ├─ Tempo mínimo: 1800 minutos
2026-05-02 05:47:38 [INFO] scanner -    └─ Próximo permitido em: 1155.7 minutos
