2026-04-14 04:19:40 [INFO] scanner - ============================================================
2026-04-14 04:19:40 [INFO] scanner - 🚀 SCANNER INICIADO
2026-04-14 04:19:40 [INFO] scanner - 📅 Data/Hora: 14/04/2026 04:19:40
2026-04-14 04:19:40 [INFO] scanner - 📂 Log: logs/scanner_2026-04-14.log
2026-04-14 04:19:40 [INFO] scanner - ============================================================
2026-04-14 04:19:40 [INFO] scanner - 📝 PAPER MODE ATIVO - Apenas registro e análise
2026-04-14 04:19:43 [WARNING] root - Bloco de componentes falhou: cannot unpack non-iterable int object
2026-04-14 04:19:43 [INFO] scanner - ✅ Validações OK [BTC/USDT]: Score=7.8, R:R=2.08
2026-04-14 04:19:43 [INFO] scanner - ⏸️  Throttle ativo [BTC/USDT]:
2026-04-14 04:19:43 [INFO] scanner -    ├─ Último alerta há 667.4 minutos
2026-04-14 04:19:43 [INFO] scanner -    ├─ Tempo mínimo: 1800 minutos
2026-04-14 04:19:43 [INFO] scanner -    └─ Próximo permitido em: 1132.6 minutos
2026-04-14 04:19:44 [WARNING] root - Bloco de componentes falhou: cannot unpack non-iterable int object
2026-04-14 04:19:44 [INFO] scanner - ✅ Validações OK [BTC/USDT]: Score=7.8, R:R=2.08
2026-04-14 04:19:44 [INFO] scanner - ⏸️  Throttle ativo [BTC/USDT]:
2026-04-14 04:19:44 [INFO] scanner -    ├─ Último alerta há 667.5 minutos
2026-04-14 04:19:44 [INFO] scanner -    ├─ Tempo mínimo: 1800 minutos
2026-04-14 04:19:44 [INFO] scanner -    └─ Próximo permitido em: 1132.5 minutos
2026-04-14 04:19:46 [WARNING] root - Bloco de componentes falhou: cannot unpack non-iterable int object
2026-04-14 04:19:46 [INFO] scanner - ✅ Validações OK [ETH/USDT]: Score=7.8, R:R=2.00
2026-04-14 04:19:46 [INFO] scanner - ⏸️  Throttle ativo [ETH/USDT]:
2026-04-14 04:19:46 [INFO] scanner -    ├─ Último alerta há 667.4 minutos
2026-04-14 04:19:46 [INFO] scanner -    ├─ Tempo mínimo: 1800 minutos
2026-04-14 04:19:46 [INFO] scanner -    └─ Próximo permitido em: 1132.6 minutos
2026-04-14 04:19:46 [WARNING] root - Bloco de componentes falhou: cannot unpack non-iterable int object
2026-04-14 04:19:46 [INFO] scanner - ✅ Validações OK [ETH/USDT]: Score=7.8, R:R=2.00
2026-04-14 04:19:46 [INFO] scanner - ⏸️  Throttle ativo [ETH/USDT]:
2026-04-14 04:19:46 [INFO] scanner -    ├─ Último alerta há 667.5 minutos
2026-04-14 04:19:46 [INFO] scanner -    ├─ Tempo mínimo: 1800 minutos
2026-04-14 04:19:46 [INFO] scanner -    └─ Próximo permitido em: 1132.5 minutos
2026-04-14 05:58:48 [INFO] scanner - ============================================================
2026-04-14 05:58:48 [INFO] scanner - 🚀 SCANNER INICIADO
2026-04-14 05:58:48 [INFO] scanner - 📅 Data/Hora: 14/04/2026 05:58:48
2026-04-14 05:58:48 [INFO] scanner - 📂 Log: logs/scanner_2026-04-14.log
2026-04-14 05:58:48 [INFO] scanner - ============================================================
2026-04-14 05:58:48 [INFO] scanner - 📝 PAPER MODE ATIVO - Apenas registro e análise
2026-04-14 05:58:51 [WARNING] root - Bloco de componentes falhou: cannot unpack non-iterable int object
2026-04-14 05:58:51 [INFO] scanner - ✅ Validações OK [BTC/USDT]: Score=7.8, R:R=2.08
2026-04-14 05:58:51 [INFO] scanner - ⏸️  Throttle ativo [BTC/USDT]:
2026-04-14 05:58:51 [INFO] scanner -    ├─ Último alerta há 766.6 minutos
2026-04-14 05:58:51 [INFO] scanner -    ├─ Tempo mínimo: 1800 minutos
2026-04-14 05:58:51 [INFO] scanner -    └─ Próximo permitido em: 1033.4 minutos
2026-04-14 05:58:51 [WARNING] root - Bloco de componentes falhou: cannot unpack non-iterable int object
2026-04-14 05:58:51 [INFO] scanner - ✅ Validações OK [BTC/USDT]: Score=7.3, R:R=2.08
2026-04-14 05:58:51 [INFO] scanner - ⏸️  Throttle ativo [BTC/USDT]:
2026-04-14 05:58:51 [INFO] scanner -    ├─ Último alerta há 766.6 minutos
2026-04-14 05:58:51 [INFO] scanner -    ├─ Tempo mínimo: 1800 minutos
2026-04-14 05:58:51 [INFO] scanner -    └─ Próximo permitido em: 1033.4 minutos
2026-04-14 05:58:51 [WARNING] root - Bloco de componentes falhou: cannot unpack non-iterable int object
2026-04-14 05:58:51 [INFO] scanner - ✅ Validações OK [BTC/USDT]: Score=7.3, R:R=2.08
2026-04-14 05:58:51 [INFO] scanner - ⏸️  Throttle ativo [BTC/USDT]:
2026-04-14 05:58:51 [INFO] scanner -    ├─ Último alerta há 766.6 minutos
2026-04-14 05:58:51 [INFO] scanner -    ├─ Tempo mínimo: 1800 minutos
2026-04-14 05:58:51 [INFO] scanner -    └─ Próximo permitido em: 1033.4 minutos
2026-04-14 05:58:53 [WARNING] root - Bloco de componentes falhou: cannot unpack non-iterable int object
2026-04-14 05:58:53 [INFO] scanner - ✅ Validações OK [ETH/USDT]: Score=7.8, R:R=2.00
2026-04-14 05:58:53 [INFO] scanner - ⏸️  Throttle ativo [ETH/USDT]:
2026-04-14 05:58:53 [INFO] scanner -    ├─ Último alerta há 766.6 minutos
2026-04-14 05:58:53 [INFO] scanner -    ├─ Tempo mínimo: 1800 minutos
2026-04-14 05:58:53 [INFO] scanner -    └─ Próximo permitido em: 1033.4 minutos
2026-04-14 05:58:53 [WARNING] root - Bloco de componentes falhou: cannot unpack non-iterable int object
2026-04-14 05:58:53 [INFO] scanner - ✅ Validações OK [ETH/USDT]: Score=7.8, R:R=2.00
2026-04-14 05:58:53 [INFO] scanner - ⏸️  Throttle ativo [ETH/USDT]:
2026-04-14 05:58:53 [INFO] scanner -    ├─ Último alerta há 766.6 minutos
2026-04-14 05:58:53 [INFO] scanner -    ├─ Tempo mínimo: 1800 minutos
2026-04-14 05:58:53 [INFO] scanner -    └─ Próximo permitido em: 1033.4 minutos
2026-04-14 07:15:44 [INFO] scanner - ============================================================
2026-04-14 07:15:44 [INFO] scanner - 🚀 SCANNER INICIADO
2026-04-14 07:15:44 [INFO] scanner - 📅 Data/Hora: 14/04/2026 07:15:44
2026-04-14 07:15:44 [INFO] scanner - 📂 Log: logs/scanner_2026-04-14.log
2026-04-14 07:15:44 [INFO] scanner - ============================================================
2026-04-14 07:15:44 [INFO] scanner - 📝 PAPER MODE ATIVO - Apenas registro e análise
2026-04-14 07:15:47 [WARNING] root - Bloco de componentes falhou: cannot unpack non-iterable int object
2026-04-14 07:15:47 [INFO] scanner - ✅ Validações OK [BTC/USDT]: Score=7.3, R:R=2.08
2026-04-14 07:15:47 [INFO] scanner - ⏸️  Throttle ativo [BTC/USDT]:
2026-04-14 07:15:47 [INFO] scanner -    ├─ Último alerta há 843.5 minutos
2026-04-14 07:15:47 [INFO] scanner -    ├─ Tempo mínimo: 1800 minutos
2026-04-14 07:15:47 [INFO] scanner -    └─ Próximo permitido em: 956.5 minutos
2026-04-14 07:15:49 [WARNING] root - Bloco de componentes falhou: cannot unpack non-iterable int object
2026-04-14 07:15:49 [INFO] scanner - ✅ Validações OK [ETH/USDT]: Score=7.8, R:R=2.00
2026-04-14 07:15:49 [INFO] scanner - ⏸️  Throttle ativo [ETH/USDT]:
2026-04-14 07:15:49 [INFO] scanner -    ├─ Último alerta há 843.5 minutos
2026-04-14 07:15:49 [INFO] scanner -    ├─ Tempo mínimo: 1800 minutos
2026-04-14 07:15:49 [INFO] scanner -    └─ Próximo permitido em: 956.5 minutos
2026-04-14 07:15:50 [WARNING] root - Bloco de componentes falhou: cannot unpack non-iterable int object
2026-04-14 07:15:50 [INFO] scanner - ✅ Validações OK [ETH/USDT]: Score=7.3, R:R=2.00
2026-04-14 07:15:50 [INFO] scanner - ⏸️  Throttle ativo [ETH/USDT]:
2026-04-14 07:15:50 [INFO] scanner -    ├─ Último alerta há 843.5 minutos
2026-04-14 07:15:50 [INFO] scanner -    ├─ Tempo mínimo: 1800 minutos
2026-04-14 07:15:50 [INFO] scanner -    └─ Próximo permitido em: 956.5 minutos
2026-04-14 07:15:50 [WARNING] root - Bloco de componentes falhou: cannot unpack non-iterable int object
2026-04-14 07:15:50 [INFO] scanner - ✅ Validações OK [ETH/USDT]: Score=7.3, R:R=2.00
2026-04-14 07:15:50 [INFO] scanner - ⏸️  Throttle ativo [ETH/USDT]:
2026-04-14 07:15:50 [INFO] scanner -    ├─ Último alerta há 843.5 minutos
2026-04-14 07:15:50 [INFO] scanner -    ├─ Tempo mínimo: 1800 minutos
2026-04-14 07:15:50 [INFO] scanner -    └─ Próximo permitido em: 956.5 minutos
2026-04-14 08:34:54 [INFO] scanner - ============================================================
2026-04-14 08:34:54 [INFO] scanner - 🚀 SCANNER INICIADO
2026-04-14 08:34:54 [INFO] scanner - 📅 Data/Hora: 14/04/2026 08:34:54
2026-04-14 08:34:54 [INFO] scanner - 📂 Log: logs/scanner_2026-04-14.log
2026-04-14 08:34:54 [INFO] scanner - ============================================================
2026-04-14 08:34:54 [INFO] scanner - 📝 PAPER MODE ATIVO - Apenas registro e análise
2026-04-14 08:34:58 [WARNING] root - Bloco de componentes falhou: cannot unpack non-iterable int object
2026-04-14 08:34:58 [INFO] scanner - ✅ Validações OK [BTC/USDT]: Score=7.3, R:R=2.08
2026-04-14 08:34:58 [INFO] scanner - ⏸️  Throttle ativo [BTC/USDT]:
2026-04-14 08:34:58 [INFO] scanner -    ├─ Último alerta há 922.7 minutos
2026-04-14 08:34:58 [INFO] scanner -    ├─ Tempo mínimo: 1800 minutos
2026-04-14 08:34:58 [INFO] scanner -    └─ Próximo permitido em: 877.3 minutos
2026-04-14 08:35:00 [WARNING] root - Bloco de componentes falhou: cannot unpack non-iterable int object
2026-04-14 08:35:00 [INFO] scanner - ✅ Validações OK [ETH/USDT]: Score=7.8, R:R=2.00
2026-04-14 08:35:00 [INFO] scanner - ⏸️  Throttle ativo [ETH/USDT]:
2026-04-14 08:35:00 [INFO] scanner -    ├─ Último alerta há 922.7 minutos
2026-04-14 08:35:00 [INFO] scanner -    ├─ Tempo mínimo: 1800 minutos
2026-04-14 08:35:00 [INFO] scanner -    └─ Próximo permitido em: 877.3 minutos
2026-04-14 08:35:00 [WARNING] root - Bloco de componentes falhou: cannot unpack non-iterable int object
2026-04-14 08:35:00 [INFO] scanner - ✅ Validações OK [ETH/USDT]: Score=7.3, R:R=2.00
2026-04-14 08:35:00 [INFO] scanner - ⏸️  Throttle ativo [ETH/USDT]:
2026-04-14 08:35:00 [INFO] scanner -    ├─ Último alerta há 922.7 minutos
2026-04-14 08:35:00 [INFO] scanner -    ├─ Tempo mínimo: 1800 minutos
2026-04-14 08:35:00 [INFO] scanner -    └─ Próximo permitido em: 877.3 minutos
2026-04-14 08:35:00 [WARNING] root - Bloco de componentes falhou: cannot unpack non-iterable int object
2026-04-14 08:35:00 [INFO] scanner - ✅ Validações OK [ETH/USDT]: Score=7.3, R:R=2.00
2026-04-14 08:35:00 [INFO] scanner - ⏸️  Throttle ativo [ETH/USDT]:
2026-04-14 08:35:00 [INFO] scanner -    ├─ Último alerta há 922.7 minutos
2026-04-14 08:35:00 [INFO] scanner -    ├─ Tempo mínimo: 1800 minutos
2026-04-14 08:35:00 [INFO] scanner -    └─ Próximo permitido em: 877.3 minutos
2026-04-14 09:43:57 [INFO] scanner - ============================================================
2026-04-14 09:43:57 [INFO] scanner - 🚀 SCANNER INICIADO
2026-04-14 09:43:57 [INFO] scanner - 📅 Data/Hora: 14/04/2026 09:43:57
2026-04-14 09:43:57 [INFO] scanner - 📂 Log: logs/scanner_2026-04-14.log
2026-04-14 09:43:57 [INFO] scanner - ============================================================
2026-04-14 09:43:57 [INFO] scanner - 📝 PAPER MODE ATIVO - Apenas registro e análise
2026-04-14 09:44:00 [WARNING] root - Bloco de componentes falhou: cannot unpack non-iterable int object
2026-04-14 09:44:00 [INFO] scanner - ✅ Validações OK [BTC/USDT]: Score=7.8, R:R=2.08
2026-04-14 09:44:00 [INFO] scanner - ⏸️  Throttle ativo [BTC/USDT]:
2026-04-14 09:44:00 [INFO] scanner -    ├─ Último alerta há 991.7 minutos
2026-04-14 09:44:00 [INFO] scanner -    ├─ Tempo mínimo: 1800 minutos
2026-04-14 09:44:00 [INFO] scanner -    └─ Próximo permitido em: 808.3 minutos
2026-04-14 09:44:03 [WARNING] root - Bloco de componentes falhou: cannot unpack non-iterable int object
2026-04-14 09:44:03 [INFO] scanner - ✅ Validações OK [ETH/USDT]: Score=8.3, R:R=2.00
2026-04-14 09:44:03 [INFO] scanner - ⏸️  Throttle ativo [ETH/USDT]:
2026-04-14 09:44:03 [INFO] scanner -    ├─ Último alerta há 991.7 minutos
2026-04-14 09:44:03 [INFO] scanner -    ├─ Tempo mínimo: 1800 minutos
2026-04-14 09:44:03 [INFO] scanner -    └─ Próximo permitido em: 808.3 minutos
2026-04-14 09:44:03 [WARNING] root - Bloco de componentes falhou: cannot unpack non-iterable int object
2026-04-14 09:44:03 [INFO] scanner - ✅ Validações OK [ETH/USDT]: Score=7.8, R:R=2.00
2026-04-14 09:44:03 [INFO] scanner - ⏸️  Throttle ativo [ETH/USDT]:
2026-04-14 09:44:03 [INFO] scanner -    ├─ Último alerta há 991.7 minutos
2026-04-14 09:44:03 [INFO] scanner -    ├─ Tempo mínimo: 1800 minutos
2026-04-14 09:44:03 [INFO] scanner -    └─ Próximo permitido em: 808.3 minutos
2026-04-14 11:23:25 [INFO] scanner - ============================================================
2026-04-14 11:23:25 [INFO] scanner - 🚀 SCANNER INICIADO
2026-04-14 11:23:25 [INFO] scanner - 📅 Data/Hora: 14/04/2026 11:23:25
2026-04-14 11:23:25 [INFO] scanner - 📂 Log: logs/scanner_2026-04-14.log
2026-04-14 11:23:25 [INFO] scanner - ============================================================
2026-04-14 11:23:25 [INFO] scanner - 📝 PAPER MODE ATIVO - Apenas registro e análise
2026-04-14 11:23:28 [WARNING] root - Bloco de componentes falhou: cannot unpack non-iterable int object
2026-04-14 11:23:28 [INFO] scanner - ✅ Validações OK [BTC/USDT]: Score=7.8, R:R=2.08
2026-04-14 11:23:28 [INFO] scanner - ⏸️  Throttle ativo [BTC/USDT]:
2026-04-14 11:23:28 [INFO] scanner -    ├─ Último alerta há 1091.2 minutos
2026-04-14 11:23:28 [INFO] scanner -    ├─ Tempo mínimo: 1800 minutos
2026-04-14 11:23:28 [INFO] scanner -    └─ Próximo permitido em: 708.8 minutos
2026-04-14 11:23:28 [WARNING] root - Bloco de componentes falhou: cannot unpack non-iterable int object
2026-04-14 11:23:28 [INFO] scanner - ✅ Validações OK [BTC/USDT]: Score=7.8, R:R=2.08
2026-04-14 11:23:28 [INFO] scanner - ⏸️  Throttle ativo [BTC/USDT]:
2026-04-14 11:23:28 [INFO] scanner -    ├─ Último alerta há 1091.2 minutos
2026-04-14 11:23:28 [INFO] scanner -    ├─ Tempo mínimo: 1800 minutos
2026-04-14 11:23:28 [INFO] scanner -    └─ Próximo permitido em: 708.8 minutos
2026-04-14 11:23:29 [WARNING] root - Bloco de componentes falhou: cannot unpack non-iterable int object
2026-04-14 11:23:29 [INFO] scanner - ✅ Validações OK [BTC/USDT]: Score=7.8, R:R=2.08
2026-04-14 11:23:29 [INFO] scanner - ⏸️  Throttle ativo [BTC/USDT]:
2026-04-14 11:23:29 [INFO] scanner -    ├─ Último alerta há 1091.2 minutos
2026-04-14 11:23:29 [INFO] scanner -    ├─ Tempo mínimo: 1800 minutos
2026-04-14 11:23:29 [INFO] scanner -    └─ Próximo permitido em: 708.8 minutos
2026-04-14 11:23:31 [WARNING] root - Bloco de componentes falhou: cannot unpack non-iterable int object
2026-04-14 11:23:31 [INFO] scanner - ✅ Validações OK [ETH/USDT]: Score=7.8, R:R=2.00
2026-04-14 11:23:31 [INFO] scanner - ⏸️  Throttle ativo [ETH/USDT]:
2026-04-14 11:23:31 [INFO] scanner -    ├─ Último alerta há 1091.2 minutos
2026-04-14 11:23:31 [INFO] scanner -    ├─ Tempo mínimo: 1800 minutos
2026-04-14 11:23:31 [INFO] scanner -    └─ Próximo permitido em: 708.8 minutos
2026-04-14 11:23:31 [WARNING] root - Bloco de componentes falhou: cannot unpack non-iterable int object
2026-04-14 11:23:31 [INFO] scanner - ✅ Validações OK [ETH/USDT]: Score=7.3, R:R=2.00
2026-04-14 11:23:31 [INFO] scanner - ⏸️  Throttle ativo [ETH/USDT]:
2026-04-14 11:23:31 [INFO] scanner -    ├─ Último alerta há 1091.2 minutos
2026-04-14 11:23:31 [INFO] scanner -    ├─ Tempo mínimo: 1800 minutos
2026-04-14 11:23:31 [INFO] scanner -    └─ Próximo permitido em: 708.8 minutos
2026-04-14 12:46:58 [INFO] scanner - ============================================================
2026-04-14 12:46:58 [INFO] scanner - 🚀 SCANNER INICIADO
2026-04-14 12:46:58 [INFO] scanner - 📅 Data/Hora: 14/04/2026 12:46:58
2026-04-14 12:46:58 [INFO] scanner - 📂 Log: logs/scanner_2026-04-14.log
2026-04-14 12:46:58 [INFO] scanner - ============================================================
2026-04-14 12:46:58 [INFO] scanner - 📝 PAPER MODE ATIVO - Apenas registro e análise
2026-04-14 12:47:01 [WARNING] root - Bloco de componentes falhou: cannot unpack non-iterable int object
2026-04-14 12:47:01 [INFO] scanner - ✅ Validações OK [BTC/USDT]: Score=7.8, R:R=2.08
2026-04-14 12:47:01 [INFO] scanner - ⏸️  Throttle ativo [BTC/USDT]:
2026-04-14 12:47:01 [INFO] scanner -    ├─ Último alerta há 1174.8 minutos
2026-04-14 12:47:01 [INFO] scanner -    ├─ Tempo mínimo: 1800 minutos
2026-04-14 12:47:01 [INFO] scanner -    └─ Próximo permitido em: 625.2 minutos
2026-04-14 12:47:01 [WARNING] root - Bloco de componentes falhou: cannot unpack non-iterable int object
2026-04-14 12:47:01 [INFO] scanner - ✅ Validações OK [BTC/USDT]: Score=7.8, R:R=2.08
2026-04-14 12:47:01 [INFO] scanner - ⏸️  Throttle ativo [BTC/USDT]:
2026-04-14 12:47:01 [INFO] scanner -    ├─ Último alerta há 1174.8 minutos
2026-04-14 12:47:01 [INFO] scanner -    ├─ Tempo mínimo: 1800 minutos
2026-04-14 12:47:01 [INFO] scanner -    └─ Próximo permitido em: 625.2 minutos
2026-04-14 12:47:04 [WARNING] root - Bloco de componentes falhou: cannot unpack non-iterable int object
2026-04-14 12:47:04 [INFO] scanner - ✅ Validações OK [ETH/USDT]: Score=9.8, R:R=2.00
2026-04-14 12:47:04 [INFO] scanner - ⏸️  Throttle ativo [ETH/USDT]:
2026-04-14 12:47:04 [INFO] scanner -    ├─ Último alerta há 1174.7 minutos
2026-04-14 12:47:04 [INFO] scanner -    ├─ Tempo mínimo: 1800 minutos
2026-04-14 12:47:04 [INFO] scanner -    └─ Próximo permitido em: 625.3 minutos
2026-04-14 12:47:04 [WARNING] root - Bloco de componentes falhou: cannot unpack non-iterable int object
2026-04-14 12:47:04 [INFO] scanner - ✅ Validações OK [ETH/USDT]: Score=8.3, R:R=2.00
2026-04-14 12:47:04 [INFO] scanner - ⏸️  Throttle ativo [ETH/USDT]:
2026-04-14 12:47:04 [INFO] scanner -    ├─ Último alerta há 1174.7 minutos
2026-04-14 12:47:04 [INFO] scanner -    ├─ Tempo mínimo: 1800 minutos
2026-04-14 12:47:04 [INFO] scanner -    └─ Próximo permitido em: 625.3 minutos
2026-04-14 12:47:04 [WARNING] root - Bloco de componentes falhou: cannot unpack non-iterable int object
2026-04-14 12:47:04 [INFO] scanner - ✅ Validações OK [ETH/USDT]: Score=7.8, R:R=2.00
2026-04-14 12:47:04 [INFO] scanner - ⏸️  Throttle ativo [ETH/USDT]:
2026-04-14 12:47:04 [INFO] scanner -    ├─ Último alerta há 1174.7 minutos
2026-04-14 12:47:04 [INFO] scanner -    ├─ Tempo mínimo: 1800 minutos
2026-04-14 12:47:04 [INFO] scanner -    └─ Próximo permitido em: 625.3 minutos
2026-04-14 12:47:04 [WARNING] root - Bloco de componentes falhou: cannot unpack non-iterable int object
2026-04-14 12:47:04 [INFO] scanner - ✅ Validações OK [ETH/USDT]: Score=7.8, R:R=2.00
2026-04-14 12:47:04 [INFO] scanner - ⏸️  Throttle ativo [ETH/USDT]:
2026-04-14 12:47:04 [INFO] scanner -    ├─ Último alerta há 1174.8 minutos
2026-04-14 12:47:04 [INFO] scanner -    ├─ Tempo mínimo: 1800 minutos
2026-04-14 12:47:04 [INFO] scanner -    └─ Próximo permitido em: 625.2 minutos
2026-04-14 13:56:44 [INFO] scanner - ============================================================
2026-04-14 13:56:44 [INFO] scanner - 🚀 SCANNER INICIADO
2026-04-14 13:56:44 [INFO] scanner - 📅 Data/Hora: 14/04/2026 13:56:44
2026-04-14 13:56:44 [INFO] scanner - 📂 Log: logs/scanner_2026-04-14.log
2026-04-14 13:56:44 [INFO] scanner - ============================================================
2026-04-14 13:56:44 [INFO] scanner - 📝 PAPER MODE ATIVO - Apenas registro e análise
2026-04-14 13:56:48 [WARNING] root - Bloco de componentes falhou: cannot unpack non-iterable int object
2026-04-14 13:56:48 [INFO] scanner - ✅ Validações OK [BTC/USDT]: Score=9.8, R:R=2.08
2026-04-14 13:56:48 [INFO] scanner - ⏸️  Throttle ativo [BTC/USDT]:
2026-04-14 13:56:48 [INFO] scanner -    ├─ Último alerta há 1244.5 minutos
2026-04-14 13:56:48 [INFO] scanner -    ├─ Tempo mínimo: 1800 minutos
2026-04-14 13:56:48 [INFO] scanner -    └─ Próximo permitido em: 555.5 minutos
2026-04-14 13:56:48 [WARNING] root - Bloco de componentes falhou: cannot unpack non-iterable int object
2026-04-14 13:56:48 [INFO] scanner - ✅ Validações OK [BTC/USDT]: Score=8.3, R:R=2.08
2026-04-14 13:56:48 [INFO] scanner - ⏸️  Throttle ativo [BTC/USDT]:
2026-04-14 13:56:48 [INFO] scanner -    ├─ Último alerta há 1244.5 minutos
2026-04-14 13:56:48 [INFO] scanner -    ├─ Tempo mínimo: 1800 minutos
2026-04-14 13:56:48 [INFO] scanner -    └─ Próximo permitido em: 555.5 minutos
2026-04-14 13:56:49 [WARNING] root - Bloco de componentes falhou: cannot unpack non-iterable int object
2026-04-14 13:56:49 [INFO] scanner - ✅ Validações OK [BTC/USDT]: Score=7.8, R:R=2.08
2026-04-14 13:56:49 [INFO] scanner - ⏸️  Throttle ativo [BTC/USDT]:
2026-04-14 13:56:49 [INFO] scanner -    ├─ Último alerta há 1244.5 minutos
2026-04-14 13:56:49 [INFO] scanner -    ├─ Tempo mínimo: 1800 minutos
2026-04-14 13:56:49 [INFO] scanner -    └─ Próximo permitido em: 555.5 minutos
2026-04-14 13:56:49 [WARNING] root - Bloco de componentes falhou: cannot unpack non-iterable int object
2026-04-14 13:56:49 [INFO] scanner - ✅ Validações OK [BTC/USDT]: Score=7.8, R:R=2.08
2026-04-14 13:56:49 [INFO] scanner - ⏸️  Throttle ativo [BTC/USDT]:
2026-04-14 13:56:49 [INFO] scanner -    ├─ Último alerta há 1244.5 minutos
2026-04-14 13:56:49 [INFO] scanner -    ├─ Tempo mínimo: 1800 minutos
2026-04-14 13:56:49 [INFO] scanner -    └─ Próximo permitido em: 555.5 minutos
2026-04-14 13:56:51 [WARNING] root - Bloco de componentes falhou: cannot unpack non-iterable int object
2026-04-14 13:56:51 [INFO] scanner - ✅ Validações OK [ETH/USDT]: Score=7.8, R:R=2.00
2026-04-14 13:56:51 [INFO] scanner - ⏸️  Throttle ativo [ETH/USDT]:
2026-04-14 13:56:51 [INFO] scanner -    ├─ Último alerta há 1244.5 minutos
2026-04-14 13:56:51 [INFO] scanner -    ├─ Tempo mínimo: 1800 minutos
2026-04-14 13:56:51 [INFO] scanner -    └─ Próximo permitido em: 555.5 minutos
2026-04-14 13:56:51 [WARNING] root - Bloco de componentes falhou: cannot unpack non-iterable int object
2026-04-14 13:56:51 [INFO] scanner - ✅ Validações OK [ETH/USDT]: Score=7.8, R:R=2.00
2026-04-14 13:56:51 [INFO] scanner - ⏸️  Throttle ativo [ETH/USDT]:
2026-04-14 13:56:51 [INFO] scanner -    ├─ Último alerta há 1244.5 minutos
2026-04-14 13:56:51 [INFO] scanner -    ├─ Tempo mínimo: 1800 minutos
2026-04-14 13:56:51 [INFO] scanner -    └─ Próximo permitido em: 555.5 minutos
2026-04-14 14:59:31 [INFO] scanner - ============================================================
2026-04-14 14:59:31 [INFO] scanner - 🚀 SCANNER INICIADO
2026-04-14 14:59:31 [INFO] scanner - 📅 Data/Hora: 14/04/2026 14:59:31
2026-04-14 14:59:31 [INFO] scanner - 📂 Log: logs/scanner_2026-04-14.log
2026-04-14 14:59:31 [INFO] scanner - ============================================================
2026-04-14 14:59:31 [INFO] scanner - 📝 PAPER MODE ATIVO - Apenas registro e análise
2026-04-14 14:59:34 [WARNING] root - Bloco de componentes falhou: cannot unpack non-iterable int object
2026-04-14 14:59:34 [INFO] scanner - ✅ Validações OK [BTC/USDT]: Score=7.8, R:R=2.08
2026-04-14 14:59:34 [INFO] scanner - ⏸️  Throttle ativo [BTC/USDT]:
2026-04-14 14:59:34 [INFO] scanner -    ├─ Último alerta há 1307.3 minutos
2026-04-14 14:59:34 [INFO] scanner -    ├─ Tempo mínimo: 1800 minutos
2026-04-14 14:59:34 [INFO] scanner -    └─ Próximo permitido em: 492.7 minutos
2026-04-14 14:59:34 [WARNING] root - Bloco de componentes falhou: cannot unpack non-iterable int object
2026-04-14 14:59:34 [INFO] scanner - ✅ Validações OK [BTC/USDT]: Score=7.8, R:R=2.08
2026-04-14 14:59:34 [INFO] scanner - ⏸️  Throttle ativo [BTC/USDT]:
2026-04-14 14:59:34 [INFO] scanner -    ├─ Último alerta há 1307.3 minutos
2026-04-14 14:59:34 [INFO] scanner -    ├─ Tempo mínimo: 1800 minutos
2026-04-14 14:59:34 [INFO] scanner -    └─ Próximo permitido em: 492.7 minutos
2026-04-14 14:59:37 [WARNING] root - Bloco de componentes falhou: cannot unpack non-iterable int object
2026-04-14 14:59:37 [INFO] scanner - ✅ Validações OK [ETH/USDT]: Score=7.8, R:R=2.00
2026-04-14 14:59:37 [INFO] scanner - ⏸️  Throttle ativo [ETH/USDT]:
2026-04-14 14:59:37 [INFO] scanner -    ├─ Último alerta há 1307.3 minutos
2026-04-14 14:59:37 [INFO] scanner -    ├─ Tempo mínimo: 1800 minutos
2026-04-14 14:59:37 [INFO] scanner -    └─ Próximo permitido em: 492.7 minutos
2026-04-14 14:59:37 [WARNING] root - Bloco de componentes falhou: cannot unpack non-iterable int object
2026-04-14 14:59:37 [INFO] scanner - ✅ Validações OK [ETH/USDT]: Score=7.8, R:R=2.00
2026-04-14 14:59:37 [INFO] scanner - ⏸️  Throttle ativo [ETH/USDT]:
2026-04-14 14:59:37 [INFO] scanner -    ├─ Último alerta há 1307.3 minutos
2026-04-14 14:59:37 [INFO] scanner -    ├─ Tempo mínimo: 1800 minutos
2026-04-14 14:59:37 [INFO] scanner -    └─ Próximo permitido em: 492.7 minutos
2026-04-14 16:20:43 [INFO] scanner - ============================================================
2026-04-14 16:20:43 [INFO] scanner - 🚀 SCANNER INICIADO
2026-04-14 16:20:43 [INFO] scanner - 📅 Data/Hora: 14/04/2026 16:20:43
2026-04-14 16:20:43 [INFO] scanner - 📂 Log: logs/scanner_2026-04-14.log
2026-04-14 16:20:43 [INFO] scanner - ============================================================
2026-04-14 16:20:43 [INFO] scanner - 📝 PAPER MODE ATIVO - Apenas registro e análise
2026-04-14 16:20:46 [WARNING] root - Bloco de componentes falhou: cannot unpack non-iterable int object
2026-04-14 16:20:46 [INFO] scanner - ✅ Validações OK [BTC/USDT]: Score=7.8, R:R=2.08
2026-04-14 16:20:46 [INFO] scanner - ⏸️  Throttle ativo [BTC/USDT]:
2026-04-14 16:20:46 [INFO] scanner -    ├─ Último alerta há 1388.5 minutos
2026-04-14 16:20:46 [INFO] scanner -    ├─ Tempo mínimo: 1800 minutos
2026-04-14 16:20:46 [INFO] scanner -    └─ Próximo permitido em: 411.5 minutos
2026-04-14 16:20:47 [WARNING] root - Bloco de componentes falhou: cannot unpack non-iterable int object
2026-04-14 16:20:47 [INFO] scanner - ✅ Validações OK [BTC/USDT]: Score=7.8, R:R=2.08
2026-04-14 16:20:47 [INFO] scanner - ⏸️  Throttle ativo [BTC/USDT]:
2026-04-14 16:20:47 [INFO] scanner -    ├─ Último alerta há 1388.5 minutos
2026-04-14 16:20:47 [INFO] scanner -    ├─ Tempo mínimo: 1800 minutos
2026-04-14 16:20:47 [INFO] scanner -    └─ Próximo permitido em: 411.5 minutos
2026-04-14 16:20:49 [WARNING] root - Bloco de componentes falhou: cannot unpack non-iterable int object
2026-04-14 16:20:49 [INFO] scanner - ✅ Validações OK [ETH/USDT]: Score=7.8, R:R=2.00
2026-04-14 16:20:49 [INFO] scanner - ⏸️  Throttle ativo [ETH/USDT]:
2026-04-14 16:20:49 [INFO] scanner -    ├─ Último alerta há 1388.5 minutos
2026-04-14 16:20:49 [INFO] scanner -    ├─ Tempo mínimo: 1800 minutos
2026-04-14 16:20:49 [INFO] scanner -    └─ Próximo permitido em: 411.5 minutos
2026-04-14 16:20:49 [WARNING] root - Bloco de componentes falhou: cannot unpack non-iterable int object
2026-04-14 16:20:49 [INFO] scanner - ✅ Validações OK [ETH/USDT]: Score=7.8, R:R=2.00
2026-04-14 16:20:49 [INFO] scanner - ⏸️  Throttle ativo [ETH/USDT]:
2026-04-14 16:20:49 [INFO] scanner -    ├─ Último alerta há 1388.5 minutos
2026-04-14 16:20:49 [INFO] scanner -    ├─ Tempo mínimo: 1800 minutos
2026-04-14 16:20:49 [INFO] scanner -    └─ Próximo permitido em: 411.5 minutos
2026-04-14 17:28:34 [INFO] scanner - ============================================================
2026-04-14 17:28:34 [INFO] scanner - 🚀 SCANNER INICIADO
2026-04-14 17:28:34 [INFO] scanner - 📅 Data/Hora: 14/04/2026 17:28:34
2026-04-14 17:28:34 [INFO] scanner - 📂 Log: logs/scanner_2026-04-14.log
2026-04-14 17:28:34 [INFO] scanner - ============================================================
2026-04-14 17:28:34 [INFO] scanner - 📝 PAPER MODE ATIVO - Apenas registro e análise
2026-04-14 17:28:38 [WARNING] root - Bloco de componentes falhou: cannot unpack non-iterable int object
2026-04-14 17:28:38 [INFO] scanner - ✅ Validações OK [BTC/USDT]: Score=7.3, R:R=2.08
2026-04-14 17:28:38 [INFO] scanner - ⏸️  Throttle ativo [BTC/USDT]:
2026-04-14 17:28:38 [INFO] scanner -    ├─ Último alerta há 1456.4 minutos
2026-04-14 17:28:38 [INFO] scanner -    ├─ Tempo mínimo: 1800 minutos
2026-04-14 17:28:38 [INFO] scanner -    └─ Próximo permitido em: 343.6 minutos
2026-04-14 17:28:40 [WARNING] root - Bloco de componentes falhou: cannot unpack non-iterable int object
2026-04-14 17:28:40 [INFO] scanner - ✅ Validações OK [ETH/USDT]: Score=7.3, R:R=2.00
2026-04-14 17:28:40 [INFO] scanner - ⏸️  Throttle ativo [ETH/USDT]:
2026-04-14 17:28:40 [INFO] scanner -    ├─ Último alerta há 1456.4 minutos
2026-04-14 17:28:40 [INFO] scanner -    ├─ Tempo mínimo: 1800 minutos
2026-04-14 17:28:40 [INFO] scanner -    └─ Próximo permitido em: 343.6 minutos
2026-04-14 18:12:42 [INFO] scanner - ============================================================
2026-04-14 18:12:42 [INFO] scanner - 🚀 SCANNER INICIADO
2026-04-14 18:12:42 [INFO] scanner - 📅 Data/Hora: 14/04/2026 18:12:42
2026-04-14 18:12:42 [INFO] scanner - 📂 Log: logs/scanner_2026-04-14.log
2026-04-14 18:12:42 [INFO] scanner - ============================================================
2026-04-14 18:12:42 [INFO] scanner - 📝 PAPER MODE ATIVO - Apenas registro e análise
2026-04-14 18:12:46 [WARNING] root - Bloco de componentes falhou: cannot unpack non-iterable int object
2026-04-14 18:12:46 [INFO] scanner - ✅ Validações OK [BTC/USDT]: Score=7.3, R:R=2.08
2026-04-14 18:12:46 [INFO] scanner - ⏸️  Throttle ativo [BTC/USDT]:
2026-04-14 18:12:46 [INFO] scanner -    ├─ Último alerta há 1500.5 minutos
2026-04-14 18:12:46 [INFO] scanner -    ├─ Tempo mínimo: 1800 minutos
2026-04-14 18:12:46 [INFO] scanner -    └─ Próximo permitido em: 299.5 minutos
2026-04-14 18:12:46 [WARNING] root - Bloco de componentes falhou: cannot unpack non-iterable int object
2026-04-14 18:12:46 [INFO] scanner - ✅ Validações OK [BTC/USDT]: Score=7.3, R:R=2.08
2026-04-14 18:12:46 [INFO] scanner - ⏸️  Throttle ativo [BTC/USDT]:
2026-04-14 18:12:46 [INFO] scanner -    ├─ Último alerta há 1500.5 minutos
2026-04-14 18:12:46 [INFO] scanner -    ├─ Tempo mínimo: 1800 minutos
2026-04-14 18:12:46 [INFO] scanner -    └─ Próximo permitido em: 299.5 minutos
2026-04-14 19:05:06 [INFO] scanner - ============================================================
2026-04-14 19:05:06 [INFO] scanner - 🚀 SCANNER INICIADO
2026-04-14 19:05:06 [INFO] scanner - 📅 Data/Hora: 14/04/2026 19:05:06
2026-04-14 19:05:06 [INFO] scanner - 📂 Log: logs/scanner_2026-04-14.log
2026-04-14 19:05:06 [INFO] scanner - ============================================================
2026-04-14 19:05:06 [INFO] scanner - 📝 PAPER MODE ATIVO - Apenas registro e análise
2026-04-14 19:05:10 [WARNING] root - Bloco de componentes falhou: cannot unpack non-iterable int object
2026-04-14 19:05:10 [INFO] scanner - ✅ Validações OK [BTC/USDT]: Score=7.3, R:R=2.08
2026-04-14 19:05:10 [INFO] scanner - ⏸️  Throttle ativo [BTC/USDT]:
2026-04-14 19:05:10 [INFO] scanner -    ├─ Último alerta há 1552.9 minutos
2026-04-14 19:05:10 [INFO] scanner -    ├─ Tempo mínimo: 1800 minutos
2026-04-14 19:05:10 [INFO] scanner -    └─ Próximo permitido em: 247.1 minutos
2026-04-14 19:05:10 [WARNING] root - Bloco de componentes falhou: cannot unpack non-iterable int object
2026-04-14 19:05:10 [INFO] scanner - ✅ Validações OK [BTC/USDT]: Score=7.3, R:R=2.08
2026-04-14 19:05:10 [INFO] scanner - ⏸️  Throttle ativo [BTC/USDT]:
2026-04-14 19:05:10 [INFO] scanner -    ├─ Último alerta há 1552.9 minutos
2026-04-14 19:05:10 [INFO] scanner -    ├─ Tempo mínimo: 1800 minutos
2026-04-14 19:05:10 [INFO] scanner -    └─ Próximo permitido em: 247.1 minutos
2026-04-14 20:02:36 [INFO] scanner - ============================================================
2026-04-14 20:02:36 [INFO] scanner - 🚀 SCANNER INICIADO
2026-04-14 20:02:36 [INFO] scanner - 📅 Data/Hora: 14/04/2026 20:02:36
2026-04-14 20:02:36 [INFO] scanner - 📂 Log: logs/scanner_2026-04-14.log
2026-04-14 20:02:36 [INFO] scanner - ============================================================
2026-04-14 20:02:36 [INFO] scanner - 📝 PAPER MODE ATIVO - Apenas registro e análise
2026-04-14 20:02:39 [WARNING] root - Bloco de componentes falhou: cannot unpack non-iterable int object
2026-04-14 20:02:39 [INFO] scanner - ✅ Validações OK [BTC/USDT]: Score=7.3, R:R=2.08
2026-04-14 20:02:39 [INFO] scanner - ⏸️  Throttle ativo [BTC/USDT]:
2026-04-14 20:02:39 [INFO] scanner -    ├─ Último alerta há 1610.4 minutos
2026-04-14 20:02:39 [INFO] scanner -    ├─ Tempo mínimo: 1800 minutos
2026-04-14 20:02:39 [INFO] scanner -    └─ Próximo permitido em: 189.6 minutos
2026-04-14 20:02:40 [WARNING] root - Bloco de componentes falhou: cannot unpack non-iterable int object
2026-04-14 20:02:40 [INFO] scanner - ✅ Validações OK [BTC/USDT]: Score=7.3, R:R=2.08
2026-04-14 20:02:40 [INFO] scanner - ⏸️  Throttle ativo [BTC/USDT]:
2026-04-14 20:02:40 [INFO] scanner -    ├─ Último alerta há 1610.4 minutos
2026-04-14 20:02:40 [INFO] scanner -    ├─ Tempo mínimo: 1800 minutos
2026-04-14 20:02:40 [INFO] scanner -    └─ Próximo permitido em: 189.6 minutos
2026-04-14 20:02:42 [WARNING] root - Bloco de componentes falhou: cannot unpack non-iterable int object
2026-04-14 20:02:42 [INFO] scanner - ✅ Validações OK [ETH/USDT]: Score=7.3, R:R=2.00
2026-04-14 20:02:42 [INFO] scanner - ⏸️  Throttle ativo [ETH/USDT]:
2026-04-14 20:02:42 [INFO] scanner -    ├─ Último alerta há 1610.4 minutos
2026-04-14 20:02:42 [INFO] scanner -    ├─ Tempo mínimo: 1800 minutos
2026-04-14 20:02:42 [INFO] scanner -    └─ Próximo permitido em: 189.6 minutos
2026-04-14 20:57:36 [INFO] scanner - ============================================================
2026-04-14 20:57:36 [INFO] scanner - 🚀 SCANNER INICIADO
2026-04-14 20:57:36 [INFO] scanner - 📅 Data/Hora: 14/04/2026 20:57:36
2026-04-14 20:57:36 [INFO] scanner - 📂 Log: logs/scanner_2026-04-14.log
2026-04-14 20:57:36 [INFO] scanner - ============================================================
2026-04-14 20:57:36 [INFO] scanner - 📝 PAPER MODE ATIVO - Apenas registro e análise
2026-04-14 20:57:39 [WARNING] root - Bloco de componentes falhou: cannot unpack non-iterable int object
2026-04-14 20:57:39 [INFO] scanner - ✅ Validações OK [BTC/USDT]: Score=7.3, R:R=2.08
2026-04-14 20:57:39 [INFO] scanner - ⏸️  Throttle ativo [BTC/USDT]:
2026-04-14 20:57:39 [INFO] scanner -    ├─ Último alerta há 1665.4 minutos
2026-04-14 20:57:39 [INFO] scanner -    ├─ Tempo mínimo: 1800 minutos
2026-04-14 20:57:39 [INFO] scanner -    └─ Próximo permitido em: 134.6 minutos
2026-04-14 20:57:40 [WARNING] root - Bloco de componentes falhou: cannot unpack non-iterable int object
2026-04-14 20:57:40 [INFO] scanner - ✅ Validações OK [BTC/USDT]: Score=7.3, R:R=2.08
2026-04-14 20:57:40 [INFO] scanner - ⏸️  Throttle ativo [BTC/USDT]:
2026-04-14 20:57:40 [INFO] scanner -    ├─ Último alerta há 1665.4 minutos
2026-04-14 20:57:40 [INFO] scanner -    ├─ Tempo mínimo: 1800 minutos
2026-04-14 20:57:40 [INFO] scanner -    └─ Próximo permitido em: 134.6 minutos
2026-04-14 20:57:42 [WARNING] root - Bloco de componentes falhou: cannot unpack non-iterable int object
2026-04-14 20:57:42 [INFO] scanner - ✅ Validações OK [ETH/USDT]: Score=7.3, R:R=2.00
2026-04-14 20:57:42 [INFO] scanner - ⏸️  Throttle ativo [ETH/USDT]:
2026-04-14 20:57:42 [INFO] scanner -    ├─ Último alerta há 1665.4 minutos
2026-04-14 20:57:42 [INFO] scanner -    ├─ Tempo mínimo: 1800 minutos
2026-04-14 20:57:42 [INFO] scanner -    └─ Próximo permitido em: 134.6 minutos
