2026-05-16 04:51:27 [INFO] scanner - ============================================================
2026-05-16 04:51:27 [INFO] scanner - 🚀 SCANNER INICIADO
2026-05-16 04:51:27 [INFO] scanner - 📅 Data/Hora: 16/05/2026 04:51:27
2026-05-16 04:51:27 [INFO] scanner - 📂 Log: logs/scanner_2026-05-16.log
2026-05-16 04:51:27 [INFO] scanner - ============================================================
2026-05-16 04:51:27 [INFO] scanner - 📝 PAPER MODE ATIVO - Apenas registro e análise
2026-05-16 04:51:30 [WARNING] root - Bloco de componentes falhou: cannot unpack non-iterable int object
2026-05-16 04:51:30 [INFO] scanner - ✅ Validações OK [BTC/USDT]: Score=7.3, R:R=2.08
2026-05-16 04:51:30 [INFO] scanner - ⏸️  Throttle ativo [BTC/USDT]:
2026-05-16 04:51:30 [INFO] scanner -    ├─ Último alerta há 1391.6 minutos
2026-05-16 04:51:30 [INFO] scanner -    ├─ Tempo mínimo: 1800 minutos
2026-05-16 04:51:30 [INFO] scanner -    └─ Próximo permitido em: 408.4 minutos
2026-05-16 04:51:31 [WARNING] root - Bloco de componentes falhou: cannot unpack non-iterable int object
2026-05-16 04:51:31 [INFO] scanner - ✅ Validações OK [BTC/USDT]: Score=7.3, R:R=2.08
2026-05-16 04:51:31 [INFO] scanner - ⏸️  Throttle ativo [BTC/USDT]:
2026-05-16 04:51:31 [INFO] scanner -    ├─ Último alerta há 1391.6 minutos
2026-05-16 04:51:31 [INFO] scanner -    ├─ Tempo mínimo: 1800 minutos
2026-05-16 04:51:31 [INFO] scanner -    └─ Próximo permitido em: 408.4 minutos
2026-05-16 04:51:33 [WARNING] root - Bloco de componentes falhou: cannot unpack non-iterable int object
2026-05-16 04:51:33 [INFO] scanner - ✅ Validações OK [ETH/USDT]: Score=8.3, R:R=2.00
2026-05-16 04:51:33 [INFO] scanner - ✅ Throttle OK [ETH/USDT]: Pode enviar
2026-05-16 04:51:34 [WARNING] root - Bloco de componentes falhou: cannot unpack non-iterable int object
2026-05-16 04:51:34 [INFO] scanner - ✅ Validações OK [ETH/USDT]: Score=7.3, R:R=2.00
2026-05-16 04:51:34 [INFO] scanner - ⏸️  Throttle ativo [ETH/USDT]:
2026-05-16 04:51:34 [INFO] scanner -    ├─ Último alerta há 0.0 minutos
2026-05-16 04:51:34 [INFO] scanner -    ├─ Tempo mínimo: 1800 minutos
2026-05-16 04:51:34 [INFO] scanner -    └─ Próximo permitido em: 1800.0 minutos
2026-05-16 04:51:34 [WARNING] root - Bloco de componentes falhou: cannot unpack non-iterable int object
2026-05-16 04:51:34 [INFO] scanner - ✅ Validações OK [ETH/USDT]: Score=7.3, R:R=2.00
2026-05-16 04:51:34 [INFO] scanner - ⏸️  Throttle ativo [ETH/USDT]:
2026-05-16 04:51:34 [INFO] scanner -    ├─ Último alerta há 0.0 minutos
2026-05-16 04:51:34 [INFO] scanner -    ├─ Tempo mínimo: 1800 minutos
2026-05-16 04:51:34 [INFO] scanner -    └─ Próximo permitido em: 1800.0 minutos
2026-05-16 06:22:51 [INFO] scanner - ============================================================
2026-05-16 06:22:51 [INFO] scanner - 🚀 SCANNER INICIADO
2026-05-16 06:22:51 [INFO] scanner - 📅 Data/Hora: 16/05/2026 06:22:51
2026-05-16 06:22:51 [INFO] scanner - 📂 Log: logs/scanner_2026-05-16.log
2026-05-16 06:22:51 [INFO] scanner - ============================================================
2026-05-16 06:22:51 [INFO] scanner - 📝 PAPER MODE ATIVO - Apenas registro e análise
2026-05-16 06:22:54 [WARNING] root - Bloco de componentes falhou: cannot unpack non-iterable int object
2026-05-16 06:22:54 [INFO] scanner - ✅ Validações OK [BTC/USDT]: Score=7.3, R:R=2.08
2026-05-16 06:22:54 [INFO] scanner - ⏸️  Throttle ativo [BTC/USDT]:
2026-05-16 06:22:54 [INFO] scanner -    ├─ Último alerta há 1483.0 minutos
2026-05-16 06:22:54 [INFO] scanner -    ├─ Tempo mínimo: 1800 minutos
2026-05-16 06:22:54 [INFO] scanner -    └─ Próximo permitido em: 317.0 minutos
2026-05-16 06:22:54 [WARNING] root - Bloco de componentes falhou: cannot unpack non-iterable int object
2026-05-16 06:22:54 [INFO] scanner - ✅ Validações OK [BTC/USDT]: Score=7.3, R:R=2.08
2026-05-16 06:22:54 [INFO] scanner - ⏸️  Throttle ativo [BTC/USDT]:
2026-05-16 06:22:54 [INFO] scanner -    ├─ Último alerta há 1483.0 minutos
2026-05-16 06:22:54 [INFO] scanner -    ├─ Tempo mínimo: 1800 minutos
2026-05-16 06:22:54 [INFO] scanner -    └─ Próximo permitido em: 317.0 minutos
2026-05-16 06:22:56 [WARNING] root - Bloco de componentes falhou: cannot unpack non-iterable int object
2026-05-16 06:22:56 [INFO] scanner - ✅ Validações OK [ETH/USDT]: Score=7.8, R:R=2.00
2026-05-16 06:22:56 [INFO] scanner - ⏸️  Throttle ativo [ETH/USDT]:
2026-05-16 06:22:56 [INFO] scanner -    ├─ Último alerta há 91.4 minutos
2026-05-16 06:22:56 [INFO] scanner -    ├─ Tempo mínimo: 1800 minutos
2026-05-16 06:22:56 [INFO] scanner -    └─ Próximo permitido em: 1708.6 minutos
2026-05-16 06:22:57 [WARNING] root - Bloco de componentes falhou: cannot unpack non-iterable int object
2026-05-16 06:22:57 [INFO] scanner - ✅ Validações OK [ETH/USDT]: Score=7.8, R:R=2.00
2026-05-16 06:22:57 [INFO] scanner - ⏸️  Throttle ativo [ETH/USDT]:
2026-05-16 06:22:57 [INFO] scanner -    ├─ Último alerta há 91.4 minutos
2026-05-16 06:22:57 [INFO] scanner -    ├─ Tempo mínimo: 1800 minutos
2026-05-16 06:22:57 [INFO] scanner -    └─ Próximo permitido em: 1708.6 minutos
