2026-03-20 03:43:31 [INFO] scanner - ============================================================
2026-03-20 03:43:31 [INFO] scanner - 🚀 SCANNER INICIADO
2026-03-20 03:43:31 [INFO] scanner - 📅 Data/Hora: 20/03/2026 03:43:31
2026-03-20 03:43:31 [INFO] scanner - 📂 Log: logs/scanner_2026-03-20.log
2026-03-20 03:43:31 [INFO] scanner - ============================================================
2026-03-20 03:43:31 [INFO] scanner - 📝 PAPER MODE ATIVO - Apenas registro e análise
2026-03-20 03:43:34 [WARNING] root - Bloco de componentes falhou: cannot unpack non-iterable int object
2026-03-20 03:43:34 [INFO] scanner - ✅ Validações OK [BTC/USDT]: Score=7.3, R:R=2.08
2026-03-20 03:43:34 [INFO] scanner - ⏸️  Throttle ativo [BTC/USDT]:
2026-03-20 03:43:34 [INFO] scanner -    ├─ Último alerta há 529.3 minutos
2026-03-20 03:43:34 [INFO] scanner -    ├─ Tempo mínimo: 1800 minutos
2026-03-20 03:43:34 [INFO] scanner -    └─ Próximo permitido em: 1270.7 minutos
2026-03-20 04:35:26 [INFO] scanner - ============================================================
2026-03-20 04:35:26 [INFO] scanner - 🚀 SCANNER INICIADO
2026-03-20 04:35:26 [INFO] scanner - 📅 Data/Hora: 20/03/2026 04:35:26
2026-03-20 04:35:26 [INFO] scanner - 📂 Log: logs/scanner_2026-03-20.log
2026-03-20 04:35:26 [INFO] scanner - ============================================================
2026-03-20 04:35:26 [INFO] scanner - 📝 PAPER MODE ATIVO - Apenas registro e análise
2026-03-20 04:35:30 [WARNING] root - Bloco de componentes falhou: cannot unpack non-iterable int object
2026-03-20 04:35:30 [INFO] scanner - ✅ Validações OK [BTC/USDT]: Score=7.3, R:R=2.08
2026-03-20 04:35:30 [INFO] scanner - ⏸️  Throttle ativo [BTC/USDT]:
2026-03-20 04:35:30 [INFO] scanner -    ├─ Último alerta há 581.2 minutos
2026-03-20 04:35:30 [INFO] scanner -    ├─ Tempo mínimo: 1800 minutos
2026-03-20 04:35:30 [INFO] scanner -    └─ Próximo permitido em: 1218.8 minutos
2026-03-20 05:06:15 [INFO] scanner - ============================================================
2026-03-20 05:06:15 [INFO] scanner - 🚀 SCANNER INICIADO
2026-03-20 05:06:15 [INFO] scanner - 📅 Data/Hora: 20/03/2026 05:06:15
2026-03-20 05:06:15 [INFO] scanner - 📂 Log: logs/scanner_2026-03-20.log
2026-03-20 05:06:15 [INFO] scanner - ============================================================
2026-03-20 05:06:15 [INFO] scanner - 📝 PAPER MODE ATIVO - Apenas registro e análise
2026-03-20 05:06:19 [WARNING] root - Bloco de componentes falhou: cannot unpack non-iterable int object
2026-03-20 05:06:19 [INFO] scanner - ✅ Validações OK [BTC/USDT]: Score=7.3, R:R=2.08
2026-03-20 05:06:19 [INFO] scanner - ⏸️  Throttle ativo [BTC/USDT]:
2026-03-20 05:06:19 [INFO] scanner -    ├─ Último alerta há 612.0 minutos
2026-03-20 05:06:19 [INFO] scanner -    ├─ Tempo mínimo: 1800 minutos
2026-03-20 05:06:19 [INFO] scanner -    └─ Próximo permitido em: 1188.0 minutos
