2026-06-24 05:54:08 [INFO] scanner - ============================================================
2026-06-24 05:54:08 [INFO] scanner - 🚀 SCANNER INICIADO
2026-06-24 05:54:08 [INFO] scanner - 📅 Data/Hora: 24/06/2026 05:54:08
2026-06-24 05:54:08 [INFO] scanner - 📂 Log: logs/scanner_2026-06-24.log
2026-06-24 05:54:08 [INFO] scanner - ============================================================
2026-06-24 05:54:08 [INFO] scanner - 📝 PAPER MODE ATIVO - Apenas registro e análise
2026-06-24 08:39:27 [INFO] scanner - ============================================================
2026-06-24 08:39:27 [INFO] scanner - 🚀 SCANNER INICIADO
2026-06-24 08:39:27 [INFO] scanner - 📅 Data/Hora: 24/06/2026 08:39:27
2026-06-24 08:39:27 [INFO] scanner - 📂 Log: logs/scanner_2026-06-24.log
2026-06-24 08:39:27 [INFO] scanner - ============================================================
2026-06-24 08:39:27 [INFO] scanner - 📝 PAPER MODE ATIVO - Apenas registro e análise
2026-06-24 10:52:32 [INFO] scanner - ============================================================
2026-06-24 10:52:32 [INFO] scanner - 🚀 SCANNER INICIADO
2026-06-24 10:52:32 [INFO] scanner - 📅 Data/Hora: 24/06/2026 10:52:32
2026-06-24 10:52:32 [INFO] scanner - 📂 Log: logs/scanner_2026-06-24.log
2026-06-24 10:52:32 [INFO] scanner - ============================================================
2026-06-24 10:52:32 [INFO] scanner - 📝 PAPER MODE ATIVO - Apenas registro e análise
2026-06-24 10:52:36 [WARNING] root - Bloco de componentes falhou: cannot unpack non-iterable int object
2026-06-24 10:52:36 [INFO] scanner - ✅ Validações OK [BTC/USDT]: Score=7.3, R:R=2.08
2026-06-24 10:52:36 [INFO] scanner - ✅ Throttle OK [BTC/USDT]: Pode enviar
2026-06-24 10:52:37 [WARNING] root - Bloco de componentes falhou: cannot unpack non-iterable int object
2026-06-24 10:52:37 [INFO] scanner - ✅ Validações OK [BTC/USDT]: Score=7.3, R:R=2.08
2026-06-24 10:52:37 [INFO] scanner - ⏸️  Throttle ativo [BTC/USDT]:
2026-06-24 10:52:37 [INFO] scanner -    ├─ Último alerta há 0.0 minutos
2026-06-24 10:52:37 [INFO] scanner -    ├─ Tempo mínimo: 1800 minutos
2026-06-24 10:52:37 [INFO] scanner -    └─ Próximo permitido em: 1800.0 minutos
2026-06-24 10:52:39 [WARNING] root - Bloco de componentes falhou: cannot unpack non-iterable int object
2026-06-24 10:52:39 [INFO] scanner - ✅ Validações OK [ETH/USDT]: Score=8.8, R:R=2.00
2026-06-24 10:52:39 [INFO] scanner - ⏸️  Throttle ativo [ETH/USDT]:
2026-06-24 10:52:39 [INFO] scanner -    ├─ Último alerta há 1108.8 minutos
2026-06-24 10:52:39 [INFO] scanner -    ├─ Tempo mínimo: 1800 minutos
2026-06-24 10:52:39 [INFO] scanner -    └─ Próximo permitido em: 691.2 minutos
2026-06-24 10:52:39 [WARNING] root - Bloco de componentes falhou: cannot unpack non-iterable int object
2026-06-24 10:52:39 [INFO] scanner - ✅ Validações OK [ETH/USDT]: Score=7.3, R:R=2.00
2026-06-24 10:52:39 [INFO] scanner - ⏸️  Throttle ativo [ETH/USDT]:
2026-06-24 10:52:39 [INFO] scanner -    ├─ Último alerta há 1108.8 minutos
2026-06-24 10:52:39 [INFO] scanner -    ├─ Tempo mínimo: 1800 minutos
2026-06-24 10:52:39 [INFO] scanner -    └─ Próximo permitido em: 691.2 minutos
2026-06-24 10:52:39 [WARNING] root - Bloco de componentes falhou: cannot unpack non-iterable int object
2026-06-24 10:52:39 [INFO] scanner - ✅ Validações OK [ETH/USDT]: Score=7.3, R:R=2.00
2026-06-24 10:52:39 [INFO] scanner - ⏸️  Throttle ativo [ETH/USDT]:
2026-06-24 10:52:39 [INFO] scanner -    ├─ Último alerta há 1108.8 minutos
2026-06-24 10:52:39 [INFO] scanner -    ├─ Tempo mínimo: 1800 minutos
2026-06-24 10:52:39 [INFO] scanner -    └─ Próximo permitido em: 691.2 minutos
2026-06-24 13:09:34 [INFO] scanner - ============================================================
2026-06-24 13:09:34 [INFO] scanner - 🚀 SCANNER INICIADO
2026-06-24 13:09:34 [INFO] scanner - 📅 Data/Hora: 24/06/2026 13:09:34
2026-06-24 13:09:34 [INFO] scanner - 📂 Log: logs/scanner_2026-06-24.log
2026-06-24 13:09:34 [INFO] scanner - ============================================================
2026-06-24 13:09:34 [INFO] scanner - 📝 PAPER MODE ATIVO - Apenas registro e análise
2026-06-24 15:06:02 [INFO] scanner - ============================================================
2026-06-24 15:06:02 [INFO] scanner - 🚀 SCANNER INICIADO
2026-06-24 15:06:02 [INFO] scanner - 📅 Data/Hora: 24/06/2026 15:06:02
2026-06-24 15:06:02 [INFO] scanner - 📂 Log: logs/scanner_2026-06-24.log
2026-06-24 15:06:02 [INFO] scanner - ============================================================
2026-06-24 15:06:02 [INFO] scanner - 📝 PAPER MODE ATIVO - Apenas registro e análise
2026-06-24 17:04:06 [INFO] scanner - ============================================================
2026-06-24 17:04:06 [INFO] scanner - 🚀 SCANNER INICIADO
2026-06-24 17:04:06 [INFO] scanner - 📅 Data/Hora: 24/06/2026 17:04:06
2026-06-24 17:04:06 [INFO] scanner - 📂 Log: logs/scanner_2026-06-24.log
2026-06-24 17:04:06 [INFO] scanner - ============================================================
2026-06-24 17:04:06 [INFO] scanner - 📝 PAPER MODE ATIVO - Apenas registro e análise
