2025-11-14 03:20:24 [INFO] scanner - ============================================================
2025-11-14 03:20:24 [INFO] scanner - 🚀 SCANNER INICIADO
2025-11-14 03:20:24 [INFO] scanner - 📅 Data/Hora: 14/11/2025 03:20:24
2025-11-14 03:20:24 [INFO] scanner - 📂 Log: logs/scanner_2025-11-14.log
2025-11-14 03:20:24 [INFO] scanner - ============================================================
2025-11-14 03:20:24 [INFO] scanner - 📝 PAPER MODE ATIVO - Apenas registro e análise
2025-11-14 03:20:29 [WARNING] root - Bloco de componentes falhou: cannot unpack non-iterable int object
2025-11-14 03:20:29 [INFO] scanner - ✅ Validações OK [ETH/USDT]: Score=8.3, R:R=2.00
2025-11-14 03:20:29 [INFO] scanner - ⏸️  Throttle ativo [ETH/USDT]:
2025-11-14 03:20:29 [INFO] scanner -    ├─ Último alerta há 766.2 minutos
2025-11-14 03:20:29 [INFO] scanner -    ├─ Tempo mínimo: 1800 minutos
2025-11-14 03:20:29 [INFO] scanner -    └─ Próximo permitido em: 1033.8 minutos
2025-11-14 03:49:52 [INFO] scanner - ============================================================
2025-11-14 03:49:52 [INFO] scanner - 🚀 SCANNER INICIADO
2025-11-14 03:49:52 [INFO] scanner - 📅 Data/Hora: 14/11/2025 03:49:52
2025-11-14 03:49:52 [INFO] scanner - 📂 Log: logs/scanner_2025-11-14.log
2025-11-14 03:49:52 [INFO] scanner - ============================================================
2025-11-14 03:49:52 [INFO] scanner - 📝 PAPER MODE ATIVO - Apenas registro e análise
2025-11-14 03:49:55 [WARNING] root - Bloco de componentes falhou: cannot unpack non-iterable int object
2025-11-14 03:49:55 [INFO] scanner - ✅ Validações OK [BTC/USDT]: Score=7.3, R:R=2.08
2025-11-14 03:49:55 [INFO] scanner - ⏸️  Throttle ativo [BTC/USDT]:
2025-11-14 03:49:55 [INFO] scanner -    ├─ Último alerta há 721.7 minutos
2025-11-14 03:49:55 [INFO] scanner -    ├─ Tempo mínimo: 1800 minutos
2025-11-14 03:49:55 [INFO] scanner -    └─ Próximo permitido em: 1078.3 minutos
2025-11-14 03:49:55 [WARNING] root - Bloco de componentes falhou: cannot unpack non-iterable int object
2025-11-14 03:49:55 [INFO] scanner - ✅ Validações OK [BTC/USDT]: Score=7.3, R:R=2.08
2025-11-14 03:49:55 [INFO] scanner - ⏸️  Throttle ativo [BTC/USDT]:
2025-11-14 03:49:55 [INFO] scanner -    ├─ Último alerta há 721.7 minutos
2025-11-14 03:49:55 [INFO] scanner -    ├─ Tempo mínimo: 1800 minutos
2025-11-14 03:49:55 [INFO] scanner -    └─ Próximo permitido em: 1078.3 minutos
2025-11-14 03:49:58 [WARNING] root - Bloco de componentes falhou: cannot unpack non-iterable int object
2025-11-14 03:49:58 [INFO] scanner - ✅ Validações OK [ETH/USDT]: Score=8.3, R:R=2.00
2025-11-14 03:49:58 [INFO] scanner - ⏸️  Throttle ativo [ETH/USDT]:
2025-11-14 03:49:58 [INFO] scanner -    ├─ Último alerta há 795.6 minutos
2025-11-14 03:49:58 [INFO] scanner -    ├─ Tempo mínimo: 1800 minutos
2025-11-14 03:49:58 [INFO] scanner -    └─ Próximo permitido em: 1004.4 minutos
2025-11-14 03:49:58 [WARNING] root - Bloco de componentes falhou: cannot unpack non-iterable int object
2025-11-14 03:49:58 [INFO] scanner - ✅ Validações OK [ETH/USDT]: Score=7.3, R:R=2.00
2025-11-14 03:49:58 [INFO] scanner - ⏸️  Throttle ativo [ETH/USDT]:
2025-11-14 03:49:58 [INFO] scanner -    ├─ Último alerta há 795.7 minutos
2025-11-14 03:49:58 [INFO] scanner -    ├─ Tempo mínimo: 1800 minutos
2025-11-14 03:49:58 [INFO] scanner -    └─ Próximo permitido em: 1004.3 minutos
