2026-05-31 05:35:23 [INFO] scanner - ============================================================
2026-05-31 05:35:23 [INFO] scanner - 🚀 SCANNER INICIADO
2026-05-31 05:35:23 [INFO] scanner - 📅 Data/Hora: 31/05/2026 05:35:23
2026-05-31 05:35:23 [INFO] scanner - 📂 Log: logs/scanner_2026-05-31.log
2026-05-31 05:35:23 [INFO] scanner - ============================================================
2026-05-31 05:35:23 [INFO] scanner - 📝 PAPER MODE ATIVO - Apenas registro e análise
2026-05-31 05:35:26 [WARNING] root - Bloco de componentes falhou: cannot unpack non-iterable int object
2026-05-31 05:35:26 [INFO] scanner - ✅ Validações OK [BTC/USDT]: Score=8.5, R:R=2.08
2026-05-31 05:35:26 [INFO] scanner - ⏸️  Throttle ativo [BTC/USDT]:
2026-05-31 05:35:26 [INFO] scanner -    ├─ Último alerta há 996.1 minutos
2026-05-31 05:35:26 [INFO] scanner -    ├─ Tempo mínimo: 1800 minutos
2026-05-31 05:35:26 [INFO] scanner -    └─ Próximo permitido em: 803.9 minutos
2026-05-31 05:35:26 [WARNING] root - Bloco de componentes falhou: cannot unpack non-iterable int object
2026-05-31 05:35:26 [INFO] scanner - ✅ Validações OK [BTC/USDT]: Score=7.0, R:R=2.08
2026-05-31 05:35:26 [INFO] scanner - ⏸️  Throttle ativo [BTC/USDT]:
2026-05-31 05:35:26 [INFO] scanner -    ├─ Último alerta há 996.1 minutos
2026-05-31 05:35:26 [INFO] scanner -    ├─ Tempo mínimo: 1800 minutos
2026-05-31 05:35:26 [INFO] scanner -    └─ Próximo permitido em: 803.9 minutos
2026-05-31 07:34:28 [INFO] scanner - ============================================================
2026-05-31 07:34:28 [INFO] scanner - 🚀 SCANNER INICIADO
2026-05-31 07:34:28 [INFO] scanner - 📅 Data/Hora: 31/05/2026 07:34:28
2026-05-31 07:34:28 [INFO] scanner - 📂 Log: logs/scanner_2026-05-31.log
2026-05-31 07:34:28 [INFO] scanner - ============================================================
2026-05-31 07:34:28 [INFO] scanner - 📝 PAPER MODE ATIVO - Apenas registro e análise
2026-05-31 09:04:00 [INFO] scanner - ============================================================
2026-05-31 09:04:00 [INFO] scanner - 🚀 SCANNER INICIADO
2026-05-31 09:04:00 [INFO] scanner - 📅 Data/Hora: 31/05/2026 09:04:00
2026-05-31 09:04:00 [INFO] scanner - 📂 Log: logs/scanner_2026-05-31.log
2026-05-31 09:04:00 [INFO] scanner - ============================================================
2026-05-31 09:04:00 [INFO] scanner - 📝 PAPER MODE ATIVO - Apenas registro e análise
2026-05-31 11:09:11 [INFO] scanner - ============================================================
2026-05-31 11:09:11 [INFO] scanner - 🚀 SCANNER INICIADO
2026-05-31 11:09:11 [INFO] scanner - 📅 Data/Hora: 31/05/2026 11:09:11
2026-05-31 11:09:11 [INFO] scanner - 📂 Log: logs/scanner_2026-05-31.log
2026-05-31 11:09:11 [INFO] scanner - ============================================================
2026-05-31 11:09:11 [INFO] scanner - 📝 PAPER MODE ATIVO - Apenas registro e análise
2026-05-31 12:38:52 [INFO] scanner - ============================================================
2026-05-31 12:38:52 [INFO] scanner - 🚀 SCANNER INICIADO
2026-05-31 12:38:52 [INFO] scanner - 📅 Data/Hora: 31/05/2026 12:38:52
2026-05-31 12:38:52 [INFO] scanner - 📂 Log: logs/scanner_2026-05-31.log
2026-05-31 12:38:52 [INFO] scanner - ============================================================
2026-05-31 12:38:52 [INFO] scanner - 📝 PAPER MODE ATIVO - Apenas registro e análise
2026-05-31 13:44:34 [INFO] scanner - ============================================================
2026-05-31 13:44:34 [INFO] scanner - 🚀 SCANNER INICIADO
2026-05-31 13:44:34 [INFO] scanner - 📅 Data/Hora: 31/05/2026 13:44:34
2026-05-31 13:44:34 [INFO] scanner - 📂 Log: logs/scanner_2026-05-31.log
2026-05-31 13:44:34 [INFO] scanner - ============================================================
2026-05-31 13:44:34 [INFO] scanner - 📝 PAPER MODE ATIVO - Apenas registro e análise
2026-05-31 14:45:10 [INFO] scanner - ============================================================
2026-05-31 14:45:10 [INFO] scanner - 🚀 SCANNER INICIADO
2026-05-31 14:45:10 [INFO] scanner - 📅 Data/Hora: 31/05/2026 14:45:10
2026-05-31 14:45:10 [INFO] scanner - 📂 Log: logs/scanner_2026-05-31.log
2026-05-31 14:45:10 [INFO] scanner - ============================================================
2026-05-31 14:45:10 [INFO] scanner - 📝 PAPER MODE ATIVO - Apenas registro e análise
2026-05-31 15:52:42 [INFO] scanner - ============================================================
2026-05-31 15:52:42 [INFO] scanner - 🚀 SCANNER INICIADO
2026-05-31 15:52:42 [INFO] scanner - 📅 Data/Hora: 31/05/2026 15:52:42
2026-05-31 15:52:42 [INFO] scanner - 📂 Log: logs/scanner_2026-05-31.log
2026-05-31 15:52:42 [INFO] scanner - ============================================================
2026-05-31 15:52:42 [INFO] scanner - 📝 PAPER MODE ATIVO - Apenas registro e análise
2026-05-31 17:00:45 [INFO] scanner - ============================================================
2026-05-31 17:00:45 [INFO] scanner - 🚀 SCANNER INICIADO
2026-05-31 17:00:45 [INFO] scanner - 📅 Data/Hora: 31/05/2026 17:00:45
2026-05-31 17:00:45 [INFO] scanner - 📂 Log: logs/scanner_2026-05-31.log
2026-05-31 17:00:45 [INFO] scanner - ============================================================
2026-05-31 17:00:45 [INFO] scanner - 📝 PAPER MODE ATIVO - Apenas registro e análise
2026-05-31 17:00:50 [WARNING] root - Bloco de componentes falhou: cannot unpack non-iterable int object
2026-05-31 17:00:50 [INFO] scanner - ✅ Validações OK [ETH/USDT]: Score=8.0, R:R=2.00
2026-05-31 17:00:50 [INFO] scanner - ✅ Throttle OK [ETH/USDT]: Pode enviar
