2026-02-14 03:34:36 [INFO] scanner - ============================================================
2026-02-14 03:34:36 [INFO] scanner - 🚀 SCANNER INICIADO
2026-02-14 03:34:36 [INFO] scanner - 📅 Data/Hora: 14/02/2026 03:34:36
2026-02-14 03:34:36 [INFO] scanner - 📂 Log: logs/scanner_2026-02-14.log
2026-02-14 03:34:36 [INFO] scanner - ============================================================
2026-02-14 03:34:36 [INFO] scanner - 📝 PAPER MODE ATIVO - Apenas registro e análise
2026-02-14 03:34:39 [WARNING] root - Bloco de componentes falhou: cannot unpack non-iterable int object
2026-02-14 03:34:39 [INFO] scanner - ✅ Validações OK [BTC/USDT]: Score=7.0, R:R=2.08
2026-02-14 03:34:39 [INFO] scanner - ⏸️  Throttle ativo [BTC/USDT]:
2026-02-14 03:34:39 [INFO] scanner -    ├─ Último alerta há 635.4 minutos
2026-02-14 03:34:39 [INFO] scanner -    ├─ Tempo mínimo: 1800 minutos
2026-02-14 03:34:39 [INFO] scanner -    └─ Próximo permitido em: 1164.6 minutos
2026-02-14 03:34:42 [WARNING] root - Bloco de componentes falhou: cannot unpack non-iterable int object
2026-02-14 03:34:42 [INFO] scanner - ✅ Validações OK [ETH/USDT]: Score=7.5, R:R=2.00
2026-02-14 03:34:42 [INFO] scanner - ⏸️  Throttle ativo [ETH/USDT]:
2026-02-14 03:34:42 [INFO] scanner -    ├─ Último alerta há 635.4 minutos
2026-02-14 03:34:42 [INFO] scanner -    ├─ Tempo mínimo: 1800 minutos
2026-02-14 03:34:42 [INFO] scanner -    └─ Próximo permitido em: 1164.6 minutos
2026-02-14 03:34:42 [WARNING] root - Bloco de componentes falhou: cannot unpack non-iterable int object
2026-02-14 03:34:42 [INFO] scanner - ✅ Validações OK [ETH/USDT]: Score=7.0, R:R=2.00
2026-02-14 03:34:42 [INFO] scanner - ⏸️  Throttle ativo [ETH/USDT]:
2026-02-14 03:34:42 [INFO] scanner -    ├─ Último alerta há 635.4 minutos
2026-02-14 03:34:42 [INFO] scanner -    ├─ Tempo mínimo: 1800 minutos
2026-02-14 03:34:42 [INFO] scanner -    └─ Próximo permitido em: 1164.6 minutos
2026-02-14 04:22:28 [INFO] scanner - ============================================================
2026-02-14 04:22:28 [INFO] scanner - 🚀 SCANNER INICIADO
2026-02-14 04:22:28 [INFO] scanner - 📅 Data/Hora: 14/02/2026 04:22:28
2026-02-14 04:22:28 [INFO] scanner - 📂 Log: logs/scanner_2026-02-14.log
2026-02-14 04:22:28 [INFO] scanner - ============================================================
2026-02-14 04:22:28 [INFO] scanner - 📝 PAPER MODE ATIVO - Apenas registro e análise
2026-02-14 04:22:31 [WARNING] root - Bloco de componentes falhou: cannot unpack non-iterable int object
2026-02-14 04:22:31 [INFO] scanner - ✅ Validações OK [BTC/USDT]: Score=7.0, R:R=2.08
2026-02-14 04:22:31 [INFO] scanner - ⏸️  Throttle ativo [BTC/USDT]:
2026-02-14 04:22:31 [INFO] scanner -    ├─ Último alerta há 683.3 minutos
2026-02-14 04:22:31 [INFO] scanner -    ├─ Tempo mínimo: 1800 minutos
2026-02-14 04:22:31 [INFO] scanner -    └─ Próximo permitido em: 1116.7 minutos
2026-02-14 04:22:34 [WARNING] root - Bloco de componentes falhou: cannot unpack non-iterable int object
2026-02-14 04:22:34 [INFO] scanner - ✅ Validações OK [ETH/USDT]: Score=7.5, R:R=2.00
2026-02-14 04:22:34 [INFO] scanner - ⏸️  Throttle ativo [ETH/USDT]:
2026-02-14 04:22:34 [INFO] scanner -    ├─ Último alerta há 683.3 minutos
2026-02-14 04:22:34 [INFO] scanner -    ├─ Tempo mínimo: 1800 minutos
2026-02-14 04:22:34 [INFO] scanner -    └─ Próximo permitido em: 1116.7 minutos
2026-02-14 04:22:34 [WARNING] root - Bloco de componentes falhou: cannot unpack non-iterable int object
2026-02-14 04:22:34 [INFO] scanner - ✅ Validações OK [ETH/USDT]: Score=7.0, R:R=2.00
2026-02-14 04:22:34 [INFO] scanner - ⏸️  Throttle ativo [ETH/USDT]:
2026-02-14 04:22:34 [INFO] scanner -    ├─ Último alerta há 683.3 minutos
2026-02-14 04:22:34 [INFO] scanner -    ├─ Tempo mínimo: 1800 minutos
2026-02-14 04:22:34 [INFO] scanner -    └─ Próximo permitido em: 1116.7 minutos
2026-02-14 04:52:10 [INFO] scanner - ============================================================
2026-02-14 04:52:10 [INFO] scanner - 🚀 SCANNER INICIADO
2026-02-14 04:52:10 [INFO] scanner - 📅 Data/Hora: 14/02/2026 04:52:10
2026-02-14 04:52:10 [INFO] scanner - 📂 Log: logs/scanner_2026-02-14.log
2026-02-14 04:52:10 [INFO] scanner - ============================================================
2026-02-14 04:52:10 [INFO] scanner - 📝 PAPER MODE ATIVO - Apenas registro e análise
2026-02-14 04:52:13 [WARNING] root - Bloco de componentes falhou: cannot unpack non-iterable int object
2026-02-14 04:52:13 [INFO] scanner - ✅ Validações OK [BTC/USDT]: Score=7.0, R:R=2.08
2026-02-14 04:52:13 [INFO] scanner - ⏸️  Throttle ativo [BTC/USDT]:
2026-02-14 04:52:13 [INFO] scanner -    ├─ Último alerta há 713.0 minutos
2026-02-14 04:52:13 [INFO] scanner -    ├─ Tempo mínimo: 1800 minutos
2026-02-14 04:52:13 [INFO] scanner -    └─ Próximo permitido em: 1087.0 minutos
2026-02-14 04:52:16 [WARNING] root - Bloco de componentes falhou: cannot unpack non-iterable int object
2026-02-14 04:52:16 [INFO] scanner - ✅ Validações OK [ETH/USDT]: Score=7.5, R:R=2.00
2026-02-14 04:52:16 [INFO] scanner - ⏸️  Throttle ativo [ETH/USDT]:
2026-02-14 04:52:16 [INFO] scanner -    ├─ Último alerta há 713.0 minutos
2026-02-14 04:52:16 [INFO] scanner -    ├─ Tempo mínimo: 1800 minutos
2026-02-14 04:52:16 [INFO] scanner -    └─ Próximo permitido em: 1087.0 minutos
2026-02-14 04:52:16 [WARNING] root - Bloco de componentes falhou: cannot unpack non-iterable int object
2026-02-14 04:52:16 [INFO] scanner - ✅ Validações OK [ETH/USDT]: Score=7.0, R:R=2.00
2026-02-14 04:52:16 [INFO] scanner - ⏸️  Throttle ativo [ETH/USDT]:
2026-02-14 04:52:16 [INFO] scanner -    ├─ Último alerta há 713.0 minutos
2026-02-14 04:52:16 [INFO] scanner -    ├─ Tempo mínimo: 1800 minutos
2026-02-14 04:52:16 [INFO] scanner -    └─ Próximo permitido em: 1087.0 minutos
