2026-01-27 03:24:04 [INFO] scanner - ============================================================
2026-01-27 03:24:04 [INFO] scanner - 🚀 SCANNER INICIADO
2026-01-27 03:24:04 [INFO] scanner - 📅 Data/Hora: 27/01/2026 03:24:04
2026-01-27 03:24:04 [INFO] scanner - 📂 Log: logs/scanner_2026-01-27.log
2026-01-27 03:24:04 [INFO] scanner - ============================================================
2026-01-27 03:24:04 [INFO] scanner - 📝 PAPER MODE ATIVO - Apenas registro e análise
2026-01-27 03:24:08 [WARNING] root - Bloco de componentes falhou: cannot unpack non-iterable int object
2026-01-27 03:24:08 [INFO] scanner - ✅ Validações OK [BTC/USDT]: Score=7.3, R:R=2.08
2026-01-27 03:24:08 [INFO] scanner - ✅ Throttle OK [BTC/USDT]: Pode enviar
2026-01-27 03:24:09 [INFO] scanner - 📝 Sinal no ledger: 20260127_032409_058897 - BTC/USDT
2026-01-27 03:24:09 [INFO] scanner - 📨 Alerta enviado | ID Ledger: 20260127_032409_058897
2026-01-27 03:24:11 [WARNING] root - Bloco de componentes falhou: cannot unpack non-iterable int object
2026-01-27 03:24:11 [INFO] scanner - ✅ Validações OK [ETH/USDT]: Score=7.3, R:R=2.00
2026-01-27 03:24:11 [INFO] scanner - ⏸️  Throttle ativo [ETH/USDT]:
2026-01-27 03:24:11 [INFO] scanner -    ├─ Último alerta há 458.6 minutos
2026-01-27 03:24:11 [INFO] scanner -    ├─ Tempo mínimo: 1800 minutos
2026-01-27 03:24:11 [INFO] scanner -    └─ Próximo permitido em: 1341.4 minutos
2026-01-27 03:58:42 [INFO] scanner - ============================================================
2026-01-27 03:58:42 [INFO] scanner - 🚀 SCANNER INICIADO
2026-01-27 03:58:42 [INFO] scanner - 📅 Data/Hora: 27/01/2026 03:58:42
2026-01-27 03:58:42 [INFO] scanner - 📂 Log: logs/scanner_2026-01-27.log
2026-01-27 03:58:42 [INFO] scanner - ============================================================
2026-01-27 03:58:42 [INFO] scanner - 📝 PAPER MODE ATIVO - Apenas registro e análise
2026-01-27 03:58:45 [WARNING] root - Bloco de componentes falhou: cannot unpack non-iterable int object
2026-01-27 03:58:45 [INFO] scanner - ✅ Validações OK [BTC/USDT]: Score=7.3, R:R=2.08
2026-01-27 03:58:45 [INFO] scanner - ⏸️  Throttle ativo [BTC/USDT]:
2026-01-27 03:58:45 [INFO] scanner -    ├─ Último alerta há 34.6 minutos
2026-01-27 03:58:45 [INFO] scanner -    ├─ Tempo mínimo: 1800 minutos
2026-01-27 03:58:45 [INFO] scanner -    └─ Próximo permitido em: 1765.4 minutos
2026-01-27 03:58:47 [WARNING] root - Bloco de componentes falhou: cannot unpack non-iterable int object
2026-01-27 03:58:47 [INFO] scanner - ✅ Validações OK [ETH/USDT]: Score=7.3, R:R=2.00
2026-01-27 03:58:47 [INFO] scanner - ⏸️  Throttle ativo [ETH/USDT]:
2026-01-27 03:58:47 [INFO] scanner -    ├─ Último alerta há 493.2 minutos
2026-01-27 03:58:47 [INFO] scanner -    ├─ Tempo mínimo: 1800 minutos
2026-01-27 03:58:47 [INFO] scanner -    └─ Próximo permitido em: 1306.8 minutos
2026-01-27 04:28:40 [INFO] scanner - ============================================================
2026-01-27 04:28:40 [INFO] scanner - 🚀 SCANNER INICIADO
2026-01-27 04:28:40 [INFO] scanner - 📅 Data/Hora: 27/01/2026 04:28:40
2026-01-27 04:28:40 [INFO] scanner - 📂 Log: logs/scanner_2026-01-27.log
2026-01-27 04:28:40 [INFO] scanner - ============================================================
2026-01-27 04:28:40 [INFO] scanner - 📝 PAPER MODE ATIVO - Apenas registro e análise
2026-01-27 04:28:44 [WARNING] root - Bloco de componentes falhou: cannot unpack non-iterable int object
2026-01-27 04:28:44 [INFO] scanner - ✅ Validações OK [BTC/USDT]: Score=7.3, R:R=2.08
2026-01-27 04:28:44 [INFO] scanner - ⏸️  Throttle ativo [BTC/USDT]:
2026-01-27 04:28:44 [INFO] scanner -    ├─ Último alerta há 64.6 minutos
2026-01-27 04:28:44 [INFO] scanner -    ├─ Tempo mínimo: 1800 minutos
2026-01-27 04:28:44 [INFO] scanner -    └─ Próximo permitido em: 1735.4 minutos
2026-01-27 04:28:46 [WARNING] root - Bloco de componentes falhou: cannot unpack non-iterable int object
2026-01-27 04:28:46 [INFO] scanner - ✅ Validações OK [ETH/USDT]: Score=7.3, R:R=2.00
2026-01-27 04:28:46 [INFO] scanner - ⏸️  Throttle ativo [ETH/USDT]:
2026-01-27 04:28:46 [INFO] scanner -    ├─ Último alerta há 523.2 minutos
2026-01-27 04:28:46 [INFO] scanner -    ├─ Tempo mínimo: 1800 minutos
2026-01-27 04:28:46 [INFO] scanner -    └─ Próximo permitido em: 1276.8 minutos
2026-01-27 04:49:04 [INFO] scanner - ============================================================
2026-01-27 04:49:04 [INFO] scanner - 🚀 SCANNER INICIADO
2026-01-27 04:49:04 [INFO] scanner - 📅 Data/Hora: 27/01/2026 04:49:04
2026-01-27 04:49:04 [INFO] scanner - 📂 Log: logs/scanner_2026-01-27.log
2026-01-27 04:49:04 [INFO] scanner - ============================================================
2026-01-27 04:49:04 [INFO] scanner - 📝 PAPER MODE ATIVO - Apenas registro e análise
2026-01-27 04:49:07 [WARNING] root - Bloco de componentes falhou: cannot unpack non-iterable int object
2026-01-27 04:49:07 [INFO] scanner - ✅ Validações OK [BTC/USDT]: Score=7.3, R:R=2.08
2026-01-27 04:49:07 [INFO] scanner - ⏸️  Throttle ativo [BTC/USDT]:
2026-01-27 04:49:07 [INFO] scanner -    ├─ Último alerta há 85.0 minutos
2026-01-27 04:49:07 [INFO] scanner -    ├─ Tempo mínimo: 1800 minutos
2026-01-27 04:49:07 [INFO] scanner -    └─ Próximo permitido em: 1715.0 minutos
2026-01-27 04:49:10 [WARNING] root - Bloco de componentes falhou: cannot unpack non-iterable int object
2026-01-27 04:49:10 [INFO] scanner - ✅ Validações OK [ETH/USDT]: Score=7.3, R:R=2.00
2026-01-27 04:49:10 [INFO] scanner - ⏸️  Throttle ativo [ETH/USDT]:
2026-01-27 04:49:10 [INFO] scanner -    ├─ Último alerta há 543.6 minutos
2026-01-27 04:49:10 [INFO] scanner -    ├─ Tempo mínimo: 1800 minutos
2026-01-27 04:49:10 [INFO] scanner -    └─ Próximo permitido em: 1256.4 minutos
2026-01-27 05:22:09 [INFO] scanner - ============================================================
2026-01-27 05:22:09 [INFO] scanner - 🚀 SCANNER INICIADO
2026-01-27 05:22:09 [INFO] scanner - 📅 Data/Hora: 27/01/2026 05:22:09
2026-01-27 05:22:09 [INFO] scanner - 📂 Log: logs/scanner_2026-01-27.log
2026-01-27 05:22:09 [INFO] scanner - ============================================================
2026-01-27 05:22:09 [INFO] scanner - 📝 PAPER MODE ATIVO - Apenas registro e análise
2026-01-27 05:22:14 [WARNING] root - Bloco de componentes falhou: cannot unpack non-iterable int object
2026-01-27 05:22:14 [INFO] scanner - ✅ Validações OK [BTC/USDT]: Score=7.3, R:R=2.08
2026-01-27 05:22:14 [INFO] scanner - ⏸️  Throttle ativo [BTC/USDT]:
2026-01-27 05:22:14 [INFO] scanner -    ├─ Último alerta há 118.1 minutos
2026-01-27 05:22:14 [INFO] scanner -    ├─ Tempo mínimo: 1800 minutos
2026-01-27 05:22:14 [INFO] scanner -    └─ Próximo permitido em: 1681.9 minutos
2026-01-27 05:22:16 [WARNING] root - Bloco de componentes falhou: cannot unpack non-iterable int object
2026-01-27 05:22:16 [INFO] scanner - ✅ Validações OK [ETH/USDT]: Score=7.3, R:R=2.00
2026-01-27 05:22:16 [INFO] scanner - ⏸️  Throttle ativo [ETH/USDT]:
2026-01-27 05:22:16 [INFO] scanner -    ├─ Último alerta há 576.7 minutos
2026-01-27 05:22:16 [INFO] scanner -    ├─ Tempo mínimo: 1800 minutos
2026-01-27 05:22:16 [INFO] scanner -    └─ Próximo permitido em: 1223.3 minutos
2026-01-27 05:55:28 [INFO] scanner - ============================================================
2026-01-27 05:55:28 [INFO] scanner - 🚀 SCANNER INICIADO
2026-01-27 05:55:28 [INFO] scanner - 📅 Data/Hora: 27/01/2026 05:55:28
2026-01-27 05:55:28 [INFO] scanner - 📂 Log: logs/scanner_2026-01-27.log
2026-01-27 05:55:28 [INFO] scanner - ============================================================
2026-01-27 05:55:28 [INFO] scanner - 📝 PAPER MODE ATIVO - Apenas registro e análise
2026-01-27 05:55:31 [WARNING] root - Bloco de componentes falhou: cannot unpack non-iterable int object
2026-01-27 05:55:31 [INFO] scanner - ✅ Validações OK [BTC/USDT]: Score=7.3, R:R=2.08
2026-01-27 05:55:31 [INFO] scanner - ⏸️  Throttle ativo [BTC/USDT]:
2026-01-27 05:55:31 [INFO] scanner -    ├─ Último alerta há 151.4 minutos
2026-01-27 05:55:31 [INFO] scanner -    ├─ Tempo mínimo: 1800 minutos
2026-01-27 05:55:31 [INFO] scanner -    └─ Próximo permitido em: 1648.6 minutos
2026-01-27 05:55:34 [WARNING] root - Bloco de componentes falhou: cannot unpack non-iterable int object
2026-01-27 05:55:34 [INFO] scanner - ✅ Validações OK [ETH/USDT]: Score=7.3, R:R=2.00
2026-01-27 05:55:34 [INFO] scanner - ⏸️  Throttle ativo [ETH/USDT]:
2026-01-27 05:55:34 [INFO] scanner -    ├─ Último alerta há 610.0 minutos
2026-01-27 05:55:34 [INFO] scanner -    ├─ Tempo mínimo: 1800 minutos
2026-01-27 05:55:34 [INFO] scanner -    └─ Próximo permitido em: 1190.0 minutos
2026-01-27 06:25:36 [INFO] scanner - ============================================================
2026-01-27 06:25:36 [INFO] scanner - 🚀 SCANNER INICIADO
2026-01-27 06:25:36 [INFO] scanner - 📅 Data/Hora: 27/01/2026 06:25:36
2026-01-27 06:25:36 [INFO] scanner - 📂 Log: logs/scanner_2026-01-27.log
2026-01-27 06:25:36 [INFO] scanner - ============================================================
2026-01-27 06:25:36 [INFO] scanner - 📝 PAPER MODE ATIVO - Apenas registro e análise
2026-01-27 06:25:39 [WARNING] root - Bloco de componentes falhou: cannot unpack non-iterable int object
2026-01-27 06:25:39 [INFO] scanner - ✅ Validações OK [BTC/USDT]: Score=7.3, R:R=2.08
2026-01-27 06:25:39 [INFO] scanner - ⏸️  Throttle ativo [BTC/USDT]:
2026-01-27 06:25:39 [INFO] scanner -    ├─ Último alerta há 181.5 minutos
2026-01-27 06:25:39 [INFO] scanner -    ├─ Tempo mínimo: 1800 minutos
2026-01-27 06:25:39 [INFO] scanner -    └─ Próximo permitido em: 1618.5 minutos
2026-01-27 06:25:42 [WARNING] root - Bloco de componentes falhou: cannot unpack non-iterable int object
2026-01-27 06:25:42 [INFO] scanner - ✅ Validações OK [ETH/USDT]: Score=7.3, R:R=2.00
2026-01-27 06:25:42 [INFO] scanner - ⏸️  Throttle ativo [ETH/USDT]:
2026-01-27 06:25:42 [INFO] scanner -    ├─ Último alerta há 640.1 minutos
2026-01-27 06:25:42 [INFO] scanner -    ├─ Tempo mínimo: 1800 minutos
2026-01-27 06:25:42 [INFO] scanner -    └─ Próximo permitido em: 1159.9 minutos
2026-01-27 06:53:47 [INFO] scanner - ============================================================
2026-01-27 06:53:47 [INFO] scanner - 🚀 SCANNER INICIADO
2026-01-27 06:53:47 [INFO] scanner - 📅 Data/Hora: 27/01/2026 06:53:47
2026-01-27 06:53:47 [INFO] scanner - 📂 Log: logs/scanner_2026-01-27.log
2026-01-27 06:53:47 [INFO] scanner - ============================================================
2026-01-27 06:53:47 [INFO] scanner - 📝 PAPER MODE ATIVO - Apenas registro e análise
2026-01-27 06:53:50 [WARNING] root - Bloco de componentes falhou: cannot unpack non-iterable int object
2026-01-27 06:53:50 [INFO] scanner - ✅ Validações OK [BTC/USDT]: Score=7.3, R:R=2.08
2026-01-27 06:53:50 [INFO] scanner - ⏸️  Throttle ativo [BTC/USDT]:
2026-01-27 06:53:50 [INFO] scanner -    ├─ Último alerta há 209.7 minutos
2026-01-27 06:53:50 [INFO] scanner -    ├─ Tempo mínimo: 1800 minutos
2026-01-27 06:53:50 [INFO] scanner -    └─ Próximo permitido em: 1590.3 minutos
2026-01-27 06:53:52 [WARNING] root - Bloco de componentes falhou: cannot unpack non-iterable int object
2026-01-27 06:53:52 [INFO] scanner - ✅ Validações OK [ETH/USDT]: Score=7.3, R:R=2.00
2026-01-27 06:53:52 [INFO] scanner - ⏸️  Throttle ativo [ETH/USDT]:
2026-01-27 06:53:52 [INFO] scanner -    ├─ Último alerta há 668.3 minutos
2026-01-27 06:53:52 [INFO] scanner -    ├─ Tempo mínimo: 1800 minutos
2026-01-27 06:53:52 [INFO] scanner -    └─ Próximo permitido em: 1131.7 minutos
2026-01-27 07:19:43 [INFO] scanner - ============================================================
2026-01-27 07:19:43 [INFO] scanner - 🚀 SCANNER INICIADO
2026-01-27 07:19:43 [INFO] scanner - 📅 Data/Hora: 27/01/2026 07:19:43
2026-01-27 07:19:43 [INFO] scanner - 📂 Log: logs/scanner_2026-01-27.log
2026-01-27 07:19:43 [INFO] scanner - ============================================================
2026-01-27 07:19:43 [INFO] scanner - 📝 PAPER MODE ATIVO - Apenas registro e análise
2026-01-27 07:19:45 [WARNING] root - Bloco de componentes falhou: cannot unpack non-iterable int object
2026-01-27 07:19:45 [INFO] scanner - ✅ Validações OK [BTC/USDT]: Score=7.3, R:R=2.08
2026-01-27 07:19:45 [INFO] scanner - ⏸️  Throttle ativo [BTC/USDT]:
2026-01-27 07:19:45 [INFO] scanner -    ├─ Último alerta há 235.6 minutos
2026-01-27 07:19:45 [INFO] scanner -    ├─ Tempo mínimo: 1800 minutos
2026-01-27 07:19:45 [INFO] scanner -    └─ Próximo permitido em: 1564.4 minutos
2026-01-27 07:19:48 [WARNING] root - Bloco de componentes falhou: cannot unpack non-iterable int object
2026-01-27 07:19:48 [INFO] scanner - ✅ Validações OK [ETH/USDT]: Score=7.3, R:R=2.00
2026-01-27 07:19:48 [INFO] scanner - ⏸️  Throttle ativo [ETH/USDT]:
2026-01-27 07:19:48 [INFO] scanner -    ├─ Último alerta há 694.2 minutos
2026-01-27 07:19:48 [INFO] scanner -    ├─ Tempo mínimo: 1800 minutos
2026-01-27 07:19:48 [INFO] scanner -    └─ Próximo permitido em: 1105.8 minutos
2026-01-27 07:53:09 [INFO] scanner - ============================================================
2026-01-27 07:53:09 [INFO] scanner - 🚀 SCANNER INICIADO
2026-01-27 07:53:09 [INFO] scanner - 📅 Data/Hora: 27/01/2026 07:53:09
2026-01-27 07:53:09 [INFO] scanner - 📂 Log: logs/scanner_2026-01-27.log
2026-01-27 07:53:09 [INFO] scanner - ============================================================
2026-01-27 07:53:09 [INFO] scanner - 📝 PAPER MODE ATIVO - Apenas registro e análise
2026-01-27 07:53:12 [WARNING] root - Bloco de componentes falhou: cannot unpack non-iterable int object
2026-01-27 07:53:12 [INFO] scanner - ✅ Validações OK [BTC/USDT]: Score=7.3, R:R=2.08
2026-01-27 07:53:12 [INFO] scanner - ⏸️  Throttle ativo [BTC/USDT]:
2026-01-27 07:53:12 [INFO] scanner -    ├─ Último alerta há 269.1 minutos
2026-01-27 07:53:12 [INFO] scanner -    ├─ Tempo mínimo: 1800 minutos
2026-01-27 07:53:12 [INFO] scanner -    └─ Próximo permitido em: 1530.9 minutos
2026-01-27 07:53:14 [WARNING] root - Bloco de componentes falhou: cannot unpack non-iterable int object
2026-01-27 07:53:14 [INFO] scanner - ✅ Validações OK [ETH/USDT]: Score=7.3, R:R=2.00
2026-01-27 07:53:14 [INFO] scanner - ⏸️  Throttle ativo [ETH/USDT]:
2026-01-27 07:53:14 [INFO] scanner -    ├─ Último alerta há 727.7 minutos
2026-01-27 07:53:14 [INFO] scanner -    ├─ Tempo mínimo: 1800 minutos
2026-01-27 07:53:14 [INFO] scanner -    └─ Próximo permitido em: 1072.3 minutos
2026-01-27 08:17:15 [INFO] scanner - ============================================================
2026-01-27 08:17:15 [INFO] scanner - 🚀 SCANNER INICIADO
2026-01-27 08:17:15 [INFO] scanner - 📅 Data/Hora: 27/01/2026 08:17:15
2026-01-27 08:17:15 [INFO] scanner - 📂 Log: logs/scanner_2026-01-27.log
2026-01-27 08:17:15 [INFO] scanner - ============================================================
2026-01-27 08:17:15 [INFO] scanner - 📝 PAPER MODE ATIVO - Apenas registro e análise
2026-01-27 08:17:20 [WARNING] root - Bloco de componentes falhou: cannot unpack non-iterable int object
2026-01-27 08:17:20 [INFO] scanner - ✅ Validações OK [ETH/USDT]: Score=7.3, R:R=2.00
2026-01-27 08:17:20 [INFO] scanner - ⏸️  Throttle ativo [ETH/USDT]:
2026-01-27 08:17:20 [INFO] scanner -    ├─ Último alerta há 751.8 minutos
2026-01-27 08:17:20 [INFO] scanner -    ├─ Tempo mínimo: 1800 minutos
2026-01-27 08:17:20 [INFO] scanner -    └─ Próximo permitido em: 1048.2 minutos
2026-01-27 08:43:03 [INFO] scanner - ============================================================
2026-01-27 08:43:03 [INFO] scanner - 🚀 SCANNER INICIADO
2026-01-27 08:43:03 [INFO] scanner - 📅 Data/Hora: 27/01/2026 08:43:03
2026-01-27 08:43:03 [INFO] scanner - 📂 Log: logs/scanner_2026-01-27.log
2026-01-27 08:43:03 [INFO] scanner - ============================================================
2026-01-27 08:43:03 [INFO] scanner - 📝 PAPER MODE ATIVO - Apenas registro e análise
2026-01-27 08:43:08 [WARNING] root - Bloco de componentes falhou: cannot unpack non-iterable int object
2026-01-27 08:43:08 [INFO] scanner - ✅ Validações OK [ETH/USDT]: Score=7.3, R:R=2.00
2026-01-27 08:43:08 [INFO] scanner - ⏸️  Throttle ativo [ETH/USDT]:
2026-01-27 08:43:08 [INFO] scanner -    ├─ Último alerta há 777.6 minutos
2026-01-27 08:43:08 [INFO] scanner -    ├─ Tempo mínimo: 1800 minutos
2026-01-27 08:43:08 [INFO] scanner -    └─ Próximo permitido em: 1022.4 minutos
2026-01-27 08:55:32 [INFO] scanner - ============================================================
2026-01-27 08:55:32 [INFO] scanner - 🚀 SCANNER INICIADO
2026-01-27 08:55:32 [INFO] scanner - 📅 Data/Hora: 27/01/2026 08:55:32
2026-01-27 08:55:32 [INFO] scanner - 📂 Log: logs/scanner_2026-01-27.log
2026-01-27 08:55:32 [INFO] scanner - ============================================================
2026-01-27 08:55:32 [INFO] scanner - 📝 PAPER MODE ATIVO - Apenas registro e análise
2026-01-27 08:55:37 [WARNING] root - Bloco de componentes falhou: cannot unpack non-iterable int object
2026-01-27 08:55:37 [INFO] scanner - ✅ Validações OK [ETH/USDT]: Score=7.3, R:R=2.00
2026-01-27 08:55:37 [INFO] scanner - ⏸️  Throttle ativo [ETH/USDT]:
2026-01-27 08:55:37 [INFO] scanner -    ├─ Último alerta há 790.0 minutos
2026-01-27 08:55:37 [INFO] scanner -    ├─ Tempo mínimo: 1800 minutos
2026-01-27 08:55:37 [INFO] scanner -    └─ Próximo permitido em: 1010.0 minutos
2026-01-27 09:31:07 [INFO] scanner - ============================================================
2026-01-27 09:31:07 [INFO] scanner - 🚀 SCANNER INICIADO
2026-01-27 09:31:07 [INFO] scanner - 📅 Data/Hora: 27/01/2026 09:31:07
2026-01-27 09:31:07 [INFO] scanner - 📂 Log: logs/scanner_2026-01-27.log
2026-01-27 09:31:07 [INFO] scanner - ============================================================
2026-01-27 09:31:07 [INFO] scanner - 📝 PAPER MODE ATIVO - Apenas registro e análise
2026-01-27 09:31:12 [WARNING] root - Bloco de componentes falhou: cannot unpack non-iterable int object
2026-01-27 09:31:12 [INFO] scanner - ✅ Validações OK [ETH/USDT]: Score=7.3, R:R=2.00
2026-01-27 09:31:12 [INFO] scanner - ⏸️  Throttle ativo [ETH/USDT]:
2026-01-27 09:31:12 [INFO] scanner -    ├─ Último alerta há 825.6 minutos
2026-01-27 09:31:12 [INFO] scanner -    ├─ Tempo mínimo: 1800 minutos
2026-01-27 09:31:12 [INFO] scanner -    └─ Próximo permitido em: 974.4 minutos
2026-01-27 10:32:49 [INFO] scanner - ============================================================
2026-01-27 10:32:49 [INFO] scanner - 🚀 SCANNER INICIADO
2026-01-27 10:32:49 [INFO] scanner - 📅 Data/Hora: 27/01/2026 10:32:49
2026-01-27 10:32:49 [INFO] scanner - 📂 Log: logs/scanner_2026-01-27.log
2026-01-27 10:32:49 [INFO] scanner - ============================================================
2026-01-27 10:32:49 [INFO] scanner - 📝 PAPER MODE ATIVO - Apenas registro e análise
2026-01-27 11:05:47 [INFO] scanner - ============================================================
2026-01-27 11:05:47 [INFO] scanner - 🚀 SCANNER INICIADO
2026-01-27 11:05:47 [INFO] scanner - 📅 Data/Hora: 27/01/2026 11:05:47
2026-01-27 11:05:47 [INFO] scanner - 📂 Log: logs/scanner_2026-01-27.log
2026-01-27 11:05:47 [INFO] scanner - ============================================================
2026-01-27 11:05:47 [INFO] scanner - 📝 PAPER MODE ATIVO - Apenas registro e análise
2026-01-27 11:05:52 [WARNING] root - Bloco de componentes falhou: cannot unpack non-iterable int object
2026-01-27 11:05:52 [INFO] scanner - ✅ Validações OK [ETH/USDT]: Score=7.3, R:R=2.00
2026-01-27 11:05:52 [INFO] scanner - ⏸️  Throttle ativo [ETH/USDT]:
2026-01-27 11:05:52 [INFO] scanner -    ├─ Último alerta há 920.3 minutos
2026-01-27 11:05:52 [INFO] scanner -    ├─ Tempo mínimo: 1800 minutos
2026-01-27 11:05:52 [INFO] scanner -    └─ Próximo permitido em: 879.7 minutos
2026-01-27 11:50:03 [INFO] scanner - ============================================================
2026-01-27 11:50:03 [INFO] scanner - 🚀 SCANNER INICIADO
2026-01-27 11:50:03 [INFO] scanner - 📅 Data/Hora: 27/01/2026 11:50:03
2026-01-27 11:50:03 [INFO] scanner - 📂 Log: logs/scanner_2026-01-27.log
2026-01-27 11:50:03 [INFO] scanner - ============================================================
2026-01-27 11:50:03 [INFO] scanner - 📝 PAPER MODE ATIVO - Apenas registro e análise
2026-01-27 11:50:08 [WARNING] root - Bloco de componentes falhou: cannot unpack non-iterable int object
2026-01-27 11:50:08 [INFO] scanner - ✅ Validações OK [ETH/USDT]: Score=7.3, R:R=2.00
2026-01-27 11:50:08 [INFO] scanner - ⏸️  Throttle ativo [ETH/USDT]:
2026-01-27 11:50:08 [INFO] scanner -    ├─ Último alerta há 964.6 minutos
2026-01-27 11:50:08 [INFO] scanner -    ├─ Tempo mínimo: 1800 minutos
2026-01-27 11:50:08 [INFO] scanner -    └─ Próximo permitido em: 835.4 minutos
2026-01-27 12:23:14 [INFO] scanner - ============================================================
2026-01-27 12:23:14 [INFO] scanner - 🚀 SCANNER INICIADO
2026-01-27 12:23:14 [INFO] scanner - 📅 Data/Hora: 27/01/2026 12:23:14
2026-01-27 12:23:14 [INFO] scanner - 📂 Log: logs/scanner_2026-01-27.log
2026-01-27 12:23:14 [INFO] scanner - ============================================================
2026-01-27 12:23:14 [INFO] scanner - 📝 PAPER MODE ATIVO - Apenas registro e análise
2026-01-27 12:23:19 [WARNING] root - Bloco de componentes falhou: cannot unpack non-iterable int object
2026-01-27 12:23:19 [INFO] scanner - ✅ Validações OK [ETH/USDT]: Score=7.3, R:R=2.00
2026-01-27 12:23:19 [INFO] scanner - ⏸️  Throttle ativo [ETH/USDT]:
2026-01-27 12:23:19 [INFO] scanner -    ├─ Último alerta há 997.7 minutos
2026-01-27 12:23:19 [INFO] scanner -    ├─ Tempo mínimo: 1800 minutos
2026-01-27 12:23:19 [INFO] scanner -    └─ Próximo permitido em: 802.3 minutos
2026-01-27 12:49:20 [INFO] scanner - ============================================================
2026-01-27 12:49:20 [INFO] scanner - 🚀 SCANNER INICIADO
2026-01-27 12:49:20 [INFO] scanner - 📅 Data/Hora: 27/01/2026 12:49:20
2026-01-27 12:49:20 [INFO] scanner - 📂 Log: logs/scanner_2026-01-27.log
2026-01-27 12:49:20 [INFO] scanner - ============================================================
2026-01-27 12:49:20 [INFO] scanner - 📝 PAPER MODE ATIVO - Apenas registro e análise
2026-01-27 12:49:24 [WARNING] root - Bloco de componentes falhou: cannot unpack non-iterable int object
2026-01-27 12:49:24 [INFO] scanner - ✅ Validações OK [BTC/USDT]: Score=7.3, R:R=2.08
2026-01-27 12:49:24 [INFO] scanner - ⏸️  Throttle ativo [BTC/USDT]:
2026-01-27 12:49:24 [INFO] scanner -    ├─ Último alerta há 565.3 minutos
2026-01-27 12:49:24 [INFO] scanner -    ├─ Tempo mínimo: 1800 minutos
2026-01-27 12:49:24 [INFO] scanner -    └─ Próximo permitido em: 1234.7 minutos
2026-01-27 12:49:26 [WARNING] root - Bloco de componentes falhou: cannot unpack non-iterable int object
2026-01-27 12:49:26 [INFO] scanner - ✅ Validações OK [ETH/USDT]: Score=7.3, R:R=2.00
2026-01-27 12:49:26 [INFO] scanner - ⏸️  Throttle ativo [ETH/USDT]:
2026-01-27 12:49:26 [INFO] scanner -    ├─ Último alerta há 1023.9 minutos
2026-01-27 12:49:26 [INFO] scanner -    ├─ Tempo mínimo: 1800 minutos
2026-01-27 12:49:26 [INFO] scanner -    └─ Próximo permitido em: 776.1 minutos
2026-01-27 13:20:41 [INFO] scanner - ============================================================
2026-01-27 13:20:41 [INFO] scanner - 🚀 SCANNER INICIADO
2026-01-27 13:20:41 [INFO] scanner - 📅 Data/Hora: 27/01/2026 13:20:41
2026-01-27 13:20:41 [INFO] scanner - 📂 Log: logs/scanner_2026-01-27.log
2026-01-27 13:20:41 [INFO] scanner - ============================================================
2026-01-27 13:20:41 [INFO] scanner - 📝 PAPER MODE ATIVO - Apenas registro e análise
2026-01-27 13:20:46 [WARNING] root - Bloco de componentes falhou: cannot unpack non-iterable int object
2026-01-27 13:20:46 [INFO] scanner - ✅ Validações OK [ETH/USDT]: Score=7.8, R:R=2.00
2026-01-27 13:20:46 [INFO] scanner - ⏸️  Throttle ativo [ETH/USDT]:
2026-01-27 13:20:46 [INFO] scanner -    ├─ Último alerta há 1055.2 minutos
2026-01-27 13:20:46 [INFO] scanner -    ├─ Tempo mínimo: 1800 minutos
2026-01-27 13:20:46 [INFO] scanner -    └─ Próximo permitido em: 744.8 minutos
2026-01-27 13:20:47 [WARNING] root - Bloco de componentes falhou: cannot unpack non-iterable int object
2026-01-27 13:20:47 [INFO] scanner - ✅ Validações OK [ETH/USDT]: Score=7.8, R:R=2.00
2026-01-27 13:20:47 [INFO] scanner - ⏸️  Throttle ativo [ETH/USDT]:
2026-01-27 13:20:47 [INFO] scanner -    ├─ Último alerta há 1055.2 minutos
2026-01-27 13:20:47 [INFO] scanner -    ├─ Tempo mínimo: 1800 minutos
2026-01-27 13:20:47 [INFO] scanner -    └─ Próximo permitido em: 744.8 minutos
2026-01-27 13:20:47 [WARNING] root - Bloco de componentes falhou: cannot unpack non-iterable int object
2026-01-27 13:20:47 [INFO] scanner - ✅ Validações OK [ETH/USDT]: Score=7.8, R:R=2.00
2026-01-27 13:20:47 [INFO] scanner - ⏸️  Throttle ativo [ETH/USDT]:
2026-01-27 13:20:47 [INFO] scanner -    ├─ Último alerta há 1055.2 minutos
2026-01-27 13:20:47 [INFO] scanner -    ├─ Tempo mínimo: 1800 minutos
2026-01-27 13:20:47 [INFO] scanner -    └─ Próximo permitido em: 744.8 minutos
2026-01-27 13:55:14 [INFO] scanner - ============================================================
2026-01-27 13:55:14 [INFO] scanner - 🚀 SCANNER INICIADO
2026-01-27 13:55:14 [INFO] scanner - 📅 Data/Hora: 27/01/2026 13:55:14
2026-01-27 13:55:14 [INFO] scanner - 📂 Log: logs/scanner_2026-01-27.log
2026-01-27 13:55:14 [INFO] scanner - ============================================================
2026-01-27 13:55:14 [INFO] scanner - 📝 PAPER MODE ATIVO - Apenas registro e análise
2026-01-27 13:55:17 [WARNING] root - Bloco de componentes falhou: cannot unpack non-iterable int object
2026-01-27 13:55:17 [INFO] scanner - ✅ Validações OK [BTC/USDT]: Score=7.3, R:R=2.08
2026-01-27 13:55:17 [INFO] scanner - ⏸️  Throttle ativo [BTC/USDT]:
2026-01-27 13:55:17 [INFO] scanner -    ├─ Último alerta há 631.2 minutos
2026-01-27 13:55:17 [INFO] scanner -    ├─ Tempo mínimo: 1800 minutos
2026-01-27 13:55:17 [INFO] scanner -    └─ Próximo permitido em: 1168.8 minutos
2026-01-27 13:55:18 [WARNING] root - Bloco de componentes falhou: cannot unpack non-iterable int object
2026-01-27 13:55:18 [INFO] scanner - ✅ Validações OK [BTC/USDT]: Score=7.3, R:R=2.08
2026-01-27 13:55:18 [INFO] scanner - ⏸️  Throttle ativo [BTC/USDT]:
2026-01-27 13:55:18 [INFO] scanner -    ├─ Último alerta há 631.2 minutos
2026-01-27 13:55:18 [INFO] scanner -    ├─ Tempo mínimo: 1800 minutos
2026-01-27 13:55:18 [INFO] scanner -    └─ Próximo permitido em: 1168.8 minutos
2026-01-27 13:55:20 [WARNING] root - Bloco de componentes falhou: cannot unpack non-iterable int object
2026-01-27 13:55:20 [INFO] scanner - ✅ Validações OK [ETH/USDT]: Score=9.8, R:R=2.00
2026-01-27 13:55:20 [INFO] scanner - ⏸️  Throttle ativo [ETH/USDT]:
2026-01-27 13:55:20 [INFO] scanner -    ├─ Último alerta há 1089.7 minutos
2026-01-27 13:55:20 [INFO] scanner -    ├─ Tempo mínimo: 1800 minutos
2026-01-27 13:55:20 [INFO] scanner -    └─ Próximo permitido em: 710.3 minutos
2026-01-27 13:55:20 [WARNING] root - Bloco de componentes falhou: cannot unpack non-iterable int object
2026-01-27 13:55:20 [INFO] scanner - ✅ Validações OK [ETH/USDT]: Score=7.8, R:R=2.00
2026-01-27 13:55:20 [INFO] scanner - ⏸️  Throttle ativo [ETH/USDT]:
2026-01-27 13:55:20 [INFO] scanner -    ├─ Último alerta há 1089.8 minutos
2026-01-27 13:55:20 [INFO] scanner -    ├─ Tempo mínimo: 1800 minutos
2026-01-27 13:55:20 [INFO] scanner -    └─ Próximo permitido em: 710.2 minutos
2026-01-27 13:55:20 [WARNING] root - Bloco de componentes falhou: cannot unpack non-iterable int object
2026-01-27 13:55:20 [INFO] scanner - ✅ Validações OK [ETH/USDT]: Score=7.8, R:R=2.00
2026-01-27 13:55:20 [INFO] scanner - ⏸️  Throttle ativo [ETH/USDT]:
2026-01-27 13:55:20 [INFO] scanner -    ├─ Último alerta há 1089.8 minutos
2026-01-27 13:55:20 [INFO] scanner -    ├─ Tempo mínimo: 1800 minutos
2026-01-27 13:55:20 [INFO] scanner -    └─ Próximo permitido em: 710.2 minutos
2026-01-27 13:55:20 [WARNING] root - Bloco de componentes falhou: cannot unpack non-iterable int object
2026-01-27 13:55:20 [INFO] scanner - ✅ Validações OK [ETH/USDT]: Score=7.8, R:R=2.00
2026-01-27 13:55:20 [INFO] scanner - ⏸️  Throttle ativo [ETH/USDT]:
2026-01-27 13:55:20 [INFO] scanner -    ├─ Último alerta há 1089.8 minutos
2026-01-27 13:55:20 [INFO] scanner -    ├─ Tempo mínimo: 1800 minutos
2026-01-27 13:55:20 [INFO] scanner -    └─ Próximo permitido em: 710.2 minutos
2026-01-27 14:22:05 [INFO] scanner - ============================================================
2026-01-27 14:22:05 [INFO] scanner - 🚀 SCANNER INICIADO
2026-01-27 14:22:05 [INFO] scanner - 📅 Data/Hora: 27/01/2026 14:22:05
2026-01-27 14:22:05 [INFO] scanner - 📂 Log: logs/scanner_2026-01-27.log
2026-01-27 14:22:05 [INFO] scanner - ============================================================
2026-01-27 14:22:05 [INFO] scanner - 📝 PAPER MODE ATIVO - Apenas registro e análise
2026-01-27 14:22:10 [WARNING] root - Bloco de componentes falhou: cannot unpack non-iterable int object
2026-01-27 14:22:10 [INFO] scanner - ✅ Validações OK [ETH/USDT]: Score=7.3, R:R=2.00
2026-01-27 14:22:10 [INFO] scanner - ⏸️  Throttle ativo [ETH/USDT]:
2026-01-27 14:22:10 [INFO] scanner -    ├─ Último alerta há 1116.6 minutos
2026-01-27 14:22:10 [INFO] scanner -    ├─ Tempo mínimo: 1800 minutos
2026-01-27 14:22:10 [INFO] scanner -    └─ Próximo permitido em: 683.4 minutos
2026-01-27 14:22:10 [WARNING] root - Bloco de componentes falhou: cannot unpack non-iterable int object
2026-01-27 14:22:10 [INFO] scanner - ✅ Validações OK [ETH/USDT]: Score=7.3, R:R=2.00
2026-01-27 14:22:10 [INFO] scanner - ⏸️  Throttle ativo [ETH/USDT]:
2026-01-27 14:22:10 [INFO] scanner -    ├─ Último alerta há 1116.6 minutos
2026-01-27 14:22:10 [INFO] scanner -    ├─ Tempo mínimo: 1800 minutos
2026-01-27 14:22:10 [INFO] scanner -    └─ Próximo permitido em: 683.4 minutos
2026-01-27 14:51:29 [INFO] scanner - ============================================================
2026-01-27 14:51:29 [INFO] scanner - 🚀 SCANNER INICIADO
2026-01-27 14:51:29 [INFO] scanner - 📅 Data/Hora: 27/01/2026 14:51:29
2026-01-27 14:51:29 [INFO] scanner - 📂 Log: logs/scanner_2026-01-27.log
2026-01-27 14:51:29 [INFO] scanner - ============================================================
2026-01-27 14:51:29 [INFO] scanner - 📝 PAPER MODE ATIVO - Apenas registro e análise
2026-01-27 14:51:32 [WARNING] root - Bloco de componentes falhou: cannot unpack non-iterable int object
2026-01-27 14:51:32 [INFO] scanner - ✅ Validações OK [BTC/USDT]: Score=7.3, R:R=2.08
2026-01-27 14:51:32 [INFO] scanner - ⏸️  Throttle ativo [BTC/USDT]:
2026-01-27 14:51:32 [INFO] scanner -    ├─ Último alerta há 687.4 minutos
2026-01-27 14:51:32 [INFO] scanner -    ├─ Tempo mínimo: 1800 minutos
2026-01-27 14:51:32 [INFO] scanner -    └─ Próximo permitido em: 1112.6 minutos
2026-01-27 14:51:34 [WARNING] root - Bloco de componentes falhou: cannot unpack non-iterable int object
2026-01-27 14:51:34 [INFO] scanner - ✅ Validações OK [ETH/USDT]: Score=7.3, R:R=2.00
2026-01-27 14:51:34 [INFO] scanner - ⏸️  Throttle ativo [ETH/USDT]:
2026-01-27 14:51:34 [INFO] scanner -    ├─ Último alerta há 1146.0 minutos
2026-01-27 14:51:34 [INFO] scanner -    ├─ Tempo mínimo: 1800 minutos
2026-01-27 14:51:34 [INFO] scanner -    └─ Próximo permitido em: 654.0 minutos
2026-01-27 14:51:35 [WARNING] root - Bloco de componentes falhou: cannot unpack non-iterable int object
2026-01-27 14:51:35 [INFO] scanner - ✅ Validações OK [ETH/USDT]: Score=7.3, R:R=2.00
2026-01-27 14:51:35 [INFO] scanner - ⏸️  Throttle ativo [ETH/USDT]:
2026-01-27 14:51:35 [INFO] scanner -    ├─ Último alerta há 1146.0 minutos
2026-01-27 14:51:35 [INFO] scanner -    ├─ Tempo mínimo: 1800 minutos
2026-01-27 14:51:35 [INFO] scanner -    └─ Próximo permitido em: 654.0 minutos
2026-01-27 15:27:36 [INFO] scanner - ============================================================
2026-01-27 15:27:36 [INFO] scanner - 🚀 SCANNER INICIADO
2026-01-27 15:27:36 [INFO] scanner - 📅 Data/Hora: 27/01/2026 15:27:36
2026-01-27 15:27:36 [INFO] scanner - 📂 Log: logs/scanner_2026-01-27.log
2026-01-27 15:27:36 [INFO] scanner - ============================================================
2026-01-27 15:27:36 [INFO] scanner - 📝 PAPER MODE ATIVO - Apenas registro e análise
2026-01-27 15:27:41 [WARNING] root - Bloco de componentes falhou: cannot unpack non-iterable int object
2026-01-27 15:27:41 [INFO] scanner - ✅ Validações OK [ETH/USDT]: Score=7.3, R:R=2.00
2026-01-27 15:27:41 [INFO] scanner - ⏸️  Throttle ativo [ETH/USDT]:
2026-01-27 15:27:41 [INFO] scanner -    ├─ Último alerta há 1182.1 minutos
2026-01-27 15:27:41 [INFO] scanner -    ├─ Tempo mínimo: 1800 minutos
2026-01-27 15:27:41 [INFO] scanner -    └─ Próximo permitido em: 617.9 minutos
2026-01-27 16:02:50 [INFO] scanner - ============================================================
2026-01-27 16:02:50 [INFO] scanner - 🚀 SCANNER INICIADO
2026-01-27 16:02:50 [INFO] scanner - 📅 Data/Hora: 27/01/2026 16:02:50
2026-01-27 16:02:50 [INFO] scanner - 📂 Log: logs/scanner_2026-01-27.log
2026-01-27 16:02:50 [INFO] scanner - ============================================================
2026-01-27 16:02:50 [INFO] scanner - 📝 PAPER MODE ATIVO - Apenas registro e análise
2026-01-27 16:02:55 [WARNING] root - Bloco de componentes falhou: cannot unpack non-iterable int object
2026-01-27 16:02:55 [INFO] scanner - ✅ Validações OK [ETH/USDT]: Score=7.3, R:R=2.00
2026-01-27 16:02:55 [INFO] scanner - ⏸️  Throttle ativo [ETH/USDT]:
2026-01-27 16:02:55 [INFO] scanner -    ├─ Último alerta há 1217.3 minutos
2026-01-27 16:02:55 [INFO] scanner -    ├─ Tempo mínimo: 1800 minutos
2026-01-27 16:02:55 [INFO] scanner -    └─ Próximo permitido em: 582.7 minutos
2026-01-27 16:38:20 [INFO] scanner - ============================================================
2026-01-27 16:38:20 [INFO] scanner - 🚀 SCANNER INICIADO
2026-01-27 16:38:20 [INFO] scanner - 📅 Data/Hora: 27/01/2026 16:38:20
2026-01-27 16:38:20 [INFO] scanner - 📂 Log: logs/scanner_2026-01-27.log
2026-01-27 16:38:20 [INFO] scanner - ============================================================
2026-01-27 16:38:20 [INFO] scanner - 📝 PAPER MODE ATIVO - Apenas registro e análise
2026-01-27 16:38:24 [WARNING] root - Bloco de componentes falhou: cannot unpack non-iterable int object
2026-01-27 16:38:24 [INFO] scanner - ✅ Validações OK [BTC/USDT]: Score=7.3, R:R=2.08
2026-01-27 16:38:24 [INFO] scanner - ⏸️  Throttle ativo [BTC/USDT]:
2026-01-27 16:38:24 [INFO] scanner -    ├─ Último alerta há 794.3 minutos
2026-01-27 16:38:24 [INFO] scanner -    ├─ Tempo mínimo: 1800 minutos
2026-01-27 16:38:24 [INFO] scanner -    └─ Próximo permitido em: 1005.7 minutos
2026-01-27 16:38:26 [WARNING] root - Bloco de componentes falhou: cannot unpack non-iterable int object
2026-01-27 16:38:26 [INFO] scanner - ✅ Validações OK [ETH/USDT]: Score=7.3, R:R=2.00
2026-01-27 16:38:26 [INFO] scanner - ⏸️  Throttle ativo [ETH/USDT]:
2026-01-27 16:38:26 [INFO] scanner -    ├─ Último alerta há 1252.8 minutos
2026-01-27 16:38:26 [INFO] scanner -    ├─ Tempo mínimo: 1800 minutos
2026-01-27 16:38:26 [INFO] scanner -    └─ Próximo permitido em: 547.2 minutos
2026-01-27 16:54:33 [INFO] scanner - ============================================================
2026-01-27 16:54:33 [INFO] scanner - 🚀 SCANNER INICIADO
2026-01-27 16:54:33 [INFO] scanner - 📅 Data/Hora: 27/01/2026 16:54:33
2026-01-27 16:54:33 [INFO] scanner - 📂 Log: logs/scanner_2026-01-27.log
2026-01-27 16:54:33 [INFO] scanner - ============================================================
2026-01-27 16:54:33 [INFO] scanner - 📝 PAPER MODE ATIVO - Apenas registro e análise
2026-01-27 16:54:41 [WARNING] root - Bloco de componentes falhou: cannot unpack non-iterable int object
2026-01-27 16:54:41 [INFO] scanner - ✅ Validações OK [BTC/USDT]: Score=7.3, R:R=2.08
2026-01-27 16:54:41 [INFO] scanner - ⏸️  Throttle ativo [BTC/USDT]:
2026-01-27 16:54:41 [INFO] scanner -    ├─ Último alerta há 810.5 minutos
2026-01-27 16:54:41 [INFO] scanner -    ├─ Tempo mínimo: 1800 minutos
2026-01-27 16:54:41 [INFO] scanner -    └─ Próximo permitido em: 989.5 minutos
2026-01-27 16:54:47 [WARNING] root - Bloco de componentes falhou: cannot unpack non-iterable int object
2026-01-27 16:54:47 [INFO] scanner - ✅ Validações OK [ETH/USDT]: Score=7.3, R:R=2.00
2026-01-27 16:54:47 [INFO] scanner - ⏸️  Throttle ativo [ETH/USDT]:
2026-01-27 16:54:47 [INFO] scanner -    ├─ Último alerta há 1269.2 minutos
2026-01-27 16:54:47 [INFO] scanner -    ├─ Tempo mínimo: 1800 minutos
2026-01-27 16:54:47 [INFO] scanner -    └─ Próximo permitido em: 530.8 minutos
2026-01-27 17:15:32 [INFO] scanner - ============================================================
2026-01-27 17:15:32 [INFO] scanner - 🚀 SCANNER INICIADO
2026-01-27 17:15:32 [INFO] scanner - 📅 Data/Hora: 27/01/2026 17:15:32
2026-01-27 17:15:32 [INFO] scanner - 📂 Log: logs/scanner_2026-01-27.log
2026-01-27 17:15:32 [INFO] scanner - ============================================================
2026-01-27 17:15:32 [INFO] scanner - 📝 PAPER MODE ATIVO - Apenas registro e análise
2026-01-27 17:15:35 [WARNING] root - Bloco de componentes falhou: cannot unpack non-iterable int object
2026-01-27 17:15:35 [INFO] scanner - ✅ Validações OK [BTC/USDT]: Score=7.3, R:R=2.08
2026-01-27 17:15:35 [INFO] scanner - ⏸️  Throttle ativo [BTC/USDT]:
2026-01-27 17:15:35 [INFO] scanner -    ├─ Último alerta há 831.5 minutos
2026-01-27 17:15:35 [INFO] scanner -    ├─ Tempo mínimo: 1800 minutos
2026-01-27 17:15:35 [INFO] scanner -    └─ Próximo permitido em: 968.5 minutos
2026-01-27 17:15:37 [WARNING] root - Bloco de componentes falhou: cannot unpack non-iterable int object
2026-01-27 17:15:37 [INFO] scanner - ✅ Validações OK [ETH/USDT]: Score=7.3, R:R=2.00
2026-01-27 17:15:37 [INFO] scanner - ⏸️  Throttle ativo [ETH/USDT]:
2026-01-27 17:15:37 [INFO] scanner -    ├─ Último alerta há 1290.0 minutos
2026-01-27 17:15:37 [INFO] scanner -    ├─ Tempo mínimo: 1800 minutos
2026-01-27 17:15:37 [INFO] scanner -    └─ Próximo permitido em: 510.0 minutos
2026-01-27 17:15:38 [WARNING] root - Bloco de componentes falhou: cannot unpack non-iterable int object
2026-01-27 17:15:38 [INFO] scanner - ✅ Validações OK [ETH/USDT]: Score=7.3, R:R=2.00
2026-01-27 17:15:38 [INFO] scanner - ⏸️  Throttle ativo [ETH/USDT]:
2026-01-27 17:15:38 [INFO] scanner -    ├─ Último alerta há 1290.0 minutos
2026-01-27 17:15:38 [INFO] scanner -    ├─ Tempo mínimo: 1800 minutos
2026-01-27 17:15:38 [INFO] scanner -    └─ Próximo permitido em: 510.0 minutos
2026-01-27 17:44:52 [INFO] scanner - ============================================================
2026-01-27 17:44:52 [INFO] scanner - 🚀 SCANNER INICIADO
2026-01-27 17:44:52 [INFO] scanner - 📅 Data/Hora: 27/01/2026 17:44:52
2026-01-27 17:44:52 [INFO] scanner - 📂 Log: logs/scanner_2026-01-27.log
2026-01-27 17:44:52 [INFO] scanner - ============================================================
2026-01-27 17:44:52 [INFO] scanner - 📝 PAPER MODE ATIVO - Apenas registro e análise
2026-01-27 17:44:56 [WARNING] root - Bloco de componentes falhou: cannot unpack non-iterable int object
2026-01-27 17:44:56 [INFO] scanner - ✅ Validações OK [BTC/USDT]: Score=7.3, R:R=2.08
2026-01-27 17:44:56 [INFO] scanner - ⏸️  Throttle ativo [BTC/USDT]:
2026-01-27 17:44:56 [INFO] scanner -    ├─ Último alerta há 860.8 minutos
2026-01-27 17:44:56 [INFO] scanner -    ├─ Tempo mínimo: 1800 minutos
2026-01-27 17:44:56 [INFO] scanner -    └─ Próximo permitido em: 939.2 minutos
2026-01-27 17:44:56 [WARNING] root - Bloco de componentes falhou: cannot unpack non-iterable int object
2026-01-27 17:44:56 [INFO] scanner - ✅ Validações OK [BTC/USDT]: Score=7.3, R:R=2.08
2026-01-27 17:44:56 [INFO] scanner - ⏸️  Throttle ativo [BTC/USDT]:
2026-01-27 17:44:56 [INFO] scanner -    ├─ Último alerta há 860.8 minutos
2026-01-27 17:44:56 [INFO] scanner -    ├─ Tempo mínimo: 1800 minutos
2026-01-27 17:44:56 [INFO] scanner -    └─ Próximo permitido em: 939.2 minutos
2026-01-27 17:44:58 [WARNING] root - Bloco de componentes falhou: cannot unpack non-iterable int object
2026-01-27 17:44:58 [INFO] scanner - ✅ Validações OK [ETH/USDT]: Score=9.3, R:R=2.00
2026-01-27 17:44:58 [INFO] scanner - ⏸️  Throttle ativo [ETH/USDT]:
2026-01-27 17:44:58 [INFO] scanner -    ├─ Último alerta há 1319.4 minutos
2026-01-27 17:44:58 [INFO] scanner -    ├─ Tempo mínimo: 1800 minutos
2026-01-27 17:44:58 [INFO] scanner -    └─ Próximo permitido em: 480.6 minutos
2026-01-27 17:44:59 [WARNING] root - Bloco de componentes falhou: cannot unpack non-iterable int object
2026-01-27 17:44:59 [INFO] scanner - ✅ Validações OK [ETH/USDT]: Score=7.3, R:R=2.00
2026-01-27 17:44:59 [INFO] scanner - ⏸️  Throttle ativo [ETH/USDT]:
2026-01-27 17:44:59 [INFO] scanner -    ├─ Último alerta há 1319.4 minutos
2026-01-27 17:44:59 [INFO] scanner -    ├─ Tempo mínimo: 1800 minutos
2026-01-27 17:44:59 [INFO] scanner -    └─ Próximo permitido em: 480.6 minutos
2026-01-27 17:44:59 [WARNING] root - Bloco de componentes falhou: cannot unpack non-iterable int object
2026-01-27 17:44:59 [INFO] scanner - ✅ Validações OK [ETH/USDT]: Score=7.3, R:R=2.00
2026-01-27 17:44:59 [INFO] scanner - ⏸️  Throttle ativo [ETH/USDT]:
2026-01-27 17:44:59 [INFO] scanner -    ├─ Último alerta há 1319.4 minutos
2026-01-27 17:44:59 [INFO] scanner -    ├─ Tempo mínimo: 1800 minutos
2026-01-27 17:44:59 [INFO] scanner -    └─ Próximo permitido em: 480.6 minutos
2026-01-27 17:44:59 [WARNING] root - Bloco de componentes falhou: cannot unpack non-iterable int object
2026-01-27 17:44:59 [INFO] scanner - ✅ Validações OK [ETH/USDT]: Score=7.3, R:R=2.00
2026-01-27 17:44:59 [INFO] scanner - ⏸️  Throttle ativo [ETH/USDT]:
2026-01-27 17:44:59 [INFO] scanner -    ├─ Último alerta há 1319.4 minutos
2026-01-27 17:44:59 [INFO] scanner -    ├─ Tempo mínimo: 1800 minutos
2026-01-27 17:44:59 [INFO] scanner -    └─ Próximo permitido em: 480.6 minutos
2026-01-27 17:57:39 [INFO] scanner - ============================================================
2026-01-27 17:57:39 [INFO] scanner - 🚀 SCANNER INICIADO
2026-01-27 17:57:39 [INFO] scanner - 📅 Data/Hora: 27/01/2026 17:57:39
2026-01-27 17:57:39 [INFO] scanner - 📂 Log: logs/scanner_2026-01-27.log
2026-01-27 17:57:39 [INFO] scanner - ============================================================
2026-01-27 17:57:39 [INFO] scanner - 📝 PAPER MODE ATIVO - Apenas registro e análise
2026-01-27 17:57:42 [WARNING] root - Bloco de componentes falhou: cannot unpack non-iterable int object
2026-01-27 17:57:42 [INFO] scanner - ✅ Validações OK [BTC/USDT]: Score=7.3, R:R=2.08
2026-01-27 17:57:42 [INFO] scanner - ⏸️  Throttle ativo [BTC/USDT]:
2026-01-27 17:57:42 [INFO] scanner -    ├─ Último alerta há 873.6 minutos
2026-01-27 17:57:42 [INFO] scanner -    ├─ Tempo mínimo: 1800 minutos
2026-01-27 17:57:42 [INFO] scanner -    └─ Próximo permitido em: 926.4 minutos
2026-01-27 17:57:43 [WARNING] root - Bloco de componentes falhou: cannot unpack non-iterable int object
2026-01-27 17:57:43 [INFO] scanner - ✅ Validações OK [BTC/USDT]: Score=7.3, R:R=2.08
2026-01-27 17:57:43 [INFO] scanner - ⏸️  Throttle ativo [BTC/USDT]:
2026-01-27 17:57:43 [INFO] scanner -    ├─ Último alerta há 873.6 minutos
2026-01-27 17:57:43 [INFO] scanner -    ├─ Tempo mínimo: 1800 minutos
2026-01-27 17:57:43 [INFO] scanner -    └─ Próximo permitido em: 926.4 minutos
2026-01-27 17:57:45 [WARNING] root - Bloco de componentes falhou: cannot unpack non-iterable int object
2026-01-27 17:57:45 [INFO] scanner - ✅ Validações OK [ETH/USDT]: Score=7.8, R:R=2.00
2026-01-27 17:57:45 [INFO] scanner - ⏸️  Throttle ativo [ETH/USDT]:
2026-01-27 17:57:45 [INFO] scanner -    ├─ Último alerta há 1332.2 minutos
2026-01-27 17:57:45 [INFO] scanner -    ├─ Tempo mínimo: 1800 minutos
2026-01-27 17:57:45 [INFO] scanner -    └─ Próximo permitido em: 467.8 minutos
2026-01-27 17:57:45 [WARNING] root - Bloco de componentes falhou: cannot unpack non-iterable int object
2026-01-27 17:57:45 [INFO] scanner - ✅ Validações OK [ETH/USDT]: Score=7.8, R:R=2.00
2026-01-27 17:57:45 [INFO] scanner - ⏸️  Throttle ativo [ETH/USDT]:
2026-01-27 17:57:45 [INFO] scanner -    ├─ Último alerta há 1332.2 minutos
2026-01-27 17:57:45 [INFO] scanner -    ├─ Tempo mínimo: 1800 minutos
2026-01-27 17:57:45 [INFO] scanner -    └─ Próximo permitido em: 467.8 minutos
2026-01-27 17:57:45 [WARNING] root - Bloco de componentes falhou: cannot unpack non-iterable int object
2026-01-27 17:57:45 [INFO] scanner - ✅ Validações OK [ETH/USDT]: Score=7.8, R:R=2.00
2026-01-27 17:57:45 [INFO] scanner - ⏸️  Throttle ativo [ETH/USDT]:
2026-01-27 17:57:45 [INFO] scanner -    ├─ Último alerta há 1332.2 minutos
2026-01-27 17:57:45 [INFO] scanner -    ├─ Tempo mínimo: 1800 minutos
2026-01-27 17:57:45 [INFO] scanner -    └─ Próximo permitido em: 467.8 minutos
2026-01-27 18:16:21 [INFO] scanner - ============================================================
2026-01-27 18:16:21 [INFO] scanner - 🚀 SCANNER INICIADO
2026-01-27 18:16:21 [INFO] scanner - 📅 Data/Hora: 27/01/2026 18:16:21
2026-01-27 18:16:21 [INFO] scanner - 📂 Log: logs/scanner_2026-01-27.log
2026-01-27 18:16:21 [INFO] scanner - ============================================================
2026-01-27 18:16:21 [INFO] scanner - 📝 PAPER MODE ATIVO - Apenas registro e análise
2026-01-27 18:16:25 [WARNING] root - Bloco de componentes falhou: cannot unpack non-iterable int object
2026-01-27 18:16:25 [INFO] scanner - ✅ Validações OK [BTC/USDT]: Score=7.3, R:R=2.08
2026-01-27 18:16:25 [INFO] scanner - ⏸️  Throttle ativo [BTC/USDT]:
2026-01-27 18:16:25 [INFO] scanner -    ├─ Último alerta há 892.3 minutos
2026-01-27 18:16:25 [INFO] scanner -    ├─ Tempo mínimo: 1800 minutos
2026-01-27 18:16:25 [INFO] scanner -    └─ Próximo permitido em: 907.7 minutos
2026-01-27 18:16:27 [WARNING] root - Bloco de componentes falhou: cannot unpack non-iterable int object
2026-01-27 18:16:27 [INFO] scanner - ✅ Validações OK [ETH/USDT]: Score=7.8, R:R=2.00
2026-01-27 18:16:27 [INFO] scanner - ⏸️  Throttle ativo [ETH/USDT]:
2026-01-27 18:16:27 [INFO] scanner -    ├─ Último alerta há 1350.9 minutos
2026-01-27 18:16:27 [INFO] scanner -    ├─ Tempo mínimo: 1800 minutos
2026-01-27 18:16:27 [INFO] scanner -    └─ Próximo permitido em: 449.1 minutos
2026-01-27 18:16:27 [WARNING] root - Bloco de componentes falhou: cannot unpack non-iterable int object
2026-01-27 18:16:27 [INFO] scanner - ✅ Validações OK [ETH/USDT]: Score=7.8, R:R=2.00
2026-01-27 18:16:27 [INFO] scanner - ⏸️  Throttle ativo [ETH/USDT]:
2026-01-27 18:16:27 [INFO] scanner -    ├─ Último alerta há 1350.9 minutos
2026-01-27 18:16:27 [INFO] scanner -    ├─ Tempo mínimo: 1800 minutos
2026-01-27 18:16:27 [INFO] scanner -    └─ Próximo permitido em: 449.1 minutos
2026-01-27 18:40:29 [INFO] scanner - ============================================================
2026-01-27 18:40:29 [INFO] scanner - 🚀 SCANNER INICIADO
2026-01-27 18:40:29 [INFO] scanner - 📅 Data/Hora: 27/01/2026 18:40:29
2026-01-27 18:40:29 [INFO] scanner - 📂 Log: logs/scanner_2026-01-27.log
2026-01-27 18:40:29 [INFO] scanner - ============================================================
2026-01-27 18:40:29 [INFO] scanner - 📝 PAPER MODE ATIVO - Apenas registro e análise
2026-01-27 18:40:33 [WARNING] root - Bloco de componentes falhou: cannot unpack non-iterable int object
2026-01-27 18:40:33 [INFO] scanner - ✅ Validações OK [BTC/USDT]: Score=7.3, R:R=2.08
2026-01-27 18:40:33 [INFO] scanner - ⏸️  Throttle ativo [BTC/USDT]:
2026-01-27 18:40:33 [INFO] scanner -    ├─ Último alerta há 916.4 minutos
2026-01-27 18:40:33 [INFO] scanner -    ├─ Tempo mínimo: 1800 minutos
2026-01-27 18:40:33 [INFO] scanner -    └─ Próximo permitido em: 883.6 minutos
2026-01-27 18:40:35 [WARNING] root - Bloco de componentes falhou: cannot unpack non-iterable int object
2026-01-27 18:40:35 [INFO] scanner - ✅ Validações OK [ETH/USDT]: Score=7.8, R:R=2.00
2026-01-27 18:40:35 [INFO] scanner - ⏸️  Throttle ativo [ETH/USDT]:
2026-01-27 18:40:35 [INFO] scanner -    ├─ Último alerta há 1375.0 minutos
2026-01-27 18:40:35 [INFO] scanner -    ├─ Tempo mínimo: 1800 minutos
2026-01-27 18:40:35 [INFO] scanner -    └─ Próximo permitido em: 425.0 minutos
2026-01-27 18:40:35 [WARNING] root - Bloco de componentes falhou: cannot unpack non-iterable int object
2026-01-27 18:40:35 [INFO] scanner - ✅ Validações OK [ETH/USDT]: Score=7.3, R:R=2.00
2026-01-27 18:40:35 [INFO] scanner - ⏸️  Throttle ativo [ETH/USDT]:
2026-01-27 18:40:35 [INFO] scanner -    ├─ Último alerta há 1375.0 minutos
2026-01-27 18:40:35 [INFO] scanner -    ├─ Tempo mínimo: 1800 minutos
2026-01-27 18:40:35 [INFO] scanner -    └─ Próximo permitido em: 425.0 minutos
2026-01-27 18:40:36 [WARNING] root - Bloco de componentes falhou: cannot unpack non-iterable int object
2026-01-27 18:40:36 [INFO] scanner - ✅ Validações OK [ETH/USDT]: Score=7.3, R:R=2.00
2026-01-27 18:40:36 [INFO] scanner - ⏸️  Throttle ativo [ETH/USDT]:
2026-01-27 18:40:36 [INFO] scanner -    ├─ Último alerta há 1375.0 minutos
2026-01-27 18:40:36 [INFO] scanner -    ├─ Tempo mínimo: 1800 minutos
2026-01-27 18:40:36 [INFO] scanner -    └─ Próximo permitido em: 425.0 minutos
2026-01-27 18:51:21 [INFO] scanner - ============================================================
2026-01-27 18:51:21 [INFO] scanner - 🚀 SCANNER INICIADO
2026-01-27 18:51:21 [INFO] scanner - 📅 Data/Hora: 27/01/2026 18:51:21
2026-01-27 18:51:21 [INFO] scanner - 📂 Log: logs/scanner_2026-01-27.log
2026-01-27 18:51:21 [INFO] scanner - ============================================================
2026-01-27 18:51:21 [INFO] scanner - 📝 PAPER MODE ATIVO - Apenas registro e análise
2026-01-27 18:51:24 [WARNING] root - Bloco de componentes falhou: cannot unpack non-iterable int object
2026-01-27 18:51:24 [INFO] scanner - ✅ Validações OK [BTC/USDT]: Score=7.3, R:R=2.08
2026-01-27 18:51:24 [INFO] scanner - ⏸️  Throttle ativo [BTC/USDT]:
2026-01-27 18:51:24 [INFO] scanner -    ├─ Último alerta há 927.3 minutos
2026-01-27 18:51:24 [INFO] scanner -    ├─ Tempo mínimo: 1800 minutos
2026-01-27 18:51:24 [INFO] scanner -    └─ Próximo permitido em: 872.7 minutos
2026-01-27 18:51:26 [WARNING] root - Bloco de componentes falhou: cannot unpack non-iterable int object
2026-01-27 18:51:26 [INFO] scanner - ✅ Validações OK [ETH/USDT]: Score=7.8, R:R=2.00
2026-01-27 18:51:26 [INFO] scanner - ⏸️  Throttle ativo [ETH/USDT]:
2026-01-27 18:51:26 [INFO] scanner -    ├─ Último alerta há 1385.9 minutos
2026-01-27 18:51:26 [INFO] scanner -    ├─ Tempo mínimo: 1800 minutos
2026-01-27 18:51:26 [INFO] scanner -    └─ Próximo permitido em: 414.1 minutos
2026-01-27 18:51:27 [WARNING] root - Bloco de componentes falhou: cannot unpack non-iterable int object
2026-01-27 18:51:27 [INFO] scanner - ✅ Validações OK [ETH/USDT]: Score=7.3, R:R=2.00
2026-01-27 18:51:27 [INFO] scanner - ⏸️  Throttle ativo [ETH/USDT]:
2026-01-27 18:51:27 [INFO] scanner -    ├─ Último alerta há 1385.9 minutos
2026-01-27 18:51:27 [INFO] scanner -    ├─ Tempo mínimo: 1800 minutos
2026-01-27 18:51:27 [INFO] scanner -    └─ Próximo permitido em: 414.1 minutos
2026-01-27 18:51:27 [WARNING] root - Bloco de componentes falhou: cannot unpack non-iterable int object
2026-01-27 18:51:27 [INFO] scanner - ✅ Validações OK [ETH/USDT]: Score=7.3, R:R=2.00
2026-01-27 18:51:27 [INFO] scanner - ⏸️  Throttle ativo [ETH/USDT]:
2026-01-27 18:51:27 [INFO] scanner -    ├─ Último alerta há 1385.9 minutos
2026-01-27 18:51:27 [INFO] scanner -    ├─ Tempo mínimo: 1800 minutos
2026-01-27 18:51:27 [INFO] scanner -    └─ Próximo permitido em: 414.1 minutos
