2026-05-05 04:55:52 [INFO] scanner - ============================================================
2026-05-05 04:55:52 [INFO] scanner - 🚀 SCANNER INICIADO
2026-05-05 04:55:52 [INFO] scanner - 📅 Data/Hora: 05/05/2026 04:55:52
2026-05-05 04:55:52 [INFO] scanner - 📂 Log: logs/scanner_2026-05-05.log
2026-05-05 04:55:52 [INFO] scanner - ============================================================
2026-05-05 04:55:52 [INFO] scanner - 📝 PAPER MODE ATIVO - Apenas registro e análise
2026-05-05 04:55:55 [WARNING] root - Bloco de componentes falhou: cannot unpack non-iterable int object
2026-05-05 04:55:55 [INFO] scanner - ✅ Validações OK [BTC/USDT]: Score=10.0, R:R=2.08
2026-05-05 04:55:55 [INFO] scanner - ✅ Throttle OK [BTC/USDT]: Pode enviar
2026-05-05 04:55:56 [INFO] scanner - 📝 Sinal no ledger: 20260505_045556_096883 - BTC/USDT
2026-05-05 04:55:56 [INFO] scanner - 📨 Alerta enviado | ID Ledger: 20260505_045556_096883
2026-05-05 04:55:56 [WARNING] root - Bloco de componentes falhou: cannot unpack non-iterable int object
2026-05-05 04:55:56 [INFO] scanner - ✅ Validações OK [BTC/USDT]: Score=7.3, R:R=2.08
2026-05-05 04:55:56 [INFO] scanner - ⏸️  Throttle ativo [BTC/USDT]:
2026-05-05 04:55:56 [INFO] scanner -    ├─ Último alerta há 0.0 minutos
2026-05-05 04:55:56 [INFO] scanner -    ├─ Tempo mínimo: 1800 minutos
2026-05-05 04:55:56 [INFO] scanner -    └─ Próximo permitido em: 1800.0 minutos
2026-05-05 04:55:56 [WARNING] root - Bloco de componentes falhou: cannot unpack non-iterable int object
2026-05-05 04:55:56 [INFO] scanner - ✅ Validações OK [BTC/USDT]: Score=7.3, R:R=2.08
2026-05-05 04:55:56 [INFO] scanner - ⏸️  Throttle ativo [BTC/USDT]:
2026-05-05 04:55:56 [INFO] scanner -    ├─ Último alerta há 0.0 minutos
2026-05-05 04:55:56 [INFO] scanner -    ├─ Tempo mínimo: 1800 minutos
2026-05-05 04:55:56 [INFO] scanner -    └─ Próximo permitido em: 1800.0 minutos
2026-05-05 04:55:58 [WARNING] root - Bloco de componentes falhou: cannot unpack non-iterable int object
2026-05-05 04:55:58 [INFO] scanner - ✅ Validações OK [ETH/USDT]: Score=7.3, R:R=2.00
2026-05-05 04:55:58 [INFO] scanner - ⏸️  Throttle ativo [ETH/USDT]:
2026-05-05 04:55:58 [INFO] scanner -    ├─ Último alerta há 938.4 minutos
2026-05-05 04:55:58 [INFO] scanner -    ├─ Tempo mínimo: 1800 minutos
2026-05-05 04:55:58 [INFO] scanner -    └─ Próximo permitido em: 861.6 minutos
2026-05-05 04:55:58 [WARNING] root - Bloco de componentes falhou: cannot unpack non-iterable int object
2026-05-05 04:55:58 [INFO] scanner - ✅ Validações OK [ETH/USDT]: Score=7.3, R:R=2.00
2026-05-05 04:55:58 [INFO] scanner - ⏸️  Throttle ativo [ETH/USDT]:
2026-05-05 04:55:58 [INFO] scanner -    ├─ Último alerta há 938.4 minutos
2026-05-05 04:55:58 [INFO] scanner -    ├─ Tempo mínimo: 1800 minutos
2026-05-05 04:55:58 [INFO] scanner -    └─ Próximo permitido em: 861.6 minutos
