2025-11-12 03:20:32 [INFO] scanner - ============================================================
2025-11-12 03:20:32 [INFO] scanner - 🚀 SCANNER INICIADO
2025-11-12 03:20:32 [INFO] scanner - 📅 Data/Hora: 12/11/2025 03:20:32
2025-11-12 03:20:32 [INFO] scanner - 📂 Log: logs/scanner_2025-11-12.log
2025-11-12 03:20:32 [INFO] scanner - ============================================================
2025-11-12 03:20:32 [INFO] scanner - 📝 PAPER MODE ATIVO - Apenas registro e análise
2025-11-12 03:49:58 [INFO] scanner - ============================================================
2025-11-12 03:49:58 [INFO] scanner - 🚀 SCANNER INICIADO
2025-11-12 03:49:58 [INFO] scanner - 📅 Data/Hora: 12/11/2025 03:49:58
2025-11-12 03:49:58 [INFO] scanner - 📂 Log: logs/scanner_2025-11-12.log
2025-11-12 03:49:58 [INFO] scanner - ============================================================
2025-11-12 03:49:58 [INFO] scanner - 📝 PAPER MODE ATIVO - Apenas registro e análise
2025-11-12 04:13:34 [INFO] scanner - ============================================================
2025-11-12 04:13:34 [INFO] scanner - 🚀 SCANNER INICIADO
2025-11-12 04:13:34 [INFO] scanner - 📅 Data/Hora: 12/11/2025 04:13:34
2025-11-12 04:13:34 [INFO] scanner - 📂 Log: logs/scanner_2025-11-12.log
2025-11-12 04:13:34 [INFO] scanner - ============================================================
2025-11-12 04:13:34 [INFO] scanner - 📝 PAPER MODE ATIVO - Apenas registro e análise
2025-11-12 04:31:00 [INFO] scanner - ============================================================
2025-11-12 04:31:00 [INFO] scanner - 🚀 SCANNER INICIADO
2025-11-12 04:31:00 [INFO] scanner - 📅 Data/Hora: 12/11/2025 04:31:00
2025-11-12 04:31:00 [INFO] scanner - 📂 Log: logs/scanner_2025-11-12.log
2025-11-12 04:31:00 [INFO] scanner - ============================================================
2025-11-12 04:31:00 [INFO] scanner - 📝 PAPER MODE ATIVO - Apenas registro e análise
2025-11-12 04:48:26 [INFO] scanner - ============================================================
2025-11-12 04:48:26 [INFO] scanner - 🚀 SCANNER INICIADO
2025-11-12 04:48:26 [INFO] scanner - 📅 Data/Hora: 12/11/2025 04:48:26
2025-11-12 04:48:26 [INFO] scanner - 📂 Log: logs/scanner_2025-11-12.log
2025-11-12 04:48:26 [INFO] scanner - ============================================================
2025-11-12 04:48:26 [INFO] scanner - 📝 PAPER MODE ATIVO - Apenas registro e análise
2025-11-12 05:18:40 [INFO] scanner - ============================================================
2025-11-12 05:18:40 [INFO] scanner - 🚀 SCANNER INICIADO
2025-11-12 05:18:40 [INFO] scanner - 📅 Data/Hora: 12/11/2025 05:18:40
2025-11-12 05:18:40 [INFO] scanner - 📂 Log: logs/scanner_2025-11-12.log
2025-11-12 05:18:40 [INFO] scanner - ============================================================
2025-11-12 05:18:40 [INFO] scanner - 📝 PAPER MODE ATIVO - Apenas registro e análise
2025-11-12 05:47:47 [INFO] scanner - ============================================================
2025-11-12 05:47:47 [INFO] scanner - 🚀 SCANNER INICIADO
2025-11-12 05:47:47 [INFO] scanner - 📅 Data/Hora: 12/11/2025 05:47:47
2025-11-12 05:47:47 [INFO] scanner - 📂 Log: logs/scanner_2025-11-12.log
2025-11-12 05:47:47 [INFO] scanner - ============================================================
2025-11-12 05:47:47 [INFO] scanner - 📝 PAPER MODE ATIVO - Apenas registro e análise
2025-11-12 06:15:26 [INFO] scanner - ============================================================
2025-11-12 06:15:26 [INFO] scanner - 🚀 SCANNER INICIADO
2025-11-12 06:15:26 [INFO] scanner - 📅 Data/Hora: 12/11/2025 06:15:26
2025-11-12 06:15:26 [INFO] scanner - 📂 Log: logs/scanner_2025-11-12.log
2025-11-12 06:15:26 [INFO] scanner - ============================================================
2025-11-12 06:15:26 [INFO] scanner - 📝 PAPER MODE ATIVO - Apenas registro e análise
2025-11-12 06:15:30 [WARNING] root - Bloco de componentes falhou: cannot unpack non-iterable int object
2025-11-12 06:15:30 [INFO] scanner - ✅ Validações OK [BTC/USDT]: Score=7.3, R:R=2.08
2025-11-12 06:15:30 [INFO] scanner - ⏸️  Throttle ativo [BTC/USDT]:
2025-11-12 06:15:30 [INFO] scanner -    ├─ Último alerta há 1615.0 minutos
2025-11-12 06:15:30 [INFO] scanner -    ├─ Tempo mínimo: 1800 minutos
2025-11-12 06:15:30 [INFO] scanner -    └─ Próximo permitido em: 185.0 minutos
2025-11-12 06:35:46 [INFO] scanner - ============================================================
2025-11-12 06:35:46 [INFO] scanner - 🚀 SCANNER INICIADO
2025-11-12 06:35:46 [INFO] scanner - 📅 Data/Hora: 12/11/2025 06:35:46
2025-11-12 06:35:46 [INFO] scanner - 📂 Log: logs/scanner_2025-11-12.log
2025-11-12 06:35:46 [INFO] scanner - ============================================================
2025-11-12 06:35:46 [INFO] scanner - 📝 PAPER MODE ATIVO - Apenas registro e análise
2025-11-12 06:35:50 [WARNING] root - Bloco de componentes falhou: cannot unpack non-iterable int object
2025-11-12 06:35:50 [INFO] scanner - ✅ Validações OK [BTC/USDT]: Score=7.8, R:R=2.08
2025-11-12 06:35:50 [INFO] scanner - ⏸️  Throttle ativo [BTC/USDT]:
2025-11-12 06:35:50 [INFO] scanner -    ├─ Último alerta há 1635.3 minutos
2025-11-12 06:35:50 [INFO] scanner -    ├─ Tempo mínimo: 1800 minutos
2025-11-12 06:35:50 [INFO] scanner -    └─ Próximo permitido em: 164.7 minutos
2025-11-12 06:35:50 [WARNING] root - Bloco de componentes falhou: cannot unpack non-iterable int object
2025-11-12 06:35:50 [INFO] scanner - ✅ Validações OK [BTC/USDT]: Score=7.8, R:R=2.08
2025-11-12 06:35:50 [INFO] scanner - ⏸️  Throttle ativo [BTC/USDT]:
2025-11-12 06:35:50 [INFO] scanner -    ├─ Último alerta há 1635.3 minutos
2025-11-12 06:35:50 [INFO] scanner -    ├─ Tempo mínimo: 1800 minutos
2025-11-12 06:35:50 [INFO] scanner -    └─ Próximo permitido em: 164.7 minutos
2025-11-12 06:35:50 [WARNING] root - Bloco de componentes falhou: cannot unpack non-iterable int object
2025-11-12 06:35:50 [INFO] scanner - ✅ Validações OK [BTC/USDT]: Score=7.8, R:R=2.08
2025-11-12 06:35:50 [INFO] scanner - ⏸️  Throttle ativo [BTC/USDT]:
2025-11-12 06:35:50 [INFO] scanner -    ├─ Último alerta há 1635.3 minutos
2025-11-12 06:35:50 [INFO] scanner -    ├─ Tempo mínimo: 1800 minutos
2025-11-12 06:35:50 [INFO] scanner -    └─ Próximo permitido em: 164.7 minutos
2025-11-12 06:49:58 [INFO] scanner - ============================================================
2025-11-12 06:49:58 [INFO] scanner - 🚀 SCANNER INICIADO
2025-11-12 06:49:58 [INFO] scanner - 📅 Data/Hora: 12/11/2025 06:49:58
2025-11-12 06:49:58 [INFO] scanner - 📂 Log: logs/scanner_2025-11-12.log
2025-11-12 06:49:58 [INFO] scanner - ============================================================
2025-11-12 06:49:58 [INFO] scanner - 📝 PAPER MODE ATIVO - Apenas registro e análise
2025-11-12 06:50:01 [WARNING] root - Bloco de componentes falhou: cannot unpack non-iterable int object
2025-11-12 06:50:01 [INFO] scanner - ✅ Validações OK [BTC/USDT]: Score=7.8, R:R=2.08
2025-11-12 06:50:01 [INFO] scanner - ⏸️  Throttle ativo [BTC/USDT]:
2025-11-12 06:50:01 [INFO] scanner -    ├─ Último alerta há 1649.5 minutos
2025-11-12 06:50:01 [INFO] scanner -    ├─ Tempo mínimo: 1800 minutos
2025-11-12 06:50:01 [INFO] scanner -    └─ Próximo permitido em: 150.5 minutos
2025-11-12 06:50:02 [WARNING] root - Bloco de componentes falhou: cannot unpack non-iterable int object
2025-11-12 06:50:02 [INFO] scanner - ✅ Validações OK [BTC/USDT]: Score=7.8, R:R=2.08
2025-11-12 06:50:02 [INFO] scanner - ⏸️  Throttle ativo [BTC/USDT]:
2025-11-12 06:50:02 [INFO] scanner -    ├─ Último alerta há 1649.5 minutos
2025-11-12 06:50:02 [INFO] scanner -    ├─ Tempo mínimo: 1800 minutos
2025-11-12 06:50:02 [INFO] scanner -    └─ Próximo permitido em: 150.5 minutos
2025-11-12 06:50:02 [WARNING] root - Bloco de componentes falhou: cannot unpack non-iterable int object
2025-11-12 06:50:02 [INFO] scanner - ✅ Validações OK [BTC/USDT]: Score=7.8, R:R=2.08
2025-11-12 06:50:02 [INFO] scanner - ⏸️  Throttle ativo [BTC/USDT]:
2025-11-12 06:50:02 [INFO] scanner -    ├─ Último alerta há 1649.5 minutos
2025-11-12 06:50:02 [INFO] scanner -    ├─ Tempo mínimo: 1800 minutos
2025-11-12 06:50:02 [INFO] scanner -    └─ Próximo permitido em: 150.5 minutos
2025-11-12 07:14:54 [INFO] scanner - ============================================================
2025-11-12 07:14:54 [INFO] scanner - 🚀 SCANNER INICIADO
2025-11-12 07:14:54 [INFO] scanner - 📅 Data/Hora: 12/11/2025 07:14:54
2025-11-12 07:14:54 [INFO] scanner - 📂 Log: logs/scanner_2025-11-12.log
2025-11-12 07:14:54 [INFO] scanner - ============================================================
2025-11-12 07:14:54 [INFO] scanner - 📝 PAPER MODE ATIVO - Apenas registro e análise
2025-11-12 07:14:57 [WARNING] root - Bloco de componentes falhou: cannot unpack non-iterable int object
2025-11-12 07:14:57 [INFO] scanner - ✅ Validações OK [BTC/USDT]: Score=7.3, R:R=2.08
2025-11-12 07:14:57 [INFO] scanner - ⏸️  Throttle ativo [BTC/USDT]:
2025-11-12 07:14:57 [INFO] scanner -    ├─ Último alerta há 1674.4 minutos
2025-11-12 07:14:57 [INFO] scanner -    ├─ Tempo mínimo: 1800 minutos
2025-11-12 07:14:57 [INFO] scanner -    └─ Próximo permitido em: 125.6 minutos
2025-11-12 07:14:58 [WARNING] root - Bloco de componentes falhou: cannot unpack non-iterable int object
2025-11-12 07:14:58 [INFO] scanner - ✅ Validações OK [BTC/USDT]: Score=7.3, R:R=2.08
2025-11-12 07:14:58 [INFO] scanner - ⏸️  Throttle ativo [BTC/USDT]:
2025-11-12 07:14:58 [INFO] scanner -    ├─ Último alerta há 1674.4 minutos
2025-11-12 07:14:58 [INFO] scanner -    ├─ Tempo mínimo: 1800 minutos
2025-11-12 07:14:58 [INFO] scanner -    └─ Próximo permitido em: 125.6 minutos
2025-11-12 07:40:39 [INFO] scanner - ============================================================
2025-11-12 07:40:39 [INFO] scanner - 🚀 SCANNER INICIADO
2025-11-12 07:40:39 [INFO] scanner - 📅 Data/Hora: 12/11/2025 07:40:39
2025-11-12 07:40:39 [INFO] scanner - 📂 Log: logs/scanner_2025-11-12.log
2025-11-12 07:40:39 [INFO] scanner - ============================================================
2025-11-12 07:40:39 [INFO] scanner - 📝 PAPER MODE ATIVO - Apenas registro e análise
2025-11-12 07:40:43 [WARNING] root - Bloco de componentes falhou: cannot unpack non-iterable int object
2025-11-12 07:40:43 [INFO] scanner - ✅ Validações OK [BTC/USDT]: Score=7.3, R:R=2.08
2025-11-12 07:40:43 [INFO] scanner - ⏸️  Throttle ativo [BTC/USDT]:
2025-11-12 07:40:43 [INFO] scanner -    ├─ Último alerta há 1700.2 minutos
2025-11-12 07:40:43 [INFO] scanner -    ├─ Tempo mínimo: 1800 minutos
2025-11-12 07:40:43 [INFO] scanner -    └─ Próximo permitido em: 99.8 minutos
2025-11-12 07:40:43 [WARNING] root - Bloco de componentes falhou: cannot unpack non-iterable int object
2025-11-12 07:40:43 [INFO] scanner - ✅ Validações OK [BTC/USDT]: Score=7.3, R:R=2.08
2025-11-12 07:40:43 [INFO] scanner - ⏸️  Throttle ativo [BTC/USDT]:
2025-11-12 07:40:43 [INFO] scanner -    ├─ Último alerta há 1700.2 minutos
2025-11-12 07:40:43 [INFO] scanner -    ├─ Tempo mínimo: 1800 minutos
2025-11-12 07:40:43 [INFO] scanner -    └─ Próximo permitido em: 99.8 minutos
2025-11-12 07:53:15 [INFO] scanner - ============================================================
2025-11-12 07:53:15 [INFO] scanner - 🚀 SCANNER INICIADO
2025-11-12 07:53:15 [INFO] scanner - 📅 Data/Hora: 12/11/2025 07:53:15
2025-11-12 07:53:15 [INFO] scanner - 📂 Log: logs/scanner_2025-11-12.log
2025-11-12 07:53:15 [INFO] scanner - ============================================================
2025-11-12 07:53:15 [INFO] scanner - 📝 PAPER MODE ATIVO - Apenas registro e análise
2025-11-12 07:53:18 [WARNING] root - Bloco de componentes falhou: cannot unpack non-iterable int object
2025-11-12 07:53:18 [INFO] scanner - ✅ Validações OK [BTC/USDT]: Score=7.3, R:R=2.08
2025-11-12 07:53:18 [INFO] scanner - ⏸️  Throttle ativo [BTC/USDT]:
2025-11-12 07:53:18 [INFO] scanner -    ├─ Último alerta há 1712.8 minutos
2025-11-12 07:53:18 [INFO] scanner -    ├─ Tempo mínimo: 1800 minutos
2025-11-12 07:53:18 [INFO] scanner -    └─ Próximo permitido em: 87.2 minutos
2025-11-12 07:53:19 [WARNING] root - Bloco de componentes falhou: cannot unpack non-iterable int object
2025-11-12 07:53:19 [INFO] scanner - ✅ Validações OK [BTC/USDT]: Score=7.3, R:R=2.08
2025-11-12 07:53:19 [INFO] scanner - ⏸️  Throttle ativo [BTC/USDT]:
2025-11-12 07:53:19 [INFO] scanner -    ├─ Último alerta há 1712.8 minutos
2025-11-12 07:53:19 [INFO] scanner -    ├─ Tempo mínimo: 1800 minutos
2025-11-12 07:53:19 [INFO] scanner -    └─ Próximo permitido em: 87.2 minutos
2025-11-12 08:12:04 [INFO] scanner - ============================================================
2025-11-12 08:12:04 [INFO] scanner - 🚀 SCANNER INICIADO
2025-11-12 08:12:04 [INFO] scanner - 📅 Data/Hora: 12/11/2025 08:12:04
2025-11-12 08:12:04 [INFO] scanner - 📂 Log: logs/scanner_2025-11-12.log
2025-11-12 08:12:04 [INFO] scanner - ============================================================
2025-11-12 08:12:04 [INFO] scanner - 📝 PAPER MODE ATIVO - Apenas registro e análise
2025-11-12 08:12:08 [WARNING] root - Bloco de componentes falhou: cannot unpack non-iterable int object
2025-11-12 08:12:08 [INFO] scanner - ✅ Validações OK [BTC/USDT]: Score=7.3, R:R=2.08
2025-11-12 08:12:08 [INFO] scanner - ⏸️  Throttle ativo [BTC/USDT]:
2025-11-12 08:12:08 [INFO] scanner -    ├─ Último alerta há 1731.6 minutos
2025-11-12 08:12:08 [INFO] scanner -    ├─ Tempo mínimo: 1800 minutos
2025-11-12 08:12:08 [INFO] scanner -    └─ Próximo permitido em: 68.4 minutos
2025-11-12 08:12:09 [WARNING] root - Bloco de componentes falhou: cannot unpack non-iterable int object
2025-11-12 08:12:09 [INFO] scanner - ✅ Validações OK [BTC/USDT]: Score=7.3, R:R=2.08
2025-11-12 08:12:09 [INFO] scanner - ⏸️  Throttle ativo [BTC/USDT]:
2025-11-12 08:12:09 [INFO] scanner -    ├─ Último alerta há 1731.6 minutos
2025-11-12 08:12:09 [INFO] scanner -    ├─ Tempo mínimo: 1800 minutos
2025-11-12 08:12:09 [INFO] scanner -    └─ Próximo permitido em: 68.4 minutos
2025-11-12 08:12:11 [WARNING] root - Bloco de componentes falhou: cannot unpack non-iterable int object
2025-11-12 08:12:11 [INFO] scanner - ✅ Validações OK [ETH/USDT]: Score=7.3, R:R=2.00
2025-11-12 08:12:11 [INFO] scanner - ✅ Throttle OK [ETH/USDT]: Pode enviar
2025-11-12 08:12:11 [INFO] scanner - 📝 Sinal no ledger: 20251112_081211_980009 - ETH/USDT
2025-11-12 08:12:11 [INFO] scanner - 📨 Alerta enviado | ID Ledger: 20251112_081211_980009
2025-11-12 08:28:36 [INFO] scanner - ============================================================
2025-11-12 08:28:36 [INFO] scanner - 🚀 SCANNER INICIADO
2025-11-12 08:28:36 [INFO] scanner - 📅 Data/Hora: 12/11/2025 08:28:36
2025-11-12 08:28:36 [INFO] scanner - 📂 Log: logs/scanner_2025-11-12.log
2025-11-12 08:28:36 [INFO] scanner - ============================================================
2025-11-12 08:28:36 [INFO] scanner - 📝 PAPER MODE ATIVO - Apenas registro e análise
2025-11-12 08:28:40 [WARNING] root - Bloco de componentes falhou: cannot unpack non-iterable int object
2025-11-12 08:28:40 [INFO] scanner - ✅ Validações OK [BTC/USDT]: Score=7.3, R:R=2.08
2025-11-12 08:28:40 [INFO] scanner - ⏸️  Throttle ativo [BTC/USDT]:
2025-11-12 08:28:40 [INFO] scanner -    ├─ Último alerta há 1748.1 minutos
2025-11-12 08:28:40 [INFO] scanner -    ├─ Tempo mínimo: 1800 minutos
2025-11-12 08:28:40 [INFO] scanner -    └─ Próximo permitido em: 51.9 minutos
2025-11-12 08:28:42 [WARNING] root - Bloco de componentes falhou: cannot unpack non-iterable int object
2025-11-12 08:28:42 [INFO] scanner - ✅ Validações OK [ETH/USDT]: Score=7.3, R:R=2.00
2025-11-12 08:28:42 [INFO] scanner - ⏸️  Throttle ativo [ETH/USDT]:
2025-11-12 08:28:42 [INFO] scanner -    ├─ Último alerta há 16.5 minutos
2025-11-12 08:28:42 [INFO] scanner -    ├─ Tempo mínimo: 1800 minutos
2025-11-12 08:28:42 [INFO] scanner -    └─ Próximo permitido em: 1783.5 minutos
2025-11-12 08:38:46 [INFO] scanner - ============================================================
2025-11-12 08:38:46 [INFO] scanner - 🚀 SCANNER INICIADO
2025-11-12 08:38:46 [INFO] scanner - 📅 Data/Hora: 12/11/2025 08:38:46
2025-11-12 08:38:46 [INFO] scanner - 📂 Log: logs/scanner_2025-11-12.log
2025-11-12 08:38:46 [INFO] scanner - ============================================================
2025-11-12 08:38:46 [INFO] scanner - 📝 PAPER MODE ATIVO - Apenas registro e análise
2025-11-12 08:38:49 [WARNING] root - Bloco de componentes falhou: cannot unpack non-iterable int object
2025-11-12 08:38:49 [INFO] scanner - ✅ Validações OK [BTC/USDT]: Score=7.3, R:R=2.08
2025-11-12 08:38:49 [INFO] scanner - ⏸️  Throttle ativo [BTC/USDT]:
2025-11-12 08:38:49 [INFO] scanner -    ├─ Último alerta há 1758.3 minutos
2025-11-12 08:38:49 [INFO] scanner -    ├─ Tempo mínimo: 1800 minutos
2025-11-12 08:38:49 [INFO] scanner -    └─ Próximo permitido em: 41.7 minutos
2025-11-12 08:38:52 [WARNING] root - Bloco de componentes falhou: cannot unpack non-iterable int object
2025-11-12 08:38:52 [INFO] scanner - ✅ Validações OK [ETH/USDT]: Score=7.3, R:R=2.00
2025-11-12 08:38:52 [INFO] scanner - ⏸️  Throttle ativo [ETH/USDT]:
2025-11-12 08:38:52 [INFO] scanner -    ├─ Último alerta há 26.7 minutos
2025-11-12 08:38:52 [INFO] scanner -    ├─ Tempo mínimo: 1800 minutos
2025-11-12 08:38:52 [INFO] scanner -    └─ Próximo permitido em: 1773.3 minutos
2025-11-12 08:47:46 [INFO] scanner - ============================================================
2025-11-12 08:47:46 [INFO] scanner - 🚀 SCANNER INICIADO
2025-11-12 08:47:46 [INFO] scanner - 📅 Data/Hora: 12/11/2025 08:47:46
2025-11-12 08:47:46 [INFO] scanner - 📂 Log: logs/scanner_2025-11-12.log
2025-11-12 08:47:46 [INFO] scanner - ============================================================
2025-11-12 08:47:46 [INFO] scanner - 📝 PAPER MODE ATIVO - Apenas registro e análise
2025-11-12 08:47:50 [WARNING] root - Bloco de componentes falhou: cannot unpack non-iterable int object
2025-11-12 08:47:50 [INFO] scanner - ✅ Validações OK [BTC/USDT]: Score=7.3, R:R=2.08
2025-11-12 08:47:50 [INFO] scanner - ⏸️  Throttle ativo [BTC/USDT]:
2025-11-12 08:47:50 [INFO] scanner -    ├─ Último alerta há 1767.3 minutos
2025-11-12 08:47:50 [INFO] scanner -    ├─ Tempo mínimo: 1800 minutos
2025-11-12 08:47:50 [INFO] scanner -    └─ Próximo permitido em: 32.7 minutos
2025-11-12 08:47:52 [WARNING] root - Bloco de componentes falhou: cannot unpack non-iterable int object
2025-11-12 08:47:52 [INFO] scanner - ✅ Validações OK [ETH/USDT]: Score=7.3, R:R=2.00
2025-11-12 08:47:52 [INFO] scanner - ⏸️  Throttle ativo [ETH/USDT]:
2025-11-12 08:47:52 [INFO] scanner -    ├─ Último alerta há 35.7 minutos
2025-11-12 08:47:52 [INFO] scanner -    ├─ Tempo mínimo: 1800 minutos
2025-11-12 08:47:52 [INFO] scanner -    └─ Próximo permitido em: 1764.3 minutos
2025-11-12 09:26:30 [INFO] scanner - ============================================================
2025-11-12 09:26:30 [INFO] scanner - 🚀 SCANNER INICIADO
2025-11-12 09:26:30 [INFO] scanner - 📅 Data/Hora: 12/11/2025 09:26:30
2025-11-12 09:26:30 [INFO] scanner - 📂 Log: logs/scanner_2025-11-12.log
2025-11-12 09:26:30 [INFO] scanner - ============================================================
2025-11-12 09:26:30 [INFO] scanner - 📝 PAPER MODE ATIVO - Apenas registro e análise
2025-11-12 09:26:34 [WARNING] root - Bloco de componentes falhou: cannot unpack non-iterable int object
2025-11-12 09:26:34 [INFO] scanner - ✅ Validações OK [BTC/USDT]: Score=7.3, R:R=2.08
2025-11-12 09:26:34 [INFO] scanner - ✅ Throttle OK [BTC/USDT]: Pode enviar
2025-11-12 09:26:35 [INFO] scanner - 📝 Sinal no ledger: 20251112_092635_163930 - BTC/USDT
2025-11-12 09:26:35 [INFO] scanner - 📨 Alerta enviado | ID Ledger: 20251112_092635_163930
2025-11-12 09:26:37 [WARNING] root - Bloco de componentes falhou: cannot unpack non-iterable int object
2025-11-12 09:26:37 [INFO] scanner - ✅ Validações OK [ETH/USDT]: Score=7.3, R:R=2.00
2025-11-12 09:26:37 [INFO] scanner - ⏸️  Throttle ativo [ETH/USDT]:
2025-11-12 09:26:37 [INFO] scanner -    ├─ Último alerta há 74.4 minutos
2025-11-12 09:26:37 [INFO] scanner -    ├─ Tempo mínimo: 1800 minutos
2025-11-12 09:26:37 [INFO] scanner -    └─ Próximo permitido em: 1725.6 minutos
2025-11-12 10:08:41 [INFO] scanner - ============================================================
2025-11-12 10:08:41 [INFO] scanner - 🚀 SCANNER INICIADO
2025-11-12 10:08:41 [INFO] scanner - 📅 Data/Hora: 12/11/2025 10:08:41
2025-11-12 10:08:41 [INFO] scanner - 📂 Log: logs/scanner_2025-11-12.log
2025-11-12 10:08:41 [INFO] scanner - ============================================================
2025-11-12 10:08:41 [INFO] scanner - 📝 PAPER MODE ATIVO - Apenas registro e análise
2025-11-12 10:08:45 [WARNING] root - Bloco de componentes falhou: cannot unpack non-iterable int object
2025-11-12 10:08:45 [INFO] scanner - ✅ Validações OK [BTC/USDT]: Score=7.3, R:R=2.08
2025-11-12 10:08:45 [INFO] scanner - ⏸️  Throttle ativo [BTC/USDT]:
2025-11-12 10:08:45 [INFO] scanner -    ├─ Último alerta há 42.2 minutos
2025-11-12 10:08:45 [INFO] scanner -    ├─ Tempo mínimo: 1800 minutos
2025-11-12 10:08:45 [INFO] scanner -    └─ Próximo permitido em: 1757.8 minutos
2025-11-12 10:08:45 [WARNING] root - Bloco de componentes falhou: cannot unpack non-iterable int object
2025-11-12 10:08:45 [INFO] scanner - ✅ Validações OK [BTC/USDT]: Score=7.3, R:R=2.08
2025-11-12 10:08:45 [INFO] scanner - ⏸️  Throttle ativo [BTC/USDT]:
2025-11-12 10:08:45 [INFO] scanner -    ├─ Último alerta há 42.2 minutos
2025-11-12 10:08:45 [INFO] scanner -    ├─ Tempo mínimo: 1800 minutos
2025-11-12 10:08:45 [INFO] scanner -    └─ Próximo permitido em: 1757.8 minutos
2025-11-12 10:08:47 [WARNING] root - Bloco de componentes falhou: cannot unpack non-iterable int object
2025-11-12 10:08:47 [INFO] scanner - ✅ Validações OK [ETH/USDT]: Score=7.3, R:R=2.00
2025-11-12 10:08:47 [INFO] scanner - ⏸️  Throttle ativo [ETH/USDT]:
2025-11-12 10:08:47 [INFO] scanner -    ├─ Último alerta há 116.6 minutos
2025-11-12 10:08:47 [INFO] scanner -    ├─ Tempo mínimo: 1800 minutos
2025-11-12 10:08:47 [INFO] scanner -    └─ Próximo permitido em: 1683.4 minutos
2025-11-12 10:44:27 [INFO] scanner - ============================================================
2025-11-12 10:44:27 [INFO] scanner - 🚀 SCANNER INICIADO
2025-11-12 10:44:27 [INFO] scanner - 📅 Data/Hora: 12/11/2025 10:44:27
2025-11-12 10:44:27 [INFO] scanner - 📂 Log: logs/scanner_2025-11-12.log
2025-11-12 10:44:27 [INFO] scanner - ============================================================
2025-11-12 10:44:27 [INFO] scanner - 📝 PAPER MODE ATIVO - Apenas registro e análise
2025-11-12 10:44:31 [WARNING] root - Bloco de componentes falhou: cannot unpack non-iterable int object
2025-11-12 10:44:31 [INFO] scanner - ✅ Validações OK [BTC/USDT]: Score=7.3, R:R=2.08
2025-11-12 10:44:31 [INFO] scanner - ⏸️  Throttle ativo [BTC/USDT]:
2025-11-12 10:44:31 [INFO] scanner -    ├─ Último alerta há 78.0 minutos
2025-11-12 10:44:31 [INFO] scanner -    ├─ Tempo mínimo: 1800 minutos
2025-11-12 10:44:31 [INFO] scanner -    └─ Próximo permitido em: 1722.0 minutos
2025-11-12 10:44:34 [WARNING] root - Bloco de componentes falhou: cannot unpack non-iterable int object
2025-11-12 10:44:34 [INFO] scanner - ✅ Validações OK [ETH/USDT]: Score=7.3, R:R=2.00
2025-11-12 10:44:34 [INFO] scanner - ⏸️  Throttle ativo [ETH/USDT]:
2025-11-12 10:44:34 [INFO] scanner -    ├─ Último alerta há 152.4 minutos
2025-11-12 10:44:34 [INFO] scanner -    ├─ Tempo mínimo: 1800 minutos
2025-11-12 10:44:34 [INFO] scanner -    └─ Próximo permitido em: 1647.6 minutos
2025-11-12 10:55:15 [INFO] scanner - ============================================================
2025-11-12 10:55:15 [INFO] scanner - 🚀 SCANNER INICIADO
2025-11-12 10:55:15 [INFO] scanner - 📅 Data/Hora: 12/11/2025 10:55:15
2025-11-12 10:55:15 [INFO] scanner - 📂 Log: logs/scanner_2025-11-12.log
2025-11-12 10:55:15 [INFO] scanner - ============================================================
2025-11-12 10:55:15 [INFO] scanner - 📝 PAPER MODE ATIVO - Apenas registro e análise
2025-11-12 10:55:18 [WARNING] root - Bloco de componentes falhou: cannot unpack non-iterable int object
2025-11-12 10:55:18 [INFO] scanner - ✅ Validações OK [BTC/USDT]: Score=7.3, R:R=2.08
2025-11-12 10:55:18 [INFO] scanner - ⏸️  Throttle ativo [BTC/USDT]:
2025-11-12 10:55:18 [INFO] scanner -    ├─ Último alerta há 88.7 minutos
2025-11-12 10:55:18 [INFO] scanner -    ├─ Tempo mínimo: 1800 minutos
2025-11-12 10:55:18 [INFO] scanner -    └─ Próximo permitido em: 1711.3 minutos
2025-11-12 10:55:21 [WARNING] root - Bloco de componentes falhou: cannot unpack non-iterable int object
2025-11-12 10:55:21 [INFO] scanner - ✅ Validações OK [ETH/USDT]: Score=7.3, R:R=2.00
2025-11-12 10:55:21 [INFO] scanner - ⏸️  Throttle ativo [ETH/USDT]:
2025-11-12 10:55:21 [INFO] scanner -    ├─ Último alerta há 163.2 minutos
2025-11-12 10:55:21 [INFO] scanner -    ├─ Tempo mínimo: 1800 minutos
2025-11-12 10:55:21 [INFO] scanner -    └─ Próximo permitido em: 1636.8 minutos
2025-11-12 11:14:08 [INFO] scanner - ============================================================
2025-11-12 11:14:08 [INFO] scanner - 🚀 SCANNER INICIADO
2025-11-12 11:14:08 [INFO] scanner - 📅 Data/Hora: 12/11/2025 11:14:08
2025-11-12 11:14:08 [INFO] scanner - 📂 Log: logs/scanner_2025-11-12.log
2025-11-12 11:14:08 [INFO] scanner - ============================================================
2025-11-12 11:14:08 [INFO] scanner - 📝 PAPER MODE ATIVO - Apenas registro e análise
2025-11-12 11:14:12 [WARNING] root - Bloco de componentes falhou: cannot unpack non-iterable int object
2025-11-12 11:14:12 [INFO] scanner - ✅ Validações OK [BTC/USDT]: Score=7.3, R:R=2.08
2025-11-12 11:14:12 [INFO] scanner - ⏸️  Throttle ativo [BTC/USDT]:
2025-11-12 11:14:12 [INFO] scanner -    ├─ Último alerta há 107.6 minutos
2025-11-12 11:14:12 [INFO] scanner -    ├─ Tempo mínimo: 1800 minutos
2025-11-12 11:14:12 [INFO] scanner -    └─ Próximo permitido em: 1692.4 minutos
2025-11-12 11:14:14 [WARNING] root - Bloco de componentes falhou: cannot unpack non-iterable int object
2025-11-12 11:14:14 [INFO] scanner - ✅ Validações OK [ETH/USDT]: Score=7.3, R:R=2.00
2025-11-12 11:14:14 [INFO] scanner - ⏸️  Throttle ativo [ETH/USDT]:
2025-11-12 11:14:14 [INFO] scanner -    ├─ Último alerta há 182.1 minutos
2025-11-12 11:14:14 [INFO] scanner -    ├─ Tempo mínimo: 1800 minutos
2025-11-12 11:14:14 [INFO] scanner -    └─ Próximo permitido em: 1617.9 minutos
2025-11-12 11:37:22 [INFO] scanner - ============================================================
2025-11-12 11:37:22 [INFO] scanner - 🚀 SCANNER INICIADO
2025-11-12 11:37:22 [INFO] scanner - 📅 Data/Hora: 12/11/2025 11:37:22
2025-11-12 11:37:22 [INFO] scanner - 📂 Log: logs/scanner_2025-11-12.log
2025-11-12 11:37:22 [INFO] scanner - ============================================================
2025-11-12 11:37:22 [INFO] scanner - 📝 PAPER MODE ATIVO - Apenas registro e análise
2025-11-12 11:37:25 [WARNING] root - Bloco de componentes falhou: cannot unpack non-iterable int object
2025-11-12 11:37:25 [INFO] scanner - ✅ Validações OK [BTC/USDT]: Score=7.3, R:R=2.08
2025-11-12 11:37:25 [INFO] scanner - ⏸️  Throttle ativo [BTC/USDT]:
2025-11-12 11:37:25 [INFO] scanner -    ├─ Último alerta há 130.9 minutos
2025-11-12 11:37:25 [INFO] scanner -    ├─ Tempo mínimo: 1800 minutos
2025-11-12 11:37:25 [INFO] scanner -    └─ Próximo permitido em: 1669.1 minutos
2025-11-12 11:37:25 [WARNING] root - Bloco de componentes falhou: cannot unpack non-iterable int object
2025-11-12 11:37:25 [INFO] scanner - ✅ Validações OK [BTC/USDT]: Score=7.3, R:R=2.08
2025-11-12 11:37:25 [INFO] scanner - ⏸️  Throttle ativo [BTC/USDT]:
2025-11-12 11:37:25 [INFO] scanner -    ├─ Último alerta há 130.9 minutos
2025-11-12 11:37:25 [INFO] scanner -    ├─ Tempo mínimo: 1800 minutos
2025-11-12 11:37:25 [INFO] scanner -    └─ Próximo permitido em: 1669.1 minutos
2025-11-12 11:37:28 [WARNING] root - Bloco de componentes falhou: cannot unpack non-iterable int object
2025-11-12 11:37:28 [INFO] scanner - ✅ Validações OK [ETH/USDT]: Score=7.3, R:R=2.00
2025-11-12 11:37:28 [INFO] scanner - ⏸️  Throttle ativo [ETH/USDT]:
2025-11-12 11:37:28 [INFO] scanner -    ├─ Último alerta há 205.3 minutos
2025-11-12 11:37:28 [INFO] scanner -    ├─ Tempo mínimo: 1800 minutos
2025-11-12 11:37:28 [INFO] scanner -    └─ Próximo permitido em: 1594.7 minutos
2025-11-12 11:53:10 [INFO] scanner - ============================================================
2025-11-12 11:53:10 [INFO] scanner - 🚀 SCANNER INICIADO
2025-11-12 11:53:10 [INFO] scanner - 📅 Data/Hora: 12/11/2025 11:53:10
2025-11-12 11:53:10 [INFO] scanner - 📂 Log: logs/scanner_2025-11-12.log
2025-11-12 11:53:10 [INFO] scanner - ============================================================
2025-11-12 11:53:10 [INFO] scanner - 📝 PAPER MODE ATIVO - Apenas registro e análise
2025-11-12 11:53:14 [WARNING] root - Bloco de componentes falhou: cannot unpack non-iterable int object
2025-11-12 11:53:14 [INFO] scanner - ✅ Validações OK [BTC/USDT]: Score=7.3, R:R=2.08
2025-11-12 11:53:14 [INFO] scanner - ⏸️  Throttle ativo [BTC/USDT]:
2025-11-12 11:53:14 [INFO] scanner -    ├─ Último alerta há 146.7 minutos
2025-11-12 11:53:14 [INFO] scanner -    ├─ Tempo mínimo: 1800 minutos
2025-11-12 11:53:14 [INFO] scanner -    └─ Próximo permitido em: 1653.3 minutos
2025-11-12 11:53:14 [WARNING] root - Bloco de componentes falhou: cannot unpack non-iterable int object
2025-11-12 11:53:14 [INFO] scanner - ✅ Validações OK [BTC/USDT]: Score=7.3, R:R=2.08
2025-11-12 11:53:14 [INFO] scanner - ⏸️  Throttle ativo [BTC/USDT]:
2025-11-12 11:53:14 [INFO] scanner -    ├─ Último alerta há 146.7 minutos
2025-11-12 11:53:14 [INFO] scanner -    ├─ Tempo mínimo: 1800 minutos
2025-11-12 11:53:14 [INFO] scanner -    └─ Próximo permitido em: 1653.3 minutos
2025-11-12 11:53:15 [WARNING] root - Bloco de componentes falhou: cannot unpack non-iterable int object
2025-11-12 11:53:15 [INFO] scanner - ✅ Validações OK [BTC/USDT]: Score=7.3, R:R=2.08
2025-11-12 11:53:15 [INFO] scanner - ⏸️  Throttle ativo [BTC/USDT]:
2025-11-12 11:53:15 [INFO] scanner -    ├─ Último alerta há 146.7 minutos
2025-11-12 11:53:15 [INFO] scanner -    ├─ Tempo mínimo: 1800 minutos
2025-11-12 11:53:15 [INFO] scanner -    └─ Próximo permitido em: 1653.3 minutos
2025-11-12 11:53:17 [WARNING] root - Bloco de componentes falhou: cannot unpack non-iterable int object
2025-11-12 11:53:17 [INFO] scanner - ✅ Validações OK [ETH/USDT]: Score=7.3, R:R=2.00
2025-11-12 11:53:17 [INFO] scanner - ⏸️  Throttle ativo [ETH/USDT]:
2025-11-12 11:53:17 [INFO] scanner -    ├─ Último alerta há 221.1 minutos
2025-11-12 11:53:17 [INFO] scanner -    ├─ Tempo mínimo: 1800 minutos
2025-11-12 11:53:17 [INFO] scanner -    └─ Próximo permitido em: 1578.9 minutos
2025-11-12 11:53:17 [WARNING] root - Bloco de componentes falhou: cannot unpack non-iterable int object
2025-11-12 11:53:17 [INFO] scanner - ✅ Validações OK [ETH/USDT]: Score=7.3, R:R=2.00
2025-11-12 11:53:17 [INFO] scanner - ⏸️  Throttle ativo [ETH/USDT]:
2025-11-12 11:53:17 [INFO] scanner -    ├─ Último alerta há 221.1 minutos
2025-11-12 11:53:17 [INFO] scanner -    ├─ Tempo mínimo: 1800 minutos
2025-11-12 11:53:17 [INFO] scanner -    └─ Próximo permitido em: 1578.9 minutos
2025-11-12 12:14:55 [INFO] scanner - ============================================================
2025-11-12 12:14:55 [INFO] scanner - 🚀 SCANNER INICIADO
2025-11-12 12:14:55 [INFO] scanner - 📅 Data/Hora: 12/11/2025 12:14:55
2025-11-12 12:14:55 [INFO] scanner - 📂 Log: logs/scanner_2025-11-12.log
2025-11-12 12:14:55 [INFO] scanner - ============================================================
2025-11-12 12:14:55 [INFO] scanner - 📝 PAPER MODE ATIVO - Apenas registro e análise
2025-11-12 12:14:58 [WARNING] root - Bloco de componentes falhou: cannot unpack non-iterable int object
2025-11-12 12:14:58 [INFO] scanner - ✅ Validações OK [BTC/USDT]: Score=7.3, R:R=2.08
2025-11-12 12:14:58 [INFO] scanner - ⏸️  Throttle ativo [BTC/USDT]:
2025-11-12 12:14:58 [INFO] scanner -    ├─ Último alerta há 168.4 minutos
2025-11-12 12:14:58 [INFO] scanner -    ├─ Tempo mínimo: 1800 minutos
2025-11-12 12:14:58 [INFO] scanner -    └─ Próximo permitido em: 1631.6 minutos
2025-11-12 12:15:00 [WARNING] root - Bloco de componentes falhou: cannot unpack non-iterable int object
2025-11-12 12:15:00 [INFO] scanner - ✅ Validações OK [ETH/USDT]: Score=7.3, R:R=2.00
2025-11-12 12:15:00 [INFO] scanner - ⏸️  Throttle ativo [ETH/USDT]:
2025-11-12 12:15:00 [INFO] scanner -    ├─ Último alerta há 242.8 minutos
2025-11-12 12:15:00 [INFO] scanner -    ├─ Tempo mínimo: 1800 minutos
2025-11-12 12:15:00 [INFO] scanner -    └─ Próximo permitido em: 1557.2 minutos
2025-11-12 12:36:54 [INFO] scanner - ============================================================
2025-11-12 12:36:54 [INFO] scanner - 🚀 SCANNER INICIADO
2025-11-12 12:36:54 [INFO] scanner - 📅 Data/Hora: 12/11/2025 12:36:54
2025-11-12 12:36:54 [INFO] scanner - 📂 Log: logs/scanner_2025-11-12.log
2025-11-12 12:36:54 [INFO] scanner - ============================================================
2025-11-12 12:36:54 [INFO] scanner - 📝 PAPER MODE ATIVO - Apenas registro e análise
2025-11-12 12:36:58 [WARNING] root - Bloco de componentes falhou: cannot unpack non-iterable int object
2025-11-12 12:36:58 [INFO] scanner - ✅ Validações OK [BTC/USDT]: Score=7.3, R:R=2.08
2025-11-12 12:36:58 [INFO] scanner - ⏸️  Throttle ativo [BTC/USDT]:
2025-11-12 12:36:58 [INFO] scanner -    ├─ Último alerta há 190.4 minutos
2025-11-12 12:36:58 [INFO] scanner -    ├─ Tempo mínimo: 1800 minutos
2025-11-12 12:36:58 [INFO] scanner -    └─ Próximo permitido em: 1609.6 minutos
2025-11-12 12:36:58 [WARNING] root - Bloco de componentes falhou: cannot unpack non-iterable int object
2025-11-12 12:36:58 [INFO] scanner - ✅ Validações OK [BTC/USDT]: Score=7.3, R:R=2.08
2025-11-12 12:36:58 [INFO] scanner - ⏸️  Throttle ativo [BTC/USDT]:
2025-11-12 12:36:58 [INFO] scanner -    ├─ Último alerta há 190.4 minutos
2025-11-12 12:36:58 [INFO] scanner -    ├─ Tempo mínimo: 1800 minutos
2025-11-12 12:36:58 [INFO] scanner -    └─ Próximo permitido em: 1609.6 minutos
2025-11-12 12:36:58 [WARNING] root - Bloco de componentes falhou: cannot unpack non-iterable int object
2025-11-12 12:36:58 [INFO] scanner - ✅ Validações OK [BTC/USDT]: Score=7.3, R:R=2.08
2025-11-12 12:36:58 [INFO] scanner - ⏸️  Throttle ativo [BTC/USDT]:
2025-11-12 12:36:58 [INFO] scanner -    ├─ Último alerta há 190.4 minutos
2025-11-12 12:36:58 [INFO] scanner -    ├─ Tempo mínimo: 1800 minutos
2025-11-12 12:36:58 [INFO] scanner -    └─ Próximo permitido em: 1609.6 minutos
2025-11-12 12:37:01 [WARNING] root - Bloco de componentes falhou: cannot unpack non-iterable int object
2025-11-12 12:37:01 [INFO] scanner - ✅ Validações OK [ETH/USDT]: Score=7.3, R:R=2.00
2025-11-12 12:37:01 [INFO] scanner - ⏸️  Throttle ativo [ETH/USDT]:
2025-11-12 12:37:01 [INFO] scanner -    ├─ Último alerta há 264.8 minutos
2025-11-12 12:37:01 [INFO] scanner -    ├─ Tempo mínimo: 1800 minutos
2025-11-12 12:37:01 [INFO] scanner -    └─ Próximo permitido em: 1535.2 minutos
2025-11-12 12:37:01 [WARNING] root - Bloco de componentes falhou: cannot unpack non-iterable int object
2025-11-12 12:37:01 [INFO] scanner - ✅ Validações OK [ETH/USDT]: Score=7.3, R:R=2.00
2025-11-12 12:37:01 [INFO] scanner - ⏸️  Throttle ativo [ETH/USDT]:
2025-11-12 12:37:01 [INFO] scanner -    ├─ Último alerta há 264.8 minutos
2025-11-12 12:37:01 [INFO] scanner -    ├─ Tempo mínimo: 1800 minutos
2025-11-12 12:37:01 [INFO] scanner -    └─ Próximo permitido em: 1535.2 minutos
2025-11-12 12:37:01 [WARNING] root - Bloco de componentes falhou: cannot unpack non-iterable int object
2025-11-12 12:37:01 [INFO] scanner - ✅ Validações OK [ETH/USDT]: Score=7.3, R:R=2.00
2025-11-12 12:37:01 [INFO] scanner - ⏸️  Throttle ativo [ETH/USDT]:
2025-11-12 12:37:01 [INFO] scanner -    ├─ Último alerta há 264.8 minutos
2025-11-12 12:37:01 [INFO] scanner -    ├─ Tempo mínimo: 1800 minutos
2025-11-12 12:37:01 [INFO] scanner -    └─ Próximo permitido em: 1535.2 minutos
2025-11-12 12:53:10 [INFO] scanner - ============================================================
2025-11-12 12:53:10 [INFO] scanner - 🚀 SCANNER INICIADO
2025-11-12 12:53:10 [INFO] scanner - 📅 Data/Hora: 12/11/2025 12:53:10
2025-11-12 12:53:10 [INFO] scanner - 📂 Log: logs/scanner_2025-11-12.log
2025-11-12 12:53:10 [INFO] scanner - ============================================================
2025-11-12 12:53:10 [INFO] scanner - 📝 PAPER MODE ATIVO - Apenas registro e análise
2025-11-12 12:53:13 [WARNING] root - Bloco de componentes falhou: cannot unpack non-iterable int object
2025-11-12 12:53:13 [INFO] scanner - ✅ Validações OK [BTC/USDT]: Score=7.8, R:R=2.08
2025-11-12 12:53:13 [INFO] scanner - ⏸️  Throttle ativo [BTC/USDT]:
2025-11-12 12:53:13 [INFO] scanner -    ├─ Último alerta há 206.6 minutos
2025-11-12 12:53:13 [INFO] scanner -    ├─ Tempo mínimo: 1800 minutos
2025-11-12 12:53:13 [INFO] scanner -    └─ Próximo permitido em: 1593.4 minutos
2025-11-12 12:53:13 [WARNING] root - Bloco de componentes falhou: cannot unpack non-iterable int object
2025-11-12 12:53:13 [INFO] scanner - ✅ Validações OK [BTC/USDT]: Score=7.8, R:R=2.08
2025-11-12 12:53:13 [INFO] scanner - ⏸️  Throttle ativo [BTC/USDT]:
2025-11-12 12:53:13 [INFO] scanner -    ├─ Último alerta há 206.6 minutos
2025-11-12 12:53:13 [INFO] scanner -    ├─ Tempo mínimo: 1800 minutos
2025-11-12 12:53:13 [INFO] scanner -    └─ Próximo permitido em: 1593.4 minutos
2025-11-12 12:53:15 [WARNING] root - Bloco de componentes falhou: cannot unpack non-iterable int object
2025-11-12 12:53:15 [INFO] scanner - ✅ Validações OK [ETH/USDT]: Score=7.3, R:R=2.00
2025-11-12 12:53:15 [INFO] scanner - ⏸️  Throttle ativo [ETH/USDT]:
2025-11-12 12:53:15 [INFO] scanner -    ├─ Último alerta há 281.1 minutos
2025-11-12 12:53:15 [INFO] scanner -    ├─ Tempo mínimo: 1800 minutos
2025-11-12 12:53:15 [INFO] scanner -    └─ Próximo permitido em: 1518.9 minutos
2025-11-12 12:53:15 [WARNING] root - Bloco de componentes falhou: cannot unpack non-iterable int object
2025-11-12 12:53:15 [INFO] scanner - ✅ Validações OK [ETH/USDT]: Score=7.3, R:R=2.00
2025-11-12 12:53:15 [INFO] scanner - ⏸️  Throttle ativo [ETH/USDT]:
2025-11-12 12:53:15 [INFO] scanner -    ├─ Último alerta há 281.1 minutos
2025-11-12 12:53:15 [INFO] scanner -    ├─ Tempo mínimo: 1800 minutos
2025-11-12 12:53:15 [INFO] scanner -    └─ Próximo permitido em: 1518.9 minutos
2025-11-12 12:53:15 [WARNING] root - Bloco de componentes falhou: cannot unpack non-iterable int object
2025-11-12 12:53:15 [INFO] scanner - ✅ Validações OK [ETH/USDT]: Score=7.3, R:R=2.00
2025-11-12 12:53:15 [INFO] scanner - ⏸️  Throttle ativo [ETH/USDT]:
2025-11-12 12:53:15 [INFO] scanner -    ├─ Último alerta há 281.1 minutos
2025-11-12 12:53:15 [INFO] scanner -    ├─ Tempo mínimo: 1800 minutos
2025-11-12 12:53:15 [INFO] scanner -    └─ Próximo permitido em: 1518.9 minutos
2025-11-12 13:17:39 [INFO] scanner - ============================================================
2025-11-12 13:17:39 [INFO] scanner - 🚀 SCANNER INICIADO
2025-11-12 13:17:39 [INFO] scanner - 📅 Data/Hora: 12/11/2025 13:17:39
2025-11-12 13:17:39 [INFO] scanner - 📂 Log: logs/scanner_2025-11-12.log
2025-11-12 13:17:39 [INFO] scanner - ============================================================
2025-11-12 13:17:39 [INFO] scanner - 📝 PAPER MODE ATIVO - Apenas registro e análise
2025-11-12 13:17:44 [WARNING] root - Bloco de componentes falhou: cannot unpack non-iterable int object
2025-11-12 13:17:44 [INFO] scanner - ✅ Validações OK [BTC/USDT]: Score=7.3, R:R=2.08
2025-11-12 13:17:44 [INFO] scanner - ⏸️  Throttle ativo [BTC/USDT]:
2025-11-12 13:17:44 [INFO] scanner -    ├─ Último alerta há 231.2 minutos
2025-11-12 13:17:44 [INFO] scanner -    ├─ Tempo mínimo: 1800 minutos
2025-11-12 13:17:44 [INFO] scanner -    └─ Próximo permitido em: 1568.8 minutos
2025-11-12 13:17:44 [WARNING] root - Bloco de componentes falhou: cannot unpack non-iterable int object
2025-11-12 13:17:44 [INFO] scanner - ✅ Validações OK [BTC/USDT]: Score=7.3, R:R=2.08
2025-11-12 13:17:44 [INFO] scanner - ⏸️  Throttle ativo [BTC/USDT]:
2025-11-12 13:17:44 [INFO] scanner -    ├─ Último alerta há 231.2 minutos
2025-11-12 13:17:44 [INFO] scanner -    ├─ Tempo mínimo: 1800 minutos
2025-11-12 13:17:44 [INFO] scanner -    └─ Próximo permitido em: 1568.8 minutos
2025-11-12 13:17:47 [WARNING] root - Bloco de componentes falhou: cannot unpack non-iterable int object
2025-11-12 13:17:47 [INFO] scanner - ✅ Validações OK [ETH/USDT]: Score=7.3, R:R=2.00
2025-11-12 13:17:47 [INFO] scanner - ⏸️  Throttle ativo [ETH/USDT]:
2025-11-12 13:17:47 [INFO] scanner -    ├─ Último alerta há 305.6 minutos
2025-11-12 13:17:47 [INFO] scanner -    ├─ Tempo mínimo: 1800 minutos
2025-11-12 13:17:47 [INFO] scanner -    └─ Próximo permitido em: 1494.4 minutos
2025-11-12 13:17:47 [WARNING] root - Bloco de componentes falhou: cannot unpack non-iterable int object
2025-11-12 13:17:47 [INFO] scanner - ✅ Validações OK [ETH/USDT]: Score=7.3, R:R=2.00
2025-11-12 13:17:47 [INFO] scanner - ⏸️  Throttle ativo [ETH/USDT]:
2025-11-12 13:17:47 [INFO] scanner -    ├─ Último alerta há 305.6 minutos
2025-11-12 13:17:47 [INFO] scanner -    ├─ Tempo mínimo: 1800 minutos
2025-11-12 13:17:47 [INFO] scanner -    └─ Próximo permitido em: 1494.4 minutos
2025-11-12 13:48:57 [INFO] scanner - ============================================================
2025-11-12 13:48:57 [INFO] scanner - 🚀 SCANNER INICIADO
2025-11-12 13:48:57 [INFO] scanner - 📅 Data/Hora: 12/11/2025 13:48:57
2025-11-12 13:48:57 [INFO] scanner - 📂 Log: logs/scanner_2025-11-12.log
2025-11-12 13:48:57 [INFO] scanner - ============================================================
2025-11-12 13:48:57 [INFO] scanner - 📝 PAPER MODE ATIVO - Apenas registro e análise
2025-11-12 13:49:00 [WARNING] root - Bloco de componentes falhou: cannot unpack non-iterable int object
2025-11-12 13:49:00 [INFO] scanner - ✅ Validações OK [BTC/USDT]: Score=7.8, R:R=2.08
2025-11-12 13:49:00 [INFO] scanner - ⏸️  Throttle ativo [BTC/USDT]:
2025-11-12 13:49:00 [INFO] scanner -    ├─ Último alerta há 262.4 minutos
2025-11-12 13:49:00 [INFO] scanner -    ├─ Tempo mínimo: 1800 minutos
2025-11-12 13:49:00 [INFO] scanner -    └─ Próximo permitido em: 1537.6 minutos
2025-11-12 13:49:01 [WARNING] root - Bloco de componentes falhou: cannot unpack non-iterable int object
2025-11-12 13:49:01 [INFO] scanner - ✅ Validações OK [BTC/USDT]: Score=7.8, R:R=2.08
2025-11-12 13:49:01 [INFO] scanner - ⏸️  Throttle ativo [BTC/USDT]:
2025-11-12 13:49:01 [INFO] scanner -    ├─ Último alerta há 262.4 minutos
2025-11-12 13:49:01 [INFO] scanner -    ├─ Tempo mínimo: 1800 minutos
2025-11-12 13:49:01 [INFO] scanner -    └─ Próximo permitido em: 1537.6 minutos
2025-11-12 13:49:03 [WARNING] root - Bloco de componentes falhou: cannot unpack non-iterable int object
2025-11-12 13:49:03 [INFO] scanner - ✅ Validações OK [ETH/USDT]: Score=7.8, R:R=2.00
2025-11-12 13:49:03 [INFO] scanner - ⏸️  Throttle ativo [ETH/USDT]:
2025-11-12 13:49:03 [INFO] scanner -    ├─ Último alerta há 336.9 minutos
2025-11-12 13:49:03 [INFO] scanner -    ├─ Tempo mínimo: 1800 minutos
2025-11-12 13:49:03 [INFO] scanner -    └─ Próximo permitido em: 1463.1 minutos
