2025-12-31 03:22:14 [INFO] scanner - ============================================================
2025-12-31 03:22:14 [INFO] scanner - 🚀 SCANNER INICIADO
2025-12-31 03:22:14 [INFO] scanner - 📅 Data/Hora: 31/12/2025 03:22:14
2025-12-31 03:22:14 [INFO] scanner - 📂 Log: logs/scanner_2025-12-31.log
2025-12-31 03:22:14 [INFO] scanner - ============================================================
2025-12-31 03:22:14 [INFO] scanner - 📝 PAPER MODE ATIVO - Apenas registro e análise
2025-12-31 03:22:17 [WARNING] root - Bloco de componentes falhou: cannot unpack non-iterable int object
2025-12-31 03:22:17 [INFO] scanner - ✅ Validações OK [BTC/USDT]: Score=7.3, R:R=2.08
2025-12-31 03:22:17 [INFO] scanner - ✅ Throttle OK [BTC/USDT]: Pode enviar
2025-12-31 03:22:18 [INFO] scanner - 📝 Sinal no ledger: 20251231_032218_391740 - BTC/USDT
2025-12-31 03:22:18 [INFO] scanner - 📨 Alerta enviado | ID Ledger: 20251231_032218_391740
2025-12-31 03:54:20 [INFO] scanner - ============================================================
2025-12-31 03:54:20 [INFO] scanner - 🚀 SCANNER INICIADO
2025-12-31 03:54:20 [INFO] scanner - 📅 Data/Hora: 31/12/2025 03:54:20
2025-12-31 03:54:20 [INFO] scanner - 📂 Log: logs/scanner_2025-12-31.log
2025-12-31 03:54:20 [INFO] scanner - ============================================================
2025-12-31 03:54:20 [INFO] scanner - 📝 PAPER MODE ATIVO - Apenas registro e análise
2025-12-31 03:54:24 [WARNING] root - Bloco de componentes falhou: cannot unpack non-iterable int object
2025-12-31 03:54:24 [INFO] scanner - ✅ Validações OK [BTC/USDT]: Score=7.3, R:R=2.08
2025-12-31 03:54:24 [INFO] scanner - ⏸️  Throttle ativo [BTC/USDT]:
2025-12-31 03:54:24 [INFO] scanner -    ├─ Último alerta há 32.1 minutos
2025-12-31 03:54:24 [INFO] scanner -    ├─ Tempo mínimo: 1800 minutos
2025-12-31 03:54:24 [INFO] scanner -    └─ Próximo permitido em: 1767.9 minutos
2025-12-31 03:54:24 [WARNING] root - Bloco de componentes falhou: cannot unpack non-iterable int object
2025-12-31 03:54:24 [INFO] scanner - ✅ Validações OK [BTC/USDT]: Score=7.3, R:R=2.08
2025-12-31 03:54:24 [INFO] scanner - ⏸️  Throttle ativo [BTC/USDT]:
2025-12-31 03:54:24 [INFO] scanner -    ├─ Último alerta há 32.1 minutos
2025-12-31 03:54:24 [INFO] scanner -    ├─ Tempo mínimo: 1800 minutos
2025-12-31 03:54:24 [INFO] scanner -    └─ Próximo permitido em: 1767.9 minutos
2025-12-31 04:18:02 [INFO] scanner - ============================================================
2025-12-31 04:18:02 [INFO] scanner - 🚀 SCANNER INICIADO
2025-12-31 04:18:02 [INFO] scanner - 📅 Data/Hora: 31/12/2025 04:18:02
2025-12-31 04:18:02 [INFO] scanner - 📂 Log: logs/scanner_2025-12-31.log
2025-12-31 04:18:02 [INFO] scanner - ============================================================
2025-12-31 04:18:02 [INFO] scanner - 📝 PAPER MODE ATIVO - Apenas registro e análise
2025-12-31 04:18:06 [WARNING] root - Bloco de componentes falhou: cannot unpack non-iterable int object
2025-12-31 04:18:06 [INFO] scanner - ✅ Validações OK [BTC/USDT]: Score=7.3, R:R=2.08
2025-12-31 04:18:06 [INFO] scanner - ⏸️  Throttle ativo [BTC/USDT]:
2025-12-31 04:18:06 [INFO] scanner -    ├─ Último alerta há 55.8 minutos
2025-12-31 04:18:06 [INFO] scanner -    ├─ Tempo mínimo: 1800 minutos
2025-12-31 04:18:06 [INFO] scanner -    └─ Próximo permitido em: 1744.2 minutos
2025-12-31 04:41:38 [INFO] scanner - ============================================================
2025-12-31 04:41:38 [INFO] scanner - 🚀 SCANNER INICIADO
2025-12-31 04:41:38 [INFO] scanner - 📅 Data/Hora: 31/12/2025 04:41:38
2025-12-31 04:41:38 [INFO] scanner - 📂 Log: logs/scanner_2025-12-31.log
2025-12-31 04:41:38 [INFO] scanner - ============================================================
2025-12-31 04:41:38 [INFO] scanner - 📝 PAPER MODE ATIVO - Apenas registro e análise
2025-12-31 04:41:42 [WARNING] root - Bloco de componentes falhou: cannot unpack non-iterable int object
2025-12-31 04:41:42 [INFO] scanner - ✅ Validações OK [BTC/USDT]: Score=7.3, R:R=2.08
2025-12-31 04:41:42 [INFO] scanner - ⏸️  Throttle ativo [BTC/USDT]:
2025-12-31 04:41:42 [INFO] scanner -    ├─ Último alerta há 79.4 minutos
2025-12-31 04:41:42 [INFO] scanner -    ├─ Tempo mínimo: 1800 minutos
2025-12-31 04:41:42 [INFO] scanner -    └─ Próximo permitido em: 1720.6 minutos
2025-12-31 04:41:45 [WARNING] root - Bloco de componentes falhou: cannot unpack non-iterable int object
2025-12-31 04:41:45 [INFO] scanner - ✅ Validações OK [ETH/USDT]: Score=7.3, R:R=2.00
2025-12-31 04:41:45 [INFO] scanner - ⏸️  Throttle ativo [ETH/USDT]:
2025-12-31 04:41:45 [INFO] scanner -    ├─ Último alerta há 1153.7 minutos
2025-12-31 04:41:45 [INFO] scanner -    ├─ Tempo mínimo: 1800 minutos
2025-12-31 04:41:45 [INFO] scanner -    └─ Próximo permitido em: 646.3 minutos
2025-12-31 04:51:34 [INFO] scanner - ============================================================
2025-12-31 04:51:34 [INFO] scanner - 🚀 SCANNER INICIADO
2025-12-31 04:51:34 [INFO] scanner - 📅 Data/Hora: 31/12/2025 04:51:34
2025-12-31 04:51:34 [INFO] scanner - 📂 Log: logs/scanner_2025-12-31.log
2025-12-31 04:51:34 [INFO] scanner - ============================================================
2025-12-31 04:51:34 [INFO] scanner - 📝 PAPER MODE ATIVO - Apenas registro e análise
2025-12-31 04:51:37 [WARNING] root - Bloco de componentes falhou: cannot unpack non-iterable int object
2025-12-31 04:51:37 [INFO] scanner - ✅ Validações OK [BTC/USDT]: Score=7.3, R:R=2.08
2025-12-31 04:51:37 [INFO] scanner - ⏸️  Throttle ativo [BTC/USDT]:
2025-12-31 04:51:37 [INFO] scanner -    ├─ Último alerta há 89.3 minutos
2025-12-31 04:51:37 [INFO] scanner -    ├─ Tempo mínimo: 1800 minutos
2025-12-31 04:51:37 [INFO] scanner -    └─ Próximo permitido em: 1710.7 minutos
2025-12-31 04:51:40 [WARNING] root - Bloco de componentes falhou: cannot unpack non-iterable int object
2025-12-31 04:51:40 [INFO] scanner - ✅ Validações OK [ETH/USDT]: Score=7.3, R:R=2.00
2025-12-31 04:51:40 [INFO] scanner - ⏸️  Throttle ativo [ETH/USDT]:
2025-12-31 04:51:40 [INFO] scanner -    ├─ Último alerta há 1163.7 minutos
2025-12-31 04:51:40 [INFO] scanner -    ├─ Tempo mínimo: 1800 minutos
2025-12-31 04:51:40 [INFO] scanner -    └─ Próximo permitido em: 636.3 minutos
2025-12-31 05:19:37 [INFO] scanner - ============================================================
2025-12-31 05:19:37 [INFO] scanner - 🚀 SCANNER INICIADO
2025-12-31 05:19:37 [INFO] scanner - 📅 Data/Hora: 31/12/2025 05:19:37
2025-12-31 05:19:37 [INFO] scanner - 📂 Log: logs/scanner_2025-12-31.log
2025-12-31 05:19:37 [INFO] scanner - ============================================================
2025-12-31 05:19:37 [INFO] scanner - 📝 PAPER MODE ATIVO - Apenas registro e análise
2025-12-31 05:19:40 [WARNING] root - Bloco de componentes falhou: cannot unpack non-iterable int object
2025-12-31 05:19:40 [INFO] scanner - ✅ Validações OK [BTC/USDT]: Score=7.3, R:R=2.08
2025-12-31 05:19:40 [INFO] scanner - ⏸️  Throttle ativo [BTC/USDT]:
2025-12-31 05:19:40 [INFO] scanner -    ├─ Último alerta há 117.4 minutos
2025-12-31 05:19:40 [INFO] scanner -    ├─ Tempo mínimo: 1800 minutos
2025-12-31 05:19:40 [INFO] scanner -    └─ Próximo permitido em: 1682.6 minutos
2025-12-31 05:50:03 [INFO] scanner - ============================================================
2025-12-31 05:50:03 [INFO] scanner - 🚀 SCANNER INICIADO
2025-12-31 05:50:03 [INFO] scanner - 📅 Data/Hora: 31/12/2025 05:50:03
2025-12-31 05:50:03 [INFO] scanner - 📂 Log: logs/scanner_2025-12-31.log
2025-12-31 05:50:03 [INFO] scanner - ============================================================
2025-12-31 05:50:03 [INFO] scanner - 📝 PAPER MODE ATIVO - Apenas registro e análise
2025-12-31 05:50:07 [WARNING] root - Bloco de componentes falhou: cannot unpack non-iterable int object
2025-12-31 05:50:07 [INFO] scanner - ✅ Validações OK [BTC/USDT]: Score=7.3, R:R=2.08
2025-12-31 05:50:07 [INFO] scanner - ⏸️  Throttle ativo [BTC/USDT]:
2025-12-31 05:50:07 [INFO] scanner -    ├─ Último alerta há 147.8 minutos
2025-12-31 05:50:07 [INFO] scanner -    ├─ Tempo mínimo: 1800 minutos
2025-12-31 05:50:07 [INFO] scanner -    └─ Próximo permitido em: 1652.2 minutos
2025-12-31 06:17:27 [INFO] scanner - ============================================================
2025-12-31 06:17:27 [INFO] scanner - 🚀 SCANNER INICIADO
2025-12-31 06:17:27 [INFO] scanner - 📅 Data/Hora: 31/12/2025 06:17:27
2025-12-31 06:17:27 [INFO] scanner - 📂 Log: logs/scanner_2025-12-31.log
2025-12-31 06:17:27 [INFO] scanner - ============================================================
2025-12-31 06:17:27 [INFO] scanner - 📝 PAPER MODE ATIVO - Apenas registro e análise
2025-12-31 06:17:30 [WARNING] root - Bloco de componentes falhou: cannot unpack non-iterable int object
2025-12-31 06:17:30 [INFO] scanner - ✅ Validações OK [BTC/USDT]: Score=7.3, R:R=2.08
2025-12-31 06:17:30 [INFO] scanner - ⏸️  Throttle ativo [BTC/USDT]:
2025-12-31 06:17:30 [INFO] scanner -    ├─ Último alerta há 175.2 minutos
2025-12-31 06:17:30 [INFO] scanner -    ├─ Tempo mínimo: 1800 minutos
2025-12-31 06:17:30 [INFO] scanner -    └─ Próximo permitido em: 1624.8 minutos
2025-12-31 06:44:01 [INFO] scanner - ============================================================
2025-12-31 06:44:01 [INFO] scanner - 🚀 SCANNER INICIADO
2025-12-31 06:44:01 [INFO] scanner - 📅 Data/Hora: 31/12/2025 06:44:01
2025-12-31 06:44:01 [INFO] scanner - 📂 Log: logs/scanner_2025-12-31.log
2025-12-31 06:44:01 [INFO] scanner - ============================================================
2025-12-31 06:44:01 [INFO] scanner - 📝 PAPER MODE ATIVO - Apenas registro e análise
2025-12-31 06:44:05 [WARNING] root - Bloco de componentes falhou: cannot unpack non-iterable int object
2025-12-31 06:44:05 [INFO] scanner - ✅ Validações OK [BTC/USDT]: Score=7.3, R:R=2.08
2025-12-31 06:44:05 [INFO] scanner - ⏸️  Throttle ativo [BTC/USDT]:
2025-12-31 06:44:05 [INFO] scanner -    ├─ Último alerta há 201.8 minutos
2025-12-31 06:44:05 [INFO] scanner -    ├─ Tempo mínimo: 1800 minutos
2025-12-31 06:44:05 [INFO] scanner -    └─ Próximo permitido em: 1598.2 minutos
2025-12-31 06:53:33 [INFO] scanner - ============================================================
2025-12-31 06:53:33 [INFO] scanner - 🚀 SCANNER INICIADO
2025-12-31 06:53:33 [INFO] scanner - 📅 Data/Hora: 31/12/2025 06:53:33
2025-12-31 06:53:33 [INFO] scanner - 📂 Log: logs/scanner_2025-12-31.log
2025-12-31 06:53:33 [INFO] scanner - ============================================================
2025-12-31 06:53:33 [INFO] scanner - 📝 PAPER MODE ATIVO - Apenas registro e análise
2025-12-31 06:53:37 [WARNING] root - Bloco de componentes falhou: cannot unpack non-iterable int object
2025-12-31 06:53:37 [INFO] scanner - ✅ Validações OK [BTC/USDT]: Score=7.3, R:R=2.08
2025-12-31 06:53:37 [INFO] scanner - ⏸️  Throttle ativo [BTC/USDT]:
2025-12-31 06:53:37 [INFO] scanner -    ├─ Último alerta há 211.3 minutos
2025-12-31 06:53:37 [INFO] scanner -    ├─ Tempo mínimo: 1800 minutos
2025-12-31 06:53:37 [INFO] scanner -    └─ Próximo permitido em: 1588.7 minutos
2025-12-31 07:14:32 [INFO] scanner - ============================================================
2025-12-31 07:14:32 [INFO] scanner - 🚀 SCANNER INICIADO
2025-12-31 07:14:32 [INFO] scanner - 📅 Data/Hora: 31/12/2025 07:14:32
2025-12-31 07:14:32 [INFO] scanner - 📂 Log: logs/scanner_2025-12-31.log
2025-12-31 07:14:32 [INFO] scanner - ============================================================
2025-12-31 07:14:32 [INFO] scanner - 📝 PAPER MODE ATIVO - Apenas registro e análise
2025-12-31 07:14:35 [WARNING] root - Bloco de componentes falhou: cannot unpack non-iterable int object
2025-12-31 07:14:35 [INFO] scanner - ✅ Validações OK [BTC/USDT]: Score=7.3, R:R=2.08
2025-12-31 07:14:35 [INFO] scanner - ⏸️  Throttle ativo [BTC/USDT]:
2025-12-31 07:14:35 [INFO] scanner -    ├─ Último alerta há 232.3 minutos
2025-12-31 07:14:35 [INFO] scanner -    ├─ Tempo mínimo: 1800 minutos
2025-12-31 07:14:35 [INFO] scanner -    └─ Próximo permitido em: 1567.7 minutos
2025-12-31 07:14:36 [WARNING] root - Bloco de componentes falhou: cannot unpack non-iterable int object
2025-12-31 07:14:36 [INFO] scanner - ✅ Validações OK [BTC/USDT]: Score=7.3, R:R=2.08
2025-12-31 07:14:36 [INFO] scanner - ⏸️  Throttle ativo [BTC/USDT]:
2025-12-31 07:14:36 [INFO] scanner -    ├─ Último alerta há 232.3 minutos
2025-12-31 07:14:36 [INFO] scanner -    ├─ Tempo mínimo: 1800 minutos
2025-12-31 07:14:36 [INFO] scanner -    └─ Próximo permitido em: 1567.7 minutos
2025-12-31 07:39:27 [INFO] scanner - ============================================================
2025-12-31 07:39:27 [INFO] scanner - 🚀 SCANNER INICIADO
2025-12-31 07:39:27 [INFO] scanner - 📅 Data/Hora: 31/12/2025 07:39:27
2025-12-31 07:39:27 [INFO] scanner - 📂 Log: logs/scanner_2025-12-31.log
2025-12-31 07:39:27 [INFO] scanner - ============================================================
2025-12-31 07:39:27 [INFO] scanner - 📝 PAPER MODE ATIVO - Apenas registro e análise
2025-12-31 07:39:30 [WARNING] root - Bloco de componentes falhou: cannot unpack non-iterable int object
2025-12-31 07:39:30 [INFO] scanner - ✅ Validações OK [BTC/USDT]: Score=9.3, R:R=2.08
2025-12-31 07:39:30 [INFO] scanner - ⏸️  Throttle ativo [BTC/USDT]:
2025-12-31 07:39:30 [INFO] scanner -    ├─ Último alerta há 257.2 minutos
2025-12-31 07:39:30 [INFO] scanner -    ├─ Tempo mínimo: 1800 minutos
2025-12-31 07:39:30 [INFO] scanner -    └─ Próximo permitido em: 1542.8 minutos
2025-12-31 07:39:30 [WARNING] root - Bloco de componentes falhou: cannot unpack non-iterable int object
2025-12-31 07:39:30 [INFO] scanner - ✅ Validações OK [BTC/USDT]: Score=7.3, R:R=2.08
2025-12-31 07:39:30 [INFO] scanner - ⏸️  Throttle ativo [BTC/USDT]:
2025-12-31 07:39:30 [INFO] scanner -    ├─ Último alerta há 257.2 minutos
2025-12-31 07:39:30 [INFO] scanner -    ├─ Tempo mínimo: 1800 minutos
2025-12-31 07:39:30 [INFO] scanner -    └─ Próximo permitido em: 1542.8 minutos
2025-12-31 07:39:31 [WARNING] root - Bloco de componentes falhou: cannot unpack non-iterable int object
2025-12-31 07:39:31 [INFO] scanner - ✅ Validações OK [BTC/USDT]: Score=7.3, R:R=2.08
2025-12-31 07:39:31 [INFO] scanner - ⏸️  Throttle ativo [BTC/USDT]:
2025-12-31 07:39:31 [INFO] scanner -    ├─ Último alerta há 257.2 minutos
2025-12-31 07:39:31 [INFO] scanner -    ├─ Tempo mínimo: 1800 minutos
2025-12-31 07:39:31 [INFO] scanner -    └─ Próximo permitido em: 1542.8 minutos
2025-12-31 07:39:34 [WARNING] root - Bloco de componentes falhou: cannot unpack non-iterable int object
2025-12-31 07:39:34 [INFO] scanner - ✅ Validações OK [ETH/USDT]: Score=8.8, R:R=2.00
2025-12-31 07:39:34 [INFO] scanner - ⏸️  Throttle ativo [ETH/USDT]:
2025-12-31 07:39:34 [INFO] scanner -    ├─ Último alerta há 1331.6 minutos
2025-12-31 07:39:34 [INFO] scanner -    ├─ Tempo mínimo: 1800 minutos
2025-12-31 07:39:34 [INFO] scanner -    └─ Próximo permitido em: 468.4 minutos
2025-12-31 07:52:35 [INFO] scanner - ============================================================
2025-12-31 07:52:35 [INFO] scanner - 🚀 SCANNER INICIADO
2025-12-31 07:52:35 [INFO] scanner - 📅 Data/Hora: 31/12/2025 07:52:35
2025-12-31 07:52:35 [INFO] scanner - 📂 Log: logs/scanner_2025-12-31.log
2025-12-31 07:52:35 [INFO] scanner - ============================================================
2025-12-31 07:52:35 [INFO] scanner - 📝 PAPER MODE ATIVO - Apenas registro e análise
2025-12-31 07:52:39 [WARNING] root - Bloco de componentes falhou: cannot unpack non-iterable int object
2025-12-31 07:52:39 [INFO] scanner - ✅ Validações OK [BTC/USDT]: Score=9.3, R:R=2.08
2025-12-31 07:52:39 [INFO] scanner - ⏸️  Throttle ativo [BTC/USDT]:
2025-12-31 07:52:39 [INFO] scanner -    ├─ Último alerta há 270.4 minutos
2025-12-31 07:52:39 [INFO] scanner -    ├─ Tempo mínimo: 1800 minutos
2025-12-31 07:52:39 [INFO] scanner -    └─ Próximo permitido em: 1529.6 minutos
2025-12-31 07:52:40 [WARNING] root - Bloco de componentes falhou: cannot unpack non-iterable int object
2025-12-31 07:52:40 [INFO] scanner - ✅ Validações OK [BTC/USDT]: Score=7.3, R:R=2.08
2025-12-31 07:52:40 [INFO] scanner - ⏸️  Throttle ativo [BTC/USDT]:
2025-12-31 07:52:40 [INFO] scanner -    ├─ Último alerta há 270.4 minutos
2025-12-31 07:52:40 [INFO] scanner -    ├─ Tempo mínimo: 1800 minutos
2025-12-31 07:52:40 [INFO] scanner -    └─ Próximo permitido em: 1529.6 minutos
2025-12-31 07:52:40 [WARNING] root - Bloco de componentes falhou: cannot unpack non-iterable int object
2025-12-31 07:52:40 [INFO] scanner - ✅ Validações OK [BTC/USDT]: Score=7.3, R:R=2.08
2025-12-31 07:52:40 [INFO] scanner - ⏸️  Throttle ativo [BTC/USDT]:
2025-12-31 07:52:40 [INFO] scanner -    ├─ Último alerta há 270.4 minutos
2025-12-31 07:52:40 [INFO] scanner -    ├─ Tempo mínimo: 1800 minutos
2025-12-31 07:52:40 [INFO] scanner -    └─ Próximo permitido em: 1529.6 minutos
2025-12-31 07:52:42 [WARNING] root - Bloco de componentes falhou: cannot unpack non-iterable int object
2025-12-31 07:52:42 [INFO] scanner - ✅ Validações OK [ETH/USDT]: Score=8.8, R:R=2.00
2025-12-31 07:52:42 [INFO] scanner - ⏸️  Throttle ativo [ETH/USDT]:
2025-12-31 07:52:42 [INFO] scanner -    ├─ Último alerta há 1344.7 minutos
2025-12-31 07:52:42 [INFO] scanner -    ├─ Tempo mínimo: 1800 minutos
2025-12-31 07:52:42 [INFO] scanner -    └─ Próximo permitido em: 455.3 minutos
2025-12-31 08:13:12 [INFO] scanner - ============================================================
2025-12-31 08:13:12 [INFO] scanner - 🚀 SCANNER INICIADO
2025-12-31 08:13:12 [INFO] scanner - 📅 Data/Hora: 31/12/2025 08:13:12
2025-12-31 08:13:12 [INFO] scanner - 📂 Log: logs/scanner_2025-12-31.log
2025-12-31 08:13:12 [INFO] scanner - ============================================================
2025-12-31 08:13:12 [INFO] scanner - 📝 PAPER MODE ATIVO - Apenas registro e análise
2025-12-31 08:13:15 [WARNING] root - Bloco de componentes falhou: cannot unpack non-iterable int object
2025-12-31 08:13:15 [INFO] scanner - ✅ Validações OK [BTC/USDT]: Score=7.3, R:R=2.08
2025-12-31 08:13:15 [INFO] scanner - ⏸️  Throttle ativo [BTC/USDT]:
2025-12-31 08:13:15 [INFO] scanner -    ├─ Último alerta há 291.0 minutos
2025-12-31 08:13:15 [INFO] scanner -    ├─ Tempo mínimo: 1800 minutos
2025-12-31 08:13:15 [INFO] scanner -    └─ Próximo permitido em: 1509.0 minutos
2025-12-31 08:13:16 [WARNING] root - Bloco de componentes falhou: cannot unpack non-iterable int object
2025-12-31 08:13:16 [INFO] scanner - ✅ Validações OK [BTC/USDT]: Score=7.3, R:R=2.08
2025-12-31 08:13:16 [INFO] scanner - ⏸️  Throttle ativo [BTC/USDT]:
2025-12-31 08:13:16 [INFO] scanner -    ├─ Último alerta há 291.0 minutos
2025-12-31 08:13:16 [INFO] scanner -    ├─ Tempo mínimo: 1800 minutos
2025-12-31 08:13:16 [INFO] scanner -    └─ Próximo permitido em: 1509.0 minutos
2025-12-31 08:30:03 [INFO] scanner - ============================================================
2025-12-31 08:30:03 [INFO] scanner - 🚀 SCANNER INICIADO
2025-12-31 08:30:03 [INFO] scanner - 📅 Data/Hora: 31/12/2025 08:30:03
2025-12-31 08:30:03 [INFO] scanner - 📂 Log: logs/scanner_2025-12-31.log
2025-12-31 08:30:03 [INFO] scanner - ============================================================
2025-12-31 08:30:03 [INFO] scanner - 📝 PAPER MODE ATIVO - Apenas registro e análise
2025-12-31 08:30:06 [WARNING] root - Bloco de componentes falhou: cannot unpack non-iterable int object
2025-12-31 08:30:06 [INFO] scanner - ✅ Validações OK [BTC/USDT]: Score=7.3, R:R=2.08
2025-12-31 08:30:06 [INFO] scanner - ⏸️  Throttle ativo [BTC/USDT]:
2025-12-31 08:30:06 [INFO] scanner -    ├─ Último alerta há 307.8 minutos
2025-12-31 08:30:06 [INFO] scanner -    ├─ Tempo mínimo: 1800 minutos
2025-12-31 08:30:06 [INFO] scanner -    └─ Próximo permitido em: 1492.2 minutos
2025-12-31 08:30:06 [WARNING] root - Bloco de componentes falhou: cannot unpack non-iterable int object
2025-12-31 08:30:06 [INFO] scanner - ✅ Validações OK [BTC/USDT]: Score=7.3, R:R=2.08
2025-12-31 08:30:06 [INFO] scanner - ⏸️  Throttle ativo [BTC/USDT]:
2025-12-31 08:30:06 [INFO] scanner -    ├─ Último alerta há 307.8 minutos
2025-12-31 08:30:06 [INFO] scanner -    ├─ Tempo mínimo: 1800 minutos
2025-12-31 08:30:06 [INFO] scanner -    └─ Próximo permitido em: 1492.2 minutos
2025-12-31 08:30:09 [WARNING] root - Bloco de componentes falhou: cannot unpack non-iterable int object
2025-12-31 08:30:09 [INFO] scanner - ✅ Validações OK [ETH/USDT]: Score=8.8, R:R=2.00
2025-12-31 08:30:09 [INFO] scanner - ⏸️  Throttle ativo [ETH/USDT]:
2025-12-31 08:30:09 [INFO] scanner -    ├─ Último alerta há 1382.1 minutos
2025-12-31 08:30:09 [INFO] scanner -    ├─ Tempo mínimo: 1800 minutos
2025-12-31 08:30:09 [INFO] scanner -    └─ Próximo permitido em: 417.9 minutos
2025-12-31 08:41:34 [INFO] scanner - ============================================================
2025-12-31 08:41:34 [INFO] scanner - 🚀 SCANNER INICIADO
2025-12-31 08:41:34 [INFO] scanner - 📅 Data/Hora: 31/12/2025 08:41:34
2025-12-31 08:41:34 [INFO] scanner - 📂 Log: logs/scanner_2025-12-31.log
2025-12-31 08:41:34 [INFO] scanner - ============================================================
2025-12-31 08:41:34 [INFO] scanner - 📝 PAPER MODE ATIVO - Apenas registro e análise
2025-12-31 08:41:38 [WARNING] root - Bloco de componentes falhou: cannot unpack non-iterable int object
2025-12-31 08:41:38 [INFO] scanner - ✅ Validações OK [BTC/USDT]: Score=7.3, R:R=2.08
2025-12-31 08:41:38 [INFO] scanner - ⏸️  Throttle ativo [BTC/USDT]:
2025-12-31 08:41:38 [INFO] scanner -    ├─ Último alerta há 319.3 minutos
2025-12-31 08:41:38 [INFO] scanner -    ├─ Tempo mínimo: 1800 minutos
2025-12-31 08:41:38 [INFO] scanner -    └─ Próximo permitido em: 1480.7 minutos
2025-12-31 08:41:38 [WARNING] root - Bloco de componentes falhou: cannot unpack non-iterable int object
2025-12-31 08:41:38 [INFO] scanner - ✅ Validações OK [BTC/USDT]: Score=7.3, R:R=2.08
2025-12-31 08:41:38 [INFO] scanner - ⏸️  Throttle ativo [BTC/USDT]:
2025-12-31 08:41:38 [INFO] scanner -    ├─ Último alerta há 319.3 minutos
2025-12-31 08:41:38 [INFO] scanner -    ├─ Tempo mínimo: 1800 minutos
2025-12-31 08:41:38 [INFO] scanner -    └─ Próximo permitido em: 1480.7 minutos
2025-12-31 08:41:40 [WARNING] root - Bloco de componentes falhou: cannot unpack non-iterable int object
2025-12-31 08:41:40 [INFO] scanner - ✅ Validações OK [ETH/USDT]: Score=10.0, R:R=2.00
2025-12-31 08:41:40 [INFO] scanner - ⏸️  Throttle ativo [ETH/USDT]:
2025-12-31 08:41:40 [INFO] scanner -    ├─ Último alerta há 1393.7 minutos
2025-12-31 08:41:40 [INFO] scanner -    ├─ Tempo mínimo: 1800 minutos
2025-12-31 08:41:40 [INFO] scanner -    └─ Próximo permitido em: 406.3 minutos
2025-12-31 08:41:40 [WARNING] root - Bloco de componentes falhou: cannot unpack non-iterable int object
2025-12-31 08:41:40 [INFO] scanner - ✅ Validações OK [ETH/USDT]: Score=8.8, R:R=2.00
2025-12-31 08:41:40 [INFO] scanner - ⏸️  Throttle ativo [ETH/USDT]:
2025-12-31 08:41:40 [INFO] scanner -    ├─ Último alerta há 1393.7 minutos
2025-12-31 08:41:40 [INFO] scanner -    ├─ Tempo mínimo: 1800 minutos
2025-12-31 08:41:40 [INFO] scanner -    └─ Próximo permitido em: 406.3 minutos
2025-12-31 08:49:14 [INFO] scanner - ============================================================
2025-12-31 08:49:14 [INFO] scanner - 🚀 SCANNER INICIADO
2025-12-31 08:49:14 [INFO] scanner - 📅 Data/Hora: 31/12/2025 08:49:14
2025-12-31 08:49:14 [INFO] scanner - 📂 Log: logs/scanner_2025-12-31.log
2025-12-31 08:49:14 [INFO] scanner - ============================================================
2025-12-31 08:49:14 [INFO] scanner - 📝 PAPER MODE ATIVO - Apenas registro e análise
2025-12-31 08:49:17 [WARNING] root - Bloco de componentes falhou: cannot unpack non-iterable int object
2025-12-31 08:49:17 [INFO] scanner - ✅ Validações OK [BTC/USDT]: Score=9.3, R:R=2.08
2025-12-31 08:49:17 [INFO] scanner - ⏸️  Throttle ativo [BTC/USDT]:
2025-12-31 08:49:17 [INFO] scanner -    ├─ Último alerta há 327.0 minutos
2025-12-31 08:49:17 [INFO] scanner -    ├─ Tempo mínimo: 1800 minutos
2025-12-31 08:49:17 [INFO] scanner -    └─ Próximo permitido em: 1473.0 minutos
2025-12-31 08:49:18 [WARNING] root - Bloco de componentes falhou: cannot unpack non-iterable int object
2025-12-31 08:49:18 [INFO] scanner - ✅ Validações OK [BTC/USDT]: Score=7.3, R:R=2.08
2025-12-31 08:49:18 [INFO] scanner - ⏸️  Throttle ativo [BTC/USDT]:
2025-12-31 08:49:18 [INFO] scanner -    ├─ Último alerta há 327.0 minutos
2025-12-31 08:49:18 [INFO] scanner -    ├─ Tempo mínimo: 1800 minutos
2025-12-31 08:49:18 [INFO] scanner -    └─ Próximo permitido em: 1473.0 minutos
2025-12-31 08:49:18 [WARNING] root - Bloco de componentes falhou: cannot unpack non-iterable int object
2025-12-31 08:49:18 [INFO] scanner - ✅ Validações OK [BTC/USDT]: Score=7.3, R:R=2.08
2025-12-31 08:49:18 [INFO] scanner - ⏸️  Throttle ativo [BTC/USDT]:
2025-12-31 08:49:18 [INFO] scanner -    ├─ Último alerta há 327.0 minutos
2025-12-31 08:49:18 [INFO] scanner -    ├─ Tempo mínimo: 1800 minutos
2025-12-31 08:49:18 [INFO] scanner -    └─ Próximo permitido em: 1473.0 minutos
2025-12-31 08:49:18 [WARNING] root - Bloco de componentes falhou: cannot unpack non-iterable int object
2025-12-31 08:49:18 [INFO] scanner - ✅ Validações OK [BTC/USDT]: Score=7.3, R:R=2.08
2025-12-31 08:49:18 [INFO] scanner - ⏸️  Throttle ativo [BTC/USDT]:
2025-12-31 08:49:18 [INFO] scanner -    ├─ Último alerta há 327.0 minutos
2025-12-31 08:49:18 [INFO] scanner -    ├─ Tempo mínimo: 1800 minutos
2025-12-31 08:49:18 [INFO] scanner -    └─ Próximo permitido em: 1473.0 minutos
2025-12-31 08:49:20 [WARNING] root - Bloco de componentes falhou: cannot unpack non-iterable int object
2025-12-31 08:49:20 [INFO] scanner - ✅ Validações OK [ETH/USDT]: Score=10.0, R:R=2.00
2025-12-31 08:49:20 [INFO] scanner - ⏸️  Throttle ativo [ETH/USDT]:
2025-12-31 08:49:20 [INFO] scanner -    ├─ Último alerta há 1401.3 minutos
2025-12-31 08:49:20 [INFO] scanner -    ├─ Tempo mínimo: 1800 minutos
2025-12-31 08:49:20 [INFO] scanner -    └─ Próximo permitido em: 398.7 minutos
2025-12-31 08:49:21 [WARNING] root - Bloco de componentes falhou: cannot unpack non-iterable int object
2025-12-31 08:49:21 [INFO] scanner - ✅ Validações OK [ETH/USDT]: Score=7.3, R:R=2.00
2025-12-31 08:49:21 [INFO] scanner - ⏸️  Throttle ativo [ETH/USDT]:
2025-12-31 08:49:21 [INFO] scanner -    ├─ Último alerta há 1401.3 minutos
2025-12-31 08:49:21 [INFO] scanner -    ├─ Tempo mínimo: 1800 minutos
2025-12-31 08:49:21 [INFO] scanner -    └─ Próximo permitido em: 398.7 minutos
2025-12-31 08:49:21 [WARNING] root - Bloco de componentes falhou: cannot unpack non-iterable int object
2025-12-31 08:49:21 [INFO] scanner - ✅ Validações OK [ETH/USDT]: Score=7.3, R:R=2.00
2025-12-31 08:49:21 [INFO] scanner - ⏸️  Throttle ativo [ETH/USDT]:
2025-12-31 08:49:21 [INFO] scanner -    ├─ Último alerta há 1401.3 minutos
2025-12-31 08:49:21 [INFO] scanner -    ├─ Tempo mínimo: 1800 minutos
2025-12-31 08:49:21 [INFO] scanner -    └─ Próximo permitido em: 398.7 minutos
2025-12-31 08:49:21 [WARNING] root - Bloco de componentes falhou: cannot unpack non-iterable int object
2025-12-31 08:49:21 [INFO] scanner - ✅ Validações OK [ETH/USDT]: Score=7.3, R:R=2.00
2025-12-31 08:49:21 [INFO] scanner - ⏸️  Throttle ativo [ETH/USDT]:
2025-12-31 08:49:21 [INFO] scanner -    ├─ Último alerta há 1401.3 minutos
2025-12-31 08:49:21 [INFO] scanner -    ├─ Tempo mínimo: 1800 minutos
2025-12-31 08:49:21 [INFO] scanner -    └─ Próximo permitido em: 398.7 minutos
2025-12-31 09:26:57 [INFO] scanner - ============================================================
2025-12-31 09:26:57 [INFO] scanner - 🚀 SCANNER INICIADO
2025-12-31 09:26:57 [INFO] scanner - 📅 Data/Hora: 31/12/2025 09:26:57
2025-12-31 09:26:57 [INFO] scanner - 📂 Log: logs/scanner_2025-12-31.log
2025-12-31 09:26:57 [INFO] scanner - ============================================================
2025-12-31 09:26:57 [INFO] scanner - 📝 PAPER MODE ATIVO - Apenas registro e análise
2025-12-31 09:27:01 [WARNING] root - Bloco de componentes falhou: cannot unpack non-iterable int object
2025-12-31 09:27:01 [INFO] scanner - ✅ Validações OK [BTC/USDT]: Score=7.8, R:R=2.08
2025-12-31 09:27:01 [INFO] scanner - ⏸️  Throttle ativo [BTC/USDT]:
2025-12-31 09:27:01 [INFO] scanner -    ├─ Último alerta há 364.7 minutos
2025-12-31 09:27:01 [INFO] scanner -    ├─ Tempo mínimo: 1800 minutos
2025-12-31 09:27:01 [INFO] scanner -    └─ Próximo permitido em: 1435.3 minutos
2025-12-31 10:08:33 [INFO] scanner - ============================================================
2025-12-31 10:08:33 [INFO] scanner - 🚀 SCANNER INICIADO
2025-12-31 10:08:33 [INFO] scanner - 📅 Data/Hora: 31/12/2025 10:08:33
2025-12-31 10:08:33 [INFO] scanner - 📂 Log: logs/scanner_2025-12-31.log
2025-12-31 10:08:33 [INFO] scanner - ============================================================
2025-12-31 10:08:33 [INFO] scanner - 📝 PAPER MODE ATIVO - Apenas registro e análise
2025-12-31 10:08:37 [WARNING] root - Bloco de componentes falhou: cannot unpack non-iterable int object
2025-12-31 10:08:37 [INFO] scanner - ✅ Validações OK [BTC/USDT]: Score=7.3, R:R=2.08
2025-12-31 10:08:37 [INFO] scanner - ⏸️  Throttle ativo [BTC/USDT]:
2025-12-31 10:08:37 [INFO] scanner -    ├─ Último alerta há 406.3 minutos
2025-12-31 10:08:37 [INFO] scanner -    ├─ Tempo mínimo: 1800 minutos
2025-12-31 10:08:37 [INFO] scanner -    └─ Próximo permitido em: 1393.7 minutos
2025-12-31 10:44:16 [INFO] scanner - ============================================================
2025-12-31 10:44:16 [INFO] scanner - 🚀 SCANNER INICIADO
2025-12-31 10:44:16 [INFO] scanner - 📅 Data/Hora: 31/12/2025 10:44:16
2025-12-31 10:44:16 [INFO] scanner - 📂 Log: logs/scanner_2025-12-31.log
2025-12-31 10:44:16 [INFO] scanner - ============================================================
2025-12-31 10:44:16 [INFO] scanner - 📝 PAPER MODE ATIVO - Apenas registro e análise
2025-12-31 10:44:19 [WARNING] root - Bloco de componentes falhou: cannot unpack non-iterable int object
2025-12-31 10:44:19 [INFO] scanner - ✅ Validações OK [BTC/USDT]: Score=7.3, R:R=2.08
2025-12-31 10:44:19 [INFO] scanner - ⏸️  Throttle ativo [BTC/USDT]:
2025-12-31 10:44:19 [INFO] scanner -    ├─ Último alerta há 442.0 minutos
2025-12-31 10:44:19 [INFO] scanner -    ├─ Tempo mínimo: 1800 minutos
2025-12-31 10:44:19 [INFO] scanner -    └─ Próximo permitido em: 1358.0 minutos
2025-12-31 10:55:06 [INFO] scanner - ============================================================
2025-12-31 10:55:06 [INFO] scanner - 🚀 SCANNER INICIADO
2025-12-31 10:55:06 [INFO] scanner - 📅 Data/Hora: 31/12/2025 10:55:06
2025-12-31 10:55:06 [INFO] scanner - 📂 Log: logs/scanner_2025-12-31.log
2025-12-31 10:55:06 [INFO] scanner - ============================================================
2025-12-31 10:55:06 [INFO] scanner - 📝 PAPER MODE ATIVO - Apenas registro e análise
2025-12-31 10:55:09 [WARNING] root - Bloco de componentes falhou: cannot unpack non-iterable int object
2025-12-31 10:55:09 [INFO] scanner - ✅ Validações OK [BTC/USDT]: Score=7.3, R:R=2.08
2025-12-31 10:55:09 [INFO] scanner - ⏸️  Throttle ativo [BTC/USDT]:
2025-12-31 10:55:09 [INFO] scanner -    ├─ Último alerta há 452.9 minutos
2025-12-31 10:55:09 [INFO] scanner -    ├─ Tempo mínimo: 1800 minutos
2025-12-31 10:55:09 [INFO] scanner -    └─ Próximo permitido em: 1347.1 minutos
2025-12-31 10:55:09 [WARNING] root - Bloco de componentes falhou: cannot unpack non-iterable int object
2025-12-31 10:55:09 [INFO] scanner - ✅ Validações OK [BTC/USDT]: Score=7.3, R:R=2.08
2025-12-31 10:55:09 [INFO] scanner - ⏸️  Throttle ativo [BTC/USDT]:
2025-12-31 10:55:09 [INFO] scanner -    ├─ Último alerta há 452.9 minutos
2025-12-31 10:55:09 [INFO] scanner -    ├─ Tempo mínimo: 1800 minutos
2025-12-31 10:55:09 [INFO] scanner -    └─ Próximo permitido em: 1347.1 minutos
2025-12-31 11:13:57 [INFO] scanner - ============================================================
2025-12-31 11:13:57 [INFO] scanner - 🚀 SCANNER INICIADO
2025-12-31 11:13:57 [INFO] scanner - 📅 Data/Hora: 31/12/2025 11:13:57
2025-12-31 11:13:57 [INFO] scanner - 📂 Log: logs/scanner_2025-12-31.log
2025-12-31 11:13:57 [INFO] scanner - ============================================================
2025-12-31 11:13:57 [INFO] scanner - 📝 PAPER MODE ATIVO - Apenas registro e análise
2025-12-31 11:14:00 [WARNING] root - Bloco de componentes falhou: cannot unpack non-iterable int object
2025-12-31 11:14:00 [INFO] scanner - ✅ Validações OK [BTC/USDT]: Score=7.3, R:R=2.08
2025-12-31 11:14:00 [INFO] scanner - ⏸️  Throttle ativo [BTC/USDT]:
2025-12-31 11:14:00 [INFO] scanner -    ├─ Último alerta há 471.7 minutos
2025-12-31 11:14:00 [INFO] scanner -    ├─ Tempo mínimo: 1800 minutos
2025-12-31 11:14:00 [INFO] scanner -    └─ Próximo permitido em: 1328.3 minutos
2025-12-31 11:14:00 [WARNING] root - Bloco de componentes falhou: cannot unpack non-iterable int object
2025-12-31 11:14:00 [INFO] scanner - ✅ Validações OK [BTC/USDT]: Score=7.3, R:R=2.08
2025-12-31 11:14:00 [INFO] scanner - ⏸️  Throttle ativo [BTC/USDT]:
2025-12-31 11:14:00 [INFO] scanner -    ├─ Último alerta há 471.7 minutos
2025-12-31 11:14:00 [INFO] scanner -    ├─ Tempo mínimo: 1800 minutos
2025-12-31 11:14:00 [INFO] scanner -    └─ Próximo permitido em: 1328.3 minutos
2025-12-31 11:14:02 [WARNING] root - Bloco de componentes falhou: cannot unpack non-iterable int object
2025-12-31 11:14:02 [INFO] scanner - ✅ Validações OK [ETH/USDT]: Score=7.3, R:R=2.00
2025-12-31 11:14:02 [INFO] scanner - ⏸️  Throttle ativo [ETH/USDT]:
2025-12-31 11:14:02 [INFO] scanner -    ├─ Último alerta há 1546.0 minutos
2025-12-31 11:14:02 [INFO] scanner -    ├─ Tempo mínimo: 1800 minutos
2025-12-31 11:14:02 [INFO] scanner -    └─ Próximo permitido em: 254.0 minutos
2025-12-31 11:14:02 [WARNING] root - Bloco de componentes falhou: cannot unpack non-iterable int object
2025-12-31 11:14:02 [INFO] scanner - ✅ Validações OK [ETH/USDT]: Score=7.3, R:R=2.00
2025-12-31 11:14:02 [INFO] scanner - ⏸️  Throttle ativo [ETH/USDT]:
2025-12-31 11:14:02 [INFO] scanner -    ├─ Último alerta há 1546.0 minutos
2025-12-31 11:14:02 [INFO] scanner -    ├─ Tempo mínimo: 1800 minutos
2025-12-31 11:14:02 [INFO] scanner -    └─ Próximo permitido em: 254.0 minutos
2025-12-31 11:14:03 [WARNING] root - Bloco de componentes falhou: cannot unpack non-iterable int object
2025-12-31 11:14:03 [INFO] scanner - ✅ Validações OK [ETH/USDT]: Score=7.3, R:R=2.00
2025-12-31 11:14:03 [INFO] scanner - ⏸️  Throttle ativo [ETH/USDT]:
2025-12-31 11:14:03 [INFO] scanner -    ├─ Último alerta há 1546.0 minutos
2025-12-31 11:14:03 [INFO] scanner -    ├─ Tempo mínimo: 1800 minutos
2025-12-31 11:14:03 [INFO] scanner -    └─ Próximo permitido em: 254.0 minutos
2025-12-31 11:35:50 [INFO] scanner - ============================================================
2025-12-31 11:35:50 [INFO] scanner - 🚀 SCANNER INICIADO
2025-12-31 11:35:50 [INFO] scanner - 📅 Data/Hora: 31/12/2025 11:35:50
2025-12-31 11:35:50 [INFO] scanner - 📂 Log: logs/scanner_2025-12-31.log
2025-12-31 11:35:50 [INFO] scanner - ============================================================
2025-12-31 11:35:50 [INFO] scanner - 📝 PAPER MODE ATIVO - Apenas registro e análise
2025-12-31 11:35:53 [WARNING] root - Bloco de componentes falhou: cannot unpack non-iterable int object
2025-12-31 11:35:53 [INFO] scanner - ✅ Validações OK [BTC/USDT]: Score=7.3, R:R=2.08
2025-12-31 11:35:53 [INFO] scanner - ⏸️  Throttle ativo [BTC/USDT]:
2025-12-31 11:35:53 [INFO] scanner -    ├─ Último alerta há 493.6 minutos
2025-12-31 11:35:53 [INFO] scanner -    ├─ Tempo mínimo: 1800 minutos
2025-12-31 11:35:53 [INFO] scanner -    └─ Próximo permitido em: 1306.4 minutos
2025-12-31 11:35:56 [WARNING] root - Bloco de componentes falhou: cannot unpack non-iterable int object
2025-12-31 11:35:56 [INFO] scanner - ✅ Validações OK [ETH/USDT]: Score=10.0, R:R=2.00
2025-12-31 11:35:56 [INFO] scanner - ⏸️  Throttle ativo [ETH/USDT]:
2025-12-31 11:35:56 [INFO] scanner -    ├─ Último alerta há 1567.9 minutos
2025-12-31 11:35:56 [INFO] scanner -    ├─ Tempo mínimo: 1800 minutos
2025-12-31 11:35:56 [INFO] scanner -    └─ Próximo permitido em: 232.1 minutos
2025-12-31 11:35:56 [WARNING] root - Bloco de componentes falhou: cannot unpack non-iterable int object
2025-12-31 11:35:56 [INFO] scanner - ✅ Validações OK [ETH/USDT]: Score=7.3, R:R=2.00
2025-12-31 11:35:56 [INFO] scanner - ⏸️  Throttle ativo [ETH/USDT]:
2025-12-31 11:35:56 [INFO] scanner -    ├─ Último alerta há 1567.9 minutos
2025-12-31 11:35:56 [INFO] scanner -    ├─ Tempo mínimo: 1800 minutos
2025-12-31 11:35:56 [INFO] scanner -    └─ Próximo permitido em: 232.1 minutos
2025-12-31 11:51:53 [INFO] scanner - ============================================================
2025-12-31 11:51:53 [INFO] scanner - 🚀 SCANNER INICIADO
2025-12-31 11:51:53 [INFO] scanner - 📅 Data/Hora: 31/12/2025 11:51:53
2025-12-31 11:51:53 [INFO] scanner - 📂 Log: logs/scanner_2025-12-31.log
2025-12-31 11:51:53 [INFO] scanner - ============================================================
2025-12-31 11:51:53 [INFO] scanner - 📝 PAPER MODE ATIVO - Apenas registro e análise
2025-12-31 11:51:56 [WARNING] root - Bloco de componentes falhou: cannot unpack non-iterable int object
2025-12-31 11:51:56 [INFO] scanner - ✅ Validações OK [BTC/USDT]: Score=7.3, R:R=2.08
2025-12-31 11:51:56 [INFO] scanner - ⏸️  Throttle ativo [BTC/USDT]:
2025-12-31 11:51:56 [INFO] scanner -    ├─ Último alerta há 509.6 minutos
2025-12-31 11:51:56 [INFO] scanner -    ├─ Tempo mínimo: 1800 minutos
2025-12-31 11:51:56 [INFO] scanner -    └─ Próximo permitido em: 1290.4 minutos
2025-12-31 11:51:56 [WARNING] root - Bloco de componentes falhou: cannot unpack non-iterable int object
2025-12-31 11:51:56 [INFO] scanner - ✅ Validações OK [BTC/USDT]: Score=7.3, R:R=2.08
2025-12-31 11:51:56 [INFO] scanner - ⏸️  Throttle ativo [BTC/USDT]:
2025-12-31 11:51:56 [INFO] scanner -    ├─ Último alerta há 509.6 minutos
2025-12-31 11:51:56 [INFO] scanner -    ├─ Tempo mínimo: 1800 minutos
2025-12-31 11:51:56 [INFO] scanner -    └─ Próximo permitido em: 1290.4 minutos
2025-12-31 11:51:58 [WARNING] root - Bloco de componentes falhou: cannot unpack non-iterable int object
2025-12-31 11:51:58 [INFO] scanner - ✅ Validações OK [ETH/USDT]: Score=10.0, R:R=2.00
2025-12-31 11:51:58 [INFO] scanner - ⏸️  Throttle ativo [ETH/USDT]:
2025-12-31 11:51:58 [INFO] scanner -    ├─ Último alerta há 1584.0 minutos
2025-12-31 11:51:58 [INFO] scanner -    ├─ Tempo mínimo: 1800 minutos
2025-12-31 11:51:58 [INFO] scanner -    └─ Próximo permitido em: 216.0 minutos
2025-12-31 11:51:59 [WARNING] root - Bloco de componentes falhou: cannot unpack non-iterable int object
2025-12-31 11:51:59 [INFO] scanner - ✅ Validações OK [ETH/USDT]: Score=7.3, R:R=2.00
2025-12-31 11:51:59 [INFO] scanner - ⏸️  Throttle ativo [ETH/USDT]:
2025-12-31 11:51:59 [INFO] scanner -    ├─ Último alerta há 1584.0 minutos
2025-12-31 11:51:59 [INFO] scanner -    ├─ Tempo mínimo: 1800 minutos
2025-12-31 11:51:59 [INFO] scanner -    └─ Próximo permitido em: 216.0 minutos
2025-12-31 11:51:59 [WARNING] root - Bloco de componentes falhou: cannot unpack non-iterable int object
2025-12-31 11:51:59 [INFO] scanner - ✅ Validações OK [ETH/USDT]: Score=7.3, R:R=2.00
2025-12-31 11:51:59 [INFO] scanner - ⏸️  Throttle ativo [ETH/USDT]:
2025-12-31 11:51:59 [INFO] scanner -    ├─ Último alerta há 1584.0 minutos
2025-12-31 11:51:59 [INFO] scanner -    ├─ Tempo mínimo: 1800 minutos
2025-12-31 11:51:59 [INFO] scanner -    └─ Próximo permitido em: 216.0 minutos
2025-12-31 12:14:11 [INFO] scanner - ============================================================
2025-12-31 12:14:11 [INFO] scanner - 🚀 SCANNER INICIADO
2025-12-31 12:14:11 [INFO] scanner - 📅 Data/Hora: 31/12/2025 12:14:11
2025-12-31 12:14:11 [INFO] scanner - 📂 Log: logs/scanner_2025-12-31.log
2025-12-31 12:14:11 [INFO] scanner - ============================================================
2025-12-31 12:14:11 [INFO] scanner - 📝 PAPER MODE ATIVO - Apenas registro e análise
2025-12-31 12:14:44 [WARNING] root - Bloco de componentes falhou: cannot unpack non-iterable int object
2025-12-31 12:14:44 [INFO] scanner - ✅ Validações OK [BTC/USDT]: Score=7.3, R:R=2.08
2025-12-31 12:14:44 [INFO] scanner - ⏸️  Throttle ativo [BTC/USDT]:
2025-12-31 12:14:44 [INFO] scanner -    ├─ Último alerta há 532.4 minutos
2025-12-31 12:14:44 [INFO] scanner -    ├─ Tempo mínimo: 1800 minutos
2025-12-31 12:14:44 [INFO] scanner -    └─ Próximo permitido em: 1267.6 minutos
2025-12-31 12:14:44 [WARNING] root - Bloco de componentes falhou: cannot unpack non-iterable int object
2025-12-31 12:14:44 [INFO] scanner - ✅ Validações OK [BTC/USDT]: Score=7.3, R:R=2.08
2025-12-31 12:14:44 [INFO] scanner - ⏸️  Throttle ativo [BTC/USDT]:
2025-12-31 12:14:44 [INFO] scanner -    ├─ Último alerta há 532.4 minutos
2025-12-31 12:14:44 [INFO] scanner -    ├─ Tempo mínimo: 1800 minutos
2025-12-31 12:14:44 [INFO] scanner -    └─ Próximo permitido em: 1267.6 minutos
2025-12-31 12:14:46 [WARNING] root - Bloco de componentes falhou: cannot unpack non-iterable int object
2025-12-31 12:14:46 [INFO] scanner - ✅ Validações OK [ETH/USDT]: Score=7.3, R:R=2.00
2025-12-31 12:14:46 [INFO] scanner - ⏸️  Throttle ativo [ETH/USDT]:
2025-12-31 12:14:46 [INFO] scanner -    ├─ Último alerta há 1606.8 minutos
2025-12-31 12:14:46 [INFO] scanner -    ├─ Tempo mínimo: 1800 minutos
2025-12-31 12:14:46 [INFO] scanner -    └─ Próximo permitido em: 193.2 minutos
2025-12-31 12:33:41 [INFO] scanner - ============================================================
2025-12-31 12:33:41 [INFO] scanner - 🚀 SCANNER INICIADO
2025-12-31 12:33:41 [INFO] scanner - 📅 Data/Hora: 31/12/2025 12:33:41
2025-12-31 12:33:41 [INFO] scanner - 📂 Log: logs/scanner_2025-12-31.log
2025-12-31 12:33:41 [INFO] scanner - ============================================================
2025-12-31 12:33:41 [INFO] scanner - 📝 PAPER MODE ATIVO - Apenas registro e análise
2025-12-31 12:33:44 [WARNING] root - Bloco de componentes falhou: cannot unpack non-iterable int object
2025-12-31 12:33:44 [INFO] scanner - ✅ Validações OK [BTC/USDT]: Score=7.8, R:R=2.08
2025-12-31 12:33:44 [INFO] scanner - ⏸️  Throttle ativo [BTC/USDT]:
2025-12-31 12:33:44 [INFO] scanner -    ├─ Último alerta há 551.4 minutos
2025-12-31 12:33:44 [INFO] scanner -    ├─ Tempo mínimo: 1800 minutos
2025-12-31 12:33:44 [INFO] scanner -    └─ Próximo permitido em: 1248.6 minutos
2025-12-31 12:33:44 [WARNING] root - Bloco de componentes falhou: cannot unpack non-iterable int object
2025-12-31 12:33:44 [INFO] scanner - ✅ Validações OK [BTC/USDT]: Score=7.8, R:R=2.08
2025-12-31 12:33:44 [INFO] scanner - ⏸️  Throttle ativo [BTC/USDT]:
2025-12-31 12:33:44 [INFO] scanner -    ├─ Último alerta há 551.4 minutos
2025-12-31 12:33:44 [INFO] scanner -    ├─ Tempo mínimo: 1800 minutos
2025-12-31 12:33:44 [INFO] scanner -    └─ Próximo permitido em: 1248.6 minutos
2025-12-31 12:33:46 [WARNING] root - Bloco de componentes falhou: cannot unpack non-iterable int object
2025-12-31 12:33:46 [INFO] scanner - ✅ Validações OK [ETH/USDT]: Score=10.0, R:R=2.00
2025-12-31 12:33:46 [INFO] scanner - ⏸️  Throttle ativo [ETH/USDT]:
2025-12-31 12:33:46 [INFO] scanner -    ├─ Último alerta há 1625.8 minutos
2025-12-31 12:33:46 [INFO] scanner -    ├─ Tempo mínimo: 1800 minutos
2025-12-31 12:33:46 [INFO] scanner -    └─ Próximo permitido em: 174.2 minutos
2025-12-31 12:33:47 [WARNING] root - Bloco de componentes falhou: cannot unpack non-iterable int object
2025-12-31 12:33:47 [INFO] scanner - ✅ Validações OK [ETH/USDT]: Score=7.3, R:R=2.00
2025-12-31 12:33:47 [INFO] scanner - ⏸️  Throttle ativo [ETH/USDT]:
2025-12-31 12:33:47 [INFO] scanner -    ├─ Último alerta há 1625.8 minutos
2025-12-31 12:33:47 [INFO] scanner -    ├─ Tempo mínimo: 1800 minutos
2025-12-31 12:33:47 [INFO] scanner -    └─ Próximo permitido em: 174.2 minutos
2025-12-31 12:33:47 [WARNING] root - Bloco de componentes falhou: cannot unpack non-iterable int object
2025-12-31 12:33:47 [INFO] scanner - ✅ Validações OK [ETH/USDT]: Score=7.3, R:R=2.00
2025-12-31 12:33:47 [INFO] scanner - ⏸️  Throttle ativo [ETH/USDT]:
2025-12-31 12:33:47 [INFO] scanner -    ├─ Último alerta há 1625.8 minutos
2025-12-31 12:33:47 [INFO] scanner -    ├─ Tempo mínimo: 1800 minutos
2025-12-31 12:33:47 [INFO] scanner -    └─ Próximo permitido em: 174.2 minutos
2025-12-31 12:33:47 [WARNING] root - Bloco de componentes falhou: cannot unpack non-iterable int object
2025-12-31 12:33:47 [INFO] scanner - ✅ Validações OK [ETH/USDT]: Score=7.3, R:R=2.00
2025-12-31 12:33:47 [INFO] scanner - ⏸️  Throttle ativo [ETH/USDT]:
2025-12-31 12:33:47 [INFO] scanner -    ├─ Último alerta há 1625.8 minutos
2025-12-31 12:33:47 [INFO] scanner -    ├─ Tempo mínimo: 1800 minutos
2025-12-31 12:33:47 [INFO] scanner -    └─ Próximo permitido em: 174.2 minutos
2025-12-31 12:50:20 [INFO] scanner - ============================================================
2025-12-31 12:50:20 [INFO] scanner - 🚀 SCANNER INICIADO
2025-12-31 12:50:20 [INFO] scanner - 📅 Data/Hora: 31/12/2025 12:50:20
2025-12-31 12:50:20 [INFO] scanner - 📂 Log: logs/scanner_2025-12-31.log
2025-12-31 12:50:20 [INFO] scanner - ============================================================
2025-12-31 12:50:20 [INFO] scanner - 📝 PAPER MODE ATIVO - Apenas registro e análise
2025-12-31 12:50:23 [WARNING] root - Bloco de componentes falhou: cannot unpack non-iterable int object
2025-12-31 12:50:23 [INFO] scanner - ✅ Validações OK [BTC/USDT]: Score=7.8, R:R=2.08
2025-12-31 12:50:23 [INFO] scanner - ⏸️  Throttle ativo [BTC/USDT]:
2025-12-31 12:50:23 [INFO] scanner -    ├─ Último alerta há 568.1 minutos
2025-12-31 12:50:23 [INFO] scanner -    ├─ Tempo mínimo: 1800 minutos
2025-12-31 12:50:23 [INFO] scanner -    └─ Próximo permitido em: 1231.9 minutos
2025-12-31 12:50:23 [WARNING] root - Bloco de componentes falhou: cannot unpack non-iterable int object
2025-12-31 12:50:23 [INFO] scanner - ✅ Validações OK [BTC/USDT]: Score=7.8, R:R=2.08
2025-12-31 12:50:23 [INFO] scanner - ⏸️  Throttle ativo [BTC/USDT]:
2025-12-31 12:50:23 [INFO] scanner -    ├─ Último alerta há 568.1 minutos
2025-12-31 12:50:23 [INFO] scanner -    ├─ Tempo mínimo: 1800 minutos
2025-12-31 12:50:23 [INFO] scanner -    └─ Próximo permitido em: 1231.9 minutos
2025-12-31 12:50:25 [WARNING] root - Bloco de componentes falhou: cannot unpack non-iterable int object
2025-12-31 12:50:25 [INFO] scanner - ✅ Validações OK [ETH/USDT]: Score=10.0, R:R=2.00
2025-12-31 12:50:25 [INFO] scanner - ⏸️  Throttle ativo [ETH/USDT]:
2025-12-31 12:50:25 [INFO] scanner -    ├─ Último alerta há 1642.4 minutos
2025-12-31 12:50:25 [INFO] scanner -    ├─ Tempo mínimo: 1800 minutos
2025-12-31 12:50:25 [INFO] scanner -    └─ Próximo permitido em: 157.6 minutos
2025-12-31 12:50:26 [WARNING] root - Bloco de componentes falhou: cannot unpack non-iterable int object
2025-12-31 12:50:26 [INFO] scanner - ✅ Validações OK [ETH/USDT]: Score=7.3, R:R=2.00
2025-12-31 12:50:26 [INFO] scanner - ⏸️  Throttle ativo [ETH/USDT]:
2025-12-31 12:50:26 [INFO] scanner -    ├─ Último alerta há 1642.4 minutos
2025-12-31 12:50:26 [INFO] scanner -    ├─ Tempo mínimo: 1800 minutos
2025-12-31 12:50:26 [INFO] scanner -    └─ Próximo permitido em: 157.6 minutos
2025-12-31 12:50:26 [WARNING] root - Bloco de componentes falhou: cannot unpack non-iterable int object
2025-12-31 12:50:26 [INFO] scanner - ✅ Validações OK [ETH/USDT]: Score=7.3, R:R=2.00
2025-12-31 12:50:26 [INFO] scanner - ⏸️  Throttle ativo [ETH/USDT]:
2025-12-31 12:50:26 [INFO] scanner -    ├─ Último alerta há 1642.4 minutos
2025-12-31 12:50:26 [INFO] scanner -    ├─ Tempo mínimo: 1800 minutos
2025-12-31 12:50:26 [INFO] scanner -    └─ Próximo permitido em: 157.6 minutos
2025-12-31 13:17:17 [INFO] scanner - ============================================================
2025-12-31 13:17:17 [INFO] scanner - 🚀 SCANNER INICIADO
2025-12-31 13:17:17 [INFO] scanner - 📅 Data/Hora: 31/12/2025 13:17:17
2025-12-31 13:17:17 [INFO] scanner - 📂 Log: logs/scanner_2025-12-31.log
2025-12-31 13:17:17 [INFO] scanner - ============================================================
2025-12-31 13:17:17 [INFO] scanner - 📝 PAPER MODE ATIVO - Apenas registro e análise
2025-12-31 13:17:23 [WARNING] root - Bloco de componentes falhou: cannot unpack non-iterable int object
2025-12-31 13:17:23 [INFO] scanner - ✅ Validações OK [ETH/USDT]: Score=7.3, R:R=2.00
2025-12-31 13:17:23 [INFO] scanner - ⏸️  Throttle ativo [ETH/USDT]:
2025-12-31 13:17:23 [INFO] scanner -    ├─ Último alerta há 1669.4 minutos
2025-12-31 13:17:23 [INFO] scanner -    ├─ Tempo mínimo: 1800 minutos
2025-12-31 13:17:23 [INFO] scanner -    └─ Próximo permitido em: 130.6 minutos
2025-12-31 13:46:55 [INFO] scanner - ============================================================
2025-12-31 13:46:55 [INFO] scanner - 🚀 SCANNER INICIADO
2025-12-31 13:46:55 [INFO] scanner - 📅 Data/Hora: 31/12/2025 13:46:55
2025-12-31 13:46:55 [INFO] scanner - 📂 Log: logs/scanner_2025-12-31.log
2025-12-31 13:46:55 [INFO] scanner - ============================================================
2025-12-31 13:46:55 [INFO] scanner - 📝 PAPER MODE ATIVO - Apenas registro e análise
2025-12-31 13:46:58 [WARNING] root - Bloco de componentes falhou: cannot unpack non-iterable int object
2025-12-31 13:46:58 [INFO] scanner - ✅ Validações OK [BTC/USDT]: Score=7.3, R:R=2.08
2025-12-31 13:46:58 [INFO] scanner - ⏸️  Throttle ativo [BTC/USDT]:
2025-12-31 13:46:58 [INFO] scanner -    ├─ Último alerta há 624.7 minutos
2025-12-31 13:46:58 [INFO] scanner -    ├─ Tempo mínimo: 1800 minutos
2025-12-31 13:46:58 [INFO] scanner -    └─ Próximo permitido em: 1175.3 minutos
2025-12-31 13:46:58 [WARNING] root - Bloco de componentes falhou: cannot unpack non-iterable int object
2025-12-31 13:46:58 [INFO] scanner - ✅ Validações OK [BTC/USDT]: Score=7.3, R:R=2.08
2025-12-31 13:46:58 [INFO] scanner - ⏸️  Throttle ativo [BTC/USDT]:
2025-12-31 13:46:58 [INFO] scanner -    ├─ Último alerta há 624.7 minutos
2025-12-31 13:46:58 [INFO] scanner -    ├─ Tempo mínimo: 1800 minutos
2025-12-31 13:46:58 [INFO] scanner -    └─ Próximo permitido em: 1175.3 minutos
2025-12-31 13:47:01 [WARNING] root - Bloco de componentes falhou: cannot unpack non-iterable int object
2025-12-31 13:47:01 [INFO] scanner - ✅ Validações OK [ETH/USDT]: Score=7.3, R:R=2.00
2025-12-31 13:47:01 [INFO] scanner - ⏸️  Throttle ativo [ETH/USDT]:
2025-12-31 13:47:01 [INFO] scanner -    ├─ Último alerta há 1699.0 minutos
2025-12-31 13:47:01 [INFO] scanner -    ├─ Tempo mínimo: 1800 minutos
2025-12-31 13:47:01 [INFO] scanner -    └─ Próximo permitido em: 101.0 minutos
2025-12-31 14:12:11 [INFO] scanner - ============================================================
2025-12-31 14:12:11 [INFO] scanner - 🚀 SCANNER INICIADO
2025-12-31 14:12:11 [INFO] scanner - 📅 Data/Hora: 31/12/2025 14:12:11
2025-12-31 14:12:11 [INFO] scanner - 📂 Log: logs/scanner_2025-12-31.log
2025-12-31 14:12:11 [INFO] scanner - ============================================================
2025-12-31 14:12:11 [INFO] scanner - 📝 PAPER MODE ATIVO - Apenas registro e análise
2025-12-31 14:12:14 [WARNING] root - Bloco de componentes falhou: cannot unpack non-iterable int object
2025-12-31 14:12:14 [INFO] scanner - ✅ Validações OK [BTC/USDT]: Score=7.3, R:R=2.08
2025-12-31 14:12:14 [INFO] scanner - ⏸️  Throttle ativo [BTC/USDT]:
2025-12-31 14:12:14 [INFO] scanner -    ├─ Último alerta há 649.9 minutos
2025-12-31 14:12:14 [INFO] scanner -    ├─ Tempo mínimo: 1800 minutos
2025-12-31 14:12:14 [INFO] scanner -    └─ Próximo permitido em: 1150.1 minutos
2025-12-31 14:12:16 [WARNING] root - Bloco de componentes falhou: cannot unpack non-iterable int object
2025-12-31 14:12:16 [INFO] scanner - ✅ Validações OK [ETH/USDT]: Score=7.3, R:R=2.00
2025-12-31 14:12:16 [INFO] scanner - ⏸️  Throttle ativo [ETH/USDT]:
2025-12-31 14:12:16 [INFO] scanner -    ├─ Último alerta há 1724.3 minutos
2025-12-31 14:12:16 [INFO] scanner -    ├─ Tempo mínimo: 1800 minutos
2025-12-31 14:12:16 [INFO] scanner -    └─ Próximo permitido em: 75.7 minutos
2025-12-31 14:32:34 [INFO] scanner - ============================================================
2025-12-31 14:32:34 [INFO] scanner - 🚀 SCANNER INICIADO
2025-12-31 14:32:34 [INFO] scanner - 📅 Data/Hora: 31/12/2025 14:32:34
2025-12-31 14:32:34 [INFO] scanner - 📂 Log: logs/scanner_2025-12-31.log
2025-12-31 14:32:34 [INFO] scanner - ============================================================
2025-12-31 14:32:34 [INFO] scanner - 📝 PAPER MODE ATIVO - Apenas registro e análise
2025-12-31 14:33:28 [WARNING] root - Bloco de componentes falhou: cannot unpack non-iterable int object
2025-12-31 14:33:28 [INFO] scanner - ✅ Validações OK [ETH/USDT]: Score=7.3, R:R=2.00
2025-12-31 14:33:28 [INFO] scanner - ⏸️  Throttle ativo [ETH/USDT]:
2025-12-31 14:33:28 [INFO] scanner -    ├─ Último alerta há 1745.5 minutos
2025-12-31 14:33:28 [INFO] scanner -    ├─ Tempo mínimo: 1800 minutos
2025-12-31 14:33:28 [INFO] scanner -    └─ Próximo permitido em: 54.5 minutos
2025-12-31 14:48:56 [INFO] scanner - ============================================================
2025-12-31 14:48:56 [INFO] scanner - 🚀 SCANNER INICIADO
2025-12-31 14:48:56 [INFO] scanner - 📅 Data/Hora: 31/12/2025 14:48:56
2025-12-31 14:48:56 [INFO] scanner - 📂 Log: logs/scanner_2025-12-31.log
2025-12-31 14:48:56 [INFO] scanner - ============================================================
2025-12-31 14:48:56 [INFO] scanner - 📝 PAPER MODE ATIVO - Apenas registro e análise
2025-12-31 14:49:01 [WARNING] root - Bloco de componentes falhou: cannot unpack non-iterable int object
2025-12-31 14:49:01 [INFO] scanner - ✅ Validações OK [ETH/USDT]: Score=7.3, R:R=2.00
2025-12-31 14:49:01 [INFO] scanner - ⏸️  Throttle ativo [ETH/USDT]:
2025-12-31 14:49:01 [INFO] scanner -    ├─ Último alerta há 1761.0 minutos
2025-12-31 14:49:01 [INFO] scanner -    ├─ Tempo mínimo: 1800 minutos
2025-12-31 14:49:01 [INFO] scanner -    └─ Próximo permitido em: 39.0 minutos
2025-12-31 15:19:44 [INFO] scanner - ============================================================
2025-12-31 15:19:44 [INFO] scanner - 🚀 SCANNER INICIADO
2025-12-31 15:19:44 [INFO] scanner - 📅 Data/Hora: 31/12/2025 15:19:44
2025-12-31 15:19:44 [INFO] scanner - 📂 Log: logs/scanner_2025-12-31.log
2025-12-31 15:19:44 [INFO] scanner - ============================================================
2025-12-31 15:19:44 [INFO] scanner - 📝 PAPER MODE ATIVO - Apenas registro e análise
2025-12-31 15:19:49 [WARNING] root - Bloco de componentes falhou: cannot unpack non-iterable int object
2025-12-31 15:19:49 [INFO] scanner - ✅ Validações OK [ETH/USDT]: Score=7.3, R:R=2.00
2025-12-31 15:19:49 [INFO] scanner - ⏸️  Throttle ativo [ETH/USDT]:
2025-12-31 15:19:49 [INFO] scanner -    ├─ Último alerta há 1791.8 minutos
2025-12-31 15:19:49 [INFO] scanner -    ├─ Tempo mínimo: 1800 minutos
2025-12-31 15:19:49 [INFO] scanner -    └─ Próximo permitido em: 8.2 minutos
2025-12-31 15:49:25 [INFO] scanner - ============================================================
2025-12-31 15:49:25 [INFO] scanner - 🚀 SCANNER INICIADO
2025-12-31 15:49:25 [INFO] scanner - 📅 Data/Hora: 31/12/2025 15:49:25
2025-12-31 15:49:25 [INFO] scanner - 📂 Log: logs/scanner_2025-12-31.log
2025-12-31 15:49:25 [INFO] scanner - ============================================================
2025-12-31 15:49:25 [INFO] scanner - 📝 PAPER MODE ATIVO - Apenas registro e análise
2025-12-31 15:49:30 [WARNING] root - Bloco de componentes falhou: cannot unpack non-iterable int object
2025-12-31 15:49:30 [INFO] scanner - ✅ Validações OK [ETH/USDT]: Score=7.3, R:R=2.00
2025-12-31 15:49:30 [INFO] scanner - ✅ Throttle OK [ETH/USDT]: Pode enviar
2025-12-31 15:49:31 [INFO] scanner - 📝 Sinal no ledger: 20251231_154931_607853 - ETH/USDT
2025-12-31 15:49:31 [INFO] scanner - 📨 Alerta enviado | ID Ledger: 20251231_154931_607853
2025-12-31 16:11:17 [INFO] scanner - ============================================================
2025-12-31 16:11:17 [INFO] scanner - 🚀 SCANNER INICIADO
2025-12-31 16:11:17 [INFO] scanner - 📅 Data/Hora: 31/12/2025 16:11:17
2025-12-31 16:11:17 [INFO] scanner - 📂 Log: logs/scanner_2025-12-31.log
2025-12-31 16:11:17 [INFO] scanner - ============================================================
2025-12-31 16:11:17 [INFO] scanner - 📝 PAPER MODE ATIVO - Apenas registro e análise
2025-12-31 16:11:23 [WARNING] root - Bloco de componentes falhou: cannot unpack non-iterable int object
2025-12-31 16:11:23 [INFO] scanner - ✅ Validações OK [ETH/USDT]: Score=7.3, R:R=2.00
2025-12-31 16:11:23 [INFO] scanner - ⏸️  Throttle ativo [ETH/USDT]:
2025-12-31 16:11:23 [INFO] scanner -    ├─ Último alerta há 21.9 minutos
2025-12-31 16:11:23 [INFO] scanner -    ├─ Tempo mínimo: 1800 minutos
2025-12-31 16:11:23 [INFO] scanner -    └─ Próximo permitido em: 1778.1 minutos
2025-12-31 16:26:55 [INFO] scanner - ============================================================
2025-12-31 16:26:55 [INFO] scanner - 🚀 SCANNER INICIADO
2025-12-31 16:26:55 [INFO] scanner - 📅 Data/Hora: 31/12/2025 16:26:55
2025-12-31 16:26:55 [INFO] scanner - 📂 Log: logs/scanner_2025-12-31.log
2025-12-31 16:26:55 [INFO] scanner - ============================================================
2025-12-31 16:26:55 [INFO] scanner - 📝 PAPER MODE ATIVO - Apenas registro e análise
2025-12-31 16:27:00 [WARNING] root - Bloco de componentes falhou: cannot unpack non-iterable int object
2025-12-31 16:27:00 [INFO] scanner - ✅ Validações OK [ETH/USDT]: Score=7.3, R:R=2.00
2025-12-31 16:27:00 [INFO] scanner - ⏸️  Throttle ativo [ETH/USDT]:
2025-12-31 16:27:00 [INFO] scanner -    ├─ Último alerta há 37.5 minutos
2025-12-31 16:27:00 [INFO] scanner -    ├─ Tempo mínimo: 1800 minutos
2025-12-31 16:27:00 [INFO] scanner -    └─ Próximo permitido em: 1762.5 minutos
2025-12-31 16:36:31 [INFO] scanner - ============================================================
2025-12-31 16:36:31 [INFO] scanner - 🚀 SCANNER INICIADO
2025-12-31 16:36:31 [INFO] scanner - 📅 Data/Hora: 31/12/2025 16:36:31
2025-12-31 16:36:31 [INFO] scanner - 📂 Log: logs/scanner_2025-12-31.log
2025-12-31 16:36:31 [INFO] scanner - ============================================================
2025-12-31 16:36:31 [INFO] scanner - 📝 PAPER MODE ATIVO - Apenas registro e análise
2025-12-31 16:36:36 [WARNING] root - Bloco de componentes falhou: cannot unpack non-iterable int object
2025-12-31 16:36:36 [INFO] scanner - ✅ Validações OK [ETH/USDT]: Score=7.3, R:R=2.00
2025-12-31 16:36:36 [INFO] scanner - ⏸️  Throttle ativo [ETH/USDT]:
2025-12-31 16:36:36 [INFO] scanner -    ├─ Último alerta há 47.1 minutos
2025-12-31 16:36:36 [INFO] scanner -    ├─ Tempo mínimo: 1800 minutos
2025-12-31 16:36:36 [INFO] scanner -    └─ Próximo permitido em: 1752.9 minutos
2025-12-31 16:47:43 [INFO] scanner - ============================================================
2025-12-31 16:47:43 [INFO] scanner - 🚀 SCANNER INICIADO
2025-12-31 16:47:43 [INFO] scanner - 📅 Data/Hora: 31/12/2025 16:47:43
2025-12-31 16:47:43 [INFO] scanner - 📂 Log: logs/scanner_2025-12-31.log
2025-12-31 16:47:43 [INFO] scanner - ============================================================
2025-12-31 16:47:43 [INFO] scanner - 📝 PAPER MODE ATIVO - Apenas registro e análise
2025-12-31 16:47:49 [WARNING] root - Bloco de componentes falhou: cannot unpack non-iterable int object
2025-12-31 16:47:49 [INFO] scanner - ✅ Validações OK [ETH/USDT]: Score=7.3, R:R=2.00
2025-12-31 16:47:49 [INFO] scanner - ⏸️  Throttle ativo [ETH/USDT]:
2025-12-31 16:47:49 [INFO] scanner -    ├─ Último alerta há 58.3 minutos
2025-12-31 16:47:49 [INFO] scanner -    ├─ Tempo mínimo: 1800 minutos
2025-12-31 16:47:49 [INFO] scanner -    └─ Próximo permitido em: 1741.7 minutos
2025-12-31 17:14:41 [INFO] scanner - ============================================================
2025-12-31 17:14:41 [INFO] scanner - 🚀 SCANNER INICIADO
2025-12-31 17:14:41 [INFO] scanner - 📅 Data/Hora: 31/12/2025 17:14:41
2025-12-31 17:14:41 [INFO] scanner - 📂 Log: logs/scanner_2025-12-31.log
2025-12-31 17:14:41 [INFO] scanner - ============================================================
2025-12-31 17:14:41 [INFO] scanner - 📝 PAPER MODE ATIVO - Apenas registro e análise
2025-12-31 17:36:15 [INFO] scanner - ============================================================
2025-12-31 17:36:15 [INFO] scanner - 🚀 SCANNER INICIADO
2025-12-31 17:36:15 [INFO] scanner - 📅 Data/Hora: 31/12/2025 17:36:15
2025-12-31 17:36:15 [INFO] scanner - 📂 Log: logs/scanner_2025-12-31.log
2025-12-31 17:36:15 [INFO] scanner - ============================================================
2025-12-31 17:36:15 [INFO] scanner - 📝 PAPER MODE ATIVO - Apenas registro e análise
2025-12-31 17:36:18 [WARNING] root - Bloco de componentes falhou: cannot unpack non-iterable int object
2025-12-31 17:36:18 [INFO] scanner - ✅ Validações OK [BTC/USDT]: Score=7.3, R:R=2.08
2025-12-31 17:36:18 [INFO] scanner - ⏸️  Throttle ativo [BTC/USDT]:
2025-12-31 17:36:18 [INFO] scanner -    ├─ Último alerta há 854.0 minutos
2025-12-31 17:36:18 [INFO] scanner -    ├─ Tempo mínimo: 1800 minutos
2025-12-31 17:36:18 [INFO] scanner -    └─ Próximo permitido em: 946.0 minutos
