2026-06-09 06:25:52 [INFO] scanner - ============================================================
2026-06-09 06:25:52 [INFO] scanner - 🚀 SCANNER INICIADO
2026-06-09 06:25:52 [INFO] scanner - 📅 Data/Hora: 09/06/2026 06:25:52
2026-06-09 06:25:52 [INFO] scanner - 📂 Log: logs/scanner_2026-06-09.log
2026-06-09 06:25:52 [INFO] scanner - ============================================================
2026-06-09 06:25:52 [INFO] scanner - 📝 PAPER MODE ATIVO - Apenas registro e análise
2026-06-09 06:25:57 [WARNING] root - Bloco de componentes falhou: cannot unpack non-iterable int object
2026-06-09 06:25:57 [INFO] scanner - ✅ Validações OK [ETH/USDT]: Score=7.3, R:R=2.00
2026-06-09 06:25:57 [INFO] scanner - ⏸️  Throttle ativo [ETH/USDT]:
2026-06-09 06:25:57 [INFO] scanner -    ├─ Último alerta há 948.3 minutos
2026-06-09 06:25:57 [INFO] scanner -    ├─ Tempo mínimo: 1800 minutos
2026-06-09 06:25:57 [INFO] scanner -    └─ Próximo permitido em: 851.7 minutos
2026-06-09 09:20:15 [INFO] scanner - ============================================================
2026-06-09 09:20:15 [INFO] scanner - 🚀 SCANNER INICIADO
2026-06-09 09:20:15 [INFO] scanner - 📅 Data/Hora: 09/06/2026 09:20:15
2026-06-09 09:20:15 [INFO] scanner - 📂 Log: logs/scanner_2026-06-09.log
2026-06-09 09:20:15 [INFO] scanner - ============================================================
2026-06-09 09:20:15 [INFO] scanner - 📝 PAPER MODE ATIVO - Apenas registro e análise
2026-06-09 12:35:10 [INFO] scanner - ============================================================
2026-06-09 12:35:10 [INFO] scanner - 🚀 SCANNER INICIADO
2026-06-09 12:35:10 [INFO] scanner - 📅 Data/Hora: 09/06/2026 12:35:10
2026-06-09 12:35:10 [INFO] scanner - 📂 Log: logs/scanner_2026-06-09.log
2026-06-09 12:35:10 [INFO] scanner - ============================================================
2026-06-09 12:35:10 [INFO] scanner - 📝 PAPER MODE ATIVO - Apenas registro e análise
2026-06-09 14:35:00 [INFO] scanner - ============================================================
2026-06-09 14:35:00 [INFO] scanner - 🚀 SCANNER INICIADO
2026-06-09 14:35:00 [INFO] scanner - 📅 Data/Hora: 09/06/2026 14:35:00
2026-06-09 14:35:00 [INFO] scanner - 📂 Log: logs/scanner_2026-06-09.log
2026-06-09 14:35:00 [INFO] scanner - ============================================================
2026-06-09 14:35:00 [INFO] scanner - 📝 PAPER MODE ATIVO - Apenas registro e análise
2026-06-09 14:35:04 [WARNING] root - Bloco de componentes falhou: cannot unpack non-iterable int object
2026-06-09 14:35:04 [INFO] scanner - ✅ Validações OK [BTC/USDT]: Score=7.3, R:R=2.08
2026-06-09 14:35:04 [INFO] scanner - ⏸️  Throttle ativo [BTC/USDT]:
2026-06-09 14:35:04 [INFO] scanner -    ├─ Último alerta há 1437.5 minutos
2026-06-09 14:35:04 [INFO] scanner -    ├─ Tempo mínimo: 1800 minutos
2026-06-09 14:35:04 [INFO] scanner -    └─ Próximo permitido em: 362.5 minutos
2026-06-09 14:35:04 [WARNING] root - Bloco de componentes falhou: cannot unpack non-iterable int object
2026-06-09 14:35:04 [INFO] scanner - ✅ Validações OK [BTC/USDT]: Score=7.3, R:R=2.08
2026-06-09 14:35:04 [INFO] scanner - ⏸️  Throttle ativo [BTC/USDT]:
2026-06-09 14:35:04 [INFO] scanner -    ├─ Último alerta há 1437.5 minutos
2026-06-09 14:35:04 [INFO] scanner -    ├─ Tempo mínimo: 1800 minutos
2026-06-09 14:35:04 [INFO] scanner -    └─ Próximo permitido em: 362.5 minutos
2026-06-09 16:37:12 [INFO] scanner - ============================================================
2026-06-09 16:37:12 [INFO] scanner - 🚀 SCANNER INICIADO
2026-06-09 16:37:12 [INFO] scanner - 📅 Data/Hora: 09/06/2026 16:37:12
2026-06-09 16:37:12 [INFO] scanner - 📂 Log: logs/scanner_2026-06-09.log
2026-06-09 16:37:12 [INFO] scanner - ============================================================
2026-06-09 16:37:12 [INFO] scanner - 📝 PAPER MODE ATIVO - Apenas registro e análise
2026-06-09 16:37:15 [WARNING] root - Bloco de componentes falhou: cannot unpack non-iterable int object
2026-06-09 16:37:15 [INFO] scanner - ✅ Validações OK [BTC/USDT]: Score=7.3, R:R=2.08
2026-06-09 16:37:15 [INFO] scanner - ⏸️  Throttle ativo [BTC/USDT]:
2026-06-09 16:37:15 [INFO] scanner -    ├─ Último alerta há 1559.7 minutos
2026-06-09 16:37:15 [INFO] scanner -    ├─ Tempo mínimo: 1800 minutos
2026-06-09 16:37:15 [INFO] scanner -    └─ Próximo permitido em: 240.3 minutos
2026-06-09 18:23:15 [INFO] scanner - ============================================================
2026-06-09 18:23:15 [INFO] scanner - 🚀 SCANNER INICIADO
2026-06-09 18:23:15 [INFO] scanner - 📅 Data/Hora: 09/06/2026 18:23:15
2026-06-09 18:23:15 [INFO] scanner - 📂 Log: logs/scanner_2026-06-09.log
2026-06-09 18:23:15 [INFO] scanner - ============================================================
2026-06-09 18:23:15 [INFO] scanner - 📝 PAPER MODE ATIVO - Apenas registro e análise
2026-06-09 18:23:18 [WARNING] root - Bloco de componentes falhou: cannot unpack non-iterable int object
2026-06-09 18:23:18 [INFO] scanner - ✅ Validações OK [BTC/USDT]: Score=7.3, R:R=2.08
2026-06-09 18:23:18 [INFO] scanner - ⏸️  Throttle ativo [BTC/USDT]:
2026-06-09 18:23:18 [INFO] scanner -    ├─ Último alerta há 1665.7 minutos
2026-06-09 18:23:18 [INFO] scanner -    ├─ Tempo mínimo: 1800 minutos
2026-06-09 18:23:18 [INFO] scanner -    └─ Próximo permitido em: 134.3 minutos
