2026-02-03 03:40:00 [INFO] scanner - ============================================================
2026-02-03 03:40:00 [INFO] scanner - 🚀 SCANNER INICIADO
2026-02-03 03:40:00 [INFO] scanner - 📅 Data/Hora: 03/02/2026 03:40:00
2026-02-03 03:40:00 [INFO] scanner - 📂 Log: logs/scanner_2026-02-03.log
2026-02-03 03:40:00 [INFO] scanner - ============================================================
2026-02-03 03:40:00 [INFO] scanner - 📝 PAPER MODE ATIVO - Apenas registro e análise
2026-02-03 03:40:03 [WARNING] root - Bloco de componentes falhou: cannot unpack non-iterable int object
2026-02-03 03:40:03 [INFO] scanner - ✅ Validações OK [BTC/USDT]: Score=8.8, R:R=2.08
2026-02-03 03:40:03 [INFO] scanner - ⏸️  Throttle ativo [BTC/USDT]:
2026-02-03 03:40:03 [INFO] scanner -    ├─ Último alerta há 439.2 minutos
2026-02-03 03:40:03 [INFO] scanner -    ├─ Tempo mínimo: 1800 minutos
2026-02-03 03:40:03 [INFO] scanner -    └─ Próximo permitido em: 1360.8 minutos
2026-02-03 03:40:03 [WARNING] root - Bloco de componentes falhou: cannot unpack non-iterable int object
2026-02-03 03:40:03 [INFO] scanner - ✅ Validações OK [BTC/USDT]: Score=7.3, R:R=2.08
2026-02-03 03:40:03 [INFO] scanner - ⏸️  Throttle ativo [BTC/USDT]:
2026-02-03 03:40:03 [INFO] scanner -    ├─ Último alerta há 439.2 minutos
2026-02-03 03:40:03 [INFO] scanner -    ├─ Tempo mínimo: 1800 minutos
2026-02-03 03:40:03 [INFO] scanner -    └─ Próximo permitido em: 1360.8 minutos
2026-02-03 03:40:05 [WARNING] root - Bloco de componentes falhou: cannot unpack non-iterable int object
2026-02-03 03:40:05 [INFO] scanner - ✅ Validações OK [ETH/USDT]: Score=7.3, R:R=2.00
2026-02-03 03:40:05 [INFO] scanner - ⏸️  Throttle ativo [ETH/USDT]:
2026-02-03 03:40:05 [INFO] scanner -    ├─ Último alerta há 963.3 minutos
2026-02-03 03:40:05 [INFO] scanner -    ├─ Tempo mínimo: 1800 minutos
2026-02-03 03:40:05 [INFO] scanner -    └─ Próximo permitido em: 836.7 minutos
2026-02-03 04:30:36 [INFO] scanner - ============================================================
2026-02-03 04:30:36 [INFO] scanner - 🚀 SCANNER INICIADO
2026-02-03 04:30:36 [INFO] scanner - 📅 Data/Hora: 03/02/2026 04:30:36
2026-02-03 04:30:36 [INFO] scanner - 📂 Log: logs/scanner_2026-02-03.log
2026-02-03 04:30:36 [INFO] scanner - ============================================================
2026-02-03 04:30:36 [INFO] scanner - 📝 PAPER MODE ATIVO - Apenas registro e análise
2026-02-03 04:30:39 [WARNING] root - Bloco de componentes falhou: cannot unpack non-iterable int object
2026-02-03 04:30:39 [INFO] scanner - ✅ Validações OK [BTC/USDT]: Score=8.8, R:R=2.08
2026-02-03 04:30:39 [INFO] scanner - ⏸️  Throttle ativo [BTC/USDT]:
2026-02-03 04:30:39 [INFO] scanner -    ├─ Último alerta há 489.8 minutos
2026-02-03 04:30:39 [INFO] scanner -    ├─ Tempo mínimo: 1800 minutos
2026-02-03 04:30:39 [INFO] scanner -    └─ Próximo permitido em: 1310.2 minutos
2026-02-03 04:30:40 [WARNING] root - Bloco de componentes falhou: cannot unpack non-iterable int object
2026-02-03 04:30:40 [INFO] scanner - ✅ Validações OK [BTC/USDT]: Score=7.3, R:R=2.08
2026-02-03 04:30:40 [INFO] scanner - ⏸️  Throttle ativo [BTC/USDT]:
2026-02-03 04:30:40 [INFO] scanner -    ├─ Último alerta há 489.8 minutos
2026-02-03 04:30:40 [INFO] scanner -    ├─ Tempo mínimo: 1800 minutos
2026-02-03 04:30:40 [INFO] scanner -    └─ Próximo permitido em: 1310.2 minutos
2026-02-03 04:30:42 [WARNING] root - Bloco de componentes falhou: cannot unpack non-iterable int object
2026-02-03 04:30:42 [INFO] scanner - ✅ Validações OK [ETH/USDT]: Score=7.3, R:R=2.00
2026-02-03 04:30:42 [INFO] scanner - ⏸️  Throttle ativo [ETH/USDT]:
2026-02-03 04:30:42 [INFO] scanner -    ├─ Último alerta há 1013.9 minutos
2026-02-03 04:30:42 [INFO] scanner -    ├─ Tempo mínimo: 1800 minutos
2026-02-03 04:30:42 [INFO] scanner -    └─ Próximo permitido em: 786.1 minutos
2026-02-03 05:05:16 [INFO] scanner - ============================================================
2026-02-03 05:05:16 [INFO] scanner - 🚀 SCANNER INICIADO
2026-02-03 05:05:16 [INFO] scanner - 📅 Data/Hora: 03/02/2026 05:05:16
2026-02-03 05:05:16 [INFO] scanner - 📂 Log: logs/scanner_2026-02-03.log
2026-02-03 05:05:16 [INFO] scanner - ============================================================
2026-02-03 05:05:16 [INFO] scanner - 📝 PAPER MODE ATIVO - Apenas registro e análise
2026-02-03 05:05:20 [WARNING] root - Bloco de componentes falhou: cannot unpack non-iterable int object
2026-02-03 05:05:20 [INFO] scanner - ✅ Validações OK [BTC/USDT]: Score=8.8, R:R=2.08
2026-02-03 05:05:20 [INFO] scanner - ⏸️  Throttle ativo [BTC/USDT]:
2026-02-03 05:05:20 [INFO] scanner -    ├─ Último alerta há 524.5 minutos
2026-02-03 05:05:20 [INFO] scanner -    ├─ Tempo mínimo: 1800 minutos
2026-02-03 05:05:20 [INFO] scanner -    └─ Próximo permitido em: 1275.5 minutos
2026-02-03 05:05:20 [WARNING] root - Bloco de componentes falhou: cannot unpack non-iterable int object
2026-02-03 05:05:20 [INFO] scanner - ✅ Validações OK [BTC/USDT]: Score=7.3, R:R=2.08
2026-02-03 05:05:20 [INFO] scanner - ⏸️  Throttle ativo [BTC/USDT]:
2026-02-03 05:05:20 [INFO] scanner -    ├─ Último alerta há 524.5 minutos
2026-02-03 05:05:20 [INFO] scanner -    ├─ Tempo mínimo: 1800 minutos
2026-02-03 05:05:20 [INFO] scanner -    └─ Próximo permitido em: 1275.5 minutos
2026-02-03 05:05:22 [WARNING] root - Bloco de componentes falhou: cannot unpack non-iterable int object
2026-02-03 05:05:22 [INFO] scanner - ✅ Validações OK [ETH/USDT]: Score=7.3, R:R=2.00
2026-02-03 05:05:22 [INFO] scanner - ⏸️  Throttle ativo [ETH/USDT]:
2026-02-03 05:05:22 [INFO] scanner -    ├─ Último alerta há 1048.6 minutos
2026-02-03 05:05:22 [INFO] scanner -    ├─ Tempo mínimo: 1800 minutos
2026-02-03 05:05:22 [INFO] scanner -    └─ Próximo permitido em: 751.4 minutos
2026-02-03 05:56:13 [INFO] scanner - ============================================================
2026-02-03 05:56:13 [INFO] scanner - 🚀 SCANNER INICIADO
2026-02-03 05:56:13 [INFO] scanner - 📅 Data/Hora: 03/02/2026 05:56:13
2026-02-03 05:56:13 [INFO] scanner - 📂 Log: logs/scanner_2026-02-03.log
2026-02-03 05:56:13 [INFO] scanner - ============================================================
2026-02-03 05:56:13 [INFO] scanner - 📝 PAPER MODE ATIVO - Apenas registro e análise
2026-02-03 05:56:16 [WARNING] root - Bloco de componentes falhou: cannot unpack non-iterable int object
2026-02-03 05:56:16 [INFO] scanner - ✅ Validações OK [BTC/USDT]: Score=8.8, R:R=2.08
2026-02-03 05:56:16 [INFO] scanner - ⏸️  Throttle ativo [BTC/USDT]:
2026-02-03 05:56:16 [INFO] scanner -    ├─ Último alerta há 575.4 minutos
2026-02-03 05:56:16 [INFO] scanner -    ├─ Tempo mínimo: 1800 minutos
2026-02-03 05:56:16 [INFO] scanner -    └─ Próximo permitido em: 1224.6 minutos
2026-02-03 05:56:17 [WARNING] root - Bloco de componentes falhou: cannot unpack non-iterable int object
2026-02-03 05:56:17 [INFO] scanner - ✅ Validações OK [BTC/USDT]: Score=7.3, R:R=2.08
2026-02-03 05:56:17 [INFO] scanner - ⏸️  Throttle ativo [BTC/USDT]:
2026-02-03 05:56:17 [INFO] scanner -    ├─ Último alerta há 575.4 minutos
2026-02-03 05:56:17 [INFO] scanner -    ├─ Tempo mínimo: 1800 minutos
2026-02-03 05:56:17 [INFO] scanner -    └─ Próximo permitido em: 1224.6 minutos
2026-02-03 06:34:47 [INFO] scanner - ============================================================
2026-02-03 06:34:47 [INFO] scanner - 🚀 SCANNER INICIADO
2026-02-03 06:34:47 [INFO] scanner - 📅 Data/Hora: 03/02/2026 06:34:47
2026-02-03 06:34:47 [INFO] scanner - 📂 Log: logs/scanner_2026-02-03.log
2026-02-03 06:34:47 [INFO] scanner - ============================================================
2026-02-03 06:34:47 [INFO] scanner - 📝 PAPER MODE ATIVO - Apenas registro e análise
2026-02-03 06:34:50 [WARNING] root - Bloco de componentes falhou: cannot unpack non-iterable int object
2026-02-03 06:34:50 [INFO] scanner - ✅ Validações OK [BTC/USDT]: Score=7.3, R:R=2.08
2026-02-03 06:34:50 [INFO] scanner - ⏸️  Throttle ativo [BTC/USDT]:
2026-02-03 06:34:50 [INFO] scanner -    ├─ Último alerta há 614.0 minutos
2026-02-03 06:34:50 [INFO] scanner -    ├─ Tempo mínimo: 1800 minutos
2026-02-03 06:34:50 [INFO] scanner -    └─ Próximo permitido em: 1186.0 minutos
2026-02-03 06:34:52 [WARNING] root - Bloco de componentes falhou: cannot unpack non-iterable int object
2026-02-03 06:34:52 [INFO] scanner - ✅ Validações OK [ETH/USDT]: Score=7.3, R:R=2.00
2026-02-03 06:34:52 [INFO] scanner - ⏸️  Throttle ativo [ETH/USDT]:
2026-02-03 06:34:52 [INFO] scanner -    ├─ Último alerta há 1138.1 minutos
2026-02-03 06:34:52 [INFO] scanner -    ├─ Tempo mínimo: 1800 minutos
2026-02-03 06:34:52 [INFO] scanner -    └─ Próximo permitido em: 661.9 minutos
2026-02-03 07:23:14 [INFO] scanner - ============================================================
2026-02-03 07:23:14 [INFO] scanner - 🚀 SCANNER INICIADO
2026-02-03 07:23:14 [INFO] scanner - 📅 Data/Hora: 03/02/2026 07:23:14
2026-02-03 07:23:14 [INFO] scanner - 📂 Log: logs/scanner_2026-02-03.log
2026-02-03 07:23:14 [INFO] scanner - ============================================================
2026-02-03 07:23:14 [INFO] scanner - 📝 PAPER MODE ATIVO - Apenas registro e análise
2026-02-03 07:23:18 [WARNING] root - Bloco de componentes falhou: cannot unpack non-iterable int object
2026-02-03 07:23:18 [INFO] scanner - ✅ Validações OK [BTC/USDT]: Score=7.3, R:R=2.08
2026-02-03 07:23:18 [INFO] scanner - ⏸️  Throttle ativo [BTC/USDT]:
2026-02-03 07:23:18 [INFO] scanner -    ├─ Último alerta há 662.4 minutos
2026-02-03 07:23:18 [INFO] scanner -    ├─ Tempo mínimo: 1800 minutos
2026-02-03 07:23:18 [INFO] scanner -    └─ Próximo permitido em: 1137.6 minutos
2026-02-03 08:04:56 [INFO] scanner - ============================================================
2026-02-03 08:04:56 [INFO] scanner - 🚀 SCANNER INICIADO
2026-02-03 08:04:56 [INFO] scanner - 📅 Data/Hora: 03/02/2026 08:04:56
2026-02-03 08:04:56 [INFO] scanner - 📂 Log: logs/scanner_2026-02-03.log
2026-02-03 08:04:56 [INFO] scanner - ============================================================
2026-02-03 08:04:56 [INFO] scanner - 📝 PAPER MODE ATIVO - Apenas registro e análise
2026-02-03 08:05:00 [WARNING] root - Bloco de componentes falhou: cannot unpack non-iterable int object
2026-02-03 08:05:00 [INFO] scanner - ✅ Validações OK [BTC/USDT]: Score=7.3, R:R=2.08
2026-02-03 08:05:00 [INFO] scanner - ⏸️  Throttle ativo [BTC/USDT]:
2026-02-03 08:05:00 [INFO] scanner -    ├─ Último alerta há 704.1 minutos
2026-02-03 08:05:00 [INFO] scanner -    ├─ Tempo mínimo: 1800 minutos
2026-02-03 08:05:00 [INFO] scanner -    └─ Próximo permitido em: 1095.9 minutos
2026-02-03 08:49:05 [INFO] scanner - ============================================================
2026-02-03 08:49:05 [INFO] scanner - 🚀 SCANNER INICIADO
2026-02-03 08:49:05 [INFO] scanner - 📅 Data/Hora: 03/02/2026 08:49:05
2026-02-03 08:49:05 [INFO] scanner - 📂 Log: logs/scanner_2026-02-03.log
2026-02-03 08:49:05 [INFO] scanner - ============================================================
2026-02-03 08:49:05 [INFO] scanner - 📝 PAPER MODE ATIVO - Apenas registro e análise
2026-02-03 08:49:08 [WARNING] root - Bloco de componentes falhou: cannot unpack non-iterable int object
2026-02-03 08:49:08 [INFO] scanner - ✅ Validações OK [BTC/USDT]: Score=7.3, R:R=2.08
2026-02-03 08:49:08 [INFO] scanner - ⏸️  Throttle ativo [BTC/USDT]:
2026-02-03 08:49:08 [INFO] scanner -    ├─ Último alerta há 748.3 minutos
2026-02-03 08:49:08 [INFO] scanner -    ├─ Tempo mínimo: 1800 minutos
2026-02-03 08:49:08 [INFO] scanner -    └─ Próximo permitido em: 1051.7 minutos
2026-02-03 09:39:39 [INFO] scanner - ============================================================
2026-02-03 09:39:39 [INFO] scanner - 🚀 SCANNER INICIADO
2026-02-03 09:39:39 [INFO] scanner - 📅 Data/Hora: 03/02/2026 09:39:39
2026-02-03 09:39:39 [INFO] scanner - 📂 Log: logs/scanner_2026-02-03.log
2026-02-03 09:39:39 [INFO] scanner - ============================================================
2026-02-03 09:39:39 [INFO] scanner - 📝 PAPER MODE ATIVO - Apenas registro e análise
2026-02-03 09:39:42 [WARNING] root - Bloco de componentes falhou: cannot unpack non-iterable int object
2026-02-03 09:39:42 [INFO] scanner - ✅ Validações OK [BTC/USDT]: Score=7.3, R:R=2.08
2026-02-03 09:39:42 [INFO] scanner - ⏸️  Throttle ativo [BTC/USDT]:
2026-02-03 09:39:42 [INFO] scanner -    ├─ Último alerta há 798.8 minutos
2026-02-03 09:39:42 [INFO] scanner -    ├─ Tempo mínimo: 1800 minutos
2026-02-03 09:39:42 [INFO] scanner -    └─ Próximo permitido em: 1001.2 minutos
2026-02-03 10:48:27 [INFO] scanner - ============================================================
2026-02-03 10:48:27 [INFO] scanner - 🚀 SCANNER INICIADO
2026-02-03 10:48:27 [INFO] scanner - 📅 Data/Hora: 03/02/2026 10:48:27
2026-02-03 10:48:27 [INFO] scanner - 📂 Log: logs/scanner_2026-02-03.log
2026-02-03 10:48:27 [INFO] scanner - ============================================================
2026-02-03 10:48:27 [INFO] scanner - 📝 PAPER MODE ATIVO - Apenas registro e análise
2026-02-03 10:48:30 [WARNING] root - Bloco de componentes falhou: cannot unpack non-iterable int object
2026-02-03 10:48:30 [INFO] scanner - ✅ Validações OK [BTC/USDT]: Score=7.3, R:R=2.08
2026-02-03 10:48:30 [INFO] scanner - ⏸️  Throttle ativo [BTC/USDT]:
2026-02-03 10:48:30 [INFO] scanner -    ├─ Último alerta há 867.6 minutos
2026-02-03 10:48:30 [INFO] scanner -    ├─ Tempo mínimo: 1800 minutos
2026-02-03 10:48:30 [INFO] scanner -    └─ Próximo permitido em: 932.4 minutos
2026-02-03 11:38:57 [INFO] scanner - ============================================================
2026-02-03 11:38:57 [INFO] scanner - 🚀 SCANNER INICIADO
2026-02-03 11:38:57 [INFO] scanner - 📅 Data/Hora: 03/02/2026 11:38:57
2026-02-03 11:38:57 [INFO] scanner - 📂 Log: logs/scanner_2026-02-03.log
2026-02-03 11:38:57 [INFO] scanner - ============================================================
2026-02-03 11:38:57 [INFO] scanner - 📝 PAPER MODE ATIVO - Apenas registro e análise
2026-02-03 12:32:13 [INFO] scanner - ============================================================
2026-02-03 12:32:13 [INFO] scanner - 🚀 SCANNER INICIADO
2026-02-03 12:32:13 [INFO] scanner - 📅 Data/Hora: 03/02/2026 12:32:13
2026-02-03 12:32:13 [INFO] scanner - 📂 Log: logs/scanner_2026-02-03.log
2026-02-03 12:32:13 [INFO] scanner - ============================================================
2026-02-03 12:32:13 [INFO] scanner - 📝 PAPER MODE ATIVO - Apenas registro e análise
2026-02-03 12:32:17 [WARNING] root - Bloco de componentes falhou: cannot unpack non-iterable int object
2026-02-03 12:32:17 [INFO] scanner - ✅ Validações OK [BTC/USDT]: Score=7.3, R:R=2.08
2026-02-03 12:32:17 [INFO] scanner - ⏸️  Throttle ativo [BTC/USDT]:
2026-02-03 12:32:17 [INFO] scanner -    ├─ Último alerta há 971.4 minutos
2026-02-03 12:32:17 [INFO] scanner -    ├─ Tempo mínimo: 1800 minutos
2026-02-03 12:32:17 [INFO] scanner -    └─ Próximo permitido em: 828.6 minutos
2026-02-03 12:32:19 [WARNING] root - Bloco de componentes falhou: cannot unpack non-iterable int object
2026-02-03 12:32:19 [INFO] scanner - ✅ Validações OK [ETH/USDT]: Score=7.3, R:R=2.00
2026-02-03 12:32:19 [INFO] scanner - ⏸️  Throttle ativo [ETH/USDT]:
2026-02-03 12:32:19 [INFO] scanner -    ├─ Último alerta há 1495.5 minutos
2026-02-03 12:32:19 [INFO] scanner -    ├─ Tempo mínimo: 1800 minutos
2026-02-03 12:32:19 [INFO] scanner -    └─ Próximo permitido em: 304.5 minutos
2026-02-03 13:32:55 [INFO] scanner - ============================================================
2026-02-03 13:32:55 [INFO] scanner - 🚀 SCANNER INICIADO
2026-02-03 13:32:55 [INFO] scanner - 📅 Data/Hora: 03/02/2026 13:32:55
2026-02-03 13:32:55 [INFO] scanner - 📂 Log: logs/scanner_2026-02-03.log
2026-02-03 13:32:55 [INFO] scanner - ============================================================
2026-02-03 13:32:55 [INFO] scanner - 📝 PAPER MODE ATIVO - Apenas registro e análise
2026-02-03 13:32:58 [WARNING] root - Bloco de componentes falhou: cannot unpack non-iterable int object
2026-02-03 13:32:58 [INFO] scanner - ✅ Validações OK [BTC/USDT]: Score=7.3, R:R=2.08
2026-02-03 13:32:58 [INFO] scanner - ⏸️  Throttle ativo [BTC/USDT]:
2026-02-03 13:32:58 [INFO] scanner -    ├─ Último alerta há 1032.1 minutos
2026-02-03 13:32:58 [INFO] scanner -    ├─ Tempo mínimo: 1800 minutos
2026-02-03 13:32:58 [INFO] scanner -    └─ Próximo permitido em: 767.9 minutos
2026-02-03 13:32:59 [WARNING] root - Bloco de componentes falhou: cannot unpack non-iterable int object
2026-02-03 13:32:59 [INFO] scanner - ✅ Validações OK [BTC/USDT]: Score=7.3, R:R=2.08
2026-02-03 13:32:59 [INFO] scanner - ⏸️  Throttle ativo [BTC/USDT]:
2026-02-03 13:32:59 [INFO] scanner -    ├─ Último alerta há 1032.1 minutos
2026-02-03 13:32:59 [INFO] scanner -    ├─ Tempo mínimo: 1800 minutos
2026-02-03 13:32:59 [INFO] scanner -    └─ Próximo permitido em: 767.9 minutos
2026-02-03 13:33:01 [WARNING] root - Bloco de componentes falhou: cannot unpack non-iterable int object
2026-02-03 13:33:01 [INFO] scanner - ✅ Validações OK [ETH/USDT]: Score=7.3, R:R=2.00
2026-02-03 13:33:01 [INFO] scanner - ⏸️  Throttle ativo [ETH/USDT]:
2026-02-03 13:33:01 [INFO] scanner -    ├─ Último alerta há 1556.2 minutos
2026-02-03 13:33:01 [INFO] scanner -    ├─ Tempo mínimo: 1800 minutos
2026-02-03 13:33:01 [INFO] scanner -    └─ Próximo permitido em: 243.8 minutos
2026-02-03 14:36:32 [INFO] scanner - ============================================================
2026-02-03 14:36:32 [INFO] scanner - 🚀 SCANNER INICIADO
2026-02-03 14:36:32 [INFO] scanner - 📅 Data/Hora: 03/02/2026 14:36:32
2026-02-03 14:36:32 [INFO] scanner - 📂 Log: logs/scanner_2026-02-03.log
2026-02-03 14:36:32 [INFO] scanner - ============================================================
2026-02-03 14:36:32 [INFO] scanner - 📝 PAPER MODE ATIVO - Apenas registro e análise
2026-02-03 14:36:35 [WARNING] root - Bloco de componentes falhou: cannot unpack non-iterable int object
2026-02-03 14:36:35 [INFO] scanner - ✅ Validações OK [BTC/USDT]: Score=7.3, R:R=2.08
2026-02-03 14:36:35 [INFO] scanner - ⏸️  Throttle ativo [BTC/USDT]:
2026-02-03 14:36:35 [INFO] scanner -    ├─ Último alerta há 1095.7 minutos
2026-02-03 14:36:35 [INFO] scanner -    ├─ Tempo mínimo: 1800 minutos
2026-02-03 14:36:35 [INFO] scanner -    └─ Próximo permitido em: 704.3 minutos
2026-02-03 14:36:35 [WARNING] root - Bloco de componentes falhou: cannot unpack non-iterable int object
2026-02-03 14:36:35 [INFO] scanner - ✅ Validações OK [BTC/USDT]: Score=7.3, R:R=2.08
2026-02-03 14:36:35 [INFO] scanner - ⏸️  Throttle ativo [BTC/USDT]:
2026-02-03 14:36:35 [INFO] scanner -    ├─ Último alerta há 1095.7 minutos
2026-02-03 14:36:35 [INFO] scanner -    ├─ Tempo mínimo: 1800 minutos
2026-02-03 14:36:35 [INFO] scanner -    └─ Próximo permitido em: 704.3 minutos
2026-02-03 15:34:37 [INFO] scanner - ============================================================
2026-02-03 15:34:37 [INFO] scanner - 🚀 SCANNER INICIADO
2026-02-03 15:34:37 [INFO] scanner - 📅 Data/Hora: 03/02/2026 15:34:37
2026-02-03 15:34:37 [INFO] scanner - 📂 Log: logs/scanner_2026-02-03.log
2026-02-03 15:34:37 [INFO] scanner - ============================================================
2026-02-03 15:34:37 [INFO] scanner - 📝 PAPER MODE ATIVO - Apenas registro e análise
2026-02-03 15:34:40 [WARNING] root - Bloco de componentes falhou: cannot unpack non-iterable int object
2026-02-03 15:34:40 [INFO] scanner - ✅ Validações OK [BTC/USDT]: Score=7.3, R:R=2.08
2026-02-03 15:34:40 [INFO] scanner - ⏸️  Throttle ativo [BTC/USDT]:
2026-02-03 15:34:40 [INFO] scanner -    ├─ Último alerta há 1153.8 minutos
2026-02-03 15:34:40 [INFO] scanner -    ├─ Tempo mínimo: 1800 minutos
2026-02-03 15:34:40 [INFO] scanner -    └─ Próximo permitido em: 646.2 minutos
2026-02-03 15:34:40 [WARNING] root - Bloco de componentes falhou: cannot unpack non-iterable int object
2026-02-03 15:34:40 [INFO] scanner - ✅ Validações OK [BTC/USDT]: Score=7.3, R:R=2.08
2026-02-03 15:34:40 [INFO] scanner - ⏸️  Throttle ativo [BTC/USDT]:
2026-02-03 15:34:40 [INFO] scanner -    ├─ Último alerta há 1153.8 minutos
2026-02-03 15:34:40 [INFO] scanner -    ├─ Tempo mínimo: 1800 minutos
2026-02-03 15:34:40 [INFO] scanner -    └─ Próximo permitido em: 646.2 minutos
2026-02-03 15:34:42 [WARNING] root - Bloco de componentes falhou: cannot unpack non-iterable int object
2026-02-03 15:34:42 [INFO] scanner - ✅ Validações OK [ETH/USDT]: Score=7.3, R:R=2.00
2026-02-03 15:34:42 [INFO] scanner - ⏸️  Throttle ativo [ETH/USDT]:
2026-02-03 15:34:42 [INFO] scanner -    ├─ Último alerta há 1677.9 minutos
2026-02-03 15:34:42 [INFO] scanner -    ├─ Tempo mínimo: 1800 minutos
2026-02-03 15:34:42 [INFO] scanner -    └─ Próximo permitido em: 122.1 minutos
2026-02-03 15:34:43 [WARNING] root - Bloco de componentes falhou: cannot unpack non-iterable int object
2026-02-03 15:34:43 [INFO] scanner - ✅ Validações OK [ETH/USDT]: Score=7.3, R:R=2.00
2026-02-03 15:34:43 [INFO] scanner - ⏸️  Throttle ativo [ETH/USDT]:
2026-02-03 15:34:43 [INFO] scanner -    ├─ Último alerta há 1677.9 minutos
2026-02-03 15:34:43 [INFO] scanner -    ├─ Tempo mínimo: 1800 minutos
2026-02-03 15:34:43 [INFO] scanner -    └─ Próximo permitido em: 122.1 minutos
2026-02-03 16:33:14 [INFO] scanner - ============================================================
2026-02-03 16:33:14 [INFO] scanner - 🚀 SCANNER INICIADO
2026-02-03 16:33:14 [INFO] scanner - 📅 Data/Hora: 03/02/2026 16:33:14
2026-02-03 16:33:14 [INFO] scanner - 📂 Log: logs/scanner_2026-02-03.log
2026-02-03 16:33:14 [INFO] scanner - ============================================================
2026-02-03 16:33:14 [INFO] scanner - 📝 PAPER MODE ATIVO - Apenas registro e análise
2026-02-03 16:33:17 [WARNING] root - Bloco de componentes falhou: cannot unpack non-iterable int object
2026-02-03 16:33:17 [INFO] scanner - ✅ Validações OK [BTC/USDT]: Score=7.3, R:R=2.08
2026-02-03 16:33:17 [INFO] scanner - ⏸️  Throttle ativo [BTC/USDT]:
2026-02-03 16:33:17 [INFO] scanner -    ├─ Último alerta há 1212.4 minutos
2026-02-03 16:33:17 [INFO] scanner -    ├─ Tempo mínimo: 1800 minutos
2026-02-03 16:33:17 [INFO] scanner -    └─ Próximo permitido em: 587.6 minutos
2026-02-03 16:33:17 [WARNING] root - Bloco de componentes falhou: cannot unpack non-iterable int object
2026-02-03 16:33:17 [INFO] scanner - ✅ Validações OK [BTC/USDT]: Score=7.3, R:R=2.08
2026-02-03 16:33:17 [INFO] scanner - ⏸️  Throttle ativo [BTC/USDT]:
2026-02-03 16:33:17 [INFO] scanner -    ├─ Último alerta há 1212.4 minutos
2026-02-03 16:33:17 [INFO] scanner -    ├─ Tempo mínimo: 1800 minutos
2026-02-03 16:33:17 [INFO] scanner -    └─ Próximo permitido em: 587.6 minutos
2026-02-03 16:33:20 [WARNING] root - Bloco de componentes falhou: cannot unpack non-iterable int object
2026-02-03 16:33:20 [INFO] scanner - ✅ Validações OK [ETH/USDT]: Score=7.3, R:R=2.00
2026-02-03 16:33:20 [INFO] scanner - ⏸️  Throttle ativo [ETH/USDT]:
2026-02-03 16:33:20 [INFO] scanner -    ├─ Último alerta há 1736.5 minutos
2026-02-03 16:33:20 [INFO] scanner -    ├─ Tempo mínimo: 1800 minutos
2026-02-03 16:33:20 [INFO] scanner -    └─ Próximo permitido em: 63.5 minutos
