2025-11-27 03:21:15 [INFO] scanner - ============================================================
2025-11-27 03:21:15 [INFO] scanner - 🚀 SCANNER INICIADO
2025-11-27 03:21:15 [INFO] scanner - 📅 Data/Hora: 27/11/2025 03:21:15
2025-11-27 03:21:15 [INFO] scanner - 📂 Log: logs/scanner_2025-11-27.log
2025-11-27 03:21:15 [INFO] scanner - ============================================================
2025-11-27 03:21:15 [INFO] scanner - 📝 PAPER MODE ATIVO - Apenas registro e análise
2025-11-27 03:21:18 [WARNING] root - Bloco de componentes falhou: cannot unpack non-iterable int object
2025-11-27 03:21:18 [INFO] scanner - ✅ Validações OK [BTC/USDT]: Score=7.3, R:R=2.08
2025-11-27 03:21:18 [INFO] scanner - ⏸️  Throttle ativo [BTC/USDT]:
2025-11-27 03:21:18 [INFO] scanner -    ├─ Último alerta há 549.4 minutos
2025-11-27 03:21:18 [INFO] scanner -    ├─ Tempo mínimo: 1800 minutos
2025-11-27 03:21:18 [INFO] scanner -    └─ Próximo permitido em: 1250.6 minutos
2025-11-27 03:21:19 [WARNING] root - Bloco de componentes falhou: cannot unpack non-iterable int object
2025-11-27 03:21:19 [INFO] scanner - ✅ Validações OK [BTC/USDT]: Score=7.3, R:R=2.08
2025-11-27 03:21:19 [INFO] scanner - ⏸️  Throttle ativo [BTC/USDT]:
2025-11-27 03:21:19 [INFO] scanner -    ├─ Último alerta há 549.4 minutos
2025-11-27 03:21:19 [INFO] scanner -    ├─ Tempo mínimo: 1800 minutos
2025-11-27 03:21:19 [INFO] scanner -    └─ Próximo permitido em: 1250.6 minutos
2025-11-27 03:21:21 [WARNING] root - Bloco de componentes falhou: cannot unpack non-iterable int object
2025-11-27 03:21:21 [INFO] scanner - ✅ Validações OK [ETH/USDT]: Score=7.3, R:R=2.00
2025-11-27 03:21:21 [INFO] scanner - ⏸️  Throttle ativo [ETH/USDT]:
2025-11-27 03:21:21 [INFO] scanner -    ├─ Último alerta há 695.7 minutos
2025-11-27 03:21:21 [INFO] scanner -    ├─ Tempo mínimo: 1800 minutos
2025-11-27 03:21:21 [INFO] scanner -    └─ Próximo permitido em: 1104.3 minutos
2025-11-27 03:52:05 [INFO] scanner - ============================================================
2025-11-27 03:52:05 [INFO] scanner - 🚀 SCANNER INICIADO
2025-11-27 03:52:05 [INFO] scanner - 📅 Data/Hora: 27/11/2025 03:52:05
2025-11-27 03:52:05 [INFO] scanner - 📂 Log: logs/scanner_2025-11-27.log
2025-11-27 03:52:05 [INFO] scanner - ============================================================
2025-11-27 03:52:05 [INFO] scanner - 📝 PAPER MODE ATIVO - Apenas registro e análise
2025-11-27 03:52:09 [WARNING] root - Bloco de componentes falhou: cannot unpack non-iterable int object
2025-11-27 03:52:09 [INFO] scanner - ✅ Validações OK [BTC/USDT]: Score=7.3, R:R=2.08
2025-11-27 03:52:09 [INFO] scanner - ⏸️  Throttle ativo [BTC/USDT]:
2025-11-27 03:52:09 [INFO] scanner -    ├─ Último alerta há 580.3 minutos
2025-11-27 03:52:09 [INFO] scanner -    ├─ Tempo mínimo: 1800 minutos
2025-11-27 03:52:09 [INFO] scanner -    └─ Próximo permitido em: 1219.7 minutos
2025-11-27 03:52:11 [WARNING] root - Bloco de componentes falhou: cannot unpack non-iterable int object
2025-11-27 03:52:11 [INFO] scanner - ✅ Validações OK [ETH/USDT]: Score=7.3, R:R=2.00
2025-11-27 03:52:11 [INFO] scanner - ⏸️  Throttle ativo [ETH/USDT]:
2025-11-27 03:52:11 [INFO] scanner -    ├─ Último alerta há 726.6 minutos
2025-11-27 03:52:11 [INFO] scanner -    ├─ Tempo mínimo: 1800 minutos
2025-11-27 03:52:11 [INFO] scanner -    └─ Próximo permitido em: 1073.4 minutos
