2026-05-13 05:35:10 [INFO] scanner - ============================================================
2026-05-13 05:35:10 [INFO] scanner - 🚀 SCANNER INICIADO
2026-05-13 05:35:10 [INFO] scanner - 📅 Data/Hora: 13/05/2026 05:35:10
2026-05-13 05:35:10 [INFO] scanner - 📂 Log: logs/scanner_2026-05-13.log
2026-05-13 05:35:10 [INFO] scanner - ============================================================
2026-05-13 05:35:10 [INFO] scanner - 📝 PAPER MODE ATIVO - Apenas registro e análise
2026-05-13 05:35:23 [WARNING] root - Bloco de componentes falhou: cannot unpack non-iterable int object
2026-05-13 05:35:23 [INFO] scanner - ✅ Validações OK [BTC/USDT]: Score=7.3, R:R=2.08
2026-05-13 05:35:23 [INFO] scanner - ⏸️  Throttle ativo [BTC/USDT]:
2026-05-13 05:35:23 [INFO] scanner -    ├─ Último alerta há 1010.7 minutos
2026-05-13 05:35:23 [INFO] scanner -    ├─ Tempo mínimo: 1800 minutos
2026-05-13 05:35:23 [INFO] scanner -    └─ Próximo permitido em: 789.3 minutos
2026-05-13 05:35:23 [WARNING] root - Bloco de componentes falhou: cannot unpack non-iterable int object
2026-05-13 05:35:23 [INFO] scanner - ✅ Validações OK [BTC/USDT]: Score=7.3, R:R=2.08
2026-05-13 05:35:23 [INFO] scanner - ⏸️  Throttle ativo [BTC/USDT]:
2026-05-13 05:35:23 [INFO] scanner -    ├─ Último alerta há 1010.7 minutos
2026-05-13 05:35:23 [INFO] scanner -    ├─ Tempo mínimo: 1800 minutos
2026-05-13 05:35:23 [INFO] scanner -    └─ Próximo permitido em: 789.3 minutos
2026-05-13 05:35:25 [WARNING] root - Bloco de componentes falhou: cannot unpack non-iterable int object
2026-05-13 05:35:25 [INFO] scanner - ✅ Validações OK [ETH/USDT]: Score=7.3, R:R=2.00
2026-05-13 05:35:25 [INFO] scanner - ✅ Throttle OK [ETH/USDT]: Pode enviar
