2026-07-11 04:41:45 [INFO] scanner - ============================================================
2026-07-11 04:41:45 [INFO] scanner - 🚀 SCANNER INICIADO
2026-07-11 04:41:45 [INFO] scanner - 📅 Data/Hora: 11/07/2026 04:41:45
2026-07-11 04:41:45 [INFO] scanner - 📂 Log: logs/scanner_2026-07-11.log
2026-07-11 04:41:45 [INFO] scanner - ============================================================
2026-07-11 04:41:45 [INFO] scanner - 📝 PAPER MODE ATIVO - Apenas registro e análise
2026-07-11 04:41:50 [WARNING] root - Bloco de componentes falhou: cannot unpack non-iterable int object
2026-07-11 04:41:50 [INFO] scanner - ✅ Validações OK [BTC/USDT]: Score=7.3, R:R=2.08
2026-07-11 04:41:50 [INFO] scanner - ✅ Throttle OK [BTC/USDT]: Pode enviar
2026-07-11 04:41:50 [INFO] scanner - 📝 Sinal no ledger: 20260711_044150_656946 - BTC/USDT
2026-07-11 04:41:50 [INFO] scanner - 📨 Alerta enviado | ID Ledger: 20260711_044150_656946
2026-07-11 04:41:52 [WARNING] root - Bloco de componentes falhou: cannot unpack non-iterable int object
2026-07-11 04:41:52 [INFO] scanner - ✅ Validações OK [ETH/USDT]: Score=7.3, R:R=2.00
2026-07-11 04:41:52 [INFO] scanner - ⏸️  Throttle ativo [ETH/USDT]:
2026-07-11 04:41:52 [INFO] scanner -    ├─ Último alerta há 1341.7 minutos
2026-07-11 04:41:52 [INFO] scanner -    ├─ Tempo mínimo: 1800 minutos
2026-07-11 04:41:52 [INFO] scanner -    └─ Próximo permitido em: 458.3 minutos
2026-07-11 06:09:51 [INFO] scanner - ============================================================
2026-07-11 06:09:51 [INFO] scanner - 🚀 SCANNER INICIADO
2026-07-11 06:09:51 [INFO] scanner - 📅 Data/Hora: 11/07/2026 06:09:51
2026-07-11 06:09:51 [INFO] scanner - 📂 Log: logs/scanner_2026-07-11.log
2026-07-11 06:09:51 [INFO] scanner - ============================================================
2026-07-11 06:09:51 [INFO] scanner - 📝 PAPER MODE ATIVO - Apenas registro e análise
2026-07-11 06:09:55 [WARNING] root - Bloco de componentes falhou: cannot unpack non-iterable int object
2026-07-11 06:09:55 [INFO] scanner - ✅ Validações OK [BTC/USDT]: Score=7.0, R:R=2.08
2026-07-11 06:09:55 [INFO] scanner - ⏸️  Throttle ativo [BTC/USDT]:
2026-07-11 06:09:55 [INFO] scanner -    ├─ Último alerta há 88.1 minutos
2026-07-11 06:09:55 [INFO] scanner -    ├─ Tempo mínimo: 1800 minutos
2026-07-11 06:09:55 [INFO] scanner -    └─ Próximo permitido em: 1711.9 minutos
2026-07-11 06:09:57 [WARNING] root - Bloco de componentes falhou: cannot unpack non-iterable int object
2026-07-11 06:09:57 [INFO] scanner - ✅ Validações OK [ETH/USDT]: Score=7.0, R:R=2.00
2026-07-11 06:09:57 [INFO] scanner - ⏸️  Throttle ativo [ETH/USDT]:
2026-07-11 06:09:57 [INFO] scanner -    ├─ Último alerta há 1429.8 minutos
2026-07-11 06:09:57 [INFO] scanner -    ├─ Tempo mínimo: 1800 minutos
2026-07-11 06:09:57 [INFO] scanner -    └─ Próximo permitido em: 370.2 minutos
