2026-07-04 05:25:29 [INFO] scanner - ============================================================
2026-07-04 05:25:29 [INFO] scanner - 🚀 SCANNER INICIADO
2026-07-04 05:25:29 [INFO] scanner - 📅 Data/Hora: 04/07/2026 05:25:29
2026-07-04 05:25:29 [INFO] scanner - 📂 Log: logs/scanner_2026-07-04.log
2026-07-04 05:25:29 [INFO] scanner - ============================================================
2026-07-04 05:25:29 [INFO] scanner - 📝 PAPER MODE ATIVO - Apenas registro e análise
2026-07-04 05:25:32 [WARNING] root - Bloco de componentes falhou: cannot unpack non-iterable int object
2026-07-04 05:25:32 [INFO] scanner - ✅ Validações OK [BTC/USDT]: Score=7.0, R:R=2.08
2026-07-04 05:25:32 [INFO] scanner - ✅ Throttle OK [BTC/USDT]: Pode enviar
2026-07-04 05:25:33 [INFO] scanner - 📝 Sinal no ledger: 20260704_052533_173526 - BTC/USDT
2026-07-04 05:25:33 [INFO] scanner - 📨 Alerta enviado | ID Ledger: 20260704_052533_173526
2026-07-04 05:25:35 [WARNING] root - Bloco de componentes falhou: cannot unpack non-iterable int object
2026-07-04 05:25:35 [INFO] scanner - ✅ Validações OK [ETH/USDT]: Score=7.8, R:R=2.00
2026-07-04 05:25:35 [INFO] scanner - ⏸️  Throttle ativo [ETH/USDT]:
2026-07-04 05:25:35 [INFO] scanner -    ├─ Último alerta há 524.6 minutos
2026-07-04 05:25:35 [INFO] scanner -    ├─ Tempo mínimo: 1800 minutos
2026-07-04 05:25:35 [INFO] scanner -    └─ Próximo permitido em: 1275.4 minutos
2026-07-04 05:25:35 [WARNING] root - Bloco de componentes falhou: cannot unpack non-iterable int object
2026-07-04 05:25:35 [INFO] scanner - ✅ Validações OK [ETH/USDT]: Score=7.3, R:R=2.00
2026-07-04 05:25:35 [INFO] scanner - ⏸️  Throttle ativo [ETH/USDT]:
2026-07-04 05:25:35 [INFO] scanner -    ├─ Último alerta há 524.6 minutos
2026-07-04 05:25:35 [INFO] scanner -    ├─ Tempo mínimo: 1800 minutos
2026-07-04 05:25:35 [INFO] scanner -    └─ Próximo permitido em: 1275.4 minutos
2026-07-04 07:30:28 [INFO] scanner - ============================================================
2026-07-04 07:30:28 [INFO] scanner - 🚀 SCANNER INICIADO
2026-07-04 07:30:28 [INFO] scanner - 📅 Data/Hora: 04/07/2026 07:30:28
2026-07-04 07:30:28 [INFO] scanner - 📂 Log: logs/scanner_2026-07-04.log
2026-07-04 07:30:28 [INFO] scanner - ============================================================
2026-07-04 07:30:28 [INFO] scanner - 📝 PAPER MODE ATIVO - Apenas registro e análise
2026-07-04 07:30:32 [WARNING] root - Bloco de componentes falhou: cannot unpack non-iterable int object
2026-07-04 07:30:32 [INFO] scanner - ✅ Validações OK [BTC/USDT]: Score=7.0, R:R=2.08
2026-07-04 07:30:32 [INFO] scanner - ⏸️  Throttle ativo [BTC/USDT]:
2026-07-04 07:30:32 [INFO] scanner -    ├─ Último alerta há 125.0 minutos
2026-07-04 07:30:32 [INFO] scanner -    ├─ Tempo mínimo: 1800 minutos
2026-07-04 07:30:32 [INFO] scanner -    └─ Próximo permitido em: 1675.0 minutos
2026-07-04 07:30:34 [WARNING] root - Bloco de componentes falhou: cannot unpack non-iterable int object
2026-07-04 07:30:34 [INFO] scanner - ✅ Validações OK [ETH/USDT]: Score=7.3, R:R=2.00
2026-07-04 07:30:34 [INFO] scanner - ⏸️  Throttle ativo [ETH/USDT]:
2026-07-04 07:30:34 [INFO] scanner -    ├─ Último alerta há 649.6 minutos
2026-07-04 07:30:34 [INFO] scanner -    ├─ Tempo mínimo: 1800 minutos
2026-07-04 07:30:34 [INFO] scanner -    └─ Próximo permitido em: 1150.4 minutos
2026-07-04 08:54:59 [INFO] scanner - ============================================================
2026-07-04 08:54:59 [INFO] scanner - 🚀 SCANNER INICIADO
2026-07-04 08:54:59 [INFO] scanner - 📅 Data/Hora: 04/07/2026 08:54:59
2026-07-04 08:54:59 [INFO] scanner - 📂 Log: logs/scanner_2026-07-04.log
2026-07-04 08:54:59 [INFO] scanner - ============================================================
2026-07-04 08:54:59 [INFO] scanner - 📝 PAPER MODE ATIVO - Apenas registro e análise
2026-07-04 08:55:02 [WARNING] root - Bloco de componentes falhou: cannot unpack non-iterable int object
2026-07-04 08:55:02 [INFO] scanner - ✅ Validações OK [BTC/USDT]: Score=7.0, R:R=2.08
2026-07-04 08:55:02 [INFO] scanner - ⏸️  Throttle ativo [BTC/USDT]:
2026-07-04 08:55:02 [INFO] scanner -    ├─ Último alerta há 209.5 minutos
2026-07-04 08:55:02 [INFO] scanner -    ├─ Tempo mínimo: 1800 minutos
2026-07-04 08:55:02 [INFO] scanner -    └─ Próximo permitido em: 1590.5 minutos
2026-07-04 08:55:04 [WARNING] root - Bloco de componentes falhou: cannot unpack non-iterable int object
2026-07-04 08:55:04 [INFO] scanner - ✅ Validações OK [ETH/USDT]: Score=7.3, R:R=2.00
2026-07-04 08:55:04 [INFO] scanner - ⏸️  Throttle ativo [ETH/USDT]:
2026-07-04 08:55:04 [INFO] scanner -    ├─ Último alerta há 734.1 minutos
2026-07-04 08:55:04 [INFO] scanner -    ├─ Tempo mínimo: 1800 minutos
2026-07-04 08:55:04 [INFO] scanner -    └─ Próximo permitido em: 1065.9 minutos
2026-07-04 10:03:05 [INFO] scanner - ============================================================
2026-07-04 10:03:05 [INFO] scanner - 🚀 SCANNER INICIADO
2026-07-04 10:03:05 [INFO] scanner - 📅 Data/Hora: 04/07/2026 10:03:05
2026-07-04 10:03:05 [INFO] scanner - 📂 Log: logs/scanner_2026-07-04.log
2026-07-04 10:03:05 [INFO] scanner - ============================================================
2026-07-04 10:03:05 [INFO] scanner - 📝 PAPER MODE ATIVO - Apenas registro e análise
2026-07-04 10:03:08 [WARNING] root - Bloco de componentes falhou: cannot unpack non-iterable int object
2026-07-04 10:03:08 [INFO] scanner - ✅ Validações OK [BTC/USDT]: Score=7.0, R:R=2.08
2026-07-04 10:03:08 [INFO] scanner - ⏸️  Throttle ativo [BTC/USDT]:
2026-07-04 10:03:08 [INFO] scanner -    ├─ Último alerta há 277.6 minutos
2026-07-04 10:03:08 [INFO] scanner -    ├─ Tempo mínimo: 1800 minutos
2026-07-04 10:03:08 [INFO] scanner -    └─ Próximo permitido em: 1522.4 minutos
2026-07-04 10:03:11 [WARNING] root - Bloco de componentes falhou: cannot unpack non-iterable int object
2026-07-04 10:03:11 [INFO] scanner - ✅ Validações OK [ETH/USDT]: Score=7.3, R:R=2.00
2026-07-04 10:03:11 [INFO] scanner - ⏸️  Throttle ativo [ETH/USDT]:
2026-07-04 10:03:11 [INFO] scanner -    ├─ Último alerta há 802.2 minutos
2026-07-04 10:03:11 [INFO] scanner -    ├─ Tempo mínimo: 1800 minutos
2026-07-04 10:03:11 [INFO] scanner -    └─ Próximo permitido em: 997.8 minutos
2026-07-04 11:44:28 [INFO] scanner - ============================================================
2026-07-04 11:44:28 [INFO] scanner - 🚀 SCANNER INICIADO
2026-07-04 11:44:28 [INFO] scanner - 📅 Data/Hora: 04/07/2026 11:44:28
2026-07-04 11:44:28 [INFO] scanner - 📂 Log: logs/scanner_2026-07-04.log
2026-07-04 11:44:28 [INFO] scanner - ============================================================
2026-07-04 11:44:28 [INFO] scanner - 📝 PAPER MODE ATIVO - Apenas registro e análise
2026-07-04 11:44:31 [WARNING] root - Bloco de componentes falhou: cannot unpack non-iterable int object
2026-07-04 11:44:31 [INFO] scanner - ✅ Validações OK [BTC/USDT]: Score=7.0, R:R=2.08
2026-07-04 11:44:31 [INFO] scanner - ⏸️  Throttle ativo [BTC/USDT]:
2026-07-04 11:44:31 [INFO] scanner -    ├─ Último alerta há 379.0 minutos
2026-07-04 11:44:31 [INFO] scanner -    ├─ Tempo mínimo: 1800 minutos
2026-07-04 11:44:31 [INFO] scanner -    └─ Próximo permitido em: 1421.0 minutos
2026-07-04 11:44:33 [WARNING] root - Bloco de componentes falhou: cannot unpack non-iterable int object
2026-07-04 11:44:33 [INFO] scanner - ✅ Validações OK [ETH/USDT]: Score=7.3, R:R=2.00
2026-07-04 11:44:33 [INFO] scanner - ⏸️  Throttle ativo [ETH/USDT]:
2026-07-04 11:44:33 [INFO] scanner -    ├─ Último alerta há 903.6 minutos
2026-07-04 11:44:33 [INFO] scanner -    ├─ Tempo mínimo: 1800 minutos
2026-07-04 11:44:33 [INFO] scanner -    └─ Próximo permitido em: 896.4 minutos
