2026-03-21 03:33:07 [INFO] scanner - ============================================================
2026-03-21 03:33:07 [INFO] scanner - 🚀 SCANNER INICIADO
2026-03-21 03:33:07 [INFO] scanner - 📅 Data/Hora: 21/03/2026 03:33:07
2026-03-21 03:33:07 [INFO] scanner - 📂 Log: logs/scanner_2026-03-21.log
2026-03-21 03:33:07 [INFO] scanner - ============================================================
2026-03-21 03:33:07 [INFO] scanner - 📝 PAPER MODE ATIVO - Apenas registro e análise
2026-03-21 03:33:11 [WARNING] root - Bloco de componentes falhou: cannot unpack non-iterable int object
2026-03-21 03:33:11 [INFO] scanner - ✅ Validações OK [BTC/USDT]: Score=7.3, R:R=2.08
2026-03-21 03:33:11 [INFO] scanner - ✅ Throttle OK [BTC/USDT]: Pode enviar
2026-03-21 03:33:11 [INFO] scanner - 📝 Sinal no ledger: 20260321_033311_855791 - BTC/USDT
2026-03-21 03:33:11 [INFO] scanner - 📨 Alerta enviado | ID Ledger: 20260321_033311_855791
2026-03-21 04:21:11 [INFO] scanner - ============================================================
2026-03-21 04:21:11 [INFO] scanner - 🚀 SCANNER INICIADO
2026-03-21 04:21:11 [INFO] scanner - 📅 Data/Hora: 21/03/2026 04:21:11
2026-03-21 04:21:11 [INFO] scanner - 📂 Log: logs/scanner_2026-03-21.log
2026-03-21 04:21:11 [INFO] scanner - ============================================================
2026-03-21 04:21:11 [INFO] scanner - 📝 PAPER MODE ATIVO - Apenas registro e análise
2026-03-21 04:21:17 [WARNING] root - Bloco de componentes falhou: cannot unpack non-iterable int object
2026-03-21 04:21:17 [INFO] scanner - ✅ Validações OK [ETH/USDT]: Score=7.3, R:R=2.00
2026-03-21 04:21:17 [INFO] scanner - ⏸️  Throttle ativo [ETH/USDT]:
2026-03-21 04:21:17 [INFO] scanner -    ├─ Último alerta há 1342.7 minutos
2026-03-21 04:21:17 [INFO] scanner -    ├─ Tempo mínimo: 1800 minutos
2026-03-21 04:21:17 [INFO] scanner -    └─ Próximo permitido em: 457.3 minutos
2026-03-21 04:50:05 [INFO] scanner - ============================================================
2026-03-21 04:50:05 [INFO] scanner - 🚀 SCANNER INICIADO
2026-03-21 04:50:05 [INFO] scanner - 📅 Data/Hora: 21/03/2026 04:50:05
2026-03-21 04:50:05 [INFO] scanner - 📂 Log: logs/scanner_2026-03-21.log
2026-03-21 04:50:05 [INFO] scanner - ============================================================
2026-03-21 04:50:05 [INFO] scanner - 📝 PAPER MODE ATIVO - Apenas registro e análise
2026-03-21 04:50:11 [WARNING] root - Bloco de componentes falhou: cannot unpack non-iterable int object
2026-03-21 04:50:11 [INFO] scanner - ✅ Validações OK [ETH/USDT]: Score=7.3, R:R=2.00
2026-03-21 04:50:11 [INFO] scanner - ⏸️  Throttle ativo [ETH/USDT]:
2026-03-21 04:50:11 [INFO] scanner -    ├─ Último alerta há 1371.6 minutos
2026-03-21 04:50:11 [INFO] scanner -    ├─ Tempo mínimo: 1800 minutos
2026-03-21 04:50:11 [INFO] scanner -    └─ Próximo permitido em: 428.4 minutos
2026-03-21 05:22:27 [INFO] scanner - ============================================================
2026-03-21 05:22:27 [INFO] scanner - 🚀 SCANNER INICIADO
2026-03-21 05:22:27 [INFO] scanner - 📅 Data/Hora: 21/03/2026 05:22:27
2026-03-21 05:22:27 [INFO] scanner - 📂 Log: logs/scanner_2026-03-21.log
2026-03-21 05:22:27 [INFO] scanner - ============================================================
2026-03-21 05:22:27 [INFO] scanner - 📝 PAPER MODE ATIVO - Apenas registro e análise
2026-03-21 05:22:32 [WARNING] root - Bloco de componentes falhou: cannot unpack non-iterable int object
2026-03-21 05:22:32 [INFO] scanner - ✅ Validações OK [ETH/USDT]: Score=7.0, R:R=2.00
2026-03-21 05:22:32 [INFO] scanner - ⏸️  Throttle ativo [ETH/USDT]:
2026-03-21 05:22:32 [INFO] scanner -    ├─ Último alerta há 1404.0 minutos
2026-03-21 05:22:32 [INFO] scanner -    ├─ Tempo mínimo: 1800 minutos
2026-03-21 05:22:32 [INFO] scanner -    └─ Próximo permitido em: 396.0 minutos
2026-03-21 05:54:33 [INFO] scanner - ============================================================
2026-03-21 05:54:33 [INFO] scanner - 🚀 SCANNER INICIADO
2026-03-21 05:54:33 [INFO] scanner - 📅 Data/Hora: 21/03/2026 05:54:33
2026-03-21 05:54:33 [INFO] scanner - 📂 Log: logs/scanner_2026-03-21.log
2026-03-21 05:54:33 [INFO] scanner - ============================================================
2026-03-21 05:54:33 [INFO] scanner - 📝 PAPER MODE ATIVO - Apenas registro e análise
2026-03-21 05:54:38 [WARNING] root - Bloco de componentes falhou: cannot unpack non-iterable int object
2026-03-21 05:54:38 [INFO] scanner - ✅ Validações OK [ETH/USDT]: Score=7.3, R:R=2.00
2026-03-21 05:54:38 [INFO] scanner - ⏸️  Throttle ativo [ETH/USDT]:
2026-03-21 05:54:38 [INFO] scanner -    ├─ Último alerta há 1436.1 minutos
2026-03-21 05:54:38 [INFO] scanner -    ├─ Tempo mínimo: 1800 minutos
2026-03-21 05:54:38 [INFO] scanner -    └─ Próximo permitido em: 363.9 minutos
2026-03-21 06:24:08 [INFO] scanner - ============================================================
2026-03-21 06:24:08 [INFO] scanner - 🚀 SCANNER INICIADO
2026-03-21 06:24:08 [INFO] scanner - 📅 Data/Hora: 21/03/2026 06:24:08
2026-03-21 06:24:08 [INFO] scanner - 📂 Log: logs/scanner_2026-03-21.log
2026-03-21 06:24:08 [INFO] scanner - ============================================================
2026-03-21 06:24:08 [INFO] scanner - 📝 PAPER MODE ATIVO - Apenas registro e análise
2026-03-21 06:24:13 [WARNING] root - Bloco de componentes falhou: cannot unpack non-iterable int object
2026-03-21 06:24:13 [INFO] scanner - ✅ Validações OK [ETH/USDT]: Score=7.0, R:R=2.00
2026-03-21 06:24:13 [INFO] scanner - ⏸️  Throttle ativo [ETH/USDT]:
2026-03-21 06:24:13 [INFO] scanner -    ├─ Último alerta há 1465.7 minutos
2026-03-21 06:24:13 [INFO] scanner -    ├─ Tempo mínimo: 1800 minutos
2026-03-21 06:24:13 [INFO] scanner -    └─ Próximo permitido em: 334.3 minutos
2026-03-21 06:52:08 [INFO] scanner - ============================================================
2026-03-21 06:52:08 [INFO] scanner - 🚀 SCANNER INICIADO
2026-03-21 06:52:08 [INFO] scanner - 📅 Data/Hora: 21/03/2026 06:52:08
2026-03-21 06:52:08 [INFO] scanner - 📂 Log: logs/scanner_2026-03-21.log
2026-03-21 06:52:08 [INFO] scanner - ============================================================
2026-03-21 06:52:08 [INFO] scanner - 📝 PAPER MODE ATIVO - Apenas registro e análise
2026-03-21 06:52:14 [WARNING] root - Bloco de componentes falhou: cannot unpack non-iterable int object
2026-03-21 06:52:14 [INFO] scanner - ✅ Validações OK [ETH/USDT]: Score=7.0, R:R=2.00
2026-03-21 06:52:14 [INFO] scanner - ⏸️  Throttle ativo [ETH/USDT]:
2026-03-21 06:52:14 [INFO] scanner -    ├─ Último alerta há 1493.7 minutos
2026-03-21 06:52:14 [INFO] scanner -    ├─ Tempo mínimo: 1800 minutos
2026-03-21 06:52:14 [INFO] scanner -    └─ Próximo permitido em: 306.3 minutos
2026-03-21 07:18:23 [INFO] scanner - ============================================================
2026-03-21 07:18:23 [INFO] scanner - 🚀 SCANNER INICIADO
2026-03-21 07:18:23 [INFO] scanner - 📅 Data/Hora: 21/03/2026 07:18:23
2026-03-21 07:18:23 [INFO] scanner - 📂 Log: logs/scanner_2026-03-21.log
2026-03-21 07:18:23 [INFO] scanner - ============================================================
2026-03-21 07:18:23 [INFO] scanner - 📝 PAPER MODE ATIVO - Apenas registro e análise
2026-03-21 07:18:29 [WARNING] root - Bloco de componentes falhou: cannot unpack non-iterable int object
2026-03-21 07:18:29 [INFO] scanner - ✅ Validações OK [ETH/USDT]: Score=7.0, R:R=2.00
2026-03-21 07:18:29 [INFO] scanner - ⏸️  Throttle ativo [ETH/USDT]:
2026-03-21 07:18:29 [INFO] scanner -    ├─ Último alerta há 1519.9 minutos
2026-03-21 07:18:29 [INFO] scanner -    ├─ Tempo mínimo: 1800 minutos
2026-03-21 07:18:29 [INFO] scanner -    └─ Próximo permitido em: 280.1 minutos
2026-03-21 07:50:21 [INFO] scanner - ============================================================
2026-03-21 07:50:21 [INFO] scanner - 🚀 SCANNER INICIADO
2026-03-21 07:50:21 [INFO] scanner - 📅 Data/Hora: 21/03/2026 07:50:21
2026-03-21 07:50:21 [INFO] scanner - 📂 Log: logs/scanner_2026-03-21.log
2026-03-21 07:50:21 [INFO] scanner - ============================================================
2026-03-21 07:50:21 [INFO] scanner - 📝 PAPER MODE ATIVO - Apenas registro e análise
2026-03-21 07:50:26 [WARNING] root - Bloco de componentes falhou: cannot unpack non-iterable int object
2026-03-21 07:50:26 [INFO] scanner - ✅ Validações OK [ETH/USDT]: Score=7.0, R:R=2.00
2026-03-21 07:50:26 [INFO] scanner - ⏸️  Throttle ativo [ETH/USDT]:
2026-03-21 07:50:26 [INFO] scanner -    ├─ Último alerta há 1551.9 minutos
2026-03-21 07:50:26 [INFO] scanner -    ├─ Tempo mínimo: 1800 minutos
2026-03-21 07:50:26 [INFO] scanner -    └─ Próximo permitido em: 248.1 minutos
2026-03-21 08:16:41 [INFO] scanner - ============================================================
2026-03-21 08:16:41 [INFO] scanner - 🚀 SCANNER INICIADO
2026-03-21 08:16:41 [INFO] scanner - 📅 Data/Hora: 21/03/2026 08:16:41
2026-03-21 08:16:41 [INFO] scanner - 📂 Log: logs/scanner_2026-03-21.log
2026-03-21 08:16:41 [INFO] scanner - ============================================================
2026-03-21 08:16:41 [INFO] scanner - 📝 PAPER MODE ATIVO - Apenas registro e análise
2026-03-21 08:16:47 [WARNING] root - Bloco de componentes falhou: cannot unpack non-iterable int object
2026-03-21 08:16:47 [INFO] scanner - ✅ Validações OK [ETH/USDT]: Score=7.0, R:R=2.00
2026-03-21 08:16:47 [INFO] scanner - ⏸️  Throttle ativo [ETH/USDT]:
2026-03-21 08:16:47 [INFO] scanner -    ├─ Último alerta há 1578.2 minutos
2026-03-21 08:16:47 [INFO] scanner -    ├─ Tempo mínimo: 1800 minutos
2026-03-21 08:16:47 [INFO] scanner -    └─ Próximo permitido em: 221.8 minutos
2026-03-21 08:43:21 [INFO] scanner - ============================================================
2026-03-21 08:43:21 [INFO] scanner - 🚀 SCANNER INICIADO
2026-03-21 08:43:21 [INFO] scanner - 📅 Data/Hora: 21/03/2026 08:43:21
2026-03-21 08:43:21 [INFO] scanner - 📂 Log: logs/scanner_2026-03-21.log
2026-03-21 08:43:21 [INFO] scanner - ============================================================
2026-03-21 08:43:21 [INFO] scanner - 📝 PAPER MODE ATIVO - Apenas registro e análise
2026-03-21 08:43:26 [WARNING] root - Bloco de componentes falhou: cannot unpack non-iterable int object
2026-03-21 08:43:26 [INFO] scanner - ✅ Validações OK [ETH/USDT]: Score=7.0, R:R=2.00
2026-03-21 08:43:26 [INFO] scanner - ⏸️  Throttle ativo [ETH/USDT]:
2026-03-21 08:43:26 [INFO] scanner -    ├─ Último alerta há 1604.9 minutos
2026-03-21 08:43:26 [INFO] scanner -    ├─ Tempo mínimo: 1800 minutos
2026-03-21 08:43:26 [INFO] scanner -    └─ Próximo permitido em: 195.1 minutos
2026-03-21 08:55:36 [INFO] scanner - ============================================================
2026-03-21 08:55:36 [INFO] scanner - 🚀 SCANNER INICIADO
2026-03-21 08:55:36 [INFO] scanner - 📅 Data/Hora: 21/03/2026 08:55:36
2026-03-21 08:55:36 [INFO] scanner - 📂 Log: logs/scanner_2026-03-21.log
2026-03-21 08:55:36 [INFO] scanner - ============================================================
2026-03-21 08:55:36 [INFO] scanner - 📝 PAPER MODE ATIVO - Apenas registro e análise
2026-03-21 08:55:41 [WARNING] root - Bloco de componentes falhou: cannot unpack non-iterable int object
2026-03-21 08:55:41 [INFO] scanner - ✅ Validações OK [ETH/USDT]: Score=7.0, R:R=2.00
2026-03-21 08:55:41 [INFO] scanner - ⏸️  Throttle ativo [ETH/USDT]:
2026-03-21 08:55:41 [INFO] scanner -    ├─ Último alerta há 1617.1 minutos
2026-03-21 08:55:41 [INFO] scanner -    ├─ Tempo mínimo: 1800 minutos
2026-03-21 08:55:41 [INFO] scanner -    └─ Próximo permitido em: 182.9 minutos
2026-03-21 09:31:16 [INFO] scanner - ============================================================
2026-03-21 09:31:16 [INFO] scanner - 🚀 SCANNER INICIADO
2026-03-21 09:31:16 [INFO] scanner - 📅 Data/Hora: 21/03/2026 09:31:16
2026-03-21 09:31:16 [INFO] scanner - 📂 Log: logs/scanner_2026-03-21.log
2026-03-21 09:31:16 [INFO] scanner - ============================================================
2026-03-21 09:31:16 [INFO] scanner - 📝 PAPER MODE ATIVO - Apenas registro e análise
2026-03-21 09:31:22 [WARNING] root - Bloco de componentes falhou: cannot unpack non-iterable int object
2026-03-21 09:31:22 [INFO] scanner - ✅ Validações OK [ETH/USDT]: Score=7.0, R:R=2.00
2026-03-21 09:31:22 [INFO] scanner - ⏸️  Throttle ativo [ETH/USDT]:
2026-03-21 09:31:22 [INFO] scanner -    ├─ Último alerta há 1652.8 minutos
2026-03-21 09:31:22 [INFO] scanner -    ├─ Tempo mínimo: 1800 minutos
2026-03-21 09:31:22 [INFO] scanner -    └─ Próximo permitido em: 147.2 minutos
2026-03-21 10:29:13 [INFO] scanner - ============================================================
2026-03-21 10:29:13 [INFO] scanner - 🚀 SCANNER INICIADO
2026-03-21 10:29:13 [INFO] scanner - 📅 Data/Hora: 21/03/2026 10:29:13
2026-03-21 10:29:13 [INFO] scanner - 📂 Log: logs/scanner_2026-03-21.log
2026-03-21 10:29:13 [INFO] scanner - ============================================================
2026-03-21 10:29:13 [INFO] scanner - 📝 PAPER MODE ATIVO - Apenas registro e análise
2026-03-21 10:29:18 [WARNING] root - Bloco de componentes falhou: cannot unpack non-iterable int object
2026-03-21 10:29:18 [INFO] scanner - ✅ Validações OK [ETH/USDT]: Score=7.0, R:R=2.00
2026-03-21 10:29:18 [INFO] scanner - ⏸️  Throttle ativo [ETH/USDT]:
2026-03-21 10:29:18 [INFO] scanner -    ├─ Último alerta há 1710.7 minutos
2026-03-21 10:29:18 [INFO] scanner -    ├─ Tempo mínimo: 1800 minutos
2026-03-21 10:29:18 [INFO] scanner -    └─ Próximo permitido em: 89.3 minutos
2026-03-21 10:58:12 [INFO] scanner - ============================================================
2026-03-21 10:58:12 [INFO] scanner - 🚀 SCANNER INICIADO
2026-03-21 10:58:12 [INFO] scanner - 📅 Data/Hora: 21/03/2026 10:58:12
2026-03-21 10:58:12 [INFO] scanner - 📂 Log: logs/scanner_2026-03-21.log
2026-03-21 10:58:12 [INFO] scanner - ============================================================
2026-03-21 10:58:12 [INFO] scanner - 📝 PAPER MODE ATIVO - Apenas registro e análise
2026-03-21 10:58:17 [WARNING] root - Bloco de componentes falhou: cannot unpack non-iterable int object
2026-03-21 10:58:17 [INFO] scanner - ✅ Validações OK [ETH/USDT]: Score=7.0, R:R=2.00
2026-03-21 10:58:17 [INFO] scanner - ⏸️  Throttle ativo [ETH/USDT]:
2026-03-21 10:58:17 [INFO] scanner -    ├─ Último alerta há 1739.7 minutos
2026-03-21 10:58:17 [INFO] scanner -    ├─ Tempo mínimo: 1800 minutos
2026-03-21 10:58:17 [INFO] scanner -    └─ Próximo permitido em: 60.3 minutos
2026-03-21 11:26:48 [INFO] scanner - ============================================================
2026-03-21 11:26:48 [INFO] scanner - 🚀 SCANNER INICIADO
2026-03-21 11:26:48 [INFO] scanner - 📅 Data/Hora: 21/03/2026 11:26:48
2026-03-21 11:26:48 [INFO] scanner - 📂 Log: logs/scanner_2026-03-21.log
2026-03-21 11:26:48 [INFO] scanner - ============================================================
2026-03-21 11:26:48 [INFO] scanner - 📝 PAPER MODE ATIVO - Apenas registro e análise
2026-03-21 11:26:51 [WARNING] root - Bloco de componentes falhou: cannot unpack non-iterable int object
2026-03-21 11:26:51 [INFO] scanner - ✅ Validações OK [BTC/USDT]: Score=8.5, R:R=2.08
2026-03-21 11:26:51 [INFO] scanner - ⏸️  Throttle ativo [BTC/USDT]:
2026-03-21 11:26:51 [INFO] scanner -    ├─ Último alerta há 473.7 minutos
2026-03-21 11:26:51 [INFO] scanner -    ├─ Tempo mínimo: 1800 minutos
2026-03-21 11:26:51 [INFO] scanner -    └─ Próximo permitido em: 1326.3 minutos
2026-03-21 11:26:54 [WARNING] root - Bloco de componentes falhou: cannot unpack non-iterable int object
2026-03-21 11:26:54 [INFO] scanner - ✅ Validações OK [ETH/USDT]: Score=7.0, R:R=2.00
2026-03-21 11:26:54 [INFO] scanner - ⏸️  Throttle ativo [ETH/USDT]:
2026-03-21 11:26:54 [INFO] scanner -    ├─ Último alerta há 1768.3 minutos
2026-03-21 11:26:54 [INFO] scanner -    ├─ Tempo mínimo: 1800 minutos
2026-03-21 11:26:54 [INFO] scanner -    └─ Próximo permitido em: 31.7 minutos
2026-03-21 11:51:22 [INFO] scanner - ============================================================
2026-03-21 11:51:22 [INFO] scanner - 🚀 SCANNER INICIADO
2026-03-21 11:51:22 [INFO] scanner - 📅 Data/Hora: 21/03/2026 11:51:22
2026-03-21 11:51:22 [INFO] scanner - 📂 Log: logs/scanner_2026-03-21.log
2026-03-21 11:51:22 [INFO] scanner - ============================================================
2026-03-21 11:51:22 [INFO] scanner - 📝 PAPER MODE ATIVO - Apenas registro e análise
2026-03-21 11:51:26 [WARNING] root - Bloco de componentes falhou: cannot unpack non-iterable int object
2026-03-21 11:51:26 [INFO] scanner - ✅ Validações OK [BTC/USDT]: Score=8.5, R:R=2.08
2026-03-21 11:51:26 [INFO] scanner - ⏸️  Throttle ativo [BTC/USDT]:
2026-03-21 11:51:26 [INFO] scanner -    ├─ Último alerta há 498.3 minutos
2026-03-21 11:51:26 [INFO] scanner -    ├─ Tempo mínimo: 1800 minutos
2026-03-21 11:51:26 [INFO] scanner -    └─ Próximo permitido em: 1301.7 minutos
2026-03-21 11:51:28 [WARNING] root - Bloco de componentes falhou: cannot unpack non-iterable int object
2026-03-21 11:51:28 [INFO] scanner - ✅ Validações OK [ETH/USDT]: Score=7.0, R:R=2.00
2026-03-21 11:51:28 [INFO] scanner - ⏸️  Throttle ativo [ETH/USDT]:
2026-03-21 11:51:28 [INFO] scanner -    ├─ Último alerta há 1792.9 minutos
2026-03-21 11:51:28 [INFO] scanner -    ├─ Tempo mínimo: 1800 minutos
2026-03-21 11:51:28 [INFO] scanner -    └─ Próximo permitido em: 7.1 minutos
2026-03-21 12:18:34 [INFO] scanner - ============================================================
2026-03-21 12:18:34 [INFO] scanner - 🚀 SCANNER INICIADO
2026-03-21 12:18:34 [INFO] scanner - 📅 Data/Hora: 21/03/2026 12:18:34
2026-03-21 12:18:34 [INFO] scanner - 📂 Log: logs/scanner_2026-03-21.log
2026-03-21 12:18:34 [INFO] scanner - ============================================================
2026-03-21 12:18:34 [INFO] scanner - 📝 PAPER MODE ATIVO - Apenas registro e análise
2026-03-21 12:18:41 [WARNING] root - Bloco de componentes falhou: cannot unpack non-iterable int object
2026-03-21 12:18:41 [INFO] scanner - ✅ Validações OK [BTC/USDT]: Score=8.5, R:R=2.08
2026-03-21 12:18:41 [INFO] scanner - ⏸️  Throttle ativo [BTC/USDT]:
2026-03-21 12:18:41 [INFO] scanner -    ├─ Último alerta há 525.5 minutos
2026-03-21 12:18:41 [INFO] scanner -    ├─ Tempo mínimo: 1800 minutos
2026-03-21 12:18:41 [INFO] scanner -    └─ Próximo permitido em: 1274.5 minutos
2026-03-21 12:18:43 [WARNING] root - Bloco de componentes falhou: cannot unpack non-iterable int object
2026-03-21 12:18:43 [INFO] scanner - ✅ Validações OK [ETH/USDT]: Score=8.5, R:R=2.00
2026-03-21 12:18:43 [INFO] scanner - ✅ Throttle OK [ETH/USDT]: Pode enviar
2026-03-21 12:18:43 [INFO] scanner - 📝 Sinal no ledger: 20260321_121843_802028 - ETH/USDT
2026-03-21 12:18:43 [INFO] scanner - 📨 Alerta enviado | ID Ledger: 20260321_121843_802028
2026-03-21 12:18:44 [WARNING] root - Bloco de componentes falhou: cannot unpack non-iterable int object
2026-03-21 12:18:44 [INFO] scanner - ✅ Validações OK [ETH/USDT]: Score=7.0, R:R=2.00
2026-03-21 12:18:44 [INFO] scanner - ⏸️  Throttle ativo [ETH/USDT]:
2026-03-21 12:18:44 [INFO] scanner -    ├─ Último alerta há 0.0 minutos
2026-03-21 12:18:44 [INFO] scanner -    ├─ Tempo mínimo: 1800 minutos
2026-03-21 12:18:44 [INFO] scanner -    └─ Próximo permitido em: 1800.0 minutos
2026-03-21 12:46:38 [INFO] scanner - ============================================================
2026-03-21 12:46:38 [INFO] scanner - 🚀 SCANNER INICIADO
2026-03-21 12:46:38 [INFO] scanner - 📅 Data/Hora: 21/03/2026 12:46:38
2026-03-21 12:46:38 [INFO] scanner - 📂 Log: logs/scanner_2026-03-21.log
2026-03-21 12:46:38 [INFO] scanner - ============================================================
2026-03-21 12:46:38 [INFO] scanner - 📝 PAPER MODE ATIVO - Apenas registro e análise
2026-03-21 12:46:41 [WARNING] root - Bloco de componentes falhou: cannot unpack non-iterable int object
2026-03-21 12:46:41 [INFO] scanner - ✅ Validações OK [BTC/USDT]: Score=8.5, R:R=2.08
2026-03-21 12:46:41 [INFO] scanner - ⏸️  Throttle ativo [BTC/USDT]:
2026-03-21 12:46:41 [INFO] scanner -    ├─ Último alerta há 553.5 minutos
2026-03-21 12:46:41 [INFO] scanner -    ├─ Tempo mínimo: 1800 minutos
2026-03-21 12:46:41 [INFO] scanner -    └─ Próximo permitido em: 1246.5 minutos
2026-03-21 12:46:43 [WARNING] root - Bloco de componentes falhou: cannot unpack non-iterable int object
2026-03-21 12:46:43 [INFO] scanner - ✅ Validações OK [ETH/USDT]: Score=8.5, R:R=2.00
2026-03-21 12:46:43 [INFO] scanner - ⏸️  Throttle ativo [ETH/USDT]:
2026-03-21 12:46:43 [INFO] scanner -    ├─ Último alerta há 28.0 minutos
2026-03-21 12:46:43 [INFO] scanner -    ├─ Tempo mínimo: 1800 minutos
2026-03-21 12:46:43 [INFO] scanner -    └─ Próximo permitido em: 1772.0 minutos
2026-03-21 12:46:43 [WARNING] root - Bloco de componentes falhou: cannot unpack non-iterable int object
2026-03-21 12:46:43 [INFO] scanner - ✅ Validações OK [ETH/USDT]: Score=7.0, R:R=2.00
2026-03-21 12:46:43 [INFO] scanner - ⏸️  Throttle ativo [ETH/USDT]:
2026-03-21 12:46:43 [INFO] scanner -    ├─ Último alerta há 28.0 minutos
2026-03-21 12:46:43 [INFO] scanner -    ├─ Tempo mínimo: 1800 minutos
2026-03-21 12:46:43 [INFO] scanner -    └─ Próximo permitido em: 1772.0 minutos
2026-03-21 13:19:35 [INFO] scanner - ============================================================
2026-03-21 13:19:35 [INFO] scanner - 🚀 SCANNER INICIADO
2026-03-21 13:19:35 [INFO] scanner - 📅 Data/Hora: 21/03/2026 13:19:35
2026-03-21 13:19:35 [INFO] scanner - 📂 Log: logs/scanner_2026-03-21.log
2026-03-21 13:19:35 [INFO] scanner - ============================================================
2026-03-21 13:19:35 [INFO] scanner - 📝 PAPER MODE ATIVO - Apenas registro e análise
2026-03-21 13:19:38 [WARNING] root - Bloco de componentes falhou: cannot unpack non-iterable int object
2026-03-21 13:19:38 [INFO] scanner - ✅ Validações OK [BTC/USDT]: Score=8.5, R:R=2.08
2026-03-21 13:19:38 [INFO] scanner - ⏸️  Throttle ativo [BTC/USDT]:
2026-03-21 13:19:38 [INFO] scanner -    ├─ Último alerta há 586.5 minutos
2026-03-21 13:19:38 [INFO] scanner -    ├─ Tempo mínimo: 1800 minutos
2026-03-21 13:19:38 [INFO] scanner -    └─ Próximo permitido em: 1213.5 minutos
2026-03-21 13:19:41 [WARNING] root - Bloco de componentes falhou: cannot unpack non-iterable int object
2026-03-21 13:19:41 [INFO] scanner - ✅ Validações OK [ETH/USDT]: Score=8.5, R:R=2.00
2026-03-21 13:19:41 [INFO] scanner - ⏸️  Throttle ativo [ETH/USDT]:
2026-03-21 13:19:41 [INFO] scanner -    ├─ Último alerta há 61.0 minutos
2026-03-21 13:19:41 [INFO] scanner -    ├─ Tempo mínimo: 1800 minutos
2026-03-21 13:19:41 [INFO] scanner -    └─ Próximo permitido em: 1739.0 minutos
2026-03-21 13:19:41 [WARNING] root - Bloco de componentes falhou: cannot unpack non-iterable int object
2026-03-21 13:19:41 [INFO] scanner - ✅ Validações OK [ETH/USDT]: Score=7.0, R:R=2.00
2026-03-21 13:19:41 [INFO] scanner - ⏸️  Throttle ativo [ETH/USDT]:
2026-03-21 13:19:41 [INFO] scanner -    ├─ Último alerta há 61.0 minutos
2026-03-21 13:19:41 [INFO] scanner -    ├─ Tempo mínimo: 1800 minutos
2026-03-21 13:19:41 [INFO] scanner -    └─ Próximo permitido em: 1739.0 minutos
2026-03-21 13:52:33 [INFO] scanner - ============================================================
2026-03-21 13:52:33 [INFO] scanner - 🚀 SCANNER INICIADO
2026-03-21 13:52:33 [INFO] scanner - 📅 Data/Hora: 21/03/2026 13:52:33
2026-03-21 13:52:33 [INFO] scanner - 📂 Log: logs/scanner_2026-03-21.log
2026-03-21 13:52:33 [INFO] scanner - ============================================================
2026-03-21 13:52:33 [INFO] scanner - 📝 PAPER MODE ATIVO - Apenas registro e análise
2026-03-21 13:52:36 [WARNING] root - Bloco de componentes falhou: cannot unpack non-iterable int object
2026-03-21 13:52:36 [INFO] scanner - ✅ Validações OK [BTC/USDT]: Score=8.5, R:R=2.08
2026-03-21 13:52:36 [INFO] scanner - ⏸️  Throttle ativo [BTC/USDT]:
2026-03-21 13:52:36 [INFO] scanner -    ├─ Último alerta há 619.4 minutos
2026-03-21 13:52:36 [INFO] scanner -    ├─ Tempo mínimo: 1800 minutos
2026-03-21 13:52:36 [INFO] scanner -    └─ Próximo permitido em: 1180.6 minutos
2026-03-21 13:52:38 [WARNING] root - Bloco de componentes falhou: cannot unpack non-iterable int object
2026-03-21 13:52:38 [INFO] scanner - ✅ Validações OK [ETH/USDT]: Score=8.5, R:R=2.00
2026-03-21 13:52:38 [INFO] scanner - ⏸️  Throttle ativo [ETH/USDT]:
2026-03-21 13:52:38 [INFO] scanner -    ├─ Último alerta há 93.9 minutos
2026-03-21 13:52:38 [INFO] scanner -    ├─ Tempo mínimo: 1800 minutos
2026-03-21 13:52:38 [INFO] scanner -    └─ Próximo permitido em: 1706.1 minutos
2026-03-21 13:52:38 [WARNING] root - Bloco de componentes falhou: cannot unpack non-iterable int object
2026-03-21 13:52:38 [INFO] scanner - ✅ Validações OK [ETH/USDT]: Score=7.0, R:R=2.00
2026-03-21 13:52:38 [INFO] scanner - ⏸️  Throttle ativo [ETH/USDT]:
2026-03-21 13:52:38 [INFO] scanner -    ├─ Último alerta há 93.9 minutos
2026-03-21 13:52:38 [INFO] scanner -    ├─ Tempo mínimo: 1800 minutos
2026-03-21 13:52:38 [INFO] scanner -    └─ Próximo permitido em: 1706.1 minutos
2026-03-21 14:19:03 [INFO] scanner - ============================================================
2026-03-21 14:19:03 [INFO] scanner - 🚀 SCANNER INICIADO
2026-03-21 14:19:03 [INFO] scanner - 📅 Data/Hora: 21/03/2026 14:19:03
2026-03-21 14:19:03 [INFO] scanner - 📂 Log: logs/scanner_2026-03-21.log
2026-03-21 14:19:03 [INFO] scanner - ============================================================
2026-03-21 14:19:03 [INFO] scanner - 📝 PAPER MODE ATIVO - Apenas registro e análise
2026-03-21 14:19:08 [WARNING] root - Bloco de componentes falhou: cannot unpack non-iterable int object
2026-03-21 14:19:08 [INFO] scanner - ✅ Validações OK [ETH/USDT]: Score=8.5, R:R=2.00
2026-03-21 14:19:08 [INFO] scanner - ⏸️  Throttle ativo [ETH/USDT]:
2026-03-21 14:19:08 [INFO] scanner -    ├─ Último alerta há 120.4 minutos
2026-03-21 14:19:08 [INFO] scanner -    ├─ Tempo mínimo: 1800 minutos
2026-03-21 14:19:08 [INFO] scanner -    └─ Próximo permitido em: 1679.6 minutos
2026-03-21 14:19:08 [WARNING] root - Bloco de componentes falhou: cannot unpack non-iterable int object
2026-03-21 14:19:08 [INFO] scanner - ✅ Validações OK [ETH/USDT]: Score=7.0, R:R=2.00
2026-03-21 14:19:08 [INFO] scanner - ⏸️  Throttle ativo [ETH/USDT]:
2026-03-21 14:19:08 [INFO] scanner -    ├─ Último alerta há 120.4 minutos
2026-03-21 14:19:08 [INFO] scanner -    ├─ Tempo mínimo: 1800 minutos
2026-03-21 14:19:08 [INFO] scanner -    └─ Próximo permitido em: 1679.6 minutos
2026-03-21 14:47:46 [INFO] scanner - ============================================================
2026-03-21 14:47:46 [INFO] scanner - 🚀 SCANNER INICIADO
2026-03-21 14:47:46 [INFO] scanner - 📅 Data/Hora: 21/03/2026 14:47:46
2026-03-21 14:47:46 [INFO] scanner - 📂 Log: logs/scanner_2026-03-21.log
2026-03-21 14:47:46 [INFO] scanner - ============================================================
2026-03-21 14:47:46 [INFO] scanner - 📝 PAPER MODE ATIVO - Apenas registro e análise
2026-03-21 14:47:49 [WARNING] root - Bloco de componentes falhou: cannot unpack non-iterable int object
2026-03-21 14:47:49 [INFO] scanner - ✅ Validações OK [BTC/USDT]: Score=8.5, R:R=2.08
2026-03-21 14:47:49 [INFO] scanner - ⏸️  Throttle ativo [BTC/USDT]:
2026-03-21 14:47:49 [INFO] scanner -    ├─ Último alerta há 674.6 minutos
2026-03-21 14:47:49 [INFO] scanner -    ├─ Tempo mínimo: 1800 minutos
2026-03-21 14:47:49 [INFO] scanner -    └─ Próximo permitido em: 1125.4 minutos
2026-03-21 14:47:51 [WARNING] root - Bloco de componentes falhou: cannot unpack non-iterable int object
2026-03-21 14:47:51 [INFO] scanner - ✅ Validações OK [ETH/USDT]: Score=8.5, R:R=2.00
2026-03-21 14:47:51 [INFO] scanner - ⏸️  Throttle ativo [ETH/USDT]:
2026-03-21 14:47:51 [INFO] scanner -    ├─ Último alerta há 149.1 minutos
2026-03-21 14:47:51 [INFO] scanner -    ├─ Tempo mínimo: 1800 minutos
2026-03-21 14:47:51 [INFO] scanner -    └─ Próximo permitido em: 1650.9 minutos
2026-03-21 14:47:52 [WARNING] root - Bloco de componentes falhou: cannot unpack non-iterable int object
2026-03-21 14:47:52 [INFO] scanner - ✅ Validações OK [ETH/USDT]: Score=7.0, R:R=2.00
2026-03-21 14:47:52 [INFO] scanner - ⏸️  Throttle ativo [ETH/USDT]:
2026-03-21 14:47:52 [INFO] scanner -    ├─ Último alerta há 149.1 minutos
2026-03-21 14:47:52 [INFO] scanner -    ├─ Tempo mínimo: 1800 minutos
2026-03-21 14:47:52 [INFO] scanner -    └─ Próximo permitido em: 1650.9 minutos
2026-03-21 15:24:49 [INFO] scanner - ============================================================
2026-03-21 15:24:49 [INFO] scanner - 🚀 SCANNER INICIADO
2026-03-21 15:24:49 [INFO] scanner - 📅 Data/Hora: 21/03/2026 15:24:49
2026-03-21 15:24:49 [INFO] scanner - 📂 Log: logs/scanner_2026-03-21.log
2026-03-21 15:24:49 [INFO] scanner - ============================================================
2026-03-21 15:24:49 [INFO] scanner - 📝 PAPER MODE ATIVO - Apenas registro e análise
2026-03-21 15:24:54 [WARNING] root - Bloco de componentes falhou: cannot unpack non-iterable int object
2026-03-21 15:24:54 [INFO] scanner - ✅ Validações OK [ETH/USDT]: Score=7.0, R:R=2.00
2026-03-21 15:24:54 [INFO] scanner - ⏸️  Throttle ativo [ETH/USDT]:
2026-03-21 15:24:54 [INFO] scanner -    ├─ Último alerta há 186.2 minutos
2026-03-21 15:24:54 [INFO] scanner -    ├─ Tempo mínimo: 1800 minutos
2026-03-21 15:24:54 [INFO] scanner -    └─ Próximo permitido em: 1613.8 minutos
2026-03-21 15:58:47 [INFO] scanner - ============================================================
2026-03-21 15:58:47 [INFO] scanner - 🚀 SCANNER INICIADO
2026-03-21 15:58:47 [INFO] scanner - 📅 Data/Hora: 21/03/2026 15:58:47
2026-03-21 15:58:47 [INFO] scanner - 📂 Log: logs/scanner_2026-03-21.log
2026-03-21 15:58:47 [INFO] scanner - ============================================================
2026-03-21 15:58:47 [INFO] scanner - 📝 PAPER MODE ATIVO - Apenas registro e análise
2026-03-21 15:58:53 [WARNING] root - Bloco de componentes falhou: cannot unpack non-iterable int object
2026-03-21 15:58:53 [INFO] scanner - ✅ Validações OK [ETH/USDT]: Score=7.0, R:R=2.00
2026-03-21 15:58:53 [INFO] scanner - ⏸️  Throttle ativo [ETH/USDT]:
2026-03-21 15:58:53 [INFO] scanner -    ├─ Último alerta há 220.2 minutos
2026-03-21 15:58:53 [INFO] scanner -    ├─ Tempo mínimo: 1800 minutos
2026-03-21 15:58:53 [INFO] scanner -    └─ Próximo permitido em: 1579.8 minutos
2026-03-21 16:25:28 [INFO] scanner - ============================================================
2026-03-21 16:25:28 [INFO] scanner - 🚀 SCANNER INICIADO
2026-03-21 16:25:28 [INFO] scanner - 📅 Data/Hora: 21/03/2026 16:25:28
2026-03-21 16:25:28 [INFO] scanner - 📂 Log: logs/scanner_2026-03-21.log
2026-03-21 16:25:28 [INFO] scanner - ============================================================
2026-03-21 16:25:28 [INFO] scanner - 📝 PAPER MODE ATIVO - Apenas registro e análise
2026-03-21 16:25:34 [WARNING] root - Bloco de componentes falhou: cannot unpack non-iterable int object
2026-03-21 16:25:34 [INFO] scanner - ✅ Validações OK [ETH/USDT]: Score=7.0, R:R=2.00
2026-03-21 16:25:34 [INFO] scanner - ⏸️  Throttle ativo [ETH/USDT]:
2026-03-21 16:25:34 [INFO] scanner -    ├─ Último alerta há 246.9 minutos
2026-03-21 16:25:34 [INFO] scanner -    ├─ Tempo mínimo: 1800 minutos
2026-03-21 16:25:34 [INFO] scanner -    └─ Próximo permitido em: 1553.1 minutos
2026-03-21 16:43:54 [INFO] scanner - ============================================================
2026-03-21 16:43:54 [INFO] scanner - 🚀 SCANNER INICIADO
2026-03-21 16:43:54 [INFO] scanner - 📅 Data/Hora: 21/03/2026 16:43:54
2026-03-21 16:43:54 [INFO] scanner - 📂 Log: logs/scanner_2026-03-21.log
2026-03-21 16:43:54 [INFO] scanner - ============================================================
2026-03-21 16:43:54 [INFO] scanner - 📝 PAPER MODE ATIVO - Apenas registro e análise
2026-03-21 16:43:59 [WARNING] root - Bloco de componentes falhou: cannot unpack non-iterable int object
2026-03-21 16:43:59 [INFO] scanner - ✅ Validações OK [ETH/USDT]: Score=7.0, R:R=2.00
2026-03-21 16:43:59 [INFO] scanner - ⏸️  Throttle ativo [ETH/USDT]:
2026-03-21 16:43:59 [INFO] scanner -    ├─ Último alerta há 265.3 minutos
2026-03-21 16:43:59 [INFO] scanner -    ├─ Tempo mínimo: 1800 minutos
2026-03-21 16:43:59 [INFO] scanner -    └─ Próximo permitido em: 1534.7 minutos
2026-03-21 16:55:52 [INFO] scanner - ============================================================
2026-03-21 16:55:52 [INFO] scanner - 🚀 SCANNER INICIADO
2026-03-21 16:55:52 [INFO] scanner - 📅 Data/Hora: 21/03/2026 16:55:52
2026-03-21 16:55:52 [INFO] scanner - 📂 Log: logs/scanner_2026-03-21.log
2026-03-21 16:55:52 [INFO] scanner - ============================================================
2026-03-21 16:55:52 [INFO] scanner - 📝 PAPER MODE ATIVO - Apenas registro e análise
2026-03-21 16:55:58 [WARNING] root - Bloco de componentes falhou: cannot unpack non-iterable int object
2026-03-21 16:55:58 [INFO] scanner - ✅ Validações OK [ETH/USDT]: Score=7.0, R:R=2.00
2026-03-21 16:55:58 [INFO] scanner - ⏸️  Throttle ativo [ETH/USDT]:
2026-03-21 16:55:58 [INFO] scanner -    ├─ Último alerta há 277.3 minutos
2026-03-21 16:55:58 [INFO] scanner -    ├─ Tempo mínimo: 1800 minutos
2026-03-21 16:55:58 [INFO] scanner -    └─ Próximo permitido em: 1522.7 minutos
2026-03-21 17:18:15 [INFO] scanner - ============================================================
2026-03-21 17:18:15 [INFO] scanner - 🚀 SCANNER INICIADO
2026-03-21 17:18:15 [INFO] scanner - 📅 Data/Hora: 21/03/2026 17:18:15
2026-03-21 17:18:15 [INFO] scanner - 📂 Log: logs/scanner_2026-03-21.log
2026-03-21 17:18:15 [INFO] scanner - ============================================================
2026-03-21 17:18:15 [INFO] scanner - 📝 PAPER MODE ATIVO - Apenas registro e análise
2026-03-21 17:18:20 [WARNING] root - Bloco de componentes falhou: cannot unpack non-iterable int object
2026-03-21 17:18:20 [INFO] scanner - ✅ Validações OK [ETH/USDT]: Score=7.0, R:R=2.00
2026-03-21 17:18:20 [INFO] scanner - ⏸️  Throttle ativo [ETH/USDT]:
2026-03-21 17:18:20 [INFO] scanner -    ├─ Último alerta há 299.6 minutos
2026-03-21 17:18:20 [INFO] scanner -    ├─ Tempo mínimo: 1800 minutos
2026-03-21 17:18:20 [INFO] scanner -    └─ Próximo permitido em: 1500.4 minutos
2026-03-21 17:48:05 [INFO] scanner - ============================================================
2026-03-21 17:48:05 [INFO] scanner - 🚀 SCANNER INICIADO
2026-03-21 17:48:05 [INFO] scanner - 📅 Data/Hora: 21/03/2026 17:48:05
2026-03-21 17:48:05 [INFO] scanner - 📂 Log: logs/scanner_2026-03-21.log
2026-03-21 17:48:05 [INFO] scanner - ============================================================
2026-03-21 17:48:05 [INFO] scanner - 📝 PAPER MODE ATIVO - Apenas registro e análise
2026-03-21 17:48:11 [WARNING] root - Bloco de componentes falhou: cannot unpack non-iterable int object
2026-03-21 17:48:11 [INFO] scanner - ✅ Validações OK [ETH/USDT]: Score=7.0, R:R=2.00
2026-03-21 17:48:11 [INFO] scanner - ⏸️  Throttle ativo [ETH/USDT]:
2026-03-21 17:48:11 [INFO] scanner -    ├─ Último alerta há 329.5 minutos
2026-03-21 17:48:11 [INFO] scanner -    ├─ Tempo mínimo: 1800 minutos
2026-03-21 17:48:11 [INFO] scanner -    └─ Próximo permitido em: 1470.5 minutos
