2026-01-15 03:22:35 [INFO] scanner - ============================================================
2026-01-15 03:22:35 [INFO] scanner - 🚀 SCANNER INICIADO
2026-01-15 03:22:35 [INFO] scanner - 📅 Data/Hora: 15/01/2026 03:22:35
2026-01-15 03:22:35 [INFO] scanner - 📂 Log: logs/scanner_2026-01-15.log
2026-01-15 03:22:35 [INFO] scanner - ============================================================
2026-01-15 03:22:35 [INFO] scanner - 📝 PAPER MODE ATIVO - Apenas registro e análise
2026-01-15 03:22:39 [WARNING] root - Bloco de componentes falhou: cannot unpack non-iterable int object
2026-01-15 03:22:39 [INFO] scanner - ✅ Validações OK [BTC/USDT]: Score=7.3, R:R=2.08
2026-01-15 03:22:39 [INFO] scanner - ⏸️  Throttle ativo [BTC/USDT]:
2026-01-15 03:22:39 [INFO] scanner -    ├─ Último alerta há 687.1 minutos
2026-01-15 03:22:39 [INFO] scanner -    ├─ Tempo mínimo: 1800 minutos
2026-01-15 03:22:39 [INFO] scanner -    └─ Próximo permitido em: 1112.9 minutos
2026-01-15 03:22:41 [WARNING] root - Bloco de componentes falhou: cannot unpack non-iterable int object
2026-01-15 03:22:41 [INFO] scanner - ✅ Validações OK [ETH/USDT]: Score=7.3, R:R=2.00
2026-01-15 03:22:41 [INFO] scanner - ⏸️  Throttle ativo [ETH/USDT]:
2026-01-15 03:22:41 [INFO] scanner -    ├─ Último alerta há 1073.2 minutos
2026-01-15 03:22:41 [INFO] scanner -    ├─ Tempo mínimo: 1800 minutos
2026-01-15 03:22:41 [INFO] scanner -    └─ Próximo permitido em: 726.8 minutos
2026-01-15 03:55:31 [INFO] scanner - ============================================================
2026-01-15 03:55:31 [INFO] scanner - 🚀 SCANNER INICIADO
2026-01-15 03:55:31 [INFO] scanner - 📅 Data/Hora: 15/01/2026 03:55:31
2026-01-15 03:55:31 [INFO] scanner - 📂 Log: logs/scanner_2026-01-15.log
2026-01-15 03:55:31 [INFO] scanner - ============================================================
2026-01-15 03:55:31 [INFO] scanner - 📝 PAPER MODE ATIVO - Apenas registro e análise
2026-01-15 03:55:34 [WARNING] root - Bloco de componentes falhou: cannot unpack non-iterable int object
2026-01-15 03:55:34 [INFO] scanner - ✅ Validações OK [BTC/USDT]: Score=7.3, R:R=2.08
2026-01-15 03:55:34 [INFO] scanner - ⏸️  Throttle ativo [BTC/USDT]:
2026-01-15 03:55:34 [INFO] scanner -    ├─ Último alerta há 720.1 minutos
2026-01-15 03:55:34 [INFO] scanner -    ├─ Tempo mínimo: 1800 minutos
2026-01-15 03:55:34 [INFO] scanner -    └─ Próximo permitido em: 1079.9 minutos
2026-01-15 04:20:09 [INFO] scanner - ============================================================
2026-01-15 04:20:09 [INFO] scanner - 🚀 SCANNER INICIADO
2026-01-15 04:20:09 [INFO] scanner - 📅 Data/Hora: 15/01/2026 04:20:09
2026-01-15 04:20:09 [INFO] scanner - 📂 Log: logs/scanner_2026-01-15.log
2026-01-15 04:20:09 [INFO] scanner - ============================================================
2026-01-15 04:20:09 [INFO] scanner - 📝 PAPER MODE ATIVO - Apenas registro e análise
2026-01-15 04:20:12 [WARNING] root - Bloco de componentes falhou: cannot unpack non-iterable int object
2026-01-15 04:20:12 [INFO] scanner - ✅ Validações OK [BTC/USDT]: Score=7.3, R:R=2.08
2026-01-15 04:20:12 [INFO] scanner - ⏸️  Throttle ativo [BTC/USDT]:
2026-01-15 04:20:12 [INFO] scanner -    ├─ Último alerta há 744.7 minutos
2026-01-15 04:20:12 [INFO] scanner -    ├─ Tempo mínimo: 1800 minutos
2026-01-15 04:20:12 [INFO] scanner -    └─ Próximo permitido em: 1055.3 minutos
2026-01-15 04:20:12 [WARNING] root - Bloco de componentes falhou: cannot unpack non-iterable int object
2026-01-15 04:20:12 [INFO] scanner - ✅ Validações OK [BTC/USDT]: Score=7.3, R:R=2.08
2026-01-15 04:20:12 [INFO] scanner - ⏸️  Throttle ativo [BTC/USDT]:
2026-01-15 04:20:12 [INFO] scanner -    ├─ Último alerta há 744.7 minutos
2026-01-15 04:20:12 [INFO] scanner -    ├─ Tempo mínimo: 1800 minutos
2026-01-15 04:20:12 [INFO] scanner -    └─ Próximo permitido em: 1055.3 minutos
2026-01-15 04:20:15 [WARNING] root - Bloco de componentes falhou: cannot unpack non-iterable int object
2026-01-15 04:20:15 [INFO] scanner - ✅ Validações OK [ETH/USDT]: Score=7.3, R:R=2.00
2026-01-15 04:20:15 [INFO] scanner - ⏸️  Throttle ativo [ETH/USDT]:
2026-01-15 04:20:15 [INFO] scanner -    ├─ Último alerta há 1130.8 minutos
2026-01-15 04:20:15 [INFO] scanner -    ├─ Tempo mínimo: 1800 minutos
2026-01-15 04:20:15 [INFO] scanner -    └─ Próximo permitido em: 669.2 minutos
2026-01-15 04:44:06 [INFO] scanner - ============================================================
2026-01-15 04:44:06 [INFO] scanner - 🚀 SCANNER INICIADO
2026-01-15 04:44:06 [INFO] scanner - 📅 Data/Hora: 15/01/2026 04:44:06
2026-01-15 04:44:06 [INFO] scanner - 📂 Log: logs/scanner_2026-01-15.log
2026-01-15 04:44:06 [INFO] scanner - ============================================================
2026-01-15 04:44:06 [INFO] scanner - 📝 PAPER MODE ATIVO - Apenas registro e análise
2026-01-15 04:44:09 [WARNING] root - Bloco de componentes falhou: cannot unpack non-iterable int object
2026-01-15 04:44:09 [INFO] scanner - ✅ Validações OK [BTC/USDT]: Score=7.3, R:R=2.08
2026-01-15 04:44:09 [INFO] scanner - ⏸️  Throttle ativo [BTC/USDT]:
2026-01-15 04:44:09 [INFO] scanner -    ├─ Último alerta há 768.6 minutos
2026-01-15 04:44:09 [INFO] scanner -    ├─ Tempo mínimo: 1800 minutos
2026-01-15 04:44:09 [INFO] scanner -    └─ Próximo permitido em: 1031.4 minutos
2026-01-15 04:44:09 [WARNING] root - Bloco de componentes falhou: cannot unpack non-iterable int object
2026-01-15 04:44:09 [INFO] scanner - ✅ Validações OK [BTC/USDT]: Score=7.3, R:R=2.08
2026-01-15 04:44:09 [INFO] scanner - ⏸️  Throttle ativo [BTC/USDT]:
2026-01-15 04:44:09 [INFO] scanner -    ├─ Último alerta há 768.7 minutos
2026-01-15 04:44:09 [INFO] scanner -    ├─ Tempo mínimo: 1800 minutos
2026-01-15 04:44:09 [INFO] scanner -    └─ Próximo permitido em: 1031.3 minutos
2026-01-15 04:44:11 [WARNING] root - Bloco de componentes falhou: cannot unpack non-iterable int object
2026-01-15 04:44:11 [INFO] scanner - ✅ Validações OK [ETH/USDT]: Score=7.3, R:R=2.00
2026-01-15 04:44:11 [INFO] scanner - ⏸️  Throttle ativo [ETH/USDT]:
2026-01-15 04:44:11 [INFO] scanner -    ├─ Último alerta há 1154.7 minutos
2026-01-15 04:44:11 [INFO] scanner -    ├─ Tempo mínimo: 1800 minutos
2026-01-15 04:44:11 [INFO] scanner -    └─ Próximo permitido em: 645.3 minutos
2026-01-15 04:44:11 [WARNING] root - Bloco de componentes falhou: cannot unpack non-iterable int object
2026-01-15 04:44:11 [INFO] scanner - ✅ Validações OK [ETH/USDT]: Score=7.3, R:R=2.00
2026-01-15 04:44:11 [INFO] scanner - ⏸️  Throttle ativo [ETH/USDT]:
2026-01-15 04:44:11 [INFO] scanner -    ├─ Último alerta há 1154.7 minutos
2026-01-15 04:44:11 [INFO] scanner -    ├─ Tempo mínimo: 1800 minutos
2026-01-15 04:44:11 [INFO] scanner -    └─ Próximo permitido em: 645.3 minutos
