2026-03-29 03:54:26 [INFO] scanner - ============================================================
2026-03-29 03:54:26 [INFO] scanner - 🚀 SCANNER INICIADO
2026-03-29 03:54:26 [INFO] scanner - 📅 Data/Hora: 29/03/2026 03:54:26
2026-03-29 03:54:26 [INFO] scanner - 📂 Log: logs/scanner_2026-03-29.log
2026-03-29 03:54:26 [INFO] scanner - ============================================================
2026-03-29 03:54:26 [INFO] scanner - 📝 PAPER MODE ATIVO - Apenas registro e análise
2026-03-29 03:54:29 [WARNING] root - Bloco de componentes falhou: cannot unpack non-iterable int object
2026-03-29 03:54:29 [INFO] scanner - ✅ Validações OK [BTC/USDT]: Score=7.0, R:R=2.08
2026-03-29 03:54:29 [INFO] scanner - ⏸️  Throttle ativo [BTC/USDT]:
2026-03-29 03:54:29 [INFO] scanner -    ├─ Último alerta há 928.7 minutos
2026-03-29 03:54:29 [INFO] scanner -    ├─ Tempo mínimo: 1800 minutos
2026-03-29 03:54:29 [INFO] scanner -    └─ Próximo permitido em: 871.3 minutos
2026-03-29 04:47:22 [INFO] scanner - ============================================================
2026-03-29 04:47:22 [INFO] scanner - 🚀 SCANNER INICIADO
2026-03-29 04:47:22 [INFO] scanner - 📅 Data/Hora: 29/03/2026 04:47:22
2026-03-29 04:47:22 [INFO] scanner - 📂 Log: logs/scanner_2026-03-29.log
2026-03-29 04:47:22 [INFO] scanner - ============================================================
2026-03-29 04:47:22 [INFO] scanner - 📝 PAPER MODE ATIVO - Apenas registro e análise
2026-03-29 04:47:25 [WARNING] root - Bloco de componentes falhou: cannot unpack non-iterable int object
2026-03-29 04:47:25 [INFO] scanner - ✅ Validações OK [BTC/USDT]: Score=7.0, R:R=2.08
2026-03-29 04:47:25 [INFO] scanner - ⏸️  Throttle ativo [BTC/USDT]:
2026-03-29 04:47:25 [INFO] scanner -    ├─ Último alerta há 981.6 minutos
2026-03-29 04:47:25 [INFO] scanner -    ├─ Tempo mínimo: 1800 minutos
2026-03-29 04:47:25 [INFO] scanner -    └─ Próximo permitido em: 818.4 minutos
