2025-10-27 03:21:35 [INFO] scanner - ============================================================
2025-10-27 03:21:35 [INFO] scanner - 🚀 SCANNER INICIADO
2025-10-27 03:21:35 [INFO] scanner - 📅 Data/Hora: 27/10/2025 03:21:35
2025-10-27 03:21:35 [INFO] scanner - 📂 Log: logs/scanner_2025-10-27.log
2025-10-27 03:21:35 [INFO] scanner - ============================================================
2025-10-27 03:21:35 [INFO] scanner - 📝 PAPER MODE ATIVO - Apenas registro e análise
2025-10-27 03:21:38 [WARNING] root - Bloco de componentes falhou: cannot unpack non-iterable int object
2025-10-27 03:21:38 [INFO] scanner - ✅ Validações OK [BTC/USDT]: Score=7.8, R:R=2.08
2025-10-27 03:21:38 [INFO] scanner - ⏸️  Throttle ativo [BTC/USDT]:
2025-10-27 03:21:38 [INFO] scanner -    ├─ Último alerta há 1692.9 minutos
2025-10-27 03:21:38 [INFO] scanner -    ├─ Tempo mínimo: 1800 minutos
2025-10-27 03:21:38 [INFO] scanner -    └─ Próximo permitido em: 107.1 minutos
2025-10-27 03:21:40 [WARNING] root - Bloco de componentes falhou: cannot unpack non-iterable int object
2025-10-27 03:21:40 [INFO] scanner - ✅ Validações OK [ETH/USDT]: Score=7.8, R:R=2.00
2025-10-27 03:21:40 [INFO] scanner - ⏸️  Throttle ativo [ETH/USDT]:
2025-10-27 03:21:40 [INFO] scanner -    ├─ Último alerta há 1692.8 minutos
2025-10-27 03:21:40 [INFO] scanner -    ├─ Tempo mínimo: 1800 minutos
2025-10-27 03:21:40 [INFO] scanner -    └─ Próximo permitido em: 107.2 minutos
2025-10-27 03:52:50 [INFO] scanner - ============================================================
2025-10-27 03:52:50 [INFO] scanner - 🚀 SCANNER INICIADO
2025-10-27 03:52:50 [INFO] scanner - 📅 Data/Hora: 27/10/2025 03:52:50
2025-10-27 03:52:50 [INFO] scanner - 📂 Log: logs/scanner_2025-10-27.log
2025-10-27 03:52:50 [INFO] scanner - ============================================================
2025-10-27 03:52:50 [INFO] scanner - 📝 PAPER MODE ATIVO - Apenas registro e análise
2025-10-27 03:52:53 [WARNING] root - Bloco de componentes falhou: cannot unpack non-iterable int object
2025-10-27 03:52:53 [INFO] scanner - ✅ Validações OK [BTC/USDT]: Score=7.8, R:R=2.08
2025-10-27 03:52:53 [INFO] scanner - ⏸️  Throttle ativo [BTC/USDT]:
2025-10-27 03:52:53 [INFO] scanner -    ├─ Último alerta há 1724.1 minutos
2025-10-27 03:52:53 [INFO] scanner -    ├─ Tempo mínimo: 1800 minutos
2025-10-27 03:52:53 [INFO] scanner -    └─ Próximo permitido em: 75.9 minutos
2025-10-27 03:52:54 [WARNING] root - Bloco de componentes falhou: cannot unpack non-iterable int object
2025-10-27 03:52:54 [INFO] scanner - ✅ Validações OK [BTC/USDT]: Score=7.8, R:R=2.08
2025-10-27 03:52:54 [INFO] scanner - ⏸️  Throttle ativo [BTC/USDT]:
2025-10-27 03:52:54 [INFO] scanner -    ├─ Último alerta há 1724.1 minutos
2025-10-27 03:52:54 [INFO] scanner -    ├─ Tempo mínimo: 1800 minutos
2025-10-27 03:52:54 [INFO] scanner -    └─ Próximo permitido em: 75.9 minutos
2025-10-27 03:52:54 [WARNING] root - Bloco de componentes falhou: cannot unpack non-iterable int object
2025-10-27 03:52:54 [INFO] scanner - ✅ Validações OK [BTC/USDT]: Score=7.8, R:R=2.08
2025-10-27 03:52:54 [INFO] scanner - ⏸️  Throttle ativo [BTC/USDT]:
2025-10-27 03:52:54 [INFO] scanner -    ├─ Último alerta há 1724.1 minutos
2025-10-27 03:52:54 [INFO] scanner -    ├─ Tempo mínimo: 1800 minutos
2025-10-27 03:52:54 [INFO] scanner -    └─ Próximo permitido em: 75.9 minutos
2025-10-27 03:52:56 [WARNING] root - Bloco de componentes falhou: cannot unpack non-iterable int object
2025-10-27 03:52:56 [INFO] scanner - ✅ Validações OK [ETH/USDT]: Score=7.8, R:R=2.00
2025-10-27 03:52:56 [INFO] scanner - ⏸️  Throttle ativo [ETH/USDT]:
2025-10-27 03:52:56 [INFO] scanner -    ├─ Último alerta há 1724.1 minutos
2025-10-27 03:52:56 [INFO] scanner -    ├─ Tempo mínimo: 1800 minutos
2025-10-27 03:52:56 [INFO] scanner -    └─ Próximo permitido em: 75.9 minutos
2025-10-27 04:14:24 [INFO] scanner - ============================================================
2025-10-27 04:14:24 [INFO] scanner - 🚀 SCANNER INICIADO
2025-10-27 04:14:24 [INFO] scanner - 📅 Data/Hora: 27/10/2025 04:14:24
2025-10-27 04:14:24 [INFO] scanner - 📂 Log: logs/scanner_2025-10-27.log
2025-10-27 04:14:24 [INFO] scanner - ============================================================
2025-10-27 04:14:24 [INFO] scanner - 📝 PAPER MODE ATIVO - Apenas registro e análise
2025-10-27 04:14:27 [WARNING] root - Bloco de componentes falhou: cannot unpack non-iterable int object
2025-10-27 04:14:27 [INFO] scanner - ✅ Validações OK [BTC/USDT]: Score=7.8, R:R=2.08
2025-10-27 04:14:27 [INFO] scanner - ⏸️  Throttle ativo [BTC/USDT]:
2025-10-27 04:14:27 [INFO] scanner -    ├─ Último alerta há 1745.7 minutos
2025-10-27 04:14:27 [INFO] scanner -    ├─ Tempo mínimo: 1800 minutos
2025-10-27 04:14:27 [INFO] scanner -    └─ Próximo permitido em: 54.3 minutos
2025-10-27 04:14:30 [WARNING] root - Bloco de componentes falhou: cannot unpack non-iterable int object
2025-10-27 04:14:30 [INFO] scanner - ✅ Validações OK [ETH/USDT]: Score=7.3, R:R=2.00
2025-10-27 04:14:30 [INFO] scanner - ⏸️  Throttle ativo [ETH/USDT]:
2025-10-27 04:14:30 [INFO] scanner -    ├─ Último alerta há 1745.7 minutos
2025-10-27 04:14:30 [INFO] scanner -    ├─ Tempo mínimo: 1800 minutos
2025-10-27 04:14:30 [INFO] scanner -    └─ Próximo permitido em: 54.3 minutos
2025-10-27 04:31:06 [INFO] scanner - ============================================================
2025-10-27 04:31:06 [INFO] scanner - 🚀 SCANNER INICIADO
2025-10-27 04:31:06 [INFO] scanner - 📅 Data/Hora: 27/10/2025 04:31:06
2025-10-27 04:31:06 [INFO] scanner - 📂 Log: logs/scanner_2025-10-27.log
2025-10-27 04:31:06 [INFO] scanner - ============================================================
2025-10-27 04:31:06 [INFO] scanner - 📝 PAPER MODE ATIVO - Apenas registro e análise
2025-10-27 04:31:09 [WARNING] root - Bloco de componentes falhou: cannot unpack non-iterable int object
2025-10-27 04:31:09 [INFO] scanner - ✅ Validações OK [BTC/USDT]: Score=7.8, R:R=2.08
2025-10-27 04:31:09 [INFO] scanner - ⏸️  Throttle ativo [BTC/USDT]:
2025-10-27 04:31:09 [INFO] scanner -    ├─ Último alerta há 1762.4 minutos
2025-10-27 04:31:09 [INFO] scanner -    ├─ Tempo mínimo: 1800 minutos
2025-10-27 04:31:09 [INFO] scanner -    └─ Próximo permitido em: 37.6 minutos
2025-10-27 04:31:09 [WARNING] root - Bloco de componentes falhou: cannot unpack non-iterable int object
2025-10-27 04:31:09 [INFO] scanner - ✅ Validações OK [BTC/USDT]: Score=7.8, R:R=2.08
2025-10-27 04:31:09 [INFO] scanner - ⏸️  Throttle ativo [BTC/USDT]:
2025-10-27 04:31:09 [INFO] scanner -    ├─ Último alerta há 1762.4 minutos
2025-10-27 04:31:09 [INFO] scanner -    ├─ Tempo mínimo: 1800 minutos
2025-10-27 04:31:09 [INFO] scanner -    └─ Próximo permitido em: 37.6 minutos
2025-10-27 04:31:11 [WARNING] root - Bloco de componentes falhou: cannot unpack non-iterable int object
2025-10-27 04:31:11 [INFO] scanner - ✅ Validações OK [ETH/USDT]: Score=7.3, R:R=2.00
2025-10-27 04:31:11 [INFO] scanner - ⏸️  Throttle ativo [ETH/USDT]:
2025-10-27 04:31:11 [INFO] scanner -    ├─ Último alerta há 1762.4 minutos
2025-10-27 04:31:11 [INFO] scanner -    ├─ Tempo mínimo: 1800 minutos
2025-10-27 04:31:11 [INFO] scanner -    └─ Próximo permitido em: 37.6 minutos
2025-10-27 04:31:11 [WARNING] root - Bloco de componentes falhou: cannot unpack non-iterable int object
2025-10-27 04:31:11 [INFO] scanner - ✅ Validações OK [ETH/USDT]: Score=7.3, R:R=2.00
2025-10-27 04:31:11 [INFO] scanner - ⏸️  Throttle ativo [ETH/USDT]:
2025-10-27 04:31:11 [INFO] scanner -    ├─ Último alerta há 1762.4 minutos
2025-10-27 04:31:11 [INFO] scanner -    ├─ Tempo mínimo: 1800 minutos
2025-10-27 04:31:11 [INFO] scanner -    └─ Próximo permitido em: 37.6 minutos
2025-10-27 04:47:50 [INFO] scanner - ============================================================
2025-10-27 04:47:50 [INFO] scanner - 🚀 SCANNER INICIADO
2025-10-27 04:47:50 [INFO] scanner - 📅 Data/Hora: 27/10/2025 04:47:50
2025-10-27 04:47:50 [INFO] scanner - 📂 Log: logs/scanner_2025-10-27.log
2025-10-27 04:47:50 [INFO] scanner - ============================================================
2025-10-27 04:47:50 [INFO] scanner - 📝 PAPER MODE ATIVO - Apenas registro e análise
2025-10-27 04:47:53 [WARNING] root - Bloco de componentes falhou: cannot unpack non-iterable int object
2025-10-27 04:47:53 [INFO] scanner - ✅ Validações OK [BTC/USDT]: Score=7.8, R:R=2.08
2025-10-27 04:47:53 [INFO] scanner - ⏸️  Throttle ativo [BTC/USDT]:
2025-10-27 04:47:53 [INFO] scanner -    ├─ Último alerta há 1779.1 minutos
2025-10-27 04:47:53 [INFO] scanner -    ├─ Tempo mínimo: 1800 minutos
2025-10-27 04:47:53 [INFO] scanner -    └─ Próximo permitido em: 20.9 minutos
2025-10-27 04:47:54 [WARNING] root - Bloco de componentes falhou: cannot unpack non-iterable int object
2025-10-27 04:47:54 [INFO] scanner - ✅ Validações OK [BTC/USDT]: Score=7.8, R:R=2.08
2025-10-27 04:47:54 [INFO] scanner - ⏸️  Throttle ativo [BTC/USDT]:
2025-10-27 04:47:54 [INFO] scanner -    ├─ Último alerta há 1779.1 minutos
2025-10-27 04:47:54 [INFO] scanner -    ├─ Tempo mínimo: 1800 minutos
2025-10-27 04:47:54 [INFO] scanner -    └─ Próximo permitido em: 20.9 minutos
2025-10-27 04:47:56 [WARNING] root - Bloco de componentes falhou: cannot unpack non-iterable int object
2025-10-27 04:47:56 [INFO] scanner - ✅ Validações OK [ETH/USDT]: Score=7.3, R:R=2.00
2025-10-27 04:47:56 [INFO] scanner - ⏸️  Throttle ativo [ETH/USDT]:
2025-10-27 04:47:56 [INFO] scanner -    ├─ Último alerta há 1779.1 minutos
2025-10-27 04:47:56 [INFO] scanner -    ├─ Tempo mínimo: 1800 minutos
2025-10-27 04:47:56 [INFO] scanner -    └─ Próximo permitido em: 20.9 minutos
2025-10-27 04:47:56 [WARNING] root - Bloco de componentes falhou: cannot unpack non-iterable int object
2025-10-27 04:47:56 [INFO] scanner - ✅ Validações OK [ETH/USDT]: Score=7.3, R:R=2.00
2025-10-27 04:47:56 [INFO] scanner - ⏸️  Throttle ativo [ETH/USDT]:
2025-10-27 04:47:56 [INFO] scanner -    ├─ Último alerta há 1779.1 minutos
2025-10-27 04:47:56 [INFO] scanner -    ├─ Tempo mínimo: 1800 minutos
2025-10-27 04:47:56 [INFO] scanner -    └─ Próximo permitido em: 20.9 minutos
2025-10-27 05:18:37 [INFO] scanner - ============================================================
2025-10-27 05:18:37 [INFO] scanner - 🚀 SCANNER INICIADO
2025-10-27 05:18:37 [INFO] scanner - 📅 Data/Hora: 27/10/2025 05:18:37
2025-10-27 05:18:37 [INFO] scanner - 📂 Log: logs/scanner_2025-10-27.log
2025-10-27 05:18:37 [INFO] scanner - ============================================================
2025-10-27 05:18:37 [INFO] scanner - 📝 PAPER MODE ATIVO - Apenas registro e análise
2025-10-27 05:18:40 [WARNING] root - Bloco de componentes falhou: cannot unpack non-iterable int object
2025-10-27 05:18:40 [INFO] scanner - ✅ Validações OK [BTC/USDT]: Score=7.8, R:R=2.08
2025-10-27 05:18:40 [INFO] scanner - ✅ Throttle OK [BTC/USDT]: Pode enviar
2025-10-27 05:18:41 [WARNING] root - Bloco de componentes falhou: cannot unpack non-iterable int object
2025-10-27 05:18:41 [INFO] scanner - ✅ Validações OK [BTC/USDT]: Score=7.3, R:R=2.08
2025-10-27 05:18:41 [INFO] scanner - ⏸️  Throttle ativo [BTC/USDT]:
2025-10-27 05:18:41 [INFO] scanner -    ├─ Último alerta há 0.0 minutos
2025-10-27 05:18:41 [INFO] scanner -    ├─ Tempo mínimo: 1800 minutos
2025-10-27 05:18:41 [INFO] scanner -    └─ Próximo permitido em: 1800.0 minutos
2025-10-27 05:18:44 [WARNING] root - Bloco de componentes falhou: cannot unpack non-iterable int object
2025-10-27 05:18:44 [INFO] scanner - ✅ Validações OK [ETH/USDT]: Score=7.8, R:R=2.00
2025-10-27 05:18:44 [INFO] scanner - ✅ Throttle OK [ETH/USDT]: Pode enviar
2025-10-27 05:46:40 [INFO] scanner - ============================================================
2025-10-27 05:46:40 [INFO] scanner - 🚀 SCANNER INICIADO
2025-10-27 05:46:40 [INFO] scanner - 📅 Data/Hora: 27/10/2025 05:46:40
2025-10-27 05:46:40 [INFO] scanner - 📂 Log: logs/scanner_2025-10-27.log
2025-10-27 05:46:40 [INFO] scanner - ============================================================
2025-10-27 05:46:40 [INFO] scanner - 📝 PAPER MODE ATIVO - Apenas registro e análise
2025-10-27 05:46:43 [WARNING] root - Bloco de componentes falhou: cannot unpack non-iterable int object
2025-10-27 05:46:43 [INFO] scanner - ✅ Validações OK [BTC/USDT]: Score=8.3, R:R=2.08
2025-10-27 05:46:43 [INFO] scanner - ⏸️  Throttle ativo [BTC/USDT]:
2025-10-27 05:46:43 [INFO] scanner -    ├─ Último alerta há 28.0 minutos
2025-10-27 05:46:43 [INFO] scanner -    ├─ Tempo mínimo: 1800 minutos
2025-10-27 05:46:43 [INFO] scanner -    └─ Próximo permitido em: 1772.0 minutos
2025-10-27 05:46:43 [WARNING] root - Bloco de componentes falhou: cannot unpack non-iterable int object
2025-10-27 05:46:43 [INFO] scanner - ✅ Validações OK [BTC/USDT]: Score=7.8, R:R=2.08
2025-10-27 05:46:43 [INFO] scanner - ⏸️  Throttle ativo [BTC/USDT]:
2025-10-27 05:46:43 [INFO] scanner -    ├─ Último alerta há 28.1 minutos
2025-10-27 05:46:43 [INFO] scanner -    ├─ Tempo mínimo: 1800 minutos
2025-10-27 05:46:43 [INFO] scanner -    └─ Próximo permitido em: 1771.9 minutos
2025-10-27 05:46:44 [WARNING] root - Bloco de componentes falhou: cannot unpack non-iterable int object
2025-10-27 05:46:44 [INFO] scanner - ✅ Validações OK [BTC/USDT]: Score=7.8, R:R=2.08
2025-10-27 05:46:44 [INFO] scanner - ⏸️  Throttle ativo [BTC/USDT]:
2025-10-27 05:46:44 [INFO] scanner -    ├─ Último alerta há 28.1 minutos
2025-10-27 05:46:44 [INFO] scanner -    ├─ Tempo mínimo: 1800 minutos
2025-10-27 05:46:44 [INFO] scanner -    └─ Próximo permitido em: 1771.9 minutos
2025-10-27 05:46:46 [WARNING] root - Bloco de componentes falhou: cannot unpack non-iterable int object
2025-10-27 05:46:46 [INFO] scanner - ✅ Validações OK [ETH/USDT]: Score=7.8, R:R=2.00
2025-10-27 05:46:46 [INFO] scanner - ⏸️  Throttle ativo [ETH/USDT]:
2025-10-27 05:46:46 [INFO] scanner -    ├─ Último alerta há 28.0 minutos
2025-10-27 05:46:46 [INFO] scanner -    ├─ Tempo mínimo: 1800 minutos
2025-10-27 05:46:46 [INFO] scanner -    └─ Próximo permitido em: 1772.0 minutos
2025-10-27 05:46:46 [WARNING] root - Bloco de componentes falhou: cannot unpack non-iterable int object
2025-10-27 05:46:46 [INFO] scanner - ✅ Validações OK [ETH/USDT]: Score=7.8, R:R=2.00
2025-10-27 05:46:46 [INFO] scanner - ⏸️  Throttle ativo [ETH/USDT]:
2025-10-27 05:46:46 [INFO] scanner -    ├─ Último alerta há 28.0 minutos
2025-10-27 05:46:46 [INFO] scanner -    ├─ Tempo mínimo: 1800 minutos
2025-10-27 05:46:46 [INFO] scanner -    └─ Próximo permitido em: 1772.0 minutos
2025-10-27 06:16:49 [INFO] scanner - ============================================================
2025-10-27 06:16:49 [INFO] scanner - 🚀 SCANNER INICIADO
2025-10-27 06:16:49 [INFO] scanner - 📅 Data/Hora: 27/10/2025 06:16:49
2025-10-27 06:16:49 [INFO] scanner - 📂 Log: logs/scanner_2025-10-27.log
2025-10-27 06:16:49 [INFO] scanner - ============================================================
2025-10-27 06:16:49 [INFO] scanner - 📝 PAPER MODE ATIVO - Apenas registro e análise
2025-10-27 06:16:52 [WARNING] root - Bloco de componentes falhou: cannot unpack non-iterable int object
2025-10-27 06:16:52 [INFO] scanner - ✅ Validações OK [BTC/USDT]: Score=8.3, R:R=2.08
2025-10-27 06:16:52 [INFO] scanner - ⏸️  Throttle ativo [BTC/USDT]:
2025-10-27 06:16:52 [INFO] scanner -    ├─ Último alerta há 58.2 minutos
2025-10-27 06:16:52 [INFO] scanner -    ├─ Tempo mínimo: 1800 minutos
2025-10-27 06:16:52 [INFO] scanner -    └─ Próximo permitido em: 1741.8 minutos
2025-10-27 06:16:53 [WARNING] root - Bloco de componentes falhou: cannot unpack non-iterable int object
2025-10-27 06:16:53 [INFO] scanner - ✅ Validações OK [BTC/USDT]: Score=7.8, R:R=2.08
2025-10-27 06:16:53 [INFO] scanner - ⏸️  Throttle ativo [BTC/USDT]:
2025-10-27 06:16:53 [INFO] scanner -    ├─ Último alerta há 58.2 minutos
2025-10-27 06:16:53 [INFO] scanner -    ├─ Tempo mínimo: 1800 minutos
2025-10-27 06:16:53 [INFO] scanner -    └─ Próximo permitido em: 1741.8 minutos
2025-10-27 06:16:55 [WARNING] root - Bloco de componentes falhou: cannot unpack non-iterable int object
2025-10-27 06:16:55 [INFO] scanner - ✅ Validações OK [ETH/USDT]: Score=7.8, R:R=2.00
2025-10-27 06:16:55 [INFO] scanner - ⏸️  Throttle ativo [ETH/USDT]:
2025-10-27 06:16:55 [INFO] scanner -    ├─ Último alerta há 58.2 minutos
2025-10-27 06:16:55 [INFO] scanner -    ├─ Tempo mínimo: 1800 minutos
2025-10-27 06:16:55 [INFO] scanner -    └─ Próximo permitido em: 1741.8 minutos
2025-10-27 06:42:16 [INFO] scanner - ============================================================
2025-10-27 06:42:16 [INFO] scanner - 🚀 SCANNER INICIADO
2025-10-27 06:42:16 [INFO] scanner - 📅 Data/Hora: 27/10/2025 06:42:16
2025-10-27 06:42:16 [INFO] scanner - 📂 Log: logs/scanner_2025-10-27.log
2025-10-27 06:42:16 [INFO] scanner - ============================================================
2025-10-27 06:42:16 [INFO] scanner - 📝 PAPER MODE ATIVO - Apenas registro e análise
2025-10-27 06:42:20 [WARNING] root - Bloco de componentes falhou: cannot unpack non-iterable int object
2025-10-27 06:42:20 [INFO] scanner - ✅ Validações OK [BTC/USDT]: Score=8.3, R:R=2.08
2025-10-27 06:42:20 [INFO] scanner - ⏸️  Throttle ativo [BTC/USDT]:
2025-10-27 06:42:20 [INFO] scanner -    ├─ Último alerta há 83.7 minutos
2025-10-27 06:42:20 [INFO] scanner -    ├─ Tempo mínimo: 1800 minutos
2025-10-27 06:42:20 [INFO] scanner -    └─ Próximo permitido em: 1716.3 minutos
2025-10-27 06:42:20 [WARNING] root - Bloco de componentes falhou: cannot unpack non-iterable int object
2025-10-27 06:42:20 [INFO] scanner - ✅ Validações OK [BTC/USDT]: Score=7.8, R:R=2.08
2025-10-27 06:42:20 [INFO] scanner - ⏸️  Throttle ativo [BTC/USDT]:
2025-10-27 06:42:20 [INFO] scanner -    ├─ Último alerta há 83.7 minutos
2025-10-27 06:42:20 [INFO] scanner -    ├─ Tempo mínimo: 1800 minutos
2025-10-27 06:42:20 [INFO] scanner -    └─ Próximo permitido em: 1716.3 minutos
2025-10-27 06:42:22 [WARNING] root - Bloco de componentes falhou: cannot unpack non-iterable int object
2025-10-27 06:42:22 [INFO] scanner - ✅ Validações OK [ETH/USDT]: Score=7.8, R:R=2.00
2025-10-27 06:42:22 [INFO] scanner - ⏸️  Throttle ativo [ETH/USDT]:
2025-10-27 06:42:22 [INFO] scanner -    ├─ Último alerta há 83.6 minutos
2025-10-27 06:42:22 [INFO] scanner -    ├─ Tempo mínimo: 1800 minutos
2025-10-27 06:42:22 [INFO] scanner -    └─ Próximo permitido em: 1716.4 minutos
2025-10-27 06:51:30 [INFO] scanner - ============================================================
2025-10-27 06:51:30 [INFO] scanner - 🚀 SCANNER INICIADO
2025-10-27 06:51:30 [INFO] scanner - 📅 Data/Hora: 27/10/2025 06:51:30
2025-10-27 06:51:30 [INFO] scanner - 📂 Log: logs/scanner_2025-10-27.log
2025-10-27 06:51:30 [INFO] scanner - ============================================================
2025-10-27 06:51:30 [INFO] scanner - 📝 PAPER MODE ATIVO - Apenas registro e análise
2025-10-27 06:51:33 [WARNING] root - Bloco de componentes falhou: cannot unpack non-iterable int object
2025-10-27 06:51:33 [INFO] scanner - ✅ Validações OK [BTC/USDT]: Score=8.3, R:R=2.08
2025-10-27 06:51:33 [INFO] scanner - ⏸️  Throttle ativo [BTC/USDT]:
2025-10-27 06:51:33 [INFO] scanner -    ├─ Último alerta há 92.9 minutos
2025-10-27 06:51:33 [INFO] scanner -    ├─ Tempo mínimo: 1800 minutos
2025-10-27 06:51:33 [INFO] scanner -    └─ Próximo permitido em: 1707.1 minutos
2025-10-27 06:51:33 [WARNING] root - Bloco de componentes falhou: cannot unpack non-iterable int object
2025-10-27 06:51:33 [INFO] scanner - ✅ Validações OK [BTC/USDT]: Score=7.8, R:R=2.08
2025-10-27 06:51:33 [INFO] scanner - ⏸️  Throttle ativo [BTC/USDT]:
2025-10-27 06:51:33 [INFO] scanner -    ├─ Último alerta há 92.9 minutos
2025-10-27 06:51:33 [INFO] scanner -    ├─ Tempo mínimo: 1800 minutos
2025-10-27 06:51:33 [INFO] scanner -    └─ Próximo permitido em: 1707.1 minutos
2025-10-27 06:51:36 [WARNING] root - Bloco de componentes falhou: cannot unpack non-iterable int object
2025-10-27 06:51:36 [INFO] scanner - ✅ Validações OK [ETH/USDT]: Score=7.8, R:R=2.00
2025-10-27 06:51:36 [INFO] scanner - ⏸️  Throttle ativo [ETH/USDT]:
2025-10-27 06:51:36 [INFO] scanner -    ├─ Último alerta há 92.9 minutos
2025-10-27 06:51:36 [INFO] scanner -    ├─ Tempo mínimo: 1800 minutos
2025-10-27 06:51:36 [INFO] scanner -    └─ Próximo permitido em: 1707.1 minutos
2025-10-27 07:16:05 [INFO] scanner - ============================================================
2025-10-27 07:16:05 [INFO] scanner - 🚀 SCANNER INICIADO
2025-10-27 07:16:05 [INFO] scanner - 📅 Data/Hora: 27/10/2025 07:16:05
2025-10-27 07:16:05 [INFO] scanner - 📂 Log: logs/scanner_2025-10-27.log
2025-10-27 07:16:05 [INFO] scanner - ============================================================
2025-10-27 07:16:05 [INFO] scanner - 📝 PAPER MODE ATIVO - Apenas registro e análise
2025-10-27 07:16:08 [WARNING] root - Bloco de componentes falhou: cannot unpack non-iterable int object
2025-10-27 07:16:08 [INFO] scanner - ✅ Validações OK [BTC/USDT]: Score=8.3, R:R=2.08
2025-10-27 07:16:08 [INFO] scanner - ⏸️  Throttle ativo [BTC/USDT]:
2025-10-27 07:16:08 [INFO] scanner -    ├─ Último alerta há 117.5 minutos
2025-10-27 07:16:08 [INFO] scanner -    ├─ Tempo mínimo: 1800 minutos
2025-10-27 07:16:08 [INFO] scanner -    └─ Próximo permitido em: 1682.5 minutos
2025-10-27 07:16:09 [WARNING] root - Bloco de componentes falhou: cannot unpack non-iterable int object
2025-10-27 07:16:09 [INFO] scanner - ✅ Validações OK [BTC/USDT]: Score=7.8, R:R=2.08
2025-10-27 07:16:09 [INFO] scanner - ⏸️  Throttle ativo [BTC/USDT]:
2025-10-27 07:16:09 [INFO] scanner -    ├─ Último alerta há 117.5 minutos
2025-10-27 07:16:09 [INFO] scanner -    ├─ Tempo mínimo: 1800 minutos
2025-10-27 07:16:09 [INFO] scanner -    └─ Próximo permitido em: 1682.5 minutos
2025-10-27 07:16:11 [WARNING] root - Bloco de componentes falhou: cannot unpack non-iterable int object
2025-10-27 07:16:11 [INFO] scanner - ✅ Validações OK [ETH/USDT]: Score=7.8, R:R=2.00
2025-10-27 07:16:11 [INFO] scanner - ⏸️  Throttle ativo [ETH/USDT]:
2025-10-27 07:16:11 [INFO] scanner -    ├─ Último alerta há 117.5 minutos
2025-10-27 07:16:11 [INFO] scanner -    ├─ Tempo mínimo: 1800 minutos
2025-10-27 07:16:11 [INFO] scanner -    └─ Próximo permitido em: 1682.5 minutos
2025-10-27 07:44:16 [INFO] scanner - ============================================================
2025-10-27 07:44:16 [INFO] scanner - 🚀 SCANNER INICIADO
2025-10-27 07:44:16 [INFO] scanner - 📅 Data/Hora: 27/10/2025 07:44:16
2025-10-27 07:44:16 [INFO] scanner - 📂 Log: logs/scanner_2025-10-27.log
2025-10-27 07:44:16 [INFO] scanner - ============================================================
2025-10-27 07:44:16 [INFO] scanner - 📝 PAPER MODE ATIVO - Apenas registro e análise
2025-10-27 07:44:19 [WARNING] root - Bloco de componentes falhou: cannot unpack non-iterable int object
2025-10-27 07:44:19 [INFO] scanner - ✅ Validações OK [BTC/USDT]: Score=8.3, R:R=2.08
2025-10-27 07:44:19 [INFO] scanner - ⏸️  Throttle ativo [BTC/USDT]:
2025-10-27 07:44:19 [INFO] scanner -    ├─ Último alerta há 145.6 minutos
2025-10-27 07:44:19 [INFO] scanner -    ├─ Tempo mínimo: 1800 minutos
2025-10-27 07:44:19 [INFO] scanner -    └─ Próximo permitido em: 1654.4 minutos
2025-10-27 07:44:19 [WARNING] root - Bloco de componentes falhou: cannot unpack non-iterable int object
2025-10-27 07:44:19 [INFO] scanner - ✅ Validações OK [BTC/USDT]: Score=7.8, R:R=2.08
2025-10-27 07:44:19 [INFO] scanner - ⏸️  Throttle ativo [BTC/USDT]:
2025-10-27 07:44:19 [INFO] scanner -    ├─ Último alerta há 145.6 minutos
2025-10-27 07:44:19 [INFO] scanner -    ├─ Tempo mínimo: 1800 minutos
2025-10-27 07:44:19 [INFO] scanner -    └─ Próximo permitido em: 1654.4 minutos
2025-10-27 07:44:21 [WARNING] root - Bloco de componentes falhou: cannot unpack non-iterable int object
2025-10-27 07:44:21 [INFO] scanner - ✅ Validações OK [ETH/USDT]: Score=7.8, R:R=2.00
2025-10-27 07:44:21 [INFO] scanner - ⏸️  Throttle ativo [ETH/USDT]:
2025-10-27 07:44:21 [INFO] scanner -    ├─ Último alerta há 145.6 minutos
2025-10-27 07:44:21 [INFO] scanner -    ├─ Tempo mínimo: 1800 minutos
2025-10-27 07:44:21 [INFO] scanner -    └─ Próximo permitido em: 1654.4 minutos
2025-10-27 07:53:20 [INFO] scanner - ============================================================
2025-10-27 07:53:20 [INFO] scanner - 🚀 SCANNER INICIADO
2025-10-27 07:53:20 [INFO] scanner - 📅 Data/Hora: 27/10/2025 07:53:20
2025-10-27 07:53:20 [INFO] scanner - 📂 Log: logs/scanner_2025-10-27.log
2025-10-27 07:53:20 [INFO] scanner - ============================================================
2025-10-27 07:53:20 [INFO] scanner - 📝 PAPER MODE ATIVO - Apenas registro e análise
2025-10-27 07:53:23 [WARNING] root - Bloco de componentes falhou: cannot unpack non-iterable int object
2025-10-27 07:53:23 [INFO] scanner - ✅ Validações OK [BTC/USDT]: Score=8.3, R:R=2.08
2025-10-27 07:53:23 [INFO] scanner - ⏸️  Throttle ativo [BTC/USDT]:
2025-10-27 07:53:23 [INFO] scanner -    ├─ Último alerta há 154.7 minutos
2025-10-27 07:53:23 [INFO] scanner -    ├─ Tempo mínimo: 1800 minutos
2025-10-27 07:53:23 [INFO] scanner -    └─ Próximo permitido em: 1645.3 minutos
2025-10-27 07:53:23 [WARNING] root - Bloco de componentes falhou: cannot unpack non-iterable int object
2025-10-27 07:53:23 [INFO] scanner - ✅ Validações OK [BTC/USDT]: Score=7.8, R:R=2.08
2025-10-27 07:53:23 [INFO] scanner - ⏸️  Throttle ativo [BTC/USDT]:
2025-10-27 07:53:23 [INFO] scanner -    ├─ Último alerta há 154.7 minutos
2025-10-27 07:53:23 [INFO] scanner -    ├─ Tempo mínimo: 1800 minutos
2025-10-27 07:53:23 [INFO] scanner -    └─ Próximo permitido em: 1645.3 minutos
2025-10-27 07:53:26 [WARNING] root - Bloco de componentes falhou: cannot unpack non-iterable int object
2025-10-27 07:53:26 [INFO] scanner - ✅ Validações OK [ETH/USDT]: Score=7.8, R:R=2.00
2025-10-27 07:53:26 [INFO] scanner - ⏸️  Throttle ativo [ETH/USDT]:
2025-10-27 07:53:26 [INFO] scanner -    ├─ Último alerta há 154.7 minutos
2025-10-27 07:53:26 [INFO] scanner -    ├─ Tempo mínimo: 1800 minutos
2025-10-27 07:53:26 [INFO] scanner -    └─ Próximo permitido em: 1645.3 minutos
2025-10-27 08:11:39 [INFO] scanner - ============================================================
2025-10-27 08:11:39 [INFO] scanner - 🚀 SCANNER INICIADO
2025-10-27 08:11:39 [INFO] scanner - 📅 Data/Hora: 27/10/2025 08:11:39
2025-10-27 08:11:39 [INFO] scanner - 📂 Log: logs/scanner_2025-10-27.log
2025-10-27 08:11:39 [INFO] scanner - ============================================================
2025-10-27 08:11:39 [INFO] scanner - 📝 PAPER MODE ATIVO - Apenas registro e análise
2025-10-27 08:11:42 [WARNING] root - Bloco de componentes falhou: cannot unpack non-iterable int object
2025-10-27 08:11:42 [INFO] scanner - ✅ Validações OK [BTC/USDT]: Score=7.3, R:R=2.08
2025-10-27 08:11:42 [INFO] scanner - ⏸️  Throttle ativo [BTC/USDT]:
2025-10-27 08:11:42 [INFO] scanner -    ├─ Último alerta há 173.0 minutos
2025-10-27 08:11:42 [INFO] scanner -    ├─ Tempo mínimo: 1800 minutos
2025-10-27 08:11:42 [INFO] scanner -    └─ Próximo permitido em: 1627.0 minutos
2025-10-27 08:11:44 [WARNING] root - Bloco de componentes falhou: cannot unpack non-iterable int object
2025-10-27 08:11:44 [INFO] scanner - ✅ Validações OK [ETH/USDT]: Score=7.8, R:R=2.00
2025-10-27 08:11:44 [INFO] scanner - ⏸️  Throttle ativo [ETH/USDT]:
2025-10-27 08:11:44 [INFO] scanner -    ├─ Último alerta há 173.0 minutos
2025-10-27 08:11:44 [INFO] scanner -    ├─ Tempo mínimo: 1800 minutos
2025-10-27 08:11:44 [INFO] scanner -    └─ Próximo permitido em: 1627.0 minutos
2025-10-27 08:27:26 [INFO] scanner - ============================================================
2025-10-27 08:27:26 [INFO] scanner - 🚀 SCANNER INICIADO
2025-10-27 08:27:26 [INFO] scanner - 📅 Data/Hora: 27/10/2025 08:27:26
2025-10-27 08:27:26 [INFO] scanner - 📂 Log: logs/scanner_2025-10-27.log
2025-10-27 08:27:26 [INFO] scanner - ============================================================
2025-10-27 08:27:26 [INFO] scanner - 📝 PAPER MODE ATIVO - Apenas registro e análise
2025-10-27 08:27:30 [WARNING] root - Bloco de componentes falhou: cannot unpack non-iterable int object
2025-10-27 08:27:30 [INFO] scanner - ✅ Validações OK [BTC/USDT]: Score=7.3, R:R=2.08
2025-10-27 08:27:30 [INFO] scanner - ⏸️  Throttle ativo [BTC/USDT]:
2025-10-27 08:27:30 [INFO] scanner -    ├─ Último alerta há 188.8 minutos
2025-10-27 08:27:30 [INFO] scanner -    ├─ Tempo mínimo: 1800 minutos
2025-10-27 08:27:30 [INFO] scanner -    └─ Próximo permitido em: 1611.2 minutos
2025-10-27 08:27:32 [WARNING] root - Bloco de componentes falhou: cannot unpack non-iterable int object
2025-10-27 08:27:32 [INFO] scanner - ✅ Validações OK [ETH/USDT]: Score=7.8, R:R=2.00
2025-10-27 08:27:32 [INFO] scanner - ⏸️  Throttle ativo [ETH/USDT]:
2025-10-27 08:27:32 [INFO] scanner -    ├─ Último alerta há 188.8 minutos
2025-10-27 08:27:32 [INFO] scanner -    ├─ Tempo mínimo: 1800 minutos
2025-10-27 08:27:32 [INFO] scanner -    └─ Próximo permitido em: 1611.2 minutos
2025-10-27 08:37:57 [INFO] scanner - ============================================================
2025-10-27 08:37:57 [INFO] scanner - 🚀 SCANNER INICIADO
2025-10-27 08:37:57 [INFO] scanner - 📅 Data/Hora: 27/10/2025 08:37:57
2025-10-27 08:37:57 [INFO] scanner - 📂 Log: logs/scanner_2025-10-27.log
2025-10-27 08:37:57 [INFO] scanner - ============================================================
2025-10-27 08:37:57 [INFO] scanner - 📝 PAPER MODE ATIVO - Apenas registro e análise
2025-10-27 08:38:01 [WARNING] root - Bloco de componentes falhou: cannot unpack non-iterable int object
2025-10-27 08:38:01 [INFO] scanner - ✅ Validações OK [BTC/USDT]: Score=7.3, R:R=2.08
2025-10-27 08:38:01 [INFO] scanner - ⏸️  Throttle ativo [BTC/USDT]:
2025-10-27 08:38:01 [INFO] scanner -    ├─ Último alerta há 199.3 minutos
2025-10-27 08:38:01 [INFO] scanner -    ├─ Tempo mínimo: 1800 minutos
2025-10-27 08:38:01 [INFO] scanner -    └─ Próximo permitido em: 1600.7 minutos
2025-10-27 08:38:03 [WARNING] root - Bloco de componentes falhou: cannot unpack non-iterable int object
2025-10-27 08:38:03 [INFO] scanner - ✅ Validações OK [ETH/USDT]: Score=7.8, R:R=2.00
2025-10-27 08:38:03 [INFO] scanner - ⏸️  Throttle ativo [ETH/USDT]:
2025-10-27 08:38:03 [INFO] scanner -    ├─ Último alerta há 199.3 minutos
2025-10-27 08:38:03 [INFO] scanner -    ├─ Tempo mínimo: 1800 minutos
2025-10-27 08:38:03 [INFO] scanner -    └─ Próximo permitido em: 1600.7 minutos
2025-10-27 08:48:36 [INFO] scanner - ============================================================
2025-10-27 08:48:36 [INFO] scanner - 🚀 SCANNER INICIADO
2025-10-27 08:48:36 [INFO] scanner - 📅 Data/Hora: 27/10/2025 08:48:36
2025-10-27 08:48:36 [INFO] scanner - 📂 Log: logs/scanner_2025-10-27.log
2025-10-27 08:48:36 [INFO] scanner - ============================================================
2025-10-27 08:48:36 [INFO] scanner - 📝 PAPER MODE ATIVO - Apenas registro e análise
2025-10-27 08:48:39 [WARNING] root - Bloco de componentes falhou: cannot unpack non-iterable int object
2025-10-27 08:48:39 [INFO] scanner - ✅ Validações OK [BTC/USDT]: Score=7.3, R:R=2.08
2025-10-27 08:48:39 [INFO] scanner - ⏸️  Throttle ativo [BTC/USDT]:
2025-10-27 08:48:39 [INFO] scanner -    ├─ Último alerta há 210.0 minutos
2025-10-27 08:48:39 [INFO] scanner -    ├─ Tempo mínimo: 1800 minutos
2025-10-27 08:48:39 [INFO] scanner -    └─ Próximo permitido em: 1590.0 minutos
2025-10-27 08:48:42 [WARNING] root - Bloco de componentes falhou: cannot unpack non-iterable int object
2025-10-27 08:48:42 [INFO] scanner - ✅ Validações OK [ETH/USDT]: Score=7.8, R:R=2.00
2025-10-27 08:48:42 [INFO] scanner - ⏸️  Throttle ativo [ETH/USDT]:
2025-10-27 08:48:42 [INFO] scanner -    ├─ Último alerta há 210.0 minutos
2025-10-27 08:48:42 [INFO] scanner -    ├─ Tempo mínimo: 1800 minutos
2025-10-27 08:48:42 [INFO] scanner -    └─ Próximo permitido em: 1590.0 minutos
2025-10-27 09:26:15 [INFO] scanner - ============================================================
2025-10-27 09:26:15 [INFO] scanner - 🚀 SCANNER INICIADO
2025-10-27 09:26:15 [INFO] scanner - 📅 Data/Hora: 27/10/2025 09:26:15
2025-10-27 09:26:15 [INFO] scanner - 📂 Log: logs/scanner_2025-10-27.log
2025-10-27 09:26:15 [INFO] scanner - ============================================================
2025-10-27 09:26:15 [INFO] scanner - 📝 PAPER MODE ATIVO - Apenas registro e análise
2025-10-27 09:26:18 [WARNING] root - Bloco de componentes falhou: cannot unpack non-iterable int object
2025-10-27 09:26:18 [INFO] scanner - ✅ Validações OK [BTC/USDT]: Score=7.3, R:R=2.08
2025-10-27 09:26:18 [INFO] scanner - ⏸️  Throttle ativo [BTC/USDT]:
2025-10-27 09:26:18 [INFO] scanner -    ├─ Último alerta há 247.6 minutos
2025-10-27 09:26:18 [INFO] scanner -    ├─ Tempo mínimo: 1800 minutos
2025-10-27 09:26:18 [INFO] scanner -    └─ Próximo permitido em: 1552.4 minutos
2025-10-27 09:26:20 [WARNING] root - Bloco de componentes falhou: cannot unpack non-iterable int object
2025-10-27 09:26:20 [INFO] scanner - ✅ Validações OK [ETH/USDT]: Score=7.3, R:R=2.00
2025-10-27 09:26:20 [INFO] scanner - ⏸️  Throttle ativo [ETH/USDT]:
2025-10-27 09:26:20 [INFO] scanner -    ├─ Último alerta há 247.6 minutos
2025-10-27 09:26:20 [INFO] scanner -    ├─ Tempo mínimo: 1800 minutos
2025-10-27 09:26:20 [INFO] scanner -    └─ Próximo permitido em: 1552.4 minutos
2025-10-27 10:07:05 [INFO] scanner - ============================================================
2025-10-27 10:07:05 [INFO] scanner - 🚀 SCANNER INICIADO
2025-10-27 10:07:05 [INFO] scanner - 📅 Data/Hora: 27/10/2025 10:07:05
2025-10-27 10:07:05 [INFO] scanner - 📂 Log: logs/scanner_2025-10-27.log
2025-10-27 10:07:05 [INFO] scanner - ============================================================
2025-10-27 10:07:05 [INFO] scanner - 📝 PAPER MODE ATIVO - Apenas registro e análise
2025-10-27 10:07:08 [WARNING] root - Bloco de componentes falhou: cannot unpack non-iterable int object
2025-10-27 10:07:08 [INFO] scanner - ✅ Validações OK [BTC/USDT]: Score=7.3, R:R=2.08
2025-10-27 10:07:08 [INFO] scanner - ⏸️  Throttle ativo [BTC/USDT]:
2025-10-27 10:07:08 [INFO] scanner -    ├─ Último alerta há 288.5 minutos
2025-10-27 10:07:08 [INFO] scanner -    ├─ Tempo mínimo: 1800 minutos
2025-10-27 10:07:08 [INFO] scanner -    └─ Próximo permitido em: 1511.5 minutos
2025-10-27 10:07:10 [WARNING] root - Bloco de componentes falhou: cannot unpack non-iterable int object
2025-10-27 10:07:10 [INFO] scanner - ✅ Validações OK [ETH/USDT]: Score=7.3, R:R=2.00
2025-10-27 10:07:10 [INFO] scanner - ⏸️  Throttle ativo [ETH/USDT]:
2025-10-27 10:07:10 [INFO] scanner -    ├─ Último alerta há 288.4 minutos
2025-10-27 10:07:10 [INFO] scanner -    ├─ Tempo mínimo: 1800 minutos
2025-10-27 10:07:10 [INFO] scanner -    └─ Próximo permitido em: 1511.6 minutos
2025-10-27 10:43:07 [INFO] scanner - ============================================================
2025-10-27 10:43:07 [INFO] scanner - 🚀 SCANNER INICIADO
2025-10-27 10:43:07 [INFO] scanner - 📅 Data/Hora: 27/10/2025 10:43:07
2025-10-27 10:43:07 [INFO] scanner - 📂 Log: logs/scanner_2025-10-27.log
2025-10-27 10:43:07 [INFO] scanner - ============================================================
2025-10-27 10:43:07 [INFO] scanner - 📝 PAPER MODE ATIVO - Apenas registro e análise
2025-10-27 10:43:11 [WARNING] root - Bloco de componentes falhou: cannot unpack non-iterable int object
2025-10-27 10:43:11 [INFO] scanner - ✅ Validações OK [BTC/USDT]: Score=7.8, R:R=2.08
2025-10-27 10:43:11 [INFO] scanner - ⏸️  Throttle ativo [BTC/USDT]:
2025-10-27 10:43:11 [INFO] scanner -    ├─ Último alerta há 324.5 minutos
2025-10-27 10:43:11 [INFO] scanner -    ├─ Tempo mínimo: 1800 minutos
2025-10-27 10:43:11 [INFO] scanner -    └─ Próximo permitido em: 1475.5 minutos
2025-10-27 10:43:11 [WARNING] root - Bloco de componentes falhou: cannot unpack non-iterable int object
2025-10-27 10:43:11 [INFO] scanner - ✅ Validações OK [BTC/USDT]: Score=7.8, R:R=2.08
2025-10-27 10:43:11 [INFO] scanner - ⏸️  Throttle ativo [BTC/USDT]:
2025-10-27 10:43:11 [INFO] scanner -    ├─ Último alerta há 324.5 minutos
2025-10-27 10:43:11 [INFO] scanner -    ├─ Tempo mínimo: 1800 minutos
2025-10-27 10:43:11 [INFO] scanner -    └─ Próximo permitido em: 1475.5 minutos
2025-10-27 10:43:13 [WARNING] root - Bloco de componentes falhou: cannot unpack non-iterable int object
2025-10-27 10:43:13 [INFO] scanner - ✅ Validações OK [ETH/USDT]: Score=7.3, R:R=2.00
2025-10-27 10:43:13 [INFO] scanner - ⏸️  Throttle ativo [ETH/USDT]:
2025-10-27 10:43:13 [INFO] scanner -    ├─ Último alerta há 324.5 minutos
2025-10-27 10:43:13 [INFO] scanner -    ├─ Tempo mínimo: 1800 minutos
2025-10-27 10:43:13 [INFO] scanner -    └─ Próximo permitido em: 1475.5 minutos
2025-10-27 10:54:36 [INFO] scanner - ============================================================
2025-10-27 10:54:36 [INFO] scanner - 🚀 SCANNER INICIADO
2025-10-27 10:54:36 [INFO] scanner - 📅 Data/Hora: 27/10/2025 10:54:36
2025-10-27 10:54:36 [INFO] scanner - 📂 Log: logs/scanner_2025-10-27.log
2025-10-27 10:54:36 [INFO] scanner - ============================================================
2025-10-27 10:54:36 [INFO] scanner - 📝 PAPER MODE ATIVO - Apenas registro e análise
2025-10-27 10:54:40 [WARNING] root - Bloco de componentes falhou: cannot unpack non-iterable int object
2025-10-27 10:54:40 [INFO] scanner - ✅ Validações OK [BTC/USDT]: Score=7.8, R:R=2.08
2025-10-27 10:54:40 [INFO] scanner - ⏸️  Throttle ativo [BTC/USDT]:
2025-10-27 10:54:40 [INFO] scanner -    ├─ Último alerta há 336.0 minutos
2025-10-27 10:54:40 [INFO] scanner -    ├─ Tempo mínimo: 1800 minutos
2025-10-27 10:54:40 [INFO] scanner -    └─ Próximo permitido em: 1464.0 minutos
2025-10-27 10:54:42 [WARNING] root - Bloco de componentes falhou: cannot unpack non-iterable int object
2025-10-27 10:54:42 [INFO] scanner - ✅ Validações OK [ETH/USDT]: Score=7.3, R:R=2.00
2025-10-27 10:54:42 [INFO] scanner - ⏸️  Throttle ativo [ETH/USDT]:
2025-10-27 10:54:42 [INFO] scanner -    ├─ Último alerta há 336.0 minutos
2025-10-27 10:54:42 [INFO] scanner -    ├─ Tempo mínimo: 1800 minutos
2025-10-27 10:54:42 [INFO] scanner -    └─ Próximo permitido em: 1464.0 minutos
2025-10-27 10:54:42 [WARNING] root - Bloco de componentes falhou: cannot unpack non-iterable int object
2025-10-27 10:54:42 [INFO] scanner - ✅ Validações OK [ETH/USDT]: Score=7.3, R:R=2.00
2025-10-27 10:54:42 [INFO] scanner - ⏸️  Throttle ativo [ETH/USDT]:
2025-10-27 10:54:42 [INFO] scanner -    ├─ Último alerta há 336.0 minutos
2025-10-27 10:54:42 [INFO] scanner -    ├─ Tempo mínimo: 1800 minutos
2025-10-27 10:54:42 [INFO] scanner -    └─ Próximo permitido em: 1464.0 minutos
2025-10-27 11:13:36 [INFO] scanner - ============================================================
2025-10-27 11:13:36 [INFO] scanner - 🚀 SCANNER INICIADO
2025-10-27 11:13:36 [INFO] scanner - 📅 Data/Hora: 27/10/2025 11:13:36
2025-10-27 11:13:36 [INFO] scanner - 📂 Log: logs/scanner_2025-10-27.log
2025-10-27 11:13:36 [INFO] scanner - ============================================================
2025-10-27 11:13:36 [INFO] scanner - 📝 PAPER MODE ATIVO - Apenas registro e análise
2025-10-27 11:13:40 [WARNING] root - Bloco de componentes falhou: cannot unpack non-iterable int object
2025-10-27 11:13:40 [INFO] scanner - ✅ Validações OK [BTC/USDT]: Score=7.8, R:R=2.08
2025-10-27 11:13:40 [INFO] scanner - ⏸️  Throttle ativo [BTC/USDT]:
2025-10-27 11:13:40 [INFO] scanner -    ├─ Último alerta há 355.0 minutos
2025-10-27 11:13:40 [INFO] scanner -    ├─ Tempo mínimo: 1800 minutos
2025-10-27 11:13:40 [INFO] scanner -    └─ Próximo permitido em: 1445.0 minutos
2025-10-27 11:13:42 [WARNING] root - Bloco de componentes falhou: cannot unpack non-iterable int object
2025-10-27 11:13:42 [INFO] scanner - ✅ Validações OK [ETH/USDT]: Score=7.8, R:R=2.00
2025-10-27 11:13:42 [INFO] scanner - ⏸️  Throttle ativo [ETH/USDT]:
2025-10-27 11:13:42 [INFO] scanner -    ├─ Último alerta há 355.0 minutos
2025-10-27 11:13:42 [INFO] scanner -    ├─ Tempo mínimo: 1800 minutos
2025-10-27 11:13:42 [INFO] scanner -    └─ Próximo permitido em: 1445.0 minutos
2025-10-27 11:13:43 [WARNING] root - Bloco de componentes falhou: cannot unpack non-iterable int object
2025-10-27 11:13:43 [INFO] scanner - ✅ Validações OK [ETH/USDT]: Score=7.8, R:R=2.00
2025-10-27 11:13:43 [INFO] scanner - ⏸️  Throttle ativo [ETH/USDT]:
2025-10-27 11:13:43 [INFO] scanner -    ├─ Último alerta há 355.0 minutos
2025-10-27 11:13:43 [INFO] scanner -    ├─ Tempo mínimo: 1800 minutos
2025-10-27 11:13:43 [INFO] scanner -    └─ Próximo permitido em: 1445.0 minutos
2025-10-27 11:34:31 [INFO] scanner - ============================================================
2025-10-27 11:34:31 [INFO] scanner - 🚀 SCANNER INICIADO
2025-10-27 11:34:31 [INFO] scanner - 📅 Data/Hora: 27/10/2025 11:34:31
2025-10-27 11:34:31 [INFO] scanner - 📂 Log: logs/scanner_2025-10-27.log
2025-10-27 11:34:31 [INFO] scanner - ============================================================
2025-10-27 11:34:31 [INFO] scanner - 📝 PAPER MODE ATIVO - Apenas registro e análise
2025-10-27 11:34:34 [WARNING] root - Bloco de componentes falhou: cannot unpack non-iterable int object
2025-10-27 11:34:34 [INFO] scanner - ✅ Validações OK [BTC/USDT]: Score=7.8, R:R=2.08
2025-10-27 11:34:34 [INFO] scanner - ⏸️  Throttle ativo [BTC/USDT]:
2025-10-27 11:34:34 [INFO] scanner -    ├─ Último alerta há 375.9 minutos
2025-10-27 11:34:34 [INFO] scanner -    ├─ Tempo mínimo: 1800 minutos
2025-10-27 11:34:34 [INFO] scanner -    └─ Próximo permitido em: 1424.1 minutos
2025-10-27 11:34:36 [WARNING] root - Bloco de componentes falhou: cannot unpack non-iterable int object
2025-10-27 11:34:36 [INFO] scanner - ✅ Validações OK [ETH/USDT]: Score=7.3, R:R=2.00
2025-10-27 11:34:36 [INFO] scanner - ⏸️  Throttle ativo [ETH/USDT]:
2025-10-27 11:34:36 [INFO] scanner -    ├─ Último alerta há 375.9 minutos
2025-10-27 11:34:36 [INFO] scanner -    ├─ Tempo mínimo: 1800 minutos
2025-10-27 11:34:36 [INFO] scanner -    └─ Próximo permitido em: 1424.1 minutos
2025-10-27 11:34:37 [WARNING] root - Bloco de componentes falhou: cannot unpack non-iterable int object
2025-10-27 11:34:37 [INFO] scanner - ✅ Validações OK [ETH/USDT]: Score=7.3, R:R=2.00
2025-10-27 11:34:37 [INFO] scanner - ⏸️  Throttle ativo [ETH/USDT]:
2025-10-27 11:34:37 [INFO] scanner -    ├─ Último alerta há 375.9 minutos
2025-10-27 11:34:37 [INFO] scanner -    ├─ Tempo mínimo: 1800 minutos
2025-10-27 11:34:37 [INFO] scanner -    └─ Próximo permitido em: 1424.1 minutos
2025-10-27 11:48:49 [INFO] scanner - ============================================================
2025-10-27 11:48:49 [INFO] scanner - 🚀 SCANNER INICIADO
2025-10-27 11:48:49 [INFO] scanner - 📅 Data/Hora: 27/10/2025 11:48:49
2025-10-27 11:48:49 [INFO] scanner - 📂 Log: logs/scanner_2025-10-27.log
2025-10-27 11:48:49 [INFO] scanner - ============================================================
2025-10-27 11:48:49 [INFO] scanner - 📝 PAPER MODE ATIVO - Apenas registro e análise
2025-10-27 11:48:53 [WARNING] root - Bloco de componentes falhou: cannot unpack non-iterable int object
2025-10-27 11:48:53 [INFO] scanner - ✅ Validações OK [BTC/USDT]: Score=7.8, R:R=2.08
2025-10-27 11:48:53 [INFO] scanner - ⏸️  Throttle ativo [BTC/USDT]:
2025-10-27 11:48:53 [INFO] scanner -    ├─ Último alerta há 390.2 minutos
2025-10-27 11:48:53 [INFO] scanner -    ├─ Tempo mínimo: 1800 minutos
2025-10-27 11:48:53 [INFO] scanner -    └─ Próximo permitido em: 1409.8 minutos
2025-10-27 11:48:53 [WARNING] root - Bloco de componentes falhou: cannot unpack non-iterable int object
2025-10-27 11:48:53 [INFO] scanner - ✅ Validações OK [BTC/USDT]: Score=7.8, R:R=2.08
2025-10-27 11:48:53 [INFO] scanner - ⏸️  Throttle ativo [BTC/USDT]:
2025-10-27 11:48:53 [INFO] scanner -    ├─ Último alerta há 390.2 minutos
2025-10-27 11:48:53 [INFO] scanner -    ├─ Tempo mínimo: 1800 minutos
2025-10-27 11:48:53 [INFO] scanner -    └─ Próximo permitido em: 1409.8 minutos
2025-10-27 11:48:56 [WARNING] root - Bloco de componentes falhou: cannot unpack non-iterable int object
2025-10-27 11:48:56 [INFO] scanner - ✅ Validações OK [ETH/USDT]: Score=7.3, R:R=2.00
2025-10-27 11:48:56 [INFO] scanner - ⏸️  Throttle ativo [ETH/USDT]:
2025-10-27 11:48:56 [INFO] scanner -    ├─ Último alerta há 390.2 minutos
2025-10-27 11:48:56 [INFO] scanner -    ├─ Tempo mínimo: 1800 minutos
2025-10-27 11:48:56 [INFO] scanner -    └─ Próximo permitido em: 1409.8 minutos
2025-10-27 11:48:56 [WARNING] root - Bloco de componentes falhou: cannot unpack non-iterable int object
2025-10-27 11:48:56 [INFO] scanner - ✅ Validações OK [ETH/USDT]: Score=7.3, R:R=2.00
2025-10-27 11:48:56 [INFO] scanner - ⏸️  Throttle ativo [ETH/USDT]:
2025-10-27 11:48:56 [INFO] scanner -    ├─ Último alerta há 390.2 minutos
2025-10-27 11:48:56 [INFO] scanner -    ├─ Tempo mínimo: 1800 minutos
2025-10-27 11:48:56 [INFO] scanner -    └─ Próximo permitido em: 1409.8 minutos
2025-10-27 12:14:18 [INFO] scanner - ============================================================
2025-10-27 12:14:18 [INFO] scanner - 🚀 SCANNER INICIADO
2025-10-27 12:14:18 [INFO] scanner - 📅 Data/Hora: 27/10/2025 12:14:18
2025-10-27 12:14:18 [INFO] scanner - 📂 Log: logs/scanner_2025-10-27.log
2025-10-27 12:14:18 [INFO] scanner - ============================================================
2025-10-27 12:14:18 [INFO] scanner - 📝 PAPER MODE ATIVO - Apenas registro e análise
2025-10-27 12:14:22 [WARNING] root - Bloco de componentes falhou: cannot unpack non-iterable int object
2025-10-27 12:14:22 [INFO] scanner - ✅ Validações OK [BTC/USDT]: Score=7.3, R:R=2.08
2025-10-27 12:14:22 [INFO] scanner - ⏸️  Throttle ativo [BTC/USDT]:
2025-10-27 12:14:22 [INFO] scanner -    ├─ Último alerta há 415.7 minutos
2025-10-27 12:14:22 [INFO] scanner -    ├─ Tempo mínimo: 1800 minutos
2025-10-27 12:14:22 [INFO] scanner -    └─ Próximo permitido em: 1384.3 minutos
2025-10-27 12:14:25 [WARNING] root - Bloco de componentes falhou: cannot unpack non-iterable int object
2025-10-27 12:14:25 [INFO] scanner - ✅ Validações OK [ETH/USDT]: Score=7.3, R:R=2.00
2025-10-27 12:14:25 [INFO] scanner - ⏸️  Throttle ativo [ETH/USDT]:
2025-10-27 12:14:25 [INFO] scanner -    ├─ Último alerta há 415.7 minutos
2025-10-27 12:14:25 [INFO] scanner -    ├─ Tempo mínimo: 1800 minutos
2025-10-27 12:14:25 [INFO] scanner -    └─ Próximo permitido em: 1384.3 minutos
2025-10-27 12:14:26 [WARNING] root - Bloco de componentes falhou: cannot unpack non-iterable int object
2025-10-27 12:14:26 [INFO] scanner - ✅ Validações OK [ETH/USDT]: Score=7.3, R:R=2.00
2025-10-27 12:14:26 [INFO] scanner - ⏸️  Throttle ativo [ETH/USDT]:
2025-10-27 12:14:26 [INFO] scanner -    ├─ Último alerta há 415.7 minutos
2025-10-27 12:14:26 [INFO] scanner -    ├─ Tempo mínimo: 1800 minutos
2025-10-27 12:14:26 [INFO] scanner -    └─ Próximo permitido em: 1384.3 minutos
2025-10-27 12:32:26 [INFO] scanner - ============================================================
2025-10-27 12:32:26 [INFO] scanner - 🚀 SCANNER INICIADO
2025-10-27 12:32:26 [INFO] scanner - 📅 Data/Hora: 27/10/2025 12:32:26
2025-10-27 12:32:26 [INFO] scanner - 📂 Log: logs/scanner_2025-10-27.log
2025-10-27 12:32:26 [INFO] scanner - ============================================================
2025-10-27 12:32:26 [INFO] scanner - 📝 PAPER MODE ATIVO - Apenas registro e análise
2025-10-27 12:32:29 [WARNING] root - Bloco de componentes falhou: cannot unpack non-iterable int object
2025-10-27 12:32:29 [INFO] scanner - ✅ Validações OK [BTC/USDT]: Score=7.3, R:R=2.08
2025-10-27 12:32:29 [INFO] scanner - ⏸️  Throttle ativo [BTC/USDT]:
2025-10-27 12:32:29 [INFO] scanner -    ├─ Último alerta há 433.8 minutos
2025-10-27 12:32:29 [INFO] scanner -    ├─ Tempo mínimo: 1800 minutos
2025-10-27 12:32:29 [INFO] scanner -    └─ Próximo permitido em: 1366.2 minutos
2025-10-27 12:32:32 [WARNING] root - Bloco de componentes falhou: cannot unpack non-iterable int object
2025-10-27 12:32:32 [INFO] scanner - ✅ Validações OK [ETH/USDT]: Score=7.3, R:R=2.00
2025-10-27 12:32:32 [INFO] scanner - ⏸️  Throttle ativo [ETH/USDT]:
2025-10-27 12:32:32 [INFO] scanner -    ├─ Último alerta há 433.8 minutos
2025-10-27 12:32:32 [INFO] scanner -    ├─ Tempo mínimo: 1800 minutos
2025-10-27 12:32:32 [INFO] scanner -    └─ Próximo permitido em: 1366.2 minutos
2025-10-27 12:32:32 [WARNING] root - Bloco de componentes falhou: cannot unpack non-iterable int object
2025-10-27 12:32:32 [INFO] scanner - ✅ Validações OK [ETH/USDT]: Score=7.3, R:R=2.00
2025-10-27 12:32:32 [INFO] scanner - ⏸️  Throttle ativo [ETH/USDT]:
2025-10-27 12:32:32 [INFO] scanner -    ├─ Último alerta há 433.8 minutos
2025-10-27 12:32:32 [INFO] scanner -    ├─ Tempo mínimo: 1800 minutos
2025-10-27 12:32:32 [INFO] scanner -    └─ Próximo permitido em: 1366.2 minutos
2025-10-27 12:49:12 [INFO] scanner - ============================================================
2025-10-27 12:49:12 [INFO] scanner - 🚀 SCANNER INICIADO
2025-10-27 12:49:12 [INFO] scanner - 📅 Data/Hora: 27/10/2025 12:49:12
2025-10-27 12:49:12 [INFO] scanner - 📂 Log: logs/scanner_2025-10-27.log
2025-10-27 12:49:12 [INFO] scanner - ============================================================
2025-10-27 12:49:12 [INFO] scanner - 📝 PAPER MODE ATIVO - Apenas registro e análise
2025-10-27 12:49:16 [WARNING] root - Bloco de componentes falhou: cannot unpack non-iterable int object
2025-10-27 12:49:16 [INFO] scanner - ✅ Validações OK [BTC/USDT]: Score=7.3, R:R=2.08
2025-10-27 12:49:16 [INFO] scanner - ⏸️  Throttle ativo [BTC/USDT]:
2025-10-27 12:49:16 [INFO] scanner -    ├─ Último alerta há 450.6 minutos
2025-10-27 12:49:16 [INFO] scanner -    ├─ Tempo mínimo: 1800 minutos
2025-10-27 12:49:16 [INFO] scanner -    └─ Próximo permitido em: 1349.4 minutos
2025-10-27 12:49:18 [WARNING] root - Bloco de componentes falhou: cannot unpack non-iterable int object
2025-10-27 12:49:18 [INFO] scanner - ✅ Validações OK [ETH/USDT]: Score=7.3, R:R=2.00
2025-10-27 12:49:18 [INFO] scanner - ⏸️  Throttle ativo [ETH/USDT]:
2025-10-27 12:49:18 [INFO] scanner -    ├─ Último alerta há 450.6 minutos
2025-10-27 12:49:18 [INFO] scanner -    ├─ Tempo mínimo: 1800 minutos
2025-10-27 12:49:18 [INFO] scanner -    └─ Próximo permitido em: 1349.4 minutos
2025-10-27 12:49:19 [WARNING] root - Bloco de componentes falhou: cannot unpack non-iterable int object
2025-10-27 12:49:19 [INFO] scanner - ✅ Validações OK [ETH/USDT]: Score=7.3, R:R=2.00
2025-10-27 12:49:19 [INFO] scanner - ⏸️  Throttle ativo [ETH/USDT]:
2025-10-27 12:49:19 [INFO] scanner -    ├─ Último alerta há 450.6 minutos
2025-10-27 12:49:19 [INFO] scanner -    ├─ Tempo mínimo: 1800 minutos
2025-10-27 12:49:19 [INFO] scanner -    └─ Próximo permitido em: 1349.4 minutos
2025-10-27 13:16:31 [INFO] scanner - ============================================================
2025-10-27 13:16:31 [INFO] scanner - 🚀 SCANNER INICIADO
2025-10-27 13:16:31 [INFO] scanner - 📅 Data/Hora: 27/10/2025 13:16:31
2025-10-27 13:16:31 [INFO] scanner - 📂 Log: logs/scanner_2025-10-27.log
2025-10-27 13:16:31 [INFO] scanner - ============================================================
2025-10-27 13:16:31 [INFO] scanner - 📝 PAPER MODE ATIVO - Apenas registro e análise
2025-10-27 13:16:35 [WARNING] root - Bloco de componentes falhou: cannot unpack non-iterable int object
2025-10-27 13:16:35 [INFO] scanner - ✅ Validações OK [BTC/USDT]: Score=7.3, R:R=2.08
2025-10-27 13:16:35 [INFO] scanner - ⏸️  Throttle ativo [BTC/USDT]:
2025-10-27 13:16:35 [INFO] scanner -    ├─ Último alerta há 477.9 minutos
2025-10-27 13:16:35 [INFO] scanner -    ├─ Tempo mínimo: 1800 minutos
2025-10-27 13:16:35 [INFO] scanner -    └─ Próximo permitido em: 1322.1 minutos
2025-10-27 13:16:37 [WARNING] root - Bloco de componentes falhou: cannot unpack non-iterable int object
2025-10-27 13:16:37 [INFO] scanner - ✅ Validações OK [ETH/USDT]: Score=7.3, R:R=2.00
2025-10-27 13:16:37 [INFO] scanner - ⏸️  Throttle ativo [ETH/USDT]:
2025-10-27 13:16:37 [INFO] scanner -    ├─ Último alerta há 477.9 minutos
2025-10-27 13:16:37 [INFO] scanner -    ├─ Tempo mínimo: 1800 minutos
2025-10-27 13:16:37 [INFO] scanner -    └─ Próximo permitido em: 1322.1 minutos
2025-10-27 13:16:38 [WARNING] root - Bloco de componentes falhou: cannot unpack non-iterable int object
2025-10-27 13:16:38 [INFO] scanner - ✅ Validações OK [ETH/USDT]: Score=7.3, R:R=2.00
2025-10-27 13:16:38 [INFO] scanner - ⏸️  Throttle ativo [ETH/USDT]:
2025-10-27 13:16:38 [INFO] scanner -    ├─ Último alerta há 477.9 minutos
2025-10-27 13:16:38 [INFO] scanner -    ├─ Tempo mínimo: 1800 minutos
2025-10-27 13:16:38 [INFO] scanner -    └─ Próximo permitido em: 1322.1 minutos
2025-10-27 13:46:29 [INFO] scanner - ============================================================
2025-10-27 13:46:29 [INFO] scanner - 🚀 SCANNER INICIADO
2025-10-27 13:46:29 [INFO] scanner - 📅 Data/Hora: 27/10/2025 13:46:29
2025-10-27 13:46:29 [INFO] scanner - 📂 Log: logs/scanner_2025-10-27.log
2025-10-27 13:46:29 [INFO] scanner - ============================================================
2025-10-27 13:46:29 [INFO] scanner - 📝 PAPER MODE ATIVO - Apenas registro e análise
2025-10-27 13:46:33 [WARNING] root - Bloco de componentes falhou: cannot unpack non-iterable int object
2025-10-27 13:46:33 [INFO] scanner - ✅ Validações OK [BTC/USDT]: Score=7.3, R:R=2.08
2025-10-27 13:46:33 [INFO] scanner - ⏸️  Throttle ativo [BTC/USDT]:
2025-10-27 13:46:33 [INFO] scanner -    ├─ Último alerta há 507.9 minutos
2025-10-27 13:46:33 [INFO] scanner -    ├─ Tempo mínimo: 1800 minutos
2025-10-27 13:46:33 [INFO] scanner -    └─ Próximo permitido em: 1292.1 minutos
2025-10-27 13:46:35 [WARNING] root - Bloco de componentes falhou: cannot unpack non-iterable int object
2025-10-27 13:46:35 [INFO] scanner - ✅ Validações OK [ETH/USDT]: Score=7.8, R:R=2.00
2025-10-27 13:46:35 [INFO] scanner - ⏸️  Throttle ativo [ETH/USDT]:
2025-10-27 13:46:35 [INFO] scanner -    ├─ Último alerta há 507.9 minutos
2025-10-27 13:46:35 [INFO] scanner -    ├─ Tempo mínimo: 1800 minutos
2025-10-27 13:46:35 [INFO] scanner -    └─ Próximo permitido em: 1292.1 minutos
2025-10-27 13:46:35 [WARNING] root - Bloco de componentes falhou: cannot unpack non-iterable int object
2025-10-27 13:46:35 [INFO] scanner - ✅ Validações OK [ETH/USDT]: Score=7.8, R:R=2.00
2025-10-27 13:46:35 [INFO] scanner - ⏸️  Throttle ativo [ETH/USDT]:
2025-10-27 13:46:35 [INFO] scanner -    ├─ Último alerta há 507.9 minutos
2025-10-27 13:46:35 [INFO] scanner -    ├─ Tempo mínimo: 1800 minutos
2025-10-27 13:46:35 [INFO] scanner -    └─ Próximo permitido em: 1292.1 minutos
2025-10-27 14:11:35 [INFO] scanner - ============================================================
2025-10-27 14:11:35 [INFO] scanner - 🚀 SCANNER INICIADO
2025-10-27 14:11:35 [INFO] scanner - 📅 Data/Hora: 27/10/2025 14:11:35
2025-10-27 14:11:35 [INFO] scanner - 📂 Log: logs/scanner_2025-10-27.log
2025-10-27 14:11:35 [INFO] scanner - ============================================================
2025-10-27 14:11:35 [INFO] scanner - 📝 PAPER MODE ATIVO - Apenas registro e análise
2025-10-27 14:11:38 [WARNING] root - Bloco de componentes falhou: cannot unpack non-iterable int object
2025-10-27 14:11:38 [INFO] scanner - ✅ Validações OK [BTC/USDT]: Score=7.3, R:R=2.08
2025-10-27 14:11:38 [INFO] scanner - ⏸️  Throttle ativo [BTC/USDT]:
2025-10-27 14:11:38 [INFO] scanner -    ├─ Último alerta há 533.0 minutos
2025-10-27 14:11:38 [INFO] scanner -    ├─ Tempo mínimo: 1800 minutos
2025-10-27 14:11:38 [INFO] scanner -    └─ Próximo permitido em: 1267.0 minutos
2025-10-27 14:11:41 [WARNING] root - Bloco de componentes falhou: cannot unpack non-iterable int object
2025-10-27 14:11:41 [INFO] scanner - ✅ Validações OK [ETH/USDT]: Score=7.3, R:R=2.00
2025-10-27 14:11:41 [INFO] scanner - ⏸️  Throttle ativo [ETH/USDT]:
2025-10-27 14:11:41 [INFO] scanner -    ├─ Último alerta há 533.0 minutos
2025-10-27 14:11:41 [INFO] scanner -    ├─ Tempo mínimo: 1800 minutos
2025-10-27 14:11:41 [INFO] scanner -    └─ Próximo permitido em: 1267.0 minutos
2025-10-27 14:30:27 [INFO] scanner - ============================================================
2025-10-27 14:30:27 [INFO] scanner - 🚀 SCANNER INICIADO
2025-10-27 14:30:27 [INFO] scanner - 📅 Data/Hora: 27/10/2025 14:30:27
2025-10-27 14:30:27 [INFO] scanner - 📂 Log: logs/scanner_2025-10-27.log
2025-10-27 14:30:27 [INFO] scanner - ============================================================
2025-10-27 14:30:27 [INFO] scanner - 📝 PAPER MODE ATIVO - Apenas registro e análise
2025-10-27 14:30:30 [WARNING] root - Bloco de componentes falhou: cannot unpack non-iterable int object
2025-10-27 14:30:30 [INFO] scanner - ✅ Validações OK [BTC/USDT]: Score=7.3, R:R=2.08
2025-10-27 14:30:30 [INFO] scanner - ⏸️  Throttle ativo [BTC/USDT]:
2025-10-27 14:30:30 [INFO] scanner -    ├─ Último alerta há 551.8 minutos
2025-10-27 14:30:30 [INFO] scanner -    ├─ Tempo mínimo: 1800 minutos
2025-10-27 14:30:30 [INFO] scanner -    └─ Próximo permitido em: 1248.2 minutos
2025-10-27 14:30:33 [WARNING] root - Bloco de componentes falhou: cannot unpack non-iterable int object
2025-10-27 14:30:33 [INFO] scanner - ✅ Validações OK [ETH/USDT]: Score=7.3, R:R=2.00
2025-10-27 14:30:33 [INFO] scanner - ⏸️  Throttle ativo [ETH/USDT]:
2025-10-27 14:30:33 [INFO] scanner -    ├─ Último alerta há 551.8 minutos
2025-10-27 14:30:33 [INFO] scanner -    ├─ Tempo mínimo: 1800 minutos
2025-10-27 14:30:33 [INFO] scanner -    └─ Próximo permitido em: 1248.2 minutos
2025-10-27 14:30:33 [WARNING] root - Bloco de componentes falhou: cannot unpack non-iterable int object
2025-10-27 14:30:33 [INFO] scanner - ✅ Validações OK [ETH/USDT]: Score=7.3, R:R=2.00
2025-10-27 14:30:33 [INFO] scanner - ⏸️  Throttle ativo [ETH/USDT]:
2025-10-27 14:30:33 [INFO] scanner -    ├─ Último alerta há 551.8 minutos
2025-10-27 14:30:33 [INFO] scanner -    ├─ Tempo mínimo: 1800 minutos
2025-10-27 14:30:33 [INFO] scanner -    └─ Próximo permitido em: 1248.2 minutos
2025-10-27 14:42:17 [INFO] scanner - ============================================================
2025-10-27 14:42:17 [INFO] scanner - 🚀 SCANNER INICIADO
2025-10-27 14:42:17 [INFO] scanner - 📅 Data/Hora: 27/10/2025 14:42:17
2025-10-27 14:42:17 [INFO] scanner - 📂 Log: logs/scanner_2025-10-27.log
2025-10-27 14:42:17 [INFO] scanner - ============================================================
2025-10-27 14:42:17 [INFO] scanner - 📝 PAPER MODE ATIVO - Apenas registro e análise
2025-10-27 14:42:21 [WARNING] root - Bloco de componentes falhou: cannot unpack non-iterable int object
2025-10-27 14:42:21 [INFO] scanner - ✅ Validações OK [BTC/USDT]: Score=7.3, R:R=2.08
2025-10-27 14:42:21 [INFO] scanner - ⏸️  Throttle ativo [BTC/USDT]:
2025-10-27 14:42:21 [INFO] scanner -    ├─ Último alerta há 563.7 minutos
2025-10-27 14:42:21 [INFO] scanner -    ├─ Tempo mínimo: 1800 minutos
2025-10-27 14:42:21 [INFO] scanner -    └─ Próximo permitido em: 1236.3 minutos
2025-10-27 14:42:23 [WARNING] root - Bloco de componentes falhou: cannot unpack non-iterable int object
2025-10-27 14:42:23 [INFO] scanner - ✅ Validações OK [ETH/USDT]: Score=7.3, R:R=2.00
2025-10-27 14:42:23 [INFO] scanner - ⏸️  Throttle ativo [ETH/USDT]:
2025-10-27 14:42:23 [INFO] scanner -    ├─ Último alerta há 563.7 minutos
2025-10-27 14:42:23 [INFO] scanner -    ├─ Tempo mínimo: 1800 minutos
2025-10-27 14:42:23 [INFO] scanner -    └─ Próximo permitido em: 1236.3 minutos
2025-10-27 14:49:33 [INFO] scanner - ============================================================
2025-10-27 14:49:33 [INFO] scanner - 🚀 SCANNER INICIADO
2025-10-27 14:49:33 [INFO] scanner - 📅 Data/Hora: 27/10/2025 14:49:33
2025-10-27 14:49:33 [INFO] scanner - 📂 Log: logs/scanner_2025-10-27.log
2025-10-27 14:49:33 [INFO] scanner - ============================================================
2025-10-27 14:49:33 [INFO] scanner - 📝 PAPER MODE ATIVO - Apenas registro e análise
2025-10-27 14:49:36 [WARNING] root - Bloco de componentes falhou: cannot unpack non-iterable int object
2025-10-27 14:49:36 [INFO] scanner - ✅ Validações OK [BTC/USDT]: Score=7.3, R:R=2.08
2025-10-27 14:49:36 [INFO] scanner - ⏸️  Throttle ativo [BTC/USDT]:
2025-10-27 14:49:36 [INFO] scanner -    ├─ Último alerta há 570.9 minutos
2025-10-27 14:49:36 [INFO] scanner -    ├─ Tempo mínimo: 1800 minutos
2025-10-27 14:49:36 [INFO] scanner -    └─ Próximo permitido em: 1229.1 minutos
2025-10-27 14:49:38 [WARNING] root - Bloco de componentes falhou: cannot unpack non-iterable int object
2025-10-27 14:49:38 [INFO] scanner - ✅ Validações OK [ETH/USDT]: Score=7.3, R:R=2.00
2025-10-27 14:49:38 [INFO] scanner - ⏸️  Throttle ativo [ETH/USDT]:
2025-10-27 14:49:38 [INFO] scanner -    ├─ Último alerta há 570.9 minutos
2025-10-27 14:49:38 [INFO] scanner -    ├─ Tempo mínimo: 1800 minutos
2025-10-27 14:49:38 [INFO] scanner -    └─ Próximo permitido em: 1229.1 minutos
