2026-03-15 03:44:54 [INFO] scanner - ============================================================
2026-03-15 03:44:54 [INFO] scanner - 🚀 SCANNER INICIADO
2026-03-15 03:44:54 [INFO] scanner - 📅 Data/Hora: 15/03/2026 03:44:54
2026-03-15 03:44:54 [INFO] scanner - 📂 Log: logs/scanner_2026-03-15.log
2026-03-15 03:44:54 [INFO] scanner - ============================================================
2026-03-15 03:44:54 [INFO] scanner - 📝 PAPER MODE ATIVO - Apenas registro e análise
2026-03-15 03:44:58 [WARNING] root - Bloco de componentes falhou: cannot unpack non-iterable int object
2026-03-15 03:44:58 [INFO] scanner - ✅ Validações OK [BTC/USDT]: Score=7.0, R:R=2.08
2026-03-15 03:44:58 [INFO] scanner - ⏸️  Throttle ativo [BTC/USDT]:
2026-03-15 03:44:58 [INFO] scanner -    ├─ Último alerta há 1371.4 minutos
2026-03-15 03:44:58 [INFO] scanner -    ├─ Tempo mínimo: 1800 minutos
2026-03-15 03:44:58 [INFO] scanner -    └─ Próximo permitido em: 428.6 minutos
2026-03-15 03:45:00 [WARNING] root - Bloco de componentes falhou: cannot unpack non-iterable int object
2026-03-15 03:45:00 [INFO] scanner - ✅ Validações OK [ETH/USDT]: Score=7.0, R:R=2.00
2026-03-15 03:45:00 [INFO] scanner - ⏸️  Throttle ativo [ETH/USDT]:
2026-03-15 03:45:00 [INFO] scanner -    ├─ Último alerta há 416.4 minutos
2026-03-15 03:45:00 [INFO] scanner -    ├─ Tempo mínimo: 1800 minutos
2026-03-15 03:45:00 [INFO] scanner -    └─ Próximo permitido em: 1383.6 minutos
2026-03-15 03:45:00 [WARNING] root - Bloco de componentes falhou: cannot unpack non-iterable int object
2026-03-15 03:45:00 [INFO] scanner - ✅ Validações OK [ETH/USDT]: Score=7.0, R:R=2.00
2026-03-15 03:45:00 [INFO] scanner - ⏸️  Throttle ativo [ETH/USDT]:
2026-03-15 03:45:00 [INFO] scanner -    ├─ Último alerta há 416.4 minutos
2026-03-15 03:45:00 [INFO] scanner -    ├─ Tempo mínimo: 1800 minutos
2026-03-15 03:45:00 [INFO] scanner -    └─ Próximo permitido em: 1383.6 minutos
2026-03-15 04:34:09 [INFO] scanner - ============================================================
2026-03-15 04:34:09 [INFO] scanner - 🚀 SCANNER INICIADO
2026-03-15 04:34:09 [INFO] scanner - 📅 Data/Hora: 15/03/2026 04:34:09
2026-03-15 04:34:09 [INFO] scanner - 📂 Log: logs/scanner_2026-03-15.log
2026-03-15 04:34:09 [INFO] scanner - ============================================================
2026-03-15 04:34:09 [INFO] scanner - 📝 PAPER MODE ATIVO - Apenas registro e análise
2026-03-15 04:34:12 [WARNING] root - Bloco de componentes falhou: cannot unpack non-iterable int object
2026-03-15 04:34:12 [INFO] scanner - ✅ Validações OK [BTC/USDT]: Score=7.0, R:R=2.08
2026-03-15 04:34:12 [INFO] scanner - ⏸️  Throttle ativo [BTC/USDT]:
2026-03-15 04:34:12 [INFO] scanner -    ├─ Último alerta há 1420.7 minutos
2026-03-15 04:34:12 [INFO] scanner -    ├─ Tempo mínimo: 1800 minutos
2026-03-15 04:34:12 [INFO] scanner -    └─ Próximo permitido em: 379.3 minutos
2026-03-15 04:34:14 [WARNING] root - Bloco de componentes falhou: cannot unpack non-iterable int object
2026-03-15 04:34:14 [INFO] scanner - ✅ Validações OK [ETH/USDT]: Score=7.0, R:R=2.00
2026-03-15 04:34:14 [INFO] scanner - ⏸️  Throttle ativo [ETH/USDT]:
2026-03-15 04:34:14 [INFO] scanner -    ├─ Último alerta há 465.7 minutos
2026-03-15 04:34:14 [INFO] scanner -    ├─ Tempo mínimo: 1800 minutos
2026-03-15 04:34:14 [INFO] scanner -    └─ Próximo permitido em: 1334.3 minutos
2026-03-15 05:03:37 [INFO] scanner - ============================================================
2026-03-15 05:03:37 [INFO] scanner - 🚀 SCANNER INICIADO
2026-03-15 05:03:37 [INFO] scanner - 📅 Data/Hora: 15/03/2026 05:03:37
2026-03-15 05:03:37 [INFO] scanner - 📂 Log: logs/scanner_2026-03-15.log
2026-03-15 05:03:37 [INFO] scanner - ============================================================
2026-03-15 05:03:37 [INFO] scanner - 📝 PAPER MODE ATIVO - Apenas registro e análise
2026-03-15 05:03:41 [WARNING] root - Bloco de componentes falhou: cannot unpack non-iterable int object
2026-03-15 05:03:41 [INFO] scanner - ✅ Validações OK [BTC/USDT]: Score=7.0, R:R=2.08
2026-03-15 05:03:41 [INFO] scanner - ⏸️  Throttle ativo [BTC/USDT]:
2026-03-15 05:03:41 [INFO] scanner -    ├─ Último alerta há 1450.2 minutos
2026-03-15 05:03:41 [INFO] scanner -    ├─ Tempo mínimo: 1800 minutos
2026-03-15 05:03:41 [INFO] scanner -    └─ Próximo permitido em: 349.8 minutos
2026-03-15 05:03:43 [WARNING] root - Bloco de componentes falhou: cannot unpack non-iterable int object
2026-03-15 05:03:43 [INFO] scanner - ✅ Validações OK [ETH/USDT]: Score=7.0, R:R=2.00
2026-03-15 05:03:43 [INFO] scanner - ⏸️  Throttle ativo [ETH/USDT]:
2026-03-15 05:03:43 [INFO] scanner -    ├─ Último alerta há 495.2 minutos
2026-03-15 05:03:43 [INFO] scanner -    ├─ Tempo mínimo: 1800 minutos
2026-03-15 05:03:43 [INFO] scanner -    └─ Próximo permitido em: 1304.8 minutos
2026-03-15 05:54:00 [INFO] scanner - ============================================================
2026-03-15 05:54:00 [INFO] scanner - 🚀 SCANNER INICIADO
2026-03-15 05:54:00 [INFO] scanner - 📅 Data/Hora: 15/03/2026 05:54:00
2026-03-15 05:54:00 [INFO] scanner - 📂 Log: logs/scanner_2026-03-15.log
2026-03-15 05:54:00 [INFO] scanner - ============================================================
2026-03-15 05:54:00 [INFO] scanner - 📝 PAPER MODE ATIVO - Apenas registro e análise
2026-03-15 05:54:03 [WARNING] root - Bloco de componentes falhou: cannot unpack non-iterable int object
2026-03-15 05:54:03 [INFO] scanner - ✅ Validações OK [BTC/USDT]: Score=7.0, R:R=2.08
2026-03-15 05:54:03 [INFO] scanner - ⏸️  Throttle ativo [BTC/USDT]:
2026-03-15 05:54:03 [INFO] scanner -    ├─ Último alerta há 1500.5 minutos
2026-03-15 05:54:03 [INFO] scanner -    ├─ Tempo mínimo: 1800 minutos
2026-03-15 05:54:03 [INFO] scanner -    └─ Próximo permitido em: 299.5 minutos
2026-03-15 05:54:03 [WARNING] root - Bloco de componentes falhou: cannot unpack non-iterable int object
2026-03-15 05:54:03 [INFO] scanner - ✅ Validações OK [BTC/USDT]: Score=7.0, R:R=2.08
2026-03-15 05:54:03 [INFO] scanner - ⏸️  Throttle ativo [BTC/USDT]:
2026-03-15 05:54:03 [INFO] scanner -    ├─ Último alerta há 1500.5 minutos
2026-03-15 05:54:03 [INFO] scanner -    ├─ Tempo mínimo: 1800 minutos
2026-03-15 05:54:03 [INFO] scanner -    └─ Próximo permitido em: 299.5 minutos
2026-03-15 05:54:05 [WARNING] root - Bloco de componentes falhou: cannot unpack non-iterable int object
2026-03-15 05:54:05 [INFO] scanner - ✅ Validações OK [ETH/USDT]: Score=7.0, R:R=2.00
2026-03-15 05:54:05 [INFO] scanner - ⏸️  Throttle ativo [ETH/USDT]:
2026-03-15 05:54:05 [INFO] scanner -    ├─ Último alerta há 545.5 minutos
2026-03-15 05:54:05 [INFO] scanner -    ├─ Tempo mínimo: 1800 minutos
2026-03-15 05:54:05 [INFO] scanner -    └─ Próximo permitido em: 1254.5 minutos
2026-03-15 05:54:05 [WARNING] root - Bloco de componentes falhou: cannot unpack non-iterable int object
2026-03-15 05:54:05 [INFO] scanner - ✅ Validações OK [ETH/USDT]: Score=7.0, R:R=2.00
2026-03-15 05:54:05 [INFO] scanner - ⏸️  Throttle ativo [ETH/USDT]:
2026-03-15 05:54:05 [INFO] scanner -    ├─ Último alerta há 545.5 minutos
2026-03-15 05:54:05 [INFO] scanner -    ├─ Tempo mínimo: 1800 minutos
2026-03-15 05:54:05 [INFO] scanner -    └─ Próximo permitido em: 1254.5 minutos
2026-03-15 06:26:02 [INFO] scanner - ============================================================
2026-03-15 06:26:02 [INFO] scanner - 🚀 SCANNER INICIADO
2026-03-15 06:26:02 [INFO] scanner - 📅 Data/Hora: 15/03/2026 06:26:02
2026-03-15 06:26:02 [INFO] scanner - 📂 Log: logs/scanner_2026-03-15.log
2026-03-15 06:26:02 [INFO] scanner - ============================================================
2026-03-15 06:26:02 [INFO] scanner - 📝 PAPER MODE ATIVO - Apenas registro e análise
2026-03-15 06:26:05 [WARNING] root - Bloco de componentes falhou: cannot unpack non-iterable int object
2026-03-15 06:26:05 [INFO] scanner - ✅ Validações OK [BTC/USDT]: Score=7.0, R:R=2.08
2026-03-15 06:26:05 [INFO] scanner - ⏸️  Throttle ativo [BTC/USDT]:
2026-03-15 06:26:05 [INFO] scanner -    ├─ Último alerta há 1532.6 minutos
2026-03-15 06:26:05 [INFO] scanner -    ├─ Tempo mínimo: 1800 minutos
2026-03-15 06:26:05 [INFO] scanner -    └─ Próximo permitido em: 267.4 minutos
2026-03-15 06:26:05 [WARNING] root - Bloco de componentes falhou: cannot unpack non-iterable int object
2026-03-15 06:26:05 [INFO] scanner - ✅ Validações OK [BTC/USDT]: Score=7.0, R:R=2.08
2026-03-15 06:26:05 [INFO] scanner - ⏸️  Throttle ativo [BTC/USDT]:
2026-03-15 06:26:05 [INFO] scanner -    ├─ Último alerta há 1532.6 minutos
2026-03-15 06:26:05 [INFO] scanner -    ├─ Tempo mínimo: 1800 minutos
2026-03-15 06:26:05 [INFO] scanner -    └─ Próximo permitido em: 267.4 minutos
2026-03-15 06:26:07 [WARNING] root - Bloco de componentes falhou: cannot unpack non-iterable int object
2026-03-15 06:26:07 [INFO] scanner - ✅ Validações OK [ETH/USDT]: Score=7.0, R:R=2.00
2026-03-15 06:26:07 [INFO] scanner - ⏸️  Throttle ativo [ETH/USDT]:
2026-03-15 06:26:07 [INFO] scanner -    ├─ Último alerta há 577.6 minutos
2026-03-15 06:26:07 [INFO] scanner -    ├─ Tempo mínimo: 1800 minutos
2026-03-15 06:26:07 [INFO] scanner -    └─ Próximo permitido em: 1222.4 minutos
2026-03-15 06:55:39 [INFO] scanner - ============================================================
2026-03-15 06:55:39 [INFO] scanner - 🚀 SCANNER INICIADO
2026-03-15 06:55:39 [INFO] scanner - 📅 Data/Hora: 15/03/2026 06:55:39
2026-03-15 06:55:39 [INFO] scanner - 📂 Log: logs/scanner_2026-03-15.log
2026-03-15 06:55:39 [INFO] scanner - ============================================================
2026-03-15 06:55:39 [INFO] scanner - 📝 PAPER MODE ATIVO - Apenas registro e análise
2026-03-15 06:55:42 [WARNING] root - Bloco de componentes falhou: cannot unpack non-iterable int object
2026-03-15 06:55:42 [INFO] scanner - ✅ Validações OK [BTC/USDT]: Score=7.0, R:R=2.08
2026-03-15 06:55:42 [INFO] scanner - ⏸️  Throttle ativo [BTC/USDT]:
2026-03-15 06:55:42 [INFO] scanner -    ├─ Último alerta há 1562.2 minutos
2026-03-15 06:55:42 [INFO] scanner -    ├─ Tempo mínimo: 1800 minutos
2026-03-15 06:55:42 [INFO] scanner -    └─ Próximo permitido em: 237.8 minutos
2026-03-15 06:55:44 [WARNING] root - Bloco de componentes falhou: cannot unpack non-iterable int object
2026-03-15 06:55:44 [INFO] scanner - ✅ Validações OK [ETH/USDT]: Score=7.0, R:R=2.00
2026-03-15 06:55:44 [INFO] scanner - ⏸️  Throttle ativo [ETH/USDT]:
2026-03-15 06:55:44 [INFO] scanner -    ├─ Último alerta há 607.2 minutos
2026-03-15 06:55:44 [INFO] scanner -    ├─ Tempo mínimo: 1800 minutos
2026-03-15 06:55:44 [INFO] scanner -    └─ Próximo permitido em: 1192.8 minutos
2026-03-15 07:22:23 [INFO] scanner - ============================================================
2026-03-15 07:22:23 [INFO] scanner - 🚀 SCANNER INICIADO
2026-03-15 07:22:23 [INFO] scanner - 📅 Data/Hora: 15/03/2026 07:22:23
2026-03-15 07:22:23 [INFO] scanner - 📂 Log: logs/scanner_2026-03-15.log
2026-03-15 07:22:23 [INFO] scanner - ============================================================
2026-03-15 07:22:23 [INFO] scanner - 📝 PAPER MODE ATIVO - Apenas registro e análise
2026-03-15 07:22:26 [WARNING] root - Bloco de componentes falhou: cannot unpack non-iterable int object
2026-03-15 07:22:26 [INFO] scanner - ✅ Validações OK [BTC/USDT]: Score=7.0, R:R=2.08
2026-03-15 07:22:26 [INFO] scanner - ⏸️  Throttle ativo [BTC/USDT]:
2026-03-15 07:22:26 [INFO] scanner -    ├─ Último alerta há 1588.9 minutos
2026-03-15 07:22:26 [INFO] scanner -    ├─ Tempo mínimo: 1800 minutos
2026-03-15 07:22:26 [INFO] scanner -    └─ Próximo permitido em: 211.1 minutos
2026-03-15 07:22:28 [WARNING] root - Bloco de componentes falhou: cannot unpack non-iterable int object
2026-03-15 07:22:28 [INFO] scanner - ✅ Validações OK [ETH/USDT]: Score=7.0, R:R=2.00
2026-03-15 07:22:28 [INFO] scanner - ⏸️  Throttle ativo [ETH/USDT]:
2026-03-15 07:22:28 [INFO] scanner -    ├─ Último alerta há 633.9 minutos
2026-03-15 07:22:28 [INFO] scanner -    ├─ Tempo mínimo: 1800 minutos
2026-03-15 07:22:28 [INFO] scanner -    └─ Próximo permitido em: 1166.1 minutos
2026-03-15 07:55:07 [INFO] scanner - ============================================================
2026-03-15 07:55:07 [INFO] scanner - 🚀 SCANNER INICIADO
2026-03-15 07:55:07 [INFO] scanner - 📅 Data/Hora: 15/03/2026 07:55:07
2026-03-15 07:55:07 [INFO] scanner - 📂 Log: logs/scanner_2026-03-15.log
2026-03-15 07:55:07 [INFO] scanner - ============================================================
2026-03-15 07:55:07 [INFO] scanner - 📝 PAPER MODE ATIVO - Apenas registro e análise
2026-03-15 07:55:11 [WARNING] root - Bloco de componentes falhou: cannot unpack non-iterable int object
2026-03-15 07:55:11 [INFO] scanner - ✅ Validações OK [BTC/USDT]: Score=7.0, R:R=2.08
2026-03-15 07:55:11 [INFO] scanner - ⏸️  Throttle ativo [BTC/USDT]:
2026-03-15 07:55:11 [INFO] scanner -    ├─ Último alerta há 1621.7 minutos
2026-03-15 07:55:11 [INFO] scanner -    ├─ Tempo mínimo: 1800 minutos
2026-03-15 07:55:11 [INFO] scanner -    └─ Próximo permitido em: 178.3 minutos
2026-03-15 07:55:13 [WARNING] root - Bloco de componentes falhou: cannot unpack non-iterable int object
2026-03-15 07:55:13 [INFO] scanner - ✅ Validações OK [ETH/USDT]: Score=7.0, R:R=2.00
2026-03-15 07:55:13 [INFO] scanner - ⏸️  Throttle ativo [ETH/USDT]:
2026-03-15 07:55:13 [INFO] scanner -    ├─ Último alerta há 666.7 minutos
2026-03-15 07:55:13 [INFO] scanner -    ├─ Tempo mínimo: 1800 minutos
2026-03-15 07:55:13 [INFO] scanner -    └─ Próximo permitido em: 1133.3 minutos
2026-03-15 07:55:13 [WARNING] root - Bloco de componentes falhou: cannot unpack non-iterable int object
2026-03-15 07:55:13 [INFO] scanner - ✅ Validações OK [ETH/USDT]: Score=7.0, R:R=2.00
2026-03-15 07:55:13 [INFO] scanner - ⏸️  Throttle ativo [ETH/USDT]:
2026-03-15 07:55:13 [INFO] scanner -    ├─ Último alerta há 666.7 minutos
2026-03-15 07:55:13 [INFO] scanner -    ├─ Tempo mínimo: 1800 minutos
2026-03-15 07:55:13 [INFO] scanner -    └─ Próximo permitido em: 1133.3 minutos
2026-03-15 08:19:24 [INFO] scanner - ============================================================
2026-03-15 08:19:24 [INFO] scanner - 🚀 SCANNER INICIADO
2026-03-15 08:19:24 [INFO] scanner - 📅 Data/Hora: 15/03/2026 08:19:24
2026-03-15 08:19:24 [INFO] scanner - 📂 Log: logs/scanner_2026-03-15.log
2026-03-15 08:19:24 [INFO] scanner - ============================================================
2026-03-15 08:19:24 [INFO] scanner - 📝 PAPER MODE ATIVO - Apenas registro e análise
2026-03-15 08:19:28 [WARNING] root - Bloco de componentes falhou: cannot unpack non-iterable int object
2026-03-15 08:19:28 [INFO] scanner - ✅ Validações OK [BTC/USDT]: Score=7.0, R:R=2.08
2026-03-15 08:19:28 [INFO] scanner - ⏸️  Throttle ativo [BTC/USDT]:
2026-03-15 08:19:28 [INFO] scanner -    ├─ Último alerta há 1645.9 minutos
2026-03-15 08:19:28 [INFO] scanner -    ├─ Tempo mínimo: 1800 minutos
2026-03-15 08:19:28 [INFO] scanner -    └─ Próximo permitido em: 154.1 minutos
2026-03-15 08:19:30 [WARNING] root - Bloco de componentes falhou: cannot unpack non-iterable int object
2026-03-15 08:19:30 [INFO] scanner - ✅ Validações OK [ETH/USDT]: Score=7.0, R:R=2.00
2026-03-15 08:19:30 [INFO] scanner - ⏸️  Throttle ativo [ETH/USDT]:
2026-03-15 08:19:30 [INFO] scanner -    ├─ Último alerta há 690.9 minutos
2026-03-15 08:19:30 [INFO] scanner -    ├─ Tempo mínimo: 1800 minutos
2026-03-15 08:19:30 [INFO] scanner -    └─ Próximo permitido em: 1109.1 minutos
2026-03-15 08:46:25 [INFO] scanner - ============================================================
2026-03-15 08:46:25 [INFO] scanner - 🚀 SCANNER INICIADO
2026-03-15 08:46:25 [INFO] scanner - 📅 Data/Hora: 15/03/2026 08:46:25
2026-03-15 08:46:25 [INFO] scanner - 📂 Log: logs/scanner_2026-03-15.log
2026-03-15 08:46:25 [INFO] scanner - ============================================================
2026-03-15 08:46:25 [INFO] scanner - 📝 PAPER MODE ATIVO - Apenas registro e análise
2026-03-15 08:46:28 [WARNING] root - Bloco de componentes falhou: cannot unpack non-iterable int object
2026-03-15 08:46:28 [INFO] scanner - ✅ Validações OK [BTC/USDT]: Score=7.0, R:R=2.08
2026-03-15 08:46:28 [INFO] scanner - ⏸️  Throttle ativo [BTC/USDT]:
2026-03-15 08:46:28 [INFO] scanner -    ├─ Último alerta há 1672.9 minutos
2026-03-15 08:46:28 [INFO] scanner -    ├─ Tempo mínimo: 1800 minutos
2026-03-15 08:46:28 [INFO] scanner -    └─ Próximo permitido em: 127.1 minutos
2026-03-15 08:46:30 [WARNING] root - Bloco de componentes falhou: cannot unpack non-iterable int object
2026-03-15 08:46:30 [INFO] scanner - ✅ Validações OK [ETH/USDT]: Score=7.0, R:R=2.00
2026-03-15 08:46:30 [INFO] scanner - ⏸️  Throttle ativo [ETH/USDT]:
2026-03-15 08:46:30 [INFO] scanner -    ├─ Último alerta há 717.9 minutos
2026-03-15 08:46:30 [INFO] scanner -    ├─ Tempo mínimo: 1800 minutos
2026-03-15 08:46:30 [INFO] scanner -    └─ Próximo permitido em: 1082.1 minutos
2026-03-15 09:34:19 [INFO] scanner - ============================================================
2026-03-15 09:34:19 [INFO] scanner - 🚀 SCANNER INICIADO
2026-03-15 09:34:19 [INFO] scanner - 📅 Data/Hora: 15/03/2026 09:34:19
2026-03-15 09:34:19 [INFO] scanner - 📂 Log: logs/scanner_2026-03-15.log
2026-03-15 09:34:19 [INFO] scanner - ============================================================
2026-03-15 09:34:19 [INFO] scanner - 📝 PAPER MODE ATIVO - Apenas registro e análise
2026-03-15 09:34:22 [WARNING] root - Bloco de componentes falhou: cannot unpack non-iterable int object
2026-03-15 09:34:22 [INFO] scanner - ✅ Validações OK [BTC/USDT]: Score=7.0, R:R=2.08
2026-03-15 09:34:22 [INFO] scanner - ⏸️  Throttle ativo [BTC/USDT]:
2026-03-15 09:34:22 [INFO] scanner -    ├─ Último alerta há 1720.9 minutos
2026-03-15 09:34:22 [INFO] scanner -    ├─ Tempo mínimo: 1800 minutos
2026-03-15 09:34:22 [INFO] scanner -    └─ Próximo permitido em: 79.1 minutos
2026-03-15 09:34:23 [WARNING] root - Bloco de componentes falhou: cannot unpack non-iterable int object
2026-03-15 09:34:23 [INFO] scanner - ✅ Validações OK [BTC/USDT]: Score=7.0, R:R=2.08
2026-03-15 09:34:23 [INFO] scanner - ⏸️  Throttle ativo [BTC/USDT]:
2026-03-15 09:34:23 [INFO] scanner -    ├─ Último alerta há 1720.9 minutos
2026-03-15 09:34:23 [INFO] scanner -    ├─ Tempo mínimo: 1800 minutos
2026-03-15 09:34:23 [INFO] scanner -    └─ Próximo permitido em: 79.1 minutos
2026-03-15 09:34:25 [WARNING] root - Bloco de componentes falhou: cannot unpack non-iterable int object
2026-03-15 09:34:25 [INFO] scanner - ✅ Validações OK [ETH/USDT]: Score=7.0, R:R=2.00
2026-03-15 09:34:25 [INFO] scanner - ⏸️  Throttle ativo [ETH/USDT]:
2026-03-15 09:34:25 [INFO] scanner -    ├─ Último alerta há 765.9 minutos
2026-03-15 09:34:25 [INFO] scanner -    ├─ Tempo mínimo: 1800 minutos
2026-03-15 09:34:25 [INFO] scanner -    └─ Próximo permitido em: 1034.1 minutos
2026-03-15 09:34:25 [WARNING] root - Bloco de componentes falhou: cannot unpack non-iterable int object
2026-03-15 09:34:25 [INFO] scanner - ✅ Validações OK [ETH/USDT]: Score=7.0, R:R=2.00
2026-03-15 09:34:25 [INFO] scanner - ⏸️  Throttle ativo [ETH/USDT]:
2026-03-15 09:34:25 [INFO] scanner -    ├─ Último alerta há 765.9 minutos
2026-03-15 09:34:25 [INFO] scanner -    ├─ Tempo mínimo: 1800 minutos
2026-03-15 09:34:25 [INFO] scanner -    └─ Próximo permitido em: 1034.1 minutos
2026-03-15 10:33:40 [INFO] scanner - ============================================================
2026-03-15 10:33:40 [INFO] scanner - 🚀 SCANNER INICIADO
2026-03-15 10:33:40 [INFO] scanner - 📅 Data/Hora: 15/03/2026 10:33:40
2026-03-15 10:33:40 [INFO] scanner - 📂 Log: logs/scanner_2026-03-15.log
2026-03-15 10:33:40 [INFO] scanner - ============================================================
2026-03-15 10:33:40 [INFO] scanner - 📝 PAPER MODE ATIVO - Apenas registro e análise
2026-03-15 10:33:43 [WARNING] root - Bloco de componentes falhou: cannot unpack non-iterable int object
2026-03-15 10:33:43 [INFO] scanner - ✅ Validações OK [BTC/USDT]: Score=7.0, R:R=2.08
2026-03-15 10:33:43 [INFO] scanner - ⏸️  Throttle ativo [BTC/USDT]:
2026-03-15 10:33:43 [INFO] scanner -    ├─ Último alerta há 1780.2 minutos
2026-03-15 10:33:43 [INFO] scanner -    ├─ Tempo mínimo: 1800 minutos
2026-03-15 10:33:43 [INFO] scanner -    └─ Próximo permitido em: 19.8 minutos
2026-03-15 10:33:46 [WARNING] root - Bloco de componentes falhou: cannot unpack non-iterable int object
2026-03-15 10:33:46 [INFO] scanner - ✅ Validações OK [ETH/USDT]: Score=7.5, R:R=2.00
2026-03-15 10:33:46 [INFO] scanner - ⏸️  Throttle ativo [ETH/USDT]:
2026-03-15 10:33:46 [INFO] scanner -    ├─ Último alerta há 825.2 minutos
2026-03-15 10:33:46 [INFO] scanner -    ├─ Tempo mínimo: 1800 minutos
2026-03-15 10:33:46 [INFO] scanner -    └─ Próximo permitido em: 974.8 minutos
2026-03-15 10:33:46 [WARNING] root - Bloco de componentes falhou: cannot unpack non-iterable int object
2026-03-15 10:33:46 [INFO] scanner - ✅ Validações OK [ETH/USDT]: Score=7.5, R:R=2.00
2026-03-15 10:33:46 [INFO] scanner - ⏸️  Throttle ativo [ETH/USDT]:
2026-03-15 10:33:46 [INFO] scanner -    ├─ Último alerta há 825.2 minutos
2026-03-15 10:33:46 [INFO] scanner -    ├─ Tempo mínimo: 1800 minutos
2026-03-15 10:33:46 [INFO] scanner -    └─ Próximo permitido em: 974.8 minutos
2026-03-15 11:06:04 [INFO] scanner - ============================================================
2026-03-15 11:06:04 [INFO] scanner - 🚀 SCANNER INICIADO
2026-03-15 11:06:04 [INFO] scanner - 📅 Data/Hora: 15/03/2026 11:06:04
2026-03-15 11:06:04 [INFO] scanner - 📂 Log: logs/scanner_2026-03-15.log
2026-03-15 11:06:04 [INFO] scanner - ============================================================
2026-03-15 11:06:04 [INFO] scanner - 📝 PAPER MODE ATIVO - Apenas registro e análise
2026-03-15 11:06:08 [WARNING] root - Bloco de componentes falhou: cannot unpack non-iterable int object
2026-03-15 11:06:08 [INFO] scanner - ✅ Validações OK [BTC/USDT]: Score=7.0, R:R=2.08
2026-03-15 11:06:08 [INFO] scanner - ✅ Throttle OK [BTC/USDT]: Pode enviar
2026-03-15 11:06:08 [WARNING] root - Bloco de componentes falhou: cannot unpack non-iterable int object
2026-03-15 11:06:08 [INFO] scanner - ✅ Validações OK [BTC/USDT]: Score=7.0, R:R=2.08
2026-03-15 11:06:08 [INFO] scanner - ⏸️  Throttle ativo [BTC/USDT]:
2026-03-15 11:06:08 [INFO] scanner -    ├─ Último alerta há 0.0 minutos
2026-03-15 11:06:08 [INFO] scanner -    ├─ Tempo mínimo: 1800 minutos
2026-03-15 11:06:08 [INFO] scanner -    └─ Próximo permitido em: 1800.0 minutos
2026-03-15 11:06:11 [WARNING] root - Bloco de componentes falhou: cannot unpack non-iterable int object
2026-03-15 11:06:11 [INFO] scanner - ✅ Validações OK [ETH/USDT]: Score=7.5, R:R=2.00
2026-03-15 11:06:11 [INFO] scanner - ⏸️  Throttle ativo [ETH/USDT]:
2026-03-15 11:06:11 [INFO] scanner -    ├─ Último alerta há 857.6 minutos
2026-03-15 11:06:11 [INFO] scanner -    ├─ Tempo mínimo: 1800 minutos
2026-03-15 11:06:11 [INFO] scanner -    └─ Próximo permitido em: 942.4 minutos
2026-03-15 11:48:36 [INFO] scanner - ============================================================
2026-03-15 11:48:36 [INFO] scanner - 🚀 SCANNER INICIADO
2026-03-15 11:48:36 [INFO] scanner - 📅 Data/Hora: 15/03/2026 11:48:36
2026-03-15 11:48:36 [INFO] scanner - 📂 Log: logs/scanner_2026-03-15.log
2026-03-15 11:48:36 [INFO] scanner - ============================================================
2026-03-15 11:48:36 [INFO] scanner - 📝 PAPER MODE ATIVO - Apenas registro e análise
2026-03-15 11:48:39 [WARNING] root - Bloco de componentes falhou: cannot unpack non-iterable int object
2026-03-15 11:48:39 [INFO] scanner - ✅ Validações OK [BTC/USDT]: Score=7.0, R:R=2.08
2026-03-15 11:48:39 [INFO] scanner - ⏸️  Throttle ativo [BTC/USDT]:
2026-03-15 11:48:39 [INFO] scanner -    ├─ Último alerta há 42.5 minutos
2026-03-15 11:48:39 [INFO] scanner -    ├─ Tempo mínimo: 1800 minutos
2026-03-15 11:48:39 [INFO] scanner -    └─ Próximo permitido em: 1757.5 minutos
2026-03-15 11:48:39 [WARNING] root - Bloco de componentes falhou: cannot unpack non-iterable int object
2026-03-15 11:48:39 [INFO] scanner - ✅ Validações OK [BTC/USDT]: Score=7.0, R:R=2.08
2026-03-15 11:48:39 [INFO] scanner - ⏸️  Throttle ativo [BTC/USDT]:
2026-03-15 11:48:39 [INFO] scanner -    ├─ Último alerta há 42.5 minutos
2026-03-15 11:48:39 [INFO] scanner -    ├─ Tempo mínimo: 1800 minutos
2026-03-15 11:48:39 [INFO] scanner -    └─ Próximo permitido em: 1757.5 minutos
2026-03-15 11:48:41 [WARNING] root - Bloco de componentes falhou: cannot unpack non-iterable int object
2026-03-15 11:48:41 [INFO] scanner - ✅ Validações OK [ETH/USDT]: Score=7.5, R:R=2.00
2026-03-15 11:48:41 [INFO] scanner - ⏸️  Throttle ativo [ETH/USDT]:
2026-03-15 11:48:41 [INFO] scanner -    ├─ Último alerta há 900.1 minutos
2026-03-15 11:48:41 [INFO] scanner -    ├─ Tempo mínimo: 1800 minutos
2026-03-15 11:48:41 [INFO] scanner -    └─ Próximo permitido em: 899.9 minutos
2026-03-15 12:21:36 [INFO] scanner - ============================================================
2026-03-15 12:21:36 [INFO] scanner - 🚀 SCANNER INICIADO
2026-03-15 12:21:36 [INFO] scanner - 📅 Data/Hora: 15/03/2026 12:21:36
2026-03-15 12:21:36 [INFO] scanner - 📂 Log: logs/scanner_2026-03-15.log
2026-03-15 12:21:36 [INFO] scanner - ============================================================
2026-03-15 12:21:36 [INFO] scanner - 📝 PAPER MODE ATIVO - Apenas registro e análise
2026-03-15 12:21:39 [WARNING] root - Bloco de componentes falhou: cannot unpack non-iterable int object
2026-03-15 12:21:39 [INFO] scanner - ✅ Validações OK [BTC/USDT]: Score=7.0, R:R=2.08
2026-03-15 12:21:39 [INFO] scanner - ⏸️  Throttle ativo [BTC/USDT]:
2026-03-15 12:21:39 [INFO] scanner -    ├─ Último alerta há 75.5 minutos
2026-03-15 12:21:39 [INFO] scanner -    ├─ Tempo mínimo: 1800 minutos
2026-03-15 12:21:39 [INFO] scanner -    └─ Próximo permitido em: 1724.5 minutos
2026-03-15 12:21:39 [WARNING] root - Bloco de componentes falhou: cannot unpack non-iterable int object
2026-03-15 12:21:39 [INFO] scanner - ✅ Validações OK [BTC/USDT]: Score=7.0, R:R=2.08
2026-03-15 12:21:39 [INFO] scanner - ⏸️  Throttle ativo [BTC/USDT]:
2026-03-15 12:21:39 [INFO] scanner -    ├─ Último alerta há 75.5 minutos
2026-03-15 12:21:39 [INFO] scanner -    ├─ Tempo mínimo: 1800 minutos
2026-03-15 12:21:39 [INFO] scanner -    └─ Próximo permitido em: 1724.5 minutos
2026-03-15 12:21:42 [WARNING] root - Bloco de componentes falhou: cannot unpack non-iterable int object
2026-03-15 12:21:42 [INFO] scanner - ✅ Validações OK [ETH/USDT]: Score=7.5, R:R=2.00
2026-03-15 12:21:42 [INFO] scanner - ⏸️  Throttle ativo [ETH/USDT]:
2026-03-15 12:21:42 [INFO] scanner -    ├─ Último alerta há 933.1 minutos
2026-03-15 12:21:42 [INFO] scanner -    ├─ Tempo mínimo: 1800 minutos
2026-03-15 12:21:42 [INFO] scanner -    └─ Próximo permitido em: 866.9 minutos
2026-03-15 12:49:52 [INFO] scanner - ============================================================
2026-03-15 12:49:52 [INFO] scanner - 🚀 SCANNER INICIADO
2026-03-15 12:49:52 [INFO] scanner - 📅 Data/Hora: 15/03/2026 12:49:52
2026-03-15 12:49:52 [INFO] scanner - 📂 Log: logs/scanner_2026-03-15.log
2026-03-15 12:49:52 [INFO] scanner - ============================================================
2026-03-15 12:49:52 [INFO] scanner - 📝 PAPER MODE ATIVO - Apenas registro e análise
2026-03-15 12:49:55 [WARNING] root - Bloco de componentes falhou: cannot unpack non-iterable int object
2026-03-15 12:49:55 [INFO] scanner - ✅ Validações OK [BTC/USDT]: Score=7.0, R:R=2.08
2026-03-15 12:49:55 [INFO] scanner - ⏸️  Throttle ativo [BTC/USDT]:
2026-03-15 12:49:55 [INFO] scanner -    ├─ Último alerta há 103.8 minutos
2026-03-15 12:49:55 [INFO] scanner -    ├─ Tempo mínimo: 1800 minutos
2026-03-15 12:49:55 [INFO] scanner -    └─ Próximo permitido em: 1696.2 minutos
2026-03-15 12:49:55 [WARNING] root - Bloco de componentes falhou: cannot unpack non-iterable int object
2026-03-15 12:49:55 [INFO] scanner - ✅ Validações OK [BTC/USDT]: Score=7.0, R:R=2.08
2026-03-15 12:49:55 [INFO] scanner - ⏸️  Throttle ativo [BTC/USDT]:
2026-03-15 12:49:55 [INFO] scanner -    ├─ Último alerta há 103.8 minutos
2026-03-15 12:49:55 [INFO] scanner -    ├─ Tempo mínimo: 1800 minutos
2026-03-15 12:49:55 [INFO] scanner -    └─ Próximo permitido em: 1696.2 minutos
2026-03-15 12:49:57 [WARNING] root - Bloco de componentes falhou: cannot unpack non-iterable int object
2026-03-15 12:49:57 [INFO] scanner - ✅ Validações OK [ETH/USDT]: Score=7.5, R:R=2.00
2026-03-15 12:49:57 [INFO] scanner - ⏸️  Throttle ativo [ETH/USDT]:
2026-03-15 12:49:57 [INFO] scanner -    ├─ Último alerta há 961.4 minutos
2026-03-15 12:49:57 [INFO] scanner -    ├─ Tempo mínimo: 1800 minutos
2026-03-15 12:49:57 [INFO] scanner -    └─ Próximo permitido em: 838.6 minutos
2026-03-15 13:22:06 [INFO] scanner - ============================================================
2026-03-15 13:22:06 [INFO] scanner - 🚀 SCANNER INICIADO
2026-03-15 13:22:06 [INFO] scanner - 📅 Data/Hora: 15/03/2026 13:22:06
2026-03-15 13:22:06 [INFO] scanner - 📂 Log: logs/scanner_2026-03-15.log
2026-03-15 13:22:06 [INFO] scanner - ============================================================
2026-03-15 13:22:06 [INFO] scanner - 📝 PAPER MODE ATIVO - Apenas registro e análise
2026-03-15 13:22:09 [WARNING] root - Bloco de componentes falhou: cannot unpack non-iterable int object
2026-03-15 13:22:09 [INFO] scanner - ✅ Validações OK [BTC/USDT]: Score=7.0, R:R=2.08
2026-03-15 13:22:09 [INFO] scanner - ⏸️  Throttle ativo [BTC/USDT]:
2026-03-15 13:22:09 [INFO] scanner -    ├─ Último alerta há 136.0 minutos
2026-03-15 13:22:09 [INFO] scanner -    ├─ Tempo mínimo: 1800 minutos
2026-03-15 13:22:09 [INFO] scanner -    └─ Próximo permitido em: 1664.0 minutos
2026-03-15 13:22:11 [WARNING] root - Bloco de componentes falhou: cannot unpack non-iterable int object
2026-03-15 13:22:11 [INFO] scanner - ✅ Validações OK [ETH/USDT]: Score=7.0, R:R=2.00
2026-03-15 13:22:11 [INFO] scanner - ⏸️  Throttle ativo [ETH/USDT]:
2026-03-15 13:22:11 [INFO] scanner -    ├─ Último alerta há 993.6 minutos
2026-03-15 13:22:11 [INFO] scanner -    ├─ Tempo mínimo: 1800 minutos
2026-03-15 13:22:11 [INFO] scanner -    └─ Próximo permitido em: 806.4 minutos
