2026-04-21 04:23:22 [INFO] scanner - ============================================================
2026-04-21 04:23:22 [INFO] scanner - 🚀 SCANNER INICIADO
2026-04-21 04:23:22 [INFO] scanner - 📅 Data/Hora: 21/04/2026 04:23:22
2026-04-21 04:23:22 [INFO] scanner - 📂 Log: logs/scanner_2026-04-21.log
2026-04-21 04:23:22 [INFO] scanner - ============================================================
2026-04-21 04:23:22 [INFO] scanner - 📝 PAPER MODE ATIVO - Apenas registro e análise
2026-04-21 04:23:26 [WARNING] root - Bloco de componentes falhou: cannot unpack non-iterable int object
2026-04-21 04:23:26 [INFO] scanner - ✅ Validações OK [BTC/USDT]: Score=7.3, R:R=2.08
2026-04-21 04:23:26 [INFO] scanner - ⏸️  Throttle ativo [BTC/USDT]:
2026-04-21 04:23:26 [INFO] scanner -    ├─ Último alerta há 1030.4 minutos
2026-04-21 04:23:26 [INFO] scanner -    ├─ Tempo mínimo: 1800 minutos
2026-04-21 04:23:26 [INFO] scanner -    └─ Próximo permitido em: 769.6 minutos
2026-04-21 06:09:33 [INFO] scanner - ============================================================
2026-04-21 06:09:33 [INFO] scanner - 🚀 SCANNER INICIADO
2026-04-21 06:09:33 [INFO] scanner - 📅 Data/Hora: 21/04/2026 06:09:33
2026-04-21 06:09:33 [INFO] scanner - 📂 Log: logs/scanner_2026-04-21.log
2026-04-21 06:09:33 [INFO] scanner - ============================================================
2026-04-21 06:09:33 [INFO] scanner - 📝 PAPER MODE ATIVO - Apenas registro e análise
2026-04-21 06:09:36 [WARNING] root - Bloco de componentes falhou: cannot unpack non-iterable int object
2026-04-21 06:09:36 [INFO] scanner - ✅ Validações OK [BTC/USDT]: Score=7.3, R:R=2.08
2026-04-21 06:09:36 [INFO] scanner - ⏸️  Throttle ativo [BTC/USDT]:
2026-04-21 06:09:36 [INFO] scanner -    ├─ Último alerta há 1136.6 minutos
2026-04-21 06:09:36 [INFO] scanner -    ├─ Tempo mínimo: 1800 minutos
2026-04-21 06:09:36 [INFO] scanner -    └─ Próximo permitido em: 663.4 minutos
2026-04-21 06:09:36 [WARNING] root - Bloco de componentes falhou: cannot unpack non-iterable int object
2026-04-21 06:09:36 [INFO] scanner - ✅ Validações OK [BTC/USDT]: Score=7.3, R:R=2.08
2026-04-21 06:09:36 [INFO] scanner - ⏸️  Throttle ativo [BTC/USDT]:
2026-04-21 06:09:36 [INFO] scanner -    ├─ Último alerta há 1136.6 minutos
2026-04-21 06:09:36 [INFO] scanner -    ├─ Tempo mínimo: 1800 minutos
2026-04-21 06:09:36 [INFO] scanner -    └─ Próximo permitido em: 663.4 minutos
