2026-02-22 03:37:14 [INFO] scanner - ============================================================
2026-02-22 03:37:14 [INFO] scanner - 🚀 SCANNER INICIADO
2026-02-22 03:37:14 [INFO] scanner - 📅 Data/Hora: 22/02/2026 03:37:14
2026-02-22 03:37:14 [INFO] scanner - 📂 Log: logs/scanner_2026-02-22.log
2026-02-22 03:37:14 [INFO] scanner - ============================================================
2026-02-22 03:37:14 [INFO] scanner - 📝 PAPER MODE ATIVO - Apenas registro e análise
2026-02-22 04:24:51 [INFO] scanner - ============================================================
2026-02-22 04:24:51 [INFO] scanner - 🚀 SCANNER INICIADO
2026-02-22 04:24:51 [INFO] scanner - 📅 Data/Hora: 22/02/2026 04:24:51
2026-02-22 04:24:51 [INFO] scanner - 📂 Log: logs/scanner_2026-02-22.log
2026-02-22 04:24:51 [INFO] scanner - ============================================================
2026-02-22 04:24:51 [INFO] scanner - 📝 PAPER MODE ATIVO - Apenas registro e análise
2026-02-22 04:52:55 [INFO] scanner - ============================================================
2026-02-22 04:52:55 [INFO] scanner - 🚀 SCANNER INICIADO
2026-02-22 04:52:55 [INFO] scanner - 📅 Data/Hora: 22/02/2026 04:52:55
2026-02-22 04:52:55 [INFO] scanner - 📂 Log: logs/scanner_2026-02-22.log
2026-02-22 04:52:55 [INFO] scanner - ============================================================
2026-02-22 04:52:55 [INFO] scanner - 📝 PAPER MODE ATIVO - Apenas registro e análise
2026-02-22 05:22:12 [INFO] scanner - ============================================================
2026-02-22 05:22:12 [INFO] scanner - 🚀 SCANNER INICIADO
2026-02-22 05:22:12 [INFO] scanner - 📅 Data/Hora: 22/02/2026 05:22:12
2026-02-22 05:22:12 [INFO] scanner - 📂 Log: logs/scanner_2026-02-22.log
2026-02-22 05:22:12 [INFO] scanner - ============================================================
2026-02-22 05:22:12 [INFO] scanner - 📝 PAPER MODE ATIVO - Apenas registro e análise
2026-02-22 05:54:08 [INFO] scanner - ============================================================
2026-02-22 05:54:08 [INFO] scanner - 🚀 SCANNER INICIADO
2026-02-22 05:54:08 [INFO] scanner - 📅 Data/Hora: 22/02/2026 05:54:08
2026-02-22 05:54:08 [INFO] scanner - 📂 Log: logs/scanner_2026-02-22.log
2026-02-22 05:54:08 [INFO] scanner - ============================================================
2026-02-22 05:54:08 [INFO] scanner - 📝 PAPER MODE ATIVO - Apenas registro e análise
2026-02-22 06:22:27 [INFO] scanner - ============================================================
2026-02-22 06:22:27 [INFO] scanner - 🚀 SCANNER INICIADO
2026-02-22 06:22:27 [INFO] scanner - 📅 Data/Hora: 22/02/2026 06:22:27
2026-02-22 06:22:27 [INFO] scanner - 📂 Log: logs/scanner_2026-02-22.log
2026-02-22 06:22:27 [INFO] scanner - ============================================================
2026-02-22 06:22:27 [INFO] scanner - 📝 PAPER MODE ATIVO - Apenas registro e análise
2026-02-22 06:51:55 [INFO] scanner - ============================================================
2026-02-22 06:51:55 [INFO] scanner - 🚀 SCANNER INICIADO
2026-02-22 06:51:55 [INFO] scanner - 📅 Data/Hora: 22/02/2026 06:51:55
2026-02-22 06:51:55 [INFO] scanner - 📂 Log: logs/scanner_2026-02-22.log
2026-02-22 06:51:55 [INFO] scanner - ============================================================
2026-02-22 06:51:55 [INFO] scanner - 📝 PAPER MODE ATIVO - Apenas registro e análise
2026-02-22 07:17:12 [INFO] scanner - ============================================================
2026-02-22 07:17:12 [INFO] scanner - 🚀 SCANNER INICIADO
2026-02-22 07:17:12 [INFO] scanner - 📅 Data/Hora: 22/02/2026 07:17:12
2026-02-22 07:17:12 [INFO] scanner - 📂 Log: logs/scanner_2026-02-22.log
2026-02-22 07:17:12 [INFO] scanner - ============================================================
2026-02-22 07:17:12 [INFO] scanner - 📝 PAPER MODE ATIVO - Apenas registro e análise
2026-02-22 07:49:51 [INFO] scanner - ============================================================
2026-02-22 07:49:51 [INFO] scanner - 🚀 SCANNER INICIADO
2026-02-22 07:49:51 [INFO] scanner - 📅 Data/Hora: 22/02/2026 07:49:51
2026-02-22 07:49:51 [INFO] scanner - 📂 Log: logs/scanner_2026-02-22.log
2026-02-22 07:49:51 [INFO] scanner - ============================================================
2026-02-22 07:49:51 [INFO] scanner - 📝 PAPER MODE ATIVO - Apenas registro e análise
2026-02-22 08:14:49 [INFO] scanner - ============================================================
2026-02-22 08:14:49 [INFO] scanner - 🚀 SCANNER INICIADO
2026-02-22 08:14:49 [INFO] scanner - 📅 Data/Hora: 22/02/2026 08:14:49
2026-02-22 08:14:49 [INFO] scanner - 📂 Log: logs/scanner_2026-02-22.log
2026-02-22 08:14:49 [INFO] scanner - ============================================================
2026-02-22 08:14:49 [INFO] scanner - 📝 PAPER MODE ATIVO - Apenas registro e análise
2026-02-22 08:35:01 [INFO] scanner - ============================================================
2026-02-22 08:35:01 [INFO] scanner - 🚀 SCANNER INICIADO
2026-02-22 08:35:01 [INFO] scanner - 📅 Data/Hora: 22/02/2026 08:35:01
2026-02-22 08:35:01 [INFO] scanner - 📂 Log: logs/scanner_2026-02-22.log
2026-02-22 08:35:01 [INFO] scanner - ============================================================
2026-02-22 08:35:01 [INFO] scanner - 📝 PAPER MODE ATIVO - Apenas registro e análise
2026-02-22 08:52:52 [INFO] scanner - ============================================================
2026-02-22 08:52:52 [INFO] scanner - 🚀 SCANNER INICIADO
2026-02-22 08:52:52 [INFO] scanner - 📅 Data/Hora: 22/02/2026 08:52:52
2026-02-22 08:52:52 [INFO] scanner - 📂 Log: logs/scanner_2026-02-22.log
2026-02-22 08:52:52 [INFO] scanner - ============================================================
2026-02-22 08:52:52 [INFO] scanner - 📝 PAPER MODE ATIVO - Apenas registro e análise
2026-02-22 09:30:47 [INFO] scanner - ============================================================
2026-02-22 09:30:47 [INFO] scanner - 🚀 SCANNER INICIADO
2026-02-22 09:30:47 [INFO] scanner - 📅 Data/Hora: 22/02/2026 09:30:47
2026-02-22 09:30:47 [INFO] scanner - 📂 Log: logs/scanner_2026-02-22.log
2026-02-22 09:30:47 [INFO] scanner - ============================================================
2026-02-22 09:30:47 [INFO] scanner - 📝 PAPER MODE ATIVO - Apenas registro e análise
2026-02-22 10:30:49 [INFO] scanner - ============================================================
2026-02-22 10:30:49 [INFO] scanner - 🚀 SCANNER INICIADO
2026-02-22 10:30:49 [INFO] scanner - 📅 Data/Hora: 22/02/2026 10:30:49
2026-02-22 10:30:49 [INFO] scanner - 📂 Log: logs/scanner_2026-02-22.log
2026-02-22 10:30:49 [INFO] scanner - ============================================================
2026-02-22 10:30:49 [INFO] scanner - 📝 PAPER MODE ATIVO - Apenas registro e análise
2026-02-22 11:02:59 [INFO] scanner - ============================================================
2026-02-22 11:02:59 [INFO] scanner - 🚀 SCANNER INICIADO
2026-02-22 11:02:59 [INFO] scanner - 📅 Data/Hora: 22/02/2026 11:02:59
2026-02-22 11:02:59 [INFO] scanner - 📂 Log: logs/scanner_2026-02-22.log
2026-02-22 11:02:59 [INFO] scanner - ============================================================
2026-02-22 11:02:59 [INFO] scanner - 📝 PAPER MODE ATIVO - Apenas registro e análise
2026-02-22 11:43:30 [INFO] scanner - ============================================================
2026-02-22 11:43:30 [INFO] scanner - 🚀 SCANNER INICIADO
2026-02-22 11:43:30 [INFO] scanner - 📅 Data/Hora: 22/02/2026 11:43:30
2026-02-22 11:43:30 [INFO] scanner - 📂 Log: logs/scanner_2026-02-22.log
2026-02-22 11:43:30 [INFO] scanner - ============================================================
2026-02-22 11:43:30 [INFO] scanner - 📝 PAPER MODE ATIVO - Apenas registro e análise
2026-02-22 11:58:49 [INFO] scanner - ============================================================
2026-02-22 11:58:49 [INFO] scanner - 🚀 SCANNER INICIADO
2026-02-22 11:58:49 [INFO] scanner - 📅 Data/Hora: 22/02/2026 11:58:49
2026-02-22 11:58:49 [INFO] scanner - 📂 Log: logs/scanner_2026-02-22.log
2026-02-22 11:58:49 [INFO] scanner - ============================================================
2026-02-22 11:58:49 [INFO] scanner - 📝 PAPER MODE ATIVO - Apenas registro e análise
2026-02-22 12:26:37 [INFO] scanner - ============================================================
2026-02-22 12:26:37 [INFO] scanner - 🚀 SCANNER INICIADO
2026-02-22 12:26:37 [INFO] scanner - 📅 Data/Hora: 22/02/2026 12:26:37
2026-02-22 12:26:37 [INFO] scanner - 📂 Log: logs/scanner_2026-02-22.log
2026-02-22 12:26:37 [INFO] scanner - ============================================================
2026-02-22 12:26:37 [INFO] scanner - 📝 PAPER MODE ATIVO - Apenas registro e análise
2026-02-22 12:47:05 [INFO] scanner - ============================================================
2026-02-22 12:47:05 [INFO] scanner - 🚀 SCANNER INICIADO
2026-02-22 12:47:05 [INFO] scanner - 📅 Data/Hora: 22/02/2026 12:47:05
2026-02-22 12:47:05 [INFO] scanner - 📂 Log: logs/scanner_2026-02-22.log
2026-02-22 12:47:05 [INFO] scanner - ============================================================
2026-02-22 12:47:05 [INFO] scanner - 📝 PAPER MODE ATIVO - Apenas registro e análise
2026-02-22 12:47:08 [WARNING] root - Bloco de componentes falhou: cannot unpack non-iterable int object
2026-02-22 12:47:08 [INFO] scanner - ✅ Validações OK [BTC/USDT]: Score=7.0, R:R=2.08
2026-02-22 12:47:08 [INFO] scanner - ⏸️  Throttle ativo [BTC/USDT]:
2026-02-22 12:47:08 [INFO] scanner -    ├─ Último alerta há 1769.3 minutos
2026-02-22 12:47:08 [INFO] scanner -    ├─ Tempo mínimo: 1800 minutos
2026-02-22 12:47:08 [INFO] scanner -    └─ Próximo permitido em: 30.7 minutos
2026-02-22 13:20:03 [INFO] scanner - ============================================================
2026-02-22 13:20:03 [INFO] scanner - 🚀 SCANNER INICIADO
2026-02-22 13:20:03 [INFO] scanner - 📅 Data/Hora: 22/02/2026 13:20:03
2026-02-22 13:20:03 [INFO] scanner - 📂 Log: logs/scanner_2026-02-22.log
2026-02-22 13:20:03 [INFO] scanner - ============================================================
2026-02-22 13:20:03 [INFO] scanner - 📝 PAPER MODE ATIVO - Apenas registro e análise
2026-02-22 13:53:45 [INFO] scanner - ============================================================
2026-02-22 13:53:45 [INFO] scanner - 🚀 SCANNER INICIADO
2026-02-22 13:53:45 [INFO] scanner - 📅 Data/Hora: 22/02/2026 13:53:45
2026-02-22 13:53:45 [INFO] scanner - 📂 Log: logs/scanner_2026-02-22.log
2026-02-22 13:53:45 [INFO] scanner - ============================================================
2026-02-22 13:53:45 [INFO] scanner - 📝 PAPER MODE ATIVO - Apenas registro e análise
2026-02-22 14:18:51 [INFO] scanner - ============================================================
2026-02-22 14:18:51 [INFO] scanner - 🚀 SCANNER INICIADO
2026-02-22 14:18:51 [INFO] scanner - 📅 Data/Hora: 22/02/2026 14:18:51
2026-02-22 14:18:51 [INFO] scanner - 📂 Log: logs/scanner_2026-02-22.log
2026-02-22 14:18:51 [INFO] scanner - ============================================================
2026-02-22 14:18:51 [INFO] scanner - 📝 PAPER MODE ATIVO - Apenas registro e análise
2026-02-22 14:48:47 [INFO] scanner - ============================================================
2026-02-22 14:48:47 [INFO] scanner - 🚀 SCANNER INICIADO
2026-02-22 14:48:47 [INFO] scanner - 📅 Data/Hora: 22/02/2026 14:48:47
2026-02-22 14:48:47 [INFO] scanner - 📂 Log: logs/scanner_2026-02-22.log
2026-02-22 14:48:47 [INFO] scanner - ============================================================
2026-02-22 14:48:47 [INFO] scanner - 📝 PAPER MODE ATIVO - Apenas registro e análise
2026-02-22 15:23:24 [INFO] scanner - ============================================================
2026-02-22 15:23:24 [INFO] scanner - 🚀 SCANNER INICIADO
2026-02-22 15:23:24 [INFO] scanner - 📅 Data/Hora: 22/02/2026 15:23:24
2026-02-22 15:23:24 [INFO] scanner - 📂 Log: logs/scanner_2026-02-22.log
2026-02-22 15:23:24 [INFO] scanner - ============================================================
2026-02-22 15:23:24 [INFO] scanner - 📝 PAPER MODE ATIVO - Apenas registro e análise
2026-02-22 15:59:12 [INFO] scanner - ============================================================
2026-02-22 15:59:12 [INFO] scanner - 🚀 SCANNER INICIADO
2026-02-22 15:59:12 [INFO] scanner - 📅 Data/Hora: 22/02/2026 15:59:12
2026-02-22 15:59:12 [INFO] scanner - 📂 Log: logs/scanner_2026-02-22.log
2026-02-22 15:59:12 [INFO] scanner - ============================================================
2026-02-22 15:59:12 [INFO] scanner - 📝 PAPER MODE ATIVO - Apenas registro e análise
2026-02-22 16:27:19 [INFO] scanner - ============================================================
2026-02-22 16:27:19 [INFO] scanner - 🚀 SCANNER INICIADO
2026-02-22 16:27:19 [INFO] scanner - 📅 Data/Hora: 22/02/2026 16:27:19
2026-02-22 16:27:19 [INFO] scanner - 📂 Log: logs/scanner_2026-02-22.log
2026-02-22 16:27:19 [INFO] scanner - ============================================================
2026-02-22 16:27:19 [INFO] scanner - 📝 PAPER MODE ATIVO - Apenas registro e análise
2026-02-22 16:44:28 [INFO] scanner - ============================================================
2026-02-22 16:44:28 [INFO] scanner - 🚀 SCANNER INICIADO
2026-02-22 16:44:28 [INFO] scanner - 📅 Data/Hora: 22/02/2026 16:44:28
2026-02-22 16:44:28 [INFO] scanner - 📂 Log: logs/scanner_2026-02-22.log
2026-02-22 16:44:28 [INFO] scanner - ============================================================
2026-02-22 16:44:28 [INFO] scanner - 📝 PAPER MODE ATIVO - Apenas registro e análise
2026-02-22 16:55:36 [INFO] scanner - ============================================================
2026-02-22 16:55:36 [INFO] scanner - 🚀 SCANNER INICIADO
2026-02-22 16:55:36 [INFO] scanner - 📅 Data/Hora: 22/02/2026 16:55:36
2026-02-22 16:55:36 [INFO] scanner - 📂 Log: logs/scanner_2026-02-22.log
2026-02-22 16:55:36 [INFO] scanner - ============================================================
2026-02-22 16:55:36 [INFO] scanner - 📝 PAPER MODE ATIVO - Apenas registro e análise
2026-02-22 17:17:31 [INFO] scanner - ============================================================
2026-02-22 17:17:31 [INFO] scanner - 🚀 SCANNER INICIADO
2026-02-22 17:17:31 [INFO] scanner - 📅 Data/Hora: 22/02/2026 17:17:31
2026-02-22 17:17:31 [INFO] scanner - 📂 Log: logs/scanner_2026-02-22.log
2026-02-22 17:17:31 [INFO] scanner - ============================================================
2026-02-22 17:17:31 [INFO] scanner - 📝 PAPER MODE ATIVO - Apenas registro e análise
