2026-06-29 07:24:44 [INFO] scanner - ============================================================
2026-06-29 07:24:44 [INFO] scanner - 🚀 SCANNER INICIADO
2026-06-29 07:24:44 [INFO] scanner - 📅 Data/Hora: 29/06/2026 07:24:44
2026-06-29 07:24:44 [INFO] scanner - 📂 Log: logs/scanner_2026-06-29.log
2026-06-29 07:24:44 [INFO] scanner - ============================================================
2026-06-29 07:24:44 [INFO] scanner - 📝 PAPER MODE ATIVO - Apenas registro e análise
2026-06-29 07:24:47 [WARNING] root - Bloco de componentes falhou: cannot unpack non-iterable int object
2026-06-29 07:24:47 [INFO] scanner - ✅ Validações OK [BTC/USDT]: Score=7.3, R:R=2.08
2026-06-29 07:24:47 [INFO] scanner - ⏸️  Throttle ativo [BTC/USDT]:
2026-06-29 07:24:47 [INFO] scanner -    ├─ Último alerta há 1209.9 minutos
2026-06-29 07:24:47 [INFO] scanner -    ├─ Tempo mínimo: 1800 minutos
2026-06-29 07:24:47 [INFO] scanner -    └─ Próximo permitido em: 590.1 minutos
2026-06-29 07:24:49 [WARNING] root - Bloco de componentes falhou: cannot unpack non-iterable int object
2026-06-29 07:24:49 [INFO] scanner - ✅ Validações OK [ETH/USDT]: Score=7.3, R:R=2.00
2026-06-29 07:24:49 [INFO] scanner - ⏸️  Throttle ativo [ETH/USDT]:
2026-06-29 07:24:49 [INFO] scanner -    ├─ Último alerta há 1209.9 minutos
2026-06-29 07:24:49 [INFO] scanner -    ├─ Tempo mínimo: 1800 minutos
2026-06-29 07:24:49 [INFO] scanner -    └─ Próximo permitido em: 590.1 minutos
2026-06-29 11:31:29 [INFO] scanner - ============================================================
2026-06-29 11:31:29 [INFO] scanner - 🚀 SCANNER INICIADO
2026-06-29 11:31:29 [INFO] scanner - 📅 Data/Hora: 29/06/2026 11:31:29
2026-06-29 11:31:29 [INFO] scanner - 📂 Log: logs/scanner_2026-06-29.log
2026-06-29 11:31:29 [INFO] scanner - ============================================================
2026-06-29 11:31:29 [INFO] scanner - 📝 PAPER MODE ATIVO - Apenas registro e análise
2026-06-29 11:31:33 [WARNING] root - Bloco de componentes falhou: cannot unpack non-iterable int object
2026-06-29 11:31:33 [INFO] scanner - ✅ Validações OK [BTC/USDT]: Score=7.3, R:R=2.08
2026-06-29 11:31:33 [INFO] scanner - ⏸️  Throttle ativo [BTC/USDT]:
2026-06-29 11:31:33 [INFO] scanner -    ├─ Último alerta há 1456.7 minutos
2026-06-29 11:31:33 [INFO] scanner -    ├─ Tempo mínimo: 1800 minutos
2026-06-29 11:31:33 [INFO] scanner -    └─ Próximo permitido em: 343.3 minutos
2026-06-29 14:18:53 [INFO] scanner - ============================================================
2026-06-29 14:18:53 [INFO] scanner - 🚀 SCANNER INICIADO
2026-06-29 14:18:53 [INFO] scanner - 📅 Data/Hora: 29/06/2026 14:18:53
2026-06-29 14:18:53 [INFO] scanner - 📂 Log: logs/scanner_2026-06-29.log
2026-06-29 14:18:53 [INFO] scanner - ============================================================
2026-06-29 14:18:53 [INFO] scanner - 📝 PAPER MODE ATIVO - Apenas registro e análise
2026-06-29 14:18:56 [WARNING] root - Bloco de componentes falhou: cannot unpack non-iterable int object
2026-06-29 14:18:56 [INFO] scanner - ✅ Validações OK [BTC/USDT]: Score=7.3, R:R=2.08
2026-06-29 14:18:56 [INFO] scanner - ⏸️  Throttle ativo [BTC/USDT]:
2026-06-29 14:18:56 [INFO] scanner -    ├─ Último alerta há 1624.1 minutos
2026-06-29 14:18:56 [INFO] scanner -    ├─ Tempo mínimo: 1800 minutos
2026-06-29 14:18:56 [INFO] scanner -    └─ Próximo permitido em: 175.9 minutos
2026-06-29 14:18:57 [WARNING] root - Bloco de componentes falhou: cannot unpack non-iterable int object
2026-06-29 14:18:57 [INFO] scanner - ✅ Validações OK [BTC/USDT]: Score=7.3, R:R=2.08
2026-06-29 14:18:57 [INFO] scanner - ⏸️  Throttle ativo [BTC/USDT]:
2026-06-29 14:18:57 [INFO] scanner -    ├─ Último alerta há 1624.1 minutos
2026-06-29 14:18:57 [INFO] scanner -    ├─ Tempo mínimo: 1800 minutos
2026-06-29 14:18:57 [INFO] scanner -    └─ Próximo permitido em: 175.9 minutos
2026-06-29 14:18:59 [WARNING] root - Bloco de componentes falhou: cannot unpack non-iterable int object
2026-06-29 14:18:59 [INFO] scanner - ✅ Validações OK [ETH/USDT]: Score=7.8, R:R=2.00
2026-06-29 14:18:59 [INFO] scanner - ⏸️  Throttle ativo [ETH/USDT]:
2026-06-29 14:18:59 [INFO] scanner -    ├─ Último alerta há 1624.1 minutos
2026-06-29 14:18:59 [INFO] scanner -    ├─ Tempo mínimo: 1800 minutos
2026-06-29 14:18:59 [INFO] scanner -    └─ Próximo permitido em: 175.9 minutos
2026-06-29 14:18:59 [WARNING] root - Bloco de componentes falhou: cannot unpack non-iterable int object
2026-06-29 14:18:59 [INFO] scanner - ✅ Validações OK [ETH/USDT]: Score=7.8, R:R=2.00
2026-06-29 14:18:59 [INFO] scanner - ⏸️  Throttle ativo [ETH/USDT]:
2026-06-29 14:18:59 [INFO] scanner -    ├─ Último alerta há 1624.1 minutos
2026-06-29 14:18:59 [INFO] scanner -    ├─ Tempo mínimo: 1800 minutos
2026-06-29 14:18:59 [INFO] scanner -    └─ Próximo permitido em: 175.9 minutos
2026-06-29 14:18:59 [WARNING] root - Bloco de componentes falhou: cannot unpack non-iterable int object
2026-06-29 14:18:59 [INFO] scanner - ✅ Validações OK [ETH/USDT]: Score=7.8, R:R=2.00
2026-06-29 14:18:59 [INFO] scanner - ⏸️  Throttle ativo [ETH/USDT]:
2026-06-29 14:18:59 [INFO] scanner -    ├─ Último alerta há 1624.1 minutos
2026-06-29 14:18:59 [INFO] scanner -    ├─ Tempo mínimo: 1800 minutos
2026-06-29 14:18:59 [INFO] scanner -    └─ Próximo permitido em: 175.9 minutos
2026-06-29 16:19:29 [INFO] scanner - ============================================================
2026-06-29 16:19:29 [INFO] scanner - 🚀 SCANNER INICIADO
2026-06-29 16:19:29 [INFO] scanner - 📅 Data/Hora: 29/06/2026 16:19:29
2026-06-29 16:19:29 [INFO] scanner - 📂 Log: logs/scanner_2026-06-29.log
2026-06-29 16:19:29 [INFO] scanner - ============================================================
2026-06-29 16:19:29 [INFO] scanner - 📝 PAPER MODE ATIVO - Apenas registro e análise
2026-06-29 16:19:33 [WARNING] root - Bloco de componentes falhou: cannot unpack non-iterable int object
2026-06-29 16:19:33 [INFO] scanner - ✅ Validações OK [BTC/USDT]: Score=7.3, R:R=2.08
2026-06-29 16:19:33 [INFO] scanner - ⏸️  Throttle ativo [BTC/USDT]:
2026-06-29 16:19:33 [INFO] scanner -    ├─ Último alerta há 1744.7 minutos
2026-06-29 16:19:33 [INFO] scanner -    ├─ Tempo mínimo: 1800 minutos
2026-06-29 16:19:33 [INFO] scanner -    └─ Próximo permitido em: 55.3 minutos
2026-06-29 16:19:35 [WARNING] root - Bloco de componentes falhou: cannot unpack non-iterable int object
2026-06-29 16:19:35 [INFO] scanner - ✅ Validações OK [ETH/USDT]: Score=7.8, R:R=2.00
2026-06-29 16:19:35 [INFO] scanner - ⏸️  Throttle ativo [ETH/USDT]:
2026-06-29 16:19:35 [INFO] scanner -    ├─ Último alerta há 1744.7 minutos
2026-06-29 16:19:35 [INFO] scanner -    ├─ Tempo mínimo: 1800 minutos
2026-06-29 16:19:35 [INFO] scanner -    └─ Próximo permitido em: 55.3 minutos
2026-06-29 18:05:00 [INFO] scanner - ============================================================
2026-06-29 18:05:00 [INFO] scanner - 🚀 SCANNER INICIADO
2026-06-29 18:05:00 [INFO] scanner - 📅 Data/Hora: 29/06/2026 18:05:00
2026-06-29 18:05:00 [INFO] scanner - 📂 Log: logs/scanner_2026-06-29.log
2026-06-29 18:05:00 [INFO] scanner - ============================================================
2026-06-29 18:05:00 [INFO] scanner - 📝 PAPER MODE ATIVO - Apenas registro e análise
2026-06-29 18:05:04 [WARNING] root - Bloco de componentes falhou: cannot unpack non-iterable int object
2026-06-29 18:05:04 [INFO] scanner - ✅ Validações OK [BTC/USDT]: Score=7.3, R:R=2.08
2026-06-29 18:05:04 [INFO] scanner - ✅ Throttle OK [BTC/USDT]: Pode enviar
2026-06-29 18:05:04 [INFO] scanner - 📝 Sinal no ledger: 20260629_180504_846431 - BTC/USDT
2026-06-29 18:05:04 [INFO] scanner - 📨 Alerta enviado | ID Ledger: 20260629_180504_846431
2026-06-29 18:05:07 [WARNING] root - Bloco de componentes falhou: cannot unpack non-iterable int object
2026-06-29 18:05:07 [INFO] scanner - ✅ Validações OK [ETH/USDT]: Score=7.8, R:R=2.00
2026-06-29 18:05:07 [INFO] scanner - ✅ Throttle OK [ETH/USDT]: Pode enviar
2026-06-29 18:05:07 [WARNING] root - Bloco de componentes falhou: cannot unpack non-iterable int object
2026-06-29 18:05:07 [INFO] scanner - ✅ Validações OK [ETH/USDT]: Score=7.3, R:R=2.00
2026-06-29 18:05:07 [INFO] scanner - ⏸️  Throttle ativo [ETH/USDT]:
2026-06-29 18:05:07 [INFO] scanner -    ├─ Último alerta há 0.0 minutos
2026-06-29 18:05:07 [INFO] scanner -    ├─ Tempo mínimo: 1800 minutos
2026-06-29 18:05:07 [INFO] scanner -    └─ Próximo permitido em: 1800.0 minutos
