2026-07-13 05:51:35 [INFO] scanner - ============================================================
2026-07-13 05:51:35 [INFO] scanner - 🚀 SCANNER INICIADO
2026-07-13 05:51:35 [INFO] scanner - 📅 Data/Hora: 13/07/2026 05:51:35
2026-07-13 05:51:35 [INFO] scanner - 📂 Log: logs/scanner_2026-07-13.log
2026-07-13 05:51:35 [INFO] scanner - ============================================================
2026-07-13 05:51:35 [INFO] scanner - 📝 PAPER MODE ATIVO - Apenas registro e análise
2026-07-13 05:51:38 [WARNING] root - Bloco de componentes falhou: cannot unpack non-iterable int object
2026-07-13 05:51:38 [INFO] scanner - ✅ Validações OK [BTC/USDT]: Score=7.3, R:R=2.08
2026-07-13 05:51:38 [INFO] scanner - ✅ Throttle OK [BTC/USDT]: Pode enviar
2026-07-13 05:51:39 [INFO] scanner - 📝 Sinal no ledger: 20260713_055139_180625 - BTC/USDT
2026-07-13 05:51:39 [INFO] scanner - 📨 Alerta enviado | ID Ledger: 20260713_055139_180625
2026-07-13 08:53:05 [INFO] scanner - ============================================================
2026-07-13 08:53:05 [INFO] scanner - 🚀 SCANNER INICIADO
2026-07-13 08:53:05 [INFO] scanner - 📅 Data/Hora: 13/07/2026 08:53:05
2026-07-13 08:53:05 [INFO] scanner - 📂 Log: logs/scanner_2026-07-13.log
2026-07-13 08:53:05 [INFO] scanner - ============================================================
2026-07-13 08:53:05 [INFO] scanner - 📝 PAPER MODE ATIVO - Apenas registro e análise
2026-07-13 08:53:09 [WARNING] root - Bloco de componentes falhou: cannot unpack non-iterable int object
2026-07-13 08:53:09 [INFO] scanner - ✅ Validações OK [BTC/USDT]: Score=7.3, R:R=2.08
2026-07-13 08:53:09 [INFO] scanner - ⏸️  Throttle ativo [BTC/USDT]:
2026-07-13 08:53:09 [INFO] scanner -    ├─ Último alerta há 181.5 minutos
2026-07-13 08:53:09 [INFO] scanner -    ├─ Tempo mínimo: 1800 minutos
2026-07-13 08:53:09 [INFO] scanner -    └─ Próximo permitido em: 1618.5 minutos
2026-07-13 11:09:23 [INFO] scanner - ============================================================
2026-07-13 11:09:23 [INFO] scanner - 🚀 SCANNER INICIADO
2026-07-13 11:09:23 [INFO] scanner - 📅 Data/Hora: 13/07/2026 11:09:23
2026-07-13 11:09:23 [INFO] scanner - 📂 Log: logs/scanner_2026-07-13.log
2026-07-13 11:09:23 [INFO] scanner - ============================================================
2026-07-13 11:09:23 [INFO] scanner - 📝 PAPER MODE ATIVO - Apenas registro e análise
2026-07-13 13:42:28 [INFO] scanner - ============================================================
2026-07-13 13:42:28 [INFO] scanner - 🚀 SCANNER INICIADO
2026-07-13 13:42:28 [INFO] scanner - 📅 Data/Hora: 13/07/2026 13:42:28
2026-07-13 13:42:28 [INFO] scanner - 📂 Log: logs/scanner_2026-07-13.log
2026-07-13 13:42:28 [INFO] scanner - ============================================================
2026-07-13 13:42:28 [INFO] scanner - 📝 PAPER MODE ATIVO - Apenas registro e análise
2026-07-13 13:42:32 [WARNING] root - Bloco de componentes falhou: cannot unpack non-iterable int object
2026-07-13 13:42:32 [INFO] scanner - ✅ Validações OK [BTC/USDT]: Score=7.3, R:R=2.08
2026-07-13 13:42:32 [INFO] scanner - ⏸️  Throttle ativo [BTC/USDT]:
2026-07-13 13:42:32 [INFO] scanner -    ├─ Último alerta há 470.9 minutos
2026-07-13 13:42:32 [INFO] scanner -    ├─ Tempo mínimo: 1800 minutos
2026-07-13 13:42:32 [INFO] scanner -    └─ Próximo permitido em: 1329.1 minutos
2026-07-13 13:42:33 [WARNING] root - Bloco de componentes falhou: cannot unpack non-iterable int object
2026-07-13 13:42:33 [INFO] scanner - ✅ Validações OK [BTC/USDT]: Score=7.3, R:R=2.08
2026-07-13 13:42:33 [INFO] scanner - ⏸️  Throttle ativo [BTC/USDT]:
2026-07-13 13:42:33 [INFO] scanner -    ├─ Último alerta há 470.9 minutos
2026-07-13 13:42:33 [INFO] scanner -    ├─ Tempo mínimo: 1800 minutos
2026-07-13 13:42:33 [INFO] scanner -    └─ Próximo permitido em: 1329.1 minutos
2026-07-13 15:20:37 [INFO] scanner - ============================================================
2026-07-13 15:20:37 [INFO] scanner - 🚀 SCANNER INICIADO
2026-07-13 15:20:37 [INFO] scanner - 📅 Data/Hora: 13/07/2026 15:20:37
2026-07-13 15:20:37 [INFO] scanner - 📂 Log: logs/scanner_2026-07-13.log
2026-07-13 15:20:37 [INFO] scanner - ============================================================
2026-07-13 15:20:37 [INFO] scanner - 📝 PAPER MODE ATIVO - Apenas registro e análise
2026-07-13 16:55:56 [INFO] scanner - ============================================================
2026-07-13 16:55:56 [INFO] scanner - 🚀 SCANNER INICIADO
2026-07-13 16:55:56 [INFO] scanner - 📅 Data/Hora: 13/07/2026 16:55:56
2026-07-13 16:55:56 [INFO] scanner - 📂 Log: logs/scanner_2026-07-13.log
2026-07-13 16:55:56 [INFO] scanner - ============================================================
2026-07-13 16:55:56 [INFO] scanner - 📝 PAPER MODE ATIVO - Apenas registro e análise
2026-07-13 16:56:00 [WARNING] root - Bloco de componentes falhou: cannot unpack non-iterable int object
2026-07-13 16:56:00 [INFO] scanner - ✅ Validações OK [BTC/USDT]: Score=8.3, R:R=2.08
2026-07-13 16:56:00 [INFO] scanner - ⏸️  Throttle ativo [BTC/USDT]:
2026-07-13 16:56:00 [INFO] scanner -    ├─ Último alerta há 664.4 minutos
2026-07-13 16:56:00 [INFO] scanner -    ├─ Tempo mínimo: 1800 minutos
2026-07-13 16:56:00 [INFO] scanner -    └─ Próximo permitido em: 1135.6 minutos
2026-07-13 16:56:00 [WARNING] root - Bloco de componentes falhou: cannot unpack non-iterable int object
2026-07-13 16:56:00 [INFO] scanner - ✅ Validações OK [BTC/USDT]: Score=7.3, R:R=2.08
2026-07-13 16:56:00 [INFO] scanner - ⏸️  Throttle ativo [BTC/USDT]:
2026-07-13 16:56:00 [INFO] scanner -    ├─ Último alerta há 664.4 minutos
2026-07-13 16:56:00 [INFO] scanner -    ├─ Tempo mínimo: 1800 minutos
2026-07-13 16:56:00 [INFO] scanner -    └─ Próximo permitido em: 1135.6 minutos
2026-07-13 17:52:04 [INFO] scanner - ============================================================
2026-07-13 17:52:04 [INFO] scanner - 🚀 SCANNER INICIADO
2026-07-13 17:52:04 [INFO] scanner - 📅 Data/Hora: 13/07/2026 17:52:04
2026-07-13 17:52:04 [INFO] scanner - 📂 Log: logs/scanner_2026-07-13.log
2026-07-13 17:52:04 [INFO] scanner - ============================================================
2026-07-13 17:52:04 [INFO] scanner - 📝 PAPER MODE ATIVO - Apenas registro e análise
2026-07-13 17:52:07 [WARNING] root - Bloco de componentes falhou: cannot unpack non-iterable int object
2026-07-13 17:52:07 [INFO] scanner - ✅ Validações OK [BTC/USDT]: Score=8.3, R:R=2.08
2026-07-13 17:52:07 [INFO] scanner - ⏸️  Throttle ativo [BTC/USDT]:
2026-07-13 17:52:07 [INFO] scanner -    ├─ Último alerta há 720.5 minutos
2026-07-13 17:52:07 [INFO] scanner -    ├─ Tempo mínimo: 1800 minutos
2026-07-13 17:52:07 [INFO] scanner -    └─ Próximo permitido em: 1079.5 minutos
2026-07-13 17:52:08 [WARNING] root - Bloco de componentes falhou: cannot unpack non-iterable int object
2026-07-13 17:52:08 [INFO] scanner - ✅ Validações OK [BTC/USDT]: Score=7.3, R:R=2.08
2026-07-13 17:52:08 [INFO] scanner - ⏸️  Throttle ativo [BTC/USDT]:
2026-07-13 17:52:08 [INFO] scanner -    ├─ Último alerta há 720.5 minutos
2026-07-13 17:52:08 [INFO] scanner -    ├─ Tempo mínimo: 1800 minutos
2026-07-13 17:52:08 [INFO] scanner -    └─ Próximo permitido em: 1079.5 minutos
2026-07-13 18:46:41 [INFO] scanner - ============================================================
2026-07-13 18:46:41 [INFO] scanner - 🚀 SCANNER INICIADO
2026-07-13 18:46:41 [INFO] scanner - 📅 Data/Hora: 13/07/2026 18:46:41
2026-07-13 18:46:41 [INFO] scanner - 📂 Log: logs/scanner_2026-07-13.log
2026-07-13 18:46:41 [INFO] scanner - ============================================================
2026-07-13 18:46:41 [INFO] scanner - 📝 PAPER MODE ATIVO - Apenas registro e análise
2026-07-13 18:46:45 [WARNING] root - Bloco de componentes falhou: cannot unpack non-iterable int object
2026-07-13 18:46:45 [INFO] scanner - ✅ Validações OK [BTC/USDT]: Score=8.3, R:R=2.08
2026-07-13 18:46:45 [INFO] scanner - ⏸️  Throttle ativo [BTC/USDT]:
2026-07-13 18:46:45 [INFO] scanner -    ├─ Último alerta há 775.1 minutos
2026-07-13 18:46:45 [INFO] scanner -    ├─ Tempo mínimo: 1800 minutos
2026-07-13 18:46:45 [INFO] scanner -    └─ Próximo permitido em: 1024.9 minutos
2026-07-13 18:46:45 [WARNING] root - Bloco de componentes falhou: cannot unpack non-iterable int object
2026-07-13 18:46:45 [INFO] scanner - ✅ Validações OK [BTC/USDT]: Score=7.3, R:R=2.08
2026-07-13 18:46:45 [INFO] scanner - ⏸️  Throttle ativo [BTC/USDT]:
2026-07-13 18:46:45 [INFO] scanner -    ├─ Último alerta há 775.1 minutos
2026-07-13 18:46:45 [INFO] scanner -    ├─ Tempo mínimo: 1800 minutos
2026-07-13 18:46:45 [INFO] scanner -    └─ Próximo permitido em: 1024.9 minutos
