2026-01-30 03:37:42 [INFO] scanner - ============================================================
2026-01-30 03:37:42 [INFO] scanner - 🚀 SCANNER INICIADO
2026-01-30 03:37:42 [INFO] scanner - 📅 Data/Hora: 30/01/2026 03:37:42
2026-01-30 03:37:42 [INFO] scanner - 📂 Log: logs/scanner_2026-01-30.log
2026-01-30 03:37:42 [INFO] scanner - ============================================================
2026-01-30 03:37:42 [INFO] scanner - 📝 PAPER MODE ATIVO - Apenas registro e análise
2026-01-30 03:37:45 [WARNING] root - Bloco de componentes falhou: cannot unpack non-iterable int object
2026-01-30 03:37:45 [INFO] scanner - ✅ Validações OK [BTC/USDT]: Score=8.3, R:R=2.08
2026-01-30 03:37:45 [INFO] scanner - ⏸️  Throttle ativo [BTC/USDT]:
2026-01-30 03:37:45 [INFO] scanner -    ├─ Último alerta há 706.1 minutos
2026-01-30 03:37:45 [INFO] scanner -    ├─ Tempo mínimo: 1800 minutos
2026-01-30 03:37:45 [INFO] scanner -    └─ Próximo permitido em: 1093.9 minutos
2026-01-30 03:37:46 [WARNING] root - Bloco de componentes falhou: cannot unpack non-iterable int object
2026-01-30 03:37:46 [INFO] scanner - ✅ Validações OK [BTC/USDT]: Score=7.3, R:R=2.08
2026-01-30 03:37:46 [INFO] scanner - ⏸️  Throttle ativo [BTC/USDT]:
2026-01-30 03:37:46 [INFO] scanner -    ├─ Último alerta há 706.1 minutos
2026-01-30 03:37:46 [INFO] scanner -    ├─ Tempo mínimo: 1800 minutos
2026-01-30 03:37:46 [INFO] scanner -    └─ Próximo permitido em: 1093.9 minutos
2026-01-30 03:37:46 [WARNING] root - Bloco de componentes falhou: cannot unpack non-iterable int object
2026-01-30 03:37:46 [INFO] scanner - ✅ Validações OK [BTC/USDT]: Score=7.3, R:R=2.08
2026-01-30 03:37:46 [INFO] scanner - ⏸️  Throttle ativo [BTC/USDT]:
2026-01-30 03:37:46 [INFO] scanner -    ├─ Último alerta há 706.1 minutos
2026-01-30 03:37:46 [INFO] scanner -    ├─ Tempo mínimo: 1800 minutos
2026-01-30 03:37:46 [INFO] scanner -    └─ Próximo permitido em: 1093.9 minutos
2026-01-30 03:37:48 [WARNING] root - Bloco de componentes falhou: cannot unpack non-iterable int object
2026-01-30 03:37:48 [INFO] scanner - ✅ Validações OK [ETH/USDT]: Score=8.3, R:R=2.00
2026-01-30 03:37:48 [INFO] scanner - ⏸️  Throttle ativo [ETH/USDT]:
2026-01-30 03:37:48 [INFO] scanner -    ├─ Último alerta há 933.7 minutos
2026-01-30 03:37:48 [INFO] scanner -    ├─ Tempo mínimo: 1800 minutos
2026-01-30 03:37:48 [INFO] scanner -    └─ Próximo permitido em: 866.3 minutos
2026-01-30 04:28:39 [INFO] scanner - ============================================================
2026-01-30 04:28:39 [INFO] scanner - 🚀 SCANNER INICIADO
2026-01-30 04:28:39 [INFO] scanner - 📅 Data/Hora: 30/01/2026 04:28:39
2026-01-30 04:28:39 [INFO] scanner - 📂 Log: logs/scanner_2026-01-30.log
2026-01-30 04:28:39 [INFO] scanner - ============================================================
2026-01-30 04:28:39 [INFO] scanner - 📝 PAPER MODE ATIVO - Apenas registro e análise
2026-01-30 04:28:43 [WARNING] root - Bloco de componentes falhou: cannot unpack non-iterable int object
2026-01-30 04:28:43 [INFO] scanner - ✅ Validações OK [BTC/USDT]: Score=7.3, R:R=2.08
2026-01-30 04:28:43 [INFO] scanner - ⏸️  Throttle ativo [BTC/USDT]:
2026-01-30 04:28:43 [INFO] scanner -    ├─ Último alerta há 757.1 minutos
2026-01-30 04:28:43 [INFO] scanner -    ├─ Tempo mínimo: 1800 minutos
2026-01-30 04:28:43 [INFO] scanner -    └─ Próximo permitido em: 1042.9 minutos
2026-01-30 04:28:45 [WARNING] root - Bloco de componentes falhou: cannot unpack non-iterable int object
2026-01-30 04:28:45 [INFO] scanner - ✅ Validações OK [ETH/USDT]: Score=7.3, R:R=2.00
2026-01-30 04:28:45 [INFO] scanner - ⏸️  Throttle ativo [ETH/USDT]:
2026-01-30 04:28:45 [INFO] scanner -    ├─ Último alerta há 984.6 minutos
2026-01-30 04:28:45 [INFO] scanner -    ├─ Tempo mínimo: 1800 minutos
2026-01-30 04:28:45 [INFO] scanner -    └─ Próximo permitido em: 815.4 minutos
2026-01-30 04:28:46 [WARNING] root - Bloco de componentes falhou: cannot unpack non-iterable int object
2026-01-30 04:28:46 [INFO] scanner - ✅ Validações OK [ETH/USDT]: Score=7.3, R:R=2.00
2026-01-30 04:28:46 [INFO] scanner - ⏸️  Throttle ativo [ETH/USDT]:
2026-01-30 04:28:46 [INFO] scanner -    ├─ Último alerta há 984.6 minutos
2026-01-30 04:28:46 [INFO] scanner -    ├─ Tempo mínimo: 1800 minutos
2026-01-30 04:28:46 [INFO] scanner -    └─ Próximo permitido em: 815.4 minutos
2026-01-30 04:59:04 [INFO] scanner - ============================================================
2026-01-30 04:59:04 [INFO] scanner - 🚀 SCANNER INICIADO
2026-01-30 04:59:04 [INFO] scanner - 📅 Data/Hora: 30/01/2026 04:59:04
2026-01-30 04:59:04 [INFO] scanner - 📂 Log: logs/scanner_2026-01-30.log
2026-01-30 04:59:04 [INFO] scanner - ============================================================
2026-01-30 04:59:04 [INFO] scanner - 📝 PAPER MODE ATIVO - Apenas registro e análise
2026-01-30 04:59:07 [WARNING] root - Bloco de componentes falhou: cannot unpack non-iterable int object
2026-01-30 04:59:07 [INFO] scanner - ✅ Validações OK [BTC/USDT]: Score=7.3, R:R=2.08
2026-01-30 04:59:07 [INFO] scanner - ⏸️  Throttle ativo [BTC/USDT]:
2026-01-30 04:59:07 [INFO] scanner -    ├─ Último alerta há 787.5 minutos
2026-01-30 04:59:07 [INFO] scanner -    ├─ Tempo mínimo: 1800 minutos
2026-01-30 04:59:07 [INFO] scanner -    └─ Próximo permitido em: 1012.5 minutos
2026-01-30 04:59:07 [WARNING] root - Bloco de componentes falhou: cannot unpack non-iterable int object
2026-01-30 04:59:07 [INFO] scanner - ✅ Validações OK [BTC/USDT]: Score=7.3, R:R=2.08
2026-01-30 04:59:07 [INFO] scanner - ⏸️  Throttle ativo [BTC/USDT]:
2026-01-30 04:59:07 [INFO] scanner -    ├─ Último alerta há 787.5 minutos
2026-01-30 04:59:07 [INFO] scanner -    ├─ Tempo mínimo: 1800 minutos
2026-01-30 04:59:07 [INFO] scanner -    └─ Próximo permitido em: 1012.5 minutos
2026-01-30 04:59:10 [WARNING] root - Bloco de componentes falhou: cannot unpack non-iterable int object
2026-01-30 04:59:10 [INFO] scanner - ✅ Validações OK [ETH/USDT]: Score=7.3, R:R=2.00
2026-01-30 04:59:10 [INFO] scanner - ⏸️  Throttle ativo [ETH/USDT]:
2026-01-30 04:59:10 [INFO] scanner -    ├─ Último alerta há 1015.0 minutos
2026-01-30 04:59:10 [INFO] scanner -    ├─ Tempo mínimo: 1800 minutos
2026-01-30 04:59:10 [INFO] scanner -    └─ Próximo permitido em: 785.0 minutos
2026-01-30 04:59:10 [WARNING] root - Bloco de componentes falhou: cannot unpack non-iterable int object
2026-01-30 04:59:10 [INFO] scanner - ✅ Validações OK [ETH/USDT]: Score=7.3, R:R=2.00
2026-01-30 04:59:10 [INFO] scanner - ⏸️  Throttle ativo [ETH/USDT]:
2026-01-30 04:59:10 [INFO] scanner -    ├─ Último alerta há 1015.0 minutos
2026-01-30 04:59:10 [INFO] scanner -    ├─ Tempo mínimo: 1800 minutos
2026-01-30 04:59:10 [INFO] scanner -    └─ Próximo permitido em: 785.0 minutos
2026-01-30 05:42:14 [INFO] scanner - ============================================================
2026-01-30 05:42:14 [INFO] scanner - 🚀 SCANNER INICIADO
2026-01-30 05:42:14 [INFO] scanner - 📅 Data/Hora: 30/01/2026 05:42:14
2026-01-30 05:42:14 [INFO] scanner - 📂 Log: logs/scanner_2026-01-30.log
2026-01-30 05:42:14 [INFO] scanner - ============================================================
2026-01-30 05:42:14 [INFO] scanner - 📝 PAPER MODE ATIVO - Apenas registro e análise
2026-01-30 05:42:17 [WARNING] root - Bloco de componentes falhou: cannot unpack non-iterable int object
2026-01-30 05:42:17 [INFO] scanner - ✅ Validações OK [BTC/USDT]: Score=7.3, R:R=2.08
2026-01-30 05:42:17 [INFO] scanner - ⏸️  Throttle ativo [BTC/USDT]:
2026-01-30 05:42:17 [INFO] scanner -    ├─ Último alerta há 830.6 minutos
2026-01-30 05:42:17 [INFO] scanner -    ├─ Tempo mínimo: 1800 minutos
2026-01-30 05:42:17 [INFO] scanner -    └─ Próximo permitido em: 969.4 minutos
2026-01-30 05:42:17 [WARNING] root - Bloco de componentes falhou: cannot unpack non-iterable int object
2026-01-30 05:42:17 [INFO] scanner - ✅ Validações OK [BTC/USDT]: Score=7.3, R:R=2.08
2026-01-30 05:42:17 [INFO] scanner - ⏸️  Throttle ativo [BTC/USDT]:
2026-01-30 05:42:17 [INFO] scanner -    ├─ Último alerta há 830.6 minutos
2026-01-30 05:42:17 [INFO] scanner -    ├─ Tempo mínimo: 1800 minutos
2026-01-30 05:42:17 [INFO] scanner -    └─ Próximo permitido em: 969.4 minutos
2026-01-30 06:22:13 [INFO] scanner - ============================================================
2026-01-30 06:22:13 [INFO] scanner - 🚀 SCANNER INICIADO
2026-01-30 06:22:13 [INFO] scanner - 📅 Data/Hora: 30/01/2026 06:22:13
2026-01-30 06:22:13 [INFO] scanner - 📂 Log: logs/scanner_2026-01-30.log
2026-01-30 06:22:13 [INFO] scanner - ============================================================
2026-01-30 06:22:13 [INFO] scanner - 📝 PAPER MODE ATIVO - Apenas registro e análise
2026-01-30 07:00:09 [INFO] scanner - ============================================================
2026-01-30 07:00:09 [INFO] scanner - 🚀 SCANNER INICIADO
2026-01-30 07:00:09 [INFO] scanner - 📅 Data/Hora: 30/01/2026 07:00:09
2026-01-30 07:00:09 [INFO] scanner - 📂 Log: logs/scanner_2026-01-30.log
2026-01-30 07:00:09 [INFO] scanner - ============================================================
2026-01-30 07:00:09 [INFO] scanner - 📝 PAPER MODE ATIVO - Apenas registro e análise
2026-01-30 07:00:12 [WARNING] root - Bloco de componentes falhou: cannot unpack non-iterable int object
2026-01-30 07:00:12 [INFO] scanner - ✅ Validações OK [BTC/USDT]: Score=7.3, R:R=2.08
2026-01-30 07:00:12 [INFO] scanner - ⏸️  Throttle ativo [BTC/USDT]:
2026-01-30 07:00:12 [INFO] scanner -    ├─ Último alerta há 908.6 minutos
2026-01-30 07:00:12 [INFO] scanner -    ├─ Tempo mínimo: 1800 minutos
2026-01-30 07:00:12 [INFO] scanner -    └─ Próximo permitido em: 891.4 minutos
