2026-05-08 04:17:40 [INFO] scanner - ============================================================
2026-05-08 04:17:40 [INFO] scanner - 🚀 SCANNER INICIADO
2026-05-08 04:17:40 [INFO] scanner - 📅 Data/Hora: 08/05/2026 04:17:40
2026-05-08 04:17:40 [INFO] scanner - 📂 Log: logs/scanner_2026-05-08.log
2026-05-08 04:17:40 [INFO] scanner - ============================================================
2026-05-08 04:17:40 [INFO] scanner - 📝 PAPER MODE ATIVO - Apenas registro e análise
2026-05-08 05:52:40 [INFO] scanner - ============================================================
2026-05-08 05:52:40 [INFO] scanner - 🚀 SCANNER INICIADO
2026-05-08 05:52:40 [INFO] scanner - 📅 Data/Hora: 08/05/2026 05:52:40
2026-05-08 05:52:40 [INFO] scanner - 📂 Log: logs/scanner_2026-05-08.log
2026-05-08 05:52:40 [INFO] scanner - ============================================================
2026-05-08 05:52:40 [INFO] scanner - 📝 PAPER MODE ATIVO - Apenas registro e análise
2026-05-08 05:52:44 [WARNING] root - Bloco de componentes falhou: cannot unpack non-iterable int object
2026-05-08 05:52:44 [INFO] scanner - ✅ Validações OK [BTC/USDT]: Score=7.3, R:R=2.08
2026-05-08 05:52:44 [INFO] scanner - ⏸️  Throttle ativo [BTC/USDT]:
2026-05-08 05:52:44 [INFO] scanner -    ├─ Último alerta há 698.1 minutos
2026-05-08 05:52:44 [INFO] scanner -    ├─ Tempo mínimo: 1800 minutos
2026-05-08 05:52:44 [INFO] scanner -    └─ Próximo permitido em: 1101.9 minutos
2026-05-08 07:18:01 [INFO] scanner - ============================================================
2026-05-08 07:18:01 [INFO] scanner - 🚀 SCANNER INICIADO
2026-05-08 07:18:01 [INFO] scanner - 📅 Data/Hora: 08/05/2026 07:18:01
2026-05-08 07:18:01 [INFO] scanner - 📂 Log: logs/scanner_2026-05-08.log
2026-05-08 07:18:01 [INFO] scanner - ============================================================
2026-05-08 07:18:01 [INFO] scanner - 📝 PAPER MODE ATIVO - Apenas registro e análise
