2026-05-04 05:19:14 [INFO] scanner - ============================================================
2026-05-04 05:19:14 [INFO] scanner - 🚀 SCANNER INICIADO
2026-05-04 05:19:14 [INFO] scanner - 📅 Data/Hora: 04/05/2026 05:19:14
2026-05-04 05:19:14 [INFO] scanner - 📂 Log: logs/scanner_2026-05-04.log
2026-05-04 05:19:14 [INFO] scanner - ============================================================
2026-05-04 05:19:14 [INFO] scanner - 📝 PAPER MODE ATIVO - Apenas registro e análise
2026-05-04 05:19:18 [WARNING] root - Bloco de componentes falhou: cannot unpack non-iterable int object
2026-05-04 05:19:18 [INFO] scanner - ✅ Validações OK [BTC/USDT]: Score=10.0, R:R=2.08
2026-05-04 05:19:18 [INFO] scanner - ⏸️  Throttle ativo [BTC/USDT]:
2026-05-04 05:19:18 [INFO] scanner -    ├─ Último alerta há 671.4 minutos
2026-05-04 05:19:18 [INFO] scanner -    ├─ Tempo mínimo: 1800 minutos
2026-05-04 05:19:18 [INFO] scanner -    └─ Próximo permitido em: 1128.6 minutos
2026-05-04 05:19:18 [WARNING] root - Bloco de componentes falhou: cannot unpack non-iterable int object
2026-05-04 05:19:18 [INFO] scanner - ✅ Validações OK [BTC/USDT]: Score=7.8, R:R=2.08
2026-05-04 05:19:18 [INFO] scanner - ⏸️  Throttle ativo [BTC/USDT]:
2026-05-04 05:19:18 [INFO] scanner -    ├─ Último alerta há 671.4 minutos
2026-05-04 05:19:18 [INFO] scanner -    ├─ Tempo mínimo: 1800 minutos
2026-05-04 05:19:18 [INFO] scanner -    └─ Próximo permitido em: 1128.6 minutos
2026-05-04 05:19:18 [WARNING] root - Bloco de componentes falhou: cannot unpack non-iterable int object
2026-05-04 05:19:18 [INFO] scanner - ✅ Validações OK [BTC/USDT]: Score=7.8, R:R=2.08
2026-05-04 05:19:18 [INFO] scanner - ⏸️  Throttle ativo [BTC/USDT]:
2026-05-04 05:19:18 [INFO] scanner -    ├─ Último alerta há 671.4 minutos
2026-05-04 05:19:18 [INFO] scanner -    ├─ Tempo mínimo: 1800 minutos
2026-05-04 05:19:18 [INFO] scanner -    └─ Próximo permitido em: 1128.6 minutos
2026-05-04 05:19:20 [WARNING] root - Bloco de componentes falhou: cannot unpack non-iterable int object
2026-05-04 05:19:20 [INFO] scanner - ✅ Validações OK [ETH/USDT]: Score=10.0, R:R=2.00
2026-05-04 05:19:20 [INFO] scanner - ⏸️  Throttle ativo [ETH/USDT]:
2026-05-04 05:19:20 [INFO] scanner -    ├─ Último alerta há 1384.3 minutos
2026-05-04 05:19:20 [INFO] scanner -    ├─ Tempo mínimo: 1800 minutos
2026-05-04 05:19:20 [INFO] scanner -    └─ Próximo permitido em: 415.7 minutos
2026-05-04 05:19:20 [WARNING] root - Bloco de componentes falhou: cannot unpack non-iterable int object
2026-05-04 05:19:20 [INFO] scanner - ✅ Validações OK [ETH/USDT]: Score=7.8, R:R=2.00
2026-05-04 05:19:20 [INFO] scanner - ⏸️  Throttle ativo [ETH/USDT]:
2026-05-04 05:19:20 [INFO] scanner -    ├─ Último alerta há 1384.3 minutos
2026-05-04 05:19:20 [INFO] scanner -    ├─ Tempo mínimo: 1800 minutos
2026-05-04 05:19:20 [INFO] scanner -    └─ Próximo permitido em: 415.7 minutos
2026-05-04 05:19:20 [WARNING] root - Bloco de componentes falhou: cannot unpack non-iterable int object
2026-05-04 05:19:20 [INFO] scanner - ✅ Validações OK [ETH/USDT]: Score=7.8, R:R=2.00
2026-05-04 05:19:20 [INFO] scanner - ⏸️  Throttle ativo [ETH/USDT]:
2026-05-04 05:19:20 [INFO] scanner -    ├─ Último alerta há 1384.3 minutos
2026-05-04 05:19:20 [INFO] scanner -    ├─ Tempo mínimo: 1800 minutos
2026-05-04 05:19:20 [INFO] scanner -    └─ Próximo permitido em: 415.7 minutos
