2025-12-30 03:21:55 [INFO] scanner - ============================================================
2025-12-30 03:21:55 [INFO] scanner - 🚀 SCANNER INICIADO
2025-12-30 03:21:55 [INFO] scanner - 📅 Data/Hora: 30/12/2025 03:21:55
2025-12-30 03:21:55 [INFO] scanner - 📂 Log: logs/scanner_2025-12-30.log
2025-12-30 03:21:55 [INFO] scanner - ============================================================
2025-12-30 03:21:55 [INFO] scanner - 📝 PAPER MODE ATIVO - Apenas registro e análise
2025-12-30 03:21:58 [WARNING] root - Bloco de componentes falhou: cannot unpack non-iterable int object
2025-12-30 03:21:58 [INFO] scanner - ✅ Validações OK [BTC/USDT]: Score=7.3, R:R=2.08
2025-12-30 03:21:58 [INFO] scanner - ⏸️  Throttle ativo [BTC/USDT]:
2025-12-30 03:21:58 [INFO] scanner -    ├─ Último alerta há 568.0 minutos
2025-12-30 03:21:58 [INFO] scanner -    ├─ Tempo mínimo: 1800 minutos
2025-12-30 03:21:58 [INFO] scanner -    └─ Próximo permitido em: 1232.0 minutos
2025-12-30 03:53:47 [INFO] scanner - ============================================================
2025-12-30 03:53:47 [INFO] scanner - 🚀 SCANNER INICIADO
2025-12-30 03:53:47 [INFO] scanner - 📅 Data/Hora: 30/12/2025 03:53:47
2025-12-30 03:53:47 [INFO] scanner - 📂 Log: logs/scanner_2025-12-30.log
2025-12-30 03:53:47 [INFO] scanner - ============================================================
2025-12-30 03:53:47 [INFO] scanner - 📝 PAPER MODE ATIVO - Apenas registro e análise
2025-12-30 03:53:50 [WARNING] root - Bloco de componentes falhou: cannot unpack non-iterable int object
2025-12-30 03:53:50 [INFO] scanner - ✅ Validações OK [BTC/USDT]: Score=7.3, R:R=2.08
2025-12-30 03:53:50 [INFO] scanner - ⏸️  Throttle ativo [BTC/USDT]:
2025-12-30 03:53:50 [INFO] scanner -    ├─ Último alerta há 599.9 minutos
2025-12-30 03:53:50 [INFO] scanner -    ├─ Tempo mínimo: 1800 minutos
2025-12-30 03:53:50 [INFO] scanner -    └─ Próximo permitido em: 1200.1 minutos
2025-12-30 04:17:09 [INFO] scanner - ============================================================
2025-12-30 04:17:09 [INFO] scanner - 🚀 SCANNER INICIADO
2025-12-30 04:17:09 [INFO] scanner - 📅 Data/Hora: 30/12/2025 04:17:09
2025-12-30 04:17:09 [INFO] scanner - 📂 Log: logs/scanner_2025-12-30.log
2025-12-30 04:17:09 [INFO] scanner - ============================================================
2025-12-30 04:17:09 [INFO] scanner - 📝 PAPER MODE ATIVO - Apenas registro e análise
2025-12-30 04:40:40 [INFO] scanner - ============================================================
2025-12-30 04:40:40 [INFO] scanner - 🚀 SCANNER INICIADO
2025-12-30 04:40:40 [INFO] scanner - 📅 Data/Hora: 30/12/2025 04:40:40
2025-12-30 04:40:40 [INFO] scanner - 📂 Log: logs/scanner_2025-12-30.log
2025-12-30 04:40:40 [INFO] scanner - ============================================================
2025-12-30 04:40:40 [INFO] scanner - 📝 PAPER MODE ATIVO - Apenas registro e análise
2025-12-30 04:50:22 [INFO] scanner - ============================================================
2025-12-30 04:50:22 [INFO] scanner - 🚀 SCANNER INICIADO
2025-12-30 04:50:22 [INFO] scanner - 📅 Data/Hora: 30/12/2025 04:50:22
2025-12-30 04:50:22 [INFO] scanner - 📂 Log: logs/scanner_2025-12-30.log
2025-12-30 04:50:22 [INFO] scanner - ============================================================
2025-12-30 04:50:22 [INFO] scanner - 📝 PAPER MODE ATIVO - Apenas registro e análise
2025-12-30 05:19:38 [INFO] scanner - ============================================================
2025-12-30 05:19:38 [INFO] scanner - 🚀 SCANNER INICIADO
2025-12-30 05:19:38 [INFO] scanner - 📅 Data/Hora: 30/12/2025 05:19:38
2025-12-30 05:19:38 [INFO] scanner - 📂 Log: logs/scanner_2025-12-30.log
2025-12-30 05:19:38 [INFO] scanner - ============================================================
2025-12-30 05:19:38 [INFO] scanner - 📝 PAPER MODE ATIVO - Apenas registro e análise
2025-12-30 05:19:41 [WARNING] root - Bloco de componentes falhou: cannot unpack non-iterable int object
2025-12-30 05:19:41 [INFO] scanner - ✅ Validações OK [BTC/USDT]: Score=7.3, R:R=2.08
2025-12-30 05:19:42 [INFO] scanner - ⏸️  Throttle ativo [BTC/USDT]:
2025-12-30 05:19:42 [INFO] scanner -    ├─ Último alerta há 685.7 minutos
2025-12-30 05:19:42 [INFO] scanner -    ├─ Tempo mínimo: 1800 minutos
2025-12-30 05:19:42 [INFO] scanner -    └─ Próximo permitido em: 1114.3 minutos
2025-12-30 05:19:42 [WARNING] root - Bloco de componentes falhou: cannot unpack non-iterable int object
2025-12-30 05:19:42 [INFO] scanner - ✅ Validações OK [BTC/USDT]: Score=7.3, R:R=2.08
2025-12-30 05:19:42 [INFO] scanner - ⏸️  Throttle ativo [BTC/USDT]:
2025-12-30 05:19:42 [INFO] scanner -    ├─ Último alerta há 685.7 minutos
2025-12-30 05:19:42 [INFO] scanner -    ├─ Tempo mínimo: 1800 minutos
2025-12-30 05:19:42 [INFO] scanner -    └─ Próximo permitido em: 1114.3 minutos
2025-12-30 05:19:42 [WARNING] root - Bloco de componentes falhou: cannot unpack non-iterable int object
2025-12-30 05:19:42 [INFO] scanner - ✅ Validações OK [BTC/USDT]: Score=7.3, R:R=2.08
2025-12-30 05:19:42 [INFO] scanner - ⏸️  Throttle ativo [BTC/USDT]:
2025-12-30 05:19:42 [INFO] scanner -    ├─ Último alerta há 685.7 minutos
2025-12-30 05:19:42 [INFO] scanner -    ├─ Tempo mínimo: 1800 minutos
2025-12-30 05:19:42 [INFO] scanner -    └─ Próximo permitido em: 1114.3 minutos
2025-12-30 05:19:44 [WARNING] root - Bloco de componentes falhou: cannot unpack non-iterable int object
2025-12-30 05:19:44 [INFO] scanner - ✅ Validações OK [ETH/USDT]: Score=8.8, R:R=2.00
2025-12-30 05:19:44 [INFO] scanner - ⏸️  Throttle ativo [ETH/USDT]:
2025-12-30 05:19:44 [INFO] scanner -    ├─ Último alerta há 1555.5 minutos
2025-12-30 05:19:44 [INFO] scanner -    ├─ Tempo mínimo: 1800 minutos
2025-12-30 05:19:44 [INFO] scanner -    └─ Próximo permitido em: 244.5 minutos
2025-12-30 05:19:44 [WARNING] root - Bloco de componentes falhou: cannot unpack non-iterable int object
2025-12-30 05:19:44 [INFO] scanner - ✅ Validações OK [ETH/USDT]: Score=7.3, R:R=2.00
2025-12-30 05:19:44 [INFO] scanner - ⏸️  Throttle ativo [ETH/USDT]:
2025-12-30 05:19:44 [INFO] scanner -    ├─ Último alerta há 1555.5 minutos
2025-12-30 05:19:44 [INFO] scanner -    ├─ Tempo mínimo: 1800 minutos
2025-12-30 05:19:44 [INFO] scanner -    └─ Próximo permitido em: 244.5 minutos
2025-12-30 05:19:44 [WARNING] root - Bloco de componentes falhou: cannot unpack non-iterable int object
2025-12-30 05:19:44 [INFO] scanner - ✅ Validações OK [ETH/USDT]: Score=7.3, R:R=2.00
2025-12-30 05:19:44 [INFO] scanner - ⏸️  Throttle ativo [ETH/USDT]:
2025-12-30 05:19:44 [INFO] scanner -    ├─ Último alerta há 1555.5 minutos
2025-12-30 05:19:44 [INFO] scanner -    ├─ Tempo mínimo: 1800 minutos
2025-12-30 05:19:44 [INFO] scanner -    └─ Próximo permitido em: 244.5 minutos
2025-12-30 05:19:44 [WARNING] root - Bloco de componentes falhou: cannot unpack non-iterable int object
2025-12-30 05:19:44 [INFO] scanner - ✅ Validações OK [ETH/USDT]: Score=7.3, R:R=2.00
2025-12-30 05:19:44 [INFO] scanner - ⏸️  Throttle ativo [ETH/USDT]:
2025-12-30 05:19:44 [INFO] scanner -    ├─ Último alerta há 1555.5 minutos
2025-12-30 05:19:44 [INFO] scanner -    ├─ Tempo mínimo: 1800 minutos
2025-12-30 05:19:44 [INFO] scanner -    └─ Próximo permitido em: 244.5 minutos
2025-12-30 05:50:19 [INFO] scanner - ============================================================
2025-12-30 05:50:19 [INFO] scanner - 🚀 SCANNER INICIADO
2025-12-30 05:50:19 [INFO] scanner - 📅 Data/Hora: 30/12/2025 05:50:19
2025-12-30 05:50:19 [INFO] scanner - 📂 Log: logs/scanner_2025-12-30.log
2025-12-30 05:50:19 [INFO] scanner - ============================================================
2025-12-30 05:50:19 [INFO] scanner - 📝 PAPER MODE ATIVO - Apenas registro e análise
2025-12-30 05:50:23 [WARNING] root - Bloco de componentes falhou: cannot unpack non-iterable int object
2025-12-30 05:50:23 [INFO] scanner - ✅ Validações OK [BTC/USDT]: Score=7.3, R:R=2.08
2025-12-30 05:50:23 [INFO] scanner - ⏸️  Throttle ativo [BTC/USDT]:
2025-12-30 05:50:23 [INFO] scanner -    ├─ Último alerta há 716.4 minutos
2025-12-30 05:50:23 [INFO] scanner -    ├─ Tempo mínimo: 1800 minutos
2025-12-30 05:50:23 [INFO] scanner -    └─ Próximo permitido em: 1083.6 minutos
2025-12-30 05:50:23 [WARNING] root - Bloco de componentes falhou: cannot unpack non-iterable int object
2025-12-30 05:50:23 [INFO] scanner - ✅ Validações OK [BTC/USDT]: Score=7.3, R:R=2.08
2025-12-30 05:50:23 [INFO] scanner - ⏸️  Throttle ativo [BTC/USDT]:
2025-12-30 05:50:23 [INFO] scanner -    ├─ Último alerta há 716.4 minutos
2025-12-30 05:50:23 [INFO] scanner -    ├─ Tempo mínimo: 1800 minutos
2025-12-30 05:50:23 [INFO] scanner -    └─ Próximo permitido em: 1083.6 minutos
2025-12-30 05:50:23 [WARNING] root - Bloco de componentes falhou: cannot unpack non-iterable int object
2025-12-30 05:50:23 [INFO] scanner - ✅ Validações OK [BTC/USDT]: Score=7.3, R:R=2.08
2025-12-30 05:50:23 [INFO] scanner - ⏸️  Throttle ativo [BTC/USDT]:
2025-12-30 05:50:23 [INFO] scanner -    ├─ Último alerta há 716.4 minutos
2025-12-30 05:50:23 [INFO] scanner -    ├─ Tempo mínimo: 1800 minutos
2025-12-30 05:50:23 [INFO] scanner -    └─ Próximo permitido em: 1083.6 minutos
2025-12-30 05:50:26 [WARNING] root - Bloco de componentes falhou: cannot unpack non-iterable int object
2025-12-30 05:50:26 [INFO] scanner - ✅ Validações OK [ETH/USDT]: Score=8.8, R:R=2.00
2025-12-30 05:50:26 [INFO] scanner - ⏸️  Throttle ativo [ETH/USDT]:
2025-12-30 05:50:26 [INFO] scanner -    ├─ Último alerta há 1586.2 minutos
2025-12-30 05:50:26 [INFO] scanner -    ├─ Tempo mínimo: 1800 minutos
2025-12-30 05:50:26 [INFO] scanner -    └─ Próximo permitido em: 213.8 minutos
2025-12-30 05:50:26 [WARNING] root - Bloco de componentes falhou: cannot unpack non-iterable int object
2025-12-30 05:50:26 [INFO] scanner - ✅ Validações OK [ETH/USDT]: Score=7.3, R:R=2.00
2025-12-30 05:50:26 [INFO] scanner - ⏸️  Throttle ativo [ETH/USDT]:
2025-12-30 05:50:26 [INFO] scanner -    ├─ Último alerta há 1586.2 minutos
2025-12-30 05:50:26 [INFO] scanner -    ├─ Tempo mínimo: 1800 minutos
2025-12-30 05:50:26 [INFO] scanner -    └─ Próximo permitido em: 213.8 minutos
2025-12-30 05:50:26 [WARNING] root - Bloco de componentes falhou: cannot unpack non-iterable int object
2025-12-30 05:50:26 [INFO] scanner - ✅ Validações OK [ETH/USDT]: Score=7.3, R:R=2.00
2025-12-30 05:50:26 [INFO] scanner - ⏸️  Throttle ativo [ETH/USDT]:
2025-12-30 05:50:26 [INFO] scanner -    ├─ Último alerta há 1586.2 minutos
2025-12-30 05:50:26 [INFO] scanner -    ├─ Tempo mínimo: 1800 minutos
2025-12-30 05:50:26 [INFO] scanner -    └─ Próximo permitido em: 213.8 minutos
2025-12-30 05:50:26 [WARNING] root - Bloco de componentes falhou: cannot unpack non-iterable int object
2025-12-30 05:50:26 [INFO] scanner - ✅ Validações OK [ETH/USDT]: Score=7.3, R:R=2.00
2025-12-30 05:50:26 [INFO] scanner - ⏸️  Throttle ativo [ETH/USDT]:
2025-12-30 05:50:26 [INFO] scanner -    ├─ Último alerta há 1586.2 minutos
2025-12-30 05:50:26 [INFO] scanner -    ├─ Tempo mínimo: 1800 minutos
2025-12-30 05:50:26 [INFO] scanner -    └─ Próximo permitido em: 213.8 minutos
2025-12-30 06:18:17 [INFO] scanner - ============================================================
2025-12-30 06:18:17 [INFO] scanner - 🚀 SCANNER INICIADO
2025-12-30 06:18:17 [INFO] scanner - 📅 Data/Hora: 30/12/2025 06:18:17
2025-12-30 06:18:17 [INFO] scanner - 📂 Log: logs/scanner_2025-12-30.log
2025-12-30 06:18:17 [INFO] scanner - ============================================================
2025-12-30 06:18:17 [INFO] scanner - 📝 PAPER MODE ATIVO - Apenas registro e análise
2025-12-30 06:18:21 [WARNING] root - Bloco de componentes falhou: cannot unpack non-iterable int object
2025-12-30 06:18:21 [INFO] scanner - ✅ Validações OK [BTC/USDT]: Score=7.3, R:R=2.08
2025-12-30 06:18:21 [INFO] scanner - ⏸️  Throttle ativo [BTC/USDT]:
2025-12-30 06:18:21 [INFO] scanner -    ├─ Último alerta há 744.4 minutos
2025-12-30 06:18:21 [INFO] scanner -    ├─ Tempo mínimo: 1800 minutos
2025-12-30 06:18:21 [INFO] scanner -    └─ Próximo permitido em: 1055.6 minutos
2025-12-30 06:18:23 [WARNING] root - Bloco de componentes falhou: cannot unpack non-iterable int object
2025-12-30 06:18:23 [INFO] scanner - ✅ Validações OK [ETH/USDT]: Score=8.8, R:R=2.00
2025-12-30 06:18:23 [INFO] scanner - ⏸️  Throttle ativo [ETH/USDT]:
2025-12-30 06:18:23 [INFO] scanner -    ├─ Último alerta há 1614.2 minutos
2025-12-30 06:18:23 [INFO] scanner -    ├─ Tempo mínimo: 1800 minutos
2025-12-30 06:18:23 [INFO] scanner -    └─ Próximo permitido em: 185.8 minutos
2025-12-30 06:18:23 [WARNING] root - Bloco de componentes falhou: cannot unpack non-iterable int object
2025-12-30 06:18:23 [INFO] scanner - ✅ Validações OK [ETH/USDT]: Score=7.3, R:R=2.00
2025-12-30 06:18:23 [INFO] scanner - ⏸️  Throttle ativo [ETH/USDT]:
2025-12-30 06:18:23 [INFO] scanner -    ├─ Último alerta há 1614.2 minutos
2025-12-30 06:18:23 [INFO] scanner -    ├─ Tempo mínimo: 1800 minutos
2025-12-30 06:18:23 [INFO] scanner -    └─ Próximo permitido em: 185.8 minutos
2025-12-30 06:44:39 [INFO] scanner - ============================================================
2025-12-30 06:44:39 [INFO] scanner - 🚀 SCANNER INICIADO
2025-12-30 06:44:39 [INFO] scanner - 📅 Data/Hora: 30/12/2025 06:44:39
2025-12-30 06:44:39 [INFO] scanner - 📂 Log: logs/scanner_2025-12-30.log
2025-12-30 06:44:39 [INFO] scanner - ============================================================
2025-12-30 06:44:39 [INFO] scanner - 📝 PAPER MODE ATIVO - Apenas registro e análise
2025-12-30 06:44:44 [WARNING] root - Bloco de componentes falhou: cannot unpack non-iterable int object
2025-12-30 06:44:44 [INFO] scanner - ✅ Validações OK [ETH/USDT]: Score=8.8, R:R=2.00
2025-12-30 06:44:44 [INFO] scanner - ⏸️  Throttle ativo [ETH/USDT]:
2025-12-30 06:44:44 [INFO] scanner -    ├─ Último alerta há 1640.5 minutos
2025-12-30 06:44:44 [INFO] scanner -    ├─ Tempo mínimo: 1800 minutos
2025-12-30 06:44:44 [INFO] scanner -    └─ Próximo permitido em: 159.5 minutos
2025-12-30 06:44:44 [WARNING] root - Bloco de componentes falhou: cannot unpack non-iterable int object
2025-12-30 06:44:44 [INFO] scanner - ✅ Validações OK [ETH/USDT]: Score=7.3, R:R=2.00
2025-12-30 06:44:44 [INFO] scanner - ⏸️  Throttle ativo [ETH/USDT]:
2025-12-30 06:44:44 [INFO] scanner -    ├─ Último alerta há 1640.5 minutos
2025-12-30 06:44:44 [INFO] scanner -    ├─ Tempo mínimo: 1800 minutos
2025-12-30 06:44:44 [INFO] scanner -    └─ Próximo permitido em: 159.5 minutos
2025-12-30 06:55:28 [INFO] scanner - ============================================================
2025-12-30 06:55:28 [INFO] scanner - 🚀 SCANNER INICIADO
2025-12-30 06:55:28 [INFO] scanner - 📅 Data/Hora: 30/12/2025 06:55:28
2025-12-30 06:55:28 [INFO] scanner - 📂 Log: logs/scanner_2025-12-30.log
2025-12-30 06:55:28 [INFO] scanner - ============================================================
2025-12-30 06:55:28 [INFO] scanner - 📝 PAPER MODE ATIVO - Apenas registro e análise
2025-12-30 06:55:31 [WARNING] root - Bloco de componentes falhou: cannot unpack non-iterable int object
2025-12-30 06:55:31 [INFO] scanner - ✅ Validações OK [BTC/USDT]: Score=7.3, R:R=2.08
2025-12-30 06:55:31 [INFO] scanner - ⏸️  Throttle ativo [BTC/USDT]:
2025-12-30 06:55:31 [INFO] scanner -    ├─ Último alerta há 781.5 minutos
2025-12-30 06:55:31 [INFO] scanner -    ├─ Tempo mínimo: 1800 minutos
2025-12-30 06:55:31 [INFO] scanner -    └─ Próximo permitido em: 1018.5 minutos
2025-12-30 06:55:33 [WARNING] root - Bloco de componentes falhou: cannot unpack non-iterable int object
2025-12-30 06:55:33 [INFO] scanner - ✅ Validações OK [ETH/USDT]: Score=8.8, R:R=2.00
2025-12-30 06:55:33 [INFO] scanner - ⏸️  Throttle ativo [ETH/USDT]:
2025-12-30 06:55:33 [INFO] scanner -    ├─ Último alerta há 1651.3 minutos
2025-12-30 06:55:33 [INFO] scanner -    ├─ Tempo mínimo: 1800 minutos
2025-12-30 06:55:33 [INFO] scanner -    └─ Próximo permitido em: 148.7 minutos
2025-12-30 06:55:34 [WARNING] root - Bloco de componentes falhou: cannot unpack non-iterable int object
2025-12-30 06:55:34 [INFO] scanner - ✅ Validações OK [ETH/USDT]: Score=7.3, R:R=2.00
2025-12-30 06:55:34 [INFO] scanner - ⏸️  Throttle ativo [ETH/USDT]:
2025-12-30 06:55:34 [INFO] scanner -    ├─ Último alerta há 1651.3 minutos
2025-12-30 06:55:34 [INFO] scanner -    ├─ Tempo mínimo: 1800 minutos
2025-12-30 06:55:34 [INFO] scanner -    └─ Próximo permitido em: 148.7 minutos
2025-12-30 07:15:13 [INFO] scanner - ============================================================
2025-12-30 07:15:13 [INFO] scanner - 🚀 SCANNER INICIADO
2025-12-30 07:15:13 [INFO] scanner - 📅 Data/Hora: 30/12/2025 07:15:13
2025-12-30 07:15:13 [INFO] scanner - 📂 Log: logs/scanner_2025-12-30.log
2025-12-30 07:15:13 [INFO] scanner - ============================================================
2025-12-30 07:15:13 [INFO] scanner - 📝 PAPER MODE ATIVO - Apenas registro e análise
2025-12-30 07:15:16 [WARNING] root - Bloco de componentes falhou: cannot unpack non-iterable int object
2025-12-30 07:15:16 [INFO] scanner - ✅ Validações OK [BTC/USDT]: Score=7.3, R:R=2.08
2025-12-30 07:15:16 [INFO] scanner - ⏸️  Throttle ativo [BTC/USDT]:
2025-12-30 07:15:16 [INFO] scanner -    ├─ Último alerta há 801.3 minutos
2025-12-30 07:15:16 [INFO] scanner -    ├─ Tempo mínimo: 1800 minutos
2025-12-30 07:15:16 [INFO] scanner -    └─ Próximo permitido em: 998.7 minutos
2025-12-30 07:15:16 [WARNING] root - Bloco de componentes falhou: cannot unpack non-iterable int object
2025-12-30 07:15:16 [INFO] scanner - ✅ Validações OK [BTC/USDT]: Score=7.3, R:R=2.08
2025-12-30 07:15:16 [INFO] scanner - ⏸️  Throttle ativo [BTC/USDT]:
2025-12-30 07:15:16 [INFO] scanner -    ├─ Último alerta há 801.3 minutos
2025-12-30 07:15:16 [INFO] scanner -    ├─ Tempo mínimo: 1800 minutos
2025-12-30 07:15:16 [INFO] scanner -    └─ Próximo permitido em: 998.7 minutos
2025-12-30 07:15:18 [WARNING] root - Bloco de componentes falhou: cannot unpack non-iterable int object
2025-12-30 07:15:18 [INFO] scanner - ✅ Validações OK [ETH/USDT]: Score=8.8, R:R=2.00
2025-12-30 07:15:18 [INFO] scanner - ⏸️  Throttle ativo [ETH/USDT]:
2025-12-30 07:15:18 [INFO] scanner -    ├─ Último alerta há 1671.1 minutos
2025-12-30 07:15:18 [INFO] scanner -    ├─ Tempo mínimo: 1800 minutos
2025-12-30 07:15:18 [INFO] scanner -    └─ Próximo permitido em: 128.9 minutos
2025-12-30 07:15:19 [WARNING] root - Bloco de componentes falhou: cannot unpack non-iterable int object
2025-12-30 07:15:19 [INFO] scanner - ✅ Validações OK [ETH/USDT]: Score=7.3, R:R=2.00
2025-12-30 07:15:19 [INFO] scanner - ⏸️  Throttle ativo [ETH/USDT]:
2025-12-30 07:15:19 [INFO] scanner -    ├─ Último alerta há 1671.1 minutos
2025-12-30 07:15:19 [INFO] scanner -    ├─ Tempo mínimo: 1800 minutos
2025-12-30 07:15:19 [INFO] scanner -    └─ Próximo permitido em: 128.9 minutos
2025-12-30 07:15:19 [WARNING] root - Bloco de componentes falhou: cannot unpack non-iterable int object
2025-12-30 07:15:19 [INFO] scanner - ✅ Validações OK [ETH/USDT]: Score=7.3, R:R=2.00
2025-12-30 07:15:19 [INFO] scanner - ⏸️  Throttle ativo [ETH/USDT]:
2025-12-30 07:15:19 [INFO] scanner -    ├─ Último alerta há 1671.1 minutos
2025-12-30 07:15:19 [INFO] scanner -    ├─ Tempo mínimo: 1800 minutos
2025-12-30 07:15:19 [INFO] scanner -    └─ Próximo permitido em: 128.9 minutos
2025-12-30 07:42:27 [INFO] scanner - ============================================================
2025-12-30 07:42:27 [INFO] scanner - 🚀 SCANNER INICIADO
2025-12-30 07:42:27 [INFO] scanner - 📅 Data/Hora: 30/12/2025 07:42:27
2025-12-30 07:42:27 [INFO] scanner - 📂 Log: logs/scanner_2025-12-30.log
2025-12-30 07:42:27 [INFO] scanner - ============================================================
2025-12-30 07:42:27 [INFO] scanner - 📝 PAPER MODE ATIVO - Apenas registro e análise
2025-12-30 07:42:31 [WARNING] root - Bloco de componentes falhou: cannot unpack non-iterable int object
2025-12-30 07:42:31 [INFO] scanner - ✅ Validações OK [BTC/USDT]: Score=7.3, R:R=2.08
2025-12-30 07:42:31 [INFO] scanner - ⏸️  Throttle ativo [BTC/USDT]:
2025-12-30 07:42:31 [INFO] scanner -    ├─ Último alerta há 828.5 minutos
2025-12-30 07:42:31 [INFO] scanner -    ├─ Tempo mínimo: 1800 minutos
2025-12-30 07:42:31 [INFO] scanner -    └─ Próximo permitido em: 971.5 minutos
2025-12-30 07:42:31 [WARNING] root - Bloco de componentes falhou: cannot unpack non-iterable int object
2025-12-30 07:42:31 [INFO] scanner - ✅ Validações OK [BTC/USDT]: Score=7.3, R:R=2.08
2025-12-30 07:42:31 [INFO] scanner - ⏸️  Throttle ativo [BTC/USDT]:
2025-12-30 07:42:31 [INFO] scanner -    ├─ Último alerta há 828.5 minutos
2025-12-30 07:42:31 [INFO] scanner -    ├─ Tempo mínimo: 1800 minutos
2025-12-30 07:42:31 [INFO] scanner -    └─ Próximo permitido em: 971.5 minutos
2025-12-30 07:42:33 [WARNING] root - Bloco de componentes falhou: cannot unpack non-iterable int object
2025-12-30 07:42:33 [INFO] scanner - ✅ Validações OK [ETH/USDT]: Score=8.8, R:R=2.00
2025-12-30 07:42:33 [INFO] scanner - ⏸️  Throttle ativo [ETH/USDT]:
2025-12-30 07:42:33 [INFO] scanner -    ├─ Último alerta há 1698.3 minutos
2025-12-30 07:42:33 [INFO] scanner -    ├─ Tempo mínimo: 1800 minutos
2025-12-30 07:42:33 [INFO] scanner -    └─ Próximo permitido em: 101.7 minutos
2025-12-30 07:42:33 [WARNING] root - Bloco de componentes falhou: cannot unpack non-iterable int object
2025-12-30 07:42:33 [INFO] scanner - ✅ Validações OK [ETH/USDT]: Score=7.3, R:R=2.00
2025-12-30 07:42:33 [INFO] scanner - ⏸️  Throttle ativo [ETH/USDT]:
2025-12-30 07:42:33 [INFO] scanner -    ├─ Último alerta há 1698.3 minutos
2025-12-30 07:42:33 [INFO] scanner -    ├─ Tempo mínimo: 1800 minutos
2025-12-30 07:42:33 [INFO] scanner -    └─ Próximo permitido em: 101.7 minutos
2025-12-30 07:42:33 [WARNING] root - Bloco de componentes falhou: cannot unpack non-iterable int object
2025-12-30 07:42:33 [INFO] scanner - ✅ Validações OK [ETH/USDT]: Score=7.3, R:R=2.00
2025-12-30 07:42:33 [INFO] scanner - ⏸️  Throttle ativo [ETH/USDT]:
2025-12-30 07:42:33 [INFO] scanner -    ├─ Último alerta há 1698.3 minutos
2025-12-30 07:42:33 [INFO] scanner -    ├─ Tempo mínimo: 1800 minutos
2025-12-30 07:42:33 [INFO] scanner -    └─ Próximo permitido em: 101.7 minutos
2025-12-30 07:54:51 [INFO] scanner - ============================================================
2025-12-30 07:54:51 [INFO] scanner - 🚀 SCANNER INICIADO
2025-12-30 07:54:51 [INFO] scanner - 📅 Data/Hora: 30/12/2025 07:54:51
2025-12-30 07:54:51 [INFO] scanner - 📂 Log: logs/scanner_2025-12-30.log
2025-12-30 07:54:51 [INFO] scanner - ============================================================
2025-12-30 07:54:51 [INFO] scanner - 📝 PAPER MODE ATIVO - Apenas registro e análise
2025-12-30 07:54:54 [WARNING] root - Bloco de componentes falhou: cannot unpack non-iterable int object
2025-12-30 07:54:54 [INFO] scanner - ✅ Validações OK [BTC/USDT]: Score=7.3, R:R=2.08
2025-12-30 07:54:54 [INFO] scanner - ⏸️  Throttle ativo [BTC/USDT]:
2025-12-30 07:54:54 [INFO] scanner -    ├─ Último alerta há 840.9 minutos
2025-12-30 07:54:54 [INFO] scanner -    ├─ Tempo mínimo: 1800 minutos
2025-12-30 07:54:54 [INFO] scanner -    └─ Próximo permitido em: 959.1 minutos
2025-12-30 07:54:54 [WARNING] root - Bloco de componentes falhou: cannot unpack non-iterable int object
2025-12-30 07:54:54 [INFO] scanner - ✅ Validações OK [BTC/USDT]: Score=7.3, R:R=2.08
2025-12-30 07:54:54 [INFO] scanner - ⏸️  Throttle ativo [BTC/USDT]:
2025-12-30 07:54:54 [INFO] scanner -    ├─ Último alerta há 840.9 minutos
2025-12-30 07:54:54 [INFO] scanner -    ├─ Tempo mínimo: 1800 minutos
2025-12-30 07:54:54 [INFO] scanner -    └─ Próximo permitido em: 959.1 minutos
2025-12-30 07:54:56 [WARNING] root - Bloco de componentes falhou: cannot unpack non-iterable int object
2025-12-30 07:54:56 [INFO] scanner - ✅ Validações OK [ETH/USDT]: Score=8.8, R:R=2.00
2025-12-30 07:54:56 [INFO] scanner - ⏸️  Throttle ativo [ETH/USDT]:
2025-12-30 07:54:56 [INFO] scanner -    ├─ Último alerta há 1710.7 minutos
2025-12-30 07:54:56 [INFO] scanner -    ├─ Tempo mínimo: 1800 minutos
2025-12-30 07:54:56 [INFO] scanner -    └─ Próximo permitido em: 89.3 minutos
2025-12-30 07:54:57 [WARNING] root - Bloco de componentes falhou: cannot unpack non-iterable int object
2025-12-30 07:54:57 [INFO] scanner - ✅ Validações OK [ETH/USDT]: Score=7.3, R:R=2.00
2025-12-30 07:54:57 [INFO] scanner - ⏸️  Throttle ativo [ETH/USDT]:
2025-12-30 07:54:57 [INFO] scanner -    ├─ Último alerta há 1710.7 minutos
2025-12-30 07:54:57 [INFO] scanner -    ├─ Tempo mínimo: 1800 minutos
2025-12-30 07:54:57 [INFO] scanner -    └─ Próximo permitido em: 89.3 minutos
2025-12-30 07:54:57 [WARNING] root - Bloco de componentes falhou: cannot unpack non-iterable int object
2025-12-30 07:54:57 [INFO] scanner - ✅ Validações OK [ETH/USDT]: Score=7.3, R:R=2.00
2025-12-30 07:54:57 [INFO] scanner - ⏸️  Throttle ativo [ETH/USDT]:
2025-12-30 07:54:57 [INFO] scanner -    ├─ Último alerta há 1710.7 minutos
2025-12-30 07:54:57 [INFO] scanner -    ├─ Tempo mínimo: 1800 minutos
2025-12-30 07:54:57 [INFO] scanner -    └─ Próximo permitido em: 89.3 minutos
2025-12-30 08:13:12 [INFO] scanner - ============================================================
2025-12-30 08:13:12 [INFO] scanner - 🚀 SCANNER INICIADO
2025-12-30 08:13:12 [INFO] scanner - 📅 Data/Hora: 30/12/2025 08:13:12
2025-12-30 08:13:12 [INFO] scanner - 📂 Log: logs/scanner_2025-12-30.log
2025-12-30 08:13:12 [INFO] scanner - ============================================================
2025-12-30 08:13:12 [INFO] scanner - 📝 PAPER MODE ATIVO - Apenas registro e análise
2025-12-30 08:13:16 [WARNING] root - Bloco de componentes falhou: cannot unpack non-iterable int object
2025-12-30 08:13:16 [INFO] scanner - ✅ Validações OK [BTC/USDT]: Score=7.3, R:R=2.08
2025-12-30 08:13:16 [INFO] scanner - ⏸️  Throttle ativo [BTC/USDT]:
2025-12-30 08:13:16 [INFO] scanner -    ├─ Último alerta há 859.3 minutos
2025-12-30 08:13:16 [INFO] scanner -    ├─ Tempo mínimo: 1800 minutos
2025-12-30 08:13:16 [INFO] scanner -    └─ Próximo permitido em: 940.7 minutos
2025-12-30 08:13:16 [WARNING] root - Bloco de componentes falhou: cannot unpack non-iterable int object
2025-12-30 08:13:16 [INFO] scanner - ✅ Validações OK [BTC/USDT]: Score=7.3, R:R=2.08
2025-12-30 08:13:16 [INFO] scanner - ⏸️  Throttle ativo [BTC/USDT]:
2025-12-30 08:13:16 [INFO] scanner -    ├─ Último alerta há 859.3 minutos
2025-12-30 08:13:16 [INFO] scanner -    ├─ Tempo mínimo: 1800 minutos
2025-12-30 08:13:16 [INFO] scanner -    └─ Próximo permitido em: 940.7 minutos
2025-12-30 08:13:18 [WARNING] root - Bloco de componentes falhou: cannot unpack non-iterable int object
2025-12-30 08:13:18 [INFO] scanner - ✅ Validações OK [ETH/USDT]: Score=7.3, R:R=2.00
2025-12-30 08:13:18 [INFO] scanner - ⏸️  Throttle ativo [ETH/USDT]:
2025-12-30 08:13:18 [INFO] scanner -    ├─ Último alerta há 1729.1 minutos
2025-12-30 08:13:18 [INFO] scanner -    ├─ Tempo mínimo: 1800 minutos
2025-12-30 08:13:18 [INFO] scanner -    └─ Próximo permitido em: 70.9 minutos
2025-12-30 08:13:19 [WARNING] root - Bloco de componentes falhou: cannot unpack non-iterable int object
2025-12-30 08:13:19 [INFO] scanner - ✅ Validações OK [ETH/USDT]: Score=7.3, R:R=2.00
2025-12-30 08:13:19 [INFO] scanner - ⏸️  Throttle ativo [ETH/USDT]:
2025-12-30 08:13:19 [INFO] scanner -    ├─ Último alerta há 1729.1 minutos
2025-12-30 08:13:19 [INFO] scanner -    ├─ Tempo mínimo: 1800 minutos
2025-12-30 08:13:19 [INFO] scanner -    └─ Próximo permitido em: 70.9 minutos
2025-12-30 08:31:17 [INFO] scanner - ============================================================
2025-12-30 08:31:17 [INFO] scanner - 🚀 SCANNER INICIADO
2025-12-30 08:31:17 [INFO] scanner - 📅 Data/Hora: 30/12/2025 08:31:17
2025-12-30 08:31:17 [INFO] scanner - 📂 Log: logs/scanner_2025-12-30.log
2025-12-30 08:31:17 [INFO] scanner - ============================================================
2025-12-30 08:31:17 [INFO] scanner - 📝 PAPER MODE ATIVO - Apenas registro e análise
2025-12-30 08:31:21 [WARNING] root - Bloco de componentes falhou: cannot unpack non-iterable int object
2025-12-30 08:31:21 [INFO] scanner - ✅ Validações OK [BTC/USDT]: Score=7.3, R:R=2.08
2025-12-30 08:31:21 [INFO] scanner - ⏸️  Throttle ativo [BTC/USDT]:
2025-12-30 08:31:21 [INFO] scanner -    ├─ Último alerta há 877.4 minutos
2025-12-30 08:31:21 [INFO] scanner -    ├─ Tempo mínimo: 1800 minutos
2025-12-30 08:31:21 [INFO] scanner -    └─ Próximo permitido em: 922.6 minutos
2025-12-30 08:31:23 [WARNING] root - Bloco de componentes falhou: cannot unpack non-iterable int object
2025-12-30 08:31:23 [INFO] scanner - ✅ Validações OK [ETH/USDT]: Score=7.3, R:R=2.00
2025-12-30 08:31:23 [INFO] scanner - ⏸️  Throttle ativo [ETH/USDT]:
2025-12-30 08:31:23 [INFO] scanner -    ├─ Último alerta há 1747.2 minutos
2025-12-30 08:31:23 [INFO] scanner -    ├─ Tempo mínimo: 1800 minutos
2025-12-30 08:31:23 [INFO] scanner -    └─ Próximo permitido em: 52.8 minutos
2025-12-30 08:31:24 [WARNING] root - Bloco de componentes falhou: cannot unpack non-iterable int object
2025-12-30 08:31:24 [INFO] scanner - ✅ Validações OK [ETH/USDT]: Score=7.3, R:R=2.00
2025-12-30 08:31:24 [INFO] scanner - ⏸️  Throttle ativo [ETH/USDT]:
2025-12-30 08:31:24 [INFO] scanner -    ├─ Último alerta há 1747.2 minutos
2025-12-30 08:31:24 [INFO] scanner -    ├─ Tempo mínimo: 1800 minutos
2025-12-30 08:31:24 [INFO] scanner -    └─ Próximo permitido em: 52.8 minutos
2025-12-30 08:49:12 [INFO] scanner - ============================================================
2025-12-30 08:49:12 [INFO] scanner - 🚀 SCANNER INICIADO
2025-12-30 08:49:12 [INFO] scanner - 📅 Data/Hora: 30/12/2025 08:49:12
2025-12-30 08:49:12 [INFO] scanner - 📂 Log: logs/scanner_2025-12-30.log
2025-12-30 08:49:12 [INFO] scanner - ============================================================
2025-12-30 08:49:12 [INFO] scanner - 📝 PAPER MODE ATIVO - Apenas registro e análise
2025-12-30 08:49:15 [WARNING] root - Bloco de componentes falhou: cannot unpack non-iterable int object
2025-12-30 08:49:15 [INFO] scanner - ✅ Validações OK [BTC/USDT]: Score=7.3, R:R=2.08
2025-12-30 08:49:15 [INFO] scanner - ⏸️  Throttle ativo [BTC/USDT]:
2025-12-30 08:49:15 [INFO] scanner -    ├─ Último alerta há 895.3 minutos
2025-12-30 08:49:15 [INFO] scanner -    ├─ Tempo mínimo: 1800 minutos
2025-12-30 08:49:15 [INFO] scanner -    └─ Próximo permitido em: 904.7 minutos
2025-12-30 08:49:17 [WARNING] root - Bloco de componentes falhou: cannot unpack non-iterable int object
2025-12-30 08:49:17 [INFO] scanner - ✅ Validações OK [ETH/USDT]: Score=7.3, R:R=2.00
2025-12-30 08:49:17 [INFO] scanner - ⏸️  Throttle ativo [ETH/USDT]:
2025-12-30 08:49:17 [INFO] scanner -    ├─ Último alerta há 1765.1 minutos
2025-12-30 08:49:17 [INFO] scanner -    ├─ Tempo mínimo: 1800 minutos
2025-12-30 08:49:17 [INFO] scanner -    └─ Próximo permitido em: 34.9 minutos
2025-12-30 08:49:17 [WARNING] root - Bloco de componentes falhou: cannot unpack non-iterable int object
2025-12-30 08:49:17 [INFO] scanner - ✅ Validações OK [ETH/USDT]: Score=7.3, R:R=2.00
2025-12-30 08:49:17 [INFO] scanner - ⏸️  Throttle ativo [ETH/USDT]:
2025-12-30 08:49:17 [INFO] scanner -    ├─ Último alerta há 1765.1 minutos
2025-12-30 08:49:17 [INFO] scanner -    ├─ Tempo mínimo: 1800 minutos
2025-12-30 08:49:17 [INFO] scanner -    └─ Próximo permitido em: 34.9 minutos
2025-12-30 09:27:55 [INFO] scanner - ============================================================
2025-12-30 09:27:55 [INFO] scanner - 🚀 SCANNER INICIADO
2025-12-30 09:27:55 [INFO] scanner - 📅 Data/Hora: 30/12/2025 09:27:55
2025-12-30 09:27:55 [INFO] scanner - 📂 Log: logs/scanner_2025-12-30.log
2025-12-30 09:27:55 [INFO] scanner - ============================================================
2025-12-30 09:27:55 [INFO] scanner - 📝 PAPER MODE ATIVO - Apenas registro e análise
2025-12-30 09:27:58 [WARNING] root - Bloco de componentes falhou: cannot unpack non-iterable int object
2025-12-30 09:27:58 [INFO] scanner - ✅ Validações OK [BTC/USDT]: Score=7.3, R:R=2.08
2025-12-30 09:27:58 [INFO] scanner - ⏸️  Throttle ativo [BTC/USDT]:
2025-12-30 09:27:58 [INFO] scanner -    ├─ Último alerta há 934.0 minutos
2025-12-30 09:27:58 [INFO] scanner -    ├─ Tempo mínimo: 1800 minutos
2025-12-30 09:27:58 [INFO] scanner -    └─ Próximo permitido em: 866.0 minutos
2025-12-30 09:27:58 [WARNING] root - Bloco de componentes falhou: cannot unpack non-iterable int object
2025-12-30 09:27:58 [INFO] scanner - ✅ Validações OK [BTC/USDT]: Score=7.3, R:R=2.08
2025-12-30 09:27:58 [INFO] scanner - ⏸️  Throttle ativo [BTC/USDT]:
2025-12-30 09:27:58 [INFO] scanner -    ├─ Último alerta há 934.0 minutos
2025-12-30 09:27:58 [INFO] scanner -    ├─ Tempo mínimo: 1800 minutos
2025-12-30 09:27:58 [INFO] scanner -    └─ Próximo permitido em: 866.0 minutos
2025-12-30 09:28:00 [WARNING] root - Bloco de componentes falhou: cannot unpack non-iterable int object
2025-12-30 09:28:00 [INFO] scanner - ✅ Validações OK [ETH/USDT]: Score=7.3, R:R=2.00
2025-12-30 09:28:00 [INFO] scanner - ✅ Throttle OK [ETH/USDT]: Pode enviar
2025-12-30 09:28:01 [INFO] scanner - 📝 Sinal no ledger: 20251230_092801_146707 - ETH/USDT
2025-12-30 09:28:01 [INFO] scanner - 📨 Alerta enviado | ID Ledger: 20251230_092801_146707
2025-12-30 10:11:07 [INFO] scanner - ============================================================
2025-12-30 10:11:07 [INFO] scanner - 🚀 SCANNER INICIADO
2025-12-30 10:11:07 [INFO] scanner - 📅 Data/Hora: 30/12/2025 10:11:07
2025-12-30 10:11:07 [INFO] scanner - 📂 Log: logs/scanner_2025-12-30.log
2025-12-30 10:11:07 [INFO] scanner - ============================================================
2025-12-30 10:11:07 [INFO] scanner - 📝 PAPER MODE ATIVO - Apenas registro e análise
2025-12-30 10:11:10 [WARNING] root - Bloco de componentes falhou: cannot unpack non-iterable int object
2025-12-30 10:11:10 [INFO] scanner - ✅ Validações OK [BTC/USDT]: Score=7.3, R:R=2.08
2025-12-30 10:11:10 [INFO] scanner - ⏸️  Throttle ativo [BTC/USDT]:
2025-12-30 10:11:10 [INFO] scanner -    ├─ Último alerta há 977.2 minutos
2025-12-30 10:11:10 [INFO] scanner -    ├─ Tempo mínimo: 1800 minutos
2025-12-30 10:11:10 [INFO] scanner -    └─ Próximo permitido em: 822.8 minutos
2025-12-30 10:11:12 [WARNING] root - Bloco de componentes falhou: cannot unpack non-iterable int object
2025-12-30 10:11:12 [INFO] scanner - ✅ Validações OK [ETH/USDT]: Score=7.3, R:R=2.00
2025-12-30 10:11:12 [INFO] scanner - ⏸️  Throttle ativo [ETH/USDT]:
2025-12-30 10:11:12 [INFO] scanner -    ├─ Último alerta há 43.2 minutos
2025-12-30 10:11:12 [INFO] scanner -    ├─ Tempo mínimo: 1800 minutos
2025-12-30 10:11:12 [INFO] scanner -    └─ Próximo permitido em: 1756.8 minutos
2025-12-30 10:11:13 [WARNING] root - Bloco de componentes falhou: cannot unpack non-iterable int object
2025-12-30 10:11:13 [INFO] scanner - ✅ Validações OK [ETH/USDT]: Score=7.3, R:R=2.00
2025-12-30 10:11:13 [INFO] scanner - ⏸️  Throttle ativo [ETH/USDT]:
2025-12-30 10:11:13 [INFO] scanner -    ├─ Último alerta há 43.2 minutos
2025-12-30 10:11:13 [INFO] scanner -    ├─ Tempo mínimo: 1800 minutos
2025-12-30 10:11:13 [INFO] scanner -    └─ Próximo permitido em: 1756.8 minutos
2025-12-30 10:47:45 [INFO] scanner - ============================================================
2025-12-30 10:47:45 [INFO] scanner - 🚀 SCANNER INICIADO
2025-12-30 10:47:45 [INFO] scanner - 📅 Data/Hora: 30/12/2025 10:47:45
2025-12-30 10:47:45 [INFO] scanner - 📂 Log: logs/scanner_2025-12-30.log
2025-12-30 10:47:45 [INFO] scanner - ============================================================
2025-12-30 10:47:45 [INFO] scanner - 📝 PAPER MODE ATIVO - Apenas registro e análise
2025-12-30 10:47:49 [WARNING] root - Bloco de componentes falhou: cannot unpack non-iterable int object
2025-12-30 10:47:49 [INFO] scanner - ✅ Validações OK [BTC/USDT]: Score=7.3, R:R=2.08
2025-12-30 10:47:49 [INFO] scanner - ⏸️  Throttle ativo [BTC/USDT]:
2025-12-30 10:47:49 [INFO] scanner -    ├─ Último alerta há 1013.8 minutos
2025-12-30 10:47:49 [INFO] scanner -    ├─ Tempo mínimo: 1800 minutos
2025-12-30 10:47:49 [INFO] scanner -    └─ Próximo permitido em: 786.2 minutos
2025-12-30 10:47:51 [WARNING] root - Bloco de componentes falhou: cannot unpack non-iterable int object
2025-12-30 10:47:51 [INFO] scanner - ✅ Validações OK [ETH/USDT]: Score=7.3, R:R=2.00
2025-12-30 10:47:51 [INFO] scanner - ⏸️  Throttle ativo [ETH/USDT]:
2025-12-30 10:47:51 [INFO] scanner -    ├─ Último alerta há 79.8 minutos
2025-12-30 10:47:51 [INFO] scanner -    ├─ Tempo mínimo: 1800 minutos
2025-12-30 10:47:51 [INFO] scanner -    └─ Próximo permitido em: 1720.2 minutos
2025-12-30 10:47:51 [WARNING] root - Bloco de componentes falhou: cannot unpack non-iterable int object
2025-12-30 10:47:51 [INFO] scanner - ✅ Validações OK [ETH/USDT]: Score=7.3, R:R=2.00
2025-12-30 10:47:51 [INFO] scanner - ⏸️  Throttle ativo [ETH/USDT]:
2025-12-30 10:47:51 [INFO] scanner -    ├─ Último alerta há 79.9 minutos
2025-12-30 10:47:51 [INFO] scanner -    ├─ Tempo mínimo: 1800 minutos
2025-12-30 10:47:51 [INFO] scanner -    └─ Próximo permitido em: 1720.1 minutos
2025-12-30 11:14:13 [INFO] scanner - ============================================================
2025-12-30 11:14:13 [INFO] scanner - 🚀 SCANNER INICIADO
2025-12-30 11:14:13 [INFO] scanner - 📅 Data/Hora: 30/12/2025 11:14:13
2025-12-30 11:14:13 [INFO] scanner - 📂 Log: logs/scanner_2025-12-30.log
2025-12-30 11:14:13 [INFO] scanner - ============================================================
2025-12-30 11:14:13 [INFO] scanner - 📝 PAPER MODE ATIVO - Apenas registro e análise
2025-12-30 11:14:16 [WARNING] root - Bloco de componentes falhou: cannot unpack non-iterable int object
2025-12-30 11:14:16 [INFO] scanner - ✅ Validações OK [BTC/USDT]: Score=7.3, R:R=2.08
2025-12-30 11:14:16 [INFO] scanner - ⏸️  Throttle ativo [BTC/USDT]:
2025-12-30 11:14:16 [INFO] scanner -    ├─ Último alerta há 1040.3 minutos
2025-12-30 11:14:16 [INFO] scanner -    ├─ Tempo mínimo: 1800 minutos
2025-12-30 11:14:16 [INFO] scanner -    └─ Próximo permitido em: 759.7 minutos
2025-12-30 11:14:18 [WARNING] root - Bloco de componentes falhou: cannot unpack non-iterable int object
2025-12-30 11:14:18 [INFO] scanner - ✅ Validações OK [ETH/USDT]: Score=7.3, R:R=2.00
2025-12-30 11:14:18 [INFO] scanner - ⏸️  Throttle ativo [ETH/USDT]:
2025-12-30 11:14:18 [INFO] scanner -    ├─ Último alerta há 106.3 minutos
2025-12-30 11:14:18 [INFO] scanner -    ├─ Tempo mínimo: 1800 minutos
2025-12-30 11:14:18 [INFO] scanner -    └─ Próximo permitido em: 1693.7 minutos
2025-12-30 11:14:18 [WARNING] root - Bloco de componentes falhou: cannot unpack non-iterable int object
2025-12-30 11:14:18 [INFO] scanner - ✅ Validações OK [ETH/USDT]: Score=7.3, R:R=2.00
2025-12-30 11:14:18 [INFO] scanner - ⏸️  Throttle ativo [ETH/USDT]:
2025-12-30 11:14:18 [INFO] scanner -    ├─ Último alerta há 106.3 minutos
2025-12-30 11:14:18 [INFO] scanner -    ├─ Tempo mínimo: 1800 minutos
2025-12-30 11:14:18 [INFO] scanner -    └─ Próximo permitido em: 1693.7 minutos
2025-12-30 11:38:21 [INFO] scanner - ============================================================
2025-12-30 11:38:21 [INFO] scanner - 🚀 SCANNER INICIADO
2025-12-30 11:38:21 [INFO] scanner - 📅 Data/Hora: 30/12/2025 11:38:21
2025-12-30 11:38:21 [INFO] scanner - 📂 Log: logs/scanner_2025-12-30.log
2025-12-30 11:38:21 [INFO] scanner - ============================================================
2025-12-30 11:38:21 [INFO] scanner - 📝 PAPER MODE ATIVO - Apenas registro e análise
2025-12-30 11:38:24 [WARNING] root - Bloco de componentes falhou: cannot unpack non-iterable int object
2025-12-30 11:38:24 [INFO] scanner - ✅ Validações OK [BTC/USDT]: Score=7.3, R:R=2.08
2025-12-30 11:38:24 [INFO] scanner - ⏸️  Throttle ativo [BTC/USDT]:
2025-12-30 11:38:24 [INFO] scanner -    ├─ Último alerta há 1064.4 minutos
2025-12-30 11:38:24 [INFO] scanner -    ├─ Tempo mínimo: 1800 minutos
2025-12-30 11:38:24 [INFO] scanner -    └─ Próximo permitido em: 735.6 minutos
2025-12-30 11:38:25 [WARNING] root - Bloco de componentes falhou: cannot unpack non-iterable int object
2025-12-30 11:38:25 [INFO] scanner - ✅ Validações OK [BTC/USDT]: Score=7.3, R:R=2.08
2025-12-30 11:38:25 [INFO] scanner - ⏸️  Throttle ativo [BTC/USDT]:
2025-12-30 11:38:25 [INFO] scanner -    ├─ Último alerta há 1064.4 minutos
2025-12-30 11:38:25 [INFO] scanner -    ├─ Tempo mínimo: 1800 minutos
2025-12-30 11:38:25 [INFO] scanner -    └─ Próximo permitido em: 735.6 minutos
2025-12-30 11:38:27 [WARNING] root - Bloco de componentes falhou: cannot unpack non-iterable int object
2025-12-30 11:38:27 [INFO] scanner - ✅ Validações OK [ETH/USDT]: Score=7.3, R:R=2.00
2025-12-30 11:38:27 [INFO] scanner - ⏸️  Throttle ativo [ETH/USDT]:
2025-12-30 11:38:27 [INFO] scanner -    ├─ Último alerta há 130.4 minutos
2025-12-30 11:38:27 [INFO] scanner -    ├─ Tempo mínimo: 1800 minutos
2025-12-30 11:38:27 [INFO] scanner -    └─ Próximo permitido em: 1669.6 minutos
2025-12-30 11:38:27 [WARNING] root - Bloco de componentes falhou: cannot unpack non-iterable int object
2025-12-30 11:38:27 [INFO] scanner - ✅ Validações OK [ETH/USDT]: Score=7.3, R:R=2.00
2025-12-30 11:38:27 [INFO] scanner - ⏸️  Throttle ativo [ETH/USDT]:
2025-12-30 11:38:27 [INFO] scanner -    ├─ Último alerta há 130.4 minutos
2025-12-30 11:38:27 [INFO] scanner -    ├─ Tempo mínimo: 1800 minutos
2025-12-30 11:38:27 [INFO] scanner -    └─ Próximo permitido em: 1669.6 minutos
2025-12-30 11:53:53 [INFO] scanner - ============================================================
2025-12-30 11:53:53 [INFO] scanner - 🚀 SCANNER INICIADO
2025-12-30 11:53:53 [INFO] scanner - 📅 Data/Hora: 30/12/2025 11:53:53
2025-12-30 11:53:53 [INFO] scanner - 📂 Log: logs/scanner_2025-12-30.log
2025-12-30 11:53:53 [INFO] scanner - ============================================================
2025-12-30 11:53:53 [INFO] scanner - 📝 PAPER MODE ATIVO - Apenas registro e análise
2025-12-30 11:53:57 [WARNING] root - Bloco de componentes falhou: cannot unpack non-iterable int object
2025-12-30 11:53:57 [INFO] scanner - ✅ Validações OK [BTC/USDT]: Score=7.3, R:R=2.08
2025-12-30 11:53:57 [INFO] scanner - ⏸️  Throttle ativo [BTC/USDT]:
2025-12-30 11:53:57 [INFO] scanner -    ├─ Último alerta há 1080.0 minutos
2025-12-30 11:53:57 [INFO] scanner -    ├─ Tempo mínimo: 1800 minutos
2025-12-30 11:53:57 [INFO] scanner -    └─ Próximo permitido em: 720.0 minutos
2025-12-30 11:53:57 [WARNING] root - Bloco de componentes falhou: cannot unpack non-iterable int object
2025-12-30 11:53:57 [INFO] scanner - ✅ Validações OK [BTC/USDT]: Score=7.3, R:R=2.08
2025-12-30 11:53:57 [INFO] scanner - ⏸️  Throttle ativo [BTC/USDT]:
2025-12-30 11:53:57 [INFO] scanner -    ├─ Último alerta há 1080.0 minutos
2025-12-30 11:53:57 [INFO] scanner -    ├─ Tempo mínimo: 1800 minutos
2025-12-30 11:53:57 [INFO] scanner -    └─ Próximo permitido em: 720.0 minutos
2025-12-30 11:53:57 [WARNING] root - Bloco de componentes falhou: cannot unpack non-iterable int object
2025-12-30 11:53:57 [INFO] scanner - ✅ Validações OK [BTC/USDT]: Score=7.3, R:R=2.08
2025-12-30 11:53:57 [INFO] scanner - ⏸️  Throttle ativo [BTC/USDT]:
2025-12-30 11:53:57 [INFO] scanner -    ├─ Último alerta há 1080.0 minutos
2025-12-30 11:53:57 [INFO] scanner -    ├─ Tempo mínimo: 1800 minutos
2025-12-30 11:53:57 [INFO] scanner -    └─ Próximo permitido em: 720.0 minutos
2025-12-30 11:53:59 [WARNING] root - Bloco de componentes falhou: cannot unpack non-iterable int object
2025-12-30 11:53:59 [INFO] scanner - ✅ Validações OK [ETH/USDT]: Score=7.8, R:R=2.00
2025-12-30 11:53:59 [INFO] scanner - ⏸️  Throttle ativo [ETH/USDT]:
2025-12-30 11:53:59 [INFO] scanner -    ├─ Último alerta há 146.0 minutos
2025-12-30 11:53:59 [INFO] scanner -    ├─ Tempo mínimo: 1800 minutos
2025-12-30 11:53:59 [INFO] scanner -    └─ Próximo permitido em: 1654.0 minutos
2025-12-30 11:53:59 [WARNING] root - Bloco de componentes falhou: cannot unpack non-iterable int object
2025-12-30 11:53:59 [INFO] scanner - ✅ Validações OK [ETH/USDT]: Score=7.8, R:R=2.00
2025-12-30 11:53:59 [INFO] scanner - ⏸️  Throttle ativo [ETH/USDT]:
2025-12-30 11:53:59 [INFO] scanner -    ├─ Último alerta há 146.0 minutos
2025-12-30 11:53:59 [INFO] scanner -    ├─ Tempo mínimo: 1800 minutos
2025-12-30 11:53:59 [INFO] scanner -    └─ Próximo permitido em: 1654.0 minutos
2025-12-30 12:14:28 [INFO] scanner - ============================================================
2025-12-30 12:14:28 [INFO] scanner - 🚀 SCANNER INICIADO
2025-12-30 12:14:28 [INFO] scanner - 📅 Data/Hora: 30/12/2025 12:14:28
2025-12-30 12:14:28 [INFO] scanner - 📂 Log: logs/scanner_2025-12-30.log
2025-12-30 12:14:28 [INFO] scanner - ============================================================
2025-12-30 12:14:28 [INFO] scanner - 📝 PAPER MODE ATIVO - Apenas registro e análise
2025-12-30 12:14:32 [WARNING] root - Bloco de componentes falhou: cannot unpack non-iterable int object
2025-12-30 12:14:32 [INFO] scanner - ✅ Validações OK [BTC/USDT]: Score=7.3, R:R=2.08
2025-12-30 12:14:32 [INFO] scanner - ⏸️  Throttle ativo [BTC/USDT]:
2025-12-30 12:14:32 [INFO] scanner -    ├─ Último alerta há 1100.6 minutos
2025-12-30 12:14:32 [INFO] scanner -    ├─ Tempo mínimo: 1800 minutos
2025-12-30 12:14:32 [INFO] scanner -    └─ Próximo permitido em: 699.4 minutos
2025-12-30 12:14:32 [WARNING] root - Bloco de componentes falhou: cannot unpack non-iterable int object
2025-12-30 12:14:32 [INFO] scanner - ✅ Validações OK [BTC/USDT]: Score=7.3, R:R=2.08
2025-12-30 12:14:32 [INFO] scanner - ⏸️  Throttle ativo [BTC/USDT]:
2025-12-30 12:14:32 [INFO] scanner -    ├─ Último alerta há 1100.6 minutos
2025-12-30 12:14:32 [INFO] scanner -    ├─ Tempo mínimo: 1800 minutos
2025-12-30 12:14:32 [INFO] scanner -    └─ Próximo permitido em: 699.4 minutos
2025-12-30 12:14:34 [WARNING] root - Bloco de componentes falhou: cannot unpack non-iterable int object
2025-12-30 12:14:34 [INFO] scanner - ✅ Validações OK [ETH/USDT]: Score=7.3, R:R=2.00
2025-12-30 12:14:34 [INFO] scanner - ⏸️  Throttle ativo [ETH/USDT]:
2025-12-30 12:14:34 [INFO] scanner -    ├─ Último alerta há 166.6 minutos
2025-12-30 12:14:34 [INFO] scanner -    ├─ Tempo mínimo: 1800 minutos
2025-12-30 12:14:34 [INFO] scanner -    └─ Próximo permitido em: 1633.4 minutos
2025-12-30 12:14:34 [WARNING] root - Bloco de componentes falhou: cannot unpack non-iterable int object
2025-12-30 12:14:34 [INFO] scanner - ✅ Validações OK [ETH/USDT]: Score=7.3, R:R=2.00
2025-12-30 12:14:34 [INFO] scanner - ⏸️  Throttle ativo [ETH/USDT]:
2025-12-30 12:14:34 [INFO] scanner -    ├─ Último alerta há 166.6 minutos
2025-12-30 12:14:34 [INFO] scanner -    ├─ Tempo mínimo: 1800 minutos
2025-12-30 12:14:34 [INFO] scanner -    └─ Próximo permitido em: 1633.4 minutos
2025-12-30 12:35:28 [INFO] scanner - ============================================================
2025-12-30 12:35:28 [INFO] scanner - 🚀 SCANNER INICIADO
2025-12-30 12:35:28 [INFO] scanner - 📅 Data/Hora: 30/12/2025 12:35:28
2025-12-30 12:35:28 [INFO] scanner - 📂 Log: logs/scanner_2025-12-30.log
2025-12-30 12:35:28 [INFO] scanner - ============================================================
2025-12-30 12:35:28 [INFO] scanner - 📝 PAPER MODE ATIVO - Apenas registro e análise
2025-12-30 12:35:31 [WARNING] root - Bloco de componentes falhou: cannot unpack non-iterable int object
2025-12-30 12:35:31 [INFO] scanner - ✅ Validações OK [BTC/USDT]: Score=7.3, R:R=2.08
2025-12-30 12:35:31 [INFO] scanner - ⏸️  Throttle ativo [BTC/USDT]:
2025-12-30 12:35:31 [INFO] scanner -    ├─ Último alerta há 1121.5 minutos
2025-12-30 12:35:31 [INFO] scanner -    ├─ Tempo mínimo: 1800 minutos
2025-12-30 12:35:31 [INFO] scanner -    └─ Próximo permitido em: 678.5 minutos
2025-12-30 12:35:32 [WARNING] root - Bloco de componentes falhou: cannot unpack non-iterable int object
2025-12-30 12:35:32 [INFO] scanner - ✅ Validações OK [BTC/USDT]: Score=7.3, R:R=2.08
2025-12-30 12:35:32 [INFO] scanner - ⏸️  Throttle ativo [BTC/USDT]:
2025-12-30 12:35:32 [INFO] scanner -    ├─ Último alerta há 1121.6 minutos
2025-12-30 12:35:32 [INFO] scanner -    ├─ Tempo mínimo: 1800 minutos
2025-12-30 12:35:32 [INFO] scanner -    └─ Próximo permitido em: 678.4 minutos
2025-12-30 12:35:34 [WARNING] root - Bloco de componentes falhou: cannot unpack non-iterable int object
2025-12-30 12:35:34 [INFO] scanner - ✅ Validações OK [ETH/USDT]: Score=7.3, R:R=2.00
2025-12-30 12:35:34 [INFO] scanner - ⏸️  Throttle ativo [ETH/USDT]:
2025-12-30 12:35:34 [INFO] scanner -    ├─ Último alerta há 187.6 minutos
2025-12-30 12:35:34 [INFO] scanner -    ├─ Tempo mínimo: 1800 minutos
2025-12-30 12:35:34 [INFO] scanner -    └─ Próximo permitido em: 1612.4 minutos
2025-12-30 12:35:34 [WARNING] root - Bloco de componentes falhou: cannot unpack non-iterable int object
2025-12-30 12:35:34 [INFO] scanner - ✅ Validações OK [ETH/USDT]: Score=7.3, R:R=2.00
2025-12-30 12:35:34 [INFO] scanner - ⏸️  Throttle ativo [ETH/USDT]:
2025-12-30 12:35:34 [INFO] scanner -    ├─ Último alerta há 187.6 minutos
2025-12-30 12:35:34 [INFO] scanner -    ├─ Tempo mínimo: 1800 minutos
2025-12-30 12:35:34 [INFO] scanner -    └─ Próximo permitido em: 1612.4 minutos
2025-12-30 12:52:05 [INFO] scanner - ============================================================
2025-12-30 12:52:05 [INFO] scanner - 🚀 SCANNER INICIADO
2025-12-30 12:52:05 [INFO] scanner - 📅 Data/Hora: 30/12/2025 12:52:05
2025-12-30 12:52:05 [INFO] scanner - 📂 Log: logs/scanner_2025-12-30.log
2025-12-30 12:52:05 [INFO] scanner - ============================================================
2025-12-30 12:52:05 [INFO] scanner - 📝 PAPER MODE ATIVO - Apenas registro e análise
2025-12-30 12:52:08 [WARNING] root - Bloco de componentes falhou: cannot unpack non-iterable int object
2025-12-30 12:52:08 [INFO] scanner - ✅ Validações OK [BTC/USDT]: Score=7.8, R:R=2.08
2025-12-30 12:52:08 [INFO] scanner - ⏸️  Throttle ativo [BTC/USDT]:
2025-12-30 12:52:08 [INFO] scanner -    ├─ Último alerta há 1138.2 minutos
2025-12-30 12:52:08 [INFO] scanner -    ├─ Tempo mínimo: 1800 minutos
2025-12-30 12:52:08 [INFO] scanner -    └─ Próximo permitido em: 661.8 minutos
2025-12-30 12:52:08 [WARNING] root - Bloco de componentes falhou: cannot unpack non-iterable int object
2025-12-30 12:52:08 [INFO] scanner - ✅ Validações OK [BTC/USDT]: Score=7.8, R:R=2.08
2025-12-30 12:52:08 [INFO] scanner - ⏸️  Throttle ativo [BTC/USDT]:
2025-12-30 12:52:08 [INFO] scanner -    ├─ Último alerta há 1138.2 minutos
2025-12-30 12:52:08 [INFO] scanner -    ├─ Tempo mínimo: 1800 minutos
2025-12-30 12:52:08 [INFO] scanner -    └─ Próximo permitido em: 661.8 minutos
2025-12-30 12:52:08 [WARNING] root - Bloco de componentes falhou: cannot unpack non-iterable int object
2025-12-30 12:52:08 [INFO] scanner - ✅ Validações OK [BTC/USDT]: Score=7.8, R:R=2.08
2025-12-30 12:52:08 [INFO] scanner - ⏸️  Throttle ativo [BTC/USDT]:
2025-12-30 12:52:08 [INFO] scanner -    ├─ Último alerta há 1138.2 minutos
2025-12-30 12:52:08 [INFO] scanner -    ├─ Tempo mínimo: 1800 minutos
2025-12-30 12:52:08 [INFO] scanner -    └─ Próximo permitido em: 661.8 minutos
2025-12-30 12:52:11 [WARNING] root - Bloco de componentes falhou: cannot unpack non-iterable int object
2025-12-30 12:52:11 [INFO] scanner - ✅ Validações OK [ETH/USDT]: Score=7.3, R:R=2.00
2025-12-30 12:52:11 [INFO] scanner - ⏸️  Throttle ativo [ETH/USDT]:
2025-12-30 12:52:11 [INFO] scanner -    ├─ Último alerta há 204.2 minutos
2025-12-30 12:52:11 [INFO] scanner -    ├─ Tempo mínimo: 1800 minutos
2025-12-30 12:52:11 [INFO] scanner -    └─ Próximo permitido em: 1595.8 minutos
2025-12-30 12:52:11 [WARNING] root - Bloco de componentes falhou: cannot unpack non-iterable int object
2025-12-30 12:52:11 [INFO] scanner - ✅ Validações OK [ETH/USDT]: Score=7.3, R:R=2.00
2025-12-30 12:52:11 [INFO] scanner - ⏸️  Throttle ativo [ETH/USDT]:
2025-12-30 12:52:11 [INFO] scanner -    ├─ Último alerta há 204.2 minutos
2025-12-30 12:52:11 [INFO] scanner -    ├─ Tempo mínimo: 1800 minutos
2025-12-30 12:52:11 [INFO] scanner -    └─ Próximo permitido em: 1595.8 minutos
2025-12-30 13:17:32 [INFO] scanner - ============================================================
2025-12-30 13:17:32 [INFO] scanner - 🚀 SCANNER INICIADO
2025-12-30 13:17:32 [INFO] scanner - 📅 Data/Hora: 30/12/2025 13:17:32
2025-12-30 13:17:32 [INFO] scanner - 📂 Log: logs/scanner_2025-12-30.log
2025-12-30 13:17:32 [INFO] scanner - ============================================================
2025-12-30 13:17:32 [INFO] scanner - 📝 PAPER MODE ATIVO - Apenas registro e análise
2025-12-30 13:17:36 [WARNING] root - Bloco de componentes falhou: cannot unpack non-iterable int object
2025-12-30 13:17:36 [INFO] scanner - ✅ Validações OK [BTC/USDT]: Score=7.3, R:R=2.08
2025-12-30 13:17:36 [INFO] scanner - ⏸️  Throttle ativo [BTC/USDT]:
2025-12-30 13:17:36 [INFO] scanner -    ├─ Último alerta há 1163.6 minutos
2025-12-30 13:17:36 [INFO] scanner -    ├─ Tempo mínimo: 1800 minutos
2025-12-30 13:17:36 [INFO] scanner -    └─ Próximo permitido em: 636.4 minutos
2025-12-30 13:17:36 [WARNING] root - Bloco de componentes falhou: cannot unpack non-iterable int object
2025-12-30 13:17:36 [INFO] scanner - ✅ Validações OK [BTC/USDT]: Score=7.3, R:R=2.08
2025-12-30 13:17:36 [INFO] scanner - ⏸️  Throttle ativo [BTC/USDT]:
2025-12-30 13:17:36 [INFO] scanner -    ├─ Último alerta há 1163.6 minutos
2025-12-30 13:17:36 [INFO] scanner -    ├─ Tempo mínimo: 1800 minutos
2025-12-30 13:17:36 [INFO] scanner -    └─ Próximo permitido em: 636.4 minutos
2025-12-30 13:17:38 [WARNING] root - Bloco de componentes falhou: cannot unpack non-iterable int object
2025-12-30 13:17:38 [INFO] scanner - ✅ Validações OK [ETH/USDT]: Score=7.3, R:R=2.00
2025-12-30 13:17:38 [INFO] scanner - ⏸️  Throttle ativo [ETH/USDT]:
2025-12-30 13:17:38 [INFO] scanner -    ├─ Último alerta há 229.6 minutos
2025-12-30 13:17:38 [INFO] scanner -    ├─ Tempo mínimo: 1800 minutos
2025-12-30 13:17:38 [INFO] scanner -    └─ Próximo permitido em: 1570.4 minutos
2025-12-30 13:17:39 [WARNING] root - Bloco de componentes falhou: cannot unpack non-iterable int object
2025-12-30 13:17:39 [INFO] scanner - ✅ Validações OK [ETH/USDT]: Score=7.3, R:R=2.00
2025-12-30 13:17:39 [INFO] scanner - ⏸️  Throttle ativo [ETH/USDT]:
2025-12-30 13:17:39 [INFO] scanner -    ├─ Último alerta há 229.6 minutos
2025-12-30 13:17:39 [INFO] scanner -    ├─ Tempo mínimo: 1800 minutos
2025-12-30 13:17:39 [INFO] scanner -    └─ Próximo permitido em: 1570.4 minutos
2025-12-30 13:49:07 [INFO] scanner - ============================================================
2025-12-30 13:49:07 [INFO] scanner - 🚀 SCANNER INICIADO
2025-12-30 13:49:07 [INFO] scanner - 📅 Data/Hora: 30/12/2025 13:49:07
2025-12-30 13:49:07 [INFO] scanner - 📂 Log: logs/scanner_2025-12-30.log
2025-12-30 13:49:07 [INFO] scanner - ============================================================
2025-12-30 13:49:07 [INFO] scanner - 📝 PAPER MODE ATIVO - Apenas registro e análise
2025-12-30 13:49:11 [WARNING] root - Bloco de componentes falhou: cannot unpack non-iterable int object
2025-12-30 13:49:11 [INFO] scanner - ✅ Validações OK [BTC/USDT]: Score=10.0, R:R=2.08
2025-12-30 13:49:11 [INFO] scanner - ⏸️  Throttle ativo [BTC/USDT]:
2025-12-30 13:49:11 [INFO] scanner -    ├─ Último alerta há 1195.2 minutos
2025-12-30 13:49:11 [INFO] scanner -    ├─ Tempo mínimo: 1800 minutos
2025-12-30 13:49:11 [INFO] scanner -    └─ Próximo permitido em: 604.8 minutos
2025-12-30 13:49:12 [WARNING] root - Bloco de componentes falhou: cannot unpack non-iterable int object
2025-12-30 13:49:12 [INFO] scanner - ✅ Validações OK [BTC/USDT]: Score=7.3, R:R=2.08
2025-12-30 13:49:12 [INFO] scanner - ⏸️  Throttle ativo [BTC/USDT]:
2025-12-30 13:49:12 [INFO] scanner -    ├─ Último alerta há 1195.2 minutos
2025-12-30 13:49:12 [INFO] scanner -    ├─ Tempo mínimo: 1800 minutos
2025-12-30 13:49:12 [INFO] scanner -    └─ Próximo permitido em: 604.8 minutos
2025-12-30 13:49:12 [WARNING] root - Bloco de componentes falhou: cannot unpack non-iterable int object
2025-12-30 13:49:12 [INFO] scanner - ✅ Validações OK [BTC/USDT]: Score=7.3, R:R=2.08
2025-12-30 13:49:12 [INFO] scanner - ⏸️  Throttle ativo [BTC/USDT]:
2025-12-30 13:49:12 [INFO] scanner -    ├─ Último alerta há 1195.2 minutos
2025-12-30 13:49:12 [INFO] scanner -    ├─ Tempo mínimo: 1800 minutos
2025-12-30 13:49:12 [INFO] scanner -    └─ Próximo permitido em: 604.8 minutos
2025-12-30 13:49:14 [WARNING] root - Bloco de componentes falhou: cannot unpack non-iterable int object
2025-12-30 13:49:14 [INFO] scanner - ✅ Validações OK [ETH/USDT]: Score=7.3, R:R=2.00
2025-12-30 13:49:14 [INFO] scanner - ⏸️  Throttle ativo [ETH/USDT]:
2025-12-30 13:49:14 [INFO] scanner -    ├─ Último alerta há 261.2 minutos
2025-12-30 13:49:14 [INFO] scanner -    ├─ Tempo mínimo: 1800 minutos
2025-12-30 13:49:14 [INFO] scanner -    └─ Próximo permitido em: 1538.8 minutos
2025-12-30 13:49:14 [WARNING] root - Bloco de componentes falhou: cannot unpack non-iterable int object
2025-12-30 13:49:14 [INFO] scanner - ✅ Validações OK [ETH/USDT]: Score=7.3, R:R=2.00
2025-12-30 13:49:14 [INFO] scanner - ⏸️  Throttle ativo [ETH/USDT]:
2025-12-30 13:49:14 [INFO] scanner -    ├─ Último alerta há 261.2 minutos
2025-12-30 13:49:14 [INFO] scanner -    ├─ Tempo mínimo: 1800 minutos
2025-12-30 13:49:14 [INFO] scanner -    └─ Próximo permitido em: 1538.8 minutos
2025-12-30 14:14:30 [INFO] scanner - ============================================================
2025-12-30 14:14:30 [INFO] scanner - 🚀 SCANNER INICIADO
2025-12-30 14:14:30 [INFO] scanner - 📅 Data/Hora: 30/12/2025 14:14:30
2025-12-30 14:14:30 [INFO] scanner - 📂 Log: logs/scanner_2025-12-30.log
2025-12-30 14:14:30 [INFO] scanner - ============================================================
2025-12-30 14:14:30 [INFO] scanner - 📝 PAPER MODE ATIVO - Apenas registro e análise
2025-12-30 14:14:33 [WARNING] root - Bloco de componentes falhou: cannot unpack non-iterable int object
2025-12-30 14:14:33 [INFO] scanner - ✅ Validações OK [BTC/USDT]: Score=7.3, R:R=2.08
2025-12-30 14:14:33 [INFO] scanner - ⏸️  Throttle ativo [BTC/USDT]:
2025-12-30 14:14:33 [INFO] scanner -    ├─ Último alerta há 1220.6 minutos
2025-12-30 14:14:33 [INFO] scanner -    ├─ Tempo mínimo: 1800 minutos
2025-12-30 14:14:33 [INFO] scanner -    └─ Próximo permitido em: 579.4 minutos
2025-12-30 14:14:33 [WARNING] root - Bloco de componentes falhou: cannot unpack non-iterable int object
2025-12-30 14:14:33 [INFO] scanner - ✅ Validações OK [BTC/USDT]: Score=7.3, R:R=2.08
2025-12-30 14:14:33 [INFO] scanner - ⏸️  Throttle ativo [BTC/USDT]:
2025-12-30 14:14:33 [INFO] scanner -    ├─ Último alerta há 1220.6 minutos
2025-12-30 14:14:33 [INFO] scanner -    ├─ Tempo mínimo: 1800 minutos
2025-12-30 14:14:33 [INFO] scanner -    └─ Próximo permitido em: 579.4 minutos
2025-12-30 14:14:36 [WARNING] root - Bloco de componentes falhou: cannot unpack non-iterable int object
2025-12-30 14:14:36 [INFO] scanner - ✅ Validações OK [ETH/USDT]: Score=7.3, R:R=2.00
2025-12-30 14:14:36 [INFO] scanner - ⏸️  Throttle ativo [ETH/USDT]:
2025-12-30 14:14:36 [INFO] scanner -    ├─ Último alerta há 286.6 minutos
2025-12-30 14:14:36 [INFO] scanner -    ├─ Tempo mínimo: 1800 minutos
2025-12-30 14:14:36 [INFO] scanner -    └─ Próximo permitido em: 1513.4 minutos
2025-12-30 14:14:36 [WARNING] root - Bloco de componentes falhou: cannot unpack non-iterable int object
2025-12-30 14:14:36 [INFO] scanner - ✅ Validações OK [ETH/USDT]: Score=7.3, R:R=2.00
2025-12-30 14:14:36 [INFO] scanner - ⏸️  Throttle ativo [ETH/USDT]:
2025-12-30 14:14:36 [INFO] scanner -    ├─ Último alerta há 286.6 minutos
2025-12-30 14:14:36 [INFO] scanner -    ├─ Tempo mínimo: 1800 minutos
2025-12-30 14:14:36 [INFO] scanner -    └─ Próximo permitido em: 1513.4 minutos
2025-12-30 14:36:05 [INFO] scanner - ============================================================
2025-12-30 14:36:05 [INFO] scanner - 🚀 SCANNER INICIADO
2025-12-30 14:36:05 [INFO] scanner - 📅 Data/Hora: 30/12/2025 14:36:05
2025-12-30 14:36:05 [INFO] scanner - 📂 Log: logs/scanner_2025-12-30.log
2025-12-30 14:36:05 [INFO] scanner - ============================================================
2025-12-30 14:36:05 [INFO] scanner - 📝 PAPER MODE ATIVO - Apenas registro e análise
2025-12-30 14:36:09 [WARNING] root - Bloco de componentes falhou: cannot unpack non-iterable int object
2025-12-30 14:36:09 [INFO] scanner - ✅ Validações OK [BTC/USDT]: Score=7.3, R:R=2.08
2025-12-30 14:36:09 [INFO] scanner - ⏸️  Throttle ativo [BTC/USDT]:
2025-12-30 14:36:09 [INFO] scanner -    ├─ Último alerta há 1242.2 minutos
2025-12-30 14:36:09 [INFO] scanner -    ├─ Tempo mínimo: 1800 minutos
2025-12-30 14:36:09 [INFO] scanner -    └─ Próximo permitido em: 557.8 minutos
2025-12-30 14:36:09 [WARNING] root - Bloco de componentes falhou: cannot unpack non-iterable int object
2025-12-30 14:36:09 [INFO] scanner - ✅ Validações OK [BTC/USDT]: Score=7.3, R:R=2.08
2025-12-30 14:36:09 [INFO] scanner - ⏸️  Throttle ativo [BTC/USDT]:
2025-12-30 14:36:09 [INFO] scanner -    ├─ Último alerta há 1242.2 minutos
2025-12-30 14:36:09 [INFO] scanner -    ├─ Tempo mínimo: 1800 minutos
2025-12-30 14:36:09 [INFO] scanner -    └─ Próximo permitido em: 557.8 minutos
2025-12-30 14:36:11 [WARNING] root - Bloco de componentes falhou: cannot unpack non-iterable int object
2025-12-30 14:36:11 [INFO] scanner - ✅ Validações OK [ETH/USDT]: Score=7.3, R:R=2.00
2025-12-30 14:36:11 [INFO] scanner - ⏸️  Throttle ativo [ETH/USDT]:
2025-12-30 14:36:11 [INFO] scanner -    ├─ Último alerta há 308.2 minutos
2025-12-30 14:36:11 [INFO] scanner -    ├─ Tempo mínimo: 1800 minutos
2025-12-30 14:36:11 [INFO] scanner -    └─ Próximo permitido em: 1491.8 minutos
2025-12-30 14:36:11 [WARNING] root - Bloco de componentes falhou: cannot unpack non-iterable int object
2025-12-30 14:36:11 [INFO] scanner - ✅ Validações OK [ETH/USDT]: Score=7.3, R:R=2.00
2025-12-30 14:36:11 [INFO] scanner - ⏸️  Throttle ativo [ETH/USDT]:
2025-12-30 14:36:11 [INFO] scanner -    ├─ Último alerta há 308.2 minutos
2025-12-30 14:36:11 [INFO] scanner -    ├─ Tempo mínimo: 1800 minutos
2025-12-30 14:36:11 [INFO] scanner -    └─ Próximo permitido em: 1491.8 minutos
