2026-03-10 03:38:14 [INFO] scanner - ============================================================
2026-03-10 03:38:14 [INFO] scanner - 🚀 SCANNER INICIADO
2026-03-10 03:38:14 [INFO] scanner - 📅 Data/Hora: 10/03/2026 03:38:14
2026-03-10 03:38:14 [INFO] scanner - 📂 Log: logs/scanner_2026-03-10.log
2026-03-10 03:38:14 [INFO] scanner - ============================================================
2026-03-10 03:38:14 [INFO] scanner - 📝 PAPER MODE ATIVO - Apenas registro e análise
2026-03-10 03:38:17 [WARNING] root - Bloco de componentes falhou: cannot unpack non-iterable int object
2026-03-10 03:38:17 [INFO] scanner - ✅ Validações OK [BTC/USDT]: Score=7.3, R:R=2.08
2026-03-10 03:38:17 [INFO] scanner - ⏸️  Throttle ativo [BTC/USDT]:
2026-03-10 03:38:17 [INFO] scanner -    ├─ Último alerta há 457.8 minutos
2026-03-10 03:38:17 [INFO] scanner -    ├─ Tempo mínimo: 1800 minutos
2026-03-10 03:38:17 [INFO] scanner -    └─ Próximo permitido em: 1342.2 minutos
2026-03-10 03:38:18 [WARNING] root - Bloco de componentes falhou: cannot unpack non-iterable int object
2026-03-10 03:38:18 [INFO] scanner - ✅ Validações OK [BTC/USDT]: Score=7.3, R:R=2.08
2026-03-10 03:38:18 [INFO] scanner - ⏸️  Throttle ativo [BTC/USDT]:
2026-03-10 03:38:18 [INFO] scanner -    ├─ Último alerta há 457.8 minutos
2026-03-10 03:38:18 [INFO] scanner -    ├─ Tempo mínimo: 1800 minutos
2026-03-10 03:38:18 [INFO] scanner -    └─ Próximo permitido em: 1342.2 minutos
2026-03-10 03:38:20 [WARNING] root - Bloco de componentes falhou: cannot unpack non-iterable int object
2026-03-10 03:38:20 [INFO] scanner - ✅ Validações OK [ETH/USDT]: Score=7.3, R:R=2.00
2026-03-10 03:38:20 [INFO] scanner - ⏸️  Throttle ativo [ETH/USDT]:
2026-03-10 03:38:20 [INFO] scanner -    ├─ Último alerta há 1077.4 minutos
2026-03-10 03:38:20 [INFO] scanner -    ├─ Tempo mínimo: 1800 minutos
2026-03-10 03:38:20 [INFO] scanner -    └─ Próximo permitido em: 722.6 minutos
2026-03-10 03:38:20 [WARNING] root - Bloco de componentes falhou: cannot unpack non-iterable int object
2026-03-10 03:38:20 [INFO] scanner - ✅ Validações OK [ETH/USDT]: Score=7.3, R:R=2.00
2026-03-10 03:38:20 [INFO] scanner - ⏸️  Throttle ativo [ETH/USDT]:
2026-03-10 03:38:20 [INFO] scanner -    ├─ Último alerta há 1077.4 minutos
2026-03-10 03:38:20 [INFO] scanner -    ├─ Tempo mínimo: 1800 minutos
2026-03-10 03:38:20 [INFO] scanner -    └─ Próximo permitido em: 722.6 minutos
2026-03-10 04:27:56 [INFO] scanner - ============================================================
2026-03-10 04:27:56 [INFO] scanner - 🚀 SCANNER INICIADO
2026-03-10 04:27:56 [INFO] scanner - 📅 Data/Hora: 10/03/2026 04:27:56
2026-03-10 04:27:56 [INFO] scanner - 📂 Log: logs/scanner_2026-03-10.log
2026-03-10 04:27:56 [INFO] scanner - ============================================================
2026-03-10 04:27:56 [INFO] scanner - 📝 PAPER MODE ATIVO - Apenas registro e análise
2026-03-10 04:27:59 [WARNING] root - Bloco de componentes falhou: cannot unpack non-iterable int object
2026-03-10 04:27:59 [INFO] scanner - ✅ Validações OK [BTC/USDT]: Score=7.3, R:R=2.08
2026-03-10 04:27:59 [INFO] scanner - ⏸️  Throttle ativo [BTC/USDT]:
2026-03-10 04:27:59 [INFO] scanner -    ├─ Último alerta há 507.5 minutos
2026-03-10 04:27:59 [INFO] scanner -    ├─ Tempo mínimo: 1800 minutos
2026-03-10 04:27:59 [INFO] scanner -    └─ Próximo permitido em: 1292.5 minutos
2026-03-10 04:27:59 [WARNING] root - Bloco de componentes falhou: cannot unpack non-iterable int object
2026-03-10 04:27:59 [INFO] scanner - ✅ Validações OK [BTC/USDT]: Score=7.3, R:R=2.08
2026-03-10 04:27:59 [INFO] scanner - ⏸️  Throttle ativo [BTC/USDT]:
2026-03-10 04:27:59 [INFO] scanner -    ├─ Último alerta há 507.5 minutos
2026-03-10 04:27:59 [INFO] scanner -    ├─ Tempo mínimo: 1800 minutos
2026-03-10 04:27:59 [INFO] scanner -    └─ Próximo permitido em: 1292.5 minutos
2026-03-10 04:28:01 [WARNING] root - Bloco de componentes falhou: cannot unpack non-iterable int object
2026-03-10 04:28:01 [INFO] scanner - ✅ Validações OK [ETH/USDT]: Score=7.3, R:R=2.00
2026-03-10 04:28:01 [INFO] scanner - ⏸️  Throttle ativo [ETH/USDT]:
2026-03-10 04:28:01 [INFO] scanner -    ├─ Último alerta há 1127.1 minutos
2026-03-10 04:28:01 [INFO] scanner -    ├─ Tempo mínimo: 1800 minutos
2026-03-10 04:28:01 [INFO] scanner -    └─ Próximo permitido em: 672.9 minutos
2026-03-10 04:28:02 [WARNING] root - Bloco de componentes falhou: cannot unpack non-iterable int object
2026-03-10 04:28:02 [INFO] scanner - ✅ Validações OK [ETH/USDT]: Score=7.3, R:R=2.00
2026-03-10 04:28:02 [INFO] scanner - ⏸️  Throttle ativo [ETH/USDT]:
2026-03-10 04:28:02 [INFO] scanner -    ├─ Último alerta há 1127.1 minutos
2026-03-10 04:28:02 [INFO] scanner -    ├─ Tempo mínimo: 1800 minutos
2026-03-10 04:28:02 [INFO] scanner -    └─ Próximo permitido em: 672.9 minutos
2026-03-10 05:00:04 [INFO] scanner - ============================================================
2026-03-10 05:00:04 [INFO] scanner - 🚀 SCANNER INICIADO
2026-03-10 05:00:04 [INFO] scanner - 📅 Data/Hora: 10/03/2026 05:00:04
2026-03-10 05:00:04 [INFO] scanner - 📂 Log: logs/scanner_2026-03-10.log
2026-03-10 05:00:04 [INFO] scanner - ============================================================
2026-03-10 05:00:04 [INFO] scanner - 📝 PAPER MODE ATIVO - Apenas registro e análise
2026-03-10 05:00:07 [WARNING] root - Bloco de componentes falhou: cannot unpack non-iterable int object
2026-03-10 05:00:07 [INFO] scanner - ✅ Validações OK [BTC/USDT]: Score=7.8, R:R=2.08
2026-03-10 05:00:07 [INFO] scanner - ⏸️  Throttle ativo [BTC/USDT]:
2026-03-10 05:00:07 [INFO] scanner -    ├─ Último alerta há 539.6 minutos
2026-03-10 05:00:07 [INFO] scanner -    ├─ Tempo mínimo: 1800 minutos
2026-03-10 05:00:07 [INFO] scanner -    └─ Próximo permitido em: 1260.4 minutos
2026-03-10 05:00:08 [WARNING] root - Bloco de componentes falhou: cannot unpack non-iterable int object
2026-03-10 05:00:08 [INFO] scanner - ✅ Validações OK [BTC/USDT]: Score=7.8, R:R=2.08
2026-03-10 05:00:08 [INFO] scanner - ⏸️  Throttle ativo [BTC/USDT]:
2026-03-10 05:00:08 [INFO] scanner -    ├─ Último alerta há 539.6 minutos
2026-03-10 05:00:08 [INFO] scanner -    ├─ Tempo mínimo: 1800 minutos
2026-03-10 05:00:08 [INFO] scanner -    └─ Próximo permitido em: 1260.4 minutos
2026-03-10 05:00:10 [WARNING] root - Bloco de componentes falhou: cannot unpack non-iterable int object
2026-03-10 05:00:10 [INFO] scanner - ✅ Validações OK [ETH/USDT]: Score=7.3, R:R=2.00
2026-03-10 05:00:10 [INFO] scanner - ⏸️  Throttle ativo [ETH/USDT]:
2026-03-10 05:00:10 [INFO] scanner -    ├─ Último alerta há 1159.3 minutos
2026-03-10 05:00:10 [INFO] scanner -    ├─ Tempo mínimo: 1800 minutos
2026-03-10 05:00:10 [INFO] scanner -    └─ Próximo permitido em: 640.7 minutos
2026-03-10 05:00:10 [WARNING] root - Bloco de componentes falhou: cannot unpack non-iterable int object
2026-03-10 05:00:10 [INFO] scanner - ✅ Validações OK [ETH/USDT]: Score=7.3, R:R=2.00
2026-03-10 05:00:10 [INFO] scanner - ⏸️  Throttle ativo [ETH/USDT]:
2026-03-10 05:00:10 [INFO] scanner -    ├─ Último alerta há 1159.3 minutos
2026-03-10 05:00:10 [INFO] scanner -    ├─ Tempo mínimo: 1800 minutos
2026-03-10 05:00:10 [INFO] scanner -    └─ Próximo permitido em: 640.7 minutos
