2026-07-14 04:48:40 [INFO] scanner - ============================================================
2026-07-14 04:48:40 [INFO] scanner - 🚀 SCANNER INICIADO
2026-07-14 04:48:40 [INFO] scanner - 📅 Data/Hora: 14/07/2026 04:48:40
2026-07-14 04:48:40 [INFO] scanner - 📂 Log: logs/scanner_2026-07-14.log
2026-07-14 04:48:40 [INFO] scanner - ============================================================
2026-07-14 04:48:40 [INFO] scanner - 📝 PAPER MODE ATIVO - Apenas registro e análise
2026-07-14 06:48:07 [INFO] scanner - ============================================================
2026-07-14 06:48:07 [INFO] scanner - 🚀 SCANNER INICIADO
2026-07-14 06:48:07 [INFO] scanner - 📅 Data/Hora: 14/07/2026 06:48:07
2026-07-14 06:48:07 [INFO] scanner - 📂 Log: logs/scanner_2026-07-14.log
2026-07-14 06:48:07 [INFO] scanner - ============================================================
2026-07-14 06:48:07 [INFO] scanner - 📝 PAPER MODE ATIVO - Apenas registro e análise
2026-07-14 08:18:47 [INFO] scanner - ============================================================
2026-07-14 08:18:47 [INFO] scanner - 🚀 SCANNER INICIADO
2026-07-14 08:18:47 [INFO] scanner - 📅 Data/Hora: 14/07/2026 08:18:47
2026-07-14 08:18:47 [INFO] scanner - 📂 Log: logs/scanner_2026-07-14.log
2026-07-14 08:18:47 [INFO] scanner - ============================================================
2026-07-14 08:18:47 [INFO] scanner - 📝 PAPER MODE ATIVO - Apenas registro e análise
2026-07-14 08:18:51 [WARNING] root - Bloco de componentes falhou: cannot unpack non-iterable int object
2026-07-14 08:18:51 [INFO] scanner - ✅ Validações OK [BTC/USDT]: Score=7.3, R:R=2.08
2026-07-14 08:18:51 [INFO] scanner - ⏸️  Throttle ativo [BTC/USDT]:
2026-07-14 08:18:51 [INFO] scanner -    ├─ Último alerta há 1587.2 minutos
2026-07-14 08:18:51 [INFO] scanner -    ├─ Tempo mínimo: 1800 minutos
2026-07-14 08:18:51 [INFO] scanner -    └─ Próximo permitido em: 212.8 minutos
