2026-02-26 03:50:11 [INFO] scanner - ============================================================
2026-02-26 03:50:11 [INFO] scanner - 🚀 SCANNER INICIADO
2026-02-26 03:50:11 [INFO] scanner - 📅 Data/Hora: 26/02/2026 03:50:11
2026-02-26 03:50:11 [INFO] scanner - 📂 Log: logs/scanner_2026-02-26.log
2026-02-26 03:50:11 [INFO] scanner - ============================================================
2026-02-26 03:50:11 [INFO] scanner - 📝 PAPER MODE ATIVO - Apenas registro e análise
2026-02-26 03:50:14 [WARNING] root - Bloco de componentes falhou: cannot unpack non-iterable int object
2026-02-26 03:50:14 [INFO] scanner - ✅ Validações OK [BTC/USDT]: Score=7.3, R:R=2.08
2026-02-26 03:50:14 [INFO] scanner - ⏸️  Throttle ativo [BTC/USDT]:
2026-02-26 03:50:14 [INFO] scanner -    ├─ Último alerta há 647.0 minutos
2026-02-26 03:50:14 [INFO] scanner -    ├─ Tempo mínimo: 1800 minutos
2026-02-26 03:50:14 [INFO] scanner -    └─ Próximo permitido em: 1153.0 minutos
2026-02-26 03:50:15 [WARNING] root - Bloco de componentes falhou: cannot unpack non-iterable int object
2026-02-26 03:50:15 [INFO] scanner - ✅ Validações OK [BTC/USDT]: Score=7.3, R:R=2.08
2026-02-26 03:50:15 [INFO] scanner - ⏸️  Throttle ativo [BTC/USDT]:
2026-02-26 03:50:15 [INFO] scanner -    ├─ Último alerta há 647.0 minutos
2026-02-26 03:50:15 [INFO] scanner -    ├─ Tempo mínimo: 1800 minutos
2026-02-26 03:50:15 [INFO] scanner -    └─ Próximo permitido em: 1153.0 minutos
2026-02-26 03:50:17 [WARNING] root - Bloco de componentes falhou: cannot unpack non-iterable int object
2026-02-26 03:50:17 [INFO] scanner - ✅ Validações OK [ETH/USDT]: Score=7.3, R:R=2.00
2026-02-26 03:50:17 [INFO] scanner - ⏸️  Throttle ativo [ETH/USDT]:
2026-02-26 03:50:17 [INFO] scanner -    ├─ Último alerta há 647.0 minutos
2026-02-26 03:50:17 [INFO] scanner -    ├─ Tempo mínimo: 1800 minutos
2026-02-26 03:50:17 [INFO] scanner -    └─ Próximo permitido em: 1153.0 minutos
