2026-07-03 05:50:36 [INFO] scanner - ============================================================
2026-07-03 05:50:36 [INFO] scanner - 🚀 SCANNER INICIADO
2026-07-03 05:50:36 [INFO] scanner - 📅 Data/Hora: 03/07/2026 05:50:36
2026-07-03 05:50:36 [INFO] scanner - 📂 Log: logs/scanner_2026-07-03.log
2026-07-03 05:50:36 [INFO] scanner - ============================================================
2026-07-03 05:50:36 [INFO] scanner - 📝 PAPER MODE ATIVO - Apenas registro e análise
2026-07-03 05:50:40 [WARNING] root - Bloco de componentes falhou: cannot unpack non-iterable int object
2026-07-03 05:50:40 [INFO] scanner - ✅ Validações OK [BTC/USDT]: Score=7.3, R:R=2.08
2026-07-03 05:50:40 [INFO] scanner - ⏸️  Throttle ativo [BTC/USDT]:
2026-07-03 05:50:40 [INFO] scanner -    ├─ Último alerta há 677.8 minutos
2026-07-03 05:50:40 [INFO] scanner -    ├─ Tempo mínimo: 1800 minutos
2026-07-03 05:50:40 [INFO] scanner -    └─ Próximo permitido em: 1122.2 minutos
2026-07-03 05:50:42 [WARNING] root - Bloco de componentes falhou: cannot unpack non-iterable int object
2026-07-03 05:50:42 [INFO] scanner - ✅ Validações OK [ETH/USDT]: Score=7.8, R:R=2.00
2026-07-03 05:50:42 [INFO] scanner - ⏸️  Throttle ativo [ETH/USDT]:
2026-07-03 05:50:42 [INFO] scanner -    ├─ Último alerta há 933.5 minutos
2026-07-03 05:50:42 [INFO] scanner -    ├─ Tempo mínimo: 1800 minutos
2026-07-03 05:50:42 [INFO] scanner -    └─ Próximo permitido em: 866.5 minutos
2026-07-03 05:50:43 [WARNING] root - Bloco de componentes falhou: cannot unpack non-iterable int object
2026-07-03 05:50:43 [INFO] scanner - ✅ Validações OK [ETH/USDT]: Score=7.3, R:R=2.00
2026-07-03 05:50:43 [INFO] scanner - ⏸️  Throttle ativo [ETH/USDT]:
2026-07-03 05:50:43 [INFO] scanner -    ├─ Último alerta há 933.5 minutos
2026-07-03 05:50:43 [INFO] scanner -    ├─ Tempo mínimo: 1800 minutos
2026-07-03 05:50:43 [INFO] scanner -    └─ Próximo permitido em: 866.5 minutos
2026-07-03 05:50:43 [WARNING] root - Bloco de componentes falhou: cannot unpack non-iterable int object
2026-07-03 05:50:43 [INFO] scanner - ✅ Validações OK [ETH/USDT]: Score=7.3, R:R=2.00
2026-07-03 05:50:43 [INFO] scanner - ⏸️  Throttle ativo [ETH/USDT]:
2026-07-03 05:50:43 [INFO] scanner -    ├─ Último alerta há 933.5 minutos
2026-07-03 05:50:43 [INFO] scanner -    ├─ Tempo mínimo: 1800 minutos
2026-07-03 05:50:43 [INFO] scanner -    └─ Próximo permitido em: 866.5 minutos
2026-07-03 05:50:43 [WARNING] root - Bloco de componentes falhou: cannot unpack non-iterable int object
2026-07-03 05:50:43 [INFO] scanner - ✅ Validações OK [ETH/USDT]: Score=7.3, R:R=2.00
2026-07-03 05:50:43 [INFO] scanner - ⏸️  Throttle ativo [ETH/USDT]:
2026-07-03 05:50:43 [INFO] scanner -    ├─ Último alerta há 933.5 minutos
2026-07-03 05:50:43 [INFO] scanner -    ├─ Tempo mínimo: 1800 minutos
2026-07-03 05:50:43 [INFO] scanner -    └─ Próximo permitido em: 866.5 minutos
