2025-12-09 03:21:58 [INFO] scanner - ============================================================
2025-12-09 03:21:58 [INFO] scanner - 🚀 SCANNER INICIADO
2025-12-09 03:21:58 [INFO] scanner - 📅 Data/Hora: 09/12/2025 03:21:58
2025-12-09 03:21:58 [INFO] scanner - 📂 Log: logs/scanner_2025-12-09.log
2025-12-09 03:21:58 [INFO] scanner - ============================================================
2025-12-09 03:21:58 [INFO] scanner - 📝 PAPER MODE ATIVO - Apenas registro e análise
2025-12-09 03:52:55 [INFO] scanner - ============================================================
2025-12-09 03:52:55 [INFO] scanner - 🚀 SCANNER INICIADO
2025-12-09 03:52:55 [INFO] scanner - 📅 Data/Hora: 09/12/2025 03:52:55
2025-12-09 03:52:55 [INFO] scanner - 📂 Log: logs/scanner_2025-12-09.log
2025-12-09 03:52:55 [INFO] scanner - ============================================================
2025-12-09 03:52:55 [INFO] scanner - 📝 PAPER MODE ATIVO - Apenas registro e análise
2025-12-09 04:16:13 [INFO] scanner - ============================================================
2025-12-09 04:16:13 [INFO] scanner - 🚀 SCANNER INICIADO
2025-12-09 04:16:13 [INFO] scanner - 📅 Data/Hora: 09/12/2025 04:16:13
2025-12-09 04:16:13 [INFO] scanner - 📂 Log: logs/scanner_2025-12-09.log
2025-12-09 04:16:13 [INFO] scanner - ============================================================
2025-12-09 04:16:13 [INFO] scanner - 📝 PAPER MODE ATIVO - Apenas registro e análise
2025-12-09 04:40:51 [INFO] scanner - ============================================================
2025-12-09 04:40:51 [INFO] scanner - 🚀 SCANNER INICIADO
2025-12-09 04:40:51 [INFO] scanner - 📅 Data/Hora: 09/12/2025 04:40:51
2025-12-09 04:40:51 [INFO] scanner - 📂 Log: logs/scanner_2025-12-09.log
2025-12-09 04:40:51 [INFO] scanner - ============================================================
2025-12-09 04:40:51 [INFO] scanner - 📝 PAPER MODE ATIVO - Apenas registro e análise
2025-12-09 04:40:54 [WARNING] root - Bloco de componentes falhou: cannot unpack non-iterable int object
2025-12-09 04:40:54 [INFO] scanner - ✅ Validações OK [BTC/USDT]: Score=7.3, R:R=2.08
2025-12-09 04:40:54 [INFO] scanner - ✅ Throttle OK [BTC/USDT]: Pode enviar
2025-12-09 04:40:55 [INFO] scanner - 📝 Sinal no ledger: 20251209_044055_404487 - BTC/USDT
2025-12-09 04:40:55 [INFO] scanner - 📨 Alerta enviado | ID Ledger: 20251209_044055_404487
2025-12-09 04:49:49 [INFO] scanner - ============================================================
2025-12-09 04:49:49 [INFO] scanner - 🚀 SCANNER INICIADO
2025-12-09 04:49:49 [INFO] scanner - 📅 Data/Hora: 09/12/2025 04:49:49
2025-12-09 04:49:49 [INFO] scanner - 📂 Log: logs/scanner_2025-12-09.log
2025-12-09 04:49:49 [INFO] scanner - ============================================================
2025-12-09 04:49:49 [INFO] scanner - 📝 PAPER MODE ATIVO - Apenas registro e análise
2025-12-09 04:49:52 [WARNING] root - Bloco de componentes falhou: cannot unpack non-iterable int object
2025-12-09 04:49:52 [INFO] scanner - ✅ Validações OK [BTC/USDT]: Score=7.3, R:R=2.08
2025-12-09 04:49:52 [INFO] scanner - ⏸️  Throttle ativo [BTC/USDT]:
2025-12-09 04:49:52 [INFO] scanner -    ├─ Último alerta há 9.0 minutos
2025-12-09 04:49:52 [INFO] scanner -    ├─ Tempo mínimo: 1800 minutos
2025-12-09 04:49:52 [INFO] scanner -    └─ Próximo permitido em: 1791.0 minutos
2025-12-09 05:20:01 [INFO] scanner - ============================================================
2025-12-09 05:20:01 [INFO] scanner - 🚀 SCANNER INICIADO
2025-12-09 05:20:01 [INFO] scanner - 📅 Data/Hora: 09/12/2025 05:20:01
2025-12-09 05:20:01 [INFO] scanner - 📂 Log: logs/scanner_2025-12-09.log
2025-12-09 05:20:01 [INFO] scanner - ============================================================
2025-12-09 05:20:01 [INFO] scanner - 📝 PAPER MODE ATIVO - Apenas registro e análise
2025-12-09 05:50:12 [INFO] scanner - ============================================================
2025-12-09 05:50:12 [INFO] scanner - 🚀 SCANNER INICIADO
2025-12-09 05:50:12 [INFO] scanner - 📅 Data/Hora: 09/12/2025 05:50:12
2025-12-09 05:50:12 [INFO] scanner - 📂 Log: logs/scanner_2025-12-09.log
2025-12-09 05:50:12 [INFO] scanner - ============================================================
2025-12-09 05:50:12 [INFO] scanner - 📝 PAPER MODE ATIVO - Apenas registro e análise
2025-12-09 06:17:09 [INFO] scanner - ============================================================
2025-12-09 06:17:09 [INFO] scanner - 🚀 SCANNER INICIADO
2025-12-09 06:17:09 [INFO] scanner - 📅 Data/Hora: 09/12/2025 06:17:09
2025-12-09 06:17:09 [INFO] scanner - 📂 Log: logs/scanner_2025-12-09.log
2025-12-09 06:17:09 [INFO] scanner - ============================================================
2025-12-09 06:17:09 [INFO] scanner - 📝 PAPER MODE ATIVO - Apenas registro e análise
2025-12-09 06:17:13 [WARNING] root - Bloco de componentes falhou: cannot unpack non-iterable int object
2025-12-09 06:17:13 [INFO] scanner - ✅ Validações OK [BTC/USDT]: Score=8.8, R:R=2.08
2025-12-09 06:17:13 [INFO] scanner - ⏸️  Throttle ativo [BTC/USDT]:
2025-12-09 06:17:13 [INFO] scanner -    ├─ Último alerta há 96.3 minutos
2025-12-09 06:17:13 [INFO] scanner -    ├─ Tempo mínimo: 1800 minutos
2025-12-09 06:17:13 [INFO] scanner -    └─ Próximo permitido em: 1703.7 minutos
2025-12-09 06:17:13 [WARNING] root - Bloco de componentes falhou: cannot unpack non-iterable int object
2025-12-09 06:17:13 [INFO] scanner - ✅ Validações OK [BTC/USDT]: Score=7.3, R:R=2.08
2025-12-09 06:17:13 [INFO] scanner - ⏸️  Throttle ativo [BTC/USDT]:
2025-12-09 06:17:13 [INFO] scanner -    ├─ Último alerta há 96.3 minutos
2025-12-09 06:17:13 [INFO] scanner -    ├─ Tempo mínimo: 1800 minutos
2025-12-09 06:17:13 [INFO] scanner -    └─ Próximo permitido em: 1703.7 minutos
2025-12-09 06:43:22 [INFO] scanner - ============================================================
2025-12-09 06:43:22 [INFO] scanner - 🚀 SCANNER INICIADO
2025-12-09 06:43:22 [INFO] scanner - 📅 Data/Hora: 09/12/2025 06:43:22
2025-12-09 06:43:22 [INFO] scanner - 📂 Log: logs/scanner_2025-12-09.log
2025-12-09 06:43:22 [INFO] scanner - ============================================================
2025-12-09 06:43:22 [INFO] scanner - 📝 PAPER MODE ATIVO - Apenas registro e análise
2025-12-09 06:43:25 [WARNING] root - Bloco de componentes falhou: cannot unpack non-iterable int object
2025-12-09 06:43:25 [INFO] scanner - ✅ Validações OK [BTC/USDT]: Score=8.8, R:R=2.08
2025-12-09 06:43:25 [INFO] scanner - ⏸️  Throttle ativo [BTC/USDT]:
2025-12-09 06:43:25 [INFO] scanner -    ├─ Último alerta há 122.5 minutos
2025-12-09 06:43:25 [INFO] scanner -    ├─ Tempo mínimo: 1800 minutos
2025-12-09 06:43:25 [INFO] scanner -    └─ Próximo permitido em: 1677.5 minutos
2025-12-09 06:43:26 [WARNING] root - Bloco de componentes falhou: cannot unpack non-iterable int object
2025-12-09 06:43:26 [INFO] scanner - ✅ Validações OK [BTC/USDT]: Score=7.3, R:R=2.08
2025-12-09 06:43:26 [INFO] scanner - ⏸️  Throttle ativo [BTC/USDT]:
2025-12-09 06:43:26 [INFO] scanner -    ├─ Último alerta há 122.5 minutos
2025-12-09 06:43:26 [INFO] scanner -    ├─ Tempo mínimo: 1800 minutos
2025-12-09 06:43:26 [INFO] scanner -    └─ Próximo permitido em: 1677.5 minutos
2025-12-09 06:53:34 [INFO] scanner - ============================================================
2025-12-09 06:53:34 [INFO] scanner - 🚀 SCANNER INICIADO
2025-12-09 06:53:34 [INFO] scanner - 📅 Data/Hora: 09/12/2025 06:53:34
2025-12-09 06:53:34 [INFO] scanner - 📂 Log: logs/scanner_2025-12-09.log
2025-12-09 06:53:34 [INFO] scanner - ============================================================
2025-12-09 06:53:34 [INFO] scanner - 📝 PAPER MODE ATIVO - Apenas registro e análise
2025-12-09 06:53:37 [WARNING] root - Bloco de componentes falhou: cannot unpack non-iterable int object
2025-12-09 06:53:37 [INFO] scanner - ✅ Validações OK [BTC/USDT]: Score=8.8, R:R=2.08
2025-12-09 06:53:37 [INFO] scanner - ⏸️  Throttle ativo [BTC/USDT]:
2025-12-09 06:53:37 [INFO] scanner -    ├─ Último alerta há 132.7 minutos
2025-12-09 06:53:37 [INFO] scanner -    ├─ Tempo mínimo: 1800 minutos
2025-12-09 06:53:37 [INFO] scanner -    └─ Próximo permitido em: 1667.3 minutos
2025-12-09 06:53:38 [WARNING] root - Bloco de componentes falhou: cannot unpack non-iterable int object
2025-12-09 06:53:38 [INFO] scanner - ✅ Validações OK [BTC/USDT]: Score=7.3, R:R=2.08
2025-12-09 06:53:38 [INFO] scanner - ⏸️  Throttle ativo [BTC/USDT]:
2025-12-09 06:53:38 [INFO] scanner -    ├─ Último alerta há 132.7 minutos
2025-12-09 06:53:38 [INFO] scanner -    ├─ Tempo mínimo: 1800 minutos
2025-12-09 06:53:38 [INFO] scanner -    └─ Próximo permitido em: 1667.3 minutos
2025-12-09 07:16:05 [INFO] scanner - ============================================================
2025-12-09 07:16:05 [INFO] scanner - 🚀 SCANNER INICIADO
2025-12-09 07:16:05 [INFO] scanner - 📅 Data/Hora: 09/12/2025 07:16:05
2025-12-09 07:16:05 [INFO] scanner - 📂 Log: logs/scanner_2025-12-09.log
2025-12-09 07:16:05 [INFO] scanner - ============================================================
2025-12-09 07:16:05 [INFO] scanner - 📝 PAPER MODE ATIVO - Apenas registro e análise
2025-12-09 07:46:28 [INFO] scanner - ============================================================
2025-12-09 07:46:28 [INFO] scanner - 🚀 SCANNER INICIADO
2025-12-09 07:46:28 [INFO] scanner - 📅 Data/Hora: 09/12/2025 07:46:28
2025-12-09 07:46:28 [INFO] scanner - 📂 Log: logs/scanner_2025-12-09.log
2025-12-09 07:46:28 [INFO] scanner - ============================================================
2025-12-09 07:46:28 [INFO] scanner - 📝 PAPER MODE ATIVO - Apenas registro e análise
2025-12-09 08:13:08 [INFO] scanner - ============================================================
2025-12-09 08:13:08 [INFO] scanner - 🚀 SCANNER INICIADO
2025-12-09 08:13:08 [INFO] scanner - 📅 Data/Hora: 09/12/2025 08:13:08
2025-12-09 08:13:08 [INFO] scanner - 📂 Log: logs/scanner_2025-12-09.log
2025-12-09 08:13:08 [INFO] scanner - ============================================================
2025-12-09 08:13:08 [INFO] scanner - 📝 PAPER MODE ATIVO - Apenas registro e análise
2025-12-09 08:30:51 [INFO] scanner - ============================================================
2025-12-09 08:30:51 [INFO] scanner - 🚀 SCANNER INICIADO
2025-12-09 08:30:51 [INFO] scanner - 📅 Data/Hora: 09/12/2025 08:30:51
2025-12-09 08:30:51 [INFO] scanner - 📂 Log: logs/scanner_2025-12-09.log
2025-12-09 08:30:51 [INFO] scanner - ============================================================
2025-12-09 08:30:51 [INFO] scanner - 📝 PAPER MODE ATIVO - Apenas registro e análise
2025-12-09 08:48:30 [INFO] scanner - ============================================================
2025-12-09 08:48:30 [INFO] scanner - 🚀 SCANNER INICIADO
2025-12-09 08:48:30 [INFO] scanner - 📅 Data/Hora: 09/12/2025 08:48:30
2025-12-09 08:48:30 [INFO] scanner - 📂 Log: logs/scanner_2025-12-09.log
2025-12-09 08:48:30 [INFO] scanner - ============================================================
2025-12-09 08:48:30 [INFO] scanner - 📝 PAPER MODE ATIVO - Apenas registro e análise
2025-12-09 08:48:36 [WARNING] root - Bloco de componentes falhou: cannot unpack non-iterable int object
2025-12-09 08:48:36 [INFO] scanner - ✅ Validações OK [ETH/USDT]: Score=7.3, R:R=2.00
2025-12-09 08:48:36 [INFO] scanner - ✅ Throttle OK [ETH/USDT]: Pode enviar
2025-12-09 08:48:36 [INFO] scanner - 📝 Sinal no ledger: 20251209_084836_834539 - ETH/USDT
2025-12-09 08:48:36 [INFO] scanner - 📨 Alerta enviado | ID Ledger: 20251209_084836_834539
2025-12-09 09:27:58 [INFO] scanner - ============================================================
2025-12-09 09:27:58 [INFO] scanner - 🚀 SCANNER INICIADO
2025-12-09 09:27:58 [INFO] scanner - 📅 Data/Hora: 09/12/2025 09:27:58
2025-12-09 09:27:58 [INFO] scanner - 📂 Log: logs/scanner_2025-12-09.log
2025-12-09 09:27:58 [INFO] scanner - ============================================================
2025-12-09 09:27:58 [INFO] scanner - 📝 PAPER MODE ATIVO - Apenas registro e análise
2025-12-09 10:11:37 [INFO] scanner - ============================================================
2025-12-09 10:11:37 [INFO] scanner - 🚀 SCANNER INICIADO
2025-12-09 10:11:37 [INFO] scanner - 📅 Data/Hora: 09/12/2025 10:11:37
2025-12-09 10:11:37 [INFO] scanner - 📂 Log: logs/scanner_2025-12-09.log
2025-12-09 10:11:37 [INFO] scanner - ============================================================
2025-12-09 10:11:37 [INFO] scanner - 📝 PAPER MODE ATIVO - Apenas registro e análise
2025-12-09 10:47:33 [INFO] scanner - ============================================================
2025-12-09 10:47:33 [INFO] scanner - 🚀 SCANNER INICIADO
2025-12-09 10:47:33 [INFO] scanner - 📅 Data/Hora: 09/12/2025 10:47:33
2025-12-09 10:47:33 [INFO] scanner - 📂 Log: logs/scanner_2025-12-09.log
2025-12-09 10:47:33 [INFO] scanner - ============================================================
2025-12-09 10:47:33 [INFO] scanner - 📝 PAPER MODE ATIVO - Apenas registro e análise
2025-12-09 11:15:25 [INFO] scanner - ============================================================
2025-12-09 11:15:25 [INFO] scanner - 🚀 SCANNER INICIADO
2025-12-09 11:15:25 [INFO] scanner - 📅 Data/Hora: 09/12/2025 11:15:25
2025-12-09 11:15:25 [INFO] scanner - 📂 Log: logs/scanner_2025-12-09.log
2025-12-09 11:15:25 [INFO] scanner - ============================================================
2025-12-09 11:15:25 [INFO] scanner - 📝 PAPER MODE ATIVO - Apenas registro e análise
2025-12-09 11:42:45 [INFO] scanner - ============================================================
2025-12-09 11:42:45 [INFO] scanner - 🚀 SCANNER INICIADO
2025-12-09 11:42:45 [INFO] scanner - 📅 Data/Hora: 09/12/2025 11:42:45
2025-12-09 11:42:45 [INFO] scanner - 📂 Log: logs/scanner_2025-12-09.log
2025-12-09 11:42:45 [INFO] scanner - ============================================================
2025-12-09 11:42:45 [INFO] scanner - 📝 PAPER MODE ATIVO - Apenas registro e análise
2025-12-09 11:42:49 [WARNING] root - Bloco de componentes falhou: cannot unpack non-iterable int object
2025-12-09 11:42:49 [INFO] scanner - ✅ Validações OK [BTC/USDT]: Score=7.3, R:R=2.08
2025-12-09 11:42:49 [INFO] scanner - ⏸️  Throttle ativo [BTC/USDT]:
2025-12-09 11:42:49 [INFO] scanner -    ├─ Último alerta há 421.9 minutos
2025-12-09 11:42:49 [INFO] scanner -    ├─ Tempo mínimo: 1800 minutos
2025-12-09 11:42:49 [INFO] scanner -    └─ Próximo permitido em: 1378.1 minutos
2025-12-09 11:56:32 [INFO] scanner - ============================================================
2025-12-09 11:56:32 [INFO] scanner - 🚀 SCANNER INICIADO
2025-12-09 11:56:32 [INFO] scanner - 📅 Data/Hora: 09/12/2025 11:56:32
2025-12-09 11:56:32 [INFO] scanner - 📂 Log: logs/scanner_2025-12-09.log
2025-12-09 11:56:32 [INFO] scanner - ============================================================
2025-12-09 11:56:32 [INFO] scanner - 📝 PAPER MODE ATIVO - Apenas registro e análise
2025-12-09 11:56:36 [WARNING] root - Bloco de componentes falhou: cannot unpack non-iterable int object
2025-12-09 11:56:36 [INFO] scanner - ✅ Validações OK [BTC/USDT]: Score=8.8, R:R=2.08
2025-12-09 11:56:36 [INFO] scanner - ⏸️  Throttle ativo [BTC/USDT]:
2025-12-09 11:56:36 [INFO] scanner -    ├─ Último alerta há 435.7 minutos
2025-12-09 11:56:36 [INFO] scanner -    ├─ Tempo mínimo: 1800 minutos
2025-12-09 11:56:36 [INFO] scanner -    └─ Próximo permitido em: 1364.3 minutos
2025-12-09 11:56:37 [WARNING] root - Bloco de componentes falhou: cannot unpack non-iterable int object
2025-12-09 11:56:37 [INFO] scanner - ✅ Validações OK [BTC/USDT]: Score=7.3, R:R=2.08
2025-12-09 11:56:37 [INFO] scanner - ⏸️  Throttle ativo [BTC/USDT]:
2025-12-09 11:56:37 [INFO] scanner -    ├─ Último alerta há 435.7 minutos
2025-12-09 11:56:37 [INFO] scanner -    ├─ Tempo mínimo: 1800 minutos
2025-12-09 11:56:37 [INFO] scanner -    └─ Próximo permitido em: 1364.3 minutos
2025-12-09 12:18:20 [INFO] scanner - ============================================================
2025-12-09 12:18:20 [INFO] scanner - 🚀 SCANNER INICIADO
2025-12-09 12:18:20 [INFO] scanner - 📅 Data/Hora: 09/12/2025 12:18:20
2025-12-09 12:18:20 [INFO] scanner - 📂 Log: logs/scanner_2025-12-09.log
2025-12-09 12:18:20 [INFO] scanner - ============================================================
2025-12-09 12:18:20 [INFO] scanner - 📝 PAPER MODE ATIVO - Apenas registro e análise
2025-12-09 12:18:24 [WARNING] root - Bloco de componentes falhou: cannot unpack non-iterable int object
2025-12-09 12:18:24 [INFO] scanner - ✅ Validações OK [BTC/USDT]: Score=8.8, R:R=2.08
2025-12-09 12:18:24 [INFO] scanner - ⏸️  Throttle ativo [BTC/USDT]:
2025-12-09 12:18:24 [INFO] scanner -    ├─ Último alerta há 457.5 minutos
2025-12-09 12:18:24 [INFO] scanner -    ├─ Tempo mínimo: 1800 minutos
2025-12-09 12:18:24 [INFO] scanner -    └─ Próximo permitido em: 1342.5 minutos
2025-12-09 12:18:26 [WARNING] root - Bloco de componentes falhou: cannot unpack non-iterable int object
2025-12-09 12:18:26 [INFO] scanner - ✅ Validações OK [ETH/USDT]: Score=10.0, R:R=2.00
2025-12-09 12:18:26 [INFO] scanner - ⏸️  Throttle ativo [ETH/USDT]:
2025-12-09 12:18:26 [INFO] scanner -    ├─ Último alerta há 209.8 minutos
2025-12-09 12:18:26 [INFO] scanner -    ├─ Tempo mínimo: 1800 minutos
2025-12-09 12:18:26 [INFO] scanner -    └─ Próximo permitido em: 1590.2 minutos
2025-12-09 12:18:26 [WARNING] root - Bloco de componentes falhou: cannot unpack non-iterable int object
2025-12-09 12:18:26 [INFO] scanner - ✅ Validações OK [ETH/USDT]: Score=7.3, R:R=2.00
2025-12-09 12:18:26 [INFO] scanner - ⏸️  Throttle ativo [ETH/USDT]:
2025-12-09 12:18:26 [INFO] scanner -    ├─ Último alerta há 209.8 minutos
2025-12-09 12:18:26 [INFO] scanner -    ├─ Tempo mínimo: 1800 minutos
2025-12-09 12:18:26 [INFO] scanner -    └─ Próximo permitido em: 1590.2 minutos
2025-12-09 12:42:19 [INFO] scanner - ============================================================
2025-12-09 12:42:19 [INFO] scanner - 🚀 SCANNER INICIADO
2025-12-09 12:42:19 [INFO] scanner - 📅 Data/Hora: 09/12/2025 12:42:19
2025-12-09 12:42:19 [INFO] scanner - 📂 Log: logs/scanner_2025-12-09.log
2025-12-09 12:42:19 [INFO] scanner - ============================================================
2025-12-09 12:42:19 [INFO] scanner - 📝 PAPER MODE ATIVO - Apenas registro e análise
2025-12-09 12:42:22 [WARNING] root - Bloco de componentes falhou: cannot unpack non-iterable int object
2025-12-09 12:42:22 [INFO] scanner - ✅ Validações OK [BTC/USDT]: Score=10.0, R:R=2.08
2025-12-09 12:42:22 [INFO] scanner - ⏸️  Throttle ativo [BTC/USDT]:
2025-12-09 12:42:22 [INFO] scanner -    ├─ Último alerta há 481.5 minutos
2025-12-09 12:42:22 [INFO] scanner -    ├─ Tempo mínimo: 1800 minutos
2025-12-09 12:42:22 [INFO] scanner -    └─ Próximo permitido em: 1318.5 minutos
2025-12-09 12:42:23 [WARNING] root - Bloco de componentes falhou: cannot unpack non-iterable int object
2025-12-09 12:42:23 [INFO] scanner - ✅ Validações OK [BTC/USDT]: Score=7.8, R:R=2.08
2025-12-09 12:42:23 [INFO] scanner - ⏸️  Throttle ativo [BTC/USDT]:
2025-12-09 12:42:23 [INFO] scanner -    ├─ Último alerta há 481.5 minutos
2025-12-09 12:42:23 [INFO] scanner -    ├─ Tempo mínimo: 1800 minutos
2025-12-09 12:42:23 [INFO] scanner -    └─ Próximo permitido em: 1318.5 minutos
2025-12-09 12:42:23 [WARNING] root - Bloco de componentes falhou: cannot unpack non-iterable int object
2025-12-09 12:42:23 [INFO] scanner - ✅ Validações OK [BTC/USDT]: Score=7.8, R:R=2.08
2025-12-09 12:42:23 [INFO] scanner - ⏸️  Throttle ativo [BTC/USDT]:
2025-12-09 12:42:23 [INFO] scanner -    ├─ Último alerta há 481.5 minutos
2025-12-09 12:42:23 [INFO] scanner -    ├─ Tempo mínimo: 1800 minutos
2025-12-09 12:42:23 [INFO] scanner -    └─ Próximo permitido em: 1318.5 minutos
2025-12-09 12:42:23 [WARNING] root - Bloco de componentes falhou: cannot unpack non-iterable int object
2025-12-09 12:42:23 [INFO] scanner - ✅ Validações OK [BTC/USDT]: Score=7.8, R:R=2.08
2025-12-09 12:42:23 [INFO] scanner - ⏸️  Throttle ativo [BTC/USDT]:
2025-12-09 12:42:23 [INFO] scanner -    ├─ Último alerta há 481.5 minutos
2025-12-09 12:42:23 [INFO] scanner -    ├─ Tempo mínimo: 1800 minutos
2025-12-09 12:42:23 [INFO] scanner -    └─ Próximo permitido em: 1318.5 minutos
2025-12-09 12:42:25 [WARNING] root - Bloco de componentes falhou: cannot unpack non-iterable int object
2025-12-09 12:42:25 [INFO] scanner - ✅ Validações OK [ETH/USDT]: Score=7.8, R:R=2.00
2025-12-09 12:42:25 [INFO] scanner - ⏸️  Throttle ativo [ETH/USDT]:
2025-12-09 12:42:25 [INFO] scanner -    ├─ Último alerta há 233.8 minutos
2025-12-09 12:42:25 [INFO] scanner -    ├─ Tempo mínimo: 1800 minutos
2025-12-09 12:42:25 [INFO] scanner -    └─ Próximo permitido em: 1566.2 minutos
2025-12-09 12:42:25 [WARNING] root - Bloco de componentes falhou: cannot unpack non-iterable int object
2025-12-09 12:42:25 [INFO] scanner - ✅ Validações OK [ETH/USDT]: Score=7.8, R:R=2.00
2025-12-09 12:42:25 [INFO] scanner - ⏸️  Throttle ativo [ETH/USDT]:
2025-12-09 12:42:25 [INFO] scanner -    ├─ Último alerta há 233.8 minutos
2025-12-09 12:42:25 [INFO] scanner -    ├─ Tempo mínimo: 1800 minutos
2025-12-09 12:42:25 [INFO] scanner -    └─ Próximo permitido em: 1566.2 minutos
2025-12-09 12:42:25 [WARNING] root - Bloco de componentes falhou: cannot unpack non-iterable int object
2025-12-09 12:42:25 [INFO] scanner - ✅ Validações OK [ETH/USDT]: Score=7.8, R:R=2.00
2025-12-09 12:42:25 [INFO] scanner - ⏸️  Throttle ativo [ETH/USDT]:
2025-12-09 12:42:25 [INFO] scanner -    ├─ Último alerta há 233.8 minutos
2025-12-09 12:42:25 [INFO] scanner -    ├─ Tempo mínimo: 1800 minutos
2025-12-09 12:42:25 [INFO] scanner -    └─ Próximo permitido em: 1566.2 minutos
2025-12-09 12:52:18 [INFO] scanner - ============================================================
2025-12-09 12:52:18 [INFO] scanner - 🚀 SCANNER INICIADO
2025-12-09 12:52:18 [INFO] scanner - 📅 Data/Hora: 09/12/2025 12:52:18
2025-12-09 12:52:18 [INFO] scanner - 📂 Log: logs/scanner_2025-12-09.log
2025-12-09 12:52:18 [INFO] scanner - ============================================================
2025-12-09 12:52:18 [INFO] scanner - 📝 PAPER MODE ATIVO - Apenas registro e análise
2025-12-09 12:52:22 [WARNING] root - Bloco de componentes falhou: cannot unpack non-iterable int object
2025-12-09 12:52:22 [INFO] scanner - ✅ Validações OK [BTC/USDT]: Score=7.8, R:R=2.08
2025-12-09 12:52:22 [INFO] scanner - ⏸️  Throttle ativo [BTC/USDT]:
2025-12-09 12:52:22 [INFO] scanner -    ├─ Último alerta há 491.5 minutos
2025-12-09 12:52:22 [INFO] scanner -    ├─ Tempo mínimo: 1800 minutos
2025-12-09 12:52:22 [INFO] scanner -    └─ Próximo permitido em: 1308.5 minutos
2025-12-09 12:52:22 [WARNING] root - Bloco de componentes falhou: cannot unpack non-iterable int object
2025-12-09 12:52:22 [INFO] scanner - ✅ Validações OK [BTC/USDT]: Score=7.8, R:R=2.08
2025-12-09 12:52:22 [INFO] scanner - ⏸️  Throttle ativo [BTC/USDT]:
2025-12-09 12:52:22 [INFO] scanner -    ├─ Último alerta há 491.5 minutos
2025-12-09 12:52:22 [INFO] scanner -    ├─ Tempo mínimo: 1800 minutos
2025-12-09 12:52:22 [INFO] scanner -    └─ Próximo permitido em: 1308.5 minutos
2025-12-09 12:52:22 [WARNING] root - Bloco de componentes falhou: cannot unpack non-iterable int object
2025-12-09 12:52:22 [INFO] scanner - ✅ Validações OK [BTC/USDT]: Score=7.8, R:R=2.08
2025-12-09 12:52:22 [INFO] scanner - ⏸️  Throttle ativo [BTC/USDT]:
2025-12-09 12:52:22 [INFO] scanner -    ├─ Último alerta há 491.5 minutos
2025-12-09 12:52:22 [INFO] scanner -    ├─ Tempo mínimo: 1800 minutos
2025-12-09 12:52:22 [INFO] scanner -    └─ Próximo permitido em: 1308.5 minutos
2025-12-09 12:52:25 [WARNING] root - Bloco de componentes falhou: cannot unpack non-iterable int object
2025-12-09 12:52:25 [INFO] scanner - ✅ Validações OK [ETH/USDT]: Score=9.8, R:R=2.00
2025-12-09 12:52:25 [INFO] scanner - ⏸️  Throttle ativo [ETH/USDT]:
2025-12-09 12:52:25 [INFO] scanner -    ├─ Último alerta há 243.8 minutos
2025-12-09 12:52:25 [INFO] scanner -    ├─ Tempo mínimo: 1800 minutos
2025-12-09 12:52:25 [INFO] scanner -    └─ Próximo permitido em: 1556.2 minutos
2025-12-09 12:52:25 [WARNING] root - Bloco de componentes falhou: cannot unpack non-iterable int object
2025-12-09 12:52:25 [INFO] scanner - ✅ Validações OK [ETH/USDT]: Score=7.8, R:R=2.00
2025-12-09 12:52:25 [INFO] scanner - ⏸️  Throttle ativo [ETH/USDT]:
2025-12-09 12:52:25 [INFO] scanner -    ├─ Último alerta há 243.8 minutos
2025-12-09 12:52:25 [INFO] scanner -    ├─ Tempo mínimo: 1800 minutos
2025-12-09 12:52:25 [INFO] scanner -    └─ Próximo permitido em: 1556.2 minutos
2025-12-09 12:52:25 [WARNING] root - Bloco de componentes falhou: cannot unpack non-iterable int object
2025-12-09 12:52:25 [INFO] scanner - ✅ Validações OK [ETH/USDT]: Score=7.8, R:R=2.00
2025-12-09 12:52:25 [INFO] scanner - ⏸️  Throttle ativo [ETH/USDT]:
2025-12-09 12:52:25 [INFO] scanner -    ├─ Último alerta há 243.8 minutos
2025-12-09 12:52:25 [INFO] scanner -    ├─ Tempo mínimo: 1800 minutos
2025-12-09 12:52:25 [INFO] scanner -    └─ Próximo permitido em: 1556.2 minutos
2025-12-09 12:52:25 [WARNING] root - Bloco de componentes falhou: cannot unpack non-iterable int object
2025-12-09 12:52:25 [INFO] scanner - ✅ Validações OK [ETH/USDT]: Score=7.8, R:R=2.00
2025-12-09 12:52:25 [INFO] scanner - ⏸️  Throttle ativo [ETH/USDT]:
2025-12-09 12:52:25 [INFO] scanner -    ├─ Último alerta há 243.8 minutos
2025-12-09 12:52:25 [INFO] scanner -    ├─ Tempo mínimo: 1800 minutos
2025-12-09 12:52:25 [INFO] scanner -    └─ Próximo permitido em: 1556.2 minutos
2025-12-09 13:18:42 [INFO] scanner - ============================================================
2025-12-09 13:18:42 [INFO] scanner - 🚀 SCANNER INICIADO
2025-12-09 13:18:42 [INFO] scanner - 📅 Data/Hora: 09/12/2025 13:18:42
2025-12-09 13:18:42 [INFO] scanner - 📂 Log: logs/scanner_2025-12-09.log
2025-12-09 13:18:42 [INFO] scanner - ============================================================
2025-12-09 13:18:42 [INFO] scanner - 📝 PAPER MODE ATIVO - Apenas registro e análise
2025-12-09 13:18:45 [WARNING] root - Bloco de componentes falhou: cannot unpack non-iterable int object
2025-12-09 13:18:45 [INFO] scanner - ✅ Validações OK [BTC/USDT]: Score=9.3, R:R=2.08
2025-12-09 13:18:45 [INFO] scanner - ⏸️  Throttle ativo [BTC/USDT]:
2025-12-09 13:18:45 [INFO] scanner -    ├─ Último alerta há 517.8 minutos
2025-12-09 13:18:45 [INFO] scanner -    ├─ Tempo mínimo: 1800 minutos
2025-12-09 13:18:45 [INFO] scanner -    └─ Próximo permitido em: 1282.2 minutos
2025-12-09 13:18:46 [WARNING] root - Bloco de componentes falhou: cannot unpack non-iterable int object
2025-12-09 13:18:46 [INFO] scanner - ✅ Validações OK [BTC/USDT]: Score=7.8, R:R=2.08
2025-12-09 13:18:46 [INFO] scanner - ⏸️  Throttle ativo [BTC/USDT]:
2025-12-09 13:18:46 [INFO] scanner -    ├─ Último alerta há 517.9 minutos
2025-12-09 13:18:46 [INFO] scanner -    ├─ Tempo mínimo: 1800 minutos
2025-12-09 13:18:46 [INFO] scanner -    └─ Próximo permitido em: 1282.1 minutos
2025-12-09 13:18:46 [WARNING] root - Bloco de componentes falhou: cannot unpack non-iterable int object
2025-12-09 13:18:46 [INFO] scanner - ✅ Validações OK [BTC/USDT]: Score=7.8, R:R=2.08
2025-12-09 13:18:46 [INFO] scanner - ⏸️  Throttle ativo [BTC/USDT]:
2025-12-09 13:18:46 [INFO] scanner -    ├─ Último alerta há 517.9 minutos
2025-12-09 13:18:46 [INFO] scanner -    ├─ Tempo mínimo: 1800 minutos
2025-12-09 13:18:46 [INFO] scanner -    └─ Próximo permitido em: 1282.1 minutos
2025-12-09 13:18:46 [WARNING] root - Bloco de componentes falhou: cannot unpack non-iterable int object
2025-12-09 13:18:46 [INFO] scanner - ✅ Validações OK [BTC/USDT]: Score=7.8, R:R=2.08
2025-12-09 13:18:46 [INFO] scanner - ⏸️  Throttle ativo [BTC/USDT]:
2025-12-09 13:18:46 [INFO] scanner -    ├─ Último alerta há 517.9 minutos
2025-12-09 13:18:46 [INFO] scanner -    ├─ Tempo mínimo: 1800 minutos
2025-12-09 13:18:46 [INFO] scanner -    └─ Próximo permitido em: 1282.1 minutos
2025-12-09 13:18:48 [WARNING] root - Bloco de componentes falhou: cannot unpack non-iterable int object
2025-12-09 13:18:48 [INFO] scanner - ✅ Validações OK [ETH/USDT]: Score=7.8, R:R=2.00
2025-12-09 13:18:48 [INFO] scanner - ⏸️  Throttle ativo [ETH/USDT]:
2025-12-09 13:18:48 [INFO] scanner -    ├─ Último alerta há 270.2 minutos
2025-12-09 13:18:48 [INFO] scanner -    ├─ Tempo mínimo: 1800 minutos
2025-12-09 13:18:48 [INFO] scanner -    └─ Próximo permitido em: 1529.8 minutos
2025-12-09 13:18:48 [WARNING] root - Bloco de componentes falhou: cannot unpack non-iterable int object
2025-12-09 13:18:48 [INFO] scanner - ✅ Validações OK [ETH/USDT]: Score=7.8, R:R=2.00
2025-12-09 13:18:48 [INFO] scanner - ⏸️  Throttle ativo [ETH/USDT]:
2025-12-09 13:18:48 [INFO] scanner -    ├─ Último alerta há 270.2 minutos
2025-12-09 13:18:48 [INFO] scanner -    ├─ Tempo mínimo: 1800 minutos
2025-12-09 13:18:48 [INFO] scanner -    └─ Próximo permitido em: 1529.8 minutos
2025-12-09 13:18:48 [WARNING] root - Bloco de componentes falhou: cannot unpack non-iterable int object
2025-12-09 13:18:48 [INFO] scanner - ✅ Validações OK [ETH/USDT]: Score=7.8, R:R=2.00
2025-12-09 13:18:48 [INFO] scanner - ⏸️  Throttle ativo [ETH/USDT]:
2025-12-09 13:18:48 [INFO] scanner -    ├─ Último alerta há 270.2 minutos
2025-12-09 13:18:48 [INFO] scanner -    ├─ Tempo mínimo: 1800 minutos
2025-12-09 13:18:48 [INFO] scanner -    └─ Próximo permitido em: 1529.8 minutos
2025-12-09 13:49:14 [INFO] scanner - ============================================================
2025-12-09 13:49:14 [INFO] scanner - 🚀 SCANNER INICIADO
2025-12-09 13:49:14 [INFO] scanner - 📅 Data/Hora: 09/12/2025 13:49:14
2025-12-09 13:49:14 [INFO] scanner - 📂 Log: logs/scanner_2025-12-09.log
2025-12-09 13:49:14 [INFO] scanner - ============================================================
2025-12-09 13:49:14 [INFO] scanner - 📝 PAPER MODE ATIVO - Apenas registro e análise
2025-12-09 13:49:17 [WARNING] root - Bloco de componentes falhou: cannot unpack non-iterable int object
2025-12-09 13:49:17 [INFO] scanner - ✅ Validações OK [BTC/USDT]: Score=9.3, R:R=2.08
2025-12-09 13:49:17 [INFO] scanner - ⏸️  Throttle ativo [BTC/USDT]:
2025-12-09 13:49:17 [INFO] scanner -    ├─ Último alerta há 548.4 minutos
2025-12-09 13:49:17 [INFO] scanner -    ├─ Tempo mínimo: 1800 minutos
2025-12-09 13:49:17 [INFO] scanner -    └─ Próximo permitido em: 1251.6 minutos
2025-12-09 13:49:18 [WARNING] root - Bloco de componentes falhou: cannot unpack non-iterable int object
2025-12-09 13:49:18 [INFO] scanner - ✅ Validações OK [BTC/USDT]: Score=7.8, R:R=2.08
2025-12-09 13:49:18 [INFO] scanner - ⏸️  Throttle ativo [BTC/USDT]:
2025-12-09 13:49:18 [INFO] scanner -    ├─ Último alerta há 548.4 minutos
2025-12-09 13:49:18 [INFO] scanner -    ├─ Tempo mínimo: 1800 minutos
2025-12-09 13:49:18 [INFO] scanner -    └─ Próximo permitido em: 1251.6 minutos
2025-12-09 13:49:18 [WARNING] root - Bloco de componentes falhou: cannot unpack non-iterable int object
2025-12-09 13:49:18 [INFO] scanner - ✅ Validações OK [BTC/USDT]: Score=7.8, R:R=2.08
2025-12-09 13:49:18 [INFO] scanner - ⏸️  Throttle ativo [BTC/USDT]:
2025-12-09 13:49:18 [INFO] scanner -    ├─ Último alerta há 548.4 minutos
2025-12-09 13:49:18 [INFO] scanner -    ├─ Tempo mínimo: 1800 minutos
2025-12-09 13:49:18 [INFO] scanner -    └─ Próximo permitido em: 1251.6 minutos
2025-12-09 13:49:19 [WARNING] root - Bloco de componentes falhou: cannot unpack non-iterable int object
2025-12-09 13:49:19 [INFO] scanner - ✅ Validações OK [BTC/USDT]: Score=7.8, R:R=2.08
2025-12-09 13:49:19 [INFO] scanner - ⏸️  Throttle ativo [BTC/USDT]:
2025-12-09 13:49:19 [INFO] scanner -    ├─ Último alerta há 548.4 minutos
2025-12-09 13:49:19 [INFO] scanner -    ├─ Tempo mínimo: 1800 minutos
2025-12-09 13:49:19 [INFO] scanner -    └─ Próximo permitido em: 1251.6 minutos
2025-12-09 13:49:21 [WARNING] root - Bloco de componentes falhou: cannot unpack non-iterable int object
2025-12-09 13:49:21 [INFO] scanner - ✅ Validações OK [ETH/USDT]: Score=7.8, R:R=2.00
2025-12-09 13:49:21 [INFO] scanner - ⏸️  Throttle ativo [ETH/USDT]:
2025-12-09 13:49:21 [INFO] scanner -    ├─ Último alerta há 300.7 minutos
2025-12-09 13:49:21 [INFO] scanner -    ├─ Tempo mínimo: 1800 minutos
2025-12-09 13:49:21 [INFO] scanner -    └─ Próximo permitido em: 1499.3 minutos
2025-12-09 13:49:21 [WARNING] root - Bloco de componentes falhou: cannot unpack non-iterable int object
2025-12-09 13:49:21 [INFO] scanner - ✅ Validações OK [ETH/USDT]: Score=7.8, R:R=2.00
2025-12-09 13:49:21 [INFO] scanner - ⏸️  Throttle ativo [ETH/USDT]:
2025-12-09 13:49:21 [INFO] scanner -    ├─ Último alerta há 300.8 minutos
2025-12-09 13:49:21 [INFO] scanner -    ├─ Tempo mínimo: 1800 minutos
2025-12-09 13:49:21 [INFO] scanner -    └─ Próximo permitido em: 1499.2 minutos
2025-12-09 13:49:21 [WARNING] root - Bloco de componentes falhou: cannot unpack non-iterable int object
2025-12-09 13:49:21 [INFO] scanner - ✅ Validações OK [ETH/USDT]: Score=7.8, R:R=2.00
2025-12-09 13:49:21 [INFO] scanner - ⏸️  Throttle ativo [ETH/USDT]:
2025-12-09 13:49:21 [INFO] scanner -    ├─ Último alerta há 300.8 minutos
2025-12-09 13:49:21 [INFO] scanner -    ├─ Tempo mínimo: 1800 minutos
2025-12-09 13:49:21 [INFO] scanner -    └─ Próximo permitido em: 1499.2 minutos
2025-12-09 14:14:30 [INFO] scanner - ============================================================
2025-12-09 14:14:30 [INFO] scanner - 🚀 SCANNER INICIADO
2025-12-09 14:14:30 [INFO] scanner - 📅 Data/Hora: 09/12/2025 14:14:30
2025-12-09 14:14:30 [INFO] scanner - 📂 Log: logs/scanner_2025-12-09.log
2025-12-09 14:14:30 [INFO] scanner - ============================================================
2025-12-09 14:14:30 [INFO] scanner - 📝 PAPER MODE ATIVO - Apenas registro e análise
2025-12-09 14:14:33 [WARNING] root - Bloco de componentes falhou: cannot unpack non-iterable int object
2025-12-09 14:14:33 [INFO] scanner - ✅ Validações OK [BTC/USDT]: Score=7.8, R:R=2.08
2025-12-09 14:14:33 [INFO] scanner - ⏸️  Throttle ativo [BTC/USDT]:
2025-12-09 14:14:33 [INFO] scanner -    ├─ Último alerta há 573.6 minutos
2025-12-09 14:14:33 [INFO] scanner -    ├─ Tempo mínimo: 1800 minutos
2025-12-09 14:14:33 [INFO] scanner -    └─ Próximo permitido em: 1226.4 minutos
2025-12-09 14:14:34 [WARNING] root - Bloco de componentes falhou: cannot unpack non-iterable int object
2025-12-09 14:14:34 [INFO] scanner - ✅ Validações OK [BTC/USDT]: Score=7.8, R:R=2.08
2025-12-09 14:14:34 [INFO] scanner - ⏸️  Throttle ativo [BTC/USDT]:
2025-12-09 14:14:34 [INFO] scanner -    ├─ Último alerta há 573.7 minutos
2025-12-09 14:14:34 [INFO] scanner -    ├─ Tempo mínimo: 1800 minutos
2025-12-09 14:14:34 [INFO] scanner -    └─ Próximo permitido em: 1226.3 minutos
2025-12-09 14:14:36 [WARNING] root - Bloco de componentes falhou: cannot unpack non-iterable int object
2025-12-09 14:14:36 [INFO] scanner - ✅ Validações OK [ETH/USDT]: Score=7.3, R:R=2.00
2025-12-09 14:14:36 [INFO] scanner - ⏸️  Throttle ativo [ETH/USDT]:
2025-12-09 14:14:36 [INFO] scanner -    ├─ Último alerta há 326.0 minutos
2025-12-09 14:14:36 [INFO] scanner -    ├─ Tempo mínimo: 1800 minutos
2025-12-09 14:14:36 [INFO] scanner -    └─ Próximo permitido em: 1474.0 minutos
2025-12-09 14:14:36 [WARNING] root - Bloco de componentes falhou: cannot unpack non-iterable int object
2025-12-09 14:14:36 [INFO] scanner - ✅ Validações OK [ETH/USDT]: Score=7.3, R:R=2.00
2025-12-09 14:14:36 [INFO] scanner - ⏸️  Throttle ativo [ETH/USDT]:
2025-12-09 14:14:36 [INFO] scanner -    ├─ Último alerta há 326.0 minutos
2025-12-09 14:14:36 [INFO] scanner -    ├─ Tempo mínimo: 1800 minutos
2025-12-09 14:14:36 [INFO] scanner -    └─ Próximo permitido em: 1474.0 minutos
2025-12-09 14:14:36 [WARNING] root - Bloco de componentes falhou: cannot unpack non-iterable int object
2025-12-09 14:14:36 [INFO] scanner - ✅ Validações OK [ETH/USDT]: Score=7.3, R:R=2.00
2025-12-09 14:14:36 [INFO] scanner - ⏸️  Throttle ativo [ETH/USDT]:
2025-12-09 14:14:36 [INFO] scanner -    ├─ Último alerta há 326.0 minutos
2025-12-09 14:14:36 [INFO] scanner -    ├─ Tempo mínimo: 1800 minutos
2025-12-09 14:14:36 [INFO] scanner -    └─ Próximo permitido em: 1474.0 minutos
2025-12-09 14:35:37 [INFO] scanner - ============================================================
2025-12-09 14:35:37 [INFO] scanner - 🚀 SCANNER INICIADO
2025-12-09 14:35:37 [INFO] scanner - 📅 Data/Hora: 09/12/2025 14:35:37
2025-12-09 14:35:37 [INFO] scanner - 📂 Log: logs/scanner_2025-12-09.log
2025-12-09 14:35:37 [INFO] scanner - ============================================================
2025-12-09 14:35:37 [INFO] scanner - 📝 PAPER MODE ATIVO - Apenas registro e análise
2025-12-09 14:35:41 [WARNING] root - Bloco de componentes falhou: cannot unpack non-iterable int object
2025-12-09 14:35:41 [INFO] scanner - ✅ Validações OK [BTC/USDT]: Score=7.8, R:R=2.08
2025-12-09 14:35:41 [INFO] scanner - ⏸️  Throttle ativo [BTC/USDT]:
2025-12-09 14:35:41 [INFO] scanner -    ├─ Último alerta há 594.8 minutos
2025-12-09 14:35:41 [INFO] scanner -    ├─ Tempo mínimo: 1800 minutos
2025-12-09 14:35:41 [INFO] scanner -    └─ Próximo permitido em: 1205.2 minutos
2025-12-09 14:35:41 [WARNING] root - Bloco de componentes falhou: cannot unpack non-iterable int object
2025-12-09 14:35:41 [INFO] scanner - ✅ Validações OK [BTC/USDT]: Score=7.8, R:R=2.08
2025-12-09 14:35:41 [INFO] scanner - ⏸️  Throttle ativo [BTC/USDT]:
2025-12-09 14:35:41 [INFO] scanner -    ├─ Último alerta há 594.8 minutos
2025-12-09 14:35:41 [INFO] scanner -    ├─ Tempo mínimo: 1800 minutos
2025-12-09 14:35:41 [INFO] scanner -    └─ Próximo permitido em: 1205.2 minutos
2025-12-09 14:35:44 [WARNING] root - Bloco de componentes falhou: cannot unpack non-iterable int object
2025-12-09 14:35:44 [INFO] scanner - ✅ Validações OK [ETH/USDT]: Score=10.0, R:R=2.00
2025-12-09 14:35:44 [INFO] scanner - ⏸️  Throttle ativo [ETH/USDT]:
2025-12-09 14:35:44 [INFO] scanner -    ├─ Último alerta há 347.1 minutos
2025-12-09 14:35:44 [INFO] scanner -    ├─ Tempo mínimo: 1800 minutos
2025-12-09 14:35:44 [INFO] scanner -    └─ Próximo permitido em: 1452.9 minutos
2025-12-09 14:35:44 [WARNING] root - Bloco de componentes falhou: cannot unpack non-iterable int object
2025-12-09 14:35:44 [INFO] scanner - ✅ Validações OK [ETH/USDT]: Score=7.8, R:R=2.00
2025-12-09 14:35:44 [INFO] scanner - ⏸️  Throttle ativo [ETH/USDT]:
2025-12-09 14:35:44 [INFO] scanner -    ├─ Último alerta há 347.1 minutos
2025-12-09 14:35:44 [INFO] scanner -    ├─ Tempo mínimo: 1800 minutos
2025-12-09 14:35:44 [INFO] scanner -    └─ Próximo permitido em: 1452.9 minutos
2025-12-09 14:35:44 [WARNING] root - Bloco de componentes falhou: cannot unpack non-iterable int object
2025-12-09 14:35:44 [INFO] scanner - ✅ Validações OK [ETH/USDT]: Score=7.8, R:R=2.00
2025-12-09 14:35:44 [INFO] scanner - ⏸️  Throttle ativo [ETH/USDT]:
2025-12-09 14:35:44 [INFO] scanner -    ├─ Último alerta há 347.1 minutos
2025-12-09 14:35:44 [INFO] scanner -    ├─ Tempo mínimo: 1800 minutos
2025-12-09 14:35:44 [INFO] scanner -    └─ Próximo permitido em: 1452.9 minutos
2025-12-09 14:51:42 [INFO] scanner - ============================================================
2025-12-09 14:51:42 [INFO] scanner - 🚀 SCANNER INICIADO
2025-12-09 14:51:42 [INFO] scanner - 📅 Data/Hora: 09/12/2025 14:51:42
2025-12-09 14:51:42 [INFO] scanner - 📂 Log: logs/scanner_2025-12-09.log
2025-12-09 14:51:42 [INFO] scanner - ============================================================
2025-12-09 14:51:42 [INFO] scanner - 📝 PAPER MODE ATIVO - Apenas registro e análise
2025-12-09 14:51:45 [WARNING] root - Bloco de componentes falhou: cannot unpack non-iterable int object
2025-12-09 14:51:45 [INFO] scanner - ✅ Validações OK [BTC/USDT]: Score=9.3, R:R=2.08
2025-12-09 14:51:45 [INFO] scanner - ⏸️  Throttle ativo [BTC/USDT]:
2025-12-09 14:51:45 [INFO] scanner -    ├─ Último alerta há 610.8 minutos
2025-12-09 14:51:45 [INFO] scanner -    ├─ Tempo mínimo: 1800 minutos
2025-12-09 14:51:45 [INFO] scanner -    └─ Próximo permitido em: 1189.2 minutos
2025-12-09 14:51:45 [WARNING] root - Bloco de componentes falhou: cannot unpack non-iterable int object
2025-12-09 14:51:45 [INFO] scanner - ✅ Validações OK [BTC/USDT]: Score=7.8, R:R=2.08
2025-12-09 14:51:45 [INFO] scanner - ⏸️  Throttle ativo [BTC/USDT]:
2025-12-09 14:51:45 [INFO] scanner -    ├─ Último alerta há 610.8 minutos
2025-12-09 14:51:45 [INFO] scanner -    ├─ Tempo mínimo: 1800 minutos
2025-12-09 14:51:45 [INFO] scanner -    └─ Próximo permitido em: 1189.2 minutos
2025-12-09 14:51:45 [WARNING] root - Bloco de componentes falhou: cannot unpack non-iterable int object
2025-12-09 14:51:45 [INFO] scanner - ✅ Validações OK [BTC/USDT]: Score=7.8, R:R=2.08
2025-12-09 14:51:45 [INFO] scanner - ⏸️  Throttle ativo [BTC/USDT]:
2025-12-09 14:51:45 [INFO] scanner -    ├─ Último alerta há 610.8 minutos
2025-12-09 14:51:45 [INFO] scanner -    ├─ Tempo mínimo: 1800 minutos
2025-12-09 14:51:45 [INFO] scanner -    └─ Próximo permitido em: 1189.2 minutos
2025-12-09 14:51:47 [WARNING] root - Bloco de componentes falhou: cannot unpack non-iterable int object
2025-12-09 14:51:47 [INFO] scanner - ✅ Validações OK [ETH/USDT]: Score=10.0, R:R=2.00
2025-12-09 14:51:47 [INFO] scanner - ⏸️  Throttle ativo [ETH/USDT]:
2025-12-09 14:51:47 [INFO] scanner -    ├─ Último alerta há 363.2 minutos
2025-12-09 14:51:47 [INFO] scanner -    ├─ Tempo mínimo: 1800 minutos
2025-12-09 14:51:47 [INFO] scanner -    └─ Próximo permitido em: 1436.8 minutos
2025-12-09 14:51:48 [WARNING] root - Bloco de componentes falhou: cannot unpack non-iterable int object
2025-12-09 14:51:48 [INFO] scanner - ✅ Validações OK [ETH/USDT]: Score=7.8, R:R=2.00
2025-12-09 14:51:48 [INFO] scanner - ⏸️  Throttle ativo [ETH/USDT]:
2025-12-09 14:51:48 [INFO] scanner -    ├─ Último alerta há 363.2 minutos
2025-12-09 14:51:48 [INFO] scanner -    ├─ Tempo mínimo: 1800 minutos
2025-12-09 14:51:48 [INFO] scanner -    └─ Próximo permitido em: 1436.8 minutos
2025-12-09 14:51:48 [WARNING] root - Bloco de componentes falhou: cannot unpack non-iterable int object
2025-12-09 14:51:48 [INFO] scanner - ✅ Validações OK [ETH/USDT]: Score=7.8, R:R=2.00
2025-12-09 14:51:48 [INFO] scanner - ⏸️  Throttle ativo [ETH/USDT]:
2025-12-09 14:51:48 [INFO] scanner -    ├─ Último alerta há 363.2 minutos
2025-12-09 14:51:48 [INFO] scanner -    ├─ Tempo mínimo: 1800 minutos
2025-12-09 14:51:48 [INFO] scanner -    └─ Próximo permitido em: 1436.8 minutos
2025-12-09 14:51:48 [WARNING] root - Bloco de componentes falhou: cannot unpack non-iterable int object
2025-12-09 14:51:48 [INFO] scanner - ✅ Validações OK [ETH/USDT]: Score=7.8, R:R=2.00
2025-12-09 14:51:48 [INFO] scanner - ⏸️  Throttle ativo [ETH/USDT]:
2025-12-09 14:51:48 [INFO] scanner -    ├─ Último alerta há 363.2 minutos
2025-12-09 14:51:48 [INFO] scanner -    ├─ Tempo mínimo: 1800 minutos
2025-12-09 14:51:48 [INFO] scanner -    └─ Próximo permitido em: 1436.8 minutos
2025-12-09 15:17:51 [INFO] scanner - ============================================================
2025-12-09 15:17:51 [INFO] scanner - 🚀 SCANNER INICIADO
2025-12-09 15:17:51 [INFO] scanner - 📅 Data/Hora: 09/12/2025 15:17:51
2025-12-09 15:17:51 [INFO] scanner - 📂 Log: logs/scanner_2025-12-09.log
2025-12-09 15:17:51 [INFO] scanner - ============================================================
2025-12-09 15:17:51 [INFO] scanner - 📝 PAPER MODE ATIVO - Apenas registro e análise
2025-12-09 15:17:54 [WARNING] root - Bloco de componentes falhou: cannot unpack non-iterable int object
2025-12-09 15:17:54 [INFO] scanner - ✅ Validações OK [BTC/USDT]: Score=7.8, R:R=2.08
2025-12-09 15:17:54 [INFO] scanner - ⏸️  Throttle ativo [BTC/USDT]:
2025-12-09 15:17:54 [INFO] scanner -    ├─ Último alerta há 637.0 minutos
2025-12-09 15:17:54 [INFO] scanner -    ├─ Tempo mínimo: 1800 minutos
2025-12-09 15:17:54 [INFO] scanner -    └─ Próximo permitido em: 1163.0 minutos
2025-12-09 15:17:55 [WARNING] root - Bloco de componentes falhou: cannot unpack non-iterable int object
2025-12-09 15:17:55 [INFO] scanner - ✅ Validações OK [BTC/USDT]: Score=7.8, R:R=2.08
2025-12-09 15:17:55 [INFO] scanner - ⏸️  Throttle ativo [BTC/USDT]:
2025-12-09 15:17:55 [INFO] scanner -    ├─ Último alerta há 637.0 minutos
2025-12-09 15:17:55 [INFO] scanner -    ├─ Tempo mínimo: 1800 minutos
2025-12-09 15:17:55 [INFO] scanner -    └─ Próximo permitido em: 1163.0 minutos
2025-12-09 15:17:57 [WARNING] root - Bloco de componentes falhou: cannot unpack non-iterable int object
2025-12-09 15:17:57 [INFO] scanner - ✅ Validações OK [ETH/USDT]: Score=7.8, R:R=2.00
2025-12-09 15:17:57 [INFO] scanner - ⏸️  Throttle ativo [ETH/USDT]:
2025-12-09 15:17:57 [INFO] scanner -    ├─ Último alerta há 389.4 minutos
2025-12-09 15:17:57 [INFO] scanner -    ├─ Tempo mínimo: 1800 minutos
2025-12-09 15:17:57 [INFO] scanner -    └─ Próximo permitido em: 1410.6 minutos
2025-12-09 15:17:57 [WARNING] root - Bloco de componentes falhou: cannot unpack non-iterable int object
2025-12-09 15:17:57 [INFO] scanner - ✅ Validações OK [ETH/USDT]: Score=7.8, R:R=2.00
2025-12-09 15:17:57 [INFO] scanner - ⏸️  Throttle ativo [ETH/USDT]:
2025-12-09 15:17:57 [INFO] scanner -    ├─ Último alerta há 389.4 minutos
2025-12-09 15:17:57 [INFO] scanner -    ├─ Tempo mínimo: 1800 minutos
2025-12-09 15:17:57 [INFO] scanner -    └─ Próximo permitido em: 1410.6 minutos
2025-12-09 15:49:13 [INFO] scanner - ============================================================
2025-12-09 15:49:13 [INFO] scanner - 🚀 SCANNER INICIADO
2025-12-09 15:49:13 [INFO] scanner - 📅 Data/Hora: 09/12/2025 15:49:13
2025-12-09 15:49:13 [INFO] scanner - 📂 Log: logs/scanner_2025-12-09.log
2025-12-09 15:49:13 [INFO] scanner - ============================================================
2025-12-09 15:49:13 [INFO] scanner - 📝 PAPER MODE ATIVO - Apenas registro e análise
2025-12-09 15:49:18 [WARNING] root - Bloco de componentes falhou: cannot unpack non-iterable int object
2025-12-09 15:49:18 [INFO] scanner - ✅ Validações OK [BTC/USDT]: Score=7.8, R:R=2.08
2025-12-09 15:49:18 [INFO] scanner - ⏸️  Throttle ativo [BTC/USDT]:
2025-12-09 15:49:18 [INFO] scanner -    ├─ Último alerta há 668.4 minutos
2025-12-09 15:49:18 [INFO] scanner -    ├─ Tempo mínimo: 1800 minutos
2025-12-09 15:49:18 [INFO] scanner -    └─ Próximo permitido em: 1131.6 minutos
2025-12-09 15:49:20 [WARNING] root - Bloco de componentes falhou: cannot unpack non-iterable int object
2025-12-09 15:49:20 [INFO] scanner - ✅ Validações OK [ETH/USDT]: Score=7.8, R:R=2.00
2025-12-09 15:49:20 [INFO] scanner - ⏸️  Throttle ativo [ETH/USDT]:
2025-12-09 15:49:20 [INFO] scanner -    ├─ Último alerta há 420.7 minutos
2025-12-09 15:49:20 [INFO] scanner -    ├─ Tempo mínimo: 1800 minutos
2025-12-09 15:49:20 [INFO] scanner -    └─ Próximo permitido em: 1379.3 minutos
2025-12-09 15:49:21 [WARNING] root - Bloco de componentes falhou: cannot unpack non-iterable int object
2025-12-09 15:49:21 [INFO] scanner - ✅ Validações OK [ETH/USDT]: Score=7.8, R:R=2.00
2025-12-09 15:49:21 [INFO] scanner - ⏸️  Throttle ativo [ETH/USDT]:
2025-12-09 15:49:21 [INFO] scanner -    ├─ Último alerta há 420.7 minutos
2025-12-09 15:49:21 [INFO] scanner -    ├─ Tempo mínimo: 1800 minutos
2025-12-09 15:49:21 [INFO] scanner -    └─ Próximo permitido em: 1379.3 minutos
2025-12-09 16:10:37 [INFO] scanner - ============================================================
2025-12-09 16:10:37 [INFO] scanner - 🚀 SCANNER INICIADO
2025-12-09 16:10:37 [INFO] scanner - 📅 Data/Hora: 09/12/2025 16:10:37
2025-12-09 16:10:37 [INFO] scanner - 📂 Log: logs/scanner_2025-12-09.log
2025-12-09 16:10:37 [INFO] scanner - ============================================================
2025-12-09 16:10:37 [INFO] scanner - 📝 PAPER MODE ATIVO - Apenas registro e análise
2025-12-09 16:10:40 [WARNING] root - Bloco de componentes falhou: cannot unpack non-iterable int object
2025-12-09 16:10:40 [INFO] scanner - ✅ Validações OK [BTC/USDT]: Score=7.8, R:R=2.08
2025-12-09 16:10:40 [INFO] scanner - ⏸️  Throttle ativo [BTC/USDT]:
2025-12-09 16:10:40 [INFO] scanner -    ├─ Último alerta há 689.8 minutos
2025-12-09 16:10:40 [INFO] scanner -    ├─ Tempo mínimo: 1800 minutos
2025-12-09 16:10:40 [INFO] scanner -    └─ Próximo permitido em: 1110.2 minutos
2025-12-09 16:10:40 [WARNING] root - Bloco de componentes falhou: cannot unpack non-iterable int object
2025-12-09 16:10:40 [INFO] scanner - ✅ Validações OK [BTC/USDT]: Score=7.3, R:R=2.08
2025-12-09 16:10:40 [INFO] scanner - ⏸️  Throttle ativo [BTC/USDT]:
2025-12-09 16:10:40 [INFO] scanner -    ├─ Último alerta há 689.8 minutos
2025-12-09 16:10:40 [INFO] scanner -    ├─ Tempo mínimo: 1800 minutos
2025-12-09 16:10:40 [INFO] scanner -    └─ Próximo permitido em: 1110.2 minutos
2025-12-09 16:10:41 [WARNING] root - Bloco de componentes falhou: cannot unpack non-iterable int object
2025-12-09 16:10:41 [INFO] scanner - ✅ Validações OK [BTC/USDT]: Score=7.3, R:R=2.08
2025-12-09 16:10:41 [INFO] scanner - ⏸️  Throttle ativo [BTC/USDT]:
2025-12-09 16:10:41 [INFO] scanner -    ├─ Último alerta há 689.8 minutos
2025-12-09 16:10:41 [INFO] scanner -    ├─ Tempo mínimo: 1800 minutos
2025-12-09 16:10:41 [INFO] scanner -    └─ Próximo permitido em: 1110.2 minutos
2025-12-09 16:10:43 [WARNING] root - Bloco de componentes falhou: cannot unpack non-iterable int object
2025-12-09 16:10:43 [INFO] scanner - ✅ Validações OK [ETH/USDT]: Score=7.3, R:R=2.00
2025-12-09 16:10:43 [INFO] scanner - ⏸️  Throttle ativo [ETH/USDT]:
2025-12-09 16:10:43 [INFO] scanner -    ├─ Último alerta há 442.1 minutos
2025-12-09 16:10:43 [INFO] scanner -    ├─ Tempo mínimo: 1800 minutos
2025-12-09 16:10:43 [INFO] scanner -    └─ Próximo permitido em: 1357.9 minutos
2025-12-09 16:10:43 [WARNING] root - Bloco de componentes falhou: cannot unpack non-iterable int object
2025-12-09 16:10:43 [INFO] scanner - ✅ Validações OK [ETH/USDT]: Score=7.3, R:R=2.00
2025-12-09 16:10:43 [INFO] scanner - ⏸️  Throttle ativo [ETH/USDT]:
2025-12-09 16:10:43 [INFO] scanner -    ├─ Último alerta há 442.1 minutos
2025-12-09 16:10:43 [INFO] scanner -    ├─ Tempo mínimo: 1800 minutos
2025-12-09 16:10:43 [INFO] scanner -    └─ Próximo permitido em: 1357.9 minutos
2025-12-09 16:24:27 [INFO] scanner - ============================================================
2025-12-09 16:24:27 [INFO] scanner - 🚀 SCANNER INICIADO
2025-12-09 16:24:27 [INFO] scanner - 📅 Data/Hora: 09/12/2025 16:24:27
2025-12-09 16:24:27 [INFO] scanner - 📂 Log: logs/scanner_2025-12-09.log
2025-12-09 16:24:27 [INFO] scanner - ============================================================
2025-12-09 16:24:27 [INFO] scanner - 📝 PAPER MODE ATIVO - Apenas registro e análise
2025-12-09 16:24:31 [WARNING] root - Bloco de componentes falhou: cannot unpack non-iterable int object
2025-12-09 16:24:31 [INFO] scanner - ✅ Validações OK [BTC/USDT]: Score=7.3, R:R=2.08
2025-12-09 16:24:31 [INFO] scanner - ⏸️  Throttle ativo [BTC/USDT]:
2025-12-09 16:24:31 [INFO] scanner -    ├─ Último alerta há 703.6 minutos
2025-12-09 16:24:31 [INFO] scanner -    ├─ Tempo mínimo: 1800 minutos
2025-12-09 16:24:31 [INFO] scanner -    └─ Próximo permitido em: 1096.4 minutos
2025-12-09 16:24:31 [WARNING] root - Bloco de componentes falhou: cannot unpack non-iterable int object
2025-12-09 16:24:31 [INFO] scanner - ✅ Validações OK [BTC/USDT]: Score=7.3, R:R=2.08
2025-12-09 16:24:31 [INFO] scanner - ⏸️  Throttle ativo [BTC/USDT]:
2025-12-09 16:24:31 [INFO] scanner -    ├─ Último alerta há 703.6 minutos
2025-12-09 16:24:31 [INFO] scanner -    ├─ Tempo mínimo: 1800 minutos
2025-12-09 16:24:31 [INFO] scanner -    └─ Próximo permitido em: 1096.4 minutos
2025-12-09 16:24:33 [WARNING] root - Bloco de componentes falhou: cannot unpack non-iterable int object
2025-12-09 16:24:33 [INFO] scanner - ✅ Validações OK [ETH/USDT]: Score=7.3, R:R=2.00
2025-12-09 16:24:33 [INFO] scanner - ⏸️  Throttle ativo [ETH/USDT]:
2025-12-09 16:24:33 [INFO] scanner -    ├─ Último alerta há 456.0 minutos
2025-12-09 16:24:33 [INFO] scanner -    ├─ Tempo mínimo: 1800 minutos
2025-12-09 16:24:33 [INFO] scanner -    └─ Próximo permitido em: 1344.0 minutos
2025-12-09 16:24:33 [WARNING] root - Bloco de componentes falhou: cannot unpack non-iterable int object
2025-12-09 16:24:33 [INFO] scanner - ✅ Validações OK [ETH/USDT]: Score=7.3, R:R=2.00
2025-12-09 16:24:33 [INFO] scanner - ⏸️  Throttle ativo [ETH/USDT]:
2025-12-09 16:24:33 [INFO] scanner -    ├─ Último alerta há 456.0 minutos
2025-12-09 16:24:33 [INFO] scanner -    ├─ Tempo mínimo: 1800 minutos
2025-12-09 16:24:33 [INFO] scanner -    └─ Próximo permitido em: 1344.0 minutos
2025-12-09 16:34:26 [INFO] scanner - ============================================================
2025-12-09 16:34:26 [INFO] scanner - 🚀 SCANNER INICIADO
2025-12-09 16:34:26 [INFO] scanner - 📅 Data/Hora: 09/12/2025 16:34:26
2025-12-09 16:34:26 [INFO] scanner - 📂 Log: logs/scanner_2025-12-09.log
2025-12-09 16:34:26 [INFO] scanner - ============================================================
2025-12-09 16:34:26 [INFO] scanner - 📝 PAPER MODE ATIVO - Apenas registro e análise
2025-12-09 16:34:29 [WARNING] root - Bloco de componentes falhou: cannot unpack non-iterable int object
2025-12-09 16:34:29 [INFO] scanner - ✅ Validações OK [BTC/USDT]: Score=7.3, R:R=2.08
2025-12-09 16:34:29 [INFO] scanner - ⏸️  Throttle ativo [BTC/USDT]:
2025-12-09 16:34:29 [INFO] scanner -    ├─ Último alerta há 713.6 minutos
2025-12-09 16:34:29 [INFO] scanner -    ├─ Tempo mínimo: 1800 minutos
2025-12-09 16:34:29 [INFO] scanner -    └─ Próximo permitido em: 1086.4 minutos
2025-12-09 16:34:30 [WARNING] root - Bloco de componentes falhou: cannot unpack non-iterable int object
2025-12-09 16:34:30 [INFO] scanner - ✅ Validações OK [BTC/USDT]: Score=7.3, R:R=2.08
2025-12-09 16:34:30 [INFO] scanner - ⏸️  Throttle ativo [BTC/USDT]:
2025-12-09 16:34:30 [INFO] scanner -    ├─ Último alerta há 713.6 minutos
2025-12-09 16:34:30 [INFO] scanner -    ├─ Tempo mínimo: 1800 minutos
2025-12-09 16:34:30 [INFO] scanner -    └─ Próximo permitido em: 1086.4 minutos
2025-12-09 16:34:32 [WARNING] root - Bloco de componentes falhou: cannot unpack non-iterable int object
2025-12-09 16:34:32 [INFO] scanner - ✅ Validações OK [ETH/USDT]: Score=7.3, R:R=2.00
2025-12-09 16:34:32 [INFO] scanner - ⏸️  Throttle ativo [ETH/USDT]:
2025-12-09 16:34:32 [INFO] scanner -    ├─ Último alerta há 465.9 minutos
2025-12-09 16:34:32 [INFO] scanner -    ├─ Tempo mínimo: 1800 minutos
2025-12-09 16:34:32 [INFO] scanner -    └─ Próximo permitido em: 1334.1 minutos
2025-12-09 16:34:32 [WARNING] root - Bloco de componentes falhou: cannot unpack non-iterable int object
2025-12-09 16:34:32 [INFO] scanner - ✅ Validações OK [ETH/USDT]: Score=7.3, R:R=2.00
2025-12-09 16:34:32 [INFO] scanner - ⏸️  Throttle ativo [ETH/USDT]:
2025-12-09 16:34:32 [INFO] scanner -    ├─ Último alerta há 465.9 minutos
2025-12-09 16:34:32 [INFO] scanner -    ├─ Tempo mínimo: 1800 minutos
2025-12-09 16:34:32 [INFO] scanner -    └─ Próximo permitido em: 1334.1 minutos
2025-12-09 16:48:16 [INFO] scanner - ============================================================
2025-12-09 16:48:16 [INFO] scanner - 🚀 SCANNER INICIADO
2025-12-09 16:48:16 [INFO] scanner - 📅 Data/Hora: 09/12/2025 16:48:16
2025-12-09 16:48:16 [INFO] scanner - 📂 Log: logs/scanner_2025-12-09.log
2025-12-09 16:48:16 [INFO] scanner - ============================================================
2025-12-09 16:48:16 [INFO] scanner - 📝 PAPER MODE ATIVO - Apenas registro e análise
2025-12-09 16:48:19 [WARNING] root - Bloco de componentes falhou: cannot unpack non-iterable int object
2025-12-09 16:48:19 [INFO] scanner - ✅ Validações OK [BTC/USDT]: Score=7.8, R:R=2.08
2025-12-09 16:48:19 [INFO] scanner - ⏸️  Throttle ativo [BTC/USDT]:
2025-12-09 16:48:19 [INFO] scanner -    ├─ Último alerta há 727.4 minutos
2025-12-09 16:48:19 [INFO] scanner -    ├─ Tempo mínimo: 1800 minutos
2025-12-09 16:48:19 [INFO] scanner -    └─ Próximo permitido em: 1072.6 minutos
2025-12-09 16:48:19 [WARNING] root - Bloco de componentes falhou: cannot unpack non-iterable int object
2025-12-09 16:48:19 [INFO] scanner - ✅ Validações OK [BTC/USDT]: Score=7.3, R:R=2.08
2025-12-09 16:48:19 [INFO] scanner - ⏸️  Throttle ativo [BTC/USDT]:
2025-12-09 16:48:19 [INFO] scanner -    ├─ Último alerta há 727.4 minutos
2025-12-09 16:48:19 [INFO] scanner -    ├─ Tempo mínimo: 1800 minutos
2025-12-09 16:48:19 [INFO] scanner -    └─ Próximo permitido em: 1072.6 minutos
2025-12-09 16:48:19 [WARNING] root - Bloco de componentes falhou: cannot unpack non-iterable int object
2025-12-09 16:48:19 [INFO] scanner - ✅ Validações OK [BTC/USDT]: Score=7.3, R:R=2.08
2025-12-09 16:48:19 [INFO] scanner - ⏸️  Throttle ativo [BTC/USDT]:
2025-12-09 16:48:19 [INFO] scanner -    ├─ Último alerta há 727.4 minutos
2025-12-09 16:48:19 [INFO] scanner -    ├─ Tempo mínimo: 1800 minutos
2025-12-09 16:48:19 [INFO] scanner -    └─ Próximo permitido em: 1072.6 minutos
2025-12-09 16:48:21 [WARNING] root - Bloco de componentes falhou: cannot unpack non-iterable int object
2025-12-09 16:48:21 [INFO] scanner - ✅ Validações OK [ETH/USDT]: Score=7.3, R:R=2.00
2025-12-09 16:48:21 [INFO] scanner - ⏸️  Throttle ativo [ETH/USDT]:
2025-12-09 16:48:21 [INFO] scanner -    ├─ Último alerta há 479.8 minutos
2025-12-09 16:48:21 [INFO] scanner -    ├─ Tempo mínimo: 1800 minutos
2025-12-09 16:48:21 [INFO] scanner -    └─ Próximo permitido em: 1320.2 minutos
2025-12-09 16:48:21 [WARNING] root - Bloco de componentes falhou: cannot unpack non-iterable int object
2025-12-09 16:48:21 [INFO] scanner - ✅ Validações OK [ETH/USDT]: Score=7.3, R:R=2.00
2025-12-09 16:48:21 [INFO] scanner - ⏸️  Throttle ativo [ETH/USDT]:
2025-12-09 16:48:21 [INFO] scanner -    ├─ Último alerta há 479.8 minutos
2025-12-09 16:48:21 [INFO] scanner -    ├─ Tempo mínimo: 1800 minutos
2025-12-09 16:48:21 [INFO] scanner -    └─ Próximo permitido em: 1320.2 minutos
2025-12-09 17:14:02 [INFO] scanner - ============================================================
2025-12-09 17:14:02 [INFO] scanner - 🚀 SCANNER INICIADO
2025-12-09 17:14:02 [INFO] scanner - 📅 Data/Hora: 09/12/2025 17:14:02
2025-12-09 17:14:02 [INFO] scanner - 📂 Log: logs/scanner_2025-12-09.log
2025-12-09 17:14:02 [INFO] scanner - ============================================================
2025-12-09 17:14:02 [INFO] scanner - 📝 PAPER MODE ATIVO - Apenas registro e análise
2025-12-09 17:14:05 [WARNING] root - Bloco de componentes falhou: cannot unpack non-iterable int object
2025-12-09 17:14:05 [INFO] scanner - ✅ Validações OK [BTC/USDT]: Score=7.3, R:R=2.08
2025-12-09 17:14:05 [INFO] scanner - ⏸️  Throttle ativo [BTC/USDT]:
2025-12-09 17:14:05 [INFO] scanner -    ├─ Último alerta há 753.2 minutos
2025-12-09 17:14:05 [INFO] scanner -    ├─ Tempo mínimo: 1800 minutos
2025-12-09 17:14:05 [INFO] scanner -    └─ Próximo permitido em: 1046.8 minutos
2025-12-09 17:14:05 [WARNING] root - Bloco de componentes falhou: cannot unpack non-iterable int object
2025-12-09 17:14:05 [INFO] scanner - ✅ Validações OK [BTC/USDT]: Score=7.3, R:R=2.08
2025-12-09 17:14:05 [INFO] scanner - ⏸️  Throttle ativo [BTC/USDT]:
2025-12-09 17:14:05 [INFO] scanner -    ├─ Último alerta há 753.2 minutos
2025-12-09 17:14:05 [INFO] scanner -    ├─ Tempo mínimo: 1800 minutos
2025-12-09 17:14:05 [INFO] scanner -    └─ Próximo permitido em: 1046.8 minutos
2025-12-09 17:14:07 [WARNING] root - Bloco de componentes falhou: cannot unpack non-iterable int object
2025-12-09 17:14:07 [INFO] scanner - ✅ Validações OK [ETH/USDT]: Score=7.3, R:R=2.00
2025-12-09 17:14:07 [INFO] scanner - ⏸️  Throttle ativo [ETH/USDT]:
2025-12-09 17:14:07 [INFO] scanner -    ├─ Último alerta há 505.5 minutos
2025-12-09 17:14:07 [INFO] scanner -    ├─ Tempo mínimo: 1800 minutos
2025-12-09 17:14:07 [INFO] scanner -    └─ Próximo permitido em: 1294.5 minutos
2025-12-09 17:14:07 [WARNING] root - Bloco de componentes falhou: cannot unpack non-iterable int object
2025-12-09 17:14:07 [INFO] scanner - ✅ Validações OK [ETH/USDT]: Score=7.3, R:R=2.00
2025-12-09 17:14:07 [INFO] scanner - ⏸️  Throttle ativo [ETH/USDT]:
2025-12-09 17:14:07 [INFO] scanner -    ├─ Último alerta há 505.5 minutos
2025-12-09 17:14:07 [INFO] scanner -    ├─ Tempo mínimo: 1800 minutos
2025-12-09 17:14:07 [INFO] scanner -    └─ Próximo permitido em: 1294.5 minutos
