2026-03-14 03:36:00 [INFO] scanner - ============================================================
2026-03-14 03:36:00 [INFO] scanner - 🚀 SCANNER INICIADO
2026-03-14 03:36:00 [INFO] scanner - 📅 Data/Hora: 14/03/2026 03:36:00
2026-03-14 03:36:00 [INFO] scanner - 📂 Log: logs/scanner_2026-03-14.log
2026-03-14 03:36:00 [INFO] scanner - ============================================================
2026-03-14 03:36:00 [INFO] scanner - 📝 PAPER MODE ATIVO - Apenas registro e análise
2026-03-14 03:36:05 [WARNING] root - Bloco de componentes falhou: cannot unpack non-iterable int object
2026-03-14 03:36:05 [INFO] scanner - ✅ Validações OK [ETH/USDT]: Score=7.3, R:R=2.00
2026-03-14 03:36:05 [INFO] scanner - ⏸️  Throttle ativo [ETH/USDT]:
2026-03-14 03:36:05 [INFO] scanner -    ├─ Último alerta há 795.0 minutos
2026-03-14 03:36:05 [INFO] scanner -    ├─ Tempo mínimo: 1800 minutos
2026-03-14 03:36:05 [INFO] scanner -    └─ Próximo permitido em: 1005.0 minutos
2026-03-14 04:23:15 [INFO] scanner - ============================================================
2026-03-14 04:23:15 [INFO] scanner - 🚀 SCANNER INICIADO
2026-03-14 04:23:15 [INFO] scanner - 📅 Data/Hora: 14/03/2026 04:23:15
2026-03-14 04:23:15 [INFO] scanner - 📂 Log: logs/scanner_2026-03-14.log
2026-03-14 04:23:15 [INFO] scanner - ============================================================
2026-03-14 04:23:15 [INFO] scanner - 📝 PAPER MODE ATIVO - Apenas registro e análise
2026-03-14 04:53:27 [INFO] scanner - ============================================================
2026-03-14 04:53:27 [INFO] scanner - 🚀 SCANNER INICIADO
2026-03-14 04:53:27 [INFO] scanner - 📅 Data/Hora: 14/03/2026 04:53:27
2026-03-14 04:53:27 [INFO] scanner - 📂 Log: logs/scanner_2026-03-14.log
2026-03-14 04:53:27 [INFO] scanner - ============================================================
2026-03-14 04:53:27 [INFO] scanner - 📝 PAPER MODE ATIVO - Apenas registro e análise
2026-03-14 04:53:31 [WARNING] root - Bloco de componentes falhou: cannot unpack non-iterable int object
2026-03-14 04:53:31 [INFO] scanner - ✅ Validações OK [BTC/USDT]: Score=7.3, R:R=2.08
2026-03-14 04:53:31 [INFO] scanner - ✅ Throttle OK [BTC/USDT]: Pode enviar
2026-03-14 04:53:32 [INFO] scanner - 📝 Sinal no ledger: 20260314_045332_279818 - BTC/USDT
2026-03-14 04:53:32 [INFO] scanner - 📨 Alerta enviado | ID Ledger: 20260314_045332_279818
2026-03-14 05:25:16 [INFO] scanner - ============================================================
2026-03-14 05:25:16 [INFO] scanner - 🚀 SCANNER INICIADO
2026-03-14 05:25:16 [INFO] scanner - 📅 Data/Hora: 14/03/2026 05:25:16
2026-03-14 05:25:16 [INFO] scanner - 📂 Log: logs/scanner_2026-03-14.log
2026-03-14 05:25:16 [INFO] scanner - ============================================================
2026-03-14 05:25:16 [INFO] scanner - 📝 PAPER MODE ATIVO - Apenas registro e análise
2026-03-14 05:57:45 [INFO] scanner - ============================================================
2026-03-14 05:57:45 [INFO] scanner - 🚀 SCANNER INICIADO
2026-03-14 05:57:45 [INFO] scanner - 📅 Data/Hora: 14/03/2026 05:57:45
2026-03-14 05:57:45 [INFO] scanner - 📂 Log: logs/scanner_2026-03-14.log
2026-03-14 05:57:45 [INFO] scanner - ============================================================
2026-03-14 05:57:45 [INFO] scanner - 📝 PAPER MODE ATIVO - Apenas registro e análise
2026-03-14 05:57:49 [WARNING] root - Bloco de componentes falhou: cannot unpack non-iterable int object
2026-03-14 05:57:49 [INFO] scanner - ✅ Validações OK [BTC/USDT]: Score=7.3, R:R=2.08
2026-03-14 05:57:49 [INFO] scanner - ⏸️  Throttle ativo [BTC/USDT]:
2026-03-14 05:57:49 [INFO] scanner -    ├─ Último alerta há 64.3 minutos
2026-03-14 05:57:49 [INFO] scanner -    ├─ Tempo mínimo: 1800 minutos
2026-03-14 05:57:49 [INFO] scanner -    └─ Próximo permitido em: 1735.7 minutos
2026-03-14 06:30:45 [INFO] scanner - ============================================================
2026-03-14 06:30:45 [INFO] scanner - 🚀 SCANNER INICIADO
2026-03-14 06:30:45 [INFO] scanner - 📅 Data/Hora: 14/03/2026 06:30:45
2026-03-14 06:30:45 [INFO] scanner - 📂 Log: logs/scanner_2026-03-14.log
2026-03-14 06:30:45 [INFO] scanner - ============================================================
2026-03-14 06:30:45 [INFO] scanner - 📝 PAPER MODE ATIVO - Apenas registro e análise
