2026-02-05 03:47:19 [INFO] scanner - ============================================================
2026-02-05 03:47:19 [INFO] scanner - 🚀 SCANNER INICIADO
2026-02-05 03:47:19 [INFO] scanner - 📅 Data/Hora: 05/02/2026 03:47:19
2026-02-05 03:47:19 [INFO] scanner - 📂 Log: logs/scanner_2026-02-05.log
2026-02-05 03:47:19 [INFO] scanner - ============================================================
2026-02-05 03:47:19 [INFO] scanner - 📝 PAPER MODE ATIVO - Apenas registro e análise
2026-02-05 03:47:24 [WARNING] root - Bloco de componentes falhou: cannot unpack non-iterable int object
2026-02-05 03:47:24 [INFO] scanner - ✅ Validações OK [ETH/USDT]: Score=7.3, R:R=2.00
2026-02-05 03:47:24 [INFO] scanner - ✅ Throttle OK [ETH/USDT]: Pode enviar
2026-02-05 03:47:25 [WARNING] root - Bloco de componentes falhou: cannot unpack non-iterable int object
2026-02-05 03:47:25 [INFO] scanner - ✅ Validações OK [ETH/USDT]: Score=7.3, R:R=2.00
2026-02-05 03:47:25 [INFO] scanner - ⏸️  Throttle ativo [ETH/USDT]:
2026-02-05 03:47:25 [INFO] scanner -    ├─ Último alerta há 0.0 minutos
2026-02-05 03:47:25 [INFO] scanner -    ├─ Tempo mínimo: 1800 minutos
2026-02-05 03:47:25 [INFO] scanner -    └─ Próximo permitido em: 1800.0 minutos
2026-02-05 04:44:04 [INFO] scanner - ============================================================
2026-02-05 04:44:04 [INFO] scanner - 🚀 SCANNER INICIADO
2026-02-05 04:44:04 [INFO] scanner - 📅 Data/Hora: 05/02/2026 04:44:04
2026-02-05 04:44:04 [INFO] scanner - 📂 Log: logs/scanner_2026-02-05.log
2026-02-05 04:44:04 [INFO] scanner - ============================================================
2026-02-05 04:44:04 [INFO] scanner - 📝 PAPER MODE ATIVO - Apenas registro e análise
2026-02-05 04:44:07 [WARNING] root - Bloco de componentes falhou: cannot unpack non-iterable int object
2026-02-05 04:44:07 [INFO] scanner - ✅ Validações OK [BTC/USDT]: Score=7.3, R:R=2.08
2026-02-05 04:44:07 [INFO] scanner - ⏸️  Throttle ativo [BTC/USDT]:
2026-02-05 04:44:07 [INFO] scanner -    ├─ Último alerta há 1314.4 minutos
2026-02-05 04:44:07 [INFO] scanner -    ├─ Tempo mínimo: 1800 minutos
2026-02-05 04:44:07 [INFO] scanner -    └─ Próximo permitido em: 485.6 minutos
2026-02-05 04:44:09 [WARNING] root - Bloco de componentes falhou: cannot unpack non-iterable int object
2026-02-05 04:44:09 [INFO] scanner - ✅ Validações OK [ETH/USDT]: Score=7.3, R:R=2.00
2026-02-05 04:44:09 [INFO] scanner - ⏸️  Throttle ativo [ETH/USDT]:
2026-02-05 04:44:09 [INFO] scanner -    ├─ Último alerta há 56.7 minutos
2026-02-05 04:44:09 [INFO] scanner -    ├─ Tempo mínimo: 1800 minutos
2026-02-05 04:44:09 [INFO] scanner -    └─ Próximo permitido em: 1743.3 minutos
2026-02-05 05:25:37 [INFO] scanner - ============================================================
2026-02-05 05:25:37 [INFO] scanner - 🚀 SCANNER INICIADO
2026-02-05 05:25:37 [INFO] scanner - 📅 Data/Hora: 05/02/2026 05:25:37
2026-02-05 05:25:37 [INFO] scanner - 📂 Log: logs/scanner_2026-02-05.log
2026-02-05 05:25:37 [INFO] scanner - ============================================================
2026-02-05 05:25:37 [INFO] scanner - 📝 PAPER MODE ATIVO - Apenas registro e análise
2026-02-05 05:25:40 [WARNING] root - Bloco de componentes falhou: cannot unpack non-iterable int object
2026-02-05 05:25:40 [INFO] scanner - ✅ Validações OK [BTC/USDT]: Score=8.3, R:R=2.08
2026-02-05 05:25:40 [INFO] scanner - ⏸️  Throttle ativo [BTC/USDT]:
2026-02-05 05:25:40 [INFO] scanner -    ├─ Último alerta há 1356.0 minutos
2026-02-05 05:25:40 [INFO] scanner -    ├─ Tempo mínimo: 1800 minutos
2026-02-05 05:25:40 [INFO] scanner -    └─ Próximo permitido em: 444.0 minutos
2026-02-05 06:07:23 [INFO] scanner - ============================================================
2026-02-05 06:07:23 [INFO] scanner - 🚀 SCANNER INICIADO
2026-02-05 06:07:23 [INFO] scanner - 📅 Data/Hora: 05/02/2026 06:07:23
2026-02-05 06:07:23 [INFO] scanner - 📂 Log: logs/scanner_2026-02-05.log
2026-02-05 06:07:23 [INFO] scanner - ============================================================
2026-02-05 06:07:23 [INFO] scanner - 📝 PAPER MODE ATIVO - Apenas registro e análise
2026-02-05 06:07:27 [WARNING] root - Bloco de componentes falhou: cannot unpack non-iterable int object
2026-02-05 06:07:27 [INFO] scanner - ✅ Validações OK [BTC/USDT]: Score=8.3, R:R=2.08
2026-02-05 06:07:27 [INFO] scanner - ⏸️  Throttle ativo [BTC/USDT]:
2026-02-05 06:07:27 [INFO] scanner -    ├─ Último alerta há 1397.7 minutos
2026-02-05 06:07:27 [INFO] scanner -    ├─ Tempo mínimo: 1800 minutos
2026-02-05 06:07:27 [INFO] scanner -    └─ Próximo permitido em: 402.3 minutos
2026-02-05 07:00:06 [INFO] scanner - ============================================================
2026-02-05 07:00:06 [INFO] scanner - 🚀 SCANNER INICIADO
2026-02-05 07:00:06 [INFO] scanner - 📅 Data/Hora: 05/02/2026 07:00:06
2026-02-05 07:00:06 [INFO] scanner - 📂 Log: logs/scanner_2026-02-05.log
2026-02-05 07:00:06 [INFO] scanner - ============================================================
2026-02-05 07:00:06 [INFO] scanner - 📝 PAPER MODE ATIVO - Apenas registro e análise
2026-02-05 07:00:09 [WARNING] root - Bloco de componentes falhou: cannot unpack non-iterable int object
2026-02-05 07:00:09 [INFO] scanner - ✅ Validações OK [BTC/USDT]: Score=8.3, R:R=2.08
2026-02-05 07:00:09 [INFO] scanner - ⏸️  Throttle ativo [BTC/USDT]:
2026-02-05 07:00:09 [INFO] scanner -    ├─ Último alerta há 1450.5 minutos
2026-02-05 07:00:09 [INFO] scanner -    ├─ Tempo mínimo: 1800 minutos
2026-02-05 07:00:09 [INFO] scanner -    └─ Próximo permitido em: 349.5 minutos
2026-02-05 07:47:26 [INFO] scanner - ============================================================
2026-02-05 07:47:26 [INFO] scanner - 🚀 SCANNER INICIADO
2026-02-05 07:47:26 [INFO] scanner - 📅 Data/Hora: 05/02/2026 07:47:26
2026-02-05 07:47:26 [INFO] scanner - 📂 Log: logs/scanner_2026-02-05.log
2026-02-05 07:47:26 [INFO] scanner - ============================================================
2026-02-05 07:47:26 [INFO] scanner - 📝 PAPER MODE ATIVO - Apenas registro e análise
2026-02-05 07:47:29 [WARNING] root - Bloco de componentes falhou: cannot unpack non-iterable int object
2026-02-05 07:47:29 [INFO] scanner - ✅ Validações OK [BTC/USDT]: Score=8.3, R:R=2.08
2026-02-05 07:47:29 [INFO] scanner - ⏸️  Throttle ativo [BTC/USDT]:
2026-02-05 07:47:29 [INFO] scanner -    ├─ Último alerta há 1497.8 minutos
2026-02-05 07:47:29 [INFO] scanner -    ├─ Tempo mínimo: 1800 minutos
2026-02-05 07:47:29 [INFO] scanner -    └─ Próximo permitido em: 302.2 minutos
2026-02-05 07:47:29 [WARNING] root - Bloco de componentes falhou: cannot unpack non-iterable int object
2026-02-05 07:47:29 [INFO] scanner - ✅ Validações OK [BTC/USDT]: Score=7.3, R:R=2.08
2026-02-05 07:47:29 [INFO] scanner - ⏸️  Throttle ativo [BTC/USDT]:
2026-02-05 07:47:29 [INFO] scanner -    ├─ Último alerta há 1497.8 minutos
2026-02-05 07:47:29 [INFO] scanner -    ├─ Tempo mínimo: 1800 minutos
2026-02-05 07:47:29 [INFO] scanner -    └─ Próximo permitido em: 302.2 minutos
2026-02-05 08:29:26 [INFO] scanner - ============================================================
2026-02-05 08:29:26 [INFO] scanner - 🚀 SCANNER INICIADO
2026-02-05 08:29:26 [INFO] scanner - 📅 Data/Hora: 05/02/2026 08:29:26
2026-02-05 08:29:26 [INFO] scanner - 📂 Log: logs/scanner_2026-02-05.log
2026-02-05 08:29:26 [INFO] scanner - ============================================================
2026-02-05 08:29:26 [INFO] scanner - 📝 PAPER MODE ATIVO - Apenas registro e análise
2026-02-05 08:29:29 [WARNING] root - Bloco de componentes falhou: cannot unpack non-iterable int object
2026-02-05 08:29:29 [INFO] scanner - ✅ Validações OK [BTC/USDT]: Score=8.3, R:R=2.08
2026-02-05 08:29:29 [INFO] scanner - ⏸️  Throttle ativo [BTC/USDT]:
2026-02-05 08:29:29 [INFO] scanner -    ├─ Último alerta há 1539.8 minutos
2026-02-05 08:29:29 [INFO] scanner -    ├─ Tempo mínimo: 1800 minutos
2026-02-05 08:29:29 [INFO] scanner -    └─ Próximo permitido em: 260.2 minutos
2026-02-05 08:29:29 [WARNING] root - Bloco de componentes falhou: cannot unpack non-iterable int object
2026-02-05 08:29:29 [INFO] scanner - ✅ Validações OK [BTC/USDT]: Score=7.3, R:R=2.08
2026-02-05 08:29:29 [INFO] scanner - ⏸️  Throttle ativo [BTC/USDT]:
2026-02-05 08:29:29 [INFO] scanner -    ├─ Último alerta há 1539.8 minutos
2026-02-05 08:29:29 [INFO] scanner -    ├─ Tempo mínimo: 1800 minutos
2026-02-05 08:29:29 [INFO] scanner -    └─ Próximo permitido em: 260.2 minutos
2026-02-05 08:29:30 [WARNING] root - Bloco de componentes falhou: cannot unpack non-iterable int object
2026-02-05 08:29:30 [INFO] scanner - ✅ Validações OK [BTC/USDT]: Score=7.3, R:R=2.08
2026-02-05 08:29:30 [INFO] scanner - ⏸️  Throttle ativo [BTC/USDT]:
2026-02-05 08:29:30 [INFO] scanner -    ├─ Último alerta há 1539.8 minutos
2026-02-05 08:29:30 [INFO] scanner -    ├─ Tempo mínimo: 1800 minutos
2026-02-05 08:29:30 [INFO] scanner -    └─ Próximo permitido em: 260.2 minutos
2026-02-05 08:29:32 [WARNING] root - Bloco de componentes falhou: cannot unpack non-iterable int object
2026-02-05 08:29:32 [INFO] scanner - ✅ Validações OK [ETH/USDT]: Score=7.3, R:R=2.00
2026-02-05 08:29:32 [INFO] scanner - ⏸️  Throttle ativo [ETH/USDT]:
2026-02-05 08:29:32 [INFO] scanner -    ├─ Último alerta há 282.1 minutos
2026-02-05 08:29:32 [INFO] scanner -    ├─ Tempo mínimo: 1800 minutos
2026-02-05 08:29:32 [INFO] scanner -    └─ Próximo permitido em: 1517.9 minutos
2026-02-05 08:29:32 [WARNING] root - Bloco de componentes falhou: cannot unpack non-iterable int object
2026-02-05 08:29:32 [INFO] scanner - ✅ Validações OK [ETH/USDT]: Score=7.3, R:R=2.00
2026-02-05 08:29:32 [INFO] scanner - ⏸️  Throttle ativo [ETH/USDT]:
2026-02-05 08:29:32 [INFO] scanner -    ├─ Último alerta há 282.1 minutos
2026-02-05 08:29:32 [INFO] scanner -    ├─ Tempo mínimo: 1800 minutos
2026-02-05 08:29:32 [INFO] scanner -    └─ Próximo permitido em: 1517.9 minutos
2026-02-05 08:57:24 [INFO] scanner - ============================================================
2026-02-05 08:57:24 [INFO] scanner - 🚀 SCANNER INICIADO
2026-02-05 08:57:24 [INFO] scanner - 📅 Data/Hora: 05/02/2026 08:57:24
2026-02-05 08:57:24 [INFO] scanner - 📂 Log: logs/scanner_2026-02-05.log
2026-02-05 08:57:24 [INFO] scanner - ============================================================
2026-02-05 08:57:24 [INFO] scanner - 📝 PAPER MODE ATIVO - Apenas registro e análise
2026-02-05 08:57:27 [WARNING] root - Bloco de componentes falhou: cannot unpack non-iterable int object
2026-02-05 08:57:27 [INFO] scanner - ✅ Validações OK [BTC/USDT]: Score=8.3, R:R=2.08
2026-02-05 08:57:27 [INFO] scanner - ⏸️  Throttle ativo [BTC/USDT]:
2026-02-05 08:57:27 [INFO] scanner -    ├─ Último alerta há 1567.8 minutos
2026-02-05 08:57:27 [INFO] scanner -    ├─ Tempo mínimo: 1800 minutos
2026-02-05 08:57:27 [INFO] scanner -    └─ Próximo permitido em: 232.2 minutos
2026-02-05 08:57:28 [WARNING] root - Bloco de componentes falhou: cannot unpack non-iterable int object
2026-02-05 08:57:28 [INFO] scanner - ✅ Validações OK [BTC/USDT]: Score=7.3, R:R=2.08
2026-02-05 08:57:28 [INFO] scanner - ⏸️  Throttle ativo [BTC/USDT]:
2026-02-05 08:57:28 [INFO] scanner -    ├─ Último alerta há 1567.8 minutos
2026-02-05 08:57:28 [INFO] scanner -    ├─ Tempo mínimo: 1800 minutos
2026-02-05 08:57:28 [INFO] scanner -    └─ Próximo permitido em: 232.2 minutos
2026-02-05 08:57:28 [WARNING] root - Bloco de componentes falhou: cannot unpack non-iterable int object
2026-02-05 08:57:28 [INFO] scanner - ✅ Validações OK [BTC/USDT]: Score=7.3, R:R=2.08
2026-02-05 08:57:28 [INFO] scanner - ⏸️  Throttle ativo [BTC/USDT]:
2026-02-05 08:57:28 [INFO] scanner -    ├─ Último alerta há 1567.8 minutos
2026-02-05 08:57:28 [INFO] scanner -    ├─ Tempo mínimo: 1800 minutos
2026-02-05 08:57:28 [INFO] scanner -    └─ Próximo permitido em: 232.2 minutos
2026-02-05 08:57:30 [WARNING] root - Bloco de componentes falhou: cannot unpack non-iterable int object
2026-02-05 08:57:30 [INFO] scanner - ✅ Validações OK [ETH/USDT]: Score=7.3, R:R=2.00
2026-02-05 08:57:30 [INFO] scanner - ⏸️  Throttle ativo [ETH/USDT]:
2026-02-05 08:57:30 [INFO] scanner -    ├─ Último alerta há 310.1 minutos
2026-02-05 08:57:30 [INFO] scanner -    ├─ Tempo mínimo: 1800 minutos
2026-02-05 08:57:30 [INFO] scanner -    └─ Próximo permitido em: 1489.9 minutos
2026-02-05 08:57:30 [WARNING] root - Bloco de componentes falhou: cannot unpack non-iterable int object
2026-02-05 08:57:30 [INFO] scanner - ✅ Validações OK [ETH/USDT]: Score=7.3, R:R=2.00
2026-02-05 08:57:30 [INFO] scanner - ⏸️  Throttle ativo [ETH/USDT]:
2026-02-05 08:57:30 [INFO] scanner -    ├─ Último alerta há 310.1 minutos
2026-02-05 08:57:30 [INFO] scanner -    ├─ Tempo mínimo: 1800 minutos
2026-02-05 08:57:30 [INFO] scanner -    └─ Próximo permitido em: 1489.9 minutos
2026-02-05 09:56:45 [INFO] scanner - ============================================================
2026-02-05 09:56:45 [INFO] scanner - 🚀 SCANNER INICIADO
2026-02-05 09:56:45 [INFO] scanner - 📅 Data/Hora: 05/02/2026 09:56:45
2026-02-05 09:56:45 [INFO] scanner - 📂 Log: logs/scanner_2026-02-05.log
2026-02-05 09:56:45 [INFO] scanner - ============================================================
2026-02-05 09:56:45 [INFO] scanner - 📝 PAPER MODE ATIVO - Apenas registro e análise
2026-02-05 09:56:48 [WARNING] root - Bloco de componentes falhou: cannot unpack non-iterable int object
2026-02-05 09:56:48 [INFO] scanner - ✅ Validações OK [BTC/USDT]: Score=8.3, R:R=2.08
2026-02-05 09:56:48 [INFO] scanner - ⏸️  Throttle ativo [BTC/USDT]:
2026-02-05 09:56:48 [INFO] scanner -    ├─ Último alerta há 1627.1 minutos
2026-02-05 09:56:48 [INFO] scanner -    ├─ Tempo mínimo: 1800 minutos
2026-02-05 09:56:48 [INFO] scanner -    └─ Próximo permitido em: 172.9 minutos
2026-02-05 09:56:48 [WARNING] root - Bloco de componentes falhou: cannot unpack non-iterable int object
2026-02-05 09:56:48 [INFO] scanner - ✅ Validações OK [BTC/USDT]: Score=7.3, R:R=2.08
2026-02-05 09:56:48 [INFO] scanner - ⏸️  Throttle ativo [BTC/USDT]:
2026-02-05 09:56:48 [INFO] scanner -    ├─ Último alerta há 1627.1 minutos
2026-02-05 09:56:48 [INFO] scanner -    ├─ Tempo mínimo: 1800 minutos
2026-02-05 09:56:48 [INFO] scanner -    └─ Próximo permitido em: 172.9 minutos
2026-02-05 09:56:49 [WARNING] root - Bloco de componentes falhou: cannot unpack non-iterable int object
2026-02-05 09:56:49 [INFO] scanner - ✅ Validações OK [BTC/USDT]: Score=7.3, R:R=2.08
2026-02-05 09:56:49 [INFO] scanner - ⏸️  Throttle ativo [BTC/USDT]:
2026-02-05 09:56:49 [INFO] scanner -    ├─ Último alerta há 1627.1 minutos
2026-02-05 09:56:49 [INFO] scanner -    ├─ Tempo mínimo: 1800 minutos
2026-02-05 09:56:49 [INFO] scanner -    └─ Próximo permitido em: 172.9 minutos
2026-02-05 09:56:51 [WARNING] root - Bloco de componentes falhou: cannot unpack non-iterable int object
2026-02-05 09:56:51 [INFO] scanner - ✅ Validações OK [ETH/USDT]: Score=7.3, R:R=2.00
2026-02-05 09:56:51 [INFO] scanner - ⏸️  Throttle ativo [ETH/USDT]:
2026-02-05 09:56:51 [INFO] scanner -    ├─ Último alerta há 369.4 minutos
2026-02-05 09:56:51 [INFO] scanner -    ├─ Tempo mínimo: 1800 minutos
2026-02-05 09:56:51 [INFO] scanner -    └─ Próximo permitido em: 1430.6 minutos
2026-02-05 09:56:51 [WARNING] root - Bloco de componentes falhou: cannot unpack non-iterable int object
2026-02-05 09:56:51 [INFO] scanner - ✅ Validações OK [ETH/USDT]: Score=7.3, R:R=2.00
2026-02-05 09:56:51 [INFO] scanner - ⏸️  Throttle ativo [ETH/USDT]:
2026-02-05 09:56:51 [INFO] scanner -    ├─ Último alerta há 369.4 minutos
2026-02-05 09:56:51 [INFO] scanner -    ├─ Tempo mínimo: 1800 minutos
2026-02-05 09:56:51 [INFO] scanner -    └─ Próximo permitido em: 1430.6 minutos
