2026-07-18 04:28:52 [INFO] scanner - ============================================================
2026-07-18 04:28:52 [INFO] scanner - 🚀 SCANNER INICIADO
2026-07-18 04:28:52 [INFO] scanner - 📅 Data/Hora: 18/07/2026 04:28:52
2026-07-18 04:28:52 [INFO] scanner - 📂 Log: logs/scanner_2026-07-18.log
2026-07-18 04:28:52 [INFO] scanner - ============================================================
2026-07-18 04:28:52 [INFO] scanner - 📝 PAPER MODE ATIVO - Apenas registro e análise
2026-07-18 04:28:57 [WARNING] root - Bloco de componentes falhou: cannot unpack non-iterable int object
2026-07-18 04:28:57 [INFO] scanner - ✅ Validações OK [ETH/USDT]: Score=7.3, R:R=2.00
2026-07-18 04:28:57 [INFO] scanner - ⏸️  Throttle ativo [ETH/USDT]:
2026-07-18 04:28:57 [INFO] scanner -    ├─ Último alerta há 1415.0 minutos
2026-07-18 04:28:57 [INFO] scanner -    ├─ Tempo mínimo: 1800 minutos
2026-07-18 04:28:57 [INFO] scanner -    └─ Próximo permitido em: 385.0 minutos
2026-07-18 04:28:57 [WARNING] root - Bloco de componentes falhou: cannot unpack non-iterable int object
2026-07-18 04:28:57 [INFO] scanner - ✅ Validações OK [ETH/USDT]: Score=7.3, R:R=2.00
2026-07-18 04:28:57 [INFO] scanner - ⏸️  Throttle ativo [ETH/USDT]:
2026-07-18 04:28:57 [INFO] scanner -    ├─ Último alerta há 1415.0 minutos
2026-07-18 04:28:57 [INFO] scanner -    ├─ Tempo mínimo: 1800 minutos
2026-07-18 04:28:57 [INFO] scanner -    └─ Próximo permitido em: 385.0 minutos
2026-07-18 06:08:18 [INFO] scanner - ============================================================
2026-07-18 06:08:18 [INFO] scanner - 🚀 SCANNER INICIADO
2026-07-18 06:08:18 [INFO] scanner - 📅 Data/Hora: 18/07/2026 06:08:18
2026-07-18 06:08:18 [INFO] scanner - 📂 Log: logs/scanner_2026-07-18.log
2026-07-18 06:08:18 [INFO] scanner - ============================================================
2026-07-18 06:08:18 [INFO] scanner - 📝 PAPER MODE ATIVO - Apenas registro e análise
2026-07-18 06:08:22 [WARNING] root - Bloco de componentes falhou: cannot unpack non-iterable int object
2026-07-18 06:08:22 [INFO] scanner - ✅ Validações OK [BTC/USDT]: Score=8.5, R:R=2.08
2026-07-18 06:08:22 [INFO] scanner - ⏸️  Throttle ativo [BTC/USDT]:
2026-07-18 06:08:22 [INFO] scanner -    ├─ Último alerta há 1514.5 minutos
2026-07-18 06:08:22 [INFO] scanner -    ├─ Tempo mínimo: 1800 minutos
2026-07-18 06:08:22 [INFO] scanner -    └─ Próximo permitido em: 285.5 minutos
2026-07-18 06:08:24 [WARNING] root - Bloco de componentes falhou: cannot unpack non-iterable int object
2026-07-18 06:08:24 [INFO] scanner - ✅ Validações OK [ETH/USDT]: Score=7.3, R:R=2.00
2026-07-18 06:08:24 [INFO] scanner - ⏸️  Throttle ativo [ETH/USDT]:
2026-07-18 06:08:24 [INFO] scanner -    ├─ Último alerta há 1514.4 minutos
2026-07-18 06:08:24 [INFO] scanner -    ├─ Tempo mínimo: 1800 minutos
2026-07-18 06:08:24 [INFO] scanner -    └─ Próximo permitido em: 285.6 minutos
2026-07-18 07:38:59 [INFO] scanner - ============================================================
2026-07-18 07:38:59 [INFO] scanner - 🚀 SCANNER INICIADO
2026-07-18 07:38:59 [INFO] scanner - 📅 Data/Hora: 18/07/2026 07:38:59
2026-07-18 07:38:59 [INFO] scanner - 📂 Log: logs/scanner_2026-07-18.log
2026-07-18 07:38:59 [INFO] scanner - ============================================================
2026-07-18 07:38:59 [INFO] scanner - 📝 PAPER MODE ATIVO - Apenas registro e análise
2026-07-18 07:39:05 [WARNING] root - Bloco de componentes falhou: cannot unpack non-iterable int object
2026-07-18 07:39:05 [INFO] scanner - ✅ Validações OK [ETH/USDT]: Score=7.3, R:R=2.00
2026-07-18 07:39:05 [INFO] scanner - ⏸️  Throttle ativo [ETH/USDT]:
2026-07-18 07:39:05 [INFO] scanner -    ├─ Último alerta há 1605.1 minutos
2026-07-18 07:39:05 [INFO] scanner -    ├─ Tempo mínimo: 1800 minutos
2026-07-18 07:39:05 [INFO] scanner -    └─ Próximo permitido em: 194.9 minutos
2026-07-18 08:35:35 [INFO] scanner - ============================================================
2026-07-18 08:35:35 [INFO] scanner - 🚀 SCANNER INICIADO
2026-07-18 08:35:35 [INFO] scanner - 📅 Data/Hora: 18/07/2026 08:35:35
2026-07-18 08:35:35 [INFO] scanner - 📂 Log: logs/scanner_2026-07-18.log
2026-07-18 08:35:35 [INFO] scanner - ============================================================
2026-07-18 08:35:35 [INFO] scanner - 📝 PAPER MODE ATIVO - Apenas registro e análise
2026-07-18 08:35:40 [WARNING] root - Bloco de componentes falhou: cannot unpack non-iterable int object
2026-07-18 08:35:40 [INFO] scanner - ✅ Validações OK [ETH/USDT]: Score=7.0, R:R=2.00
2026-07-18 08:35:40 [INFO] scanner - ⏸️  Throttle ativo [ETH/USDT]:
2026-07-18 08:35:40 [INFO] scanner -    ├─ Último alerta há 1661.7 minutos
2026-07-18 08:35:40 [INFO] scanner -    ├─ Tempo mínimo: 1800 minutos
2026-07-18 08:35:40 [INFO] scanner -    └─ Próximo permitido em: 138.3 minutos
2026-07-18 09:36:41 [INFO] scanner - ============================================================
2026-07-18 09:36:41 [INFO] scanner - 🚀 SCANNER INICIADO
2026-07-18 09:36:41 [INFO] scanner - 📅 Data/Hora: 18/07/2026 09:36:41
2026-07-18 09:36:41 [INFO] scanner - 📂 Log: logs/scanner_2026-07-18.log
2026-07-18 09:36:41 [INFO] scanner - ============================================================
2026-07-18 09:36:41 [INFO] scanner - 📝 PAPER MODE ATIVO - Apenas registro e análise
2026-07-18 09:36:47 [WARNING] root - Bloco de componentes falhou: cannot unpack non-iterable int object
2026-07-18 09:36:47 [INFO] scanner - ✅ Validações OK [ETH/USDT]: Score=8.5, R:R=2.00
2026-07-18 09:36:47 [INFO] scanner - ⏸️  Throttle ativo [ETH/USDT]:
2026-07-18 09:36:47 [INFO] scanner -    ├─ Último alerta há 1722.8 minutos
2026-07-18 09:36:47 [INFO] scanner -    ├─ Tempo mínimo: 1800 minutos
2026-07-18 09:36:47 [INFO] scanner -    └─ Próximo permitido em: 77.2 minutos
2026-07-18 09:36:47 [WARNING] root - Bloco de componentes falhou: cannot unpack non-iterable int object
2026-07-18 09:36:47 [INFO] scanner - ✅ Validações OK [ETH/USDT]: Score=7.0, R:R=2.00
2026-07-18 09:36:47 [INFO] scanner - ⏸️  Throttle ativo [ETH/USDT]:
2026-07-18 09:36:47 [INFO] scanner -    ├─ Último alerta há 1722.8 minutos
2026-07-18 09:36:47 [INFO] scanner -    ├─ Tempo mínimo: 1800 minutos
2026-07-18 09:36:47 [INFO] scanner -    └─ Próximo permitido em: 77.2 minutos
2026-07-18 11:06:43 [INFO] scanner - ============================================================
2026-07-18 11:06:43 [INFO] scanner - 🚀 SCANNER INICIADO
2026-07-18 11:06:43 [INFO] scanner - 📅 Data/Hora: 18/07/2026 11:06:43
2026-07-18 11:06:43 [INFO] scanner - 📂 Log: logs/scanner_2026-07-18.log
2026-07-18 11:06:43 [INFO] scanner - ============================================================
2026-07-18 11:06:43 [INFO] scanner - 📝 PAPER MODE ATIVO - Apenas registro e análise
2026-07-18 11:06:47 [WARNING] root - Bloco de componentes falhou: cannot unpack non-iterable int object
2026-07-18 11:06:47 [INFO] scanner - ✅ Validações OK [BTC/USDT]: Score=8.5, R:R=2.08
2026-07-18 11:06:47 [INFO] scanner - ✅ Throttle OK [BTC/USDT]: Pode enviar
2026-07-18 11:06:48 [INFO] scanner - 📝 Sinal no ledger: 20260718_110648_575494 - BTC/USDT
2026-07-18 11:06:48 [INFO] scanner - 📨 Alerta enviado | ID Ledger: 20260718_110648_575494
2026-07-18 11:06:50 [WARNING] root - Bloco de componentes falhou: cannot unpack non-iterable int object
2026-07-18 11:06:50 [INFO] scanner - ✅ Validações OK [ETH/USDT]: Score=8.5, R:R=2.00
2026-07-18 11:06:50 [INFO] scanner - ✅ Throttle OK [ETH/USDT]: Pode enviar
2026-07-18 11:06:51 [INFO] scanner - 📝 Sinal no ledger: 20260718_110651_392246 - ETH/USDT
2026-07-18 11:06:51 [INFO] scanner - 📨 Alerta enviado | ID Ledger: 20260718_110651_392246
2026-07-18 12:11:52 [INFO] scanner - ============================================================
2026-07-18 12:11:52 [INFO] scanner - 🚀 SCANNER INICIADO
2026-07-18 12:11:52 [INFO] scanner - 📅 Data/Hora: 18/07/2026 12:11:52
2026-07-18 12:11:52 [INFO] scanner - 📂 Log: logs/scanner_2026-07-18.log
2026-07-18 12:11:52 [INFO] scanner - ============================================================
2026-07-18 12:11:52 [INFO] scanner - 📝 PAPER MODE ATIVO - Apenas registro e análise
2026-07-18 12:11:56 [WARNING] root - Bloco de componentes falhou: cannot unpack non-iterable int object
2026-07-18 12:11:56 [INFO] scanner - ✅ Validações OK [BTC/USDT]: Score=8.5, R:R=2.08
2026-07-18 12:11:56 [INFO] scanner - ⏸️  Throttle ativo [BTC/USDT]:
2026-07-18 12:11:56 [INFO] scanner -    ├─ Último alerta há 65.1 minutos
2026-07-18 12:11:56 [INFO] scanner -    ├─ Tempo mínimo: 1800 minutos
2026-07-18 12:11:56 [INFO] scanner -    └─ Próximo permitido em: 1734.9 minutos
2026-07-18 12:11:58 [WARNING] root - Bloco de componentes falhou: cannot unpack non-iterable int object
2026-07-18 12:11:58 [INFO] scanner - ✅ Validações OK [ETH/USDT]: Score=8.5, R:R=2.00
2026-07-18 12:11:58 [INFO] scanner - ⏸️  Throttle ativo [ETH/USDT]:
2026-07-18 12:11:58 [INFO] scanner -    ├─ Último alerta há 65.1 minutos
2026-07-18 12:11:58 [INFO] scanner -    ├─ Tempo mínimo: 1800 minutos
2026-07-18 12:11:58 [INFO] scanner -    └─ Próximo permitido em: 1734.9 minutos
2026-07-18 12:11:58 [WARNING] root - Bloco de componentes falhou: cannot unpack non-iterable int object
2026-07-18 12:11:58 [INFO] scanner - ✅ Validações OK [ETH/USDT]: Score=7.0, R:R=2.00
2026-07-18 12:11:58 [INFO] scanner - ⏸️  Throttle ativo [ETH/USDT]:
2026-07-18 12:11:58 [INFO] scanner -    ├─ Último alerta há 65.1 minutos
2026-07-18 12:11:58 [INFO] scanner -    ├─ Tempo mínimo: 1800 minutos
2026-07-18 12:11:58 [INFO] scanner -    └─ Próximo permitido em: 1734.9 minutos
2026-07-18 13:09:35 [INFO] scanner - ============================================================
2026-07-18 13:09:35 [INFO] scanner - 🚀 SCANNER INICIADO
2026-07-18 13:09:35 [INFO] scanner - 📅 Data/Hora: 18/07/2026 13:09:35
2026-07-18 13:09:35 [INFO] scanner - 📂 Log: logs/scanner_2026-07-18.log
2026-07-18 13:09:35 [INFO] scanner - ============================================================
2026-07-18 13:09:35 [INFO] scanner - 📝 PAPER MODE ATIVO - Apenas registro e análise
2026-07-18 14:12:18 [INFO] scanner - ============================================================
2026-07-18 14:12:18 [INFO] scanner - 🚀 SCANNER INICIADO
2026-07-18 14:12:18 [INFO] scanner - 📅 Data/Hora: 18/07/2026 14:12:18
2026-07-18 14:12:18 [INFO] scanner - 📂 Log: logs/scanner_2026-07-18.log
2026-07-18 14:12:18 [INFO] scanner - ============================================================
2026-07-18 14:12:18 [INFO] scanner - 📝 PAPER MODE ATIVO - Apenas registro e análise
2026-07-18 15:07:01 [INFO] scanner - ============================================================
2026-07-18 15:07:01 [INFO] scanner - 🚀 SCANNER INICIADO
2026-07-18 15:07:01 [INFO] scanner - 📅 Data/Hora: 18/07/2026 15:07:01
2026-07-18 15:07:01 [INFO] scanner - 📂 Log: logs/scanner_2026-07-18.log
2026-07-18 15:07:01 [INFO] scanner - ============================================================
2026-07-18 15:07:01 [INFO] scanner - 📝 PAPER MODE ATIVO - Apenas registro e análise
2026-07-18 15:07:05 [WARNING] root - Bloco de componentes falhou: cannot unpack non-iterable int object
2026-07-18 15:07:05 [INFO] scanner - ✅ Validações OK [BTC/USDT]: Score=8.5, R:R=2.08
2026-07-18 15:07:05 [INFO] scanner - ⏸️  Throttle ativo [BTC/USDT]:
2026-07-18 15:07:05 [INFO] scanner -    ├─ Último alerta há 240.3 minutos
2026-07-18 15:07:05 [INFO] scanner -    ├─ Tempo mínimo: 1800 minutos
2026-07-18 15:07:05 [INFO] scanner -    └─ Próximo permitido em: 1559.7 minutos
2026-07-18 15:07:07 [WARNING] root - Bloco de componentes falhou: cannot unpack non-iterable int object
2026-07-18 15:07:07 [INFO] scanner - ✅ Validações OK [ETH/USDT]: Score=8.5, R:R=2.00
2026-07-18 15:07:07 [INFO] scanner - ⏸️  Throttle ativo [ETH/USDT]:
2026-07-18 15:07:07 [INFO] scanner -    ├─ Último alerta há 240.3 minutos
2026-07-18 15:07:07 [INFO] scanner -    ├─ Tempo mínimo: 1800 minutos
2026-07-18 15:07:07 [INFO] scanner -    └─ Próximo permitido em: 1559.7 minutos
2026-07-18 16:22:15 [INFO] scanner - ============================================================
2026-07-18 16:22:15 [INFO] scanner - 🚀 SCANNER INICIADO
2026-07-18 16:22:15 [INFO] scanner - 📅 Data/Hora: 18/07/2026 16:22:15
2026-07-18 16:22:15 [INFO] scanner - 📂 Log: logs/scanner_2026-07-18.log
2026-07-18 16:22:15 [INFO] scanner - ============================================================
2026-07-18 16:22:15 [INFO] scanner - 📝 PAPER MODE ATIVO - Apenas registro e análise
2026-07-18 16:22:18 [WARNING] root - Bloco de componentes falhou: cannot unpack non-iterable int object
2026-07-18 16:22:18 [INFO] scanner - ✅ Validações OK [BTC/USDT]: Score=7.0, R:R=2.08
2026-07-18 16:22:18 [INFO] scanner - ⏸️  Throttle ativo [BTC/USDT]:
2026-07-18 16:22:18 [INFO] scanner -    ├─ Último alerta há 315.5 minutos
2026-07-18 16:22:18 [INFO] scanner -    ├─ Tempo mínimo: 1800 minutos
2026-07-18 16:22:18 [INFO] scanner -    └─ Próximo permitido em: 1484.5 minutos
2026-07-18 16:22:20 [WARNING] root - Bloco de componentes falhou: cannot unpack non-iterable int object
2026-07-18 16:22:20 [INFO] scanner - ✅ Validações OK [ETH/USDT]: Score=7.0, R:R=2.00
2026-07-18 16:22:20 [INFO] scanner - ⏸️  Throttle ativo [ETH/USDT]:
2026-07-18 16:22:20 [INFO] scanner -    ├─ Último alerta há 315.5 minutos
2026-07-18 16:22:20 [INFO] scanner -    ├─ Tempo mínimo: 1800 minutos
2026-07-18 16:22:20 [INFO] scanner -    └─ Próximo permitido em: 1484.5 minutos
2026-07-18 17:10:50 [INFO] scanner - ============================================================
2026-07-18 17:10:50 [INFO] scanner - 🚀 SCANNER INICIADO
2026-07-18 17:10:50 [INFO] scanner - 📅 Data/Hora: 18/07/2026 17:10:50
2026-07-18 17:10:50 [INFO] scanner - 📂 Log: logs/scanner_2026-07-18.log
2026-07-18 17:10:50 [INFO] scanner - ============================================================
2026-07-18 17:10:50 [INFO] scanner - 📝 PAPER MODE ATIVO - Apenas registro e análise
2026-07-18 17:10:54 [WARNING] root - Bloco de componentes falhou: cannot unpack non-iterable int object
2026-07-18 17:10:54 [INFO] scanner - ✅ Validações OK [BTC/USDT]: Score=7.0, R:R=2.08
2026-07-18 17:10:54 [INFO] scanner - ⏸️  Throttle ativo [BTC/USDT]:
2026-07-18 17:10:54 [INFO] scanner -    ├─ Último alerta há 364.1 minutos
2026-07-18 17:10:54 [INFO] scanner -    ├─ Tempo mínimo: 1800 minutos
2026-07-18 17:10:54 [INFO] scanner -    └─ Próximo permitido em: 1435.9 minutos
2026-07-18 17:10:56 [WARNING] root - Bloco de componentes falhou: cannot unpack non-iterable int object
2026-07-18 17:10:56 [INFO] scanner - ✅ Validações OK [ETH/USDT]: Score=7.0, R:R=2.00
2026-07-18 17:10:56 [INFO] scanner - ⏸️  Throttle ativo [ETH/USDT]:
2026-07-18 17:10:56 [INFO] scanner -    ├─ Último alerta há 364.1 minutos
2026-07-18 17:10:56 [INFO] scanner -    ├─ Tempo mínimo: 1800 minutos
2026-07-18 17:10:56 [INFO] scanner -    └─ Próximo permitido em: 1435.9 minutos
2026-07-18 18:04:00 [INFO] scanner - ============================================================
2026-07-18 18:04:00 [INFO] scanner - 🚀 SCANNER INICIADO
2026-07-18 18:04:00 [INFO] scanner - 📅 Data/Hora: 18/07/2026 18:04:00
2026-07-18 18:04:00 [INFO] scanner - 📂 Log: logs/scanner_2026-07-18.log
2026-07-18 18:04:00 [INFO] scanner - ============================================================
2026-07-18 18:04:00 [INFO] scanner - 📝 PAPER MODE ATIVO - Apenas registro e análise
2026-07-18 18:04:03 [WARNING] root - Bloco de componentes falhou: cannot unpack non-iterable int object
2026-07-18 18:04:03 [INFO] scanner - ✅ Validações OK [BTC/USDT]: Score=7.0, R:R=2.08
2026-07-18 18:04:03 [INFO] scanner - ⏸️  Throttle ativo [BTC/USDT]:
2026-07-18 18:04:03 [INFO] scanner -    ├─ Último alerta há 417.3 minutos
2026-07-18 18:04:03 [INFO] scanner -    ├─ Tempo mínimo: 1800 minutos
2026-07-18 18:04:03 [INFO] scanner -    └─ Próximo permitido em: 1382.7 minutos
2026-07-18 18:04:03 [WARNING] root - Bloco de componentes falhou: cannot unpack non-iterable int object
2026-07-18 18:04:03 [INFO] scanner - ✅ Validações OK [BTC/USDT]: Score=7.0, R:R=2.08
2026-07-18 18:04:03 [INFO] scanner - ⏸️  Throttle ativo [BTC/USDT]:
2026-07-18 18:04:03 [INFO] scanner -    ├─ Último alerta há 417.3 minutos
2026-07-18 18:04:03 [INFO] scanner -    ├─ Tempo mínimo: 1800 minutos
2026-07-18 18:04:03 [INFO] scanner -    └─ Próximo permitido em: 1382.7 minutos
2026-07-18 18:04:06 [WARNING] root - Bloco de componentes falhou: cannot unpack non-iterable int object
2026-07-18 18:04:06 [INFO] scanner - ✅ Validações OK [ETH/USDT]: Score=7.0, R:R=2.00
2026-07-18 18:04:06 [INFO] scanner - ⏸️  Throttle ativo [ETH/USDT]:
2026-07-18 18:04:06 [INFO] scanner -    ├─ Último alerta há 417.3 minutos
2026-07-18 18:04:06 [INFO] scanner -    ├─ Tempo mínimo: 1800 minutos
2026-07-18 18:04:06 [INFO] scanner -    └─ Próximo permitido em: 1382.7 minutos
2026-07-18 18:04:06 [WARNING] root - Bloco de componentes falhou: cannot unpack non-iterable int object
2026-07-18 18:04:06 [INFO] scanner - ✅ Validações OK [ETH/USDT]: Score=7.0, R:R=2.00
2026-07-18 18:04:06 [INFO] scanner - ⏸️  Throttle ativo [ETH/USDT]:
2026-07-18 18:04:06 [INFO] scanner -    ├─ Último alerta há 417.3 minutos
2026-07-18 18:04:06 [INFO] scanner -    ├─ Tempo mínimo: 1800 minutos
2026-07-18 18:04:06 [INFO] scanner -    └─ Próximo permitido em: 1382.7 minutos
2026-07-18 19:05:17 [INFO] scanner - ============================================================
2026-07-18 19:05:17 [INFO] scanner - 🚀 SCANNER INICIADO
2026-07-18 19:05:17 [INFO] scanner - 📅 Data/Hora: 18/07/2026 19:05:17
2026-07-18 19:05:17 [INFO] scanner - 📂 Log: logs/scanner_2026-07-18.log
2026-07-18 19:05:17 [INFO] scanner - ============================================================
2026-07-18 19:05:17 [INFO] scanner - 📝 PAPER MODE ATIVO - Apenas registro e análise
2026-07-18 19:05:21 [WARNING] root - Bloco de componentes falhou: cannot unpack non-iterable int object
2026-07-18 19:05:21 [INFO] scanner - ✅ Validações OK [BTC/USDT]: Score=7.0, R:R=2.08
2026-07-18 19:05:21 [INFO] scanner - ⏸️  Throttle ativo [BTC/USDT]:
2026-07-18 19:05:21 [INFO] scanner -    ├─ Último alerta há 478.6 minutos
2026-07-18 19:05:21 [INFO] scanner -    ├─ Tempo mínimo: 1800 minutos
2026-07-18 19:05:21 [INFO] scanner -    └─ Próximo permitido em: 1321.4 minutos
2026-07-18 19:05:22 [WARNING] root - Bloco de componentes falhou: cannot unpack non-iterable int object
2026-07-18 19:05:22 [INFO] scanner - ✅ Validações OK [BTC/USDT]: Score=7.0, R:R=2.08
2026-07-18 19:05:22 [INFO] scanner - ⏸️  Throttle ativo [BTC/USDT]:
2026-07-18 19:05:22 [INFO] scanner -    ├─ Último alerta há 478.6 minutos
2026-07-18 19:05:22 [INFO] scanner -    ├─ Tempo mínimo: 1800 minutos
2026-07-18 19:05:22 [INFO] scanner -    └─ Próximo permitido em: 1321.4 minutos
2026-07-18 19:05:24 [WARNING] root - Bloco de componentes falhou: cannot unpack non-iterable int object
2026-07-18 19:05:24 [INFO] scanner - ✅ Validações OK [ETH/USDT]: Score=7.0, R:R=2.00
2026-07-18 19:05:24 [INFO] scanner - ⏸️  Throttle ativo [ETH/USDT]:
2026-07-18 19:05:24 [INFO] scanner -    ├─ Último alerta há 478.6 minutos
2026-07-18 19:05:24 [INFO] scanner -    ├─ Tempo mínimo: 1800 minutos
2026-07-18 19:05:24 [INFO] scanner -    └─ Próximo permitido em: 1321.4 minutos
2026-07-18 19:05:24 [WARNING] root - Bloco de componentes falhou: cannot unpack non-iterable int object
2026-07-18 19:05:24 [INFO] scanner - ✅ Validações OK [ETH/USDT]: Score=7.0, R:R=2.00
2026-07-18 19:05:24 [INFO] scanner - ⏸️  Throttle ativo [ETH/USDT]:
2026-07-18 19:05:24 [INFO] scanner -    ├─ Último alerta há 478.6 minutos
2026-07-18 19:05:24 [INFO] scanner -    ├─ Tempo mínimo: 1800 minutos
2026-07-18 19:05:24 [INFO] scanner -    └─ Próximo permitido em: 1321.4 minutos
2026-07-18 20:07:26 [INFO] scanner - ============================================================
2026-07-18 20:07:26 [INFO] scanner - 🚀 SCANNER INICIADO
2026-07-18 20:07:26 [INFO] scanner - 📅 Data/Hora: 18/07/2026 20:07:26
2026-07-18 20:07:26 [INFO] scanner - 📂 Log: logs/scanner_2026-07-18.log
2026-07-18 20:07:26 [INFO] scanner - ============================================================
2026-07-18 20:07:26 [INFO] scanner - 📝 PAPER MODE ATIVO - Apenas registro e análise
2026-07-18 20:07:30 [WARNING] root - Bloco de componentes falhou: cannot unpack non-iterable int object
2026-07-18 20:07:30 [INFO] scanner - ✅ Validações OK [BTC/USDT]: Score=7.0, R:R=2.08
2026-07-18 20:07:30 [INFO] scanner - ⏸️  Throttle ativo [BTC/USDT]:
2026-07-18 20:07:30 [INFO] scanner -    ├─ Último alerta há 540.7 minutos
2026-07-18 20:07:30 [INFO] scanner -    ├─ Tempo mínimo: 1800 minutos
2026-07-18 20:07:30 [INFO] scanner -    └─ Próximo permitido em: 1259.3 minutos
2026-07-18 20:07:30 [WARNING] root - Bloco de componentes falhou: cannot unpack non-iterable int object
2026-07-18 20:07:30 [INFO] scanner - ✅ Validações OK [BTC/USDT]: Score=7.0, R:R=2.08
2026-07-18 20:07:30 [INFO] scanner - ⏸️  Throttle ativo [BTC/USDT]:
2026-07-18 20:07:30 [INFO] scanner -    ├─ Último alerta há 540.7 minutos
2026-07-18 20:07:30 [INFO] scanner -    ├─ Tempo mínimo: 1800 minutos
2026-07-18 20:07:30 [INFO] scanner -    └─ Próximo permitido em: 1259.3 minutos
2026-07-18 20:07:32 [WARNING] root - Bloco de componentes falhou: cannot unpack non-iterable int object
2026-07-18 20:07:32 [INFO] scanner - ✅ Validações OK [ETH/USDT]: Score=7.0, R:R=2.00
2026-07-18 20:07:32 [INFO] scanner - ⏸️  Throttle ativo [ETH/USDT]:
2026-07-18 20:07:32 [INFO] scanner -    ├─ Último alerta há 540.7 minutos
2026-07-18 20:07:32 [INFO] scanner -    ├─ Tempo mínimo: 1800 minutos
2026-07-18 20:07:32 [INFO] scanner -    └─ Próximo permitido em: 1259.3 minutos
2026-07-18 20:07:32 [WARNING] root - Bloco de componentes falhou: cannot unpack non-iterable int object
2026-07-18 20:07:32 [INFO] scanner - ✅ Validações OK [ETH/USDT]: Score=7.0, R:R=2.00
2026-07-18 20:07:32 [INFO] scanner - ⏸️  Throttle ativo [ETH/USDT]:
2026-07-18 20:07:32 [INFO] scanner -    ├─ Último alerta há 540.7 minutos
2026-07-18 20:07:32 [INFO] scanner -    ├─ Tempo mínimo: 1800 minutos
2026-07-18 20:07:32 [INFO] scanner -    └─ Próximo permitido em: 1259.3 minutos
2026-07-18 21:07:10 [INFO] scanner - ============================================================
2026-07-18 21:07:10 [INFO] scanner - 🚀 SCANNER INICIADO
2026-07-18 21:07:10 [INFO] scanner - 📅 Data/Hora: 18/07/2026 21:07:10
2026-07-18 21:07:10 [INFO] scanner - 📂 Log: logs/scanner_2026-07-18.log
2026-07-18 21:07:10 [INFO] scanner - ============================================================
2026-07-18 21:07:10 [INFO] scanner - 📝 PAPER MODE ATIVO - Apenas registro e análise
2026-07-18 21:07:13 [WARNING] root - Bloco de componentes falhou: cannot unpack non-iterable int object
2026-07-18 21:07:13 [INFO] scanner - ✅ Validações OK [BTC/USDT]: Score=7.0, R:R=2.08
2026-07-18 21:07:13 [INFO] scanner - ⏸️  Throttle ativo [BTC/USDT]:
2026-07-18 21:07:13 [INFO] scanner -    ├─ Último alerta há 600.4 minutos
2026-07-18 21:07:13 [INFO] scanner -    ├─ Tempo mínimo: 1800 minutos
2026-07-18 21:07:13 [INFO] scanner -    └─ Próximo permitido em: 1199.6 minutos
2026-07-18 21:07:14 [WARNING] root - Bloco de componentes falhou: cannot unpack non-iterable int object
2026-07-18 21:07:14 [INFO] scanner - ✅ Validações OK [BTC/USDT]: Score=7.0, R:R=2.08
2026-07-18 21:07:14 [INFO] scanner - ⏸️  Throttle ativo [BTC/USDT]:
2026-07-18 21:07:14 [INFO] scanner -    ├─ Último alerta há 600.4 minutos
2026-07-18 21:07:14 [INFO] scanner -    ├─ Tempo mínimo: 1800 minutos
2026-07-18 21:07:14 [INFO] scanner -    └─ Próximo permitido em: 1199.6 minutos
2026-07-18 21:07:16 [WARNING] root - Bloco de componentes falhou: cannot unpack non-iterable int object
2026-07-18 21:07:16 [INFO] scanner - ✅ Validações OK [ETH/USDT]: Score=7.0, R:R=2.00
2026-07-18 21:07:16 [INFO] scanner - ⏸️  Throttle ativo [ETH/USDT]:
2026-07-18 21:07:16 [INFO] scanner -    ├─ Último alerta há 600.4 minutos
2026-07-18 21:07:16 [INFO] scanner -    ├─ Tempo mínimo: 1800 minutos
2026-07-18 21:07:16 [INFO] scanner -    └─ Próximo permitido em: 1199.6 minutos
