2026-05-26 06:37:24 [INFO] scanner - ============================================================
2026-05-26 06:37:24 [INFO] scanner - 🚀 SCANNER INICIADO
2026-05-26 06:37:24 [INFO] scanner - 📅 Data/Hora: 26/05/2026 06:37:24
2026-05-26 06:37:24 [INFO] scanner - 📂 Log: logs/scanner_2026-05-26.log
2026-05-26 06:37:24 [INFO] scanner - ============================================================
2026-05-26 06:37:24 [INFO] scanner - 📝 PAPER MODE ATIVO - Apenas registro e análise
2026-05-26 13:24:10 [INFO] scanner - ============================================================
2026-05-26 13:24:10 [INFO] scanner - 🚀 SCANNER INICIADO
2026-05-26 13:24:10 [INFO] scanner - 📅 Data/Hora: 26/05/2026 13:24:10
2026-05-26 13:24:10 [INFO] scanner - 📂 Log: logs/scanner_2026-05-26.log
2026-05-26 13:24:10 [INFO] scanner - ============================================================
2026-05-26 13:24:10 [INFO] scanner - 📝 PAPER MODE ATIVO - Apenas registro e análise
2026-05-26 13:24:15 [WARNING] root - Bloco de componentes falhou: cannot unpack non-iterable int object
2026-05-26 13:24:15 [INFO] scanner - ✅ Validações OK [ETH/USDT]: Score=7.3, R:R=2.00
2026-05-26 13:24:15 [INFO] scanner - ⏸️  Throttle ativo [ETH/USDT]:
2026-05-26 13:24:15 [INFO] scanner -    ├─ Último alerta há 1478.2 minutos
2026-05-26 13:24:15 [INFO] scanner -    ├─ Tempo mínimo: 1800 minutos
2026-05-26 13:24:15 [INFO] scanner -    └─ Próximo permitido em: 321.8 minutos
2026-05-26 15:39:53 [INFO] scanner - ============================================================
2026-05-26 15:39:53 [INFO] scanner - 🚀 SCANNER INICIADO
2026-05-26 15:39:53 [INFO] scanner - 📅 Data/Hora: 26/05/2026 15:39:53
2026-05-26 15:39:53 [INFO] scanner - 📂 Log: logs/scanner_2026-05-26.log
2026-05-26 15:39:53 [INFO] scanner - ============================================================
2026-05-26 15:39:53 [INFO] scanner - 📝 PAPER MODE ATIVO - Apenas registro e análise
