2026-04-12 04:04:37 [INFO] scanner - ============================================================
2026-04-12 04:04:37 [INFO] scanner - 🚀 SCANNER INICIADO
2026-04-12 04:04:37 [INFO] scanner - 📅 Data/Hora: 12/04/2026 04:04:37
2026-04-12 04:04:37 [INFO] scanner - 📂 Log: logs/scanner_2026-04-12.log
2026-04-12 04:04:37 [INFO] scanner - ============================================================
2026-04-12 04:04:37 [INFO] scanner - 📝 PAPER MODE ATIVO - Apenas registro e análise
2026-04-12 04:04:40 [WARNING] root - Bloco de componentes falhou: cannot unpack non-iterable int object
2026-04-12 04:04:40 [INFO] scanner - ✅ Validações OK [BTC/USDT]: Score=7.3, R:R=2.08
2026-04-12 04:04:40 [INFO] scanner - ⏸️  Throttle ativo [BTC/USDT]:
2026-04-12 04:04:40 [INFO] scanner -    ├─ Último alerta há 1452.4 minutos
2026-04-12 04:04:40 [INFO] scanner -    ├─ Tempo mínimo: 1800 minutos
2026-04-12 04:04:40 [INFO] scanner -    └─ Próximo permitido em: 347.6 minutos
2026-04-12 04:04:43 [WARNING] root - Bloco de componentes falhou: cannot unpack non-iterable int object
2026-04-12 04:04:43 [INFO] scanner - ✅ Validações OK [ETH/USDT]: Score=7.3, R:R=2.00
2026-04-12 04:04:43 [INFO] scanner - ⏸️  Throttle ativo [ETH/USDT]:
2026-04-12 04:04:43 [INFO] scanner -    ├─ Último alerta há 1452.4 minutos
2026-04-12 04:04:43 [INFO] scanner -    ├─ Tempo mínimo: 1800 minutos
2026-04-12 04:04:43 [INFO] scanner -    └─ Próximo permitido em: 347.6 minutos
2026-04-12 05:08:22 [INFO] scanner - ============================================================
2026-04-12 05:08:22 [INFO] scanner - 🚀 SCANNER INICIADO
2026-04-12 05:08:22 [INFO] scanner - 📅 Data/Hora: 12/04/2026 05:08:22
2026-04-12 05:08:22 [INFO] scanner - 📂 Log: logs/scanner_2026-04-12.log
2026-04-12 05:08:22 [INFO] scanner - ============================================================
2026-04-12 05:08:22 [INFO] scanner - 📝 PAPER MODE ATIVO - Apenas registro e análise
2026-04-12 05:08:27 [WARNING] root - Bloco de componentes falhou: cannot unpack non-iterable int object
2026-04-12 05:08:27 [INFO] scanner - ✅ Validações OK [ETH/USDT]: Score=7.3, R:R=2.00
2026-04-12 05:08:27 [INFO] scanner - ⏸️  Throttle ativo [ETH/USDT]:
2026-04-12 05:08:27 [INFO] scanner -    ├─ Último alerta há 1516.1 minutos
2026-04-12 05:08:27 [INFO] scanner -    ├─ Tempo mínimo: 1800 minutos
2026-04-12 05:08:27 [INFO] scanner -    └─ Próximo permitido em: 283.9 minutos
