2026-04-05 03:56:00 [INFO] scanner - ============================================================
2026-04-05 03:56:00 [INFO] scanner - 🚀 SCANNER INICIADO
2026-04-05 03:56:00 [INFO] scanner - 📅 Data/Hora: 05/04/2026 03:56:00
2026-04-05 03:56:00 [INFO] scanner - 📂 Log: logs/scanner_2026-04-05.log
2026-04-05 03:56:00 [INFO] scanner - ============================================================
2026-04-05 03:56:00 [INFO] scanner - 📝 PAPER MODE ATIVO - Apenas registro e análise
2026-04-05 03:56:06 [WARNING] root - Bloco de componentes falhou: cannot unpack non-iterable int object
2026-04-05 03:56:06 [INFO] scanner - ✅ Validações OK [ETH/USDT]: Score=7.0, R:R=2.00
2026-04-05 03:56:06 [INFO] scanner - ⏸️  Throttle ativo [ETH/USDT]:
2026-04-05 03:56:06 [INFO] scanner -    ├─ Último alerta há 958.6 minutos
2026-04-05 03:56:06 [INFO] scanner -    ├─ Tempo mínimo: 1800 minutos
2026-04-05 03:56:06 [INFO] scanner -    └─ Próximo permitido em: 841.4 minutos
2026-04-05 04:52:08 [INFO] scanner - ============================================================
2026-04-05 04:52:08 [INFO] scanner - 🚀 SCANNER INICIADO
2026-04-05 04:52:08 [INFO] scanner - 📅 Data/Hora: 05/04/2026 04:52:08
2026-04-05 04:52:08 [INFO] scanner - 📂 Log: logs/scanner_2026-04-05.log
2026-04-05 04:52:08 [INFO] scanner - ============================================================
2026-04-05 04:52:08 [INFO] scanner - 📝 PAPER MODE ATIVO - Apenas registro e análise
2026-04-05 05:34:36 [INFO] scanner - ============================================================
2026-04-05 05:34:36 [INFO] scanner - 🚀 SCANNER INICIADO
2026-04-05 05:34:36 [INFO] scanner - 📅 Data/Hora: 05/04/2026 05:34:36
2026-04-05 05:34:36 [INFO] scanner - 📂 Log: logs/scanner_2026-04-05.log
2026-04-05 05:34:36 [INFO] scanner - ============================================================
2026-04-05 05:34:36 [INFO] scanner - 📝 PAPER MODE ATIVO - Apenas registro e análise
2026-04-05 06:24:16 [INFO] scanner - ============================================================
2026-04-05 06:24:16 [INFO] scanner - 🚀 SCANNER INICIADO
2026-04-05 06:24:16 [INFO] scanner - 📅 Data/Hora: 05/04/2026 06:24:16
2026-04-05 06:24:16 [INFO] scanner - 📂 Log: logs/scanner_2026-04-05.log
2026-04-05 06:24:16 [INFO] scanner - ============================================================
2026-04-05 06:24:16 [INFO] scanner - 📝 PAPER MODE ATIVO - Apenas registro e análise
2026-04-05 07:01:00 [INFO] scanner - ============================================================
2026-04-05 07:01:00 [INFO] scanner - 🚀 SCANNER INICIADO
2026-04-05 07:01:00 [INFO] scanner - 📅 Data/Hora: 05/04/2026 07:01:00
2026-04-05 07:01:00 [INFO] scanner - 📂 Log: logs/scanner_2026-04-05.log
2026-04-05 07:01:00 [INFO] scanner - ============================================================
2026-04-05 07:01:00 [INFO] scanner - 📝 PAPER MODE ATIVO - Apenas registro e análise
2026-04-05 07:53:56 [INFO] scanner - ============================================================
2026-04-05 07:53:56 [INFO] scanner - 🚀 SCANNER INICIADO
2026-04-05 07:53:56 [INFO] scanner - 📅 Data/Hora: 05/04/2026 07:53:56
2026-04-05 07:53:56 [INFO] scanner - 📂 Log: logs/scanner_2026-04-05.log
2026-04-05 07:53:56 [INFO] scanner - ============================================================
2026-04-05 07:53:56 [INFO] scanner - 📝 PAPER MODE ATIVO - Apenas registro e análise
2026-04-05 08:22:51 [INFO] scanner - ============================================================
2026-04-05 08:22:51 [INFO] scanner - 🚀 SCANNER INICIADO
2026-04-05 08:22:51 [INFO] scanner - 📅 Data/Hora: 05/04/2026 08:22:51
2026-04-05 08:22:51 [INFO] scanner - 📂 Log: logs/scanner_2026-04-05.log
2026-04-05 08:22:51 [INFO] scanner - ============================================================
2026-04-05 08:22:51 [INFO] scanner - 📝 PAPER MODE ATIVO - Apenas registro e análise
2026-04-05 08:50:14 [INFO] scanner - ============================================================
2026-04-05 08:50:14 [INFO] scanner - 🚀 SCANNER INICIADO
2026-04-05 08:50:14 [INFO] scanner - 📅 Data/Hora: 05/04/2026 08:50:14
2026-04-05 08:50:14 [INFO] scanner - 📂 Log: logs/scanner_2026-04-05.log
2026-04-05 08:50:14 [INFO] scanner - ============================================================
2026-04-05 08:50:14 [INFO] scanner - 📝 PAPER MODE ATIVO - Apenas registro e análise
