2026-04-24 04:50:07 [INFO] scanner - ============================================================
2026-04-24 04:50:07 [INFO] scanner - 🚀 SCANNER INICIADO
2026-04-24 04:50:07 [INFO] scanner - 📅 Data/Hora: 24/04/2026 04:50:07
2026-04-24 04:50:07 [INFO] scanner - 📂 Log: logs/scanner_2026-04-24.log
2026-04-24 04:50:07 [INFO] scanner - ============================================================
2026-04-24 04:50:07 [INFO] scanner - 📝 PAPER MODE ATIVO - Apenas registro e análise
2026-04-24 04:50:11 [WARNING] root - Bloco de componentes falhou: cannot unpack non-iterable int object
2026-04-24 04:50:11 [INFO] scanner - ✅ Validações OK [BTC/USDT]: Score=7.3, R:R=2.08
2026-04-24 04:50:11 [INFO] scanner - ⏸️  Throttle ativo [BTC/USDT]:
2026-04-24 04:50:11 [INFO] scanner -    ├─ Último alerta há 989.0 minutos
2026-04-24 04:50:11 [INFO] scanner -    ├─ Tempo mínimo: 1800 minutos
2026-04-24 04:50:11 [INFO] scanner -    └─ Próximo permitido em: 811.0 minutos
2026-04-24 06:23:09 [INFO] scanner - ============================================================
2026-04-24 06:23:09 [INFO] scanner - 🚀 SCANNER INICIADO
2026-04-24 06:23:09 [INFO] scanner - 📅 Data/Hora: 24/04/2026 06:23:09
2026-04-24 06:23:09 [INFO] scanner - 📂 Log: logs/scanner_2026-04-24.log
2026-04-24 06:23:09 [INFO] scanner - ============================================================
2026-04-24 06:23:09 [INFO] scanner - 📝 PAPER MODE ATIVO - Apenas registro e análise
2026-04-24 07:48:53 [INFO] scanner - ============================================================
2026-04-24 07:48:53 [INFO] scanner - 🚀 SCANNER INICIADO
2026-04-24 07:48:53 [INFO] scanner - 📅 Data/Hora: 24/04/2026 07:48:53
2026-04-24 07:48:53 [INFO] scanner - 📂 Log: logs/scanner_2026-04-24.log
2026-04-24 07:48:53 [INFO] scanner - ============================================================
2026-04-24 07:48:53 [INFO] scanner - 📝 PAPER MODE ATIVO - Apenas registro e análise
2026-04-24 08:53:02 [INFO] scanner - ============================================================
2026-04-24 08:53:02 [INFO] scanner - 🚀 SCANNER INICIADO
2026-04-24 08:53:02 [INFO] scanner - 📅 Data/Hora: 24/04/2026 08:53:02
2026-04-24 08:53:02 [INFO] scanner - 📂 Log: logs/scanner_2026-04-24.log
2026-04-24 08:53:02 [INFO] scanner - ============================================================
2026-04-24 08:53:02 [INFO] scanner - 📝 PAPER MODE ATIVO - Apenas registro e análise
2026-04-24 08:53:06 [WARNING] root - Bloco de componentes falhou: cannot unpack non-iterable int object
2026-04-24 08:53:06 [INFO] scanner - ✅ Validações OK [BTC/USDT]: Score=7.3, R:R=2.08
2026-04-24 08:53:06 [INFO] scanner - ⏸️  Throttle ativo [BTC/USDT]:
2026-04-24 08:53:06 [INFO] scanner -    ├─ Último alerta há 1231.9 minutos
2026-04-24 08:53:06 [INFO] scanner -    ├─ Tempo mínimo: 1800 minutos
2026-04-24 08:53:06 [INFO] scanner -    └─ Próximo permitido em: 568.1 minutos
2026-04-24 08:53:06 [WARNING] root - Bloco de componentes falhou: cannot unpack non-iterable int object
2026-04-24 08:53:06 [INFO] scanner - ✅ Validações OK [BTC/USDT]: Score=7.3, R:R=2.08
2026-04-24 08:53:06 [INFO] scanner - ⏸️  Throttle ativo [BTC/USDT]:
2026-04-24 08:53:06 [INFO] scanner -    ├─ Último alerta há 1231.9 minutos
2026-04-24 08:53:06 [INFO] scanner -    ├─ Tempo mínimo: 1800 minutos
2026-04-24 08:53:06 [INFO] scanner -    └─ Próximo permitido em: 568.1 minutos
2026-04-24 08:53:08 [WARNING] root - Bloco de componentes falhou: cannot unpack non-iterable int object
2026-04-24 08:53:08 [INFO] scanner - ✅ Validações OK [ETH/USDT]: Score=7.3, R:R=2.00
2026-04-24 08:53:08 [INFO] scanner - ✅ Throttle OK [ETH/USDT]: Pode enviar
2026-04-24 08:53:09 [INFO] scanner - 📝 Sinal no ledger: 20260424_085309_213074 - ETH/USDT
2026-04-24 08:53:09 [INFO] scanner - 📨 Alerta enviado | ID Ledger: 20260424_085309_213074
