2025-10-26 03:17:44 [INFO] scanner - ============================================================
2025-10-26 03:17:44 [INFO] scanner - 🚀 SCANNER INICIADO
2025-10-26 03:17:44 [INFO] scanner - 📅 Data/Hora: 26/10/2025 03:17:44
2025-10-26 03:17:44 [INFO] scanner - 📂 Log: logs/scanner_2025-10-26.log
2025-10-26 03:17:44 [INFO] scanner - ============================================================
2025-10-26 03:17:44 [INFO] scanner - 📝 PAPER MODE ATIVO - Apenas registro e análise
2025-10-26 03:17:48 [WARNING] root - Bloco de componentes falhou: cannot unpack non-iterable int object
2025-10-26 03:17:48 [INFO] scanner - ✅ Validações OK [BTC/USDT]: Score=7.0, R:R=2.08
2025-10-26 03:17:48 [INFO] scanner - ⏸️  Throttle ativo [BTC/USDT]:
2025-10-26 03:17:48 [INFO] scanner -    ├─ Último alerta há 249.0 minutos
2025-10-26 03:17:48 [INFO] scanner -    ├─ Tempo mínimo: 1800 minutos
2025-10-26 03:17:48 [INFO] scanner -    └─ Próximo permitido em: 1551.0 minutos
2025-10-26 03:45:41 [INFO] scanner - ============================================================
2025-10-26 03:45:41 [INFO] scanner - 🚀 SCANNER INICIADO
2025-10-26 03:45:41 [INFO] scanner - 📅 Data/Hora: 26/10/2025 03:45:41
2025-10-26 03:45:41 [INFO] scanner - 📂 Log: logs/scanner_2025-10-26.log
2025-10-26 03:45:41 [INFO] scanner - ============================================================
2025-10-26 03:45:41 [INFO] scanner - 📝 PAPER MODE ATIVO - Apenas registro e análise
2025-10-26 03:45:44 [WARNING] root - Bloco de componentes falhou: cannot unpack non-iterable int object
2025-10-26 03:45:44 [INFO] scanner - ✅ Validações OK [BTC/USDT]: Score=7.0, R:R=2.08
2025-10-26 03:45:44 [INFO] scanner - ⏸️  Throttle ativo [BTC/USDT]:
2025-10-26 03:45:44 [INFO] scanner -    ├─ Último alerta há 277.0 minutos
2025-10-26 03:45:44 [INFO] scanner -    ├─ Tempo mínimo: 1800 minutos
2025-10-26 03:45:44 [INFO] scanner -    └─ Próximo permitido em: 1523.0 minutos
2025-10-26 04:11:24 [INFO] scanner - ============================================================
2025-10-26 04:11:24 [INFO] scanner - 🚀 SCANNER INICIADO
2025-10-26 04:11:24 [INFO] scanner - 📅 Data/Hora: 26/10/2025 04:11:24
2025-10-26 04:11:24 [INFO] scanner - 📂 Log: logs/scanner_2025-10-26.log
2025-10-26 04:11:24 [INFO] scanner - ============================================================
2025-10-26 04:11:24 [INFO] scanner - 📝 PAPER MODE ATIVO - Apenas registro e análise
2025-10-26 04:11:27 [WARNING] root - Bloco de componentes falhou: cannot unpack non-iterable int object
2025-10-26 04:11:27 [INFO] scanner - ✅ Validações OK [BTC/USDT]: Score=7.0, R:R=2.08
2025-10-26 04:11:27 [INFO] scanner - ⏸️  Throttle ativo [BTC/USDT]:
2025-10-26 04:11:27 [INFO] scanner -    ├─ Último alerta há 302.7 minutos
2025-10-26 04:11:27 [INFO] scanner -    ├─ Tempo mínimo: 1800 minutos
2025-10-26 04:11:27 [INFO] scanner -    └─ Próximo permitido em: 1497.3 minutos
2025-10-26 04:25:56 [INFO] scanner - ============================================================
2025-10-26 04:25:56 [INFO] scanner - 🚀 SCANNER INICIADO
2025-10-26 04:25:56 [INFO] scanner - 📅 Data/Hora: 26/10/2025 04:25:56
2025-10-26 04:25:56 [INFO] scanner - 📂 Log: logs/scanner_2025-10-26.log
2025-10-26 04:25:56 [INFO] scanner - ============================================================
2025-10-26 04:25:56 [INFO] scanner - 📝 PAPER MODE ATIVO - Apenas registro e análise
2025-10-26 04:26:00 [WARNING] root - Bloco de componentes falhou: cannot unpack non-iterable int object
2025-10-26 04:26:00 [INFO] scanner - ✅ Validações OK [BTC/USDT]: Score=7.0, R:R=2.08
2025-10-26 04:26:00 [INFO] scanner - ⏸️  Throttle ativo [BTC/USDT]:
2025-10-26 04:26:00 [INFO] scanner -    ├─ Último alerta há 317.2 minutos
2025-10-26 04:26:00 [INFO] scanner -    ├─ Tempo mínimo: 1800 minutos
2025-10-26 04:26:00 [INFO] scanner -    └─ Próximo permitido em: 1482.8 minutos
2025-10-26 04:34:20 [INFO] scanner - ============================================================
2025-10-26 04:34:20 [INFO] scanner - 🚀 SCANNER INICIADO
2025-10-26 04:34:20 [INFO] scanner - 📅 Data/Hora: 26/10/2025 04:34:20
2025-10-26 04:34:20 [INFO] scanner - 📂 Log: logs/scanner_2025-10-26.log
2025-10-26 04:34:20 [INFO] scanner - ============================================================
2025-10-26 04:34:20 [INFO] scanner - 📝 PAPER MODE ATIVO - Apenas registro e análise
2025-10-26 04:34:23 [WARNING] root - Bloco de componentes falhou: cannot unpack non-iterable int object
2025-10-26 04:34:23 [INFO] scanner - ✅ Validações OK [BTC/USDT]: Score=7.0, R:R=2.08
2025-10-26 04:34:23 [INFO] scanner - ⏸️  Throttle ativo [BTC/USDT]:
2025-10-26 04:34:23 [INFO] scanner -    ├─ Último alerta há 325.6 minutos
2025-10-26 04:34:23 [INFO] scanner -    ├─ Tempo mínimo: 1800 minutos
2025-10-26 04:34:23 [INFO] scanner -    └─ Próximo permitido em: 1474.4 minutos
2025-10-26 04:48:28 [INFO] scanner - ============================================================
2025-10-26 04:48:28 [INFO] scanner - 🚀 SCANNER INICIADO
2025-10-26 04:48:28 [INFO] scanner - 📅 Data/Hora: 26/10/2025 04:48:28
2025-10-26 04:48:28 [INFO] scanner - 📂 Log: logs/scanner_2025-10-26.log
2025-10-26 04:48:28 [INFO] scanner - ============================================================
2025-10-26 04:48:28 [INFO] scanner - 📝 PAPER MODE ATIVO - Apenas registro e análise
2025-10-26 04:48:31 [WARNING] root - Bloco de componentes falhou: cannot unpack non-iterable int object
2025-10-26 04:48:31 [INFO] scanner - ✅ Validações OK [BTC/USDT]: Score=7.0, R:R=2.08
2025-10-26 04:48:31 [INFO] scanner - ⏸️  Throttle ativo [BTC/USDT]:
2025-10-26 04:48:31 [INFO] scanner -    ├─ Último alerta há 339.7 minutos
2025-10-26 04:48:31 [INFO] scanner -    ├─ Tempo mínimo: 1800 minutos
2025-10-26 04:48:31 [INFO] scanner -    └─ Próximo permitido em: 1460.3 minutos
2025-10-26 05:15:30 [INFO] scanner - ============================================================
2025-10-26 05:15:30 [INFO] scanner - 🚀 SCANNER INICIADO
2025-10-26 05:15:30 [INFO] scanner - 📅 Data/Hora: 26/10/2025 05:15:30
2025-10-26 05:15:30 [INFO] scanner - 📂 Log: logs/scanner_2025-10-26.log
2025-10-26 05:15:30 [INFO] scanner - ============================================================
2025-10-26 05:15:30 [INFO] scanner - 📝 PAPER MODE ATIVO - Apenas registro e análise
2025-10-26 05:15:34 [WARNING] root - Bloco de componentes falhou: cannot unpack non-iterable int object
2025-10-26 05:15:34 [INFO] scanner - ✅ Validações OK [BTC/USDT]: Score=7.0, R:R=2.08
2025-10-26 05:15:34 [INFO] scanner - ⏸️  Throttle ativo [BTC/USDT]:
2025-10-26 05:15:34 [INFO] scanner -    ├─ Último alerta há 366.8 minutos
2025-10-26 05:15:34 [INFO] scanner -    ├─ Tempo mínimo: 1800 minutos
2025-10-26 05:15:34 [INFO] scanner -    └─ Próximo permitido em: 1433.2 minutos
2025-10-26 05:35:29 [INFO] scanner - ============================================================
2025-10-26 05:35:29 [INFO] scanner - 🚀 SCANNER INICIADO
2025-10-26 05:35:29 [INFO] scanner - 📅 Data/Hora: 26/10/2025 05:35:29
2025-10-26 05:35:29 [INFO] scanner - 📂 Log: logs/scanner_2025-10-26.log
2025-10-26 05:35:29 [INFO] scanner - ============================================================
2025-10-26 05:35:29 [INFO] scanner - 📝 PAPER MODE ATIVO - Apenas registro e análise
2025-10-26 05:35:32 [WARNING] root - Bloco de componentes falhou: cannot unpack non-iterable int object
2025-10-26 05:35:32 [INFO] scanner - ✅ Validações OK [BTC/USDT]: Score=7.0, R:R=2.08
2025-10-26 05:35:32 [INFO] scanner - ⏸️  Throttle ativo [BTC/USDT]:
2025-10-26 05:35:32 [INFO] scanner -    ├─ Último alerta há 386.8 minutos
2025-10-26 05:35:32 [INFO] scanner -    ├─ Tempo mínimo: 1800 minutos
2025-10-26 05:35:32 [INFO] scanner -    └─ Próximo permitido em: 1413.2 minutos
2025-10-26 05:49:44 [INFO] scanner - ============================================================
2025-10-26 05:49:44 [INFO] scanner - 🚀 SCANNER INICIADO
2025-10-26 05:49:44 [INFO] scanner - 📅 Data/Hora: 26/10/2025 05:49:44
2025-10-26 05:49:44 [INFO] scanner - 📂 Log: logs/scanner_2025-10-26.log
2025-10-26 05:49:44 [INFO] scanner - ============================================================
2025-10-26 05:49:44 [INFO] scanner - 📝 PAPER MODE ATIVO - Apenas registro e análise
2025-10-26 05:49:47 [WARNING] root - Bloco de componentes falhou: cannot unpack non-iterable int object
2025-10-26 05:49:47 [INFO] scanner - ✅ Validações OK [BTC/USDT]: Score=7.0, R:R=2.08
2025-10-26 05:49:47 [INFO] scanner - ⏸️  Throttle ativo [BTC/USDT]:
2025-10-26 05:49:47 [INFO] scanner -    ├─ Último alerta há 401.0 minutos
2025-10-26 05:49:47 [INFO] scanner -    ├─ Tempo mínimo: 1800 minutos
2025-10-26 05:49:47 [INFO] scanner -    └─ Próximo permitido em: 1399.0 minutos
2025-10-26 06:11:41 [INFO] scanner - ============================================================
2025-10-26 06:11:41 [INFO] scanner - 🚀 SCANNER INICIADO
2025-10-26 06:11:41 [INFO] scanner - 📅 Data/Hora: 26/10/2025 06:11:41
2025-10-26 06:11:41 [INFO] scanner - 📂 Log: logs/scanner_2025-10-26.log
2025-10-26 06:11:41 [INFO] scanner - ============================================================
2025-10-26 06:11:41 [INFO] scanner - 📝 PAPER MODE ATIVO - Apenas registro e análise
2025-10-26 06:11:45 [WARNING] root - Bloco de componentes falhou: cannot unpack non-iterable int object
2025-10-26 06:11:45 [INFO] scanner - ✅ Validações OK [BTC/USDT]: Score=7.0, R:R=2.08
2025-10-26 06:11:45 [INFO] scanner - ⏸️  Throttle ativo [BTC/USDT]:
2025-10-26 06:11:45 [INFO] scanner -    ├─ Último alerta há 423.0 minutos
2025-10-26 06:11:45 [INFO] scanner -    ├─ Tempo mínimo: 1800 minutos
2025-10-26 06:11:45 [INFO] scanner -    └─ Próximo permitido em: 1377.0 minutos
2025-10-26 06:27:41 [INFO] scanner - ============================================================
2025-10-26 06:27:41 [INFO] scanner - 🚀 SCANNER INICIADO
2025-10-26 06:27:41 [INFO] scanner - 📅 Data/Hora: 26/10/2025 06:27:41
2025-10-26 06:27:41 [INFO] scanner - 📂 Log: logs/scanner_2025-10-26.log
2025-10-26 06:27:41 [INFO] scanner - ============================================================
2025-10-26 06:27:41 [INFO] scanner - 📝 PAPER MODE ATIVO - Apenas registro e análise
2025-10-26 06:27:44 [WARNING] root - Bloco de componentes falhou: cannot unpack non-iterable int object
2025-10-26 06:27:44 [INFO] scanner - ✅ Validações OK [BTC/USDT]: Score=7.5, R:R=2.08
2025-10-26 06:27:44 [INFO] scanner - ⏸️  Throttle ativo [BTC/USDT]:
2025-10-26 06:27:44 [INFO] scanner -    ├─ Último alerta há 439.0 minutos
2025-10-26 06:27:44 [INFO] scanner -    ├─ Tempo mínimo: 1800 minutos
2025-10-26 06:27:44 [INFO] scanner -    └─ Próximo permitido em: 1361.0 minutos
2025-10-26 06:27:45 [WARNING] root - Bloco de componentes falhou: cannot unpack non-iterable int object
2025-10-26 06:27:45 [INFO] scanner - ✅ Validações OK [BTC/USDT]: Score=7.5, R:R=2.08
2025-10-26 06:27:45 [INFO] scanner - ⏸️  Throttle ativo [BTC/USDT]:
2025-10-26 06:27:45 [INFO] scanner -    ├─ Último alerta há 439.0 minutos
2025-10-26 06:27:45 [INFO] scanner -    ├─ Tempo mínimo: 1800 minutos
2025-10-26 06:27:45 [INFO] scanner -    └─ Próximo permitido em: 1361.0 minutos
2025-10-26 06:27:47 [WARNING] root - Bloco de componentes falhou: cannot unpack non-iterable int object
2025-10-26 06:27:47 [INFO] scanner - ✅ Validações OK [ETH/USDT]: Score=7.0, R:R=2.00
2025-10-26 06:27:47 [INFO] scanner - ⏸️  Throttle ativo [ETH/USDT]:
2025-10-26 06:27:47 [INFO] scanner -    ├─ Último alerta há 439.0 minutos
2025-10-26 06:27:47 [INFO] scanner -    ├─ Tempo mínimo: 1800 minutos
2025-10-26 06:27:47 [INFO] scanner -    └─ Próximo permitido em: 1361.0 minutos
2025-10-26 06:36:38 [INFO] scanner - ============================================================
2025-10-26 06:36:38 [INFO] scanner - 🚀 SCANNER INICIADO
2025-10-26 06:36:38 [INFO] scanner - 📅 Data/Hora: 26/10/2025 06:36:38
2025-10-26 06:36:38 [INFO] scanner - 📂 Log: logs/scanner_2025-10-26.log
2025-10-26 06:36:38 [INFO] scanner - ============================================================
2025-10-26 06:36:38 [INFO] scanner - 📝 PAPER MODE ATIVO - Apenas registro e análise
2025-10-26 06:36:41 [WARNING] root - Bloco de componentes falhou: cannot unpack non-iterable int object
2025-10-26 06:36:41 [INFO] scanner - ✅ Validações OK [BTC/USDT]: Score=7.5, R:R=2.08
2025-10-26 06:36:41 [INFO] scanner - ⏸️  Throttle ativo [BTC/USDT]:
2025-10-26 06:36:41 [INFO] scanner -    ├─ Último alerta há 447.9 minutos
2025-10-26 06:36:41 [INFO] scanner -    ├─ Tempo mínimo: 1800 minutos
2025-10-26 06:36:41 [INFO] scanner -    └─ Próximo permitido em: 1352.1 minutos
2025-10-26 06:36:41 [WARNING] root - Bloco de componentes falhou: cannot unpack non-iterable int object
2025-10-26 06:36:41 [INFO] scanner - ✅ Validações OK [BTC/USDT]: Score=7.5, R:R=2.08
2025-10-26 06:36:41 [INFO] scanner - ⏸️  Throttle ativo [BTC/USDT]:
2025-10-26 06:36:41 [INFO] scanner -    ├─ Último alerta há 447.9 minutos
2025-10-26 06:36:41 [INFO] scanner -    ├─ Tempo mínimo: 1800 minutos
2025-10-26 06:36:41 [INFO] scanner -    └─ Próximo permitido em: 1352.1 minutos
2025-10-26 06:36:41 [WARNING] root - Bloco de componentes falhou: cannot unpack non-iterable int object
2025-10-26 06:36:41 [INFO] scanner - ✅ Validações OK [BTC/USDT]: Score=7.5, R:R=2.08
2025-10-26 06:36:41 [INFO] scanner - ⏸️  Throttle ativo [BTC/USDT]:
2025-10-26 06:36:41 [INFO] scanner -    ├─ Último alerta há 447.9 minutos
2025-10-26 06:36:41 [INFO] scanner -    ├─ Tempo mínimo: 1800 minutos
2025-10-26 06:36:41 [INFO] scanner -    └─ Próximo permitido em: 1352.1 minutos
2025-10-26 06:36:43 [WARNING] root - Bloco de componentes falhou: cannot unpack non-iterable int object
2025-10-26 06:36:43 [INFO] scanner - ✅ Validações OK [ETH/USDT]: Score=7.0, R:R=2.00
2025-10-26 06:36:43 [INFO] scanner - ⏸️  Throttle ativo [ETH/USDT]:
2025-10-26 06:36:43 [INFO] scanner -    ├─ Último alerta há 447.9 minutos
2025-10-26 06:36:43 [INFO] scanner -    ├─ Tempo mínimo: 1800 minutos
2025-10-26 06:36:43 [INFO] scanner -    └─ Próximo permitido em: 1352.1 minutos
2025-10-26 06:36:43 [WARNING] root - Bloco de componentes falhou: cannot unpack non-iterable int object
2025-10-26 06:36:43 [INFO] scanner - ✅ Validações OK [ETH/USDT]: Score=7.0, R:R=2.00
2025-10-26 06:36:43 [INFO] scanner - ⏸️  Throttle ativo [ETH/USDT]:
2025-10-26 06:36:43 [INFO] scanner -    ├─ Último alerta há 447.9 minutos
2025-10-26 06:36:43 [INFO] scanner -    ├─ Tempo mínimo: 1800 minutos
2025-10-26 06:36:43 [INFO] scanner -    └─ Próximo permitido em: 1352.1 minutos
2025-10-26 06:48:10 [INFO] scanner - ============================================================
2025-10-26 06:48:10 [INFO] scanner - 🚀 SCANNER INICIADO
2025-10-26 06:48:10 [INFO] scanner - 📅 Data/Hora: 26/10/2025 06:48:10
2025-10-26 06:48:10 [INFO] scanner - 📂 Log: logs/scanner_2025-10-26.log
2025-10-26 06:48:10 [INFO] scanner - ============================================================
2025-10-26 06:48:10 [INFO] scanner - 📝 PAPER MODE ATIVO - Apenas registro e análise
2025-10-26 06:48:14 [WARNING] root - Bloco de componentes falhou: cannot unpack non-iterable int object
2025-10-26 06:48:14 [INFO] scanner - ✅ Validações OK [BTC/USDT]: Score=7.5, R:R=2.08
2025-10-26 06:48:14 [INFO] scanner - ⏸️  Throttle ativo [BTC/USDT]:
2025-10-26 06:48:14 [INFO] scanner -    ├─ Último alerta há 459.4 minutos
2025-10-26 06:48:14 [INFO] scanner -    ├─ Tempo mínimo: 1800 minutos
2025-10-26 06:48:14 [INFO] scanner -    └─ Próximo permitido em: 1340.6 minutos
2025-10-26 06:48:14 [WARNING] root - Bloco de componentes falhou: cannot unpack non-iterable int object
2025-10-26 06:48:14 [INFO] scanner - ✅ Validações OK [BTC/USDT]: Score=7.5, R:R=2.08
2025-10-26 06:48:14 [INFO] scanner - ⏸️  Throttle ativo [BTC/USDT]:
2025-10-26 06:48:14 [INFO] scanner -    ├─ Último alerta há 459.5 minutos
2025-10-26 06:48:14 [INFO] scanner -    ├─ Tempo mínimo: 1800 minutos
2025-10-26 06:48:14 [INFO] scanner -    └─ Próximo permitido em: 1340.5 minutos
2025-10-26 06:48:14 [WARNING] root - Bloco de componentes falhou: cannot unpack non-iterable int object
2025-10-26 06:48:14 [INFO] scanner - ✅ Validações OK [BTC/USDT]: Score=7.5, R:R=2.08
2025-10-26 06:48:14 [INFO] scanner - ⏸️  Throttle ativo [BTC/USDT]:
2025-10-26 06:48:14 [INFO] scanner -    ├─ Último alerta há 459.5 minutos
2025-10-26 06:48:14 [INFO] scanner -    ├─ Tempo mínimo: 1800 minutos
2025-10-26 06:48:14 [INFO] scanner -    └─ Próximo permitido em: 1340.5 minutos
2025-10-26 06:48:16 [WARNING] root - Bloco de componentes falhou: cannot unpack non-iterable int object
2025-10-26 06:48:16 [INFO] scanner - ✅ Validações OK [ETH/USDT]: Score=7.5, R:R=2.00
2025-10-26 06:48:16 [INFO] scanner - ⏸️  Throttle ativo [ETH/USDT]:
2025-10-26 06:48:16 [INFO] scanner -    ├─ Último alerta há 459.5 minutos
2025-10-26 06:48:16 [INFO] scanner -    ├─ Tempo mínimo: 1800 minutos
2025-10-26 06:48:16 [INFO] scanner -    └─ Próximo permitido em: 1340.5 minutos
2025-10-26 06:48:16 [WARNING] root - Bloco de componentes falhou: cannot unpack non-iterable int object
2025-10-26 06:48:16 [INFO] scanner - ✅ Validações OK [ETH/USDT]: Score=7.5, R:R=2.00
2025-10-26 06:48:16 [INFO] scanner - ⏸️  Throttle ativo [ETH/USDT]:
2025-10-26 06:48:16 [INFO] scanner -    ├─ Último alerta há 459.5 minutos
2025-10-26 06:48:16 [INFO] scanner -    ├─ Tempo mínimo: 1800 minutos
2025-10-26 06:48:16 [INFO] scanner -    └─ Próximo permitido em: 1340.5 minutos
2025-10-26 07:12:05 [INFO] scanner - ============================================================
2025-10-26 07:12:05 [INFO] scanner - 🚀 SCANNER INICIADO
2025-10-26 07:12:05 [INFO] scanner - 📅 Data/Hora: 26/10/2025 07:12:05
2025-10-26 07:12:05 [INFO] scanner - 📂 Log: logs/scanner_2025-10-26.log
2025-10-26 07:12:05 [INFO] scanner - ============================================================
2025-10-26 07:12:05 [INFO] scanner - 📝 PAPER MODE ATIVO - Apenas registro e análise
2025-10-26 07:12:08 [WARNING] root - Bloco de componentes falhou: cannot unpack non-iterable int object
2025-10-26 07:12:08 [INFO] scanner - ✅ Validações OK [BTC/USDT]: Score=7.5, R:R=2.08
2025-10-26 07:12:08 [INFO] scanner - ⏸️  Throttle ativo [BTC/USDT]:
2025-10-26 07:12:08 [INFO] scanner -    ├─ Último alerta há 483.4 minutos
2025-10-26 07:12:08 [INFO] scanner -    ├─ Tempo mínimo: 1800 minutos
2025-10-26 07:12:08 [INFO] scanner -    └─ Próximo permitido em: 1316.6 minutos
2025-10-26 07:12:08 [WARNING] root - Bloco de componentes falhou: cannot unpack non-iterable int object
2025-10-26 07:12:08 [INFO] scanner - ✅ Validações OK [BTC/USDT]: Score=7.5, R:R=2.08
2025-10-26 07:12:08 [INFO] scanner - ⏸️  Throttle ativo [BTC/USDT]:
2025-10-26 07:12:08 [INFO] scanner -    ├─ Último alerta há 483.4 minutos
2025-10-26 07:12:08 [INFO] scanner -    ├─ Tempo mínimo: 1800 minutos
2025-10-26 07:12:08 [INFO] scanner -    └─ Próximo permitido em: 1316.6 minutos
2025-10-26 07:12:11 [WARNING] root - Bloco de componentes falhou: cannot unpack non-iterable int object
2025-10-26 07:12:11 [INFO] scanner - ✅ Validações OK [ETH/USDT]: Score=7.0, R:R=2.00
2025-10-26 07:12:11 [INFO] scanner - ⏸️  Throttle ativo [ETH/USDT]:
2025-10-26 07:12:11 [INFO] scanner -    ├─ Último alerta há 483.4 minutos
2025-10-26 07:12:11 [INFO] scanner -    ├─ Tempo mínimo: 1800 minutos
2025-10-26 07:12:11 [INFO] scanner -    └─ Próximo permitido em: 1316.6 minutos
2025-10-26 07:31:49 [INFO] scanner - ============================================================
2025-10-26 07:31:49 [INFO] scanner - 🚀 SCANNER INICIADO
2025-10-26 07:31:49 [INFO] scanner - 📅 Data/Hora: 26/10/2025 07:31:49
2025-10-26 07:31:49 [INFO] scanner - 📂 Log: logs/scanner_2025-10-26.log
2025-10-26 07:31:49 [INFO] scanner - ============================================================
2025-10-26 07:31:49 [INFO] scanner - 📝 PAPER MODE ATIVO - Apenas registro e análise
2025-10-26 07:31:53 [WARNING] root - Bloco de componentes falhou: cannot unpack non-iterable int object
2025-10-26 07:31:53 [INFO] scanner - ✅ Validações OK [BTC/USDT]: Score=7.5, R:R=2.08
2025-10-26 07:31:53 [INFO] scanner - ⏸️  Throttle ativo [BTC/USDT]:
2025-10-26 07:31:53 [INFO] scanner -    ├─ Último alerta há 503.1 minutos
2025-10-26 07:31:53 [INFO] scanner -    ├─ Tempo mínimo: 1800 minutos
2025-10-26 07:31:53 [INFO] scanner -    └─ Próximo permitido em: 1296.9 minutos
2025-10-26 07:31:53 [WARNING] root - Bloco de componentes falhou: cannot unpack non-iterable int object
2025-10-26 07:31:53 [INFO] scanner - ✅ Validações OK [BTC/USDT]: Score=7.5, R:R=2.08
2025-10-26 07:31:53 [INFO] scanner - ⏸️  Throttle ativo [BTC/USDT]:
2025-10-26 07:31:53 [INFO] scanner -    ├─ Último alerta há 503.1 minutos
2025-10-26 07:31:53 [INFO] scanner -    ├─ Tempo mínimo: 1800 minutos
2025-10-26 07:31:53 [INFO] scanner -    └─ Próximo permitido em: 1296.9 minutos
2025-10-26 07:31:55 [WARNING] root - Bloco de componentes falhou: cannot unpack non-iterable int object
2025-10-26 07:31:55 [INFO] scanner - ✅ Validações OK [ETH/USDT]: Score=7.0, R:R=2.00
2025-10-26 07:31:55 [INFO] scanner - ⏸️  Throttle ativo [ETH/USDT]:
2025-10-26 07:31:55 [INFO] scanner -    ├─ Último alerta há 503.1 minutos
2025-10-26 07:31:55 [INFO] scanner -    ├─ Tempo mínimo: 1800 minutos
2025-10-26 07:31:55 [INFO] scanner -    └─ Próximo permitido em: 1296.9 minutos
2025-10-26 07:48:21 [INFO] scanner - ============================================================
2025-10-26 07:48:21 [INFO] scanner - 🚀 SCANNER INICIADO
2025-10-26 07:48:21 [INFO] scanner - 📅 Data/Hora: 26/10/2025 07:48:21
2025-10-26 07:48:21 [INFO] scanner - 📂 Log: logs/scanner_2025-10-26.log
2025-10-26 07:48:21 [INFO] scanner - ============================================================
2025-10-26 07:48:21 [INFO] scanner - 📝 PAPER MODE ATIVO - Apenas registro e análise
2025-10-26 07:48:24 [WARNING] root - Bloco de componentes falhou: cannot unpack non-iterable int object
2025-10-26 07:48:24 [INFO] scanner - ✅ Validações OK [BTC/USDT]: Score=7.5, R:R=2.08
2025-10-26 07:48:24 [INFO] scanner - ⏸️  Throttle ativo [BTC/USDT]:
2025-10-26 07:48:24 [INFO] scanner -    ├─ Último alerta há 519.6 minutos
2025-10-26 07:48:24 [INFO] scanner -    ├─ Tempo mínimo: 1800 minutos
2025-10-26 07:48:24 [INFO] scanner -    └─ Próximo permitido em: 1280.4 minutos
2025-10-26 07:48:26 [WARNING] root - Bloco de componentes falhou: cannot unpack non-iterable int object
2025-10-26 07:48:26 [INFO] scanner - ✅ Validações OK [ETH/USDT]: Score=7.0, R:R=2.00
2025-10-26 07:48:26 [INFO] scanner - ⏸️  Throttle ativo [ETH/USDT]:
2025-10-26 07:48:26 [INFO] scanner -    ├─ Último alerta há 519.6 minutos
2025-10-26 07:48:26 [INFO] scanner -    ├─ Tempo mínimo: 1800 minutos
2025-10-26 07:48:26 [INFO] scanner -    └─ Próximo permitido em: 1280.4 minutos
2025-10-26 08:10:01 [INFO] scanner - ============================================================
2025-10-26 08:10:01 [INFO] scanner - 🚀 SCANNER INICIADO
2025-10-26 08:10:01 [INFO] scanner - 📅 Data/Hora: 26/10/2025 08:10:01
2025-10-26 08:10:01 [INFO] scanner - 📂 Log: logs/scanner_2025-10-26.log
2025-10-26 08:10:01 [INFO] scanner - ============================================================
2025-10-26 08:10:01 [INFO] scanner - 📝 PAPER MODE ATIVO - Apenas registro e análise
2025-10-26 08:10:05 [WARNING] root - Bloco de componentes falhou: cannot unpack non-iterable int object
2025-10-26 08:10:05 [INFO] scanner - ✅ Validações OK [BTC/USDT]: Score=7.5, R:R=2.08
2025-10-26 08:10:05 [INFO] scanner - ⏸️  Throttle ativo [BTC/USDT]:
2025-10-26 08:10:05 [INFO] scanner -    ├─ Último alerta há 541.3 minutos
2025-10-26 08:10:05 [INFO] scanner -    ├─ Tempo mínimo: 1800 minutos
2025-10-26 08:10:05 [INFO] scanner -    └─ Próximo permitido em: 1258.7 minutos
2025-10-26 08:10:07 [WARNING] root - Bloco de componentes falhou: cannot unpack non-iterable int object
2025-10-26 08:10:07 [INFO] scanner - ✅ Validações OK [ETH/USDT]: Score=7.0, R:R=2.00
2025-10-26 08:10:07 [INFO] scanner - ⏸️  Throttle ativo [ETH/USDT]:
2025-10-26 08:10:07 [INFO] scanner -    ├─ Último alerta há 541.3 minutos
2025-10-26 08:10:07 [INFO] scanner -    ├─ Tempo mínimo: 1800 minutos
2025-10-26 08:10:07 [INFO] scanner -    └─ Próximo permitido em: 1258.7 minutos
2025-10-26 08:23:47 [INFO] scanner - ============================================================
2025-10-26 08:23:47 [INFO] scanner - 🚀 SCANNER INICIADO
2025-10-26 08:23:47 [INFO] scanner - 📅 Data/Hora: 26/10/2025 08:23:47
2025-10-26 08:23:47 [INFO] scanner - 📂 Log: logs/scanner_2025-10-26.log
2025-10-26 08:23:47 [INFO] scanner - ============================================================
2025-10-26 08:23:47 [INFO] scanner - 📝 PAPER MODE ATIVO - Apenas registro e análise
2025-10-26 08:23:50 [WARNING] root - Bloco de componentes falhou: cannot unpack non-iterable int object
2025-10-26 08:23:50 [INFO] scanner - ✅ Validações OK [BTC/USDT]: Score=7.5, R:R=2.08
2025-10-26 08:23:50 [INFO] scanner - ⏸️  Throttle ativo [BTC/USDT]:
2025-10-26 08:23:50 [INFO] scanner -    ├─ Último alerta há 555.1 minutos
2025-10-26 08:23:50 [INFO] scanner -    ├─ Tempo mínimo: 1800 minutos
2025-10-26 08:23:50 [INFO] scanner -    └─ Próximo permitido em: 1244.9 minutos
2025-10-26 08:23:51 [WARNING] root - Bloco de componentes falhou: cannot unpack non-iterable int object
2025-10-26 08:23:51 [INFO] scanner - ✅ Validações OK [BTC/USDT]: Score=7.5, R:R=2.08
2025-10-26 08:23:51 [INFO] scanner - ⏸️  Throttle ativo [BTC/USDT]:
2025-10-26 08:23:51 [INFO] scanner -    ├─ Último alerta há 555.1 minutos
2025-10-26 08:23:51 [INFO] scanner -    ├─ Tempo mínimo: 1800 minutos
2025-10-26 08:23:51 [INFO] scanner -    └─ Próximo permitido em: 1244.9 minutos
2025-10-26 08:23:53 [WARNING] root - Bloco de componentes falhou: cannot unpack non-iterable int object
2025-10-26 08:23:53 [INFO] scanner - ✅ Validações OK [ETH/USDT]: Score=7.0, R:R=2.00
2025-10-26 08:23:53 [INFO] scanner - ⏸️  Throttle ativo [ETH/USDT]:
2025-10-26 08:23:53 [INFO] scanner -    ├─ Último alerta há 555.1 minutos
2025-10-26 08:23:53 [INFO] scanner -    ├─ Tempo mínimo: 1800 minutos
2025-10-26 08:23:53 [INFO] scanner -    └─ Próximo permitido em: 1244.9 minutos
2025-10-26 08:34:30 [INFO] scanner - ============================================================
2025-10-26 08:34:30 [INFO] scanner - 🚀 SCANNER INICIADO
2025-10-26 08:34:30 [INFO] scanner - 📅 Data/Hora: 26/10/2025 08:34:30
2025-10-26 08:34:30 [INFO] scanner - 📂 Log: logs/scanner_2025-10-26.log
2025-10-26 08:34:30 [INFO] scanner - ============================================================
2025-10-26 08:34:30 [INFO] scanner - 📝 PAPER MODE ATIVO - Apenas registro e análise
2025-10-26 08:34:33 [WARNING] root - Bloco de componentes falhou: cannot unpack non-iterable int object
2025-10-26 08:34:33 [INFO] scanner - ✅ Validações OK [BTC/USDT]: Score=7.5, R:R=2.08
2025-10-26 08:34:33 [INFO] scanner - ⏸️  Throttle ativo [BTC/USDT]:
2025-10-26 08:34:33 [INFO] scanner -    ├─ Último alerta há 565.8 minutos
2025-10-26 08:34:33 [INFO] scanner -    ├─ Tempo mínimo: 1800 minutos
2025-10-26 08:34:33 [INFO] scanner -    └─ Próximo permitido em: 1234.2 minutos
2025-10-26 08:34:33 [WARNING] root - Bloco de componentes falhou: cannot unpack non-iterable int object
2025-10-26 08:34:33 [INFO] scanner - ✅ Validações OK [BTC/USDT]: Score=7.5, R:R=2.08
2025-10-26 08:34:33 [INFO] scanner - ⏸️  Throttle ativo [BTC/USDT]:
2025-10-26 08:34:33 [INFO] scanner -    ├─ Último alerta há 565.8 minutos
2025-10-26 08:34:33 [INFO] scanner -    ├─ Tempo mínimo: 1800 minutos
2025-10-26 08:34:33 [INFO] scanner -    └─ Próximo permitido em: 1234.2 minutos
2025-10-26 08:34:36 [WARNING] root - Bloco de componentes falhou: cannot unpack non-iterable int object
2025-10-26 08:34:36 [INFO] scanner - ✅ Validações OK [ETH/USDT]: Score=7.5, R:R=2.00
2025-10-26 08:34:36 [INFO] scanner - ⏸️  Throttle ativo [ETH/USDT]:
2025-10-26 08:34:36 [INFO] scanner -    ├─ Último alerta há 565.8 minutos
2025-10-26 08:34:36 [INFO] scanner -    ├─ Tempo mínimo: 1800 minutos
2025-10-26 08:34:36 [INFO] scanner -    └─ Próximo permitido em: 1234.2 minutos
2025-10-26 08:48:14 [INFO] scanner - ============================================================
2025-10-26 08:48:14 [INFO] scanner - 🚀 SCANNER INICIADO
2025-10-26 08:48:14 [INFO] scanner - 📅 Data/Hora: 26/10/2025 08:48:14
2025-10-26 08:48:14 [INFO] scanner - 📂 Log: logs/scanner_2025-10-26.log
2025-10-26 08:48:14 [INFO] scanner - ============================================================
2025-10-26 08:48:14 [INFO] scanner - 📝 PAPER MODE ATIVO - Apenas registro e análise
2025-10-26 08:48:17 [WARNING] root - Bloco de componentes falhou: cannot unpack non-iterable int object
2025-10-26 08:48:17 [INFO] scanner - ✅ Validações OK [BTC/USDT]: Score=7.5, R:R=2.08
2025-10-26 08:48:17 [INFO] scanner - ⏸️  Throttle ativo [BTC/USDT]:
2025-10-26 08:48:17 [INFO] scanner -    ├─ Último alerta há 579.5 minutos
2025-10-26 08:48:17 [INFO] scanner -    ├─ Tempo mínimo: 1800 minutos
2025-10-26 08:48:17 [INFO] scanner -    └─ Próximo permitido em: 1220.5 minutos
2025-10-26 08:48:18 [WARNING] root - Bloco de componentes falhou: cannot unpack non-iterable int object
2025-10-26 08:48:18 [INFO] scanner - ✅ Validações OK [BTC/USDT]: Score=7.5, R:R=2.08
2025-10-26 08:48:18 [INFO] scanner - ⏸️  Throttle ativo [BTC/USDT]:
2025-10-26 08:48:18 [INFO] scanner -    ├─ Último alerta há 579.5 minutos
2025-10-26 08:48:18 [INFO] scanner -    ├─ Tempo mínimo: 1800 minutos
2025-10-26 08:48:18 [INFO] scanner -    └─ Próximo permitido em: 1220.5 minutos
2025-10-26 08:48:18 [WARNING] root - Bloco de componentes falhou: cannot unpack non-iterable int object
2025-10-26 08:48:18 [INFO] scanner - ✅ Validações OK [BTC/USDT]: Score=7.5, R:R=2.08
2025-10-26 08:48:18 [INFO] scanner - ⏸️  Throttle ativo [BTC/USDT]:
2025-10-26 08:48:18 [INFO] scanner -    ├─ Último alerta há 579.5 minutos
2025-10-26 08:48:18 [INFO] scanner -    ├─ Tempo mínimo: 1800 minutos
2025-10-26 08:48:18 [INFO] scanner -    └─ Próximo permitido em: 1220.5 minutos
2025-10-26 08:48:20 [WARNING] root - Bloco de componentes falhou: cannot unpack non-iterable int object
2025-10-26 08:48:20 [INFO] scanner - ✅ Validações OK [ETH/USDT]: Score=7.8, R:R=2.00
2025-10-26 08:48:20 [INFO] scanner - ⏸️  Throttle ativo [ETH/USDT]:
2025-10-26 08:48:20 [INFO] scanner -    ├─ Último alerta há 579.5 minutos
2025-10-26 08:48:20 [INFO] scanner -    ├─ Tempo mínimo: 1800 minutos
2025-10-26 08:48:20 [INFO] scanner -    └─ Próximo permitido em: 1220.5 minutos
2025-10-26 08:48:20 [WARNING] root - Bloco de componentes falhou: cannot unpack non-iterable int object
2025-10-26 08:48:20 [INFO] scanner - ✅ Validações OK [ETH/USDT]: Score=7.8, R:R=2.00
2025-10-26 08:48:20 [INFO] scanner - ⏸️  Throttle ativo [ETH/USDT]:
2025-10-26 08:48:20 [INFO] scanner -    ├─ Último alerta há 579.5 minutos
2025-10-26 08:48:20 [INFO] scanner -    ├─ Tempo mínimo: 1800 minutos
2025-10-26 08:48:20 [INFO] scanner -    └─ Próximo permitido em: 1220.5 minutos
2025-10-26 08:48:20 [WARNING] root - Bloco de componentes falhou: cannot unpack non-iterable int object
2025-10-26 08:48:20 [INFO] scanner - ✅ Validações OK [ETH/USDT]: Score=7.8, R:R=2.00
2025-10-26 08:48:20 [INFO] scanner - ⏸️  Throttle ativo [ETH/USDT]:
2025-10-26 08:48:20 [INFO] scanner -    ├─ Último alerta há 579.5 minutos
2025-10-26 08:48:20 [INFO] scanner -    ├─ Tempo mínimo: 1800 minutos
2025-10-26 08:48:20 [INFO] scanner -    └─ Próximo permitido em: 1220.5 minutos
2025-10-26 09:22:16 [INFO] scanner - ============================================================
2025-10-26 09:22:16 [INFO] scanner - 🚀 SCANNER INICIADO
2025-10-26 09:22:16 [INFO] scanner - 📅 Data/Hora: 26/10/2025 09:22:16
2025-10-26 09:22:16 [INFO] scanner - 📂 Log: logs/scanner_2025-10-26.log
2025-10-26 09:22:16 [INFO] scanner - ============================================================
2025-10-26 09:22:16 [INFO] scanner - 📝 PAPER MODE ATIVO - Apenas registro e análise
2025-10-26 09:22:20 [WARNING] root - Bloco de componentes falhou: cannot unpack non-iterable int object
2025-10-26 09:22:20 [INFO] scanner - ✅ Validações OK [BTC/USDT]: Score=7.5, R:R=2.08
2025-10-26 09:22:20 [INFO] scanner - ⏸️  Throttle ativo [BTC/USDT]:
2025-10-26 09:22:20 [INFO] scanner -    ├─ Último alerta há 613.6 minutos
2025-10-26 09:22:20 [INFO] scanner -    ├─ Tempo mínimo: 1800 minutos
2025-10-26 09:22:20 [INFO] scanner -    └─ Próximo permitido em: 1186.4 minutos
2025-10-26 09:22:20 [WARNING] root - Bloco de componentes falhou: cannot unpack non-iterable int object
2025-10-26 09:22:20 [INFO] scanner - ✅ Validações OK [BTC/USDT]: Score=7.5, R:R=2.08
2025-10-26 09:22:20 [INFO] scanner - ⏸️  Throttle ativo [BTC/USDT]:
2025-10-26 09:22:20 [INFO] scanner -    ├─ Último alerta há 613.6 minutos
2025-10-26 09:22:20 [INFO] scanner -    ├─ Tempo mínimo: 1800 minutos
2025-10-26 09:22:20 [INFO] scanner -    └─ Próximo permitido em: 1186.4 minutos
2025-10-26 09:22:23 [WARNING] root - Bloco de componentes falhou: cannot unpack non-iterable int object
2025-10-26 09:22:23 [INFO] scanner - ✅ Validações OK [ETH/USDT]: Score=7.8, R:R=2.00
2025-10-26 09:22:23 [INFO] scanner - ⏸️  Throttle ativo [ETH/USDT]:
2025-10-26 09:22:23 [INFO] scanner -    ├─ Último alerta há 613.6 minutos
2025-10-26 09:22:23 [INFO] scanner -    ├─ Tempo mínimo: 1800 minutos
2025-10-26 09:22:23 [INFO] scanner -    └─ Próximo permitido em: 1186.4 minutos
2025-10-26 09:59:01 [INFO] scanner - ============================================================
2025-10-26 09:59:01 [INFO] scanner - 🚀 SCANNER INICIADO
2025-10-26 09:59:01 [INFO] scanner - 📅 Data/Hora: 26/10/2025 09:59:01
2025-10-26 09:59:01 [INFO] scanner - 📂 Log: logs/scanner_2025-10-26.log
2025-10-26 09:59:01 [INFO] scanner - ============================================================
2025-10-26 09:59:01 [INFO] scanner - 📝 PAPER MODE ATIVO - Apenas registro e análise
2025-10-26 09:59:04 [WARNING] root - Bloco de componentes falhou: cannot unpack non-iterable int object
2025-10-26 09:59:04 [INFO] scanner - ✅ Validações OK [BTC/USDT]: Score=7.5, R:R=2.08
2025-10-26 09:59:04 [INFO] scanner - ⏸️  Throttle ativo [BTC/USDT]:
2025-10-26 09:59:04 [INFO] scanner -    ├─ Último alerta há 650.3 minutos
2025-10-26 09:59:04 [INFO] scanner -    ├─ Tempo mínimo: 1800 minutos
2025-10-26 09:59:04 [INFO] scanner -    └─ Próximo permitido em: 1149.7 minutos
2025-10-26 09:59:05 [WARNING] root - Bloco de componentes falhou: cannot unpack non-iterable int object
2025-10-26 09:59:05 [INFO] scanner - ✅ Validações OK [BTC/USDT]: Score=7.5, R:R=2.08
2025-10-26 09:59:05 [INFO] scanner - ⏸️  Throttle ativo [BTC/USDT]:
2025-10-26 09:59:05 [INFO] scanner -    ├─ Último alerta há 650.3 minutos
2025-10-26 09:59:05 [INFO] scanner -    ├─ Tempo mínimo: 1800 minutos
2025-10-26 09:59:05 [INFO] scanner -    └─ Próximo permitido em: 1149.7 minutos
2025-10-26 09:59:05 [WARNING] root - Bloco de componentes falhou: cannot unpack non-iterable int object
2025-10-26 09:59:05 [INFO] scanner - ✅ Validações OK [BTC/USDT]: Score=7.5, R:R=2.08
2025-10-26 09:59:05 [INFO] scanner - ⏸️  Throttle ativo [BTC/USDT]:
2025-10-26 09:59:05 [INFO] scanner -    ├─ Último alerta há 650.3 minutos
2025-10-26 09:59:05 [INFO] scanner -    ├─ Tempo mínimo: 1800 minutos
2025-10-26 09:59:05 [INFO] scanner -    └─ Próximo permitido em: 1149.7 minutos
2025-10-26 09:59:07 [WARNING] root - Bloco de componentes falhou: cannot unpack non-iterable int object
2025-10-26 09:59:07 [INFO] scanner - ✅ Validações OK [ETH/USDT]: Score=7.8, R:R=2.00
2025-10-26 09:59:07 [INFO] scanner - ⏸️  Throttle ativo [ETH/USDT]:
2025-10-26 09:59:07 [INFO] scanner -    ├─ Último alerta há 650.3 minutos
2025-10-26 09:59:07 [INFO] scanner -    ├─ Tempo mínimo: 1800 minutos
2025-10-26 09:59:07 [INFO] scanner -    └─ Próximo permitido em: 1149.7 minutos
2025-10-26 09:59:07 [WARNING] root - Bloco de componentes falhou: cannot unpack non-iterable int object
2025-10-26 09:59:07 [INFO] scanner - ✅ Validações OK [ETH/USDT]: Score=7.8, R:R=2.00
2025-10-26 09:59:07 [INFO] scanner - ⏸️  Throttle ativo [ETH/USDT]:
2025-10-26 09:59:07 [INFO] scanner -    ├─ Último alerta há 650.3 minutos
2025-10-26 09:59:07 [INFO] scanner -    ├─ Tempo mínimo: 1800 minutos
2025-10-26 09:59:07 [INFO] scanner -    └─ Próximo permitido em: 1149.7 minutos
2025-10-26 09:59:07 [WARNING] root - Bloco de componentes falhou: cannot unpack non-iterable int object
2025-10-26 09:59:07 [INFO] scanner - ✅ Validações OK [ETH/USDT]: Score=7.8, R:R=2.00
2025-10-26 09:59:07 [INFO] scanner - ⏸️  Throttle ativo [ETH/USDT]:
2025-10-26 09:59:07 [INFO] scanner -    ├─ Último alerta há 650.3 minutos
2025-10-26 09:59:07 [INFO] scanner -    ├─ Tempo mínimo: 1800 minutos
2025-10-26 09:59:07 [INFO] scanner -    └─ Próximo permitido em: 1149.7 minutos
2025-10-26 10:24:03 [INFO] scanner - ============================================================
2025-10-26 10:24:03 [INFO] scanner - 🚀 SCANNER INICIADO
2025-10-26 10:24:03 [INFO] scanner - 📅 Data/Hora: 26/10/2025 10:24:03
2025-10-26 10:24:03 [INFO] scanner - 📂 Log: logs/scanner_2025-10-26.log
2025-10-26 10:24:03 [INFO] scanner - ============================================================
2025-10-26 10:24:03 [INFO] scanner - 📝 PAPER MODE ATIVO - Apenas registro e análise
2025-10-26 10:24:07 [WARNING] root - Bloco de componentes falhou: cannot unpack non-iterable int object
2025-10-26 10:24:07 [INFO] scanner - ✅ Validações OK [BTC/USDT]: Score=7.5, R:R=2.08
2025-10-26 10:24:07 [INFO] scanner - ⏸️  Throttle ativo [BTC/USDT]:
2025-10-26 10:24:07 [INFO] scanner -    ├─ Último alerta há 675.3 minutos
2025-10-26 10:24:07 [INFO] scanner -    ├─ Tempo mínimo: 1800 minutos
2025-10-26 10:24:07 [INFO] scanner -    └─ Próximo permitido em: 1124.7 minutos
2025-10-26 10:24:09 [WARNING] root - Bloco de componentes falhou: cannot unpack non-iterable int object
2025-10-26 10:24:09 [INFO] scanner - ✅ Validações OK [ETH/USDT]: Score=7.8, R:R=2.00
2025-10-26 10:24:09 [INFO] scanner - ⏸️  Throttle ativo [ETH/USDT]:
2025-10-26 10:24:09 [INFO] scanner -    ├─ Último alerta há 675.3 minutos
2025-10-26 10:24:09 [INFO] scanner -    ├─ Tempo mínimo: 1800 minutos
2025-10-26 10:24:09 [INFO] scanner -    └─ Próximo permitido em: 1124.7 minutos
2025-10-26 10:38:29 [INFO] scanner - ============================================================
2025-10-26 10:38:29 [INFO] scanner - 🚀 SCANNER INICIADO
2025-10-26 10:38:29 [INFO] scanner - 📅 Data/Hora: 26/10/2025 10:38:29
2025-10-26 10:38:29 [INFO] scanner - 📂 Log: logs/scanner_2025-10-26.log
2025-10-26 10:38:29 [INFO] scanner - ============================================================
2025-10-26 10:38:29 [INFO] scanner - 📝 PAPER MODE ATIVO - Apenas registro e análise
2025-10-26 10:38:32 [WARNING] root - Bloco de componentes falhou: cannot unpack non-iterable int object
2025-10-26 10:38:32 [INFO] scanner - ✅ Validações OK [BTC/USDT]: Score=7.0, R:R=2.08
2025-10-26 10:38:32 [INFO] scanner - ⏸️  Throttle ativo [BTC/USDT]:
2025-10-26 10:38:32 [INFO] scanner -    ├─ Último alerta há 689.8 minutos
2025-10-26 10:38:32 [INFO] scanner -    ├─ Tempo mínimo: 1800 minutos
2025-10-26 10:38:32 [INFO] scanner -    └─ Próximo permitido em: 1110.2 minutos
2025-10-26 10:38:35 [WARNING] root - Bloco de componentes falhou: cannot unpack non-iterable int object
2025-10-26 10:38:35 [INFO] scanner - ✅ Validações OK [ETH/USDT]: Score=7.8, R:R=2.00
2025-10-26 10:38:35 [INFO] scanner - ⏸️  Throttle ativo [ETH/USDT]:
2025-10-26 10:38:35 [INFO] scanner -    ├─ Último alerta há 689.8 minutos
2025-10-26 10:38:35 [INFO] scanner -    ├─ Tempo mínimo: 1800 minutos
2025-10-26 10:38:35 [INFO] scanner -    └─ Próximo permitido em: 1110.2 minutos
2025-10-26 10:47:46 [INFO] scanner - ============================================================
2025-10-26 10:47:46 [INFO] scanner - 🚀 SCANNER INICIADO
2025-10-26 10:47:46 [INFO] scanner - 📅 Data/Hora: 26/10/2025 10:47:46
2025-10-26 10:47:46 [INFO] scanner - 📂 Log: logs/scanner_2025-10-26.log
2025-10-26 10:47:46 [INFO] scanner - ============================================================
2025-10-26 10:47:46 [INFO] scanner - 📝 PAPER MODE ATIVO - Apenas registro e análise
2025-10-26 10:47:50 [WARNING] root - Bloco de componentes falhou: cannot unpack non-iterable int object
2025-10-26 10:47:50 [INFO] scanner - ✅ Validações OK [BTC/USDT]: Score=7.5, R:R=2.08
2025-10-26 10:47:50 [INFO] scanner - ⏸️  Throttle ativo [BTC/USDT]:
2025-10-26 10:47:50 [INFO] scanner -    ├─ Último alerta há 699.0 minutos
2025-10-26 10:47:50 [INFO] scanner -    ├─ Tempo mínimo: 1800 minutos
2025-10-26 10:47:50 [INFO] scanner -    └─ Próximo permitido em: 1101.0 minutos
2025-10-26 10:47:50 [WARNING] root - Bloco de componentes falhou: cannot unpack non-iterable int object
2025-10-26 10:47:50 [INFO] scanner - ✅ Validações OK [BTC/USDT]: Score=7.5, R:R=2.08
2025-10-26 10:47:50 [INFO] scanner - ⏸️  Throttle ativo [BTC/USDT]:
2025-10-26 10:47:50 [INFO] scanner -    ├─ Último alerta há 699.1 minutos
2025-10-26 10:47:50 [INFO] scanner -    ├─ Tempo mínimo: 1800 minutos
2025-10-26 10:47:50 [INFO] scanner -    └─ Próximo permitido em: 1100.9 minutos
2025-10-26 10:47:50 [WARNING] root - Bloco de componentes falhou: cannot unpack non-iterable int object
2025-10-26 10:47:50 [INFO] scanner - ✅ Validações OK [BTC/USDT]: Score=7.5, R:R=2.08
2025-10-26 10:47:50 [INFO] scanner - ⏸️  Throttle ativo [BTC/USDT]:
2025-10-26 10:47:50 [INFO] scanner -    ├─ Último alerta há 699.1 minutos
2025-10-26 10:47:50 [INFO] scanner -    ├─ Tempo mínimo: 1800 minutos
2025-10-26 10:47:50 [INFO] scanner -    └─ Próximo permitido em: 1100.9 minutos
2025-10-26 10:47:53 [WARNING] root - Bloco de componentes falhou: cannot unpack non-iterable int object
2025-10-26 10:47:53 [INFO] scanner - ✅ Validações OK [ETH/USDT]: Score=7.8, R:R=2.00
2025-10-26 10:47:53 [INFO] scanner - ⏸️  Throttle ativo [ETH/USDT]:
2025-10-26 10:47:53 [INFO] scanner -    ├─ Último alerta há 699.1 minutos
2025-10-26 10:47:53 [INFO] scanner -    ├─ Tempo mínimo: 1800 minutos
2025-10-26 10:47:53 [INFO] scanner -    └─ Próximo permitido em: 1100.9 minutos
2025-10-26 10:47:53 [WARNING] root - Bloco de componentes falhou: cannot unpack non-iterable int object
2025-10-26 10:47:53 [INFO] scanner - ✅ Validações OK [ETH/USDT]: Score=7.8, R:R=2.00
2025-10-26 10:47:53 [INFO] scanner - ⏸️  Throttle ativo [ETH/USDT]:
2025-10-26 10:47:53 [INFO] scanner -    ├─ Último alerta há 699.1 minutos
2025-10-26 10:47:53 [INFO] scanner -    ├─ Tempo mínimo: 1800 minutos
2025-10-26 10:47:53 [INFO] scanner -    └─ Próximo permitido em: 1100.9 minutos
2025-10-26 10:47:53 [WARNING] root - Bloco de componentes falhou: cannot unpack non-iterable int object
2025-10-26 10:47:53 [INFO] scanner - ✅ Validações OK [ETH/USDT]: Score=7.8, R:R=2.00
2025-10-26 10:47:53 [INFO] scanner - ⏸️  Throttle ativo [ETH/USDT]:
2025-10-26 10:47:53 [INFO] scanner -    ├─ Último alerta há 699.1 minutos
2025-10-26 10:47:53 [INFO] scanner -    ├─ Tempo mínimo: 1800 minutos
2025-10-26 10:47:53 [INFO] scanner -    └─ Próximo permitido em: 1100.9 minutos
2025-10-26 11:10:43 [INFO] scanner - ============================================================
2025-10-26 11:10:43 [INFO] scanner - 🚀 SCANNER INICIADO
2025-10-26 11:10:43 [INFO] scanner - 📅 Data/Hora: 26/10/2025 11:10:43
2025-10-26 11:10:43 [INFO] scanner - 📂 Log: logs/scanner_2025-10-26.log
2025-10-26 11:10:43 [INFO] scanner - ============================================================
2025-10-26 11:10:43 [INFO] scanner - 📝 PAPER MODE ATIVO - Apenas registro e análise
2025-10-26 11:10:46 [WARNING] root - Bloco de componentes falhou: cannot unpack non-iterable int object
2025-10-26 11:10:46 [INFO] scanner - ✅ Validações OK [BTC/USDT]: Score=7.5, R:R=2.08
2025-10-26 11:10:46 [INFO] scanner - ⏸️  Throttle ativo [BTC/USDT]:
2025-10-26 11:10:46 [INFO] scanner -    ├─ Último alerta há 722.0 minutos
2025-10-26 11:10:46 [INFO] scanner -    ├─ Tempo mínimo: 1800 minutos
2025-10-26 11:10:46 [INFO] scanner -    └─ Próximo permitido em: 1078.0 minutos
2025-10-26 11:10:49 [WARNING] root - Bloco de componentes falhou: cannot unpack non-iterable int object
2025-10-26 11:10:49 [INFO] scanner - ✅ Validações OK [ETH/USDT]: Score=7.8, R:R=2.00
2025-10-26 11:10:49 [INFO] scanner - ⏸️  Throttle ativo [ETH/USDT]:
2025-10-26 11:10:49 [INFO] scanner -    ├─ Último alerta há 722.0 minutos
2025-10-26 11:10:49 [INFO] scanner -    ├─ Tempo mínimo: 1800 minutos
2025-10-26 11:10:49 [INFO] scanner -    └─ Próximo permitido em: 1078.0 minutos
2025-10-26 11:10:49 [WARNING] root - Bloco de componentes falhou: cannot unpack non-iterable int object
2025-10-26 11:10:49 [INFO] scanner - ✅ Validações OK [ETH/USDT]: Score=7.8, R:R=2.00
2025-10-26 11:10:49 [INFO] scanner - ⏸️  Throttle ativo [ETH/USDT]:
2025-10-26 11:10:49 [INFO] scanner -    ├─ Último alerta há 722.0 minutos
2025-10-26 11:10:49 [INFO] scanner -    ├─ Tempo mínimo: 1800 minutos
2025-10-26 11:10:49 [INFO] scanner -    └─ Próximo permitido em: 1078.0 minutos
2025-10-26 11:29:07 [INFO] scanner - ============================================================
2025-10-26 11:29:07 [INFO] scanner - 🚀 SCANNER INICIADO
2025-10-26 11:29:07 [INFO] scanner - 📅 Data/Hora: 26/10/2025 11:29:07
2025-10-26 11:29:07 [INFO] scanner - 📂 Log: logs/scanner_2025-10-26.log
2025-10-26 11:29:07 [INFO] scanner - ============================================================
2025-10-26 11:29:07 [INFO] scanner - 📝 PAPER MODE ATIVO - Apenas registro e análise
2025-10-26 11:29:10 [WARNING] root - Bloco de componentes falhou: cannot unpack non-iterable int object
2025-10-26 11:29:10 [INFO] scanner - ✅ Validações OK [BTC/USDT]: Score=7.5, R:R=2.08
2025-10-26 11:29:10 [INFO] scanner - ⏸️  Throttle ativo [BTC/USDT]:
2025-10-26 11:29:10 [INFO] scanner -    ├─ Último alerta há 740.4 minutos
2025-10-26 11:29:10 [INFO] scanner -    ├─ Tempo mínimo: 1800 minutos
2025-10-26 11:29:10 [INFO] scanner -    └─ Próximo permitido em: 1059.6 minutos
2025-10-26 11:29:12 [WARNING] root - Bloco de componentes falhou: cannot unpack non-iterable int object
2025-10-26 11:29:12 [INFO] scanner - ✅ Validações OK [ETH/USDT]: Score=7.8, R:R=2.00
2025-10-26 11:29:12 [INFO] scanner - ⏸️  Throttle ativo [ETH/USDT]:
2025-10-26 11:29:12 [INFO] scanner -    ├─ Último alerta há 740.4 minutos
2025-10-26 11:29:12 [INFO] scanner -    ├─ Tempo mínimo: 1800 minutos
2025-10-26 11:29:12 [INFO] scanner -    └─ Próximo permitido em: 1059.6 minutos
2025-10-26 11:39:35 [INFO] scanner - ============================================================
2025-10-26 11:39:35 [INFO] scanner - 🚀 SCANNER INICIADO
2025-10-26 11:39:35 [INFO] scanner - 📅 Data/Hora: 26/10/2025 11:39:35
2025-10-26 11:39:35 [INFO] scanner - 📂 Log: logs/scanner_2025-10-26.log
2025-10-26 11:39:35 [INFO] scanner - ============================================================
2025-10-26 11:39:35 [INFO] scanner - 📝 PAPER MODE ATIVO - Apenas registro e análise
2025-10-26 11:39:38 [WARNING] root - Bloco de componentes falhou: cannot unpack non-iterable int object
2025-10-26 11:39:38 [INFO] scanner - ✅ Validações OK [BTC/USDT]: Score=7.5, R:R=2.08
2025-10-26 11:39:38 [INFO] scanner - ⏸️  Throttle ativo [BTC/USDT]:
2025-10-26 11:39:38 [INFO] scanner -    ├─ Último alerta há 750.9 minutos
2025-10-26 11:39:38 [INFO] scanner -    ├─ Tempo mínimo: 1800 minutos
2025-10-26 11:39:38 [INFO] scanner -    └─ Próximo permitido em: 1049.1 minutos
2025-10-26 11:39:39 [WARNING] root - Bloco de componentes falhou: cannot unpack non-iterable int object
2025-10-26 11:39:39 [INFO] scanner - ✅ Validações OK [BTC/USDT]: Score=7.5, R:R=2.08
2025-10-26 11:39:39 [INFO] scanner - ⏸️  Throttle ativo [BTC/USDT]:
2025-10-26 11:39:39 [INFO] scanner -    ├─ Último alerta há 750.9 minutos
2025-10-26 11:39:39 [INFO] scanner -    ├─ Tempo mínimo: 1800 minutos
2025-10-26 11:39:39 [INFO] scanner -    └─ Próximo permitido em: 1049.1 minutos
2025-10-26 11:39:41 [WARNING] root - Bloco de componentes falhou: cannot unpack non-iterable int object
2025-10-26 11:39:41 [INFO] scanner - ✅ Validações OK [ETH/USDT]: Score=7.8, R:R=2.00
2025-10-26 11:39:41 [INFO] scanner - ⏸️  Throttle ativo [ETH/USDT]:
2025-10-26 11:39:41 [INFO] scanner -    ├─ Último alerta há 750.9 minutos
2025-10-26 11:39:41 [INFO] scanner -    ├─ Tempo mínimo: 1800 minutos
2025-10-26 11:39:41 [INFO] scanner -    └─ Próximo permitido em: 1049.1 minutos
2025-10-26 11:48:22 [INFO] scanner - ============================================================
2025-10-26 11:48:22 [INFO] scanner - 🚀 SCANNER INICIADO
2025-10-26 11:48:22 [INFO] scanner - 📅 Data/Hora: 26/10/2025 11:48:22
2025-10-26 11:48:22 [INFO] scanner - 📂 Log: logs/scanner_2025-10-26.log
2025-10-26 11:48:22 [INFO] scanner - ============================================================
2025-10-26 11:48:22 [INFO] scanner - 📝 PAPER MODE ATIVO - Apenas registro e análise
2025-10-26 11:48:25 [WARNING] root - Bloco de componentes falhou: cannot unpack non-iterable int object
2025-10-26 11:48:25 [INFO] scanner - ✅ Validações OK [BTC/USDT]: Score=7.5, R:R=2.08
2025-10-26 11:48:25 [INFO] scanner - ⏸️  Throttle ativo [BTC/USDT]:
2025-10-26 11:48:25 [INFO] scanner -    ├─ Último alerta há 759.6 minutos
2025-10-26 11:48:25 [INFO] scanner -    ├─ Tempo mínimo: 1800 minutos
2025-10-26 11:48:25 [INFO] scanner -    └─ Próximo permitido em: 1040.4 minutos
2025-10-26 11:48:25 [WARNING] root - Bloco de componentes falhou: cannot unpack non-iterable int object
2025-10-26 11:48:25 [INFO] scanner - ✅ Validações OK [BTC/USDT]: Score=7.5, R:R=2.08
2025-10-26 11:48:25 [INFO] scanner - ⏸️  Throttle ativo [BTC/USDT]:
2025-10-26 11:48:25 [INFO] scanner -    ├─ Último alerta há 759.6 minutos
2025-10-26 11:48:25 [INFO] scanner -    ├─ Tempo mínimo: 1800 minutos
2025-10-26 11:48:25 [INFO] scanner -    └─ Próximo permitido em: 1040.4 minutos
2025-10-26 11:48:27 [WARNING] root - Bloco de componentes falhou: cannot unpack non-iterable int object
2025-10-26 11:48:27 [INFO] scanner - ✅ Validações OK [ETH/USDT]: Score=7.8, R:R=2.00
2025-10-26 11:48:27 [INFO] scanner - ⏸️  Throttle ativo [ETH/USDT]:
2025-10-26 11:48:27 [INFO] scanner -    ├─ Último alerta há 759.6 minutos
2025-10-26 11:48:27 [INFO] scanner -    ├─ Tempo mínimo: 1800 minutos
2025-10-26 11:48:27 [INFO] scanner -    └─ Próximo permitido em: 1040.4 minutos
2025-10-26 12:11:28 [INFO] scanner - ============================================================
2025-10-26 12:11:28 [INFO] scanner - 🚀 SCANNER INICIADO
2025-10-26 12:11:28 [INFO] scanner - 📅 Data/Hora: 26/10/2025 12:11:28
2025-10-26 12:11:28 [INFO] scanner - 📂 Log: logs/scanner_2025-10-26.log
2025-10-26 12:11:28 [INFO] scanner - ============================================================
2025-10-26 12:11:28 [INFO] scanner - 📝 PAPER MODE ATIVO - Apenas registro e análise
2025-10-26 12:11:32 [WARNING] root - Bloco de componentes falhou: cannot unpack non-iterable int object
2025-10-26 12:11:32 [INFO] scanner - ✅ Validações OK [BTC/USDT]: Score=7.5, R:R=2.08
2025-10-26 12:11:32 [INFO] scanner - ⏸️  Throttle ativo [BTC/USDT]:
2025-10-26 12:11:32 [INFO] scanner -    ├─ Último alerta há 782.7 minutos
2025-10-26 12:11:32 [INFO] scanner -    ├─ Tempo mínimo: 1800 minutos
2025-10-26 12:11:32 [INFO] scanner -    └─ Próximo permitido em: 1017.3 minutos
2025-10-26 12:11:34 [WARNING] root - Bloco de componentes falhou: cannot unpack non-iterable int object
2025-10-26 12:11:34 [INFO] scanner - ✅ Validações OK [ETH/USDT]: Score=7.3, R:R=2.00
2025-10-26 12:11:34 [INFO] scanner - ⏸️  Throttle ativo [ETH/USDT]:
2025-10-26 12:11:34 [INFO] scanner -    ├─ Último alerta há 782.7 minutos
2025-10-26 12:11:34 [INFO] scanner -    ├─ Tempo mínimo: 1800 minutos
2025-10-26 12:11:34 [INFO] scanner -    └─ Próximo permitido em: 1017.3 minutos
2025-10-26 12:28:02 [INFO] scanner - ============================================================
2025-10-26 12:28:02 [INFO] scanner - 🚀 SCANNER INICIADO
2025-10-26 12:28:02 [INFO] scanner - 📅 Data/Hora: 26/10/2025 12:28:02
2025-10-26 12:28:02 [INFO] scanner - 📂 Log: logs/scanner_2025-10-26.log
2025-10-26 12:28:02 [INFO] scanner - ============================================================
2025-10-26 12:28:02 [INFO] scanner - 📝 PAPER MODE ATIVO - Apenas registro e análise
2025-10-26 12:28:05 [WARNING] root - Bloco de componentes falhou: cannot unpack non-iterable int object
2025-10-26 12:28:05 [INFO] scanner - ✅ Validações OK [BTC/USDT]: Score=7.5, R:R=2.08
2025-10-26 12:28:05 [INFO] scanner - ⏸️  Throttle ativo [BTC/USDT]:
2025-10-26 12:28:05 [INFO] scanner -    ├─ Último alerta há 799.3 minutos
2025-10-26 12:28:05 [INFO] scanner -    ├─ Tempo mínimo: 1800 minutos
2025-10-26 12:28:05 [INFO] scanner -    └─ Próximo permitido em: 1000.7 minutos
2025-10-26 12:28:06 [WARNING] root - Bloco de componentes falhou: cannot unpack non-iterable int object
2025-10-26 12:28:06 [INFO] scanner - ✅ Validações OK [BTC/USDT]: Score=7.5, R:R=2.08
2025-10-26 12:28:06 [INFO] scanner - ⏸️  Throttle ativo [BTC/USDT]:
2025-10-26 12:28:06 [INFO] scanner -    ├─ Último alerta há 799.3 minutos
2025-10-26 12:28:06 [INFO] scanner -    ├─ Tempo mínimo: 1800 minutos
2025-10-26 12:28:06 [INFO] scanner -    └─ Próximo permitido em: 1000.7 minutos
2025-10-26 12:28:08 [WARNING] root - Bloco de componentes falhou: cannot unpack non-iterable int object
2025-10-26 12:28:08 [INFO] scanner - ✅ Validações OK [ETH/USDT]: Score=7.3, R:R=2.00
2025-10-26 12:28:08 [INFO] scanner - ⏸️  Throttle ativo [ETH/USDT]:
2025-10-26 12:28:08 [INFO] scanner -    ├─ Último alerta há 799.3 minutos
2025-10-26 12:28:08 [INFO] scanner -    ├─ Tempo mínimo: 1800 minutos
2025-10-26 12:28:08 [INFO] scanner -    └─ Próximo permitido em: 1000.7 minutos
2025-10-26 12:37:36 [INFO] scanner - ============================================================
2025-10-26 12:37:36 [INFO] scanner - 🚀 SCANNER INICIADO
2025-10-26 12:37:36 [INFO] scanner - 📅 Data/Hora: 26/10/2025 12:37:36
2025-10-26 12:37:36 [INFO] scanner - 📂 Log: logs/scanner_2025-10-26.log
2025-10-26 12:37:36 [INFO] scanner - ============================================================
2025-10-26 12:37:36 [INFO] scanner - 📝 PAPER MODE ATIVO - Apenas registro e análise
2025-10-26 12:37:40 [WARNING] root - Bloco de componentes falhou: cannot unpack non-iterable int object
2025-10-26 12:37:40 [INFO] scanner - ✅ Validações OK [BTC/USDT]: Score=7.5, R:R=2.08
2025-10-26 12:37:40 [INFO] scanner - ⏸️  Throttle ativo [BTC/USDT]:
2025-10-26 12:37:40 [INFO] scanner -    ├─ Último alerta há 808.9 minutos
2025-10-26 12:37:40 [INFO] scanner -    ├─ Tempo mínimo: 1800 minutos
2025-10-26 12:37:40 [INFO] scanner -    └─ Próximo permitido em: 991.1 minutos
2025-10-26 12:37:42 [WARNING] root - Bloco de componentes falhou: cannot unpack non-iterable int object
2025-10-26 12:37:42 [INFO] scanner - ✅ Validações OK [ETH/USDT]: Score=7.3, R:R=2.00
2025-10-26 12:37:42 [INFO] scanner - ⏸️  Throttle ativo [ETH/USDT]:
2025-10-26 12:37:42 [INFO] scanner -    ├─ Último alerta há 808.9 minutos
2025-10-26 12:37:42 [INFO] scanner -    ├─ Tempo mínimo: 1800 minutos
2025-10-26 12:37:42 [INFO] scanner -    └─ Próximo permitido em: 991.1 minutos
2025-10-26 12:48:34 [INFO] scanner - ============================================================
2025-10-26 12:48:34 [INFO] scanner - 🚀 SCANNER INICIADO
2025-10-26 12:48:34 [INFO] scanner - 📅 Data/Hora: 26/10/2025 12:48:34
2025-10-26 12:48:34 [INFO] scanner - 📂 Log: logs/scanner_2025-10-26.log
2025-10-26 12:48:34 [INFO] scanner - ============================================================
2025-10-26 12:48:34 [INFO] scanner - 📝 PAPER MODE ATIVO - Apenas registro e análise
2025-10-26 12:48:38 [WARNING] root - Bloco de componentes falhou: cannot unpack non-iterable int object
2025-10-26 12:48:38 [INFO] scanner - ✅ Validações OK [BTC/USDT]: Score=7.5, R:R=2.08
2025-10-26 12:48:38 [INFO] scanner - ⏸️  Throttle ativo [BTC/USDT]:
2025-10-26 12:48:38 [INFO] scanner -    ├─ Último alerta há 819.9 minutos
2025-10-26 12:48:38 [INFO] scanner -    ├─ Tempo mínimo: 1800 minutos
2025-10-26 12:48:38 [INFO] scanner -    └─ Próximo permitido em: 980.1 minutos
2025-10-26 12:48:40 [WARNING] root - Bloco de componentes falhou: cannot unpack non-iterable int object
2025-10-26 12:48:40 [INFO] scanner - ✅ Validações OK [ETH/USDT]: Score=7.3, R:R=2.00
2025-10-26 12:48:40 [INFO] scanner - ⏸️  Throttle ativo [ETH/USDT]:
2025-10-26 12:48:40 [INFO] scanner -    ├─ Último alerta há 819.8 minutos
2025-10-26 12:48:40 [INFO] scanner -    ├─ Tempo mínimo: 1800 minutos
2025-10-26 12:48:40 [INFO] scanner -    └─ Próximo permitido em: 980.2 minutos
2025-10-26 13:14:04 [INFO] scanner - ============================================================
2025-10-26 13:14:04 [INFO] scanner - 🚀 SCANNER INICIADO
2025-10-26 13:14:04 [INFO] scanner - 📅 Data/Hora: 26/10/2025 13:14:04
2025-10-26 13:14:04 [INFO] scanner - 📂 Log: logs/scanner_2025-10-26.log
2025-10-26 13:14:04 [INFO] scanner - ============================================================
2025-10-26 13:14:04 [INFO] scanner - 📝 PAPER MODE ATIVO - Apenas registro e análise
2025-10-26 13:14:08 [WARNING] root - Bloco de componentes falhou: cannot unpack non-iterable int object
2025-10-26 13:14:08 [INFO] scanner - ✅ Validações OK [BTC/USDT]: Score=8.0, R:R=2.08
2025-10-26 13:14:08 [INFO] scanner - ⏸️  Throttle ativo [BTC/USDT]:
2025-10-26 13:14:08 [INFO] scanner -    ├─ Último alerta há 845.4 minutos
2025-10-26 13:14:08 [INFO] scanner -    ├─ Tempo mínimo: 1800 minutos
2025-10-26 13:14:08 [INFO] scanner -    └─ Próximo permitido em: 954.6 minutos
2025-10-26 13:14:08 [WARNING] root - Bloco de componentes falhou: cannot unpack non-iterable int object
2025-10-26 13:14:08 [INFO] scanner - ✅ Validações OK [BTC/USDT]: Score=7.5, R:R=2.08
2025-10-26 13:14:08 [INFO] scanner - ⏸️  Throttle ativo [BTC/USDT]:
2025-10-26 13:14:08 [INFO] scanner -    ├─ Último alerta há 845.4 minutos
2025-10-26 13:14:08 [INFO] scanner -    ├─ Tempo mínimo: 1800 minutos
2025-10-26 13:14:08 [INFO] scanner -    └─ Próximo permitido em: 954.6 minutos
2025-10-26 13:14:08 [WARNING] root - Bloco de componentes falhou: cannot unpack non-iterable int object
2025-10-26 13:14:08 [INFO] scanner - ✅ Validações OK [BTC/USDT]: Score=7.5, R:R=2.08
2025-10-26 13:14:08 [INFO] scanner - ⏸️  Throttle ativo [BTC/USDT]:
2025-10-26 13:14:08 [INFO] scanner -    ├─ Último alerta há 845.4 minutos
2025-10-26 13:14:08 [INFO] scanner -    ├─ Tempo mínimo: 1800 minutos
2025-10-26 13:14:08 [INFO] scanner -    └─ Próximo permitido em: 954.6 minutos
2025-10-26 13:14:10 [WARNING] root - Bloco de componentes falhou: cannot unpack non-iterable int object
2025-10-26 13:14:10 [INFO] scanner - ✅ Validações OK [ETH/USDT]: Score=8.3, R:R=2.00
2025-10-26 13:14:10 [INFO] scanner - ⏸️  Throttle ativo [ETH/USDT]:
2025-10-26 13:14:10 [INFO] scanner -    ├─ Último alerta há 845.4 minutos
2025-10-26 13:14:10 [INFO] scanner -    ├─ Tempo mínimo: 1800 minutos
2025-10-26 13:14:10 [INFO] scanner -    └─ Próximo permitido em: 954.6 minutos
2025-10-26 13:14:10 [WARNING] root - Bloco de componentes falhou: cannot unpack non-iterable int object
2025-10-26 13:14:10 [INFO] scanner - ✅ Validações OK [ETH/USDT]: Score=7.8, R:R=2.00
2025-10-26 13:14:10 [INFO] scanner - ⏸️  Throttle ativo [ETH/USDT]:
2025-10-26 13:14:10 [INFO] scanner -    ├─ Último alerta há 845.4 minutos
2025-10-26 13:14:10 [INFO] scanner -    ├─ Tempo mínimo: 1800 minutos
2025-10-26 13:14:10 [INFO] scanner -    └─ Próximo permitido em: 954.6 minutos
2025-10-26 13:35:27 [INFO] scanner - ============================================================
2025-10-26 13:35:27 [INFO] scanner - 🚀 SCANNER INICIADO
2025-10-26 13:35:27 [INFO] scanner - 📅 Data/Hora: 26/10/2025 13:35:27
2025-10-26 13:35:27 [INFO] scanner - 📂 Log: logs/scanner_2025-10-26.log
2025-10-26 13:35:27 [INFO] scanner - ============================================================
2025-10-26 13:35:27 [INFO] scanner - 📝 PAPER MODE ATIVO - Apenas registro e análise
2025-10-26 13:35:30 [WARNING] root - Bloco de componentes falhou: cannot unpack non-iterable int object
2025-10-26 13:35:30 [INFO] scanner - ✅ Validações OK [BTC/USDT]: Score=8.0, R:R=2.08
2025-10-26 13:35:30 [INFO] scanner - ⏸️  Throttle ativo [BTC/USDT]:
2025-10-26 13:35:30 [INFO] scanner -    ├─ Último alerta há 866.7 minutos
2025-10-26 13:35:30 [INFO] scanner -    ├─ Tempo mínimo: 1800 minutos
2025-10-26 13:35:30 [INFO] scanner -    └─ Próximo permitido em: 933.3 minutos
2025-10-26 13:35:30 [WARNING] root - Bloco de componentes falhou: cannot unpack non-iterable int object
2025-10-26 13:35:30 [INFO] scanner - ✅ Validações OK [BTC/USDT]: Score=7.5, R:R=2.08
2025-10-26 13:35:30 [INFO] scanner - ⏸️  Throttle ativo [BTC/USDT]:
2025-10-26 13:35:30 [INFO] scanner -    ├─ Último alerta há 866.7 minutos
2025-10-26 13:35:30 [INFO] scanner -    ├─ Tempo mínimo: 1800 minutos
2025-10-26 13:35:30 [INFO] scanner -    └─ Próximo permitido em: 933.3 minutos
2025-10-26 13:35:31 [WARNING] root - Bloco de componentes falhou: cannot unpack non-iterable int object
2025-10-26 13:35:31 [INFO] scanner - ✅ Validações OK [BTC/USDT]: Score=7.5, R:R=2.08
2025-10-26 13:35:31 [INFO] scanner - ⏸️  Throttle ativo [BTC/USDT]:
2025-10-26 13:35:31 [INFO] scanner -    ├─ Último alerta há 866.7 minutos
2025-10-26 13:35:31 [INFO] scanner -    ├─ Tempo mínimo: 1800 minutos
2025-10-26 13:35:31 [INFO] scanner -    └─ Próximo permitido em: 933.3 minutos
2025-10-26 13:35:33 [WARNING] root - Bloco de componentes falhou: cannot unpack non-iterable int object
2025-10-26 13:35:33 [INFO] scanner - ✅ Validações OK [ETH/USDT]: Score=8.3, R:R=2.00
2025-10-26 13:35:33 [INFO] scanner - ⏸️  Throttle ativo [ETH/USDT]:
2025-10-26 13:35:33 [INFO] scanner -    ├─ Último alerta há 866.7 minutos
2025-10-26 13:35:33 [INFO] scanner -    ├─ Tempo mínimo: 1800 minutos
2025-10-26 13:35:33 [INFO] scanner -    └─ Próximo permitido em: 933.3 minutos
2025-10-26 13:35:33 [WARNING] root - Bloco de componentes falhou: cannot unpack non-iterable int object
2025-10-26 13:35:33 [INFO] scanner - ✅ Validações OK [ETH/USDT]: Score=7.8, R:R=2.00
2025-10-26 13:35:33 [INFO] scanner - ⏸️  Throttle ativo [ETH/USDT]:
2025-10-26 13:35:33 [INFO] scanner -    ├─ Último alerta há 866.7 minutos
2025-10-26 13:35:33 [INFO] scanner -    ├─ Tempo mínimo: 1800 minutos
2025-10-26 13:35:33 [INFO] scanner -    └─ Próximo permitido em: 933.3 minutos
2025-10-26 13:50:49 [INFO] scanner - ============================================================
2025-10-26 13:50:49 [INFO] scanner - 🚀 SCANNER INICIADO
2025-10-26 13:50:49 [INFO] scanner - 📅 Data/Hora: 26/10/2025 13:50:49
2025-10-26 13:50:49 [INFO] scanner - 📂 Log: logs/scanner_2025-10-26.log
2025-10-26 13:50:49 [INFO] scanner - ============================================================
2025-10-26 13:50:49 [INFO] scanner - 📝 PAPER MODE ATIVO - Apenas registro e análise
2025-10-26 13:50:53 [WARNING] root - Bloco de componentes falhou: cannot unpack non-iterable int object
2025-10-26 13:50:53 [INFO] scanner - ✅ Validações OK [BTC/USDT]: Score=7.5, R:R=2.08
2025-10-26 13:50:53 [INFO] scanner - ⏸️  Throttle ativo [BTC/USDT]:
2025-10-26 13:50:53 [INFO] scanner -    ├─ Último alerta há 882.1 minutos
2025-10-26 13:50:53 [INFO] scanner -    ├─ Tempo mínimo: 1800 minutos
2025-10-26 13:50:53 [INFO] scanner -    └─ Próximo permitido em: 917.9 minutos
2025-10-26 13:50:54 [WARNING] root - Bloco de componentes falhou: cannot unpack non-iterable int object
2025-10-26 13:50:54 [INFO] scanner - ✅ Validações OK [BTC/USDT]: Score=7.5, R:R=2.08
2025-10-26 13:50:54 [INFO] scanner - ⏸️  Throttle ativo [BTC/USDT]:
2025-10-26 13:50:54 [INFO] scanner -    ├─ Último alerta há 882.1 minutos
2025-10-26 13:50:54 [INFO] scanner -    ├─ Tempo mínimo: 1800 minutos
2025-10-26 13:50:54 [INFO] scanner -    └─ Próximo permitido em: 917.9 minutos
2025-10-26 13:50:56 [WARNING] root - Bloco de componentes falhou: cannot unpack non-iterable int object
2025-10-26 13:50:56 [INFO] scanner - ✅ Validações OK [ETH/USDT]: Score=8.3, R:R=2.00
2025-10-26 13:50:56 [INFO] scanner - ⏸️  Throttle ativo [ETH/USDT]:
2025-10-26 13:50:56 [INFO] scanner -    ├─ Último alerta há 882.1 minutos
2025-10-26 13:50:56 [INFO] scanner -    ├─ Tempo mínimo: 1800 minutos
2025-10-26 13:50:56 [INFO] scanner -    └─ Próximo permitido em: 917.9 minutos
2025-10-26 13:50:56 [WARNING] root - Bloco de componentes falhou: cannot unpack non-iterable int object
2025-10-26 13:50:56 [INFO] scanner - ✅ Validações OK [ETH/USDT]: Score=7.8, R:R=2.00
2025-10-26 13:50:56 [INFO] scanner - ⏸️  Throttle ativo [ETH/USDT]:
2025-10-26 13:50:56 [INFO] scanner -    ├─ Último alerta há 882.1 minutos
2025-10-26 13:50:56 [INFO] scanner -    ├─ Tempo mínimo: 1800 minutos
2025-10-26 13:50:56 [INFO] scanner -    └─ Próximo permitido em: 917.9 minutos
2025-10-26 14:10:33 [INFO] scanner - ============================================================
2025-10-26 14:10:33 [INFO] scanner - 🚀 SCANNER INICIADO
2025-10-26 14:10:33 [INFO] scanner - 📅 Data/Hora: 26/10/2025 14:10:33
2025-10-26 14:10:33 [INFO] scanner - 📂 Log: logs/scanner_2025-10-26.log
2025-10-26 14:10:33 [INFO] scanner - ============================================================
2025-10-26 14:10:33 [INFO] scanner - 📝 PAPER MODE ATIVO - Apenas registro e análise
2025-10-26 14:10:36 [WARNING] root - Bloco de componentes falhou: cannot unpack non-iterable int object
2025-10-26 14:10:36 [INFO] scanner - ✅ Validações OK [BTC/USDT]: Score=7.5, R:R=2.08
2025-10-26 14:10:36 [INFO] scanner - ⏸️  Throttle ativo [BTC/USDT]:
2025-10-26 14:10:36 [INFO] scanner -    ├─ Último alerta há 901.8 minutos
2025-10-26 14:10:36 [INFO] scanner -    ├─ Tempo mínimo: 1800 minutos
2025-10-26 14:10:36 [INFO] scanner -    └─ Próximo permitido em: 898.2 minutos
2025-10-26 14:10:37 [WARNING] root - Bloco de componentes falhou: cannot unpack non-iterable int object
2025-10-26 14:10:37 [INFO] scanner - ✅ Validações OK [BTC/USDT]: Score=7.5, R:R=2.08
2025-10-26 14:10:37 [INFO] scanner - ⏸️  Throttle ativo [BTC/USDT]:
2025-10-26 14:10:37 [INFO] scanner -    ├─ Último alerta há 901.8 minutos
2025-10-26 14:10:37 [INFO] scanner -    ├─ Tempo mínimo: 1800 minutos
2025-10-26 14:10:37 [INFO] scanner -    └─ Próximo permitido em: 898.2 minutos
2025-10-26 14:10:39 [WARNING] root - Bloco de componentes falhou: cannot unpack non-iterable int object
2025-10-26 14:10:39 [INFO] scanner - ✅ Validações OK [ETH/USDT]: Score=8.3, R:R=2.00
2025-10-26 14:10:39 [INFO] scanner - ⏸️  Throttle ativo [ETH/USDT]:
2025-10-26 14:10:39 [INFO] scanner -    ├─ Último alerta há 901.8 minutos
2025-10-26 14:10:39 [INFO] scanner -    ├─ Tempo mínimo: 1800 minutos
2025-10-26 14:10:39 [INFO] scanner -    └─ Próximo permitido em: 898.2 minutos
2025-10-26 14:10:39 [WARNING] root - Bloco de componentes falhou: cannot unpack non-iterable int object
2025-10-26 14:10:39 [INFO] scanner - ✅ Validações OK [ETH/USDT]: Score=7.8, R:R=2.00
2025-10-26 14:10:39 [INFO] scanner - ⏸️  Throttle ativo [ETH/USDT]:
2025-10-26 14:10:39 [INFO] scanner -    ├─ Último alerta há 901.8 minutos
2025-10-26 14:10:39 [INFO] scanner -    ├─ Tempo mínimo: 1800 minutos
2025-10-26 14:10:39 [INFO] scanner -    └─ Próximo permitido em: 898.2 minutos
2025-10-26 14:27:56 [INFO] scanner - ============================================================
2025-10-26 14:27:56 [INFO] scanner - 🚀 SCANNER INICIADO
2025-10-26 14:27:56 [INFO] scanner - 📅 Data/Hora: 26/10/2025 14:27:56
2025-10-26 14:27:56 [INFO] scanner - 📂 Log: logs/scanner_2025-10-26.log
2025-10-26 14:27:56 [INFO] scanner - ============================================================
2025-10-26 14:27:56 [INFO] scanner - 📝 PAPER MODE ATIVO - Apenas registro e análise
2025-10-26 14:27:59 [WARNING] root - Bloco de componentes falhou: cannot unpack non-iterable int object
2025-10-26 14:27:59 [INFO] scanner - ✅ Validações OK [BTC/USDT]: Score=7.5, R:R=2.08
2025-10-26 14:27:59 [INFO] scanner - ⏸️  Throttle ativo [BTC/USDT]:
2025-10-26 14:27:59 [INFO] scanner -    ├─ Último alerta há 919.2 minutos
2025-10-26 14:27:59 [INFO] scanner -    ├─ Tempo mínimo: 1800 minutos
2025-10-26 14:27:59 [INFO] scanner -    └─ Próximo permitido em: 880.8 minutos
2025-10-26 14:27:59 [WARNING] root - Bloco de componentes falhou: cannot unpack non-iterable int object
2025-10-26 14:27:59 [INFO] scanner - ✅ Validações OK [BTC/USDT]: Score=7.5, R:R=2.08
2025-10-26 14:27:59 [INFO] scanner - ⏸️  Throttle ativo [BTC/USDT]:
2025-10-26 14:27:59 [INFO] scanner -    ├─ Último alerta há 919.2 minutos
2025-10-26 14:27:59 [INFO] scanner -    ├─ Tempo mínimo: 1800 minutos
2025-10-26 14:27:59 [INFO] scanner -    └─ Próximo permitido em: 880.8 minutos
2025-10-26 14:28:01 [WARNING] root - Bloco de componentes falhou: cannot unpack non-iterable int object
2025-10-26 14:28:01 [INFO] scanner - ✅ Validações OK [ETH/USDT]: Score=8.3, R:R=2.00
2025-10-26 14:28:01 [INFO] scanner - ⏸️  Throttle ativo [ETH/USDT]:
2025-10-26 14:28:01 [INFO] scanner -    ├─ Último alerta há 919.2 minutos
2025-10-26 14:28:01 [INFO] scanner -    ├─ Tempo mínimo: 1800 minutos
2025-10-26 14:28:01 [INFO] scanner -    └─ Próximo permitido em: 880.8 minutos
2025-10-26 14:28:02 [WARNING] root - Bloco de componentes falhou: cannot unpack non-iterable int object
2025-10-26 14:28:02 [INFO] scanner - ✅ Validações OK [ETH/USDT]: Score=7.8, R:R=2.00
2025-10-26 14:28:02 [INFO] scanner - ⏸️  Throttle ativo [ETH/USDT]:
2025-10-26 14:28:02 [INFO] scanner -    ├─ Último alerta há 919.2 minutos
2025-10-26 14:28:02 [INFO] scanner -    ├─ Tempo mínimo: 1800 minutos
2025-10-26 14:28:02 [INFO] scanner -    └─ Próximo permitido em: 880.8 minutos
2025-10-26 14:37:51 [INFO] scanner - ============================================================
2025-10-26 14:37:51 [INFO] scanner - 🚀 SCANNER INICIADO
2025-10-26 14:37:51 [INFO] scanner - 📅 Data/Hora: 26/10/2025 14:37:51
2025-10-26 14:37:51 [INFO] scanner - 📂 Log: logs/scanner_2025-10-26.log
2025-10-26 14:37:51 [INFO] scanner - ============================================================
2025-10-26 14:37:51 [INFO] scanner - 📝 PAPER MODE ATIVO - Apenas registro e análise
2025-10-26 14:37:55 [WARNING] root - Bloco de componentes falhou: cannot unpack non-iterable int object
2025-10-26 14:37:55 [INFO] scanner - ✅ Validações OK [BTC/USDT]: Score=7.5, R:R=2.08
2025-10-26 14:37:55 [INFO] scanner - ⏸️  Throttle ativo [BTC/USDT]:
2025-10-26 14:37:55 [INFO] scanner -    ├─ Último alerta há 929.1 minutos
2025-10-26 14:37:55 [INFO] scanner -    ├─ Tempo mínimo: 1800 minutos
2025-10-26 14:37:55 [INFO] scanner -    └─ Próximo permitido em: 870.9 minutos
2025-10-26 14:37:57 [WARNING] root - Bloco de componentes falhou: cannot unpack non-iterable int object
2025-10-26 14:37:57 [INFO] scanner - ✅ Validações OK [ETH/USDT]: Score=8.3, R:R=2.00
2025-10-26 14:37:57 [INFO] scanner - ⏸️  Throttle ativo [ETH/USDT]:
2025-10-26 14:37:57 [INFO] scanner -    ├─ Último alerta há 929.1 minutos
2025-10-26 14:37:57 [INFO] scanner -    ├─ Tempo mínimo: 1800 minutos
2025-10-26 14:37:57 [INFO] scanner -    └─ Próximo permitido em: 870.9 minutos
2025-10-26 14:37:58 [WARNING] root - Bloco de componentes falhou: cannot unpack non-iterable int object
2025-10-26 14:37:58 [INFO] scanner - ✅ Validações OK [ETH/USDT]: Score=7.8, R:R=2.00
2025-10-26 14:37:58 [INFO] scanner - ⏸️  Throttle ativo [ETH/USDT]:
2025-10-26 14:37:58 [INFO] scanner -    ├─ Último alerta há 929.1 minutos
2025-10-26 14:37:58 [INFO] scanner -    ├─ Tempo mínimo: 1800 minutos
2025-10-26 14:37:58 [INFO] scanner -    └─ Próximo permitido em: 870.9 minutos
2025-10-26 14:48:19 [INFO] scanner - ============================================================
2025-10-26 14:48:19 [INFO] scanner - 🚀 SCANNER INICIADO
2025-10-26 14:48:19 [INFO] scanner - 📅 Data/Hora: 26/10/2025 14:48:19
2025-10-26 14:48:19 [INFO] scanner - 📂 Log: logs/scanner_2025-10-26.log
2025-10-26 14:48:19 [INFO] scanner - ============================================================
2025-10-26 14:48:19 [INFO] scanner - 📝 PAPER MODE ATIVO - Apenas registro e análise
2025-10-26 14:48:22 [WARNING] root - Bloco de componentes falhou: cannot unpack non-iterable int object
2025-10-26 14:48:22 [INFO] scanner - ✅ Validações OK [BTC/USDT]: Score=7.5, R:R=2.08
2025-10-26 14:48:22 [INFO] scanner - ⏸️  Throttle ativo [BTC/USDT]:
2025-10-26 14:48:22 [INFO] scanner -    ├─ Último alerta há 939.6 minutos
2025-10-26 14:48:22 [INFO] scanner -    ├─ Tempo mínimo: 1800 minutos
2025-10-26 14:48:22 [INFO] scanner -    └─ Próximo permitido em: 860.4 minutos
2025-10-26 14:48:25 [WARNING] root - Bloco de componentes falhou: cannot unpack non-iterable int object
2025-10-26 14:48:25 [INFO] scanner - ✅ Validações OK [ETH/USDT]: Score=8.3, R:R=2.00
2025-10-26 14:48:25 [INFO] scanner - ⏸️  Throttle ativo [ETH/USDT]:
2025-10-26 14:48:25 [INFO] scanner -    ├─ Último alerta há 939.6 minutos
2025-10-26 14:48:25 [INFO] scanner -    ├─ Tempo mínimo: 1800 minutos
2025-10-26 14:48:25 [INFO] scanner -    └─ Próximo permitido em: 860.4 minutos
2025-10-26 14:48:25 [WARNING] root - Bloco de componentes falhou: cannot unpack non-iterable int object
2025-10-26 14:48:25 [INFO] scanner - ✅ Validações OK [ETH/USDT]: Score=7.8, R:R=2.00
2025-10-26 14:48:25 [INFO] scanner - ⏸️  Throttle ativo [ETH/USDT]:
2025-10-26 14:48:25 [INFO] scanner -    ├─ Último alerta há 939.6 minutos
2025-10-26 14:48:25 [INFO] scanner -    ├─ Tempo mínimo: 1800 minutos
2025-10-26 14:48:25 [INFO] scanner -    └─ Próximo permitido em: 860.4 minutos
2025-10-26 15:16:35 [INFO] scanner - ============================================================
2025-10-26 15:16:35 [INFO] scanner - 🚀 SCANNER INICIADO
2025-10-26 15:16:35 [INFO] scanner - 📅 Data/Hora: 26/10/2025 15:16:35
2025-10-26 15:16:35 [INFO] scanner - 📂 Log: logs/scanner_2025-10-26.log
2025-10-26 15:16:35 [INFO] scanner - ============================================================
2025-10-26 15:16:35 [INFO] scanner - 📝 PAPER MODE ATIVO - Apenas registro e análise
2025-10-26 15:16:39 [WARNING] root - Bloco de componentes falhou: cannot unpack non-iterable int object
2025-10-26 15:16:39 [INFO] scanner - ✅ Validações OK [BTC/USDT]: Score=7.0, R:R=2.08
2025-10-26 15:16:39 [INFO] scanner - ⏸️  Throttle ativo [BTC/USDT]:
2025-10-26 15:16:39 [INFO] scanner -    ├─ Último alerta há 967.9 minutos
2025-10-26 15:16:39 [INFO] scanner -    ├─ Tempo mínimo: 1800 minutos
2025-10-26 15:16:39 [INFO] scanner -    └─ Próximo permitido em: 832.1 minutos
2025-10-26 15:16:39 [WARNING] root - Bloco de componentes falhou: cannot unpack non-iterable int object
2025-10-26 15:16:39 [INFO] scanner - ✅ Validações OK [BTC/USDT]: Score=7.0, R:R=2.08
2025-10-26 15:16:39 [INFO] scanner - ⏸️  Throttle ativo [BTC/USDT]:
2025-10-26 15:16:39 [INFO] scanner -    ├─ Último alerta há 967.9 minutos
2025-10-26 15:16:39 [INFO] scanner -    ├─ Tempo mínimo: 1800 minutos
2025-10-26 15:16:39 [INFO] scanner -    └─ Próximo permitido em: 832.1 minutos
2025-10-26 15:16:41 [WARNING] root - Bloco de componentes falhou: cannot unpack non-iterable int object
2025-10-26 15:16:41 [INFO] scanner - ✅ Validações OK [ETH/USDT]: Score=7.8, R:R=2.00
2025-10-26 15:16:41 [INFO] scanner - ⏸️  Throttle ativo [ETH/USDT]:
2025-10-26 15:16:41 [INFO] scanner -    ├─ Último alerta há 967.9 minutos
2025-10-26 15:16:41 [INFO] scanner -    ├─ Tempo mínimo: 1800 minutos
2025-10-26 15:16:41 [INFO] scanner -    └─ Próximo permitido em: 832.1 minutos
2025-10-26 15:16:42 [WARNING] root - Bloco de componentes falhou: cannot unpack non-iterable int object
2025-10-26 15:16:42 [INFO] scanner - ✅ Validações OK [ETH/USDT]: Score=7.3, R:R=2.00
2025-10-26 15:16:42 [INFO] scanner - ⏸️  Throttle ativo [ETH/USDT]:
2025-10-26 15:16:42 [INFO] scanner -    ├─ Último alerta há 967.9 minutos
2025-10-26 15:16:42 [INFO] scanner -    ├─ Tempo mínimo: 1800 minutos
2025-10-26 15:16:42 [INFO] scanner -    └─ Próximo permitido em: 832.1 minutos
