2026-01-05 03:27:49 [INFO] scanner - ============================================================
2026-01-05 03:27:49 [INFO] scanner - 🚀 SCANNER INICIADO
2026-01-05 03:27:49 [INFO] scanner - 📅 Data/Hora: 05/01/2026 03:27:49
2026-01-05 03:27:49 [INFO] scanner - 📂 Log: logs/scanner_2026-01-05.log
2026-01-05 03:27:49 [INFO] scanner - ============================================================
2026-01-05 03:27:49 [INFO] scanner - 📝 PAPER MODE ATIVO - Apenas registro e análise
2026-01-05 03:27:52 [WARNING] root - Bloco de componentes falhou: cannot unpack non-iterable int object
2026-01-05 03:27:52 [INFO] scanner - ✅ Validações OK [BTC/USDT]: Score=10.0, R:R=2.08
2026-01-05 03:27:52 [INFO] scanner - ⏸️  Throttle ativo [BTC/USDT]:
2026-01-05 03:27:52 [INFO] scanner -    ├─ Último alerta há 1447.0 minutos
2026-01-05 03:27:52 [INFO] scanner -    ├─ Tempo mínimo: 1800 minutos
2026-01-05 03:27:52 [INFO] scanner -    └─ Próximo permitido em: 353.0 minutos
2026-01-05 03:27:53 [WARNING] root - Bloco de componentes falhou: cannot unpack non-iterable int object
2026-01-05 03:27:53 [INFO] scanner - ✅ Validações OK [BTC/USDT]: Score=7.8, R:R=2.08
2026-01-05 03:27:53 [INFO] scanner - ⏸️  Throttle ativo [BTC/USDT]:
2026-01-05 03:27:53 [INFO] scanner -    ├─ Último alerta há 1447.0 minutos
2026-01-05 03:27:53 [INFO] scanner -    ├─ Tempo mínimo: 1800 minutos
2026-01-05 03:27:53 [INFO] scanner -    └─ Próximo permitido em: 353.0 minutos
2026-01-05 03:27:53 [WARNING] root - Bloco de componentes falhou: cannot unpack non-iterable int object
2026-01-05 03:27:53 [INFO] scanner - ✅ Validações OK [BTC/USDT]: Score=7.8, R:R=2.08
2026-01-05 03:27:53 [INFO] scanner - ⏸️  Throttle ativo [BTC/USDT]:
2026-01-05 03:27:53 [INFO] scanner -    ├─ Último alerta há 1447.0 minutos
2026-01-05 03:27:53 [INFO] scanner -    ├─ Tempo mínimo: 1800 minutos
2026-01-05 03:27:53 [INFO] scanner -    └─ Próximo permitido em: 353.0 minutos
2026-01-05 03:27:55 [WARNING] root - Bloco de componentes falhou: cannot unpack non-iterable int object
2026-01-05 03:27:55 [INFO] scanner - ✅ Validações OK [ETH/USDT]: Score=7.8, R:R=2.00
2026-01-05 03:27:55 [INFO] scanner - ⏸️  Throttle ativo [ETH/USDT]:
2026-01-05 03:27:55 [INFO] scanner -    ├─ Último alerta há 698.9 minutos
2026-01-05 03:27:55 [INFO] scanner -    ├─ Tempo mínimo: 1800 minutos
2026-01-05 03:27:55 [INFO] scanner -    └─ Próximo permitido em: 1101.1 minutos
