2026-03-13 03:41:03 [INFO] scanner - ============================================================
2026-03-13 03:41:03 [INFO] scanner - 🚀 SCANNER INICIADO
2026-03-13 03:41:03 [INFO] scanner - 📅 Data/Hora: 13/03/2026 03:41:03
2026-03-13 03:41:03 [INFO] scanner - 📂 Log: logs/scanner_2026-03-13.log
2026-03-13 03:41:03 [INFO] scanner - ============================================================
2026-03-13 03:41:03 [INFO] scanner - 📝 PAPER MODE ATIVO - Apenas registro e análise
2026-03-13 03:41:06 [WARNING] root - Bloco de componentes falhou: cannot unpack non-iterable int object
2026-03-13 03:41:06 [INFO] scanner - ✅ Validações OK [BTC/USDT]: Score=7.3, R:R=2.08
2026-03-13 03:41:06 [INFO] scanner - ⏸️  Throttle ativo [BTC/USDT]:
2026-03-13 03:41:06 [INFO] scanner -    ├─ Último alerta há 672.7 minutos
2026-03-13 03:41:06 [INFO] scanner -    ├─ Tempo mínimo: 1800 minutos
2026-03-13 03:41:06 [INFO] scanner -    └─ Próximo permitido em: 1127.3 minutos
2026-03-13 03:41:07 [WARNING] root - Bloco de componentes falhou: cannot unpack non-iterable int object
2026-03-13 03:41:07 [INFO] scanner - ✅ Validações OK [BTC/USDT]: Score=7.3, R:R=2.08
2026-03-13 03:41:07 [INFO] scanner - ⏸️  Throttle ativo [BTC/USDT]:
2026-03-13 03:41:07 [INFO] scanner -    ├─ Último alerta há 672.7 minutos
2026-03-13 03:41:07 [INFO] scanner -    ├─ Tempo mínimo: 1800 minutos
2026-03-13 03:41:07 [INFO] scanner -    └─ Próximo permitido em: 1127.3 minutos
2026-03-13 03:41:09 [WARNING] root - Bloco de componentes falhou: cannot unpack non-iterable int object
2026-03-13 03:41:09 [INFO] scanner - ✅ Validações OK [ETH/USDT]: Score=7.8, R:R=2.00
2026-03-13 03:41:09 [INFO] scanner - ⏸️  Throttle ativo [ETH/USDT]:
2026-03-13 03:41:09 [INFO] scanner -    ├─ Último alerta há 1198.6 minutos
2026-03-13 03:41:09 [INFO] scanner -    ├─ Tempo mínimo: 1800 minutos
2026-03-13 03:41:09 [INFO] scanner -    └─ Próximo permitido em: 601.4 minutos
2026-03-13 03:41:09 [WARNING] root - Bloco de componentes falhou: cannot unpack non-iterable int object
2026-03-13 03:41:09 [INFO] scanner - ✅ Validações OK [ETH/USDT]: Score=7.3, R:R=2.00
2026-03-13 03:41:09 [INFO] scanner - ⏸️  Throttle ativo [ETH/USDT]:
2026-03-13 03:41:09 [INFO] scanner -    ├─ Último alerta há 1198.6 minutos
2026-03-13 03:41:09 [INFO] scanner -    ├─ Tempo mínimo: 1800 minutos
2026-03-13 03:41:09 [INFO] scanner -    └─ Próximo permitido em: 601.4 minutos
2026-03-13 03:41:09 [WARNING] root - Bloco de componentes falhou: cannot unpack non-iterable int object
2026-03-13 03:41:09 [INFO] scanner - ✅ Validações OK [ETH/USDT]: Score=7.3, R:R=2.00
2026-03-13 03:41:09 [INFO] scanner - ⏸️  Throttle ativo [ETH/USDT]:
2026-03-13 03:41:09 [INFO] scanner -    ├─ Último alerta há 1198.6 minutos
2026-03-13 03:41:09 [INFO] scanner -    ├─ Tempo mínimo: 1800 minutos
2026-03-13 03:41:09 [INFO] scanner -    └─ Próximo permitido em: 601.4 minutos
