2026-06-07 05:45:48 [INFO] scanner - ============================================================
2026-06-07 05:45:48 [INFO] scanner - 🚀 SCANNER INICIADO
2026-06-07 05:45:48 [INFO] scanner - 📅 Data/Hora: 07/06/2026 05:45:48
2026-06-07 05:45:48 [INFO] scanner - 📂 Log: logs/scanner_2026-06-07.log
2026-06-07 05:45:48 [INFO] scanner - ============================================================
2026-06-07 05:45:48 [INFO] scanner - 📝 PAPER MODE ATIVO - Apenas registro e análise
2026-06-07 05:45:52 [WARNING] root - Bloco de componentes falhou: cannot unpack non-iterable int object
2026-06-07 05:45:52 [INFO] scanner - ✅ Validações OK [BTC/USDT]: Score=7.3, R:R=2.08
2026-06-07 05:45:52 [INFO] scanner - ✅ Throttle OK [BTC/USDT]: Pode enviar
2026-06-07 05:45:52 [INFO] scanner - 📝 Sinal no ledger: 20260607_054552_555572 - BTC/USDT
2026-06-07 05:45:52 [INFO] scanner - 📨 Alerta enviado | ID Ledger: 20260607_054552_555572
2026-06-07 05:45:54 [WARNING] root - Bloco de componentes falhou: cannot unpack non-iterable int object
2026-06-07 05:45:54 [INFO] scanner - ✅ Validações OK [ETH/USDT]: Score=7.3, R:R=2.00
2026-06-07 05:45:54 [INFO] scanner - ✅ Throttle OK [ETH/USDT]: Pode enviar
2026-06-07 05:45:55 [INFO] scanner - 📝 Sinal no ledger: 20260607_054555_149043 - ETH/USDT
2026-06-07 05:45:55 [INFO] scanner - 📨 Alerta enviado | ID Ledger: 20260607_054555_149043
2026-06-07 08:02:01 [INFO] scanner - ============================================================
2026-06-07 08:02:01 [INFO] scanner - 🚀 SCANNER INICIADO
2026-06-07 08:02:01 [INFO] scanner - 📅 Data/Hora: 07/06/2026 08:02:01
2026-06-07 08:02:01 [INFO] scanner - 📂 Log: logs/scanner_2026-06-07.log
2026-06-07 08:02:01 [INFO] scanner - ============================================================
2026-06-07 08:02:01 [INFO] scanner - 📝 PAPER MODE ATIVO - Apenas registro e análise
2026-06-07 08:02:05 [WARNING] root - Bloco de componentes falhou: cannot unpack non-iterable int object
2026-06-07 08:02:05 [INFO] scanner - ✅ Validações OK [BTC/USDT]: Score=7.3, R:R=2.08
2026-06-07 08:02:05 [INFO] scanner - ⏸️  Throttle ativo [BTC/USDT]:
2026-06-07 08:02:05 [INFO] scanner -    ├─ Último alerta há 136.2 minutos
2026-06-07 08:02:05 [INFO] scanner -    ├─ Tempo mínimo: 1800 minutos
2026-06-07 08:02:05 [INFO] scanner -    └─ Próximo permitido em: 1663.8 minutos
2026-06-07 08:02:07 [WARNING] root - Bloco de componentes falhou: cannot unpack non-iterable int object
2026-06-07 08:02:07 [INFO] scanner - ✅ Validações OK [ETH/USDT]: Score=7.3, R:R=2.00
2026-06-07 08:02:07 [INFO] scanner - ⏸️  Throttle ativo [ETH/USDT]:
2026-06-07 08:02:07 [INFO] scanner -    ├─ Último alerta há 136.2 minutos
2026-06-07 08:02:07 [INFO] scanner -    ├─ Tempo mínimo: 1800 minutos
2026-06-07 08:02:07 [INFO] scanner -    └─ Próximo permitido em: 1663.8 minutos
2026-06-07 09:48:36 [INFO] scanner - ============================================================
2026-06-07 09:48:36 [INFO] scanner - 🚀 SCANNER INICIADO
2026-06-07 09:48:36 [INFO] scanner - 📅 Data/Hora: 07/06/2026 09:48:36
2026-06-07 09:48:36 [INFO] scanner - 📂 Log: logs/scanner_2026-06-07.log
2026-06-07 09:48:36 [INFO] scanner - ============================================================
2026-06-07 09:48:36 [INFO] scanner - 📝 PAPER MODE ATIVO - Apenas registro e análise
2026-06-07 09:48:40 [WARNING] root - Bloco de componentes falhou: cannot unpack non-iterable int object
2026-06-07 09:48:40 [INFO] scanner - ✅ Validações OK [BTC/USDT]: Score=7.3, R:R=2.08
2026-06-07 09:48:40 [INFO] scanner - ⏸️  Throttle ativo [BTC/USDT]:
2026-06-07 09:48:40 [INFO] scanner -    ├─ Último alerta há 242.8 minutos
2026-06-07 09:48:40 [INFO] scanner -    ├─ Tempo mínimo: 1800 minutos
2026-06-07 09:48:40 [INFO] scanner -    └─ Próximo permitido em: 1557.2 minutos
2026-06-07 09:48:43 [WARNING] root - Bloco de componentes falhou: cannot unpack non-iterable int object
2026-06-07 09:48:43 [INFO] scanner - ✅ Validações OK [ETH/USDT]: Score=7.3, R:R=2.00
2026-06-07 09:48:43 [INFO] scanner - ⏸️  Throttle ativo [ETH/USDT]:
2026-06-07 09:48:43 [INFO] scanner -    ├─ Último alerta há 242.8 minutos
2026-06-07 09:48:43 [INFO] scanner -    ├─ Tempo mínimo: 1800 minutos
2026-06-07 09:48:43 [INFO] scanner -    └─ Próximo permitido em: 1557.2 minutos
2026-06-07 09:48:43 [WARNING] root - Bloco de componentes falhou: cannot unpack non-iterable int object
2026-06-07 09:48:43 [INFO] scanner - ✅ Validações OK [ETH/USDT]: Score=7.3, R:R=2.00
2026-06-07 09:48:43 [INFO] scanner - ⏸️  Throttle ativo [ETH/USDT]:
2026-06-07 09:48:43 [INFO] scanner -    ├─ Último alerta há 242.8 minutos
2026-06-07 09:48:43 [INFO] scanner -    ├─ Tempo mínimo: 1800 minutos
2026-06-07 09:48:43 [INFO] scanner -    └─ Próximo permitido em: 1557.2 minutos
2026-06-07 11:46:46 [INFO] scanner - ============================================================
2026-06-07 11:46:46 [INFO] scanner - 🚀 SCANNER INICIADO
2026-06-07 11:46:46 [INFO] scanner - 📅 Data/Hora: 07/06/2026 11:46:46
2026-06-07 11:46:46 [INFO] scanner - 📂 Log: logs/scanner_2026-06-07.log
2026-06-07 11:46:46 [INFO] scanner - ============================================================
2026-06-07 11:46:46 [INFO] scanner - 📝 PAPER MODE ATIVO - Apenas registro e análise
2026-06-07 11:46:49 [WARNING] root - Bloco de componentes falhou: cannot unpack non-iterable int object
2026-06-07 11:46:49 [INFO] scanner - ✅ Validações OK [BTC/USDT]: Score=7.3, R:R=2.08
2026-06-07 11:46:49 [INFO] scanner - ⏸️  Throttle ativo [BTC/USDT]:
2026-06-07 11:46:49 [INFO] scanner -    ├─ Último alerta há 361.0 minutos
2026-06-07 11:46:49 [INFO] scanner -    ├─ Tempo mínimo: 1800 minutos
2026-06-07 11:46:49 [INFO] scanner -    └─ Próximo permitido em: 1439.0 minutos
2026-06-07 11:46:52 [WARNING] root - Bloco de componentes falhou: cannot unpack non-iterable int object
2026-06-07 11:46:52 [INFO] scanner - ✅ Validações OK [ETH/USDT]: Score=7.3, R:R=2.00
2026-06-07 11:46:52 [INFO] scanner - ⏸️  Throttle ativo [ETH/USDT]:
2026-06-07 11:46:52 [INFO] scanner -    ├─ Último alerta há 361.0 minutos
2026-06-07 11:46:52 [INFO] scanner -    ├─ Tempo mínimo: 1800 minutos
2026-06-07 11:46:52 [INFO] scanner -    └─ Próximo permitido em: 1439.0 minutos
2026-06-07 13:07:40 [INFO] scanner - ============================================================
2026-06-07 13:07:40 [INFO] scanner - 🚀 SCANNER INICIADO
2026-06-07 13:07:40 [INFO] scanner - 📅 Data/Hora: 07/06/2026 13:07:40
2026-06-07 13:07:40 [INFO] scanner - 📂 Log: logs/scanner_2026-06-07.log
2026-06-07 13:07:40 [INFO] scanner - ============================================================
2026-06-07 13:07:40 [INFO] scanner - 📝 PAPER MODE ATIVO - Apenas registro e análise
2026-06-07 13:07:44 [WARNING] root - Bloco de componentes falhou: cannot unpack non-iterable int object
2026-06-07 13:07:44 [INFO] scanner - ✅ Validações OK [BTC/USDT]: Score=7.3, R:R=2.08
2026-06-07 13:07:44 [INFO] scanner - ⏸️  Throttle ativo [BTC/USDT]:
2026-06-07 13:07:44 [INFO] scanner -    ├─ Último alerta há 441.9 minutos
2026-06-07 13:07:44 [INFO] scanner -    ├─ Tempo mínimo: 1800 minutos
2026-06-07 13:07:44 [INFO] scanner -    └─ Próximo permitido em: 1358.1 minutos
2026-06-07 13:07:46 [WARNING] root - Bloco de componentes falhou: cannot unpack non-iterable int object
2026-06-07 13:07:46 [INFO] scanner - ✅ Validações OK [ETH/USDT]: Score=7.3, R:R=2.00
2026-06-07 13:07:46 [INFO] scanner - ⏸️  Throttle ativo [ETH/USDT]:
2026-06-07 13:07:46 [INFO] scanner -    ├─ Último alerta há 441.9 minutos
2026-06-07 13:07:46 [INFO] scanner -    ├─ Tempo mínimo: 1800 minutos
2026-06-07 13:07:46 [INFO] scanner -    └─ Próximo permitido em: 1358.1 minutos
2026-06-07 14:39:18 [INFO] scanner - ============================================================
2026-06-07 14:39:18 [INFO] scanner - 🚀 SCANNER INICIADO
2026-06-07 14:39:18 [INFO] scanner - 📅 Data/Hora: 07/06/2026 14:39:18
2026-06-07 14:39:18 [INFO] scanner - 📂 Log: logs/scanner_2026-06-07.log
2026-06-07 14:39:18 [INFO] scanner - ============================================================
2026-06-07 14:39:18 [INFO] scanner - 📝 PAPER MODE ATIVO - Apenas registro e análise
2026-06-07 14:39:22 [WARNING] root - Bloco de componentes falhou: cannot unpack non-iterable int object
2026-06-07 14:39:22 [INFO] scanner - ✅ Validações OK [BTC/USDT]: Score=7.3, R:R=2.08
2026-06-07 14:39:22 [INFO] scanner - ⏸️  Throttle ativo [BTC/USDT]:
2026-06-07 14:39:22 [INFO] scanner -    ├─ Último alerta há 533.5 minutos
2026-06-07 14:39:22 [INFO] scanner -    ├─ Tempo mínimo: 1800 minutos
2026-06-07 14:39:22 [INFO] scanner -    └─ Próximo permitido em: 1266.5 minutos
2026-06-07 14:39:25 [WARNING] root - Bloco de componentes falhou: cannot unpack non-iterable int object
2026-06-07 14:39:25 [INFO] scanner - ✅ Validações OK [ETH/USDT]: Score=7.3, R:R=2.00
2026-06-07 14:39:25 [INFO] scanner - ⏸️  Throttle ativo [ETH/USDT]:
2026-06-07 14:39:25 [INFO] scanner -    ├─ Último alerta há 533.5 minutos
2026-06-07 14:39:25 [INFO] scanner -    ├─ Tempo mínimo: 1800 minutos
2026-06-07 14:39:25 [INFO] scanner -    └─ Próximo permitido em: 1266.5 minutos
2026-06-07 15:54:56 [INFO] scanner - ============================================================
2026-06-07 15:54:56 [INFO] scanner - 🚀 SCANNER INICIADO
2026-06-07 15:54:56 [INFO] scanner - 📅 Data/Hora: 07/06/2026 15:54:56
2026-06-07 15:54:56 [INFO] scanner - 📂 Log: logs/scanner_2026-06-07.log
2026-06-07 15:54:56 [INFO] scanner - ============================================================
2026-06-07 15:54:56 [INFO] scanner - 📝 PAPER MODE ATIVO - Apenas registro e análise
2026-06-07 15:55:00 [WARNING] root - Bloco de componentes falhou: cannot unpack non-iterable int object
2026-06-07 15:55:00 [INFO] scanner - ✅ Validações OK [BTC/USDT]: Score=7.3, R:R=2.08
2026-06-07 15:55:00 [INFO] scanner - ⏸️  Throttle ativo [BTC/USDT]:
2026-06-07 15:55:00 [INFO] scanner -    ├─ Último alerta há 609.1 minutos
2026-06-07 15:55:00 [INFO] scanner -    ├─ Tempo mínimo: 1800 minutos
2026-06-07 15:55:00 [INFO] scanner -    └─ Próximo permitido em: 1190.9 minutos
2026-06-07 15:55:02 [WARNING] root - Bloco de componentes falhou: cannot unpack non-iterable int object
2026-06-07 15:55:02 [INFO] scanner - ✅ Validações OK [ETH/USDT]: Score=7.3, R:R=2.00
2026-06-07 15:55:02 [INFO] scanner - ⏸️  Throttle ativo [ETH/USDT]:
2026-06-07 15:55:02 [INFO] scanner -    ├─ Último alerta há 609.1 minutos
2026-06-07 15:55:02 [INFO] scanner -    ├─ Tempo mínimo: 1800 minutos
2026-06-07 15:55:02 [INFO] scanner -    └─ Próximo permitido em: 1190.9 minutos
2026-06-07 17:06:33 [INFO] scanner - ============================================================
2026-06-07 17:06:33 [INFO] scanner - 🚀 SCANNER INICIADO
2026-06-07 17:06:33 [INFO] scanner - 📅 Data/Hora: 07/06/2026 17:06:33
2026-06-07 17:06:33 [INFO] scanner - 📂 Log: logs/scanner_2026-06-07.log
2026-06-07 17:06:33 [INFO] scanner - ============================================================
2026-06-07 17:06:33 [INFO] scanner - 📝 PAPER MODE ATIVO - Apenas registro e análise
2026-06-07 17:06:37 [WARNING] root - Bloco de componentes falhou: cannot unpack non-iterable int object
2026-06-07 17:06:37 [INFO] scanner - ✅ Validações OK [BTC/USDT]: Score=7.3, R:R=2.08
2026-06-07 17:06:37 [INFO] scanner - ⏸️  Throttle ativo [BTC/USDT]:
2026-06-07 17:06:37 [INFO] scanner -    ├─ Último alerta há 680.8 minutos
2026-06-07 17:06:37 [INFO] scanner -    ├─ Tempo mínimo: 1800 minutos
2026-06-07 17:06:37 [INFO] scanner -    └─ Próximo permitido em: 1119.2 minutos
2026-06-07 17:06:39 [WARNING] root - Bloco de componentes falhou: cannot unpack non-iterable int object
2026-06-07 17:06:39 [INFO] scanner - ✅ Validações OK [ETH/USDT]: Score=7.3, R:R=2.00
2026-06-07 17:06:39 [INFO] scanner - ⏸️  Throttle ativo [ETH/USDT]:
2026-06-07 17:06:39 [INFO] scanner -    ├─ Último alerta há 680.7 minutos
2026-06-07 17:06:39 [INFO] scanner -    ├─ Tempo mínimo: 1800 minutos
2026-06-07 17:06:39 [INFO] scanner -    └─ Próximo permitido em: 1119.3 minutos
2026-06-07 18:34:48 [INFO] scanner - ============================================================
2026-06-07 18:34:48 [INFO] scanner - 🚀 SCANNER INICIADO
2026-06-07 18:34:48 [INFO] scanner - 📅 Data/Hora: 07/06/2026 18:34:48
2026-06-07 18:34:48 [INFO] scanner - 📂 Log: logs/scanner_2026-06-07.log
2026-06-07 18:34:48 [INFO] scanner - ============================================================
2026-06-07 18:34:48 [INFO] scanner - 📝 PAPER MODE ATIVO - Apenas registro e análise
2026-06-07 18:34:51 [WARNING] root - Bloco de componentes falhou: cannot unpack non-iterable int object
2026-06-07 18:34:51 [INFO] scanner - ✅ Validações OK [BTC/USDT]: Score=7.3, R:R=2.08
2026-06-07 18:34:51 [INFO] scanner - ⏸️  Throttle ativo [BTC/USDT]:
2026-06-07 18:34:51 [INFO] scanner -    ├─ Último alerta há 769.0 minutos
2026-06-07 18:34:51 [INFO] scanner -    ├─ Tempo mínimo: 1800 minutos
2026-06-07 18:34:51 [INFO] scanner -    └─ Próximo permitido em: 1031.0 minutos
2026-06-07 18:34:53 [WARNING] root - Bloco de componentes falhou: cannot unpack non-iterable int object
2026-06-07 18:34:53 [INFO] scanner - ✅ Validações OK [ETH/USDT]: Score=7.3, R:R=2.00
2026-06-07 18:34:53 [INFO] scanner - ⏸️  Throttle ativo [ETH/USDT]:
2026-06-07 18:34:53 [INFO] scanner -    ├─ Último alerta há 769.0 minutos
2026-06-07 18:34:53 [INFO] scanner -    ├─ Tempo mínimo: 1800 minutos
2026-06-07 18:34:53 [INFO] scanner -    └─ Próximo permitido em: 1031.0 minutos
2026-06-07 19:44:04 [INFO] scanner - ============================================================
2026-06-07 19:44:04 [INFO] scanner - 🚀 SCANNER INICIADO
2026-06-07 19:44:04 [INFO] scanner - 📅 Data/Hora: 07/06/2026 19:44:04
2026-06-07 19:44:04 [INFO] scanner - 📂 Log: logs/scanner_2026-06-07.log
2026-06-07 19:44:04 [INFO] scanner - ============================================================
2026-06-07 19:44:04 [INFO] scanner - 📝 PAPER MODE ATIVO - Apenas registro e análise
2026-06-07 19:44:08 [WARNING] root - Bloco de componentes falhou: cannot unpack non-iterable int object
2026-06-07 19:44:08 [INFO] scanner - ✅ Validações OK [BTC/USDT]: Score=9.3, R:R=2.08
2026-06-07 19:44:08 [INFO] scanner - ⏸️  Throttle ativo [BTC/USDT]:
2026-06-07 19:44:08 [INFO] scanner -    ├─ Último alerta há 838.3 minutos
2026-06-07 19:44:08 [INFO] scanner -    ├─ Tempo mínimo: 1800 minutos
2026-06-07 19:44:08 [INFO] scanner -    └─ Próximo permitido em: 961.7 minutos
2026-06-07 19:44:08 [WARNING] root - Bloco de componentes falhou: cannot unpack non-iterable int object
2026-06-07 19:44:08 [INFO] scanner - ✅ Validações OK [BTC/USDT]: Score=9.8, R:R=2.08
2026-06-07 19:44:08 [INFO] scanner - ⏸️  Throttle ativo [BTC/USDT]:
2026-06-07 19:44:08 [INFO] scanner -    ├─ Último alerta há 838.3 minutos
2026-06-07 19:44:08 [INFO] scanner -    ├─ Tempo mínimo: 1800 minutos
2026-06-07 19:44:08 [INFO] scanner -    └─ Próximo permitido em: 961.7 minutos
2026-06-07 19:44:08 [WARNING] root - Bloco de componentes falhou: cannot unpack non-iterable int object
2026-06-07 19:44:08 [INFO] scanner - ✅ Validações OK [BTC/USDT]: Score=7.8, R:R=2.08
2026-06-07 19:44:08 [INFO] scanner - ⏸️  Throttle ativo [BTC/USDT]:
2026-06-07 19:44:08 [INFO] scanner -    ├─ Último alerta há 838.3 minutos
2026-06-07 19:44:08 [INFO] scanner -    ├─ Tempo mínimo: 1800 minutos
2026-06-07 19:44:08 [INFO] scanner -    └─ Próximo permitido em: 961.7 minutos
2026-06-07 19:44:09 [WARNING] root - Bloco de componentes falhou: cannot unpack non-iterable int object
2026-06-07 19:44:09 [INFO] scanner - ✅ Validações OK [BTC/USDT]: Score=7.8, R:R=2.08
2026-06-07 19:44:09 [INFO] scanner - ⏸️  Throttle ativo [BTC/USDT]:
2026-06-07 19:44:09 [INFO] scanner -    ├─ Último alerta há 838.3 minutos
2026-06-07 19:44:09 [INFO] scanner -    ├─ Tempo mínimo: 1800 minutos
2026-06-07 19:44:09 [INFO] scanner -    └─ Próximo permitido em: 961.7 minutos
2026-06-07 19:44:09 [WARNING] root - Bloco de componentes falhou: cannot unpack non-iterable int object
2026-06-07 19:44:09 [INFO] scanner - ✅ Validações OK [BTC/USDT]: Score=7.8, R:R=2.08
2026-06-07 19:44:09 [INFO] scanner - ⏸️  Throttle ativo [BTC/USDT]:
2026-06-07 19:44:09 [INFO] scanner -    ├─ Último alerta há 838.3 minutos
2026-06-07 19:44:09 [INFO] scanner -    ├─ Tempo mínimo: 1800 minutos
2026-06-07 19:44:09 [INFO] scanner -    └─ Próximo permitido em: 961.7 minutos
2026-06-07 19:44:11 [WARNING] root - Bloco de componentes falhou: cannot unpack non-iterable int object
2026-06-07 19:44:11 [INFO] scanner - ✅ Validações OK [ETH/USDT]: Score=7.8, R:R=2.00
2026-06-07 19:44:11 [INFO] scanner - ⏸️  Throttle ativo [ETH/USDT]:
2026-06-07 19:44:11 [INFO] scanner -    ├─ Último alerta há 838.3 minutos
2026-06-07 19:44:11 [INFO] scanner -    ├─ Tempo mínimo: 1800 minutos
2026-06-07 19:44:11 [INFO] scanner -    └─ Próximo permitido em: 961.7 minutos
2026-06-07 19:44:11 [WARNING] root - Bloco de componentes falhou: cannot unpack non-iterable int object
2026-06-07 19:44:11 [INFO] scanner - ✅ Validações OK [ETH/USDT]: Score=7.8, R:R=2.00
2026-06-07 19:44:11 [INFO] scanner - ⏸️  Throttle ativo [ETH/USDT]:
2026-06-07 19:44:11 [INFO] scanner -    ├─ Último alerta há 838.3 minutos
2026-06-07 19:44:11 [INFO] scanner -    ├─ Tempo mínimo: 1800 minutos
2026-06-07 19:44:11 [INFO] scanner -    └─ Próximo permitido em: 961.7 minutos
2026-06-07 19:44:11 [WARNING] root - Bloco de componentes falhou: cannot unpack non-iterable int object
2026-06-07 19:44:11 [INFO] scanner - ✅ Validações OK [ETH/USDT]: Score=7.8, R:R=2.00
2026-06-07 19:44:11 [INFO] scanner - ⏸️  Throttle ativo [ETH/USDT]:
2026-06-07 19:44:11 [INFO] scanner -    ├─ Último alerta há 838.3 minutos
2026-06-07 19:44:11 [INFO] scanner -    ├─ Tempo mínimo: 1800 minutos
2026-06-07 19:44:11 [INFO] scanner -    └─ Próximo permitido em: 961.7 minutos
2026-06-07 20:45:04 [INFO] scanner - ============================================================
2026-06-07 20:45:04 [INFO] scanner - 🚀 SCANNER INICIADO
2026-06-07 20:45:04 [INFO] scanner - 📅 Data/Hora: 07/06/2026 20:45:04
2026-06-07 20:45:04 [INFO] scanner - 📂 Log: logs/scanner_2026-06-07.log
2026-06-07 20:45:04 [INFO] scanner - ============================================================
2026-06-07 20:45:04 [INFO] scanner - 📝 PAPER MODE ATIVO - Apenas registro e análise
2026-06-07 20:45:08 [WARNING] root - Bloco de componentes falhou: cannot unpack non-iterable int object
2026-06-07 20:45:08 [INFO] scanner - ✅ Validações OK [BTC/USDT]: Score=7.3, R:R=2.08
2026-06-07 20:45:08 [INFO] scanner - ⏸️  Throttle ativo [BTC/USDT]:
2026-06-07 20:45:08 [INFO] scanner -    ├─ Último alerta há 899.3 minutos
2026-06-07 20:45:08 [INFO] scanner -    ├─ Tempo mínimo: 1800 minutos
2026-06-07 20:45:08 [INFO] scanner -    └─ Próximo permitido em: 900.7 minutos
2026-06-07 20:45:10 [WARNING] root - Bloco de componentes falhou: cannot unpack non-iterable int object
2026-06-07 20:45:10 [INFO] scanner - ✅ Validações OK [ETH/USDT]: Score=7.8, R:R=2.00
2026-06-07 20:45:10 [INFO] scanner - ⏸️  Throttle ativo [ETH/USDT]:
2026-06-07 20:45:10 [INFO] scanner -    ├─ Último alerta há 899.3 minutos
2026-06-07 20:45:10 [INFO] scanner -    ├─ Tempo mínimo: 1800 minutos
2026-06-07 20:45:10 [INFO] scanner -    └─ Próximo permitido em: 900.7 minutos
2026-06-07 23:02:03 [INFO] scanner - ============================================================
2026-06-07 23:02:03 [INFO] scanner - 🚀 SCANNER INICIADO
2026-06-07 23:02:03 [INFO] scanner - 📅 Data/Hora: 07/06/2026 23:02:03
2026-06-07 23:02:03 [INFO] scanner - 📂 Log: logs/scanner_2026-06-07.log
2026-06-07 23:02:03 [INFO] scanner - ============================================================
2026-06-07 23:02:03 [INFO] scanner - 📝 PAPER MODE ATIVO - Apenas registro e análise
2026-06-07 23:02:06 [WARNING] root - Bloco de componentes falhou: cannot unpack non-iterable int object
2026-06-07 23:02:06 [INFO] scanner - ✅ Validações OK [BTC/USDT]: Score=7.3, R:R=2.08
2026-06-07 23:02:06 [INFO] scanner - ⏸️  Throttle ativo [BTC/USDT]:
2026-06-07 23:02:06 [INFO] scanner -    ├─ Último alerta há 1036.2 minutos
2026-06-07 23:02:06 [INFO] scanner -    ├─ Tempo mínimo: 1800 minutos
2026-06-07 23:02:06 [INFO] scanner -    └─ Próximo permitido em: 763.8 minutos
2026-06-07 23:02:08 [WARNING] root - Bloco de componentes falhou: cannot unpack non-iterable int object
2026-06-07 23:02:08 [INFO] scanner - ✅ Validações OK [ETH/USDT]: Score=7.3, R:R=2.00
2026-06-07 23:02:08 [INFO] scanner - ⏸️  Throttle ativo [ETH/USDT]:
2026-06-07 23:02:08 [INFO] scanner -    ├─ Último alerta há 1036.2 minutos
2026-06-07 23:02:08 [INFO] scanner -    ├─ Tempo mínimo: 1800 minutos
2026-06-07 23:02:08 [INFO] scanner -    └─ Próximo permitido em: 763.8 minutos
