2025-12-16 03:22:18 [INFO] scanner - ============================================================
2025-12-16 03:22:18 [INFO] scanner - 🚀 SCANNER INICIADO
2025-12-16 03:22:18 [INFO] scanner - 📅 Data/Hora: 16/12/2025 03:22:18
2025-12-16 03:22:18 [INFO] scanner - 📂 Log: logs/scanner_2025-12-16.log
2025-12-16 03:22:18 [INFO] scanner - ============================================================
2025-12-16 03:22:18 [INFO] scanner - 📝 PAPER MODE ATIVO - Apenas registro e análise
2025-12-16 03:22:21 [WARNING] root - Bloco de componentes falhou: cannot unpack non-iterable int object
2025-12-16 03:22:21 [INFO] scanner - ✅ Validações OK [BTC/USDT]: Score=8.3, R:R=2.08
2025-12-16 03:22:21 [INFO] scanner - ✅ Throttle OK [BTC/USDT]: Pode enviar
2025-12-16 03:22:22 [INFO] scanner - 📝 Sinal no ledger: 20251216_032222_556578 - BTC/USDT
2025-12-16 03:22:22 [INFO] scanner - 📨 Alerta enviado | ID Ledger: 20251216_032222_556578
2025-12-16 03:22:22 [WARNING] root - Bloco de componentes falhou: cannot unpack non-iterable int object
2025-12-16 03:22:22 [INFO] scanner - ✅ Validações OK [BTC/USDT]: Score=7.3, R:R=2.08
2025-12-16 03:22:22 [INFO] scanner - ⏸️  Throttle ativo [BTC/USDT]:
2025-12-16 03:22:22 [INFO] scanner -    ├─ Último alerta há 0.0 minutos
2025-12-16 03:22:22 [INFO] scanner -    ├─ Tempo mínimo: 1800 minutos
2025-12-16 03:22:22 [INFO] scanner -    └─ Próximo permitido em: 1800.0 minutos
2025-12-16 03:54:45 [INFO] scanner - ============================================================
2025-12-16 03:54:45 [INFO] scanner - 🚀 SCANNER INICIADO
2025-12-16 03:54:45 [INFO] scanner - 📅 Data/Hora: 16/12/2025 03:54:45
2025-12-16 03:54:45 [INFO] scanner - 📂 Log: logs/scanner_2025-12-16.log
2025-12-16 03:54:45 [INFO] scanner - ============================================================
2025-12-16 03:54:45 [INFO] scanner - 📝 PAPER MODE ATIVO - Apenas registro e análise
2025-12-16 03:54:49 [WARNING] root - Bloco de componentes falhou: cannot unpack non-iterable int object
2025-12-16 03:54:49 [INFO] scanner - ✅ Validações OK [BTC/USDT]: Score=8.3, R:R=2.08
2025-12-16 03:54:49 [INFO] scanner - ⏸️  Throttle ativo [BTC/USDT]:
2025-12-16 03:54:49 [INFO] scanner -    ├─ Último alerta há 32.5 minutos
2025-12-16 03:54:49 [INFO] scanner -    ├─ Tempo mínimo: 1800 minutos
2025-12-16 03:54:49 [INFO] scanner -    └─ Próximo permitido em: 1767.5 minutos
2025-12-16 03:54:51 [WARNING] root - Bloco de componentes falhou: cannot unpack non-iterable int object
2025-12-16 03:54:51 [INFO] scanner - ✅ Validações OK [ETH/USDT]: Score=7.3, R:R=2.00
2025-12-16 03:54:51 [INFO] scanner - ⏸️  Throttle ativo [ETH/USDT]:
2025-12-16 03:54:51 [INFO] scanner -    ├─ Último alerta há 1104.6 minutos
2025-12-16 03:54:51 [INFO] scanner -    ├─ Tempo mínimo: 1800 minutos
2025-12-16 03:54:51 [INFO] scanner -    └─ Próximo permitido em: 695.4 minutos
2025-12-16 03:54:51 [WARNING] root - Bloco de componentes falhou: cannot unpack non-iterable int object
2025-12-16 03:54:51 [INFO] scanner - ✅ Validações OK [ETH/USDT]: Score=7.3, R:R=2.00
2025-12-16 03:54:51 [INFO] scanner - ⏸️  Throttle ativo [ETH/USDT]:
2025-12-16 03:54:51 [INFO] scanner -    ├─ Último alerta há 1104.6 minutos
2025-12-16 03:54:51 [INFO] scanner -    ├─ Tempo mínimo: 1800 minutos
2025-12-16 03:54:51 [INFO] scanner -    └─ Próximo permitido em: 695.4 minutos
2025-12-16 04:18:04 [INFO] scanner - ============================================================
2025-12-16 04:18:04 [INFO] scanner - 🚀 SCANNER INICIADO
2025-12-16 04:18:04 [INFO] scanner - 📅 Data/Hora: 16/12/2025 04:18:04
2025-12-16 04:18:04 [INFO] scanner - 📂 Log: logs/scanner_2025-12-16.log
2025-12-16 04:18:04 [INFO] scanner - ============================================================
2025-12-16 04:18:04 [INFO] scanner - 📝 PAPER MODE ATIVO - Apenas registro e análise
2025-12-16 04:18:08 [WARNING] root - Bloco de componentes falhou: cannot unpack non-iterable int object
2025-12-16 04:18:08 [INFO] scanner - ✅ Validações OK [BTC/USDT]: Score=8.3, R:R=2.08
2025-12-16 04:18:08 [INFO] scanner - ⏸️  Throttle ativo [BTC/USDT]:
2025-12-16 04:18:08 [INFO] scanner -    ├─ Último alerta há 55.8 minutos
2025-12-16 04:18:08 [INFO] scanner -    ├─ Tempo mínimo: 1800 minutos
2025-12-16 04:18:08 [INFO] scanner -    └─ Próximo permitido em: 1744.2 minutos
2025-12-16 04:18:08 [WARNING] root - Bloco de componentes falhou: cannot unpack non-iterable int object
2025-12-16 04:18:08 [INFO] scanner - ✅ Validações OK [BTC/USDT]: Score=7.3, R:R=2.08
2025-12-16 04:18:08 [INFO] scanner - ⏸️  Throttle ativo [BTC/USDT]:
2025-12-16 04:18:08 [INFO] scanner -    ├─ Último alerta há 55.8 minutos
2025-12-16 04:18:08 [INFO] scanner -    ├─ Tempo mínimo: 1800 minutos
2025-12-16 04:18:08 [INFO] scanner -    └─ Próximo permitido em: 1744.2 minutos
2025-12-16 04:18:11 [WARNING] root - Bloco de componentes falhou: cannot unpack non-iterable int object
2025-12-16 04:18:11 [INFO] scanner - ✅ Validações OK [ETH/USDT]: Score=7.3, R:R=2.00
2025-12-16 04:18:11 [INFO] scanner - ⏸️  Throttle ativo [ETH/USDT]:
2025-12-16 04:18:11 [INFO] scanner -    ├─ Último alerta há 1127.9 minutos
2025-12-16 04:18:11 [INFO] scanner -    ├─ Tempo mínimo: 1800 minutos
2025-12-16 04:18:11 [INFO] scanner -    └─ Próximo permitido em: 672.1 minutos
2025-12-16 04:41:34 [INFO] scanner - ============================================================
2025-12-16 04:41:34 [INFO] scanner - 🚀 SCANNER INICIADO
2025-12-16 04:41:34 [INFO] scanner - 📅 Data/Hora: 16/12/2025 04:41:34
2025-12-16 04:41:34 [INFO] scanner - 📂 Log: logs/scanner_2025-12-16.log
2025-12-16 04:41:34 [INFO] scanner - ============================================================
2025-12-16 04:41:34 [INFO] scanner - 📝 PAPER MODE ATIVO - Apenas registro e análise
2025-12-16 04:41:38 [WARNING] root - Bloco de componentes falhou: cannot unpack non-iterable int object
2025-12-16 04:41:38 [INFO] scanner - ✅ Validações OK [BTC/USDT]: Score=8.3, R:R=2.08
2025-12-16 04:41:38 [INFO] scanner - ⏸️  Throttle ativo [BTC/USDT]:
2025-12-16 04:41:38 [INFO] scanner -    ├─ Último alerta há 79.3 minutos
2025-12-16 04:41:38 [INFO] scanner -    ├─ Tempo mínimo: 1800 minutos
2025-12-16 04:41:38 [INFO] scanner -    └─ Próximo permitido em: 1720.7 minutos
2025-12-16 04:41:39 [WARNING] root - Bloco de componentes falhou: cannot unpack non-iterable int object
2025-12-16 04:41:39 [INFO] scanner - ✅ Validações OK [BTC/USDT]: Score=7.3, R:R=2.08
2025-12-16 04:41:39 [INFO] scanner - ⏸️  Throttle ativo [BTC/USDT]:
2025-12-16 04:41:39 [INFO] scanner -    ├─ Último alerta há 79.3 minutos
2025-12-16 04:41:39 [INFO] scanner -    ├─ Tempo mínimo: 1800 minutos
2025-12-16 04:41:39 [INFO] scanner -    └─ Próximo permitido em: 1720.7 minutos
2025-12-16 04:41:41 [WARNING] root - Bloco de componentes falhou: cannot unpack non-iterable int object
2025-12-16 04:41:41 [INFO] scanner - ✅ Validações OK [ETH/USDT]: Score=7.3, R:R=2.00
2025-12-16 04:41:41 [INFO] scanner - ⏸️  Throttle ativo [ETH/USDT]:
2025-12-16 04:41:41 [INFO] scanner -    ├─ Último alerta há 1151.5 minutos
2025-12-16 04:41:41 [INFO] scanner -    ├─ Tempo mínimo: 1800 minutos
2025-12-16 04:41:41 [INFO] scanner -    └─ Próximo permitido em: 648.5 minutos
2025-12-16 04:41:41 [WARNING] root - Bloco de componentes falhou: cannot unpack non-iterable int object
2025-12-16 04:41:41 [INFO] scanner - ✅ Validações OK [ETH/USDT]: Score=7.3, R:R=2.00
2025-12-16 04:41:41 [INFO] scanner - ⏸️  Throttle ativo [ETH/USDT]:
2025-12-16 04:41:41 [INFO] scanner -    ├─ Último alerta há 1151.5 minutos
2025-12-16 04:41:41 [INFO] scanner -    ├─ Tempo mínimo: 1800 minutos
2025-12-16 04:41:41 [INFO] scanner -    └─ Próximo permitido em: 648.5 minutos
2025-12-16 04:51:30 [INFO] scanner - ============================================================
2025-12-16 04:51:30 [INFO] scanner - 🚀 SCANNER INICIADO
2025-12-16 04:51:30 [INFO] scanner - 📅 Data/Hora: 16/12/2025 04:51:30
2025-12-16 04:51:30 [INFO] scanner - 📂 Log: logs/scanner_2025-12-16.log
2025-12-16 04:51:30 [INFO] scanner - ============================================================
2025-12-16 04:51:30 [INFO] scanner - 📝 PAPER MODE ATIVO - Apenas registro e análise
2025-12-16 04:51:34 [WARNING] root - Bloco de componentes falhou: cannot unpack non-iterable int object
2025-12-16 04:51:34 [INFO] scanner - ✅ Validações OK [BTC/USDT]: Score=8.3, R:R=2.08
2025-12-16 04:51:34 [INFO] scanner - ⏸️  Throttle ativo [BTC/USDT]:
2025-12-16 04:51:34 [INFO] scanner -    ├─ Último alerta há 89.2 minutos
2025-12-16 04:51:34 [INFO] scanner -    ├─ Tempo mínimo: 1800 minutos
2025-12-16 04:51:34 [INFO] scanner -    └─ Próximo permitido em: 1710.8 minutos
2025-12-16 04:51:34 [WARNING] root - Bloco de componentes falhou: cannot unpack non-iterable int object
2025-12-16 04:51:34 [INFO] scanner - ✅ Validações OK [BTC/USDT]: Score=7.3, R:R=2.08
2025-12-16 04:51:34 [INFO] scanner - ⏸️  Throttle ativo [BTC/USDT]:
2025-12-16 04:51:34 [INFO] scanner -    ├─ Último alerta há 89.2 minutos
2025-12-16 04:51:34 [INFO] scanner -    ├─ Tempo mínimo: 1800 minutos
2025-12-16 04:51:34 [INFO] scanner -    └─ Próximo permitido em: 1710.8 minutos
2025-12-16 04:51:34 [WARNING] root - Bloco de componentes falhou: cannot unpack non-iterable int object
2025-12-16 04:51:34 [INFO] scanner - ✅ Validações OK [BTC/USDT]: Score=7.3, R:R=2.08
2025-12-16 04:51:34 [INFO] scanner - ⏸️  Throttle ativo [BTC/USDT]:
2025-12-16 04:51:34 [INFO] scanner -    ├─ Último alerta há 89.2 minutos
2025-12-16 04:51:34 [INFO] scanner -    ├─ Tempo mínimo: 1800 minutos
2025-12-16 04:51:34 [INFO] scanner -    └─ Próximo permitido em: 1710.8 minutos
2025-12-16 04:51:36 [WARNING] root - Bloco de componentes falhou: cannot unpack non-iterable int object
2025-12-16 04:51:36 [INFO] scanner - ✅ Validações OK [ETH/USDT]: Score=7.3, R:R=2.00
2025-12-16 04:51:36 [INFO] scanner - ⏸️  Throttle ativo [ETH/USDT]:
2025-12-16 04:51:36 [INFO] scanner -    ├─ Último alerta há 1161.4 minutos
2025-12-16 04:51:36 [INFO] scanner -    ├─ Tempo mínimo: 1800 minutos
2025-12-16 04:51:36 [INFO] scanner -    └─ Próximo permitido em: 638.6 minutos
2025-12-16 04:51:36 [WARNING] root - Bloco de componentes falhou: cannot unpack non-iterable int object
2025-12-16 04:51:36 [INFO] scanner - ✅ Validações OK [ETH/USDT]: Score=7.3, R:R=2.00
2025-12-16 04:51:36 [INFO] scanner - ⏸️  Throttle ativo [ETH/USDT]:
2025-12-16 04:51:36 [INFO] scanner -    ├─ Último alerta há 1161.4 minutos
2025-12-16 04:51:36 [INFO] scanner -    ├─ Tempo mínimo: 1800 minutos
2025-12-16 04:51:36 [INFO] scanner -    └─ Próximo permitido em: 638.6 minutos
2025-12-16 05:20:17 [INFO] scanner - ============================================================
2025-12-16 05:20:17 [INFO] scanner - 🚀 SCANNER INICIADO
2025-12-16 05:20:17 [INFO] scanner - 📅 Data/Hora: 16/12/2025 05:20:17
2025-12-16 05:20:17 [INFO] scanner - 📂 Log: logs/scanner_2025-12-16.log
2025-12-16 05:20:17 [INFO] scanner - ============================================================
2025-12-16 05:20:17 [INFO] scanner - 📝 PAPER MODE ATIVO - Apenas registro e análise
2025-12-16 05:51:34 [INFO] scanner - ============================================================
2025-12-16 05:51:34 [INFO] scanner - 🚀 SCANNER INICIADO
2025-12-16 05:51:34 [INFO] scanner - 📅 Data/Hora: 16/12/2025 05:51:34
2025-12-16 05:51:34 [INFO] scanner - 📂 Log: logs/scanner_2025-12-16.log
2025-12-16 05:51:34 [INFO] scanner - ============================================================
2025-12-16 05:51:34 [INFO] scanner - 📝 PAPER MODE ATIVO - Apenas registro e análise
2025-12-16 05:51:40 [WARNING] root - Bloco de componentes falhou: cannot unpack non-iterable int object
2025-12-16 05:51:40 [INFO] scanner - ✅ Validações OK [ETH/USDT]: Score=7.3, R:R=2.00
2025-12-16 05:51:40 [INFO] scanner - ⏸️  Throttle ativo [ETH/USDT]:
2025-12-16 05:51:40 [INFO] scanner -    ├─ Último alerta há 1221.4 minutos
2025-12-16 05:51:40 [INFO] scanner -    ├─ Tempo mínimo: 1800 minutos
2025-12-16 05:51:40 [INFO] scanner -    └─ Próximo permitido em: 578.6 minutos
