2026-06-22 08:36:45 [INFO] scanner - ============================================================
2026-06-22 08:36:45 [INFO] scanner - 🚀 SCANNER INICIADO
2026-06-22 08:36:45 [INFO] scanner - 📅 Data/Hora: 22/06/2026 08:36:45
2026-06-22 08:36:45 [INFO] scanner - 📂 Log: logs/scanner_2026-06-22.log
2026-06-22 08:36:45 [INFO] scanner - ============================================================
2026-06-22 08:36:45 [INFO] scanner - 📝 PAPER MODE ATIVO - Apenas registro e análise
2026-06-22 08:36:51 [WARNING] root - Bloco de componentes falhou: cannot unpack non-iterable int object
2026-06-22 08:36:51 [INFO] scanner - ✅ Validações OK [ETH/USDT]: Score=7.3, R:R=2.00
2026-06-22 08:36:51 [INFO] scanner - ⏸️  Throttle ativo [ETH/USDT]:
2026-06-22 08:36:51 [INFO] scanner -    ├─ Último alerta há 700.6 minutos
2026-06-22 08:36:51 [INFO] scanner -    ├─ Tempo mínimo: 1800 minutos
2026-06-22 08:36:51 [INFO] scanner -    └─ Próximo permitido em: 1099.4 minutos
2026-06-22 13:16:59 [INFO] scanner - ============================================================
2026-06-22 13:16:59 [INFO] scanner - 🚀 SCANNER INICIADO
2026-06-22 13:16:59 [INFO] scanner - 📅 Data/Hora: 22/06/2026 13:16:59
2026-06-22 13:16:59 [INFO] scanner - 📂 Log: logs/scanner_2026-06-22.log
2026-06-22 13:16:59 [INFO] scanner - ============================================================
2026-06-22 13:16:59 [INFO] scanner - 📝 PAPER MODE ATIVO - Apenas registro e análise
2026-06-22 13:17:03 [WARNING] root - Bloco de componentes falhou: cannot unpack non-iterable int object
2026-06-22 13:17:03 [INFO] scanner - ✅ Validações OK [BTC/USDT]: Score=7.3, R:R=2.08
2026-06-22 13:17:03 [INFO] scanner - ✅ Throttle OK [BTC/USDT]: Pode enviar
2026-06-22 13:17:03 [INFO] scanner - 📝 Sinal no ledger: 20260622_131703_773930 - BTC/USDT
2026-06-22 13:17:03 [INFO] scanner - 📨 Alerta enviado | ID Ledger: 20260622_131703_773930
2026-06-22 13:17:06 [WARNING] root - Bloco de componentes falhou: cannot unpack non-iterable int object
2026-06-22 13:17:06 [INFO] scanner - ✅ Validações OK [ETH/USDT]: Score=7.3, R:R=2.00
2026-06-22 13:17:06 [INFO] scanner - ⏸️  Throttle ativo [ETH/USDT]:
2026-06-22 13:17:06 [INFO] scanner -    ├─ Último alerta há 980.9 minutos
2026-06-22 13:17:06 [INFO] scanner -    ├─ Tempo mínimo: 1800 minutos
2026-06-22 13:17:06 [INFO] scanner -    └─ Próximo permitido em: 819.1 minutos
2026-06-22 13:17:06 [WARNING] root - Bloco de componentes falhou: cannot unpack non-iterable int object
2026-06-22 13:17:06 [INFO] scanner - ✅ Validações OK [ETH/USDT]: Score=7.3, R:R=2.00
2026-06-22 13:17:06 [INFO] scanner - ⏸️  Throttle ativo [ETH/USDT]:
2026-06-22 13:17:06 [INFO] scanner -    ├─ Último alerta há 980.9 minutos
2026-06-22 13:17:06 [INFO] scanner -    ├─ Tempo mínimo: 1800 minutos
2026-06-22 13:17:06 [INFO] scanner -    └─ Próximo permitido em: 819.1 minutos
2026-06-22 16:52:12 [INFO] scanner - ============================================================
2026-06-22 16:52:12 [INFO] scanner - 🚀 SCANNER INICIADO
2026-06-22 16:52:12 [INFO] scanner - 📅 Data/Hora: 22/06/2026 16:52:12
2026-06-22 16:52:12 [INFO] scanner - 📂 Log: logs/scanner_2026-06-22.log
2026-06-22 16:52:12 [INFO] scanner - ============================================================
2026-06-22 16:52:12 [INFO] scanner - 📝 PAPER MODE ATIVO - Apenas registro e análise
2026-06-22 16:52:15 [WARNING] root - Bloco de componentes falhou: cannot unpack non-iterable int object
2026-06-22 16:52:15 [INFO] scanner - ✅ Validações OK [BTC/USDT]: Score=7.3, R:R=2.08
2026-06-22 16:52:15 [INFO] scanner - ⏸️  Throttle ativo [BTC/USDT]:
2026-06-22 16:52:15 [INFO] scanner -    ├─ Último alerta há 215.2 minutos
2026-06-22 16:52:15 [INFO] scanner -    ├─ Tempo mínimo: 1800 minutos
2026-06-22 16:52:15 [INFO] scanner -    └─ Próximo permitido em: 1584.8 minutos
2026-06-22 16:52:18 [WARNING] root - Bloco de componentes falhou: cannot unpack non-iterable int object
2026-06-22 16:52:18 [INFO] scanner - ✅ Validações OK [ETH/USDT]: Score=7.3, R:R=2.00
2026-06-22 16:52:18 [INFO] scanner - ⏸️  Throttle ativo [ETH/USDT]:
2026-06-22 16:52:18 [INFO] scanner -    ├─ Último alerta há 1196.1 minutos
2026-06-22 16:52:18 [INFO] scanner -    ├─ Tempo mínimo: 1800 minutos
2026-06-22 16:52:18 [INFO] scanner -    └─ Próximo permitido em: 603.9 minutos
2026-06-22 18:55:48 [INFO] scanner - ============================================================
2026-06-22 18:55:48 [INFO] scanner - 🚀 SCANNER INICIADO
2026-06-22 18:55:48 [INFO] scanner - 📅 Data/Hora: 22/06/2026 18:55:48
2026-06-22 18:55:48 [INFO] scanner - 📂 Log: logs/scanner_2026-06-22.log
2026-06-22 18:55:48 [INFO] scanner - ============================================================
2026-06-22 18:55:48 [INFO] scanner - 📝 PAPER MODE ATIVO - Apenas registro e análise
2026-06-22 18:55:52 [WARNING] root - Bloco de componentes falhou: cannot unpack non-iterable int object
2026-06-22 18:55:52 [INFO] scanner - ✅ Validações OK [BTC/USDT]: Score=7.3, R:R=2.08
2026-06-22 18:55:52 [INFO] scanner - ⏸️  Throttle ativo [BTC/USDT]:
2026-06-22 18:55:52 [INFO] scanner -    ├─ Último alerta há 338.8 minutos
2026-06-22 18:55:52 [INFO] scanner -    ├─ Tempo mínimo: 1800 minutos
2026-06-22 18:55:52 [INFO] scanner -    └─ Próximo permitido em: 1461.2 minutos
