2026-03-30 04:17:01 [INFO] scanner - ============================================================
2026-03-30 04:17:01 [INFO] scanner - 🚀 SCANNER INICIADO
2026-03-30 04:17:01 [INFO] scanner - 📅 Data/Hora: 30/03/2026 04:17:01
2026-03-30 04:17:01 [INFO] scanner - 📂 Log: logs/scanner_2026-03-30.log
2026-03-30 04:17:01 [INFO] scanner - ============================================================
2026-03-30 04:17:01 [INFO] scanner - 📝 PAPER MODE ATIVO - Apenas registro e análise
2026-03-30 04:17:06 [WARNING] root - Bloco de componentes falhou: cannot unpack non-iterable int object
2026-03-30 04:17:06 [INFO] scanner - ✅ Validações OK [ETH/USDT]: Score=7.3, R:R=2.00
2026-03-30 04:17:06 [INFO] scanner - ⏸️  Throttle ativo [ETH/USDT]:
2026-03-30 04:17:06 [INFO] scanner -    ├─ Último alerta há 441.6 minutos
2026-03-30 04:17:06 [INFO] scanner -    ├─ Tempo mínimo: 1800 minutos
2026-03-30 04:17:06 [INFO] scanner -    └─ Próximo permitido em: 1358.4 minutos
2026-03-30 05:52:51 [INFO] scanner - ============================================================
2026-03-30 05:52:51 [INFO] scanner - 🚀 SCANNER INICIADO
2026-03-30 05:52:51 [INFO] scanner - 📅 Data/Hora: 30/03/2026 05:52:51
2026-03-30 05:52:51 [INFO] scanner - 📂 Log: logs/scanner_2026-03-30.log
2026-03-30 05:52:51 [INFO] scanner - ============================================================
2026-03-30 05:52:51 [INFO] scanner - 📝 PAPER MODE ATIVO - Apenas registro e análise
2026-03-30 05:52:54 [WARNING] root - Bloco de componentes falhou: cannot unpack non-iterable int object
2026-03-30 05:52:54 [INFO] scanner - ✅ Validações OK [BTC/USDT]: Score=7.3, R:R=2.08
2026-03-30 05:52:54 [INFO] scanner - ⏸️  Throttle ativo [BTC/USDT]:
2026-03-30 05:52:54 [INFO] scanner -    ├─ Último alerta há 537.5 minutos
2026-03-30 05:52:54 [INFO] scanner -    ├─ Tempo mínimo: 1800 minutos
2026-03-30 05:52:54 [INFO] scanner -    └─ Próximo permitido em: 1262.5 minutos
2026-03-30 05:52:57 [WARNING] root - Bloco de componentes falhou: cannot unpack non-iterable int object
2026-03-30 05:52:57 [INFO] scanner - ✅ Validações OK [ETH/USDT]: Score=7.3, R:R=2.00
2026-03-30 05:52:57 [INFO] scanner - ⏸️  Throttle ativo [ETH/USDT]:
2026-03-30 05:52:57 [INFO] scanner -    ├─ Último alerta há 537.5 minutos
2026-03-30 05:52:57 [INFO] scanner -    ├─ Tempo mínimo: 1800 minutos
2026-03-30 05:52:57 [INFO] scanner -    └─ Próximo permitido em: 1262.5 minutos
2026-03-30 05:52:57 [WARNING] root - Bloco de componentes falhou: cannot unpack non-iterable int object
2026-03-30 05:52:57 [INFO] scanner - ✅ Validações OK [ETH/USDT]: Score=7.3, R:R=2.00
2026-03-30 05:52:57 [INFO] scanner - ⏸️  Throttle ativo [ETH/USDT]:
2026-03-30 05:52:57 [INFO] scanner -    ├─ Último alerta há 537.5 minutos
2026-03-30 05:52:57 [INFO] scanner -    ├─ Tempo mínimo: 1800 minutos
2026-03-30 05:52:57 [INFO] scanner -    └─ Próximo permitido em: 1262.5 minutos
