2026-03-16 04:06:23 [INFO] scanner - ============================================================
2026-03-16 04:06:23 [INFO] scanner - 🚀 SCANNER INICIADO
2026-03-16 04:06:23 [INFO] scanner - 📅 Data/Hora: 16/03/2026 04:06:23
2026-03-16 04:06:23 [INFO] scanner - 📂 Log: logs/scanner_2026-03-16.log
2026-03-16 04:06:23 [INFO] scanner - ============================================================
2026-03-16 04:06:23 [INFO] scanner - 📝 PAPER MODE ATIVO - Apenas registro e análise
2026-03-16 04:06:27 [WARNING] root - Bloco de componentes falhou: cannot unpack non-iterable int object
2026-03-16 04:06:27 [INFO] scanner - ✅ Validações OK [BTC/USDT]: Score=7.8, R:R=2.08
2026-03-16 04:06:27 [INFO] scanner - ⏸️  Throttle ativo [BTC/USDT]:
2026-03-16 04:06:27 [INFO] scanner -    ├─ Último alerta há 1020.3 minutos
2026-03-16 04:06:27 [INFO] scanner -    ├─ Tempo mínimo: 1800 minutos
2026-03-16 04:06:27 [INFO] scanner -    └─ Próximo permitido em: 779.7 minutos
2026-03-16 04:06:27 [WARNING] root - Bloco de componentes falhou: cannot unpack non-iterable int object
2026-03-16 04:06:27 [INFO] scanner - ✅ Validações OK [BTC/USDT]: Score=7.8, R:R=2.08
2026-03-16 04:06:27 [INFO] scanner - ⏸️  Throttle ativo [BTC/USDT]:
2026-03-16 04:06:27 [INFO] scanner -    ├─ Último alerta há 1020.3 minutos
2026-03-16 04:06:27 [INFO] scanner -    ├─ Tempo mínimo: 1800 minutos
2026-03-16 04:06:27 [INFO] scanner -    └─ Próximo permitido em: 779.7 minutos
2026-03-16 04:06:29 [WARNING] root - Bloco de componentes falhou: cannot unpack non-iterable int object
2026-03-16 04:06:29 [INFO] scanner - ✅ Validações OK [ETH/USDT]: Score=7.8, R:R=2.00
2026-03-16 04:06:29 [INFO] scanner - ✅ Throttle OK [ETH/USDT]: Pode enviar
2026-03-16 04:06:30 [WARNING] root - Bloco de componentes falhou: cannot unpack non-iterable int object
2026-03-16 04:06:30 [INFO] scanner - ✅ Validações OK [ETH/USDT]: Score=7.8, R:R=2.00
2026-03-16 04:06:30 [INFO] scanner - ⏸️  Throttle ativo [ETH/USDT]:
2026-03-16 04:06:30 [INFO] scanner -    ├─ Último alerta há 0.0 minutos
2026-03-16 04:06:30 [INFO] scanner -    ├─ Tempo mínimo: 1800 minutos
2026-03-16 04:06:30 [INFO] scanner -    └─ Próximo permitido em: 1800.0 minutos
