2026-01-19 03:27:30 [INFO] scanner - ============================================================
2026-01-19 03:27:30 [INFO] scanner - 🚀 SCANNER INICIADO
2026-01-19 03:27:30 [INFO] scanner - 📅 Data/Hora: 19/01/2026 03:27:30
2026-01-19 03:27:30 [INFO] scanner - 📂 Log: logs/scanner_2026-01-19.log
2026-01-19 03:27:30 [INFO] scanner - ============================================================
2026-01-19 03:27:30 [INFO] scanner - 📝 PAPER MODE ATIVO - Apenas registro e análise
2026-01-19 03:27:33 [WARNING] root - Bloco de componentes falhou: cannot unpack non-iterable int object
2026-01-19 03:27:33 [INFO] scanner - ✅ Validações OK [BTC/USDT]: Score=8.3, R:R=2.08
2026-01-19 03:27:33 [INFO] scanner - ⏸️  Throttle ativo [BTC/USDT]:
2026-01-19 03:27:33 [INFO] scanner -    ├─ Último alerta há 639.5 minutos
2026-01-19 03:27:33 [INFO] scanner -    ├─ Tempo mínimo: 1800 minutos
2026-01-19 03:27:33 [INFO] scanner -    └─ Próximo permitido em: 1160.5 minutos
2026-01-19 04:02:41 [INFO] scanner - ============================================================
2026-01-19 04:02:41 [INFO] scanner - 🚀 SCANNER INICIADO
2026-01-19 04:02:41 [INFO] scanner - 📅 Data/Hora: 19/01/2026 04:02:41
2026-01-19 04:02:41 [INFO] scanner - 📂 Log: logs/scanner_2026-01-19.log
2026-01-19 04:02:41 [INFO] scanner - ============================================================
2026-01-19 04:02:41 [INFO] scanner - 📝 PAPER MODE ATIVO - Apenas registro e análise
2026-01-19 04:02:46 [WARNING] root - Bloco de componentes falhou: cannot unpack non-iterable int object
2026-01-19 04:02:46 [INFO] scanner - ✅ Validações OK [ETH/USDT]: Score=8.3, R:R=2.00
2026-01-19 04:02:46 [INFO] scanner - ⏸️  Throttle ativo [ETH/USDT]:
2026-01-19 04:02:46 [INFO] scanner -    ├─ Último alerta há 887.0 minutos
2026-01-19 04:02:46 [INFO] scanner -    ├─ Tempo mínimo: 1800 minutos
2026-01-19 04:02:46 [INFO] scanner -    └─ Próximo permitido em: 913.0 minutos
2026-01-19 04:41:21 [INFO] scanner - ============================================================
2026-01-19 04:41:21 [INFO] scanner - 🚀 SCANNER INICIADO
2026-01-19 04:41:21 [INFO] scanner - 📅 Data/Hora: 19/01/2026 04:41:21
2026-01-19 04:41:21 [INFO] scanner - 📂 Log: logs/scanner_2026-01-19.log
2026-01-19 04:41:21 [INFO] scanner - ============================================================
2026-01-19 04:41:21 [INFO] scanner - 📝 PAPER MODE ATIVO - Apenas registro e análise
2026-01-19 04:41:24 [WARNING] root - Bloco de componentes falhou: cannot unpack non-iterable int object
2026-01-19 04:41:24 [INFO] scanner - ✅ Validações OK [BTC/USDT]: Score=7.3, R:R=2.08
2026-01-19 04:41:24 [INFO] scanner - ⏸️  Throttle ativo [BTC/USDT]:
2026-01-19 04:41:24 [INFO] scanner -    ├─ Último alerta há 713.4 minutos
2026-01-19 04:41:24 [INFO] scanner -    ├─ Tempo mínimo: 1800 minutos
2026-01-19 04:41:24 [INFO] scanner -    └─ Próximo permitido em: 1086.6 minutos
2026-01-19 04:41:26 [WARNING] root - Bloco de componentes falhou: cannot unpack non-iterable int object
2026-01-19 04:41:26 [INFO] scanner - ✅ Validações OK [ETH/USDT]: Score=8.3, R:R=2.00
2026-01-19 04:41:26 [INFO] scanner - ⏸️  Throttle ativo [ETH/USDT]:
2026-01-19 04:41:26 [INFO] scanner -    ├─ Último alerta há 925.6 minutos
2026-01-19 04:41:26 [INFO] scanner -    ├─ Tempo mínimo: 1800 minutos
2026-01-19 04:41:26 [INFO] scanner -    └─ Próximo permitido em: 874.4 minutos
2026-01-19 04:41:26 [WARNING] root - Bloco de componentes falhou: cannot unpack non-iterable int object
2026-01-19 04:41:26 [INFO] scanner - ✅ Validações OK [ETH/USDT]: Score=7.3, R:R=2.00
2026-01-19 04:41:26 [INFO] scanner - ⏸️  Throttle ativo [ETH/USDT]:
2026-01-19 04:41:26 [INFO] scanner -    ├─ Último alerta há 925.6 minutos
2026-01-19 04:41:26 [INFO] scanner -    ├─ Tempo mínimo: 1800 minutos
2026-01-19 04:41:26 [INFO] scanner -    └─ Próximo permitido em: 874.4 minutos
2026-01-19 04:41:27 [WARNING] root - Bloco de componentes falhou: cannot unpack non-iterable int object
2026-01-19 04:41:27 [INFO] scanner - ✅ Validações OK [ETH/USDT]: Score=7.3, R:R=2.00
2026-01-19 04:41:27 [INFO] scanner - ⏸️  Throttle ativo [ETH/USDT]:
2026-01-19 04:41:27 [INFO] scanner -    ├─ Último alerta há 925.6 minutos
2026-01-19 04:41:27 [INFO] scanner -    ├─ Tempo mínimo: 1800 minutos
2026-01-19 04:41:27 [INFO] scanner -    └─ Próximo permitido em: 874.4 minutos
2026-01-19 04:55:15 [INFO] scanner - ============================================================
2026-01-19 04:55:15 [INFO] scanner - 🚀 SCANNER INICIADO
2026-01-19 04:55:15 [INFO] scanner - 📅 Data/Hora: 19/01/2026 04:55:15
2026-01-19 04:55:15 [INFO] scanner - 📂 Log: logs/scanner_2026-01-19.log
2026-01-19 04:55:15 [INFO] scanner - ============================================================
2026-01-19 04:55:15 [INFO] scanner - 📝 PAPER MODE ATIVO - Apenas registro e análise
2026-01-19 04:55:18 [WARNING] root - Bloco de componentes falhou: cannot unpack non-iterable int object
2026-01-19 04:55:18 [INFO] scanner - ✅ Validações OK [BTC/USDT]: Score=7.3, R:R=2.08
2026-01-19 04:55:18 [INFO] scanner - ⏸️  Throttle ativo [BTC/USDT]:
2026-01-19 04:55:18 [INFO] scanner -    ├─ Último alerta há 727.3 minutos
2026-01-19 04:55:18 [INFO] scanner -    ├─ Tempo mínimo: 1800 minutos
2026-01-19 04:55:18 [INFO] scanner -    └─ Próximo permitido em: 1072.7 minutos
2026-01-19 04:55:20 [WARNING] root - Bloco de componentes falhou: cannot unpack non-iterable int object
2026-01-19 04:55:20 [INFO] scanner - ✅ Validações OK [ETH/USDT]: Score=8.3, R:R=2.00
2026-01-19 04:55:20 [INFO] scanner - ⏸️  Throttle ativo [ETH/USDT]:
2026-01-19 04:55:20 [INFO] scanner -    ├─ Último alerta há 939.5 minutos
2026-01-19 04:55:20 [INFO] scanner -    ├─ Tempo mínimo: 1800 minutos
2026-01-19 04:55:20 [INFO] scanner -    └─ Próximo permitido em: 860.5 minutos
2026-01-19 04:55:20 [WARNING] root - Bloco de componentes falhou: cannot unpack non-iterable int object
2026-01-19 04:55:20 [INFO] scanner - ✅ Validações OK [ETH/USDT]: Score=7.3, R:R=2.00
2026-01-19 04:55:20 [INFO] scanner - ⏸️  Throttle ativo [ETH/USDT]:
2026-01-19 04:55:20 [INFO] scanner -    ├─ Último alerta há 939.5 minutos
2026-01-19 04:55:20 [INFO] scanner -    ├─ Tempo mínimo: 1800 minutos
2026-01-19 04:55:20 [INFO] scanner -    └─ Próximo permitido em: 860.5 minutos
2026-01-19 04:55:21 [WARNING] root - Bloco de componentes falhou: cannot unpack non-iterable int object
2026-01-19 04:55:21 [INFO] scanner - ✅ Validações OK [ETH/USDT]: Score=7.3, R:R=2.00
2026-01-19 04:55:21 [INFO] scanner - ⏸️  Throttle ativo [ETH/USDT]:
2026-01-19 04:55:21 [INFO] scanner -    ├─ Último alerta há 939.5 minutos
2026-01-19 04:55:21 [INFO] scanner -    ├─ Tempo mínimo: 1800 minutos
2026-01-19 04:55:21 [INFO] scanner -    └─ Próximo permitido em: 860.5 minutos
2026-01-19 05:22:21 [INFO] scanner - ============================================================
2026-01-19 05:22:21 [INFO] scanner - 🚀 SCANNER INICIADO
2026-01-19 05:22:21 [INFO] scanner - 📅 Data/Hora: 19/01/2026 05:22:21
2026-01-19 05:22:21 [INFO] scanner - 📂 Log: logs/scanner_2026-01-19.log
2026-01-19 05:22:21 [INFO] scanner - ============================================================
2026-01-19 05:22:21 [INFO] scanner - 📝 PAPER MODE ATIVO - Apenas registro e análise
2026-01-19 05:22:26 [WARNING] root - Bloco de componentes falhou: cannot unpack non-iterable int object
2026-01-19 05:22:26 [INFO] scanner - ✅ Validações OK [ETH/USDT]: Score=8.3, R:R=2.00
2026-01-19 05:22:26 [INFO] scanner - ⏸️  Throttle ativo [ETH/USDT]:
2026-01-19 05:22:26 [INFO] scanner -    ├─ Último alerta há 966.6 minutos
2026-01-19 05:22:26 [INFO] scanner -    ├─ Tempo mínimo: 1800 minutos
2026-01-19 05:22:26 [INFO] scanner -    └─ Próximo permitido em: 833.4 minutos
2026-01-19 05:55:06 [INFO] scanner - ============================================================
2026-01-19 05:55:06 [INFO] scanner - 🚀 SCANNER INICIADO
2026-01-19 05:55:06 [INFO] scanner - 📅 Data/Hora: 19/01/2026 05:55:06
2026-01-19 05:55:06 [INFO] scanner - 📂 Log: logs/scanner_2026-01-19.log
2026-01-19 05:55:06 [INFO] scanner - ============================================================
2026-01-19 05:55:06 [INFO] scanner - 📝 PAPER MODE ATIVO - Apenas registro e análise
2026-01-19 05:55:10 [WARNING] root - Bloco de componentes falhou: cannot unpack non-iterable int object
2026-01-19 05:55:10 [INFO] scanner - ✅ Validações OK [BTC/USDT]: Score=7.8, R:R=2.08
2026-01-19 05:55:10 [INFO] scanner - ⏸️  Throttle ativo [BTC/USDT]:
2026-01-19 05:55:10 [INFO] scanner -    ├─ Último alerta há 787.1 minutos
2026-01-19 05:55:10 [INFO] scanner -    ├─ Tempo mínimo: 1800 minutos
2026-01-19 05:55:10 [INFO] scanner -    └─ Próximo permitido em: 1012.9 minutos
2026-01-19 05:55:12 [WARNING] root - Bloco de componentes falhou: cannot unpack non-iterable int object
2026-01-19 05:55:12 [INFO] scanner - ✅ Validações OK [ETH/USDT]: Score=8.3, R:R=2.00
2026-01-19 05:55:12 [INFO] scanner - ⏸️  Throttle ativo [ETH/USDT]:
2026-01-19 05:55:12 [INFO] scanner -    ├─ Último alerta há 999.4 minutos
2026-01-19 05:55:12 [INFO] scanner -    ├─ Tempo mínimo: 1800 minutos
2026-01-19 05:55:12 [INFO] scanner -    └─ Próximo permitido em: 800.6 minutos
2026-01-19 05:55:12 [WARNING] root - Bloco de componentes falhou: cannot unpack non-iterable int object
2026-01-19 05:55:12 [INFO] scanner - ✅ Validações OK [ETH/USDT]: Score=7.3, R:R=2.00
2026-01-19 05:55:12 [INFO] scanner - ⏸️  Throttle ativo [ETH/USDT]:
2026-01-19 05:55:12 [INFO] scanner -    ├─ Último alerta há 999.4 minutos
2026-01-19 05:55:12 [INFO] scanner -    ├─ Tempo mínimo: 1800 minutos
2026-01-19 05:55:12 [INFO] scanner -    └─ Próximo permitido em: 800.6 minutos
2026-01-19 06:27:08 [INFO] scanner - ============================================================
2026-01-19 06:27:08 [INFO] scanner - 🚀 SCANNER INICIADO
2026-01-19 06:27:08 [INFO] scanner - 📅 Data/Hora: 19/01/2026 06:27:08
2026-01-19 06:27:08 [INFO] scanner - 📂 Log: logs/scanner_2026-01-19.log
2026-01-19 06:27:08 [INFO] scanner - ============================================================
2026-01-19 06:27:08 [INFO] scanner - 📝 PAPER MODE ATIVO - Apenas registro e análise
2026-01-19 06:27:11 [WARNING] root - Bloco de componentes falhou: cannot unpack non-iterable int object
2026-01-19 06:27:11 [INFO] scanner - ✅ Validações OK [BTC/USDT]: Score=7.8, R:R=2.08
2026-01-19 06:27:11 [INFO] scanner - ⏸️  Throttle ativo [BTC/USDT]:
2026-01-19 06:27:11 [INFO] scanner -    ├─ Último alerta há 819.2 minutos
2026-01-19 06:27:11 [INFO] scanner -    ├─ Tempo mínimo: 1800 minutos
2026-01-19 06:27:11 [INFO] scanner -    └─ Próximo permitido em: 980.8 minutos
2026-01-19 06:27:13 [WARNING] root - Bloco de componentes falhou: cannot unpack non-iterable int object
2026-01-19 06:27:13 [INFO] scanner - ✅ Validações OK [ETH/USDT]: Score=8.3, R:R=2.00
2026-01-19 06:27:13 [INFO] scanner - ⏸️  Throttle ativo [ETH/USDT]:
2026-01-19 06:27:13 [INFO] scanner -    ├─ Último alerta há 1031.4 minutos
2026-01-19 06:27:13 [INFO] scanner -    ├─ Tempo mínimo: 1800 minutos
2026-01-19 06:27:13 [INFO] scanner -    └─ Próximo permitido em: 768.6 minutos
2026-01-19 06:55:53 [INFO] scanner - ============================================================
2026-01-19 06:55:53 [INFO] scanner - 🚀 SCANNER INICIADO
2026-01-19 06:55:53 [INFO] scanner - 📅 Data/Hora: 19/01/2026 06:55:53
2026-01-19 06:55:53 [INFO] scanner - 📂 Log: logs/scanner_2026-01-19.log
2026-01-19 06:55:53 [INFO] scanner - ============================================================
2026-01-19 06:55:53 [INFO] scanner - 📝 PAPER MODE ATIVO - Apenas registro e análise
2026-01-19 06:55:56 [WARNING] root - Bloco de componentes falhou: cannot unpack non-iterable int object
2026-01-19 06:55:56 [INFO] scanner - ✅ Validações OK [BTC/USDT]: Score=7.8, R:R=2.08
2026-01-19 06:55:56 [INFO] scanner - ⏸️  Throttle ativo [BTC/USDT]:
2026-01-19 06:55:56 [INFO] scanner -    ├─ Último alerta há 847.9 minutos
2026-01-19 06:55:56 [INFO] scanner -    ├─ Tempo mínimo: 1800 minutos
2026-01-19 06:55:56 [INFO] scanner -    └─ Próximo permitido em: 952.1 minutos
2026-01-19 06:55:58 [WARNING] root - Bloco de componentes falhou: cannot unpack non-iterable int object
2026-01-19 06:55:58 [INFO] scanner - ✅ Validações OK [ETH/USDT]: Score=8.3, R:R=2.00
2026-01-19 06:55:58 [INFO] scanner - ⏸️  Throttle ativo [ETH/USDT]:
2026-01-19 06:55:58 [INFO] scanner -    ├─ Último alerta há 1060.2 minutos
2026-01-19 06:55:58 [INFO] scanner -    ├─ Tempo mínimo: 1800 minutos
2026-01-19 06:55:58 [INFO] scanner -    └─ Próximo permitido em: 739.8 minutos
2026-01-19 07:21:14 [INFO] scanner - ============================================================
2026-01-19 07:21:14 [INFO] scanner - 🚀 SCANNER INICIADO
2026-01-19 07:21:14 [INFO] scanner - 📅 Data/Hora: 19/01/2026 07:21:14
2026-01-19 07:21:14 [INFO] scanner - 📂 Log: logs/scanner_2026-01-19.log
2026-01-19 07:21:14 [INFO] scanner - ============================================================
2026-01-19 07:21:14 [INFO] scanner - 📝 PAPER MODE ATIVO - Apenas registro e análise
2026-01-19 07:21:19 [WARNING] root - Bloco de componentes falhou: cannot unpack non-iterable int object
2026-01-19 07:21:19 [INFO] scanner - ✅ Validações OK [ETH/USDT]: Score=8.3, R:R=2.00
2026-01-19 07:21:19 [INFO] scanner - ⏸️  Throttle ativo [ETH/USDT]:
2026-01-19 07:21:19 [INFO] scanner -    ├─ Último alerta há 1085.5 minutos
2026-01-19 07:21:19 [INFO] scanner -    ├─ Tempo mínimo: 1800 minutos
2026-01-19 07:21:19 [INFO] scanner -    └─ Próximo permitido em: 714.5 minutos
