2026-05-06 05:10:05 [INFO] scanner - ============================================================
2026-05-06 05:10:05 [INFO] scanner - 🚀 SCANNER INICIADO
2026-05-06 05:10:05 [INFO] scanner - 📅 Data/Hora: 06/05/2026 05:10:05
2026-05-06 05:10:05 [INFO] scanner - 📂 Log: logs/scanner_2026-05-06.log
2026-05-06 05:10:05 [INFO] scanner - ============================================================
2026-05-06 05:10:05 [INFO] scanner - 📝 PAPER MODE ATIVO - Apenas registro e análise
2026-05-06 05:10:08 [WARNING] root - Bloco de componentes falhou: cannot unpack non-iterable int object
2026-05-06 05:10:08 [INFO] scanner - ✅ Validações OK [BTC/USDT]: Score=7.3, R:R=2.08
2026-05-06 05:10:08 [INFO] scanner - ⏸️  Throttle ativo [BTC/USDT]:
2026-05-06 05:10:08 [INFO] scanner -    ├─ Último alerta há 1454.2 minutos
2026-05-06 05:10:08 [INFO] scanner -    ├─ Tempo mínimo: 1800 minutos
2026-05-06 05:10:08 [INFO] scanner -    └─ Próximo permitido em: 345.8 minutos
2026-05-06 05:10:09 [WARNING] root - Bloco de componentes falhou: cannot unpack non-iterable int object
2026-05-06 05:10:09 [INFO] scanner - ✅ Validações OK [BTC/USDT]: Score=7.3, R:R=2.08
2026-05-06 05:10:09 [INFO] scanner - ⏸️  Throttle ativo [BTC/USDT]:
2026-05-06 05:10:09 [INFO] scanner -    ├─ Último alerta há 1454.2 minutos
2026-05-06 05:10:09 [INFO] scanner -    ├─ Tempo mínimo: 1800 minutos
2026-05-06 05:10:09 [INFO] scanner -    └─ Próximo permitido em: 345.8 minutos
2026-05-06 05:10:11 [WARNING] root - Bloco de componentes falhou: cannot unpack non-iterable int object
2026-05-06 05:10:11 [INFO] scanner - ✅ Validações OK [ETH/USDT]: Score=7.3, R:R=2.00
2026-05-06 05:10:11 [INFO] scanner - ⏸️  Throttle ativo [ETH/USDT]:
2026-05-06 05:10:11 [INFO] scanner -    ├─ Último alerta há 574.0 minutos
2026-05-06 05:10:11 [INFO] scanner -    ├─ Tempo mínimo: 1800 minutos
2026-05-06 05:10:11 [INFO] scanner -    └─ Próximo permitido em: 1226.0 minutos
2026-05-06 07:26:30 [INFO] scanner - ============================================================
2026-05-06 07:26:30 [INFO] scanner - 🚀 SCANNER INICIADO
2026-05-06 07:26:30 [INFO] scanner - 📅 Data/Hora: 06/05/2026 07:26:30
2026-05-06 07:26:30 [INFO] scanner - 📂 Log: logs/scanner_2026-05-06.log
2026-05-06 07:26:30 [INFO] scanner - ============================================================
2026-05-06 07:26:30 [INFO] scanner - 📝 PAPER MODE ATIVO - Apenas registro e análise
2026-05-06 07:26:33 [WARNING] root - Bloco de componentes falhou: cannot unpack non-iterable int object
2026-05-06 07:26:33 [INFO] scanner - ✅ Validações OK [BTC/USDT]: Score=7.8, R:R=2.08
2026-05-06 07:26:33 [INFO] scanner - ⏸️  Throttle ativo [BTC/USDT]:
2026-05-06 07:26:33 [INFO] scanner -    ├─ Último alerta há 1590.6 minutos
2026-05-06 07:26:33 [INFO] scanner -    ├─ Tempo mínimo: 1800 minutos
2026-05-06 07:26:33 [INFO] scanner -    └─ Próximo permitido em: 209.4 minutos
2026-05-06 07:26:34 [WARNING] root - Bloco de componentes falhou: cannot unpack non-iterable int object
2026-05-06 07:26:34 [INFO] scanner - ✅ Validações OK [BTC/USDT]: Score=7.8, R:R=2.08
2026-05-06 07:26:34 [INFO] scanner - ⏸️  Throttle ativo [BTC/USDT]:
2026-05-06 07:26:34 [INFO] scanner -    ├─ Último alerta há 1590.6 minutos
2026-05-06 07:26:34 [INFO] scanner -    ├─ Tempo mínimo: 1800 minutos
2026-05-06 07:26:34 [INFO] scanner -    └─ Próximo permitido em: 209.4 minutos
2026-05-06 07:26:36 [WARNING] root - Bloco de componentes falhou: cannot unpack non-iterable int object
2026-05-06 07:26:36 [INFO] scanner - ✅ Validações OK [ETH/USDT]: Score=7.3, R:R=2.00
2026-05-06 07:26:36 [INFO] scanner - ⏸️  Throttle ativo [ETH/USDT]:
2026-05-06 07:26:36 [INFO] scanner -    ├─ Último alerta há 710.4 minutos
2026-05-06 07:26:36 [INFO] scanner -    ├─ Tempo mínimo: 1800 minutos
2026-05-06 07:26:36 [INFO] scanner -    └─ Próximo permitido em: 1089.6 minutos
