2025-12-02 03:21:50 [INFO] scanner - ============================================================
2025-12-02 03:21:50 [INFO] scanner - 🚀 SCANNER INICIADO
2025-12-02 03:21:50 [INFO] scanner - 📅 Data/Hora: 02/12/2025 03:21:50
2025-12-02 03:21:50 [INFO] scanner - 📂 Log: logs/scanner_2025-12-02.log
2025-12-02 03:21:50 [INFO] scanner - ============================================================
2025-12-02 03:21:50 [INFO] scanner - 📝 PAPER MODE ATIVO - Apenas registro e análise
2025-12-02 03:21:53 [WARNING] root - Bloco de componentes falhou: cannot unpack non-iterable int object
2025-12-02 03:21:53 [INFO] scanner - ✅ Validações OK [BTC/USDT]: Score=7.3, R:R=2.08
2025-12-02 03:21:53 [INFO] scanner - ✅ Throttle OK [BTC/USDT]: Pode enviar
2025-12-02 03:21:54 [INFO] scanner - 📝 Sinal no ledger: 20251202_032154_484796 - BTC/USDT
2025-12-02 03:21:54 [INFO] scanner - 📨 Alerta enviado | ID Ledger: 20251202_032154_484796
2025-12-02 03:53:12 [INFO] scanner - ============================================================
2025-12-02 03:53:12 [INFO] scanner - 🚀 SCANNER INICIADO
2025-12-02 03:53:12 [INFO] scanner - 📅 Data/Hora: 02/12/2025 03:53:12
2025-12-02 03:53:12 [INFO] scanner - 📂 Log: logs/scanner_2025-12-02.log
2025-12-02 03:53:12 [INFO] scanner - ============================================================
2025-12-02 03:53:12 [INFO] scanner - 📝 PAPER MODE ATIVO - Apenas registro e análise
2025-12-02 03:53:15 [WARNING] root - Bloco de componentes falhou: cannot unpack non-iterable int object
2025-12-02 03:53:15 [INFO] scanner - ✅ Validações OK [BTC/USDT]: Score=7.3, R:R=2.08
2025-12-02 03:53:15 [INFO] scanner - ⏸️  Throttle ativo [BTC/USDT]:
2025-12-02 03:53:15 [INFO] scanner -    ├─ Último alerta há 31.4 minutos
2025-12-02 03:53:15 [INFO] scanner -    ├─ Tempo mínimo: 1800 minutos
2025-12-02 03:53:15 [INFO] scanner -    └─ Próximo permitido em: 1768.6 minutos
2025-12-02 04:16:18 [INFO] scanner - ============================================================
2025-12-02 04:16:18 [INFO] scanner - 🚀 SCANNER INICIADO
2025-12-02 04:16:18 [INFO] scanner - 📅 Data/Hora: 02/12/2025 04:16:18
2025-12-02 04:16:18 [INFO] scanner - 📂 Log: logs/scanner_2025-12-02.log
2025-12-02 04:16:18 [INFO] scanner - ============================================================
2025-12-02 04:16:18 [INFO] scanner - 📝 PAPER MODE ATIVO - Apenas registro e análise
2025-12-02 04:16:21 [WARNING] root - Bloco de componentes falhou: cannot unpack non-iterable int object
2025-12-02 04:16:21 [INFO] scanner - ✅ Validações OK [BTC/USDT]: Score=7.3, R:R=2.08
2025-12-02 04:16:21 [INFO] scanner - ⏸️  Throttle ativo [BTC/USDT]:
2025-12-02 04:16:21 [INFO] scanner -    ├─ Último alerta há 54.5 minutos
2025-12-02 04:16:21 [INFO] scanner -    ├─ Tempo mínimo: 1800 minutos
2025-12-02 04:16:21 [INFO] scanner -    └─ Próximo permitido em: 1745.5 minutos
2025-12-02 04:40:51 [INFO] scanner - ============================================================
2025-12-02 04:40:51 [INFO] scanner - 🚀 SCANNER INICIADO
2025-12-02 04:40:51 [INFO] scanner - 📅 Data/Hora: 02/12/2025 04:40:51
2025-12-02 04:40:51 [INFO] scanner - 📂 Log: logs/scanner_2025-12-02.log
2025-12-02 04:40:51 [INFO] scanner - ============================================================
2025-12-02 04:40:51 [INFO] scanner - 📝 PAPER MODE ATIVO - Apenas registro e análise
2025-12-02 04:40:54 [WARNING] root - Bloco de componentes falhou: cannot unpack non-iterable int object
2025-12-02 04:40:54 [INFO] scanner - ✅ Validações OK [BTC/USDT]: Score=7.3, R:R=2.08
2025-12-02 04:40:54 [INFO] scanner - ⏸️  Throttle ativo [BTC/USDT]:
2025-12-02 04:40:54 [INFO] scanner -    ├─ Último alerta há 79.0 minutos
2025-12-02 04:40:54 [INFO] scanner -    ├─ Tempo mínimo: 1800 minutos
2025-12-02 04:40:54 [INFO] scanner -    └─ Próximo permitido em: 1721.0 minutos
2025-12-02 04:40:54 [WARNING] root - Bloco de componentes falhou: cannot unpack non-iterable int object
2025-12-02 04:40:54 [INFO] scanner - ✅ Validações OK [BTC/USDT]: Score=7.3, R:R=2.08
2025-12-02 04:40:54 [INFO] scanner - ⏸️  Throttle ativo [BTC/USDT]:
2025-12-02 04:40:54 [INFO] scanner -    ├─ Último alerta há 79.0 minutos
2025-12-02 04:40:54 [INFO] scanner -    ├─ Tempo mínimo: 1800 minutos
2025-12-02 04:40:54 [INFO] scanner -    └─ Próximo permitido em: 1721.0 minutos
2025-12-02 04:49:50 [INFO] scanner - ============================================================
2025-12-02 04:49:50 [INFO] scanner - 🚀 SCANNER INICIADO
2025-12-02 04:49:50 [INFO] scanner - 📅 Data/Hora: 02/12/2025 04:49:50
2025-12-02 04:49:50 [INFO] scanner - 📂 Log: logs/scanner_2025-12-02.log
2025-12-02 04:49:50 [INFO] scanner - ============================================================
2025-12-02 04:49:50 [INFO] scanner - 📝 PAPER MODE ATIVO - Apenas registro e análise
2025-12-02 04:49:54 [WARNING] root - Bloco de componentes falhou: cannot unpack non-iterable int object
2025-12-02 04:49:54 [INFO] scanner - ✅ Validações OK [BTC/USDT]: Score=7.3, R:R=2.08
2025-12-02 04:49:54 [INFO] scanner - ⏸️  Throttle ativo [BTC/USDT]:
2025-12-02 04:49:54 [INFO] scanner -    ├─ Último alerta há 88.0 minutos
2025-12-02 04:49:54 [INFO] scanner -    ├─ Tempo mínimo: 1800 minutos
2025-12-02 04:49:54 [INFO] scanner -    └─ Próximo permitido em: 1712.0 minutos
2025-12-02 05:20:09 [INFO] scanner - ============================================================
2025-12-02 05:20:09 [INFO] scanner - 🚀 SCANNER INICIADO
2025-12-02 05:20:09 [INFO] scanner - 📅 Data/Hora: 02/12/2025 05:20:09
2025-12-02 05:20:09 [INFO] scanner - 📂 Log: logs/scanner_2025-12-02.log
2025-12-02 05:20:09 [INFO] scanner - ============================================================
2025-12-02 05:20:09 [INFO] scanner - 📝 PAPER MODE ATIVO - Apenas registro e análise
2025-12-02 05:20:13 [WARNING] root - Bloco de componentes falhou: cannot unpack non-iterable int object
2025-12-02 05:20:13 [INFO] scanner - ✅ Validações OK [BTC/USDT]: Score=7.3, R:R=2.08
2025-12-02 05:20:13 [INFO] scanner - ⏸️  Throttle ativo [BTC/USDT]:
2025-12-02 05:20:13 [INFO] scanner -    ├─ Último alerta há 118.3 minutos
2025-12-02 05:20:13 [INFO] scanner -    ├─ Tempo mínimo: 1800 minutos
2025-12-02 05:20:13 [INFO] scanner -    └─ Próximo permitido em: 1681.7 minutos
2025-12-02 05:51:00 [INFO] scanner - ============================================================
2025-12-02 05:51:00 [INFO] scanner - 🚀 SCANNER INICIADO
2025-12-02 05:51:00 [INFO] scanner - 📅 Data/Hora: 02/12/2025 05:51:00
2025-12-02 05:51:00 [INFO] scanner - 📂 Log: logs/scanner_2025-12-02.log
2025-12-02 05:51:00 [INFO] scanner - ============================================================
2025-12-02 05:51:00 [INFO] scanner - 📝 PAPER MODE ATIVO - Apenas registro e análise
2025-12-02 05:51:03 [WARNING] root - Bloco de componentes falhou: cannot unpack non-iterable int object
2025-12-02 05:51:03 [INFO] scanner - ✅ Validações OK [BTC/USDT]: Score=7.3, R:R=2.08
2025-12-02 05:51:03 [INFO] scanner - ⏸️  Throttle ativo [BTC/USDT]:
2025-12-02 05:51:03 [INFO] scanner -    ├─ Último alerta há 149.2 minutos
2025-12-02 05:51:03 [INFO] scanner -    ├─ Tempo mínimo: 1800 minutos
2025-12-02 05:51:03 [INFO] scanner -    └─ Próximo permitido em: 1650.8 minutos
2025-12-02 05:51:03 [WARNING] root - Bloco de componentes falhou: cannot unpack non-iterable int object
2025-12-02 05:51:03 [INFO] scanner - ✅ Validações OK [BTC/USDT]: Score=7.3, R:R=2.08
2025-12-02 05:51:03 [INFO] scanner - ⏸️  Throttle ativo [BTC/USDT]:
2025-12-02 05:51:03 [INFO] scanner -    ├─ Último alerta há 149.2 minutos
2025-12-02 05:51:03 [INFO] scanner -    ├─ Tempo mínimo: 1800 minutos
2025-12-02 05:51:03 [INFO] scanner -    └─ Próximo permitido em: 1650.8 minutos
2025-12-02 05:51:03 [WARNING] root - Bloco de componentes falhou: cannot unpack non-iterable int object
2025-12-02 05:51:03 [INFO] scanner - ✅ Validações OK [BTC/USDT]: Score=7.3, R:R=2.08
2025-12-02 05:51:03 [INFO] scanner - ⏸️  Throttle ativo [BTC/USDT]:
2025-12-02 05:51:03 [INFO] scanner -    ├─ Último alerta há 149.2 minutos
2025-12-02 05:51:03 [INFO] scanner -    ├─ Tempo mínimo: 1800 minutos
2025-12-02 05:51:03 [INFO] scanner -    └─ Próximo permitido em: 1650.8 minutos
2025-12-02 06:19:13 [INFO] scanner - ============================================================
2025-12-02 06:19:13 [INFO] scanner - 🚀 SCANNER INICIADO
2025-12-02 06:19:13 [INFO] scanner - 📅 Data/Hora: 02/12/2025 06:19:13
2025-12-02 06:19:13 [INFO] scanner - 📂 Log: logs/scanner_2025-12-02.log
2025-12-02 06:19:13 [INFO] scanner - ============================================================
2025-12-02 06:19:13 [INFO] scanner - 📝 PAPER MODE ATIVO - Apenas registro e análise
2025-12-02 06:19:16 [WARNING] root - Bloco de componentes falhou: cannot unpack non-iterable int object
2025-12-02 06:19:16 [INFO] scanner - ✅ Validações OK [BTC/USDT]: Score=7.3, R:R=2.08
2025-12-02 06:19:16 [INFO] scanner - ⏸️  Throttle ativo [BTC/USDT]:
2025-12-02 06:19:16 [INFO] scanner -    ├─ Último alerta há 177.4 minutos
2025-12-02 06:19:16 [INFO] scanner -    ├─ Tempo mínimo: 1800 minutos
2025-12-02 06:19:16 [INFO] scanner -    └─ Próximo permitido em: 1622.6 minutos
2025-12-02 06:45:56 [INFO] scanner - ============================================================
2025-12-02 06:45:56 [INFO] scanner - 🚀 SCANNER INICIADO
2025-12-02 06:45:56 [INFO] scanner - 📅 Data/Hora: 02/12/2025 06:45:56
2025-12-02 06:45:56 [INFO] scanner - 📂 Log: logs/scanner_2025-12-02.log
2025-12-02 06:45:56 [INFO] scanner - ============================================================
2025-12-02 06:45:56 [INFO] scanner - 📝 PAPER MODE ATIVO - Apenas registro e análise
2025-12-02 06:45:59 [WARNING] root - Bloco de componentes falhou: cannot unpack non-iterable int object
2025-12-02 06:45:59 [INFO] scanner - ✅ Validações OK [BTC/USDT]: Score=7.3, R:R=2.08
2025-12-02 06:45:59 [INFO] scanner - ⏸️  Throttle ativo [BTC/USDT]:
2025-12-02 06:45:59 [INFO] scanner -    ├─ Último alerta há 204.1 minutos
2025-12-02 06:45:59 [INFO] scanner -    ├─ Tempo mínimo: 1800 minutos
2025-12-02 06:45:59 [INFO] scanner -    └─ Próximo permitido em: 1595.9 minutos
2025-12-02 07:15:34 [INFO] scanner - ============================================================
2025-12-02 07:15:34 [INFO] scanner - 🚀 SCANNER INICIADO
2025-12-02 07:15:34 [INFO] scanner - 📅 Data/Hora: 02/12/2025 07:15:34
2025-12-02 07:15:34 [INFO] scanner - 📂 Log: logs/scanner_2025-12-02.log
2025-12-02 07:15:34 [INFO] scanner - ============================================================
2025-12-02 07:15:34 [INFO] scanner - 📝 PAPER MODE ATIVO - Apenas registro e análise
2025-12-02 07:15:37 [WARNING] root - Bloco de componentes falhou: cannot unpack non-iterable int object
2025-12-02 07:15:37 [INFO] scanner - ✅ Validações OK [BTC/USDT]: Score=7.3, R:R=2.08
2025-12-02 07:15:37 [INFO] scanner - ⏸️  Throttle ativo [BTC/USDT]:
2025-12-02 07:15:37 [INFO] scanner -    ├─ Último alerta há 233.7 minutos
2025-12-02 07:15:37 [INFO] scanner -    ├─ Tempo mínimo: 1800 minutos
2025-12-02 07:15:37 [INFO] scanner -    └─ Próximo permitido em: 1566.3 minutos
2025-12-02 07:45:35 [INFO] scanner - ============================================================
2025-12-02 07:45:35 [INFO] scanner - 🚀 SCANNER INICIADO
2025-12-02 07:45:35 [INFO] scanner - 📅 Data/Hora: 02/12/2025 07:45:35
2025-12-02 07:45:35 [INFO] scanner - 📂 Log: logs/scanner_2025-12-02.log
2025-12-02 07:45:35 [INFO] scanner - ============================================================
2025-12-02 07:45:35 [INFO] scanner - 📝 PAPER MODE ATIVO - Apenas registro e análise
2025-12-02 07:45:38 [WARNING] root - Bloco de componentes falhou: cannot unpack non-iterable int object
2025-12-02 07:45:38 [INFO] scanner - ✅ Validações OK [BTC/USDT]: Score=7.3, R:R=2.08
2025-12-02 07:45:38 [INFO] scanner - ⏸️  Throttle ativo [BTC/USDT]:
2025-12-02 07:45:38 [INFO] scanner -    ├─ Último alerta há 263.7 minutos
2025-12-02 07:45:38 [INFO] scanner -    ├─ Tempo mínimo: 1800 minutos
2025-12-02 07:45:38 [INFO] scanner -    └─ Próximo permitido em: 1536.3 minutos
2025-12-02 08:13:24 [INFO] scanner - ============================================================
2025-12-02 08:13:24 [INFO] scanner - 🚀 SCANNER INICIADO
2025-12-02 08:13:24 [INFO] scanner - 📅 Data/Hora: 02/12/2025 08:13:24
2025-12-02 08:13:24 [INFO] scanner - 📂 Log: logs/scanner_2025-12-02.log
2025-12-02 08:13:24 [INFO] scanner - ============================================================
2025-12-02 08:13:24 [INFO] scanner - 📝 PAPER MODE ATIVO - Apenas registro e análise
2025-12-02 08:13:27 [WARNING] root - Bloco de componentes falhou: cannot unpack non-iterable int object
2025-12-02 08:13:27 [INFO] scanner - ✅ Validações OK [BTC/USDT]: Score=7.3, R:R=2.08
2025-12-02 08:13:27 [INFO] scanner - ⏸️  Throttle ativo [BTC/USDT]:
2025-12-02 08:13:27 [INFO] scanner -    ├─ Último alerta há 291.6 minutos
2025-12-02 08:13:27 [INFO] scanner -    ├─ Tempo mínimo: 1800 minutos
2025-12-02 08:13:27 [INFO] scanner -    └─ Próximo permitido em: 1508.4 minutos
2025-12-02 08:30:53 [INFO] scanner - ============================================================
2025-12-02 08:30:53 [INFO] scanner - 🚀 SCANNER INICIADO
2025-12-02 08:30:53 [INFO] scanner - 📅 Data/Hora: 02/12/2025 08:30:53
2025-12-02 08:30:53 [INFO] scanner - 📂 Log: logs/scanner_2025-12-02.log
2025-12-02 08:30:53 [INFO] scanner - ============================================================
2025-12-02 08:30:53 [INFO] scanner - 📝 PAPER MODE ATIVO - Apenas registro e análise
2025-12-02 08:30:57 [WARNING] root - Bloco de componentes falhou: cannot unpack non-iterable int object
2025-12-02 08:30:57 [INFO] scanner - ✅ Validações OK [BTC/USDT]: Score=7.3, R:R=2.08
2025-12-02 08:30:57 [INFO] scanner - ⏸️  Throttle ativo [BTC/USDT]:
2025-12-02 08:30:57 [INFO] scanner -    ├─ Último alerta há 309.1 minutos
2025-12-02 08:30:57 [INFO] scanner -    ├─ Tempo mínimo: 1800 minutos
2025-12-02 08:30:57 [INFO] scanner -    └─ Próximo permitido em: 1490.9 minutos
2025-12-02 08:48:27 [INFO] scanner - ============================================================
2025-12-02 08:48:27 [INFO] scanner - 🚀 SCANNER INICIADO
2025-12-02 08:48:27 [INFO] scanner - 📅 Data/Hora: 02/12/2025 08:48:27
2025-12-02 08:48:27 [INFO] scanner - 📂 Log: logs/scanner_2025-12-02.log
2025-12-02 08:48:27 [INFO] scanner - ============================================================
2025-12-02 08:48:27 [INFO] scanner - 📝 PAPER MODE ATIVO - Apenas registro e análise
2025-12-02 08:48:31 [WARNING] root - Bloco de componentes falhou: cannot unpack non-iterable int object
2025-12-02 08:48:31 [INFO] scanner - ✅ Validações OK [BTC/USDT]: Score=7.3, R:R=2.08
2025-12-02 08:48:31 [INFO] scanner - ⏸️  Throttle ativo [BTC/USDT]:
2025-12-02 08:48:31 [INFO] scanner -    ├─ Último alerta há 326.6 minutos
2025-12-02 08:48:31 [INFO] scanner -    ├─ Tempo mínimo: 1800 minutos
2025-12-02 08:48:31 [INFO] scanner -    └─ Próximo permitido em: 1473.4 minutos
2025-12-02 09:28:42 [INFO] scanner - ============================================================
2025-12-02 09:28:42 [INFO] scanner - 🚀 SCANNER INICIADO
2025-12-02 09:28:42 [INFO] scanner - 📅 Data/Hora: 02/12/2025 09:28:42
2025-12-02 09:28:42 [INFO] scanner - 📂 Log: logs/scanner_2025-12-02.log
2025-12-02 09:28:42 [INFO] scanner - ============================================================
2025-12-02 09:28:42 [INFO] scanner - 📝 PAPER MODE ATIVO - Apenas registro e análise
2025-12-02 09:28:45 [WARNING] root - Bloco de componentes falhou: cannot unpack non-iterable int object
2025-12-02 09:28:45 [INFO] scanner - ✅ Validações OK [BTC/USDT]: Score=7.3, R:R=2.08
2025-12-02 09:28:45 [INFO] scanner - ⏸️  Throttle ativo [BTC/USDT]:
2025-12-02 09:28:45 [INFO] scanner -    ├─ Último alerta há 366.9 minutos
2025-12-02 09:28:45 [INFO] scanner -    ├─ Tempo mínimo: 1800 minutos
2025-12-02 09:28:45 [INFO] scanner -    └─ Próximo permitido em: 1433.1 minutos
2025-12-02 09:28:47 [WARNING] root - Bloco de componentes falhou: cannot unpack non-iterable int object
2025-12-02 09:28:47 [INFO] scanner - ✅ Validações OK [ETH/USDT]: Score=7.3, R:R=2.00
2025-12-02 09:28:47 [INFO] scanner - ✅ Throttle OK [ETH/USDT]: Pode enviar
2025-12-02 09:28:48 [INFO] scanner - 📝 Sinal no ledger: 20251202_092848_407797 - ETH/USDT
2025-12-02 09:28:48 [INFO] scanner - 📨 Alerta enviado | ID Ledger: 20251202_092848_407797
2025-12-02 10:11:15 [INFO] scanner - ============================================================
2025-12-02 10:11:15 [INFO] scanner - 🚀 SCANNER INICIADO
2025-12-02 10:11:15 [INFO] scanner - 📅 Data/Hora: 02/12/2025 10:11:15
2025-12-02 10:11:15 [INFO] scanner - 📂 Log: logs/scanner_2025-12-02.log
2025-12-02 10:11:15 [INFO] scanner - ============================================================
2025-12-02 10:11:15 [INFO] scanner - 📝 PAPER MODE ATIVO - Apenas registro e análise
2025-12-02 10:11:19 [WARNING] root - Bloco de componentes falhou: cannot unpack non-iterable int object
2025-12-02 10:11:19 [INFO] scanner - ✅ Validações OK [BTC/USDT]: Score=7.3, R:R=2.08
2025-12-02 10:11:19 [INFO] scanner - ⏸️  Throttle ativo [BTC/USDT]:
2025-12-02 10:11:19 [INFO] scanner -    ├─ Último alerta há 409.4 minutos
2025-12-02 10:11:19 [INFO] scanner -    ├─ Tempo mínimo: 1800 minutos
2025-12-02 10:11:19 [INFO] scanner -    └─ Próximo permitido em: 1390.6 minutos
2025-12-02 10:11:21 [WARNING] root - Bloco de componentes falhou: cannot unpack non-iterable int object
2025-12-02 10:11:21 [INFO] scanner - ✅ Validações OK [ETH/USDT]: Score=7.3, R:R=2.00
2025-12-02 10:11:21 [INFO] scanner - ⏸️  Throttle ativo [ETH/USDT]:
2025-12-02 10:11:21 [INFO] scanner -    ├─ Último alerta há 42.6 minutos
2025-12-02 10:11:21 [INFO] scanner -    ├─ Tempo mínimo: 1800 minutos
2025-12-02 10:11:21 [INFO] scanner -    └─ Próximo permitido em: 1757.4 minutos
2025-12-02 10:48:02 [INFO] scanner - ============================================================
2025-12-02 10:48:02 [INFO] scanner - 🚀 SCANNER INICIADO
2025-12-02 10:48:02 [INFO] scanner - 📅 Data/Hora: 02/12/2025 10:48:02
2025-12-02 10:48:02 [INFO] scanner - 📂 Log: logs/scanner_2025-12-02.log
2025-12-02 10:48:02 [INFO] scanner - ============================================================
2025-12-02 10:48:02 [INFO] scanner - 📝 PAPER MODE ATIVO - Apenas registro e análise
2025-12-02 10:48:06 [WARNING] root - Bloco de componentes falhou: cannot unpack non-iterable int object
2025-12-02 10:48:06 [INFO] scanner - ✅ Validações OK [BTC/USDT]: Score=7.3, R:R=2.08
2025-12-02 10:48:06 [INFO] scanner - ⏸️  Throttle ativo [BTC/USDT]:
2025-12-02 10:48:06 [INFO] scanner -    ├─ Último alerta há 446.2 minutos
2025-12-02 10:48:06 [INFO] scanner -    ├─ Tempo mínimo: 1800 minutos
2025-12-02 10:48:06 [INFO] scanner -    └─ Próximo permitido em: 1353.8 minutos
2025-12-02 10:48:08 [WARNING] root - Bloco de componentes falhou: cannot unpack non-iterable int object
2025-12-02 10:48:08 [INFO] scanner - ✅ Validações OK [ETH/USDT]: Score=7.3, R:R=2.00
2025-12-02 10:48:08 [INFO] scanner - ⏸️  Throttle ativo [ETH/USDT]:
2025-12-02 10:48:08 [INFO] scanner -    ├─ Último alerta há 79.3 minutos
2025-12-02 10:48:08 [INFO] scanner -    ├─ Tempo mínimo: 1800 minutos
2025-12-02 10:48:08 [INFO] scanner -    └─ Próximo permitido em: 1720.7 minutos
2025-12-02 10:48:09 [WARNING] root - Bloco de componentes falhou: cannot unpack non-iterable int object
2025-12-02 10:48:09 [INFO] scanner - ✅ Validações OK [ETH/USDT]: Score=7.3, R:R=2.00
2025-12-02 10:48:09 [INFO] scanner - ⏸️  Throttle ativo [ETH/USDT]:
2025-12-02 10:48:09 [INFO] scanner -    ├─ Último alerta há 79.4 minutos
2025-12-02 10:48:09 [INFO] scanner -    ├─ Tempo mínimo: 1800 minutos
2025-12-02 10:48:09 [INFO] scanner -    └─ Próximo permitido em: 1720.6 minutos
2025-12-02 11:15:23 [INFO] scanner - ============================================================
2025-12-02 11:15:23 [INFO] scanner - 🚀 SCANNER INICIADO
2025-12-02 11:15:23 [INFO] scanner - 📅 Data/Hora: 02/12/2025 11:15:23
2025-12-02 11:15:23 [INFO] scanner - 📂 Log: logs/scanner_2025-12-02.log
2025-12-02 11:15:23 [INFO] scanner - ============================================================
2025-12-02 11:15:23 [INFO] scanner - 📝 PAPER MODE ATIVO - Apenas registro e análise
2025-12-02 11:15:26 [WARNING] root - Bloco de componentes falhou: cannot unpack non-iterable int object
2025-12-02 11:15:26 [INFO] scanner - ✅ Validações OK [BTC/USDT]: Score=7.3, R:R=2.08
2025-12-02 11:15:26 [INFO] scanner - ⏸️  Throttle ativo [BTC/USDT]:
2025-12-02 11:15:26 [INFO] scanner -    ├─ Último alerta há 473.5 minutos
2025-12-02 11:15:26 [INFO] scanner -    ├─ Tempo mínimo: 1800 minutos
2025-12-02 11:15:26 [INFO] scanner -    └─ Próximo permitido em: 1326.5 minutos
2025-12-02 11:15:28 [WARNING] root - Bloco de componentes falhou: cannot unpack non-iterable int object
2025-12-02 11:15:28 [INFO] scanner - ✅ Validações OK [ETH/USDT]: Score=7.3, R:R=2.00
2025-12-02 11:15:28 [INFO] scanner - ⏸️  Throttle ativo [ETH/USDT]:
2025-12-02 11:15:28 [INFO] scanner -    ├─ Último alerta há 106.7 minutos
2025-12-02 11:15:28 [INFO] scanner -    ├─ Tempo mínimo: 1800 minutos
2025-12-02 11:15:28 [INFO] scanner -    └─ Próximo permitido em: 1693.3 minutos
2025-12-02 11:43:07 [INFO] scanner - ============================================================
2025-12-02 11:43:07 [INFO] scanner - 🚀 SCANNER INICIADO
2025-12-02 11:43:07 [INFO] scanner - 📅 Data/Hora: 02/12/2025 11:43:07
2025-12-02 11:43:07 [INFO] scanner - 📂 Log: logs/scanner_2025-12-02.log
2025-12-02 11:43:07 [INFO] scanner - ============================================================
2025-12-02 11:43:07 [INFO] scanner - 📝 PAPER MODE ATIVO - Apenas registro e análise
2025-12-02 11:43:11 [WARNING] root - Bloco de componentes falhou: cannot unpack non-iterable int object
2025-12-02 11:43:11 [INFO] scanner - ✅ Validações OK [BTC/USDT]: Score=7.3, R:R=2.08
2025-12-02 11:43:11 [INFO] scanner - ⏸️  Throttle ativo [BTC/USDT]:
2025-12-02 11:43:11 [INFO] scanner -    ├─ Último alerta há 501.3 minutos
2025-12-02 11:43:11 [INFO] scanner -    ├─ Tempo mínimo: 1800 minutos
2025-12-02 11:43:11 [INFO] scanner -    └─ Próximo permitido em: 1298.7 minutos
2025-12-02 11:43:11 [WARNING] root - Bloco de componentes falhou: cannot unpack non-iterable int object
2025-12-02 11:43:11 [INFO] scanner - ✅ Validações OK [BTC/USDT]: Score=7.3, R:R=2.08
2025-12-02 11:43:11 [INFO] scanner - ⏸️  Throttle ativo [BTC/USDT]:
2025-12-02 11:43:11 [INFO] scanner -    ├─ Último alerta há 501.3 minutos
2025-12-02 11:43:11 [INFO] scanner -    ├─ Tempo mínimo: 1800 minutos
2025-12-02 11:43:11 [INFO] scanner -    └─ Próximo permitido em: 1298.7 minutos
2025-12-02 11:43:12 [WARNING] root - Bloco de componentes falhou: cannot unpack non-iterable int object
2025-12-02 11:43:12 [INFO] scanner - ✅ Validações OK [BTC/USDT]: Score=7.3, R:R=2.08
2025-12-02 11:43:12 [INFO] scanner - ⏸️  Throttle ativo [BTC/USDT]:
2025-12-02 11:43:12 [INFO] scanner -    ├─ Último alerta há 501.3 minutos
2025-12-02 11:43:12 [INFO] scanner -    ├─ Tempo mínimo: 1800 minutos
2025-12-02 11:43:12 [INFO] scanner -    └─ Próximo permitido em: 1298.7 minutos
2025-12-02 11:43:14 [WARNING] root - Bloco de componentes falhou: cannot unpack non-iterable int object
2025-12-02 11:43:14 [INFO] scanner - ✅ Validações OK [ETH/USDT]: Score=7.3, R:R=2.00
2025-12-02 11:43:14 [INFO] scanner - ⏸️  Throttle ativo [ETH/USDT]:
2025-12-02 11:43:14 [INFO] scanner -    ├─ Último alerta há 134.4 minutos
2025-12-02 11:43:14 [INFO] scanner -    ├─ Tempo mínimo: 1800 minutos
2025-12-02 11:43:14 [INFO] scanner -    └─ Próximo permitido em: 1665.6 minutos
2025-12-02 11:43:14 [WARNING] root - Bloco de componentes falhou: cannot unpack non-iterable int object
2025-12-02 11:43:14 [INFO] scanner - ✅ Validações OK [ETH/USDT]: Score=7.3, R:R=2.00
2025-12-02 11:43:14 [INFO] scanner - ⏸️  Throttle ativo [ETH/USDT]:
2025-12-02 11:43:14 [INFO] scanner -    ├─ Último alerta há 134.4 minutos
2025-12-02 11:43:14 [INFO] scanner -    ├─ Tempo mínimo: 1800 minutos
2025-12-02 11:43:14 [INFO] scanner -    └─ Próximo permitido em: 1665.6 minutos
2025-12-02 11:43:14 [WARNING] root - Bloco de componentes falhou: cannot unpack non-iterable int object
2025-12-02 11:43:14 [INFO] scanner - ✅ Validações OK [ETH/USDT]: Score=7.3, R:R=2.00
2025-12-02 11:43:14 [INFO] scanner - ⏸️  Throttle ativo [ETH/USDT]:
2025-12-02 11:43:14 [INFO] scanner -    ├─ Último alerta há 134.4 minutos
2025-12-02 11:43:14 [INFO] scanner -    ├─ Tempo mínimo: 1800 minutos
2025-12-02 11:43:14 [INFO] scanner -    └─ Próximo permitido em: 1665.6 minutos
2025-12-02 11:56:25 [INFO] scanner - ============================================================
2025-12-02 11:56:25 [INFO] scanner - 🚀 SCANNER INICIADO
2025-12-02 11:56:25 [INFO] scanner - 📅 Data/Hora: 02/12/2025 11:56:25
2025-12-02 11:56:25 [INFO] scanner - 📂 Log: logs/scanner_2025-12-02.log
2025-12-02 11:56:25 [INFO] scanner - ============================================================
2025-12-02 11:56:25 [INFO] scanner - 📝 PAPER MODE ATIVO - Apenas registro e análise
2025-12-02 11:56:28 [WARNING] root - Bloco de componentes falhou: cannot unpack non-iterable int object
2025-12-02 11:56:28 [INFO] scanner - ✅ Validações OK [BTC/USDT]: Score=7.3, R:R=2.08
2025-12-02 11:56:28 [INFO] scanner - ⏸️  Throttle ativo [BTC/USDT]:
2025-12-02 11:56:28 [INFO] scanner -    ├─ Último alerta há 514.6 minutos
2025-12-02 11:56:28 [INFO] scanner -    ├─ Tempo mínimo: 1800 minutos
2025-12-02 11:56:28 [INFO] scanner -    └─ Próximo permitido em: 1285.4 minutos
2025-12-02 11:56:29 [WARNING] root - Bloco de componentes falhou: cannot unpack non-iterable int object
2025-12-02 11:56:29 [INFO] scanner - ✅ Validações OK [BTC/USDT]: Score=7.3, R:R=2.08
2025-12-02 11:56:29 [INFO] scanner - ⏸️  Throttle ativo [BTC/USDT]:
2025-12-02 11:56:29 [INFO] scanner -    ├─ Último alerta há 514.6 minutos
2025-12-02 11:56:29 [INFO] scanner -    ├─ Tempo mínimo: 1800 minutos
2025-12-02 11:56:29 [INFO] scanner -    └─ Próximo permitido em: 1285.4 minutos
2025-12-02 11:56:29 [WARNING] root - Bloco de componentes falhou: cannot unpack non-iterable int object
2025-12-02 11:56:29 [INFO] scanner - ✅ Validações OK [BTC/USDT]: Score=7.3, R:R=2.08
2025-12-02 11:56:29 [INFO] scanner - ⏸️  Throttle ativo [BTC/USDT]:
2025-12-02 11:56:29 [INFO] scanner -    ├─ Último alerta há 514.6 minutos
2025-12-02 11:56:29 [INFO] scanner -    ├─ Tempo mínimo: 1800 minutos
2025-12-02 11:56:29 [INFO] scanner -    └─ Próximo permitido em: 1285.4 minutos
2025-12-02 11:56:31 [WARNING] root - Bloco de componentes falhou: cannot unpack non-iterable int object
2025-12-02 11:56:31 [INFO] scanner - ✅ Validações OK [ETH/USDT]: Score=7.8, R:R=2.00
2025-12-02 11:56:31 [INFO] scanner - ⏸️  Throttle ativo [ETH/USDT]:
2025-12-02 11:56:31 [INFO] scanner -    ├─ Último alerta há 147.7 minutos
2025-12-02 11:56:31 [INFO] scanner -    ├─ Tempo mínimo: 1800 minutos
2025-12-02 11:56:31 [INFO] scanner -    └─ Próximo permitido em: 1652.3 minutos
2025-12-02 11:56:31 [WARNING] root - Bloco de componentes falhou: cannot unpack non-iterable int object
2025-12-02 11:56:31 [INFO] scanner - ✅ Validações OK [ETH/USDT]: Score=7.8, R:R=2.00
2025-12-02 11:56:31 [INFO] scanner - ⏸️  Throttle ativo [ETH/USDT]:
2025-12-02 11:56:31 [INFO] scanner -    ├─ Último alerta há 147.7 minutos
2025-12-02 11:56:31 [INFO] scanner -    ├─ Tempo mínimo: 1800 minutos
2025-12-02 11:56:31 [INFO] scanner -    └─ Próximo permitido em: 1652.3 minutos
2025-12-02 11:56:31 [WARNING] root - Bloco de componentes falhou: cannot unpack non-iterable int object
2025-12-02 11:56:31 [INFO] scanner - ✅ Validações OK [ETH/USDT]: Score=7.8, R:R=2.00
2025-12-02 11:56:31 [INFO] scanner - ⏸️  Throttle ativo [ETH/USDT]:
2025-12-02 11:56:31 [INFO] scanner -    ├─ Último alerta há 147.7 minutos
2025-12-02 11:56:31 [INFO] scanner -    ├─ Tempo mínimo: 1800 minutos
2025-12-02 11:56:31 [INFO] scanner -    └─ Próximo permitido em: 1652.3 minutos
2025-12-02 12:17:42 [INFO] scanner - ============================================================
2025-12-02 12:17:42 [INFO] scanner - 🚀 SCANNER INICIADO
2025-12-02 12:17:42 [INFO] scanner - 📅 Data/Hora: 02/12/2025 12:17:42
2025-12-02 12:17:42 [INFO] scanner - 📂 Log: logs/scanner_2025-12-02.log
2025-12-02 12:17:42 [INFO] scanner - ============================================================
2025-12-02 12:17:42 [INFO] scanner - 📝 PAPER MODE ATIVO - Apenas registro e análise
2025-12-02 12:17:45 [WARNING] root - Bloco de componentes falhou: cannot unpack non-iterable int object
2025-12-02 12:17:45 [INFO] scanner - ✅ Validações OK [BTC/USDT]: Score=7.8, R:R=2.08
2025-12-02 12:17:45 [INFO] scanner - ⏸️  Throttle ativo [BTC/USDT]:
2025-12-02 12:17:45 [INFO] scanner -    ├─ Último alerta há 535.9 minutos
2025-12-02 12:17:45 [INFO] scanner -    ├─ Tempo mínimo: 1800 minutos
2025-12-02 12:17:45 [INFO] scanner -    └─ Próximo permitido em: 1264.1 minutos
2025-12-02 12:17:46 [WARNING] root - Bloco de componentes falhou: cannot unpack non-iterable int object
2025-12-02 12:17:46 [INFO] scanner - ✅ Validações OK [BTC/USDT]: Score=7.8, R:R=2.08
2025-12-02 12:17:46 [INFO] scanner - ⏸️  Throttle ativo [BTC/USDT]:
2025-12-02 12:17:46 [INFO] scanner -    ├─ Último alerta há 535.9 minutos
2025-12-02 12:17:46 [INFO] scanner -    ├─ Tempo mínimo: 1800 minutos
2025-12-02 12:17:46 [INFO] scanner -    └─ Próximo permitido em: 1264.1 minutos
2025-12-02 12:17:46 [WARNING] root - Bloco de componentes falhou: cannot unpack non-iterable int object
2025-12-02 12:17:46 [INFO] scanner - ✅ Validações OK [BTC/USDT]: Score=7.8, R:R=2.08
2025-12-02 12:17:46 [INFO] scanner - ⏸️  Throttle ativo [BTC/USDT]:
2025-12-02 12:17:46 [INFO] scanner -    ├─ Último alerta há 535.9 minutos
2025-12-02 12:17:46 [INFO] scanner -    ├─ Tempo mínimo: 1800 minutos
2025-12-02 12:17:46 [INFO] scanner -    └─ Próximo permitido em: 1264.1 minutos
2025-12-02 12:17:48 [WARNING] root - Bloco de componentes falhou: cannot unpack non-iterable int object
2025-12-02 12:17:48 [INFO] scanner - ✅ Validações OK [ETH/USDT]: Score=7.8, R:R=2.00
2025-12-02 12:17:48 [INFO] scanner - ⏸️  Throttle ativo [ETH/USDT]:
2025-12-02 12:17:48 [INFO] scanner -    ├─ Último alerta há 169.0 minutos
2025-12-02 12:17:48 [INFO] scanner -    ├─ Tempo mínimo: 1800 minutos
2025-12-02 12:17:48 [INFO] scanner -    └─ Próximo permitido em: 1631.0 minutos
2025-12-02 12:17:48 [WARNING] root - Bloco de componentes falhou: cannot unpack non-iterable int object
2025-12-02 12:17:48 [INFO] scanner - ✅ Validações OK [ETH/USDT]: Score=7.8, R:R=2.00
2025-12-02 12:17:48 [INFO] scanner - ⏸️  Throttle ativo [ETH/USDT]:
2025-12-02 12:17:48 [INFO] scanner -    ├─ Último alerta há 169.0 minutos
2025-12-02 12:17:48 [INFO] scanner -    ├─ Tempo mínimo: 1800 minutos
2025-12-02 12:17:48 [INFO] scanner -    └─ Próximo permitido em: 1631.0 minutos
2025-12-02 12:17:48 [WARNING] root - Bloco de componentes falhou: cannot unpack non-iterable int object
2025-12-02 12:17:48 [INFO] scanner - ✅ Validações OK [ETH/USDT]: Score=7.8, R:R=2.00
2025-12-02 12:17:48 [INFO] scanner - ⏸️  Throttle ativo [ETH/USDT]:
2025-12-02 12:17:48 [INFO] scanner -    ├─ Último alerta há 169.0 minutos
2025-12-02 12:17:48 [INFO] scanner -    ├─ Tempo mínimo: 1800 minutos
2025-12-02 12:17:48 [INFO] scanner -    └─ Próximo permitido em: 1631.0 minutos
2025-12-02 12:43:50 [INFO] scanner - ============================================================
2025-12-02 12:43:50 [INFO] scanner - 🚀 SCANNER INICIADO
2025-12-02 12:43:50 [INFO] scanner - 📅 Data/Hora: 02/12/2025 12:43:50
2025-12-02 12:43:50 [INFO] scanner - 📂 Log: logs/scanner_2025-12-02.log
2025-12-02 12:43:50 [INFO] scanner - ============================================================
2025-12-02 12:43:50 [INFO] scanner - 📝 PAPER MODE ATIVO - Apenas registro e análise
2025-12-02 12:43:53 [WARNING] root - Bloco de componentes falhou: cannot unpack non-iterable int object
2025-12-02 12:43:53 [INFO] scanner - ✅ Validações OK [BTC/USDT]: Score=7.8, R:R=2.08
2025-12-02 12:43:53 [INFO] scanner - ⏸️  Throttle ativo [BTC/USDT]:
2025-12-02 12:43:53 [INFO] scanner -    ├─ Último alerta há 562.0 minutos
2025-12-02 12:43:53 [INFO] scanner -    ├─ Tempo mínimo: 1800 minutos
2025-12-02 12:43:53 [INFO] scanner -    └─ Próximo permitido em: 1238.0 minutos
2025-12-02 12:43:53 [WARNING] root - Bloco de componentes falhou: cannot unpack non-iterable int object
2025-12-02 12:43:53 [INFO] scanner - ✅ Validações OK [BTC/USDT]: Score=7.8, R:R=2.08
2025-12-02 12:43:53 [INFO] scanner - ⏸️  Throttle ativo [BTC/USDT]:
2025-12-02 12:43:53 [INFO] scanner -    ├─ Último alerta há 562.0 minutos
2025-12-02 12:43:53 [INFO] scanner -    ├─ Tempo mínimo: 1800 minutos
2025-12-02 12:43:53 [INFO] scanner -    └─ Próximo permitido em: 1238.0 minutos
2025-12-02 12:43:54 [WARNING] root - Bloco de componentes falhou: cannot unpack non-iterable int object
2025-12-02 12:43:54 [INFO] scanner - ✅ Validações OK [BTC/USDT]: Score=7.8, R:R=2.08
2025-12-02 12:43:54 [INFO] scanner - ⏸️  Throttle ativo [BTC/USDT]:
2025-12-02 12:43:54 [INFO] scanner -    ├─ Último alerta há 562.0 minutos
2025-12-02 12:43:54 [INFO] scanner -    ├─ Tempo mínimo: 1800 minutos
2025-12-02 12:43:54 [INFO] scanner -    └─ Próximo permitido em: 1238.0 minutos
2025-12-02 12:43:56 [WARNING] root - Bloco de componentes falhou: cannot unpack non-iterable int object
2025-12-02 12:43:56 [INFO] scanner - ✅ Validações OK [ETH/USDT]: Score=7.8, R:R=2.00
2025-12-02 12:43:56 [INFO] scanner - ⏸️  Throttle ativo [ETH/USDT]:
2025-12-02 12:43:56 [INFO] scanner -    ├─ Último alerta há 195.1 minutos
2025-12-02 12:43:56 [INFO] scanner -    ├─ Tempo mínimo: 1800 minutos
2025-12-02 12:43:56 [INFO] scanner -    └─ Próximo permitido em: 1604.9 minutos
2025-12-02 12:43:56 [WARNING] root - Bloco de componentes falhou: cannot unpack non-iterable int object
2025-12-02 12:43:56 [INFO] scanner - ✅ Validações OK [ETH/USDT]: Score=7.8, R:R=2.00
2025-12-02 12:43:56 [INFO] scanner - ⏸️  Throttle ativo [ETH/USDT]:
2025-12-02 12:43:56 [INFO] scanner -    ├─ Último alerta há 195.1 minutos
2025-12-02 12:43:56 [INFO] scanner -    ├─ Tempo mínimo: 1800 minutos
2025-12-02 12:43:56 [INFO] scanner -    └─ Próximo permitido em: 1604.9 minutos
2025-12-02 12:43:56 [WARNING] root - Bloco de componentes falhou: cannot unpack non-iterable int object
2025-12-02 12:43:56 [INFO] scanner - ✅ Validações OK [ETH/USDT]: Score=7.8, R:R=2.00
2025-12-02 12:43:56 [INFO] scanner - ⏸️  Throttle ativo [ETH/USDT]:
2025-12-02 12:43:56 [INFO] scanner -    ├─ Último alerta há 195.1 minutos
2025-12-02 12:43:56 [INFO] scanner -    ├─ Tempo mínimo: 1800 minutos
2025-12-02 12:43:56 [INFO] scanner -    └─ Próximo permitido em: 1604.9 minutos
2025-12-02 12:55:36 [INFO] scanner - ============================================================
2025-12-02 12:55:36 [INFO] scanner - 🚀 SCANNER INICIADO
2025-12-02 12:55:36 [INFO] scanner - 📅 Data/Hora: 02/12/2025 12:55:36
2025-12-02 12:55:36 [INFO] scanner - 📂 Log: logs/scanner_2025-12-02.log
2025-12-02 12:55:36 [INFO] scanner - ============================================================
2025-12-02 12:55:36 [INFO] scanner - 📝 PAPER MODE ATIVO - Apenas registro e análise
2025-12-02 12:55:39 [WARNING] root - Bloco de componentes falhou: cannot unpack non-iterable int object
2025-12-02 12:55:39 [INFO] scanner - ✅ Validações OK [BTC/USDT]: Score=7.8, R:R=2.08
2025-12-02 12:55:39 [INFO] scanner - ⏸️  Throttle ativo [BTC/USDT]:
2025-12-02 12:55:39 [INFO] scanner -    ├─ Último alerta há 573.8 minutos
2025-12-02 12:55:39 [INFO] scanner -    ├─ Tempo mínimo: 1800 minutos
2025-12-02 12:55:39 [INFO] scanner -    └─ Próximo permitido em: 1226.2 minutos
2025-12-02 12:55:40 [WARNING] root - Bloco de componentes falhou: cannot unpack non-iterable int object
2025-12-02 12:55:40 [INFO] scanner - ✅ Validações OK [BTC/USDT]: Score=7.8, R:R=2.08
2025-12-02 12:55:40 [INFO] scanner - ⏸️  Throttle ativo [BTC/USDT]:
2025-12-02 12:55:40 [INFO] scanner -    ├─ Último alerta há 573.8 minutos
2025-12-02 12:55:40 [INFO] scanner -    ├─ Tempo mínimo: 1800 minutos
2025-12-02 12:55:40 [INFO] scanner -    └─ Próximo permitido em: 1226.2 minutos
2025-12-02 12:55:40 [WARNING] root - Bloco de componentes falhou: cannot unpack non-iterable int object
2025-12-02 12:55:40 [INFO] scanner - ✅ Validações OK [BTC/USDT]: Score=7.8, R:R=2.08
2025-12-02 12:55:40 [INFO] scanner - ⏸️  Throttle ativo [BTC/USDT]:
2025-12-02 12:55:40 [INFO] scanner -    ├─ Último alerta há 573.8 minutos
2025-12-02 12:55:40 [INFO] scanner -    ├─ Tempo mínimo: 1800 minutos
2025-12-02 12:55:40 [INFO] scanner -    └─ Próximo permitido em: 1226.2 minutos
2025-12-02 12:55:42 [WARNING] root - Bloco de componentes falhou: cannot unpack non-iterable int object
2025-12-02 12:55:42 [INFO] scanner - ✅ Validações OK [ETH/USDT]: Score=7.8, R:R=2.00
2025-12-02 12:55:42 [INFO] scanner - ⏸️  Throttle ativo [ETH/USDT]:
2025-12-02 12:55:42 [INFO] scanner -    ├─ Último alerta há 206.9 minutos
2025-12-02 12:55:42 [INFO] scanner -    ├─ Tempo mínimo: 1800 minutos
2025-12-02 12:55:42 [INFO] scanner -    └─ Próximo permitido em: 1593.1 minutos
2025-12-02 12:55:42 [WARNING] root - Bloco de componentes falhou: cannot unpack non-iterable int object
2025-12-02 12:55:42 [INFO] scanner - ✅ Validações OK [ETH/USDT]: Score=7.8, R:R=2.00
2025-12-02 12:55:42 [INFO] scanner - ⏸️  Throttle ativo [ETH/USDT]:
2025-12-02 12:55:42 [INFO] scanner -    ├─ Último alerta há 206.9 minutos
2025-12-02 12:55:42 [INFO] scanner -    ├─ Tempo mínimo: 1800 minutos
2025-12-02 12:55:42 [INFO] scanner -    └─ Próximo permitido em: 1593.1 minutos
2025-12-02 12:55:42 [WARNING] root - Bloco de componentes falhou: cannot unpack non-iterable int object
2025-12-02 12:55:42 [INFO] scanner - ✅ Validações OK [ETH/USDT]: Score=7.8, R:R=2.00
2025-12-02 12:55:42 [INFO] scanner - ⏸️  Throttle ativo [ETH/USDT]:
2025-12-02 12:55:42 [INFO] scanner -    ├─ Último alerta há 206.9 minutos
2025-12-02 12:55:42 [INFO] scanner -    ├─ Tempo mínimo: 1800 minutos
2025-12-02 12:55:42 [INFO] scanner -    └─ Próximo permitido em: 1593.1 minutos
2025-12-02 13:18:35 [INFO] scanner - ============================================================
2025-12-02 13:18:35 [INFO] scanner - 🚀 SCANNER INICIADO
2025-12-02 13:18:35 [INFO] scanner - 📅 Data/Hora: 02/12/2025 13:18:35
2025-12-02 13:18:35 [INFO] scanner - 📂 Log: logs/scanner_2025-12-02.log
2025-12-02 13:18:35 [INFO] scanner - ============================================================
2025-12-02 13:18:35 [INFO] scanner - 📝 PAPER MODE ATIVO - Apenas registro e análise
2025-12-02 13:18:38 [WARNING] root - Bloco de componentes falhou: cannot unpack non-iterable int object
2025-12-02 13:18:38 [INFO] scanner - ✅ Validações OK [BTC/USDT]: Score=7.3, R:R=2.08
2025-12-02 13:18:38 [INFO] scanner - ⏸️  Throttle ativo [BTC/USDT]:
2025-12-02 13:18:38 [INFO] scanner -    ├─ Último alerta há 596.7 minutos
2025-12-02 13:18:38 [INFO] scanner -    ├─ Tempo mínimo: 1800 minutos
2025-12-02 13:18:38 [INFO] scanner -    └─ Próximo permitido em: 1203.3 minutos
2025-12-02 13:18:39 [WARNING] root - Bloco de componentes falhou: cannot unpack non-iterable int object
2025-12-02 13:18:39 [INFO] scanner - ✅ Validações OK [BTC/USDT]: Score=7.3, R:R=2.08
2025-12-02 13:18:39 [INFO] scanner - ⏸️  Throttle ativo [BTC/USDT]:
2025-12-02 13:18:39 [INFO] scanner -    ├─ Último alerta há 596.8 minutos
2025-12-02 13:18:39 [INFO] scanner -    ├─ Tempo mínimo: 1800 minutos
2025-12-02 13:18:39 [INFO] scanner -    └─ Próximo permitido em: 1203.2 minutos
2025-12-02 13:18:41 [WARNING] root - Bloco de componentes falhou: cannot unpack non-iterable int object
2025-12-02 13:18:41 [INFO] scanner - ✅ Validações OK [ETH/USDT]: Score=7.3, R:R=2.00
2025-12-02 13:18:41 [INFO] scanner - ⏸️  Throttle ativo [ETH/USDT]:
2025-12-02 13:18:41 [INFO] scanner -    ├─ Último alerta há 229.9 minutos
2025-12-02 13:18:41 [INFO] scanner -    ├─ Tempo mínimo: 1800 minutos
2025-12-02 13:18:41 [INFO] scanner -    └─ Próximo permitido em: 1570.1 minutos
2025-12-02 13:18:41 [WARNING] root - Bloco de componentes falhou: cannot unpack non-iterable int object
2025-12-02 13:18:41 [INFO] scanner - ✅ Validações OK [ETH/USDT]: Score=7.3, R:R=2.00
2025-12-02 13:18:41 [INFO] scanner - ⏸️  Throttle ativo [ETH/USDT]:
2025-12-02 13:18:41 [INFO] scanner -    ├─ Último alerta há 229.9 minutos
2025-12-02 13:18:41 [INFO] scanner -    ├─ Tempo mínimo: 1800 minutos
2025-12-02 13:18:41 [INFO] scanner -    └─ Próximo permitido em: 1570.1 minutos
2025-12-02 13:51:32 [INFO] scanner - ============================================================
2025-12-02 13:51:32 [INFO] scanner - 🚀 SCANNER INICIADO
2025-12-02 13:51:32 [INFO] scanner - 📅 Data/Hora: 02/12/2025 13:51:32
2025-12-02 13:51:32 [INFO] scanner - 📂 Log: logs/scanner_2025-12-02.log
2025-12-02 13:51:32 [INFO] scanner - ============================================================
2025-12-02 13:51:32 [INFO] scanner - 📝 PAPER MODE ATIVO - Apenas registro e análise
2025-12-02 13:51:35 [WARNING] root - Bloco de componentes falhou: cannot unpack non-iterable int object
2025-12-02 13:51:35 [INFO] scanner - ✅ Validações OK [BTC/USDT]: Score=7.8, R:R=2.08
2025-12-02 13:51:35 [INFO] scanner - ⏸️  Throttle ativo [BTC/USDT]:
2025-12-02 13:51:35 [INFO] scanner -    ├─ Último alerta há 629.7 minutos
2025-12-02 13:51:35 [INFO] scanner -    ├─ Tempo mínimo: 1800 minutos
2025-12-02 13:51:35 [INFO] scanner -    └─ Próximo permitido em: 1170.3 minutos
2025-12-02 13:51:36 [WARNING] root - Bloco de componentes falhou: cannot unpack non-iterable int object
2025-12-02 13:51:36 [INFO] scanner - ✅ Validações OK [BTC/USDT]: Score=7.8, R:R=2.08
2025-12-02 13:51:36 [INFO] scanner - ⏸️  Throttle ativo [BTC/USDT]:
2025-12-02 13:51:36 [INFO] scanner -    ├─ Último alerta há 629.7 minutos
2025-12-02 13:51:36 [INFO] scanner -    ├─ Tempo mínimo: 1800 minutos
2025-12-02 13:51:36 [INFO] scanner -    └─ Próximo permitido em: 1170.3 minutos
2025-12-02 13:51:38 [WARNING] root - Bloco de componentes falhou: cannot unpack non-iterable int object
2025-12-02 13:51:38 [INFO] scanner - ✅ Validações OK [ETH/USDT]: Score=7.8, R:R=2.00
2025-12-02 13:51:38 [INFO] scanner - ⏸️  Throttle ativo [ETH/USDT]:
2025-12-02 13:51:38 [INFO] scanner -    ├─ Último alerta há 262.8 minutos
2025-12-02 13:51:38 [INFO] scanner -    ├─ Tempo mínimo: 1800 minutos
2025-12-02 13:51:38 [INFO] scanner -    └─ Próximo permitido em: 1537.2 minutos
2025-12-02 13:51:39 [WARNING] root - Bloco de componentes falhou: cannot unpack non-iterable int object
2025-12-02 13:51:39 [INFO] scanner - ✅ Validações OK [ETH/USDT]: Score=7.8, R:R=2.00
2025-12-02 13:51:39 [INFO] scanner - ⏸️  Throttle ativo [ETH/USDT]:
2025-12-02 13:51:39 [INFO] scanner -    ├─ Último alerta há 262.9 minutos
2025-12-02 13:51:39 [INFO] scanner -    ├─ Tempo mínimo: 1800 minutos
2025-12-02 13:51:39 [INFO] scanner -    └─ Próximo permitido em: 1537.1 minutos
2025-12-02 14:17:10 [INFO] scanner - ============================================================
2025-12-02 14:17:10 [INFO] scanner - 🚀 SCANNER INICIADO
2025-12-02 14:17:10 [INFO] scanner - 📅 Data/Hora: 02/12/2025 14:17:10
2025-12-02 14:17:10 [INFO] scanner - 📂 Log: logs/scanner_2025-12-02.log
2025-12-02 14:17:10 [INFO] scanner - ============================================================
2025-12-02 14:17:10 [INFO] scanner - 📝 PAPER MODE ATIVO - Apenas registro e análise
2025-12-02 14:17:13 [WARNING] root - Bloco de componentes falhou: cannot unpack non-iterable int object
2025-12-02 14:17:13 [INFO] scanner - ✅ Validações OK [BTC/USDT]: Score=7.8, R:R=2.08
2025-12-02 14:17:13 [INFO] scanner - ⏸️  Throttle ativo [BTC/USDT]:
2025-12-02 14:17:13 [INFO] scanner -    ├─ Último alerta há 655.3 minutos
2025-12-02 14:17:13 [INFO] scanner -    ├─ Tempo mínimo: 1800 minutos
2025-12-02 14:17:13 [INFO] scanner -    └─ Próximo permitido em: 1144.7 minutos
2025-12-02 14:17:13 [WARNING] root - Bloco de componentes falhou: cannot unpack non-iterable int object
2025-12-02 14:17:13 [INFO] scanner - ✅ Validações OK [BTC/USDT]: Score=7.8, R:R=2.08
2025-12-02 14:17:13 [INFO] scanner - ⏸️  Throttle ativo [BTC/USDT]:
2025-12-02 14:17:13 [INFO] scanner -    ├─ Último alerta há 655.3 minutos
2025-12-02 14:17:13 [INFO] scanner -    ├─ Tempo mínimo: 1800 minutos
2025-12-02 14:17:13 [INFO] scanner -    └─ Próximo permitido em: 1144.7 minutos
2025-12-02 14:17:15 [WARNING] root - Bloco de componentes falhou: cannot unpack non-iterable int object
2025-12-02 14:17:15 [INFO] scanner - ✅ Validações OK [ETH/USDT]: Score=7.3, R:R=2.00
2025-12-02 14:17:15 [INFO] scanner - ⏸️  Throttle ativo [ETH/USDT]:
2025-12-02 14:17:15 [INFO] scanner -    ├─ Último alerta há 288.5 minutos
2025-12-02 14:17:15 [INFO] scanner -    ├─ Tempo mínimo: 1800 minutos
2025-12-02 14:17:15 [INFO] scanner -    └─ Próximo permitido em: 1511.5 minutos
2025-12-02 14:17:16 [WARNING] root - Bloco de componentes falhou: cannot unpack non-iterable int object
2025-12-02 14:17:16 [INFO] scanner - ✅ Validações OK [ETH/USDT]: Score=7.3, R:R=2.00
2025-12-02 14:17:16 [INFO] scanner - ⏸️  Throttle ativo [ETH/USDT]:
2025-12-02 14:17:16 [INFO] scanner -    ├─ Último alerta há 288.5 minutos
2025-12-02 14:17:16 [INFO] scanner -    ├─ Tempo mínimo: 1800 minutos
2025-12-02 14:17:16 [INFO] scanner -    └─ Próximo permitido em: 1511.5 minutos
2025-12-02 14:44:17 [INFO] scanner - ============================================================
2025-12-02 14:44:17 [INFO] scanner - 🚀 SCANNER INICIADO
2025-12-02 14:44:17 [INFO] scanner - 📅 Data/Hora: 02/12/2025 14:44:17
2025-12-02 14:44:17 [INFO] scanner - 📂 Log: logs/scanner_2025-12-02.log
2025-12-02 14:44:17 [INFO] scanner - ============================================================
2025-12-02 14:44:17 [INFO] scanner - 📝 PAPER MODE ATIVO - Apenas registro e análise
2025-12-02 14:44:21 [WARNING] root - Bloco de componentes falhou: cannot unpack non-iterable int object
2025-12-02 14:44:21 [INFO] scanner - ✅ Validações OK [BTC/USDT]: Score=7.8, R:R=2.08
2025-12-02 14:44:21 [INFO] scanner - ⏸️  Throttle ativo [BTC/USDT]:
2025-12-02 14:44:21 [INFO] scanner -    ├─ Último alerta há 682.5 minutos
2025-12-02 14:44:21 [INFO] scanner -    ├─ Tempo mínimo: 1800 minutos
2025-12-02 14:44:21 [INFO] scanner -    └─ Próximo permitido em: 1117.5 minutos
2025-12-02 14:44:21 [WARNING] root - Bloco de componentes falhou: cannot unpack non-iterable int object
2025-12-02 14:44:21 [INFO] scanner - ✅ Validações OK [BTC/USDT]: Score=7.8, R:R=2.08
2025-12-02 14:44:21 [INFO] scanner - ⏸️  Throttle ativo [BTC/USDT]:
2025-12-02 14:44:21 [INFO] scanner -    ├─ Último alerta há 682.5 minutos
2025-12-02 14:44:21 [INFO] scanner -    ├─ Tempo mínimo: 1800 minutos
2025-12-02 14:44:21 [INFO] scanner -    └─ Próximo permitido em: 1117.5 minutos
2025-12-02 14:44:22 [WARNING] root - Bloco de componentes falhou: cannot unpack non-iterable int object
2025-12-02 14:44:22 [INFO] scanner - ✅ Validações OK [BTC/USDT]: Score=7.8, R:R=2.08
2025-12-02 14:44:22 [INFO] scanner - ⏸️  Throttle ativo [BTC/USDT]:
2025-12-02 14:44:22 [INFO] scanner -    ├─ Último alerta há 682.5 minutos
2025-12-02 14:44:22 [INFO] scanner -    ├─ Tempo mínimo: 1800 minutos
2025-12-02 14:44:22 [INFO] scanner -    └─ Próximo permitido em: 1117.5 minutos
2025-12-02 14:44:24 [WARNING] root - Bloco de componentes falhou: cannot unpack non-iterable int object
2025-12-02 14:44:24 [INFO] scanner - ✅ Validações OK [ETH/USDT]: Score=7.8, R:R=2.00
2025-12-02 14:44:24 [INFO] scanner - ⏸️  Throttle ativo [ETH/USDT]:
2025-12-02 14:44:24 [INFO] scanner -    ├─ Último alerta há 315.6 minutos
2025-12-02 14:44:24 [INFO] scanner -    ├─ Tempo mínimo: 1800 minutos
2025-12-02 14:44:24 [INFO] scanner -    └─ Próximo permitido em: 1484.4 minutos
2025-12-02 14:44:24 [WARNING] root - Bloco de componentes falhou: cannot unpack non-iterable int object
2025-12-02 14:44:24 [INFO] scanner - ✅ Validações OK [ETH/USDT]: Score=7.8, R:R=2.00
2025-12-02 14:44:24 [INFO] scanner - ⏸️  Throttle ativo [ETH/USDT]:
2025-12-02 14:44:24 [INFO] scanner -    ├─ Último alerta há 315.6 minutos
2025-12-02 14:44:24 [INFO] scanner -    ├─ Tempo mínimo: 1800 minutos
2025-12-02 14:44:24 [INFO] scanner -    └─ Próximo permitido em: 1484.4 minutos
2025-12-02 14:54:51 [INFO] scanner - ============================================================
2025-12-02 14:54:51 [INFO] scanner - 🚀 SCANNER INICIADO
2025-12-02 14:54:51 [INFO] scanner - 📅 Data/Hora: 02/12/2025 14:54:51
2025-12-02 14:54:51 [INFO] scanner - 📂 Log: logs/scanner_2025-12-02.log
2025-12-02 14:54:51 [INFO] scanner - ============================================================
2025-12-02 14:54:51 [INFO] scanner - 📝 PAPER MODE ATIVO - Apenas registro e análise
2025-12-02 14:54:54 [WARNING] root - Bloco de componentes falhou: cannot unpack non-iterable int object
2025-12-02 14:54:54 [INFO] scanner - ✅ Validações OK [BTC/USDT]: Score=7.8, R:R=2.08
2025-12-02 14:54:54 [INFO] scanner - ⏸️  Throttle ativo [BTC/USDT]:
2025-12-02 14:54:54 [INFO] scanner -    ├─ Último alerta há 693.0 minutos
2025-12-02 14:54:54 [INFO] scanner -    ├─ Tempo mínimo: 1800 minutos
2025-12-02 14:54:54 [INFO] scanner -    └─ Próximo permitido em: 1107.0 minutos
2025-12-02 14:54:55 [WARNING] root - Bloco de componentes falhou: cannot unpack non-iterable int object
2025-12-02 14:54:55 [INFO] scanner - ✅ Validações OK [BTC/USDT]: Score=7.8, R:R=2.08
2025-12-02 14:54:55 [INFO] scanner - ⏸️  Throttle ativo [BTC/USDT]:
2025-12-02 14:54:55 [INFO] scanner -    ├─ Último alerta há 693.0 minutos
2025-12-02 14:54:55 [INFO] scanner -    ├─ Tempo mínimo: 1800 minutos
2025-12-02 14:54:55 [INFO] scanner -    └─ Próximo permitido em: 1107.0 minutos
2025-12-02 14:54:55 [WARNING] root - Bloco de componentes falhou: cannot unpack non-iterable int object
2025-12-02 14:54:55 [INFO] scanner - ✅ Validações OK [BTC/USDT]: Score=7.8, R:R=2.08
2025-12-02 14:54:55 [INFO] scanner - ⏸️  Throttle ativo [BTC/USDT]:
2025-12-02 14:54:55 [INFO] scanner -    ├─ Último alerta há 693.0 minutos
2025-12-02 14:54:55 [INFO] scanner -    ├─ Tempo mínimo: 1800 minutos
2025-12-02 14:54:55 [INFO] scanner -    └─ Próximo permitido em: 1107.0 minutos
2025-12-02 14:54:57 [WARNING] root - Bloco de componentes falhou: cannot unpack non-iterable int object
2025-12-02 14:54:57 [INFO] scanner - ✅ Validações OK [ETH/USDT]: Score=7.8, R:R=2.00
2025-12-02 14:54:57 [INFO] scanner - ⏸️  Throttle ativo [ETH/USDT]:
2025-12-02 14:54:57 [INFO] scanner -    ├─ Último alerta há 326.2 minutos
2025-12-02 14:54:57 [INFO] scanner -    ├─ Tempo mínimo: 1800 minutos
2025-12-02 14:54:57 [INFO] scanner -    └─ Próximo permitido em: 1473.8 minutos
2025-12-02 14:54:57 [WARNING] root - Bloco de componentes falhou: cannot unpack non-iterable int object
2025-12-02 14:54:57 [INFO] scanner - ✅ Validações OK [ETH/USDT]: Score=7.8, R:R=2.00
2025-12-02 14:54:57 [INFO] scanner - ⏸️  Throttle ativo [ETH/USDT]:
2025-12-02 14:54:57 [INFO] scanner -    ├─ Último alerta há 326.2 minutos
2025-12-02 14:54:57 [INFO] scanner -    ├─ Tempo mínimo: 1800 minutos
2025-12-02 14:54:57 [INFO] scanner -    └─ Próximo permitido em: 1473.8 minutos
2025-12-02 15:21:11 [INFO] scanner - ============================================================
2025-12-02 15:21:11 [INFO] scanner - 🚀 SCANNER INICIADO
2025-12-02 15:21:11 [INFO] scanner - 📅 Data/Hora: 02/12/2025 15:21:11
2025-12-02 15:21:11 [INFO] scanner - 📂 Log: logs/scanner_2025-12-02.log
2025-12-02 15:21:11 [INFO] scanner - ============================================================
2025-12-02 15:21:11 [INFO] scanner - 📝 PAPER MODE ATIVO - Apenas registro e análise
2025-12-02 15:21:15 [WARNING] root - Bloco de componentes falhou: cannot unpack non-iterable int object
2025-12-02 15:21:15 [INFO] scanner - ✅ Validações OK [BTC/USDT]: Score=7.3, R:R=2.08
2025-12-02 15:21:15 [INFO] scanner - ⏸️  Throttle ativo [BTC/USDT]:
2025-12-02 15:21:15 [INFO] scanner -    ├─ Último alerta há 719.4 minutos
2025-12-02 15:21:15 [INFO] scanner -    ├─ Tempo mínimo: 1800 minutos
2025-12-02 15:21:15 [INFO] scanner -    └─ Próximo permitido em: 1080.6 minutos
2025-12-02 15:21:15 [WARNING] root - Bloco de componentes falhou: cannot unpack non-iterable int object
2025-12-02 15:21:15 [INFO] scanner - ✅ Validações OK [BTC/USDT]: Score=7.3, R:R=2.08
2025-12-02 15:21:15 [INFO] scanner - ⏸️  Throttle ativo [BTC/USDT]:
2025-12-02 15:21:15 [INFO] scanner -    ├─ Último alerta há 719.4 minutos
2025-12-02 15:21:15 [INFO] scanner -    ├─ Tempo mínimo: 1800 minutos
2025-12-02 15:21:15 [INFO] scanner -    └─ Próximo permitido em: 1080.6 minutos
2025-12-02 15:21:17 [WARNING] root - Bloco de componentes falhou: cannot unpack non-iterable int object
2025-12-02 15:21:17 [INFO] scanner - ✅ Validações OK [ETH/USDT]: Score=7.3, R:R=2.00
2025-12-02 15:21:17 [INFO] scanner - ⏸️  Throttle ativo [ETH/USDT]:
2025-12-02 15:21:17 [INFO] scanner -    ├─ Último alerta há 352.5 minutos
2025-12-02 15:21:17 [INFO] scanner -    ├─ Tempo mínimo: 1800 minutos
2025-12-02 15:21:17 [INFO] scanner -    └─ Próximo permitido em: 1447.5 minutos
2025-12-02 15:21:18 [WARNING] root - Bloco de componentes falhou: cannot unpack non-iterable int object
2025-12-02 15:21:18 [INFO] scanner - ✅ Validações OK [ETH/USDT]: Score=7.3, R:R=2.00
2025-12-02 15:21:18 [INFO] scanner - ⏸️  Throttle ativo [ETH/USDT]:
2025-12-02 15:21:18 [INFO] scanner -    ├─ Último alerta há 352.5 minutos
2025-12-02 15:21:18 [INFO] scanner -    ├─ Tempo mínimo: 1800 minutos
2025-12-02 15:21:18 [INFO] scanner -    └─ Próximo permitido em: 1447.5 minutos
2025-12-02 15:53:42 [INFO] scanner - ============================================================
2025-12-02 15:53:42 [INFO] scanner - 🚀 SCANNER INICIADO
2025-12-02 15:53:42 [INFO] scanner - 📅 Data/Hora: 02/12/2025 15:53:42
2025-12-02 15:53:42 [INFO] scanner - 📂 Log: logs/scanner_2025-12-02.log
2025-12-02 15:53:42 [INFO] scanner - ============================================================
2025-12-02 15:53:42 [INFO] scanner - 📝 PAPER MODE ATIVO - Apenas registro e análise
2025-12-02 15:53:45 [WARNING] root - Bloco de componentes falhou: cannot unpack non-iterable int object
2025-12-02 15:53:45 [INFO] scanner - ✅ Validações OK [BTC/USDT]: Score=7.8, R:R=2.08
2025-12-02 15:53:45 [INFO] scanner - ⏸️  Throttle ativo [BTC/USDT]:
2025-12-02 15:53:45 [INFO] scanner -    ├─ Último alerta há 751.9 minutos
2025-12-02 15:53:45 [INFO] scanner -    ├─ Tempo mínimo: 1800 minutos
2025-12-02 15:53:45 [INFO] scanner -    └─ Próximo permitido em: 1048.1 minutos
2025-12-02 15:53:46 [WARNING] root - Bloco de componentes falhou: cannot unpack non-iterable int object
2025-12-02 15:53:46 [INFO] scanner - ✅ Validações OK [BTC/USDT]: Score=7.8, R:R=2.08
2025-12-02 15:53:46 [INFO] scanner - ⏸️  Throttle ativo [BTC/USDT]:
2025-12-02 15:53:46 [INFO] scanner -    ├─ Último alerta há 751.9 minutos
2025-12-02 15:53:46 [INFO] scanner -    ├─ Tempo mínimo: 1800 minutos
2025-12-02 15:53:46 [INFO] scanner -    └─ Próximo permitido em: 1048.1 minutos
2025-12-02 15:53:48 [WARNING] root - Bloco de componentes falhou: cannot unpack non-iterable int object
2025-12-02 15:53:48 [INFO] scanner - ✅ Validações OK [ETH/USDT]: Score=7.8, R:R=2.00
2025-12-02 15:53:48 [INFO] scanner - ⏸️  Throttle ativo [ETH/USDT]:
2025-12-02 15:53:48 [INFO] scanner -    ├─ Último alerta há 385.0 minutos
2025-12-02 15:53:48 [INFO] scanner -    ├─ Tempo mínimo: 1800 minutos
2025-12-02 15:53:48 [INFO] scanner -    └─ Próximo permitido em: 1415.0 minutos
2025-12-02 15:53:48 [WARNING] root - Bloco de componentes falhou: cannot unpack non-iterable int object
2025-12-02 15:53:48 [INFO] scanner - ✅ Validações OK [ETH/USDT]: Score=7.3, R:R=2.00
2025-12-02 15:53:48 [INFO] scanner - ⏸️  Throttle ativo [ETH/USDT]:
2025-12-02 15:53:48 [INFO] scanner -    ├─ Último alerta há 385.0 minutos
2025-12-02 15:53:48 [INFO] scanner -    ├─ Tempo mínimo: 1800 minutos
2025-12-02 15:53:48 [INFO] scanner -    └─ Próximo permitido em: 1415.0 minutos
2025-12-02 16:14:25 [INFO] scanner - ============================================================
2025-12-02 16:14:25 [INFO] scanner - 🚀 SCANNER INICIADO
2025-12-02 16:14:25 [INFO] scanner - 📅 Data/Hora: 02/12/2025 16:14:25
2025-12-02 16:14:25 [INFO] scanner - 📂 Log: logs/scanner_2025-12-02.log
2025-12-02 16:14:25 [INFO] scanner - ============================================================
2025-12-02 16:14:25 [INFO] scanner - 📝 PAPER MODE ATIVO - Apenas registro e análise
2025-12-02 16:14:29 [WARNING] root - Bloco de componentes falhou: cannot unpack non-iterable int object
2025-12-02 16:14:29 [INFO] scanner - ✅ Validações OK [BTC/USDT]: Score=7.3, R:R=2.08
2025-12-02 16:14:29 [INFO] scanner - ⏸️  Throttle ativo [BTC/USDT]:
2025-12-02 16:14:29 [INFO] scanner -    ├─ Último alerta há 772.6 minutos
2025-12-02 16:14:29 [INFO] scanner -    ├─ Tempo mínimo: 1800 minutos
2025-12-02 16:14:29 [INFO] scanner -    └─ Próximo permitido em: 1027.4 minutos
2025-12-02 16:14:29 [WARNING] root - Bloco de componentes falhou: cannot unpack non-iterable int object
2025-12-02 16:14:29 [INFO] scanner - ✅ Validações OK [BTC/USDT]: Score=7.3, R:R=2.08
2025-12-02 16:14:29 [INFO] scanner - ⏸️  Throttle ativo [BTC/USDT]:
2025-12-02 16:14:29 [INFO] scanner -    ├─ Último alerta há 772.6 minutos
2025-12-02 16:14:29 [INFO] scanner -    ├─ Tempo mínimo: 1800 minutos
2025-12-02 16:14:29 [INFO] scanner -    └─ Próximo permitido em: 1027.4 minutos
2025-12-02 16:14:32 [WARNING] root - Bloco de componentes falhou: cannot unpack non-iterable int object
2025-12-02 16:14:32 [INFO] scanner - ✅ Validações OK [ETH/USDT]: Score=7.8, R:R=2.00
2025-12-02 16:14:32 [INFO] scanner - ⏸️  Throttle ativo [ETH/USDT]:
2025-12-02 16:14:32 [INFO] scanner -    ├─ Último alerta há 405.7 minutos
2025-12-02 16:14:32 [INFO] scanner -    ├─ Tempo mínimo: 1800 minutos
2025-12-02 16:14:32 [INFO] scanner -    └─ Próximo permitido em: 1394.3 minutos
2025-12-02 16:14:32 [WARNING] root - Bloco de componentes falhou: cannot unpack non-iterable int object
2025-12-02 16:14:32 [INFO] scanner - ✅ Validações OK [ETH/USDT]: Score=7.3, R:R=2.00
2025-12-02 16:14:32 [INFO] scanner - ⏸️  Throttle ativo [ETH/USDT]:
2025-12-02 16:14:32 [INFO] scanner -    ├─ Último alerta há 405.7 minutos
2025-12-02 16:14:32 [INFO] scanner -    ├─ Tempo mínimo: 1800 minutos
2025-12-02 16:14:32 [INFO] scanner -    └─ Próximo permitido em: 1394.3 minutos
2025-12-02 16:31:26 [INFO] scanner - ============================================================
2025-12-02 16:31:26 [INFO] scanner - 🚀 SCANNER INICIADO
2025-12-02 16:31:26 [INFO] scanner - 📅 Data/Hora: 02/12/2025 16:31:26
2025-12-02 16:31:26 [INFO] scanner - 📂 Log: logs/scanner_2025-12-02.log
2025-12-02 16:31:26 [INFO] scanner - ============================================================
2025-12-02 16:31:26 [INFO] scanner - 📝 PAPER MODE ATIVO - Apenas registro e análise
2025-12-02 16:31:30 [WARNING] root - Bloco de componentes falhou: cannot unpack non-iterable int object
2025-12-02 16:31:30 [INFO] scanner - ✅ Validações OK [BTC/USDT]: Score=7.3, R:R=2.08
2025-12-02 16:31:30 [INFO] scanner - ⏸️  Throttle ativo [BTC/USDT]:
2025-12-02 16:31:30 [INFO] scanner -    ├─ Último alerta há 789.6 minutos
2025-12-02 16:31:30 [INFO] scanner -    ├─ Tempo mínimo: 1800 minutos
2025-12-02 16:31:30 [INFO] scanner -    └─ Próximo permitido em: 1010.4 minutos
2025-12-02 16:31:30 [WARNING] root - Bloco de componentes falhou: cannot unpack non-iterable int object
2025-12-02 16:31:30 [INFO] scanner - ✅ Validações OK [BTC/USDT]: Score=7.3, R:R=2.08
2025-12-02 16:31:30 [INFO] scanner - ⏸️  Throttle ativo [BTC/USDT]:
2025-12-02 16:31:30 [INFO] scanner -    ├─ Último alerta há 789.6 minutos
2025-12-02 16:31:30 [INFO] scanner -    ├─ Tempo mínimo: 1800 minutos
2025-12-02 16:31:30 [INFO] scanner -    └─ Próximo permitido em: 1010.4 minutos
2025-12-02 16:31:32 [WARNING] root - Bloco de componentes falhou: cannot unpack non-iterable int object
2025-12-02 16:31:32 [INFO] scanner - ✅ Validações OK [ETH/USDT]: Score=7.8, R:R=2.00
2025-12-02 16:31:32 [INFO] scanner - ⏸️  Throttle ativo [ETH/USDT]:
2025-12-02 16:31:32 [INFO] scanner -    ├─ Último alerta há 422.8 minutos
2025-12-02 16:31:32 [INFO] scanner -    ├─ Tempo mínimo: 1800 minutos
2025-12-02 16:31:32 [INFO] scanner -    └─ Próximo permitido em: 1377.2 minutos
2025-12-02 16:31:33 [WARNING] root - Bloco de componentes falhou: cannot unpack non-iterable int object
2025-12-02 16:31:33 [INFO] scanner - ✅ Validações OK [ETH/USDT]: Score=7.3, R:R=2.00
2025-12-02 16:31:33 [INFO] scanner - ⏸️  Throttle ativo [ETH/USDT]:
2025-12-02 16:31:33 [INFO] scanner -    ├─ Último alerta há 422.8 minutos
2025-12-02 16:31:33 [INFO] scanner -    ├─ Tempo mínimo: 1800 minutos
2025-12-02 16:31:33 [INFO] scanner -    └─ Próximo permitido em: 1377.2 minutos
2025-12-02 16:31:33 [WARNING] root - Bloco de componentes falhou: cannot unpack non-iterable int object
2025-12-02 16:31:33 [INFO] scanner - ✅ Validações OK [ETH/USDT]: Score=7.3, R:R=2.00
2025-12-02 16:31:33 [INFO] scanner - ⏸️  Throttle ativo [ETH/USDT]:
2025-12-02 16:31:33 [INFO] scanner -    ├─ Último alerta há 422.8 minutos
2025-12-02 16:31:33 [INFO] scanner -    ├─ Tempo mínimo: 1800 minutos
2025-12-02 16:31:33 [INFO] scanner -    └─ Próximo permitido em: 1377.2 minutos
2025-12-02 16:48:36 [INFO] scanner - ============================================================
2025-12-02 16:48:36 [INFO] scanner - 🚀 SCANNER INICIADO
2025-12-02 16:48:36 [INFO] scanner - 📅 Data/Hora: 02/12/2025 16:48:36
2025-12-02 16:48:36 [INFO] scanner - 📂 Log: logs/scanner_2025-12-02.log
2025-12-02 16:48:36 [INFO] scanner - ============================================================
2025-12-02 16:48:36 [INFO] scanner - 📝 PAPER MODE ATIVO - Apenas registro e análise
2025-12-02 16:48:39 [WARNING] root - Bloco de componentes falhou: cannot unpack non-iterable int object
2025-12-02 16:48:39 [INFO] scanner - ✅ Validações OK [BTC/USDT]: Score=7.3, R:R=2.08
2025-12-02 16:48:39 [INFO] scanner - ⏸️  Throttle ativo [BTC/USDT]:
2025-12-02 16:48:39 [INFO] scanner -    ├─ Último alerta há 806.8 minutos
2025-12-02 16:48:39 [INFO] scanner -    ├─ Tempo mínimo: 1800 minutos
2025-12-02 16:48:39 [INFO] scanner -    └─ Próximo permitido em: 993.2 minutos
2025-12-02 16:48:40 [WARNING] root - Bloco de componentes falhou: cannot unpack non-iterable int object
2025-12-02 16:48:40 [INFO] scanner - ✅ Validações OK [BTC/USDT]: Score=7.3, R:R=2.08
2025-12-02 16:48:40 [INFO] scanner - ⏸️  Throttle ativo [BTC/USDT]:
2025-12-02 16:48:40 [INFO] scanner -    ├─ Último alerta há 806.8 minutos
2025-12-02 16:48:40 [INFO] scanner -    ├─ Tempo mínimo: 1800 minutos
2025-12-02 16:48:40 [INFO] scanner -    └─ Próximo permitido em: 993.2 minutos
2025-12-02 16:48:42 [WARNING] root - Bloco de componentes falhou: cannot unpack non-iterable int object
2025-12-02 16:48:42 [INFO] scanner - ✅ Validações OK [ETH/USDT]: Score=7.8, R:R=2.00
2025-12-02 16:48:42 [INFO] scanner - ⏸️  Throttle ativo [ETH/USDT]:
2025-12-02 16:48:42 [INFO] scanner -    ├─ Último alerta há 439.9 minutos
2025-12-02 16:48:42 [INFO] scanner -    ├─ Tempo mínimo: 1800 minutos
2025-12-02 16:48:42 [INFO] scanner -    └─ Próximo permitido em: 1360.1 minutos
2025-12-02 16:48:42 [WARNING] root - Bloco de componentes falhou: cannot unpack non-iterable int object
2025-12-02 16:48:42 [INFO] scanner - ✅ Validações OK [ETH/USDT]: Score=7.3, R:R=2.00
2025-12-02 16:48:42 [INFO] scanner - ⏸️  Throttle ativo [ETH/USDT]:
2025-12-02 16:48:42 [INFO] scanner -    ├─ Último alerta há 439.9 minutos
2025-12-02 16:48:42 [INFO] scanner -    ├─ Tempo mínimo: 1800 minutos
2025-12-02 16:48:42 [INFO] scanner -    └─ Próximo permitido em: 1360.1 minutos
2025-12-02 16:48:42 [WARNING] root - Bloco de componentes falhou: cannot unpack non-iterable int object
2025-12-02 16:48:42 [INFO] scanner - ✅ Validações OK [ETH/USDT]: Score=7.3, R:R=2.00
2025-12-02 16:48:42 [INFO] scanner - ⏸️  Throttle ativo [ETH/USDT]:
2025-12-02 16:48:42 [INFO] scanner -    ├─ Último alerta há 439.9 minutos
2025-12-02 16:48:42 [INFO] scanner -    ├─ Tempo mínimo: 1800 minutos
2025-12-02 16:48:42 [INFO] scanner -    └─ Próximo permitido em: 1360.1 minutos
2025-12-02 17:15:53 [INFO] scanner - ============================================================
2025-12-02 17:15:53 [INFO] scanner - 🚀 SCANNER INICIADO
2025-12-02 17:15:53 [INFO] scanner - 📅 Data/Hora: 02/12/2025 17:15:53
2025-12-02 17:15:53 [INFO] scanner - 📂 Log: logs/scanner_2025-12-02.log
2025-12-02 17:15:53 [INFO] scanner - ============================================================
2025-12-02 17:15:53 [INFO] scanner - 📝 PAPER MODE ATIVO - Apenas registro e análise
2025-12-02 17:15:56 [WARNING] root - Bloco de componentes falhou: cannot unpack non-iterable int object
2025-12-02 17:15:56 [INFO] scanner - ✅ Validações OK [BTC/USDT]: Score=7.3, R:R=2.08
2025-12-02 17:15:56 [INFO] scanner - ⏸️  Throttle ativo [BTC/USDT]:
2025-12-02 17:15:56 [INFO] scanner -    ├─ Último alerta há 834.0 minutos
2025-12-02 17:15:56 [INFO] scanner -    ├─ Tempo mínimo: 1800 minutos
2025-12-02 17:15:56 [INFO] scanner -    └─ Próximo permitido em: 966.0 minutos
2025-12-02 17:15:57 [WARNING] root - Bloco de componentes falhou: cannot unpack non-iterable int object
2025-12-02 17:15:57 [INFO] scanner - ✅ Validações OK [BTC/USDT]: Score=7.3, R:R=2.08
2025-12-02 17:15:57 [INFO] scanner - ⏸️  Throttle ativo [BTC/USDT]:
2025-12-02 17:15:57 [INFO] scanner -    ├─ Último alerta há 834.1 minutos
2025-12-02 17:15:57 [INFO] scanner -    ├─ Tempo mínimo: 1800 minutos
2025-12-02 17:15:57 [INFO] scanner -    └─ Próximo permitido em: 965.9 minutos
2025-12-02 17:15:59 [WARNING] root - Bloco de componentes falhou: cannot unpack non-iterable int object
2025-12-02 17:15:59 [INFO] scanner - ✅ Validações OK [ETH/USDT]: Score=7.8, R:R=2.00
2025-12-02 17:15:59 [INFO] scanner - ⏸️  Throttle ativo [ETH/USDT]:
2025-12-02 17:15:59 [INFO] scanner -    ├─ Último alerta há 467.2 minutos
2025-12-02 17:15:59 [INFO] scanner -    ├─ Tempo mínimo: 1800 minutos
2025-12-02 17:15:59 [INFO] scanner -    └─ Próximo permitido em: 1332.8 minutos
2025-12-02 17:15:59 [WARNING] root - Bloco de componentes falhou: cannot unpack non-iterable int object
2025-12-02 17:15:59 [INFO] scanner - ✅ Validações OK [ETH/USDT]: Score=7.3, R:R=2.00
2025-12-02 17:15:59 [INFO] scanner - ⏸️  Throttle ativo [ETH/USDT]:
2025-12-02 17:15:59 [INFO] scanner -    ├─ Último alerta há 467.2 minutos
2025-12-02 17:15:59 [INFO] scanner -    ├─ Tempo mínimo: 1800 minutos
2025-12-02 17:15:59 [INFO] scanner -    └─ Próximo permitido em: 1332.8 minutos
2025-12-02 17:15:59 [WARNING] root - Bloco de componentes falhou: cannot unpack non-iterable int object
2025-12-02 17:15:59 [INFO] scanner - ✅ Validações OK [ETH/USDT]: Score=7.3, R:R=2.00
2025-12-02 17:15:59 [INFO] scanner - ⏸️  Throttle ativo [ETH/USDT]:
2025-12-02 17:15:59 [INFO] scanner -    ├─ Último alerta há 467.2 minutos
2025-12-02 17:15:59 [INFO] scanner -    ├─ Tempo mínimo: 1800 minutos
2025-12-02 17:15:59 [INFO] scanner -    └─ Próximo permitido em: 1332.8 minutos
2025-12-02 17:42:48 [INFO] scanner - ============================================================
2025-12-02 17:42:48 [INFO] scanner - 🚀 SCANNER INICIADO
2025-12-02 17:42:48 [INFO] scanner - 📅 Data/Hora: 02/12/2025 17:42:48
2025-12-02 17:42:48 [INFO] scanner - 📂 Log: logs/scanner_2025-12-02.log
2025-12-02 17:42:48 [INFO] scanner - ============================================================
2025-12-02 17:42:48 [INFO] scanner - 📝 PAPER MODE ATIVO - Apenas registro e análise
2025-12-02 17:42:52 [WARNING] root - Bloco de componentes falhou: cannot unpack non-iterable int object
2025-12-02 17:42:52 [INFO] scanner - ✅ Validações OK [BTC/USDT]: Score=7.8, R:R=2.08
2025-12-02 17:42:52 [INFO] scanner - ⏸️  Throttle ativo [BTC/USDT]:
2025-12-02 17:42:52 [INFO] scanner -    ├─ Último alerta há 861.0 minutos
2025-12-02 17:42:52 [INFO] scanner -    ├─ Tempo mínimo: 1800 minutos
2025-12-02 17:42:52 [INFO] scanner -    └─ Próximo permitido em: 939.0 minutos
2025-12-02 17:42:52 [WARNING] root - Bloco de componentes falhou: cannot unpack non-iterable int object
2025-12-02 17:42:52 [INFO] scanner - ✅ Validações OK [BTC/USDT]: Score=7.8, R:R=2.08
2025-12-02 17:42:52 [INFO] scanner - ⏸️  Throttle ativo [BTC/USDT]:
2025-12-02 17:42:52 [INFO] scanner -    ├─ Último alerta há 861.0 minutos
2025-12-02 17:42:52 [INFO] scanner -    ├─ Tempo mínimo: 1800 minutos
2025-12-02 17:42:52 [INFO] scanner -    └─ Próximo permitido em: 939.0 minutos
2025-12-02 17:42:54 [WARNING] root - Bloco de componentes falhou: cannot unpack non-iterable int object
2025-12-02 17:42:54 [INFO] scanner - ✅ Validações OK [ETH/USDT]: Score=7.8, R:R=2.00
2025-12-02 17:42:54 [INFO] scanner - ⏸️  Throttle ativo [ETH/USDT]:
2025-12-02 17:42:54 [INFO] scanner -    ├─ Último alerta há 494.1 minutos
2025-12-02 17:42:54 [INFO] scanner -    ├─ Tempo mínimo: 1800 minutos
2025-12-02 17:42:54 [INFO] scanner -    └─ Próximo permitido em: 1305.9 minutos
2025-12-02 17:42:55 [WARNING] root - Bloco de componentes falhou: cannot unpack non-iterable int object
2025-12-02 17:42:55 [INFO] scanner - ✅ Validações OK [ETH/USDT]: Score=7.3, R:R=2.00
2025-12-02 17:42:55 [INFO] scanner - ⏸️  Throttle ativo [ETH/USDT]:
2025-12-02 17:42:55 [INFO] scanner -    ├─ Último alerta há 494.1 minutos
2025-12-02 17:42:55 [INFO] scanner -    ├─ Tempo mínimo: 1800 minutos
2025-12-02 17:42:55 [INFO] scanner -    └─ Próximo permitido em: 1305.9 minutos
2025-12-02 17:42:55 [WARNING] root - Bloco de componentes falhou: cannot unpack non-iterable int object
2025-12-02 17:42:55 [INFO] scanner - ✅ Validações OK [ETH/USDT]: Score=7.3, R:R=2.00
2025-12-02 17:42:55 [INFO] scanner - ⏸️  Throttle ativo [ETH/USDT]:
2025-12-02 17:42:55 [INFO] scanner -    ├─ Último alerta há 494.1 minutos
2025-12-02 17:42:55 [INFO] scanner -    ├─ Tempo mínimo: 1800 minutos
2025-12-02 17:42:55 [INFO] scanner -    └─ Próximo permitido em: 1305.9 minutos
2025-12-02 17:53:27 [INFO] scanner - ============================================================
2025-12-02 17:53:27 [INFO] scanner - 🚀 SCANNER INICIADO
2025-12-02 17:53:27 [INFO] scanner - 📅 Data/Hora: 02/12/2025 17:53:27
2025-12-02 17:53:27 [INFO] scanner - 📂 Log: logs/scanner_2025-12-02.log
2025-12-02 17:53:27 [INFO] scanner - ============================================================
2025-12-02 17:53:27 [INFO] scanner - 📝 PAPER MODE ATIVO - Apenas registro e análise
2025-12-02 17:53:31 [WARNING] root - Bloco de componentes falhou: cannot unpack non-iterable int object
2025-12-02 17:53:31 [INFO] scanner - ✅ Validações OK [BTC/USDT]: Score=7.3, R:R=2.08
2025-12-02 17:53:31 [INFO] scanner - ⏸️  Throttle ativo [BTC/USDT]:
2025-12-02 17:53:31 [INFO] scanner -    ├─ Último alerta há 871.6 minutos
2025-12-02 17:53:31 [INFO] scanner -    ├─ Tempo mínimo: 1800 minutos
2025-12-02 17:53:31 [INFO] scanner -    └─ Próximo permitido em: 928.4 minutos
2025-12-02 17:53:31 [WARNING] root - Bloco de componentes falhou: cannot unpack non-iterable int object
2025-12-02 17:53:31 [INFO] scanner - ✅ Validações OK [BTC/USDT]: Score=7.3, R:R=2.08
2025-12-02 17:53:31 [INFO] scanner - ⏸️  Throttle ativo [BTC/USDT]:
2025-12-02 17:53:31 [INFO] scanner -    ├─ Último alerta há 871.6 minutos
2025-12-02 17:53:31 [INFO] scanner -    ├─ Tempo mínimo: 1800 minutos
2025-12-02 17:53:31 [INFO] scanner -    └─ Próximo permitido em: 928.4 minutos
2025-12-02 17:53:33 [WARNING] root - Bloco de componentes falhou: cannot unpack non-iterable int object
2025-12-02 17:53:33 [INFO] scanner - ✅ Validações OK [ETH/USDT]: Score=8.3, R:R=2.00
2025-12-02 17:53:33 [INFO] scanner - ⏸️  Throttle ativo [ETH/USDT]:
2025-12-02 17:53:33 [INFO] scanner -    ├─ Último alerta há 504.8 minutos
2025-12-02 17:53:33 [INFO] scanner -    ├─ Tempo mínimo: 1800 minutos
2025-12-02 17:53:33 [INFO] scanner -    └─ Próximo permitido em: 1295.2 minutos
2025-12-02 17:53:34 [WARNING] root - Bloco de componentes falhou: cannot unpack non-iterable int object
2025-12-02 17:53:34 [INFO] scanner - ✅ Validações OK [ETH/USDT]: Score=7.8, R:R=2.00
2025-12-02 17:53:34 [INFO] scanner - ⏸️  Throttle ativo [ETH/USDT]:
2025-12-02 17:53:34 [INFO] scanner -    ├─ Último alerta há 504.8 minutos
2025-12-02 17:53:34 [INFO] scanner -    ├─ Tempo mínimo: 1800 minutos
2025-12-02 17:53:34 [INFO] scanner -    └─ Próximo permitido em: 1295.2 minutos
2025-12-02 17:53:34 [WARNING] root - Bloco de componentes falhou: cannot unpack non-iterable int object
2025-12-02 17:53:34 [INFO] scanner - ✅ Validações OK [ETH/USDT]: Score=7.8, R:R=2.00
2025-12-02 17:53:34 [INFO] scanner - ⏸️  Throttle ativo [ETH/USDT]:
2025-12-02 17:53:34 [INFO] scanner -    ├─ Último alerta há 504.8 minutos
2025-12-02 17:53:34 [INFO] scanner -    ├─ Tempo mínimo: 1800 minutos
2025-12-02 17:53:34 [INFO] scanner -    └─ Próximo permitido em: 1295.2 minutos
2025-12-02 18:13:06 [INFO] scanner - ============================================================
2025-12-02 18:13:06 [INFO] scanner - 🚀 SCANNER INICIADO
2025-12-02 18:13:06 [INFO] scanner - 📅 Data/Hora: 02/12/2025 18:13:06
2025-12-02 18:13:06 [INFO] scanner - 📂 Log: logs/scanner_2025-12-02.log
2025-12-02 18:13:06 [INFO] scanner - ============================================================
2025-12-02 18:13:06 [INFO] scanner - 📝 PAPER MODE ATIVO - Apenas registro e análise
2025-12-02 18:13:09 [WARNING] root - Bloco de componentes falhou: cannot unpack non-iterable int object
2025-12-02 18:13:09 [INFO] scanner - ✅ Validações OK [BTC/USDT]: Score=7.3, R:R=2.08
2025-12-02 18:13:09 [INFO] scanner - ⏸️  Throttle ativo [BTC/USDT]:
2025-12-02 18:13:09 [INFO] scanner -    ├─ Último alerta há 891.3 minutos
2025-12-02 18:13:09 [INFO] scanner -    ├─ Tempo mínimo: 1800 minutos
2025-12-02 18:13:09 [INFO] scanner -    └─ Próximo permitido em: 908.7 minutos
2025-12-02 18:13:09 [WARNING] root - Bloco de componentes falhou: cannot unpack non-iterable int object
2025-12-02 18:13:09 [INFO] scanner - ✅ Validações OK [BTC/USDT]: Score=7.3, R:R=2.08
2025-12-02 18:13:09 [INFO] scanner - ⏸️  Throttle ativo [BTC/USDT]:
2025-12-02 18:13:09 [INFO] scanner -    ├─ Último alerta há 891.3 minutos
2025-12-02 18:13:09 [INFO] scanner -    ├─ Tempo mínimo: 1800 minutos
2025-12-02 18:13:09 [INFO] scanner -    └─ Próximo permitido em: 908.7 minutos
2025-12-02 18:13:11 [WARNING] root - Bloco de componentes falhou: cannot unpack non-iterable int object
2025-12-02 18:13:11 [INFO] scanner - ✅ Validações OK [ETH/USDT]: Score=7.8, R:R=2.00
2025-12-02 18:13:11 [INFO] scanner - ⏸️  Throttle ativo [ETH/USDT]:
2025-12-02 18:13:11 [INFO] scanner -    ├─ Último alerta há 524.4 minutos
2025-12-02 18:13:11 [INFO] scanner -    ├─ Tempo mínimo: 1800 minutos
2025-12-02 18:13:11 [INFO] scanner -    └─ Próximo permitido em: 1275.6 minutos
2025-12-02 18:13:12 [WARNING] root - Bloco de componentes falhou: cannot unpack non-iterable int object
2025-12-02 18:13:12 [INFO] scanner - ✅ Validações OK [ETH/USDT]: Score=7.3, R:R=2.00
2025-12-02 18:13:12 [INFO] scanner - ⏸️  Throttle ativo [ETH/USDT]:
2025-12-02 18:13:12 [INFO] scanner -    ├─ Último alerta há 524.4 minutos
2025-12-02 18:13:12 [INFO] scanner -    ├─ Tempo mínimo: 1800 minutos
2025-12-02 18:13:12 [INFO] scanner -    └─ Próximo permitido em: 1275.6 minutos
2025-12-02 18:13:12 [WARNING] root - Bloco de componentes falhou: cannot unpack non-iterable int object
2025-12-02 18:13:12 [INFO] scanner - ✅ Validações OK [ETH/USDT]: Score=7.3, R:R=2.00
2025-12-02 18:13:12 [INFO] scanner - ⏸️  Throttle ativo [ETH/USDT]:
2025-12-02 18:13:12 [INFO] scanner -    ├─ Último alerta há 524.4 minutos
2025-12-02 18:13:12 [INFO] scanner -    ├─ Tempo mínimo: 1800 minutos
2025-12-02 18:13:12 [INFO] scanner -    └─ Próximo permitido em: 1275.6 minutos
2025-12-02 18:30:14 [INFO] scanner - ============================================================
2025-12-02 18:30:14 [INFO] scanner - 🚀 SCANNER INICIADO
2025-12-02 18:30:14 [INFO] scanner - 📅 Data/Hora: 02/12/2025 18:30:14
2025-12-02 18:30:14 [INFO] scanner - 📂 Log: logs/scanner_2025-12-02.log
2025-12-02 18:30:14 [INFO] scanner - ============================================================
2025-12-02 18:30:14 [INFO] scanner - 📝 PAPER MODE ATIVO - Apenas registro e análise
2025-12-02 18:30:18 [WARNING] root - Bloco de componentes falhou: cannot unpack non-iterable int object
2025-12-02 18:30:18 [INFO] scanner - ✅ Validações OK [BTC/USDT]: Score=7.3, R:R=2.08
2025-12-02 18:30:18 [INFO] scanner - ⏸️  Throttle ativo [BTC/USDT]:
2025-12-02 18:30:18 [INFO] scanner -    ├─ Último alerta há 908.4 minutos
2025-12-02 18:30:18 [INFO] scanner -    ├─ Tempo mínimo: 1800 minutos
2025-12-02 18:30:18 [INFO] scanner -    └─ Próximo permitido em: 891.6 minutos
2025-12-02 18:30:18 [WARNING] root - Bloco de componentes falhou: cannot unpack non-iterable int object
2025-12-02 18:30:18 [INFO] scanner - ✅ Validações OK [BTC/USDT]: Score=7.3, R:R=2.08
2025-12-02 18:30:18 [INFO] scanner - ⏸️  Throttle ativo [BTC/USDT]:
2025-12-02 18:30:18 [INFO] scanner -    ├─ Último alerta há 908.4 minutos
2025-12-02 18:30:18 [INFO] scanner -    ├─ Tempo mínimo: 1800 minutos
2025-12-02 18:30:18 [INFO] scanner -    └─ Próximo permitido em: 891.6 minutos
2025-12-02 18:30:20 [WARNING] root - Bloco de componentes falhou: cannot unpack non-iterable int object
2025-12-02 18:30:20 [INFO] scanner - ✅ Validações OK [ETH/USDT]: Score=7.8, R:R=2.00
2025-12-02 18:30:20 [INFO] scanner - ⏸️  Throttle ativo [ETH/USDT]:
2025-12-02 18:30:20 [INFO] scanner -    ├─ Último alerta há 541.5 minutos
2025-12-02 18:30:20 [INFO] scanner -    ├─ Tempo mínimo: 1800 minutos
2025-12-02 18:30:20 [INFO] scanner -    └─ Próximo permitido em: 1258.5 minutos
2025-12-02 18:30:21 [WARNING] root - Bloco de componentes falhou: cannot unpack non-iterable int object
2025-12-02 18:30:21 [INFO] scanner - ✅ Validações OK [ETH/USDT]: Score=7.3, R:R=2.00
2025-12-02 18:30:21 [INFO] scanner - ⏸️  Throttle ativo [ETH/USDT]:
2025-12-02 18:30:21 [INFO] scanner -    ├─ Último alerta há 541.6 minutos
2025-12-02 18:30:21 [INFO] scanner -    ├─ Tempo mínimo: 1800 minutos
2025-12-02 18:30:21 [INFO] scanner -    └─ Próximo permitido em: 1258.4 minutos
2025-12-02 18:40:32 [INFO] scanner - ============================================================
2025-12-02 18:40:32 [INFO] scanner - 🚀 SCANNER INICIADO
2025-12-02 18:40:32 [INFO] scanner - 📅 Data/Hora: 02/12/2025 18:40:32
2025-12-02 18:40:32 [INFO] scanner - 📂 Log: logs/scanner_2025-12-02.log
2025-12-02 18:40:32 [INFO] scanner - ============================================================
2025-12-02 18:40:32 [INFO] scanner - 📝 PAPER MODE ATIVO - Apenas registro e análise
2025-12-02 18:40:36 [WARNING] root - Bloco de componentes falhou: cannot unpack non-iterable int object
2025-12-02 18:40:36 [INFO] scanner - ✅ Validações OK [BTC/USDT]: Score=7.3, R:R=2.08
2025-12-02 18:40:36 [INFO] scanner - ⏸️  Throttle ativo [BTC/USDT]:
2025-12-02 18:40:36 [INFO] scanner -    ├─ Último alerta há 918.7 minutos
2025-12-02 18:40:36 [INFO] scanner -    ├─ Tempo mínimo: 1800 minutos
2025-12-02 18:40:36 [INFO] scanner -    └─ Próximo permitido em: 881.3 minutos
2025-12-02 18:40:36 [WARNING] root - Bloco de componentes falhou: cannot unpack non-iterable int object
2025-12-02 18:40:36 [INFO] scanner - ✅ Validações OK [BTC/USDT]: Score=7.3, R:R=2.08
2025-12-02 18:40:36 [INFO] scanner - ⏸️  Throttle ativo [BTC/USDT]:
2025-12-02 18:40:36 [INFO] scanner -    ├─ Último alerta há 918.7 minutos
2025-12-02 18:40:36 [INFO] scanner -    ├─ Tempo mínimo: 1800 minutos
2025-12-02 18:40:36 [INFO] scanner -    └─ Próximo permitido em: 881.3 minutos
2025-12-02 18:40:39 [WARNING] root - Bloco de componentes falhou: cannot unpack non-iterable int object
2025-12-02 18:40:39 [INFO] scanner - ✅ Validações OK [ETH/USDT]: Score=7.8, R:R=2.00
2025-12-02 18:40:39 [INFO] scanner - ⏸️  Throttle ativo [ETH/USDT]:
2025-12-02 18:40:39 [INFO] scanner -    ├─ Último alerta há 551.9 minutos
2025-12-02 18:40:39 [INFO] scanner -    ├─ Tempo mínimo: 1800 minutos
2025-12-02 18:40:39 [INFO] scanner -    └─ Próximo permitido em: 1248.1 minutos
2025-12-02 18:40:39 [WARNING] root - Bloco de componentes falhou: cannot unpack non-iterable int object
2025-12-02 18:40:39 [INFO] scanner - ✅ Validações OK [ETH/USDT]: Score=7.3, R:R=2.00
2025-12-02 18:40:39 [INFO] scanner - ⏸️  Throttle ativo [ETH/USDT]:
2025-12-02 18:40:39 [INFO] scanner -    ├─ Último alerta há 551.9 minutos
2025-12-02 18:40:39 [INFO] scanner -    ├─ Tempo mínimo: 1800 minutos
2025-12-02 18:40:39 [INFO] scanner -    └─ Próximo permitido em: 1248.1 minutos
2025-12-02 18:40:39 [WARNING] root - Bloco de componentes falhou: cannot unpack non-iterable int object
2025-12-02 18:40:39 [INFO] scanner - ✅ Validações OK [ETH/USDT]: Score=7.3, R:R=2.00
2025-12-02 18:40:39 [INFO] scanner - ⏸️  Throttle ativo [ETH/USDT]:
2025-12-02 18:40:39 [INFO] scanner -    ├─ Último alerta há 551.9 minutos
2025-12-02 18:40:39 [INFO] scanner -    ├─ Tempo mínimo: 1800 minutos
2025-12-02 18:40:39 [INFO] scanner -    └─ Próximo permitido em: 1248.1 minutos
2025-12-02 18:48:15 [INFO] scanner - ============================================================
2025-12-02 18:48:15 [INFO] scanner - 🚀 SCANNER INICIADO
2025-12-02 18:48:15 [INFO] scanner - 📅 Data/Hora: 02/12/2025 18:48:15
2025-12-02 18:48:15 [INFO] scanner - 📂 Log: logs/scanner_2025-12-02.log
2025-12-02 18:48:15 [INFO] scanner - ============================================================
2025-12-02 18:48:15 [INFO] scanner - 📝 PAPER MODE ATIVO - Apenas registro e análise
2025-12-02 18:48:18 [WARNING] root - Bloco de componentes falhou: cannot unpack non-iterable int object
2025-12-02 18:48:18 [INFO] scanner - ✅ Validações OK [BTC/USDT]: Score=7.3, R:R=2.08
2025-12-02 18:48:18 [INFO] scanner - ⏸️  Throttle ativo [BTC/USDT]:
2025-12-02 18:48:18 [INFO] scanner -    ├─ Último alerta há 926.4 minutos
2025-12-02 18:48:18 [INFO] scanner -    ├─ Tempo mínimo: 1800 minutos
2025-12-02 18:48:18 [INFO] scanner -    └─ Próximo permitido em: 873.6 minutos
2025-12-02 18:48:19 [WARNING] root - Bloco de componentes falhou: cannot unpack non-iterable int object
2025-12-02 18:48:19 [INFO] scanner - ✅ Validações OK [BTC/USDT]: Score=7.3, R:R=2.08
2025-12-02 18:48:19 [INFO] scanner - ⏸️  Throttle ativo [BTC/USDT]:
2025-12-02 18:48:19 [INFO] scanner -    ├─ Último alerta há 926.4 minutos
2025-12-02 18:48:19 [INFO] scanner -    ├─ Tempo mínimo: 1800 minutos
2025-12-02 18:48:19 [INFO] scanner -    └─ Próximo permitido em: 873.6 minutos
2025-12-02 18:48:21 [WARNING] root - Bloco de componentes falhou: cannot unpack non-iterable int object
2025-12-02 18:48:21 [INFO] scanner - ✅ Validações OK [ETH/USDT]: Score=7.8, R:R=2.00
2025-12-02 18:48:21 [INFO] scanner - ⏸️  Throttle ativo [ETH/USDT]:
2025-12-02 18:48:21 [INFO] scanner -    ├─ Último alerta há 559.6 minutos
2025-12-02 18:48:21 [INFO] scanner -    ├─ Tempo mínimo: 1800 minutos
2025-12-02 18:48:21 [INFO] scanner -    └─ Próximo permitido em: 1240.4 minutos
2025-12-02 18:48:21 [WARNING] root - Bloco de componentes falhou: cannot unpack non-iterable int object
2025-12-02 18:48:21 [INFO] scanner - ✅ Validações OK [ETH/USDT]: Score=7.3, R:R=2.00
2025-12-02 18:48:21 [INFO] scanner - ⏸️  Throttle ativo [ETH/USDT]:
2025-12-02 18:48:21 [INFO] scanner -    ├─ Último alerta há 559.6 minutos
2025-12-02 18:48:21 [INFO] scanner -    ├─ Tempo mínimo: 1800 minutos
2025-12-02 18:48:21 [INFO] scanner -    └─ Próximo permitido em: 1240.4 minutos
2025-12-02 18:48:21 [WARNING] root - Bloco de componentes falhou: cannot unpack non-iterable int object
2025-12-02 18:48:21 [INFO] scanner - ✅ Validações OK [ETH/USDT]: Score=7.3, R:R=2.00
2025-12-02 18:48:21 [INFO] scanner - ⏸️  Throttle ativo [ETH/USDT]:
2025-12-02 18:48:21 [INFO] scanner -    ├─ Último alerta há 559.6 minutos
2025-12-02 18:48:21 [INFO] scanner -    ├─ Tempo mínimo: 1800 minutos
2025-12-02 18:48:21 [INFO] scanner -    └─ Próximo permitido em: 1240.4 minutos
