2025-12-08 03:23:20 [INFO] scanner - ============================================================
2025-12-08 03:23:20 [INFO] scanner - 🚀 SCANNER INICIADO
2025-12-08 03:23:20 [INFO] scanner - 📅 Data/Hora: 08/12/2025 03:23:20
2025-12-08 03:23:20 [INFO] scanner - 📂 Log: logs/scanner_2025-12-08.log
2025-12-08 03:23:20 [INFO] scanner - ============================================================
2025-12-08 03:23:20 [INFO] scanner - 📝 PAPER MODE ATIVO - Apenas registro e análise
2025-12-08 03:23:24 [WARNING] root - Bloco de componentes falhou: cannot unpack non-iterable int object
2025-12-08 03:23:24 [INFO] scanner - ✅ Validações OK [BTC/USDT]: Score=7.3, R:R=2.08
2025-12-08 03:23:24 [INFO] scanner - ⏸️  Throttle ativo [BTC/USDT]:
2025-12-08 03:23:24 [INFO] scanner -    ├─ Último alerta há 875.5 minutos
2025-12-08 03:23:24 [INFO] scanner -    ├─ Tempo mínimo: 1800 minutos
2025-12-08 03:23:24 [INFO] scanner -    └─ Próximo permitido em: 924.5 minutos
2025-12-08 03:55:15 [INFO] scanner - ============================================================
2025-12-08 03:55:15 [INFO] scanner - 🚀 SCANNER INICIADO
2025-12-08 03:55:15 [INFO] scanner - 📅 Data/Hora: 08/12/2025 03:55:15
2025-12-08 03:55:15 [INFO] scanner - 📂 Log: logs/scanner_2025-12-08.log
2025-12-08 03:55:15 [INFO] scanner - ============================================================
2025-12-08 03:55:15 [INFO] scanner - 📝 PAPER MODE ATIVO - Apenas registro e análise
2025-12-08 03:55:27 [WARNING] root - Bloco de componentes falhou: cannot unpack non-iterable int object
2025-12-08 03:55:27 [INFO] scanner - ✅ Validações OK [BTC/USDT]: Score=7.3, R:R=2.08
2025-12-08 03:55:27 [INFO] scanner - ⏸️  Throttle ativo [BTC/USDT]:
2025-12-08 03:55:27 [INFO] scanner -    ├─ Último alerta há 907.6 minutos
2025-12-08 03:55:27 [INFO] scanner -    ├─ Tempo mínimo: 1800 minutos
2025-12-08 03:55:27 [INFO] scanner -    └─ Próximo permitido em: 892.4 minutos
2025-12-08 04:18:23 [INFO] scanner - ============================================================
2025-12-08 04:18:23 [INFO] scanner - 🚀 SCANNER INICIADO
2025-12-08 04:18:23 [INFO] scanner - 📅 Data/Hora: 08/12/2025 04:18:23
2025-12-08 04:18:23 [INFO] scanner - 📂 Log: logs/scanner_2025-12-08.log
2025-12-08 04:18:23 [INFO] scanner - ============================================================
2025-12-08 04:18:23 [INFO] scanner - 📝 PAPER MODE ATIVO - Apenas registro e análise
2025-12-08 04:18:26 [WARNING] root - Bloco de componentes falhou: cannot unpack non-iterable int object
2025-12-08 04:18:26 [INFO] scanner - ✅ Validações OK [BTC/USDT]: Score=7.3, R:R=2.08
2025-12-08 04:18:26 [INFO] scanner - ⏸️  Throttle ativo [BTC/USDT]:
2025-12-08 04:18:26 [INFO] scanner -    ├─ Último alerta há 930.5 minutos
2025-12-08 04:18:26 [INFO] scanner -    ├─ Tempo mínimo: 1800 minutos
2025-12-08 04:18:26 [INFO] scanner -    └─ Próximo permitido em: 869.5 minutos
2025-12-08 04:42:00 [INFO] scanner - ============================================================
2025-12-08 04:42:00 [INFO] scanner - 🚀 SCANNER INICIADO
2025-12-08 04:42:00 [INFO] scanner - 📅 Data/Hora: 08/12/2025 04:42:00
2025-12-08 04:42:00 [INFO] scanner - 📂 Log: logs/scanner_2025-12-08.log
2025-12-08 04:42:00 [INFO] scanner - ============================================================
2025-12-08 04:42:00 [INFO] scanner - 📝 PAPER MODE ATIVO - Apenas registro e análise
2025-12-08 04:42:04 [WARNING] root - Bloco de componentes falhou: cannot unpack non-iterable int object
2025-12-08 04:42:04 [INFO] scanner - ✅ Validações OK [BTC/USDT]: Score=7.3, R:R=2.08
2025-12-08 04:42:04 [INFO] scanner - ⏸️  Throttle ativo [BTC/USDT]:
2025-12-08 04:42:04 [INFO] scanner -    ├─ Último alerta há 954.2 minutos
2025-12-08 04:42:04 [INFO] scanner -    ├─ Tempo mínimo: 1800 minutos
2025-12-08 04:42:04 [INFO] scanner -    └─ Próximo permitido em: 845.8 minutos
2025-12-08 04:51:20 [INFO] scanner - ============================================================
2025-12-08 04:51:20 [INFO] scanner - 🚀 SCANNER INICIADO
2025-12-08 04:51:20 [INFO] scanner - 📅 Data/Hora: 08/12/2025 04:51:20
2025-12-08 04:51:20 [INFO] scanner - 📂 Log: logs/scanner_2025-12-08.log
2025-12-08 04:51:20 [INFO] scanner - ============================================================
2025-12-08 04:51:20 [INFO] scanner - 📝 PAPER MODE ATIVO - Apenas registro e análise
2025-12-08 04:51:23 [WARNING] root - Bloco de componentes falhou: cannot unpack non-iterable int object
2025-12-08 04:51:23 [INFO] scanner - ✅ Validações OK [BTC/USDT]: Score=7.3, R:R=2.08
2025-12-08 04:51:23 [INFO] scanner - ⏸️  Throttle ativo [BTC/USDT]:
2025-12-08 04:51:23 [INFO] scanner -    ├─ Último alerta há 963.5 minutos
2025-12-08 04:51:23 [INFO] scanner -    ├─ Tempo mínimo: 1800 minutos
2025-12-08 04:51:23 [INFO] scanner -    └─ Próximo permitido em: 836.5 minutos
2025-12-08 05:21:20 [INFO] scanner - ============================================================
2025-12-08 05:21:20 [INFO] scanner - 🚀 SCANNER INICIADO
2025-12-08 05:21:20 [INFO] scanner - 📅 Data/Hora: 08/12/2025 05:21:20
2025-12-08 05:21:20 [INFO] scanner - 📂 Log: logs/scanner_2025-12-08.log
2025-12-08 05:21:20 [INFO] scanner - ============================================================
2025-12-08 05:21:20 [INFO] scanner - 📝 PAPER MODE ATIVO - Apenas registro e análise
2025-12-08 05:21:23 [WARNING] root - Bloco de componentes falhou: cannot unpack non-iterable int object
2025-12-08 05:21:23 [INFO] scanner - ✅ Validações OK [BTC/USDT]: Score=7.3, R:R=2.08
2025-12-08 05:21:23 [INFO] scanner - ⏸️  Throttle ativo [BTC/USDT]:
2025-12-08 05:21:23 [INFO] scanner -    ├─ Último alerta há 993.5 minutos
2025-12-08 05:21:23 [INFO] scanner -    ├─ Tempo mínimo: 1800 minutos
2025-12-08 05:21:23 [INFO] scanner -    └─ Próximo permitido em: 806.5 minutos
2025-12-08 05:51:33 [INFO] scanner - ============================================================
2025-12-08 05:51:33 [INFO] scanner - 🚀 SCANNER INICIADO
2025-12-08 05:51:33 [INFO] scanner - 📅 Data/Hora: 08/12/2025 05:51:33
2025-12-08 05:51:33 [INFO] scanner - 📂 Log: logs/scanner_2025-12-08.log
2025-12-08 05:51:33 [INFO] scanner - ============================================================
2025-12-08 05:51:33 [INFO] scanner - 📝 PAPER MODE ATIVO - Apenas registro e análise
2025-12-08 05:51:36 [WARNING] root - Bloco de componentes falhou: cannot unpack non-iterable int object
2025-12-08 05:51:36 [INFO] scanner - ✅ Validações OK [BTC/USDT]: Score=7.3, R:R=2.08
2025-12-08 05:51:36 [INFO] scanner - ⏸️  Throttle ativo [BTC/USDT]:
2025-12-08 05:51:36 [INFO] scanner -    ├─ Último alerta há 1023.7 minutos
2025-12-08 05:51:36 [INFO] scanner -    ├─ Tempo mínimo: 1800 minutos
2025-12-08 05:51:36 [INFO] scanner -    └─ Próximo permitido em: 776.3 minutos
2025-12-08 06:20:47 [INFO] scanner - ============================================================
2025-12-08 06:20:47 [INFO] scanner - 🚀 SCANNER INICIADO
2025-12-08 06:20:47 [INFO] scanner - 📅 Data/Hora: 08/12/2025 06:20:47
2025-12-08 06:20:47 [INFO] scanner - 📂 Log: logs/scanner_2025-12-08.log
2025-12-08 06:20:47 [INFO] scanner - ============================================================
2025-12-08 06:20:47 [INFO] scanner - 📝 PAPER MODE ATIVO - Apenas registro e análise
2025-12-08 06:20:50 [WARNING] root - Bloco de componentes falhou: cannot unpack non-iterable int object
2025-12-08 06:20:50 [INFO] scanner - ✅ Validações OK [BTC/USDT]: Score=7.3, R:R=2.08
2025-12-08 06:20:50 [INFO] scanner - ⏸️  Throttle ativo [BTC/USDT]:
2025-12-08 06:20:50 [INFO] scanner -    ├─ Último alerta há 1052.9 minutos
2025-12-08 06:20:50 [INFO] scanner -    ├─ Tempo mínimo: 1800 minutos
2025-12-08 06:20:50 [INFO] scanner -    └─ Próximo permitido em: 747.1 minutos
2025-12-08 06:20:52 [WARNING] root - Bloco de componentes falhou: cannot unpack non-iterable int object
2025-12-08 06:20:52 [INFO] scanner - ✅ Validações OK [ETH/USDT]: Score=7.3, R:R=2.00
2025-12-08 06:20:52 [INFO] scanner - ⏸️  Throttle ativo [ETH/USDT]:
2025-12-08 06:20:52 [INFO] scanner -    ├─ Último alerta há 752.5 minutos
2025-12-08 06:20:52 [INFO] scanner -    ├─ Tempo mínimo: 1800 minutos
2025-12-08 06:20:52 [INFO] scanner -    └─ Próximo permitido em: 1047.5 minutos
2025-12-08 06:20:53 [WARNING] root - Bloco de componentes falhou: cannot unpack non-iterable int object
2025-12-08 06:20:53 [INFO] scanner - ✅ Validações OK [ETH/USDT]: Score=7.3, R:R=2.00
2025-12-08 06:20:53 [INFO] scanner - ⏸️  Throttle ativo [ETH/USDT]:
2025-12-08 06:20:53 [INFO] scanner -    ├─ Último alerta há 752.5 minutos
2025-12-08 06:20:53 [INFO] scanner -    ├─ Tempo mínimo: 1800 minutos
2025-12-08 06:20:53 [INFO] scanner -    └─ Próximo permitido em: 1047.5 minutos
2025-12-08 06:20:53 [WARNING] root - Bloco de componentes falhou: cannot unpack non-iterable int object
2025-12-08 06:20:53 [INFO] scanner - ✅ Validações OK [ETH/USDT]: Score=7.3, R:R=2.00
2025-12-08 06:20:53 [INFO] scanner - ⏸️  Throttle ativo [ETH/USDT]:
2025-12-08 06:20:53 [INFO] scanner -    ├─ Último alerta há 752.5 minutos
2025-12-08 06:20:53 [INFO] scanner -    ├─ Tempo mínimo: 1800 minutos
2025-12-08 06:20:53 [INFO] scanner -    └─ Próximo permitido em: 1047.5 minutos
2025-12-08 06:47:26 [INFO] scanner - ============================================================
2025-12-08 06:47:26 [INFO] scanner - 🚀 SCANNER INICIADO
2025-12-08 06:47:26 [INFO] scanner - 📅 Data/Hora: 08/12/2025 06:47:26
2025-12-08 06:47:26 [INFO] scanner - 📂 Log: logs/scanner_2025-12-08.log
2025-12-08 06:47:26 [INFO] scanner - ============================================================
2025-12-08 06:47:26 [INFO] scanner - 📝 PAPER MODE ATIVO - Apenas registro e análise
2025-12-08 06:47:30 [WARNING] root - Bloco de componentes falhou: cannot unpack non-iterable int object
2025-12-08 06:47:30 [INFO] scanner - ✅ Validações OK [BTC/USDT]: Score=7.3, R:R=2.08
2025-12-08 06:47:30 [INFO] scanner - ⏸️  Throttle ativo [BTC/USDT]:
2025-12-08 06:47:30 [INFO] scanner -    ├─ Último alerta há 1079.6 minutos
2025-12-08 06:47:30 [INFO] scanner -    ├─ Tempo mínimo: 1800 minutos
2025-12-08 06:47:30 [INFO] scanner -    └─ Próximo permitido em: 720.4 minutos
2025-12-08 06:47:32 [WARNING] root - Bloco de componentes falhou: cannot unpack non-iterable int object
2025-12-08 06:47:32 [INFO] scanner - ✅ Validações OK [ETH/USDT]: Score=7.3, R:R=2.00
2025-12-08 06:47:32 [INFO] scanner - ⏸️  Throttle ativo [ETH/USDT]:
2025-12-08 06:47:32 [INFO] scanner -    ├─ Último alerta há 779.2 minutos
2025-12-08 06:47:32 [INFO] scanner -    ├─ Tempo mínimo: 1800 minutos
2025-12-08 06:47:32 [INFO] scanner -    └─ Próximo permitido em: 1020.8 minutos
2025-12-08 06:47:33 [WARNING] root - Bloco de componentes falhou: cannot unpack non-iterable int object
2025-12-08 06:47:33 [INFO] scanner - ✅ Validações OK [ETH/USDT]: Score=7.3, R:R=2.00
2025-12-08 06:47:33 [INFO] scanner - ⏸️  Throttle ativo [ETH/USDT]:
2025-12-08 06:47:33 [INFO] scanner -    ├─ Último alerta há 779.2 minutos
2025-12-08 06:47:33 [INFO] scanner -    ├─ Tempo mínimo: 1800 minutos
2025-12-08 06:47:33 [INFO] scanner -    └─ Próximo permitido em: 1020.8 minutos
2025-12-08 06:47:33 [WARNING] root - Bloco de componentes falhou: cannot unpack non-iterable int object
2025-12-08 06:47:33 [INFO] scanner - ✅ Validações OK [ETH/USDT]: Score=7.3, R:R=2.00
2025-12-08 06:47:33 [INFO] scanner - ⏸️  Throttle ativo [ETH/USDT]:
2025-12-08 06:47:33 [INFO] scanner -    ├─ Último alerta há 779.2 minutos
2025-12-08 06:47:33 [INFO] scanner -    ├─ Tempo mínimo: 1800 minutos
2025-12-08 06:47:33 [INFO] scanner -    └─ Próximo permitido em: 1020.8 minutos
2025-12-08 07:16:18 [INFO] scanner - ============================================================
2025-12-08 07:16:18 [INFO] scanner - 🚀 SCANNER INICIADO
2025-12-08 07:16:18 [INFO] scanner - 📅 Data/Hora: 08/12/2025 07:16:18
2025-12-08 07:16:18 [INFO] scanner - 📂 Log: logs/scanner_2025-12-08.log
2025-12-08 07:16:18 [INFO] scanner - ============================================================
2025-12-08 07:16:18 [INFO] scanner - 📝 PAPER MODE ATIVO - Apenas registro e análise
2025-12-08 07:16:21 [WARNING] root - Bloco de componentes falhou: cannot unpack non-iterable int object
2025-12-08 07:16:21 [INFO] scanner - ✅ Validações OK [BTC/USDT]: Score=7.3, R:R=2.08
2025-12-08 07:16:21 [INFO] scanner - ⏸️  Throttle ativo [BTC/USDT]:
2025-12-08 07:16:21 [INFO] scanner -    ├─ Último alerta há 1108.5 minutos
2025-12-08 07:16:21 [INFO] scanner -    ├─ Tempo mínimo: 1800 minutos
2025-12-08 07:16:21 [INFO] scanner -    └─ Próximo permitido em: 691.5 minutos
2025-12-08 07:46:26 [INFO] scanner - ============================================================
2025-12-08 07:46:26 [INFO] scanner - 🚀 SCANNER INICIADO
2025-12-08 07:46:26 [INFO] scanner - 📅 Data/Hora: 08/12/2025 07:46:26
2025-12-08 07:46:26 [INFO] scanner - 📂 Log: logs/scanner_2025-12-08.log
2025-12-08 07:46:26 [INFO] scanner - ============================================================
2025-12-08 07:46:26 [INFO] scanner - 📝 PAPER MODE ATIVO - Apenas registro e análise
2025-12-08 07:46:29 [WARNING] root - Bloco de componentes falhou: cannot unpack non-iterable int object
2025-12-08 07:46:29 [INFO] scanner - ✅ Validações OK [BTC/USDT]: Score=7.3, R:R=2.08
2025-12-08 07:46:29 [INFO] scanner - ⏸️  Throttle ativo [BTC/USDT]:
2025-12-08 07:46:29 [INFO] scanner -    ├─ Último alerta há 1138.6 minutos
2025-12-08 07:46:29 [INFO] scanner -    ├─ Tempo mínimo: 1800 minutos
2025-12-08 07:46:29 [INFO] scanner -    └─ Próximo permitido em: 661.4 minutos
2025-12-08 08:12:45 [INFO] scanner - ============================================================
2025-12-08 08:12:45 [INFO] scanner - 🚀 SCANNER INICIADO
2025-12-08 08:12:45 [INFO] scanner - 📅 Data/Hora: 08/12/2025 08:12:45
2025-12-08 08:12:45 [INFO] scanner - 📂 Log: logs/scanner_2025-12-08.log
2025-12-08 08:12:45 [INFO] scanner - ============================================================
2025-12-08 08:12:45 [INFO] scanner - 📝 PAPER MODE ATIVO - Apenas registro e análise
2025-12-08 08:12:48 [WARNING] root - Bloco de componentes falhou: cannot unpack non-iterable int object
2025-12-08 08:12:48 [INFO] scanner - ✅ Validações OK [BTC/USDT]: Score=7.3, R:R=2.08
2025-12-08 08:12:48 [INFO] scanner - ⏸️  Throttle ativo [BTC/USDT]:
2025-12-08 08:12:48 [INFO] scanner -    ├─ Último alerta há 1164.9 minutos
2025-12-08 08:12:48 [INFO] scanner -    ├─ Tempo mínimo: 1800 minutos
2025-12-08 08:12:48 [INFO] scanner -    └─ Próximo permitido em: 635.1 minutos
2025-12-08 08:12:51 [WARNING] root - Bloco de componentes falhou: cannot unpack non-iterable int object
2025-12-08 08:12:51 [INFO] scanner - ✅ Validações OK [ETH/USDT]: Score=7.8, R:R=2.00
2025-12-08 08:12:51 [INFO] scanner - ⏸️  Throttle ativo [ETH/USDT]:
2025-12-08 08:12:51 [INFO] scanner -    ├─ Último alerta há 864.5 minutos
2025-12-08 08:12:51 [INFO] scanner -    ├─ Tempo mínimo: 1800 minutos
2025-12-08 08:12:51 [INFO] scanner -    └─ Próximo permitido em: 935.5 minutos
2025-12-08 08:12:51 [WARNING] root - Bloco de componentes falhou: cannot unpack non-iterable int object
2025-12-08 08:12:51 [INFO] scanner - ✅ Validações OK [ETH/USDT]: Score=7.3, R:R=2.00
2025-12-08 08:12:51 [INFO] scanner - ⏸️  Throttle ativo [ETH/USDT]:
2025-12-08 08:12:51 [INFO] scanner -    ├─ Último alerta há 864.5 minutos
2025-12-08 08:12:51 [INFO] scanner -    ├─ Tempo mínimo: 1800 minutos
2025-12-08 08:12:51 [INFO] scanner -    └─ Próximo permitido em: 935.5 minutos
2025-12-08 08:30:27 [INFO] scanner - ============================================================
2025-12-08 08:30:27 [INFO] scanner - 🚀 SCANNER INICIADO
2025-12-08 08:30:27 [INFO] scanner - 📅 Data/Hora: 08/12/2025 08:30:27
2025-12-08 08:30:27 [INFO] scanner - 📂 Log: logs/scanner_2025-12-08.log
2025-12-08 08:30:27 [INFO] scanner - ============================================================
2025-12-08 08:30:27 [INFO] scanner - 📝 PAPER MODE ATIVO - Apenas registro e análise
2025-12-08 08:30:30 [WARNING] root - Bloco de componentes falhou: cannot unpack non-iterable int object
2025-12-08 08:30:30 [INFO] scanner - ✅ Validações OK [BTC/USDT]: Score=7.3, R:R=2.08
2025-12-08 08:30:30 [INFO] scanner - ⏸️  Throttle ativo [BTC/USDT]:
2025-12-08 08:30:30 [INFO] scanner -    ├─ Último alerta há 1182.6 minutos
2025-12-08 08:30:30 [INFO] scanner -    ├─ Tempo mínimo: 1800 minutos
2025-12-08 08:30:30 [INFO] scanner -    └─ Próximo permitido em: 617.4 minutos
2025-12-08 08:30:32 [WARNING] root - Bloco de componentes falhou: cannot unpack non-iterable int object
2025-12-08 08:30:32 [INFO] scanner - ✅ Validações OK [ETH/USDT]: Score=7.8, R:R=2.00
2025-12-08 08:30:32 [INFO] scanner - ⏸️  Throttle ativo [ETH/USDT]:
2025-12-08 08:30:32 [INFO] scanner -    ├─ Último alerta há 882.2 minutos
2025-12-08 08:30:32 [INFO] scanner -    ├─ Tempo mínimo: 1800 minutos
2025-12-08 08:30:32 [INFO] scanner -    └─ Próximo permitido em: 917.8 minutos
2025-12-08 08:30:32 [WARNING] root - Bloco de componentes falhou: cannot unpack non-iterable int object
2025-12-08 08:30:32 [INFO] scanner - ✅ Validações OK [ETH/USDT]: Score=7.3, R:R=2.00
2025-12-08 08:30:32 [INFO] scanner - ⏸️  Throttle ativo [ETH/USDT]:
2025-12-08 08:30:32 [INFO] scanner -    ├─ Último alerta há 882.2 minutos
2025-12-08 08:30:32 [INFO] scanner -    ├─ Tempo mínimo: 1800 minutos
2025-12-08 08:30:32 [INFO] scanner -    └─ Próximo permitido em: 917.8 minutos
2025-12-08 08:30:33 [WARNING] root - Bloco de componentes falhou: cannot unpack non-iterable int object
2025-12-08 08:30:33 [INFO] scanner - ✅ Validações OK [ETH/USDT]: Score=7.3, R:R=2.00
2025-12-08 08:30:33 [INFO] scanner - ⏸️  Throttle ativo [ETH/USDT]:
2025-12-08 08:30:33 [INFO] scanner -    ├─ Último alerta há 882.2 minutos
2025-12-08 08:30:33 [INFO] scanner -    ├─ Tempo mínimo: 1800 minutos
2025-12-08 08:30:33 [INFO] scanner -    └─ Próximo permitido em: 917.8 minutos
2025-12-08 08:42:43 [INFO] scanner - ============================================================
2025-12-08 08:42:43 [INFO] scanner - 🚀 SCANNER INICIADO
2025-12-08 08:42:43 [INFO] scanner - 📅 Data/Hora: 08/12/2025 08:42:43
2025-12-08 08:42:43 [INFO] scanner - 📂 Log: logs/scanner_2025-12-08.log
2025-12-08 08:42:43 [INFO] scanner - ============================================================
2025-12-08 08:42:43 [INFO] scanner - 📝 PAPER MODE ATIVO - Apenas registro e análise
2025-12-08 08:42:47 [WARNING] root - Bloco de componentes falhou: cannot unpack non-iterable int object
2025-12-08 08:42:47 [INFO] scanner - ✅ Validações OK [BTC/USDT]: Score=7.3, R:R=2.08
2025-12-08 08:42:47 [INFO] scanner - ⏸️  Throttle ativo [BTC/USDT]:
2025-12-08 08:42:47 [INFO] scanner -    ├─ Último alerta há 1194.9 minutos
2025-12-08 08:42:47 [INFO] scanner -    ├─ Tempo mínimo: 1800 minutos
2025-12-08 08:42:47 [INFO] scanner -    └─ Próximo permitido em: 605.1 minutos
2025-12-08 08:42:49 [WARNING] root - Bloco de componentes falhou: cannot unpack non-iterable int object
2025-12-08 08:42:49 [INFO] scanner - ✅ Validações OK [ETH/USDT]: Score=7.8, R:R=2.00
2025-12-08 08:42:49 [INFO] scanner - ⏸️  Throttle ativo [ETH/USDT]:
2025-12-08 08:42:49 [INFO] scanner -    ├─ Último alerta há 894.5 minutos
2025-12-08 08:42:49 [INFO] scanner -    ├─ Tempo mínimo: 1800 minutos
2025-12-08 08:42:49 [INFO] scanner -    └─ Próximo permitido em: 905.5 minutos
2025-12-08 08:42:49 [WARNING] root - Bloco de componentes falhou: cannot unpack non-iterable int object
2025-12-08 08:42:49 [INFO] scanner - ✅ Validações OK [ETH/USDT]: Score=7.3, R:R=2.00
2025-12-08 08:42:49 [INFO] scanner - ⏸️  Throttle ativo [ETH/USDT]:
2025-12-08 08:42:49 [INFO] scanner -    ├─ Último alerta há 894.5 minutos
2025-12-08 08:42:49 [INFO] scanner -    ├─ Tempo mínimo: 1800 minutos
2025-12-08 08:42:49 [INFO] scanner -    └─ Próximo permitido em: 905.5 minutos
2025-12-08 08:50:43 [INFO] scanner - ============================================================
2025-12-08 08:50:43 [INFO] scanner - 🚀 SCANNER INICIADO
2025-12-08 08:50:43 [INFO] scanner - 📅 Data/Hora: 08/12/2025 08:50:43
2025-12-08 08:50:43 [INFO] scanner - 📂 Log: logs/scanner_2025-12-08.log
2025-12-08 08:50:43 [INFO] scanner - ============================================================
2025-12-08 08:50:43 [INFO] scanner - 📝 PAPER MODE ATIVO - Apenas registro e análise
2025-12-08 08:50:47 [WARNING] root - Bloco de componentes falhou: cannot unpack non-iterable int object
2025-12-08 08:50:47 [INFO] scanner - ✅ Validações OK [BTC/USDT]: Score=7.3, R:R=2.08
2025-12-08 08:50:47 [INFO] scanner - ⏸️  Throttle ativo [BTC/USDT]:
2025-12-08 08:50:47 [INFO] scanner -    ├─ Último alerta há 1202.9 minutos
2025-12-08 08:50:47 [INFO] scanner -    ├─ Tempo mínimo: 1800 minutos
2025-12-08 08:50:47 [INFO] scanner -    └─ Próximo permitido em: 597.1 minutos
2025-12-08 08:50:49 [WARNING] root - Bloco de componentes falhou: cannot unpack non-iterable int object
2025-12-08 08:50:49 [INFO] scanner - ✅ Validações OK [ETH/USDT]: Score=7.8, R:R=2.00
2025-12-08 08:50:49 [INFO] scanner - ⏸️  Throttle ativo [ETH/USDT]:
2025-12-08 08:50:49 [INFO] scanner -    ├─ Último alerta há 902.5 minutos
2025-12-08 08:50:49 [INFO] scanner -    ├─ Tempo mínimo: 1800 minutos
2025-12-08 08:50:49 [INFO] scanner -    └─ Próximo permitido em: 897.5 minutos
2025-12-08 08:50:49 [WARNING] root - Bloco de componentes falhou: cannot unpack non-iterable int object
2025-12-08 08:50:49 [INFO] scanner - ✅ Validações OK [ETH/USDT]: Score=7.3, R:R=2.00
2025-12-08 08:50:49 [INFO] scanner - ⏸️  Throttle ativo [ETH/USDT]:
2025-12-08 08:50:49 [INFO] scanner -    ├─ Último alerta há 902.5 minutos
2025-12-08 08:50:49 [INFO] scanner -    ├─ Tempo mínimo: 1800 minutos
2025-12-08 08:50:49 [INFO] scanner -    └─ Próximo permitido em: 897.5 minutos
2025-12-08 09:27:26 [INFO] scanner - ============================================================
2025-12-08 09:27:26 [INFO] scanner - 🚀 SCANNER INICIADO
2025-12-08 09:27:26 [INFO] scanner - 📅 Data/Hora: 08/12/2025 09:27:26
2025-12-08 09:27:26 [INFO] scanner - 📂 Log: logs/scanner_2025-12-08.log
2025-12-08 09:27:26 [INFO] scanner - ============================================================
2025-12-08 09:27:26 [INFO] scanner - 📝 PAPER MODE ATIVO - Apenas registro e análise
2025-12-08 09:27:29 [WARNING] root - Bloco de componentes falhou: cannot unpack non-iterable int object
2025-12-08 09:27:29 [INFO] scanner - ✅ Validações OK [BTC/USDT]: Score=7.3, R:R=2.08
2025-12-08 09:27:29 [INFO] scanner - ⏸️  Throttle ativo [BTC/USDT]:
2025-12-08 09:27:29 [INFO] scanner -    ├─ Último alerta há 1239.6 minutos
2025-12-08 09:27:29 [INFO] scanner -    ├─ Tempo mínimo: 1800 minutos
2025-12-08 09:27:29 [INFO] scanner -    └─ Próximo permitido em: 560.4 minutos
2025-12-08 09:27:31 [WARNING] root - Bloco de componentes falhou: cannot unpack non-iterable int object
2025-12-08 09:27:31 [INFO] scanner - ✅ Validações OK [ETH/USDT]: Score=7.8, R:R=2.00
2025-12-08 09:27:31 [INFO] scanner - ⏸️  Throttle ativo [ETH/USDT]:
2025-12-08 09:27:31 [INFO] scanner -    ├─ Último alerta há 939.2 minutos
2025-12-08 09:27:31 [INFO] scanner -    ├─ Tempo mínimo: 1800 minutos
2025-12-08 09:27:31 [INFO] scanner -    └─ Próximo permitido em: 860.8 minutos
2025-12-08 09:27:32 [WARNING] root - Bloco de componentes falhou: cannot unpack non-iterable int object
2025-12-08 09:27:32 [INFO] scanner - ✅ Validações OK [ETH/USDT]: Score=7.3, R:R=2.00
2025-12-08 09:27:32 [INFO] scanner - ⏸️  Throttle ativo [ETH/USDT]:
2025-12-08 09:27:32 [INFO] scanner -    ├─ Último alerta há 939.2 minutos
2025-12-08 09:27:32 [INFO] scanner -    ├─ Tempo mínimo: 1800 minutos
2025-12-08 09:27:32 [INFO] scanner -    └─ Próximo permitido em: 860.8 minutos
2025-12-08 10:10:04 [INFO] scanner - ============================================================
2025-12-08 10:10:04 [INFO] scanner - 🚀 SCANNER INICIADO
2025-12-08 10:10:04 [INFO] scanner - 📅 Data/Hora: 08/12/2025 10:10:04
2025-12-08 10:10:04 [INFO] scanner - 📂 Log: logs/scanner_2025-12-08.log
2025-12-08 10:10:04 [INFO] scanner - ============================================================
2025-12-08 10:10:04 [INFO] scanner - 📝 PAPER MODE ATIVO - Apenas registro e análise
2025-12-08 10:10:07 [WARNING] root - Bloco de componentes falhou: cannot unpack non-iterable int object
2025-12-08 10:10:07 [INFO] scanner - ✅ Validações OK [BTC/USDT]: Score=7.3, R:R=2.08
2025-12-08 10:10:07 [INFO] scanner - ⏸️  Throttle ativo [BTC/USDT]:
2025-12-08 10:10:07 [INFO] scanner -    ├─ Último alerta há 1282.2 minutos
2025-12-08 10:10:07 [INFO] scanner -    ├─ Tempo mínimo: 1800 minutos
2025-12-08 10:10:07 [INFO] scanner -    └─ Próximo permitido em: 517.8 minutos
2025-12-08 10:10:09 [WARNING] root - Bloco de componentes falhou: cannot unpack non-iterable int object
2025-12-08 10:10:09 [INFO] scanner - ✅ Validações OK [ETH/USDT]: Score=7.8, R:R=2.00
2025-12-08 10:10:09 [INFO] scanner - ⏸️  Throttle ativo [ETH/USDT]:
2025-12-08 10:10:09 [INFO] scanner -    ├─ Último alerta há 981.8 minutos
2025-12-08 10:10:09 [INFO] scanner -    ├─ Tempo mínimo: 1800 minutos
2025-12-08 10:10:09 [INFO] scanner -    └─ Próximo permitido em: 818.2 minutos
2025-12-08 10:10:10 [WARNING] root - Bloco de componentes falhou: cannot unpack non-iterable int object
2025-12-08 10:10:10 [INFO] scanner - ✅ Validações OK [ETH/USDT]: Score=7.3, R:R=2.00
2025-12-08 10:10:10 [INFO] scanner - ⏸️  Throttle ativo [ETH/USDT]:
2025-12-08 10:10:10 [INFO] scanner -    ├─ Último alerta há 981.8 minutos
2025-12-08 10:10:10 [INFO] scanner -    ├─ Tempo mínimo: 1800 minutos
2025-12-08 10:10:10 [INFO] scanner -    └─ Próximo permitido em: 818.2 minutos
2025-12-08 10:46:05 [INFO] scanner - ============================================================
2025-12-08 10:46:05 [INFO] scanner - 🚀 SCANNER INICIADO
2025-12-08 10:46:05 [INFO] scanner - 📅 Data/Hora: 08/12/2025 10:46:05
2025-12-08 10:46:05 [INFO] scanner - 📂 Log: logs/scanner_2025-12-08.log
2025-12-08 10:46:05 [INFO] scanner - ============================================================
2025-12-08 10:46:05 [INFO] scanner - 📝 PAPER MODE ATIVO - Apenas registro e análise
2025-12-08 10:46:09 [WARNING] root - Bloco de componentes falhou: cannot unpack non-iterable int object
2025-12-08 10:46:09 [INFO] scanner - ✅ Validações OK [BTC/USDT]: Score=10.0, R:R=2.08
2025-12-08 10:46:09 [INFO] scanner - ⏸️  Throttle ativo [BTC/USDT]:
2025-12-08 10:46:09 [INFO] scanner -    ├─ Último alerta há 1318.2 minutos
2025-12-08 10:46:09 [INFO] scanner -    ├─ Tempo mínimo: 1800 minutos
2025-12-08 10:46:09 [INFO] scanner -    └─ Próximo permitido em: 481.8 minutos
2025-12-08 10:46:09 [WARNING] root - Bloco de componentes falhou: cannot unpack non-iterable int object
2025-12-08 10:46:09 [INFO] scanner - ✅ Validações OK [BTC/USDT]: Score=7.3, R:R=2.08
2025-12-08 10:46:09 [INFO] scanner - ⏸️  Throttle ativo [BTC/USDT]:
2025-12-08 10:46:09 [INFO] scanner -    ├─ Último alerta há 1318.2 minutos
2025-12-08 10:46:09 [INFO] scanner -    ├─ Tempo mínimo: 1800 minutos
2025-12-08 10:46:09 [INFO] scanner -    └─ Próximo permitido em: 481.8 minutos
2025-12-08 10:46:11 [WARNING] root - Bloco de componentes falhou: cannot unpack non-iterable int object
2025-12-08 10:46:11 [INFO] scanner - ✅ Validações OK [ETH/USDT]: Score=7.8, R:R=2.00
2025-12-08 10:46:11 [INFO] scanner - ⏸️  Throttle ativo [ETH/USDT]:
2025-12-08 10:46:11 [INFO] scanner -    ├─ Último alerta há 1017.9 minutos
2025-12-08 10:46:11 [INFO] scanner -    ├─ Tempo mínimo: 1800 minutos
2025-12-08 10:46:11 [INFO] scanner -    └─ Próximo permitido em: 782.1 minutos
2025-12-08 10:46:12 [WARNING] root - Bloco de componentes falhou: cannot unpack non-iterable int object
2025-12-08 10:46:12 [INFO] scanner - ✅ Validações OK [ETH/USDT]: Score=7.3, R:R=2.00
2025-12-08 10:46:12 [INFO] scanner - ⏸️  Throttle ativo [ETH/USDT]:
2025-12-08 10:46:12 [INFO] scanner -    ├─ Último alerta há 1017.9 minutos
2025-12-08 10:46:12 [INFO] scanner -    ├─ Tempo mínimo: 1800 minutos
2025-12-08 10:46:12 [INFO] scanner -    └─ Próximo permitido em: 782.1 minutos
2025-12-08 11:14:17 [INFO] scanner - ============================================================
2025-12-08 11:14:17 [INFO] scanner - 🚀 SCANNER INICIADO
2025-12-08 11:14:17 [INFO] scanner - 📅 Data/Hora: 08/12/2025 11:14:17
2025-12-08 11:14:17 [INFO] scanner - 📂 Log: logs/scanner_2025-12-08.log
2025-12-08 11:14:17 [INFO] scanner - ============================================================
2025-12-08 11:14:17 [INFO] scanner - 📝 PAPER MODE ATIVO - Apenas registro e análise
2025-12-08 11:14:21 [WARNING] root - Bloco de componentes falhou: cannot unpack non-iterable int object
2025-12-08 11:14:21 [INFO] scanner - ✅ Validações OK [BTC/USDT]: Score=7.3, R:R=2.08
2025-12-08 11:14:21 [INFO] scanner - ⏸️  Throttle ativo [BTC/USDT]:
2025-12-08 11:14:21 [INFO] scanner -    ├─ Último alerta há 1346.4 minutos
2025-12-08 11:14:21 [INFO] scanner -    ├─ Tempo mínimo: 1800 minutos
2025-12-08 11:14:21 [INFO] scanner -    └─ Próximo permitido em: 453.6 minutos
2025-12-08 11:14:23 [WARNING] root - Bloco de componentes falhou: cannot unpack non-iterable int object
2025-12-08 11:14:23 [INFO] scanner - ✅ Validações OK [ETH/USDT]: Score=7.3, R:R=2.00
2025-12-08 11:14:23 [INFO] scanner - ⏸️  Throttle ativo [ETH/USDT]:
2025-12-08 11:14:23 [INFO] scanner -    ├─ Último alerta há 1046.0 minutos
2025-12-08 11:14:23 [INFO] scanner -    ├─ Tempo mínimo: 1800 minutos
2025-12-08 11:14:23 [INFO] scanner -    └─ Próximo permitido em: 754.0 minutos
2025-12-08 11:40:10 [INFO] scanner - ============================================================
2025-12-08 11:40:10 [INFO] scanner - 🚀 SCANNER INICIADO
2025-12-08 11:40:10 [INFO] scanner - 📅 Data/Hora: 08/12/2025 11:40:10
2025-12-08 11:40:10 [INFO] scanner - 📂 Log: logs/scanner_2025-12-08.log
2025-12-08 11:40:10 [INFO] scanner - ============================================================
2025-12-08 11:40:10 [INFO] scanner - 📝 PAPER MODE ATIVO - Apenas registro e análise
2025-12-08 11:40:13 [WARNING] root - Bloco de componentes falhou: cannot unpack non-iterable int object
2025-12-08 11:40:13 [INFO] scanner - ✅ Validações OK [BTC/USDT]: Score=7.3, R:R=2.08
2025-12-08 11:40:13 [INFO] scanner - ⏸️  Throttle ativo [BTC/USDT]:
2025-12-08 11:40:13 [INFO] scanner -    ├─ Último alerta há 1372.3 minutos
2025-12-08 11:40:13 [INFO] scanner -    ├─ Tempo mínimo: 1800 minutos
2025-12-08 11:40:13 [INFO] scanner -    └─ Próximo permitido em: 427.7 minutos
2025-12-08 11:40:16 [WARNING] root - Bloco de componentes falhou: cannot unpack non-iterable int object
2025-12-08 11:40:16 [INFO] scanner - ✅ Validações OK [ETH/USDT]: Score=10.0, R:R=2.00
2025-12-08 11:40:16 [INFO] scanner - ⏸️  Throttle ativo [ETH/USDT]:
2025-12-08 11:40:16 [INFO] scanner -    ├─ Último alerta há 1071.9 minutos
2025-12-08 11:40:16 [INFO] scanner -    ├─ Tempo mínimo: 1800 minutos
2025-12-08 11:40:16 [INFO] scanner -    └─ Próximo permitido em: 728.1 minutos
2025-12-08 11:40:16 [WARNING] root - Bloco de componentes falhou: cannot unpack non-iterable int object
2025-12-08 11:40:16 [INFO] scanner - ✅ Validações OK [ETH/USDT]: Score=7.3, R:R=2.00
2025-12-08 11:40:16 [INFO] scanner - ⏸️  Throttle ativo [ETH/USDT]:
2025-12-08 11:40:16 [INFO] scanner -    ├─ Último alerta há 1071.9 minutos
2025-12-08 11:40:16 [INFO] scanner -    ├─ Tempo mínimo: 1800 minutos
2025-12-08 11:40:16 [INFO] scanner -    └─ Próximo permitido em: 728.1 minutos
2025-12-08 11:40:16 [WARNING] root - Bloco de componentes falhou: cannot unpack non-iterable int object
2025-12-08 11:40:16 [INFO] scanner - ✅ Validações OK [ETH/USDT]: Score=7.3, R:R=2.00
2025-12-08 11:40:16 [INFO] scanner - ⏸️  Throttle ativo [ETH/USDT]:
2025-12-08 11:40:16 [INFO] scanner -    ├─ Último alerta há 1071.9 minutos
2025-12-08 11:40:16 [INFO] scanner -    ├─ Tempo mínimo: 1800 minutos
2025-12-08 11:40:16 [INFO] scanner -    └─ Próximo permitido em: 728.1 minutos
2025-12-08 11:53:43 [INFO] scanner - ============================================================
2025-12-08 11:53:43 [INFO] scanner - 🚀 SCANNER INICIADO
2025-12-08 11:53:43 [INFO] scanner - 📅 Data/Hora: 08/12/2025 11:53:43
2025-12-08 11:53:43 [INFO] scanner - 📂 Log: logs/scanner_2025-12-08.log
2025-12-08 11:53:43 [INFO] scanner - ============================================================
2025-12-08 11:53:43 [INFO] scanner - 📝 PAPER MODE ATIVO - Apenas registro e análise
2025-12-08 11:53:46 [WARNING] root - Bloco de componentes falhou: cannot unpack non-iterable int object
2025-12-08 11:53:46 [INFO] scanner - ✅ Validações OK [BTC/USDT]: Score=7.3, R:R=2.08
2025-12-08 11:53:46 [INFO] scanner - ⏸️  Throttle ativo [BTC/USDT]:
2025-12-08 11:53:46 [INFO] scanner -    ├─ Último alerta há 1385.9 minutos
2025-12-08 11:53:46 [INFO] scanner -    ├─ Tempo mínimo: 1800 minutos
2025-12-08 11:53:46 [INFO] scanner -    └─ Próximo permitido em: 414.1 minutos
2025-12-08 11:53:49 [WARNING] root - Bloco de componentes falhou: cannot unpack non-iterable int object
2025-12-08 11:53:49 [INFO] scanner - ✅ Validações OK [ETH/USDT]: Score=10.0, R:R=2.00
2025-12-08 11:53:49 [INFO] scanner - ⏸️  Throttle ativo [ETH/USDT]:
2025-12-08 11:53:49 [INFO] scanner -    ├─ Último alerta há 1085.5 minutos
2025-12-08 11:53:49 [INFO] scanner -    ├─ Tempo mínimo: 1800 minutos
2025-12-08 11:53:49 [INFO] scanner -    └─ Próximo permitido em: 714.5 minutos
2025-12-08 11:53:49 [WARNING] root - Bloco de componentes falhou: cannot unpack non-iterable int object
2025-12-08 11:53:49 [INFO] scanner - ✅ Validações OK [ETH/USDT]: Score=7.8, R:R=2.00
2025-12-08 11:53:49 [INFO] scanner - ⏸️  Throttle ativo [ETH/USDT]:
2025-12-08 11:53:49 [INFO] scanner -    ├─ Último alerta há 1085.5 minutos
2025-12-08 11:53:49 [INFO] scanner -    ├─ Tempo mínimo: 1800 minutos
2025-12-08 11:53:49 [INFO] scanner -    └─ Próximo permitido em: 714.5 minutos
2025-12-08 11:53:49 [WARNING] root - Bloco de componentes falhou: cannot unpack non-iterable int object
2025-12-08 11:53:49 [INFO] scanner - ✅ Validações OK [ETH/USDT]: Score=7.3, R:R=2.00
2025-12-08 11:53:49 [INFO] scanner - ⏸️  Throttle ativo [ETH/USDT]:
2025-12-08 11:53:49 [INFO] scanner -    ├─ Último alerta há 1085.5 minutos
2025-12-08 11:53:49 [INFO] scanner -    ├─ Tempo mínimo: 1800 minutos
2025-12-08 11:53:49 [INFO] scanner -    └─ Próximo permitido em: 714.5 minutos
2025-12-08 11:53:49 [WARNING] root - Bloco de componentes falhou: cannot unpack non-iterable int object
2025-12-08 11:53:49 [INFO] scanner - ✅ Validações OK [ETH/USDT]: Score=7.3, R:R=2.00
2025-12-08 11:53:49 [INFO] scanner - ⏸️  Throttle ativo [ETH/USDT]:
2025-12-08 11:53:49 [INFO] scanner -    ├─ Último alerta há 1085.5 minutos
2025-12-08 11:53:49 [INFO] scanner -    ├─ Tempo mínimo: 1800 minutos
2025-12-08 11:53:49 [INFO] scanner -    └─ Próximo permitido em: 714.5 minutos
2025-12-08 12:15:04 [INFO] scanner - ============================================================
2025-12-08 12:15:04 [INFO] scanner - 🚀 SCANNER INICIADO
2025-12-08 12:15:04 [INFO] scanner - 📅 Data/Hora: 08/12/2025 12:15:04
2025-12-08 12:15:04 [INFO] scanner - 📂 Log: logs/scanner_2025-12-08.log
2025-12-08 12:15:04 [INFO] scanner - ============================================================
2025-12-08 12:15:04 [INFO] scanner - 📝 PAPER MODE ATIVO - Apenas registro e análise
2025-12-08 12:15:07 [WARNING] root - Bloco de componentes falhou: cannot unpack non-iterable int object
2025-12-08 12:15:07 [INFO] scanner - ✅ Validações OK [BTC/USDT]: Score=7.3, R:R=2.08
2025-12-08 12:15:07 [INFO] scanner - ⏸️  Throttle ativo [BTC/USDT]:
2025-12-08 12:15:07 [INFO] scanner -    ├─ Último alerta há 1407.2 minutos
2025-12-08 12:15:07 [INFO] scanner -    ├─ Tempo mínimo: 1800 minutos
2025-12-08 12:15:07 [INFO] scanner -    └─ Próximo permitido em: 392.8 minutos
2025-12-08 12:15:09 [WARNING] root - Bloco de componentes falhou: cannot unpack non-iterable int object
2025-12-08 12:15:09 [INFO] scanner - ✅ Validações OK [ETH/USDT]: Score=7.3, R:R=2.00
2025-12-08 12:15:09 [INFO] scanner - ⏸️  Throttle ativo [ETH/USDT]:
2025-12-08 12:15:09 [INFO] scanner -    ├─ Último alerta há 1106.8 minutos
2025-12-08 12:15:09 [INFO] scanner -    ├─ Tempo mínimo: 1800 minutos
2025-12-08 12:15:09 [INFO] scanner -    └─ Próximo permitido em: 693.2 minutos
2025-12-08 12:15:10 [WARNING] root - Bloco de componentes falhou: cannot unpack non-iterable int object
2025-12-08 12:15:10 [INFO] scanner - ✅ Validações OK [ETH/USDT]: Score=7.3, R:R=2.00
2025-12-08 12:15:10 [INFO] scanner - ⏸️  Throttle ativo [ETH/USDT]:
2025-12-08 12:15:10 [INFO] scanner -    ├─ Último alerta há 1106.8 minutos
2025-12-08 12:15:10 [INFO] scanner -    ├─ Tempo mínimo: 1800 minutos
2025-12-08 12:15:10 [INFO] scanner -    └─ Próximo permitido em: 693.2 minutos
