2026-06-28 05:41:16 [INFO] scanner - ============================================================
2026-06-28 05:41:16 [INFO] scanner - 🚀 SCANNER INICIADO
2026-06-28 05:41:16 [INFO] scanner - 📅 Data/Hora: 28/06/2026 05:41:16
2026-06-28 05:41:16 [INFO] scanner - 📂 Log: logs/scanner_2026-06-28.log
2026-06-28 05:41:16 [INFO] scanner - ============================================================
2026-06-28 05:41:16 [INFO] scanner - 📝 PAPER MODE ATIVO - Apenas registro e análise
2026-06-28 07:53:42 [INFO] scanner - ============================================================
2026-06-28 07:53:43 [INFO] scanner - 🚀 SCANNER INICIADO
2026-06-28 07:53:43 [INFO] scanner - 📅 Data/Hora: 28/06/2026 07:53:43
2026-06-28 07:53:43 [INFO] scanner - 📂 Log: logs/scanner_2026-06-28.log
2026-06-28 07:53:43 [INFO] scanner - ============================================================
2026-06-28 07:53:43 [INFO] scanner - 📝 PAPER MODE ATIVO - Apenas registro e análise
2026-06-28 09:12:41 [INFO] scanner - ============================================================
2026-06-28 09:12:41 [INFO] scanner - 🚀 SCANNER INICIADO
2026-06-28 09:12:41 [INFO] scanner - 📅 Data/Hora: 28/06/2026 09:12:41
2026-06-28 09:12:41 [INFO] scanner - 📂 Log: logs/scanner_2026-06-28.log
2026-06-28 09:12:41 [INFO] scanner - ============================================================
2026-06-28 09:12:41 [INFO] scanner - 📝 PAPER MODE ATIVO - Apenas registro e análise
2026-06-28 11:14:50 [INFO] scanner - ============================================================
2026-06-28 11:14:50 [INFO] scanner - 🚀 SCANNER INICIADO
2026-06-28 11:14:50 [INFO] scanner - 📅 Data/Hora: 28/06/2026 11:14:50
2026-06-28 11:14:50 [INFO] scanner - 📂 Log: logs/scanner_2026-06-28.log
2026-06-28 11:14:50 [INFO] scanner - ============================================================
2026-06-28 11:14:50 [INFO] scanner - 📝 PAPER MODE ATIVO - Apenas registro e análise
2026-06-28 11:14:53 [WARNING] root - Bloco de componentes falhou: cannot unpack non-iterable int object
2026-06-28 11:14:53 [INFO] scanner - ✅ Validações OK [BTC/USDT]: Score=8.5, R:R=2.08
2026-06-28 11:14:53 [INFO] scanner - ✅ Throttle OK [BTC/USDT]: Pode enviar
2026-06-28 11:14:53 [INFO] scanner - 📝 Sinal no ledger: 20260628_111453_656650 - BTC/USDT
2026-06-28 11:14:53 [INFO] scanner - 📨 Alerta enviado | ID Ledger: 20260628_111453_656650
2026-06-28 11:14:55 [WARNING] root - Bloco de componentes falhou: cannot unpack non-iterable int object
2026-06-28 11:14:55 [INFO] scanner - ✅ Validações OK [ETH/USDT]: Score=7.0, R:R=2.00
2026-06-28 11:14:55 [INFO] scanner - ✅ Throttle OK [ETH/USDT]: Pode enviar
2026-06-28 11:14:56 [INFO] scanner - 📝 Sinal no ledger: 20260628_111456_186606 - ETH/USDT
2026-06-28 11:14:56 [INFO] scanner - 📨 Alerta enviado | ID Ledger: 20260628_111456_186606
2026-06-28 12:40:32 [INFO] scanner - ============================================================
2026-06-28 12:40:32 [INFO] scanner - 🚀 SCANNER INICIADO
2026-06-28 12:40:32 [INFO] scanner - 📅 Data/Hora: 28/06/2026 12:40:32
2026-06-28 12:40:32 [INFO] scanner - 📂 Log: logs/scanner_2026-06-28.log
2026-06-28 12:40:32 [INFO] scanner - ============================================================
2026-06-28 12:40:32 [INFO] scanner - 📝 PAPER MODE ATIVO - Apenas registro e análise
2026-06-28 12:40:37 [WARNING] root - Bloco de componentes falhou: cannot unpack non-iterable int object
2026-06-28 12:40:37 [INFO] scanner - ✅ Validações OK [ETH/USDT]: Score=8.5, R:R=2.00
2026-06-28 12:40:37 [INFO] scanner - ⏸️  Throttle ativo [ETH/USDT]:
2026-06-28 12:40:37 [INFO] scanner -    ├─ Último alerta há 85.7 minutos
2026-06-28 12:40:37 [INFO] scanner -    ├─ Tempo mínimo: 1800 minutos
2026-06-28 12:40:37 [INFO] scanner -    └─ Próximo permitido em: 1714.3 minutos
2026-06-28 13:47:02 [INFO] scanner - ============================================================
2026-06-28 13:47:02 [INFO] scanner - 🚀 SCANNER INICIADO
2026-06-28 13:47:02 [INFO] scanner - 📅 Data/Hora: 28/06/2026 13:47:02
2026-06-28 13:47:02 [INFO] scanner - 📂 Log: logs/scanner_2026-06-28.log
2026-06-28 13:47:02 [INFO] scanner - ============================================================
2026-06-28 13:47:02 [INFO] scanner - 📝 PAPER MODE ATIVO - Apenas registro e análise
2026-06-28 13:47:07 [WARNING] root - Bloco de componentes falhou: cannot unpack non-iterable int object
2026-06-28 13:47:07 [INFO] scanner - ✅ Validações OK [ETH/USDT]: Score=8.8, R:R=2.00
2026-06-28 13:47:07 [INFO] scanner - ⏸️  Throttle ativo [ETH/USDT]:
2026-06-28 13:47:07 [INFO] scanner -    ├─ Último alerta há 152.2 minutos
2026-06-28 13:47:07 [INFO] scanner -    ├─ Tempo mínimo: 1800 minutos
2026-06-28 13:47:07 [INFO] scanner -    └─ Próximo permitido em: 1647.8 minutos
2026-06-28 14:59:04 [INFO] scanner - ============================================================
2026-06-28 14:59:04 [INFO] scanner - 🚀 SCANNER INICIADO
2026-06-28 14:59:04 [INFO] scanner - 📅 Data/Hora: 28/06/2026 14:59:04
2026-06-28 14:59:04 [INFO] scanner - 📂 Log: logs/scanner_2026-06-28.log
2026-06-28 14:59:04 [INFO] scanner - ============================================================
2026-06-28 14:59:04 [INFO] scanner - 📝 PAPER MODE ATIVO - Apenas registro e análise
2026-06-28 14:59:11 [WARNING] root - Bloco de componentes falhou: cannot unpack non-iterable int object
2026-06-28 14:59:11 [INFO] scanner - ✅ Validações OK [ETH/USDT]: Score=8.8, R:R=2.00
2026-06-28 14:59:11 [INFO] scanner - ⏸️  Throttle ativo [ETH/USDT]:
2026-06-28 14:59:11 [INFO] scanner -    ├─ Último alerta há 224.3 minutos
2026-06-28 14:59:11 [INFO] scanner -    ├─ Tempo mínimo: 1800 minutos
2026-06-28 14:59:11 [INFO] scanner -    └─ Próximo permitido em: 1575.7 minutos
2026-06-28 16:22:10 [INFO] scanner - ============================================================
2026-06-28 16:22:10 [INFO] scanner - 🚀 SCANNER INICIADO
2026-06-28 16:22:10 [INFO] scanner - 📅 Data/Hora: 28/06/2026 16:22:10
2026-06-28 16:22:10 [INFO] scanner - 📂 Log: logs/scanner_2026-06-28.log
2026-06-28 16:22:10 [INFO] scanner - ============================================================
2026-06-28 16:22:10 [INFO] scanner - 📝 PAPER MODE ATIVO - Apenas registro e análise
2026-06-28 17:39:55 [INFO] scanner - ============================================================
2026-06-28 17:39:55 [INFO] scanner - 🚀 SCANNER INICIADO
2026-06-28 17:39:55 [INFO] scanner - 📅 Data/Hora: 28/06/2026 17:39:55
2026-06-28 17:39:55 [INFO] scanner - 📂 Log: logs/scanner_2026-06-28.log
2026-06-28 17:39:55 [INFO] scanner - ============================================================
2026-06-28 17:39:55 [INFO] scanner - 📝 PAPER MODE ATIVO - Apenas registro e análise
2026-06-28 18:44:36 [INFO] scanner - ============================================================
2026-06-28 18:44:36 [INFO] scanner - 🚀 SCANNER INICIADO
2026-06-28 18:44:36 [INFO] scanner - 📅 Data/Hora: 28/06/2026 18:44:36
2026-06-28 18:44:36 [INFO] scanner - 📂 Log: logs/scanner_2026-06-28.log
2026-06-28 18:44:36 [INFO] scanner - ============================================================
2026-06-28 18:44:36 [INFO] scanner - 📝 PAPER MODE ATIVO - Apenas registro e análise
2026-06-28 19:43:25 [INFO] scanner - ============================================================
2026-06-28 19:43:25 [INFO] scanner - 🚀 SCANNER INICIADO
2026-06-28 19:43:25 [INFO] scanner - 📅 Data/Hora: 28/06/2026 19:43:25
2026-06-28 19:43:25 [INFO] scanner - 📂 Log: logs/scanner_2026-06-28.log
2026-06-28 19:43:25 [INFO] scanner - ============================================================
2026-06-28 19:43:25 [INFO] scanner - 📝 PAPER MODE ATIVO - Apenas registro e análise
