2026-04-15 04:19:52 [INFO] scanner - ============================================================
2026-04-15 04:19:52 [INFO] scanner - 🚀 SCANNER INICIADO
2026-04-15 04:19:52 [INFO] scanner - 📅 Data/Hora: 15/04/2026 04:19:52
2026-04-15 04:19:52 [INFO] scanner - 📂 Log: logs/scanner_2026-04-15.log
2026-04-15 04:19:52 [INFO] scanner - ============================================================
2026-04-15 04:19:52 [INFO] scanner - 📝 PAPER MODE ATIVO - Apenas registro e análise
2026-04-15 04:19:55 [WARNING] root - Bloco de componentes falhou: cannot unpack non-iterable int object
2026-04-15 04:19:55 [INFO] scanner - ✅ Validações OK [BTC/USDT]: Score=7.3, R:R=2.08
2026-04-15 04:19:55 [INFO] scanner - ✅ Throttle OK [BTC/USDT]: Pode enviar
2026-04-15 04:19:56 [INFO] scanner - 📝 Sinal no ledger: 20260415_041956_174335 - BTC/USDT
2026-04-15 04:19:56 [INFO] scanner - 📨 Alerta enviado | ID Ledger: 20260415_041956_174335
2026-04-15 05:59:09 [INFO] scanner - ============================================================
2026-04-15 05:59:09 [INFO] scanner - 🚀 SCANNER INICIADO
2026-04-15 05:59:09 [INFO] scanner - 📅 Data/Hora: 15/04/2026 05:59:09
2026-04-15 05:59:09 [INFO] scanner - 📂 Log: logs/scanner_2026-04-15.log
2026-04-15 05:59:09 [INFO] scanner - ============================================================
2026-04-15 05:59:09 [INFO] scanner - 📝 PAPER MODE ATIVO - Apenas registro e análise
2026-04-15 05:59:12 [WARNING] root - Bloco de componentes falhou: cannot unpack non-iterable int object
2026-04-15 05:59:12 [INFO] scanner - ✅ Validações OK [BTC/USDT]: Score=7.3, R:R=2.08
2026-04-15 05:59:12 [INFO] scanner - ⏸️  Throttle ativo [BTC/USDT]:
2026-04-15 05:59:12 [INFO] scanner -    ├─ Último alerta há 99.3 minutos
2026-04-15 05:59:12 [INFO] scanner -    ├─ Tempo mínimo: 1800 minutos
2026-04-15 05:59:12 [INFO] scanner -    └─ Próximo permitido em: 1700.7 minutos
2026-04-15 05:59:14 [WARNING] root - Bloco de componentes falhou: cannot unpack non-iterable int object
2026-04-15 05:59:14 [INFO] scanner - ✅ Validações OK [ETH/USDT]: Score=7.3, R:R=2.00
2026-04-15 05:59:14 [INFO] scanner - ✅ Throttle OK [ETH/USDT]: Pode enviar
2026-04-15 05:59:15 [INFO] scanner - 📝 Sinal no ledger: 20260415_055915_189475 - ETH/USDT
2026-04-15 05:59:15 [INFO] scanner - 📨 Alerta enviado | ID Ledger: 20260415_055915_189475
2026-04-15 07:17:36 [INFO] scanner - ============================================================
2026-04-15 07:17:36 [INFO] scanner - 🚀 SCANNER INICIADO
2026-04-15 07:17:36 [INFO] scanner - 📅 Data/Hora: 15/04/2026 07:17:36
2026-04-15 07:17:36 [INFO] scanner - 📂 Log: logs/scanner_2026-04-15.log
2026-04-15 07:17:36 [INFO] scanner - ============================================================
2026-04-15 07:17:36 [INFO] scanner - 📝 PAPER MODE ATIVO - Apenas registro e análise
2026-04-15 08:31:55 [INFO] scanner - ============================================================
2026-04-15 08:31:55 [INFO] scanner - 🚀 SCANNER INICIADO
2026-04-15 08:31:55 [INFO] scanner - 📅 Data/Hora: 15/04/2026 08:31:55
2026-04-15 08:31:55 [INFO] scanner - 📂 Log: logs/scanner_2026-04-15.log
2026-04-15 08:31:55 [INFO] scanner - ============================================================
2026-04-15 08:31:55 [INFO] scanner - 📝 PAPER MODE ATIVO - Apenas registro e análise
2026-04-15 08:31:58 [WARNING] root - Bloco de componentes falhou: cannot unpack non-iterable int object
2026-04-15 08:31:58 [INFO] scanner - ✅ Validações OK [BTC/USDT]: Score=7.3, R:R=2.08
2026-04-15 08:31:58 [INFO] scanner - ⏸️  Throttle ativo [BTC/USDT]:
2026-04-15 08:31:58 [INFO] scanner -    ├─ Último alerta há 252.0 minutos
2026-04-15 08:31:58 [INFO] scanner -    ├─ Tempo mínimo: 1800 minutos
2026-04-15 08:31:58 [INFO] scanner -    └─ Próximo permitido em: 1548.0 minutos
2026-04-15 09:43:51 [INFO] scanner - ============================================================
2026-04-15 09:43:51 [INFO] scanner - 🚀 SCANNER INICIADO
2026-04-15 09:43:51 [INFO] scanner - 📅 Data/Hora: 15/04/2026 09:43:51
2026-04-15 09:43:51 [INFO] scanner - 📂 Log: logs/scanner_2026-04-15.log
2026-04-15 09:43:51 [INFO] scanner - ============================================================
2026-04-15 09:43:51 [INFO] scanner - 📝 PAPER MODE ATIVO - Apenas registro e análise
2026-04-15 11:14:41 [INFO] scanner - ============================================================
2026-04-15 11:14:41 [INFO] scanner - 🚀 SCANNER INICIADO
2026-04-15 11:14:41 [INFO] scanner - 📅 Data/Hora: 15/04/2026 11:14:41
2026-04-15 11:14:41 [INFO] scanner - 📂 Log: logs/scanner_2026-04-15.log
2026-04-15 11:14:41 [INFO] scanner - ============================================================
2026-04-15 11:14:41 [INFO] scanner - 📝 PAPER MODE ATIVO - Apenas registro e análise
2026-04-15 12:38:30 [INFO] scanner - ============================================================
2026-04-15 12:38:30 [INFO] scanner - 🚀 SCANNER INICIADO
2026-04-15 12:38:30 [INFO] scanner - 📅 Data/Hora: 15/04/2026 12:38:30
2026-04-15 12:38:30 [INFO] scanner - 📂 Log: logs/scanner_2026-04-15.log
2026-04-15 12:38:30 [INFO] scanner - ============================================================
2026-04-15 12:38:30 [INFO] scanner - 📝 PAPER MODE ATIVO - Apenas registro e análise
2026-04-15 12:38:36 [WARNING] root - Bloco de componentes falhou: cannot unpack non-iterable int object
2026-04-15 12:38:36 [INFO] scanner - ✅ Validações OK [ETH/USDT]: Score=9.3, R:R=2.00
2026-04-15 12:38:36 [INFO] scanner - ⏸️  Throttle ativo [ETH/USDT]:
2026-04-15 12:38:36 [INFO] scanner -    ├─ Último alerta há 399.4 minutos
2026-04-15 12:38:36 [INFO] scanner -    ├─ Tempo mínimo: 1800 minutos
2026-04-15 12:38:36 [INFO] scanner -    └─ Próximo permitido em: 1400.6 minutos
2026-04-15 12:38:36 [WARNING] root - Bloco de componentes falhou: cannot unpack non-iterable int object
2026-04-15 12:38:36 [INFO] scanner - ✅ Validações OK [ETH/USDT]: Score=8.8, R:R=2.00
2026-04-15 12:38:36 [INFO] scanner - ⏸️  Throttle ativo [ETH/USDT]:
2026-04-15 12:38:36 [INFO] scanner -    ├─ Último alerta há 399.4 minutos
2026-04-15 12:38:36 [INFO] scanner -    ├─ Tempo mínimo: 1800 minutos
2026-04-15 12:38:36 [INFO] scanner -    └─ Próximo permitido em: 1400.6 minutos
2026-04-15 12:38:37 [WARNING] root - Bloco de componentes falhou: cannot unpack non-iterable int object
2026-04-15 12:38:37 [INFO] scanner - ✅ Validações OK [ETH/USDT]: Score=7.3, R:R=2.00
2026-04-15 12:38:37 [INFO] scanner - ⏸️  Throttle ativo [ETH/USDT]:
2026-04-15 12:38:37 [INFO] scanner -    ├─ Último alerta há 399.4 minutos
2026-04-15 12:38:37 [INFO] scanner -    ├─ Tempo mínimo: 1800 minutos
2026-04-15 12:38:37 [INFO] scanner -    └─ Próximo permitido em: 1400.6 minutos
2026-04-15 12:38:37 [WARNING] root - Bloco de componentes falhou: cannot unpack non-iterable int object
2026-04-15 12:38:37 [INFO] scanner - ✅ Validações OK [ETH/USDT]: Score=7.3, R:R=2.00
2026-04-15 12:38:37 [INFO] scanner - ⏸️  Throttle ativo [ETH/USDT]:
2026-04-15 12:38:37 [INFO] scanner -    ├─ Último alerta há 399.4 minutos
2026-04-15 12:38:37 [INFO] scanner -    ├─ Tempo mínimo: 1800 minutos
2026-04-15 12:38:37 [INFO] scanner -    └─ Próximo permitido em: 1400.6 minutos
2026-04-15 13:40:57 [INFO] scanner - ============================================================
2026-04-15 13:40:57 [INFO] scanner - 🚀 SCANNER INICIADO
2026-04-15 13:40:57 [INFO] scanner - 📅 Data/Hora: 15/04/2026 13:40:57
2026-04-15 13:40:57 [INFO] scanner - 📂 Log: logs/scanner_2026-04-15.log
2026-04-15 13:40:57 [INFO] scanner - ============================================================
2026-04-15 13:40:57 [INFO] scanner - 📝 PAPER MODE ATIVO - Apenas registro e análise
2026-04-15 13:41:02 [WARNING] root - Bloco de componentes falhou: cannot unpack non-iterable int object
2026-04-15 13:41:02 [INFO] scanner - ✅ Validações OK [ETH/USDT]: Score=8.8, R:R=2.00
2026-04-15 13:41:02 [INFO] scanner - ⏸️  Throttle ativo [ETH/USDT]:
2026-04-15 13:41:02 [INFO] scanner -    ├─ Último alerta há 461.8 minutos
2026-04-15 13:41:02 [INFO] scanner -    ├─ Tempo mínimo: 1800 minutos
2026-04-15 13:41:02 [INFO] scanner -    └─ Próximo permitido em: 1338.2 minutos
2026-04-15 13:41:02 [WARNING] root - Bloco de componentes falhou: cannot unpack non-iterable int object
2026-04-15 13:41:02 [INFO] scanner - ✅ Validações OK [ETH/USDT]: Score=7.3, R:R=2.00
2026-04-15 13:41:02 [INFO] scanner - ⏸️  Throttle ativo [ETH/USDT]:
2026-04-15 13:41:02 [INFO] scanner -    ├─ Último alerta há 461.8 minutos
2026-04-15 13:41:02 [INFO] scanner -    ├─ Tempo mínimo: 1800 minutos
2026-04-15 13:41:02 [INFO] scanner -    └─ Próximo permitido em: 1338.2 minutos
2026-04-15 14:46:00 [INFO] scanner - ============================================================
2026-04-15 14:46:00 [INFO] scanner - 🚀 SCANNER INICIADO
2026-04-15 14:46:00 [INFO] scanner - 📅 Data/Hora: 15/04/2026 14:46:00
2026-04-15 14:46:00 [INFO] scanner - 📂 Log: logs/scanner_2026-04-15.log
2026-04-15 14:46:00 [INFO] scanner - ============================================================
2026-04-15 14:46:00 [INFO] scanner - 📝 PAPER MODE ATIVO - Apenas registro e análise
2026-04-15 14:46:05 [WARNING] root - Bloco de componentes falhou: cannot unpack non-iterable int object
2026-04-15 14:46:05 [INFO] scanner - ✅ Validações OK [ETH/USDT]: Score=8.8, R:R=2.00
2026-04-15 14:46:05 [INFO] scanner - ⏸️  Throttle ativo [ETH/USDT]:
2026-04-15 14:46:05 [INFO] scanner -    ├─ Último alerta há 526.8 minutos
2026-04-15 14:46:05 [INFO] scanner -    ├─ Tempo mínimo: 1800 minutos
2026-04-15 14:46:05 [INFO] scanner -    └─ Próximo permitido em: 1273.2 minutos
2026-04-15 14:46:06 [WARNING] root - Bloco de componentes falhou: cannot unpack non-iterable int object
2026-04-15 14:46:06 [INFO] scanner - ✅ Validações OK [ETH/USDT]: Score=7.3, R:R=2.00
2026-04-15 14:46:06 [INFO] scanner - ⏸️  Throttle ativo [ETH/USDT]:
2026-04-15 14:46:06 [INFO] scanner -    ├─ Último alerta há 526.9 minutos
2026-04-15 14:46:06 [INFO] scanner -    ├─ Tempo mínimo: 1800 minutos
2026-04-15 14:46:06 [INFO] scanner -    └─ Próximo permitido em: 1273.1 minutos
2026-04-15 16:02:54 [INFO] scanner - ============================================================
2026-04-15 16:02:54 [INFO] scanner - 🚀 SCANNER INICIADO
2026-04-15 16:02:54 [INFO] scanner - 📅 Data/Hora: 15/04/2026 16:02:54
2026-04-15 16:02:54 [INFO] scanner - 📂 Log: logs/scanner_2026-04-15.log
2026-04-15 16:02:54 [INFO] scanner - ============================================================
2026-04-15 16:02:54 [INFO] scanner - 📝 PAPER MODE ATIVO - Apenas registro e análise
2026-04-15 16:02:58 [WARNING] root - Bloco de componentes falhou: cannot unpack non-iterable int object
2026-04-15 16:02:58 [INFO] scanner - ✅ Validações OK [BTC/USDT]: Score=7.3, R:R=2.08
2026-04-15 16:02:58 [INFO] scanner - ⏸️  Throttle ativo [BTC/USDT]:
2026-04-15 16:02:58 [INFO] scanner -    ├─ Último alerta há 703.0 minutos
2026-04-15 16:02:58 [INFO] scanner -    ├─ Tempo mínimo: 1800 minutos
2026-04-15 16:02:58 [INFO] scanner -    └─ Próximo permitido em: 1097.0 minutos
2026-04-15 16:02:58 [WARNING] root - Bloco de componentes falhou: cannot unpack non-iterable int object
2026-04-15 16:02:58 [INFO] scanner - ✅ Validações OK [BTC/USDT]: Score=7.3, R:R=2.08
2026-04-15 16:02:58 [INFO] scanner - ⏸️  Throttle ativo [BTC/USDT]:
2026-04-15 16:02:58 [INFO] scanner -    ├─ Último alerta há 703.0 minutos
2026-04-15 16:02:58 [INFO] scanner -    ├─ Tempo mínimo: 1800 minutos
2026-04-15 16:02:58 [INFO] scanner -    └─ Próximo permitido em: 1097.0 minutos
2026-04-15 16:03:00 [WARNING] root - Bloco de componentes falhou: cannot unpack non-iterable int object
2026-04-15 16:03:00 [INFO] scanner - ✅ Validações OK [ETH/USDT]: Score=7.3, R:R=2.00
2026-04-15 16:03:00 [INFO] scanner - ⏸️  Throttle ativo [ETH/USDT]:
2026-04-15 16:03:00 [INFO] scanner -    ├─ Último alerta há 603.8 minutos
2026-04-15 16:03:00 [INFO] scanner -    ├─ Tempo mínimo: 1800 minutos
2026-04-15 16:03:00 [INFO] scanner -    └─ Próximo permitido em: 1196.2 minutos
2026-04-15 17:08:42 [INFO] scanner - ============================================================
2026-04-15 17:08:42 [INFO] scanner - 🚀 SCANNER INICIADO
2026-04-15 17:08:42 [INFO] scanner - 📅 Data/Hora: 15/04/2026 17:08:42
2026-04-15 17:08:42 [INFO] scanner - 📂 Log: logs/scanner_2026-04-15.log
2026-04-15 17:08:42 [INFO] scanner - ============================================================
2026-04-15 17:08:42 [INFO] scanner - 📝 PAPER MODE ATIVO - Apenas registro e análise
2026-04-15 17:08:45 [WARNING] root - Bloco de componentes falhou: cannot unpack non-iterable int object
2026-04-15 17:08:45 [INFO] scanner - ✅ Validações OK [BTC/USDT]: Score=7.3, R:R=2.08
2026-04-15 17:08:45 [INFO] scanner - ⏸️  Throttle ativo [BTC/USDT]:
2026-04-15 17:08:45 [INFO] scanner -    ├─ Último alerta há 768.8 minutos
2026-04-15 17:08:45 [INFO] scanner -    ├─ Tempo mínimo: 1800 minutos
2026-04-15 17:08:45 [INFO] scanner -    └─ Próximo permitido em: 1031.2 minutos
2026-04-15 17:08:45 [WARNING] root - Bloco de componentes falhou: cannot unpack non-iterable int object
2026-04-15 17:08:45 [INFO] scanner - ✅ Validações OK [BTC/USDT]: Score=7.3, R:R=2.08
2026-04-15 17:08:45 [INFO] scanner - ⏸️  Throttle ativo [BTC/USDT]:
2026-04-15 17:08:45 [INFO] scanner -    ├─ Último alerta há 768.8 minutos
2026-04-15 17:08:45 [INFO] scanner -    ├─ Tempo mínimo: 1800 minutos
2026-04-15 17:08:45 [INFO] scanner -    └─ Próximo permitido em: 1031.2 minutos
2026-04-15 17:08:47 [WARNING] root - Bloco de componentes falhou: cannot unpack non-iterable int object
2026-04-15 17:08:47 [INFO] scanner - ✅ Validações OK [ETH/USDT]: Score=7.3, R:R=2.00
2026-04-15 17:08:47 [INFO] scanner - ⏸️  Throttle ativo [ETH/USDT]:
2026-04-15 17:08:47 [INFO] scanner -    ├─ Último alerta há 669.6 minutos
2026-04-15 17:08:47 [INFO] scanner -    ├─ Tempo mínimo: 1800 minutos
2026-04-15 17:08:47 [INFO] scanner -    └─ Próximo permitido em: 1130.4 minutos
2026-04-15 17:08:48 [WARNING] root - Bloco de componentes falhou: cannot unpack non-iterable int object
2026-04-15 17:08:48 [INFO] scanner - ✅ Validações OK [ETH/USDT]: Score=7.3, R:R=2.00
2026-04-15 17:08:48 [INFO] scanner - ⏸️  Throttle ativo [ETH/USDT]:
2026-04-15 17:08:48 [INFO] scanner -    ├─ Último alerta há 669.6 minutos
2026-04-15 17:08:48 [INFO] scanner -    ├─ Tempo mínimo: 1800 minutos
2026-04-15 17:08:48 [INFO] scanner -    └─ Próximo permitido em: 1130.4 minutos
2026-04-15 18:04:46 [INFO] scanner - ============================================================
2026-04-15 18:04:46 [INFO] scanner - 🚀 SCANNER INICIADO
2026-04-15 18:04:46 [INFO] scanner - 📅 Data/Hora: 15/04/2026 18:04:46
2026-04-15 18:04:46 [INFO] scanner - 📂 Log: logs/scanner_2026-04-15.log
2026-04-15 18:04:46 [INFO] scanner - ============================================================
2026-04-15 18:04:46 [INFO] scanner - 📝 PAPER MODE ATIVO - Apenas registro e análise
2026-04-15 18:04:50 [WARNING] root - Bloco de componentes falhou: cannot unpack non-iterable int object
2026-04-15 18:04:50 [INFO] scanner - ✅ Validações OK [BTC/USDT]: Score=7.3, R:R=2.08
2026-04-15 18:04:50 [INFO] scanner - ⏸️  Throttle ativo [BTC/USDT]:
2026-04-15 18:04:50 [INFO] scanner -    ├─ Último alerta há 824.9 minutos
2026-04-15 18:04:50 [INFO] scanner -    ├─ Tempo mínimo: 1800 minutos
2026-04-15 18:04:50 [INFO] scanner -    └─ Próximo permitido em: 975.1 minutos
2026-04-15 18:04:52 [WARNING] root - Bloco de componentes falhou: cannot unpack non-iterable int object
2026-04-15 18:04:52 [INFO] scanner - ✅ Validações OK [ETH/USDT]: Score=7.3, R:R=2.00
2026-04-15 18:04:52 [INFO] scanner - ⏸️  Throttle ativo [ETH/USDT]:
2026-04-15 18:04:52 [INFO] scanner -    ├─ Último alerta há 725.6 minutos
2026-04-15 18:04:52 [INFO] scanner -    ├─ Tempo mínimo: 1800 minutos
2026-04-15 18:04:52 [INFO] scanner -    └─ Próximo permitido em: 1074.4 minutos
2026-04-15 18:04:52 [WARNING] root - Bloco de componentes falhou: cannot unpack non-iterable int object
2026-04-15 18:04:52 [INFO] scanner - ✅ Validações OK [ETH/USDT]: Score=7.3, R:R=2.00
2026-04-15 18:04:52 [INFO] scanner - ⏸️  Throttle ativo [ETH/USDT]:
2026-04-15 18:04:52 [INFO] scanner -    ├─ Último alerta há 725.6 minutos
2026-04-15 18:04:52 [INFO] scanner -    ├─ Tempo mínimo: 1800 minutos
2026-04-15 18:04:52 [INFO] scanner -    └─ Próximo permitido em: 1074.4 minutos
2026-04-15 19:02:34 [INFO] scanner - ============================================================
2026-04-15 19:02:34 [INFO] scanner - 🚀 SCANNER INICIADO
2026-04-15 19:02:34 [INFO] scanner - 📅 Data/Hora: 15/04/2026 19:02:34
2026-04-15 19:02:34 [INFO] scanner - 📂 Log: logs/scanner_2026-04-15.log
2026-04-15 19:02:34 [INFO] scanner - ============================================================
2026-04-15 19:02:34 [INFO] scanner - 📝 PAPER MODE ATIVO - Apenas registro e análise
2026-04-15 19:02:38 [WARNING] root - Bloco de componentes falhou: cannot unpack non-iterable int object
2026-04-15 19:02:38 [INFO] scanner - ✅ Validações OK [BTC/USDT]: Score=7.3, R:R=2.08
2026-04-15 19:02:38 [INFO] scanner - ⏸️  Throttle ativo [BTC/USDT]:
2026-04-15 19:02:38 [INFO] scanner -    ├─ Último alerta há 882.7 minutos
2026-04-15 19:02:38 [INFO] scanner -    ├─ Tempo mínimo: 1800 minutos
2026-04-15 19:02:38 [INFO] scanner -    └─ Próximo permitido em: 917.3 minutos
2026-04-15 19:02:38 [WARNING] root - Bloco de componentes falhou: cannot unpack non-iterable int object
2026-04-15 19:02:38 [INFO] scanner - ✅ Validações OK [BTC/USDT]: Score=7.3, R:R=2.08
2026-04-15 19:02:38 [INFO] scanner - ⏸️  Throttle ativo [BTC/USDT]:
2026-04-15 19:02:38 [INFO] scanner -    ├─ Último alerta há 882.7 minutos
2026-04-15 19:02:38 [INFO] scanner -    ├─ Tempo mínimo: 1800 minutos
2026-04-15 19:02:38 [INFO] scanner -    └─ Próximo permitido em: 917.3 minutos
2026-04-15 19:02:40 [WARNING] root - Bloco de componentes falhou: cannot unpack non-iterable int object
2026-04-15 19:02:40 [INFO] scanner - ✅ Validações OK [ETH/USDT]: Score=7.3, R:R=2.00
2026-04-15 19:02:40 [INFO] scanner - ⏸️  Throttle ativo [ETH/USDT]:
2026-04-15 19:02:40 [INFO] scanner -    ├─ Último alerta há 783.4 minutos
2026-04-15 19:02:40 [INFO] scanner -    ├─ Tempo mínimo: 1800 minutos
2026-04-15 19:02:40 [INFO] scanner -    └─ Próximo permitido em: 1016.6 minutos
2026-04-15 19:02:40 [WARNING] root - Bloco de componentes falhou: cannot unpack non-iterable int object
2026-04-15 19:02:40 [INFO] scanner - ✅ Validações OK [ETH/USDT]: Score=7.3, R:R=2.00
2026-04-15 19:02:40 [INFO] scanner - ⏸️  Throttle ativo [ETH/USDT]:
2026-04-15 19:02:40 [INFO] scanner -    ├─ Último alerta há 783.4 minutos
2026-04-15 19:02:40 [INFO] scanner -    ├─ Tempo mínimo: 1800 minutos
2026-04-15 19:02:40 [INFO] scanner -    └─ Próximo permitido em: 1016.6 minutos
2026-04-15 20:00:22 [INFO] scanner - ============================================================
2026-04-15 20:00:22 [INFO] scanner - 🚀 SCANNER INICIADO
2026-04-15 20:00:22 [INFO] scanner - 📅 Data/Hora: 15/04/2026 20:00:22
2026-04-15 20:00:22 [INFO] scanner - 📂 Log: logs/scanner_2026-04-15.log
2026-04-15 20:00:22 [INFO] scanner - ============================================================
2026-04-15 20:00:22 [INFO] scanner - 📝 PAPER MODE ATIVO - Apenas registro e análise
2026-04-15 20:00:25 [WARNING] root - Bloco de componentes falhou: cannot unpack non-iterable int object
2026-04-15 20:00:25 [INFO] scanner - ✅ Validações OK [BTC/USDT]: Score=7.3, R:R=2.08
2026-04-15 20:00:25 [INFO] scanner - ⏸️  Throttle ativo [BTC/USDT]:
2026-04-15 20:00:25 [INFO] scanner -    ├─ Último alerta há 940.5 minutos
2026-04-15 20:00:25 [INFO] scanner -    ├─ Tempo mínimo: 1800 minutos
2026-04-15 20:00:25 [INFO] scanner -    └─ Próximo permitido em: 859.5 minutos
2026-04-15 20:00:26 [WARNING] root - Bloco de componentes falhou: cannot unpack non-iterable int object
2026-04-15 20:00:26 [INFO] scanner - ✅ Validações OK [BTC/USDT]: Score=7.3, R:R=2.08
2026-04-15 20:00:26 [INFO] scanner - ⏸️  Throttle ativo [BTC/USDT]:
2026-04-15 20:00:26 [INFO] scanner -    ├─ Último alerta há 940.5 minutos
2026-04-15 20:00:26 [INFO] scanner -    ├─ Tempo mínimo: 1800 minutos
2026-04-15 20:00:26 [INFO] scanner -    └─ Próximo permitido em: 859.5 minutos
2026-04-15 20:00:28 [WARNING] root - Bloco de componentes falhou: cannot unpack non-iterable int object
2026-04-15 20:00:28 [INFO] scanner - ✅ Validações OK [ETH/USDT]: Score=7.3, R:R=2.00
2026-04-15 20:00:28 [INFO] scanner - ⏸️  Throttle ativo [ETH/USDT]:
2026-04-15 20:00:28 [INFO] scanner -    ├─ Último alerta há 841.2 minutos
2026-04-15 20:00:28 [INFO] scanner -    ├─ Tempo mínimo: 1800 minutos
2026-04-15 20:00:28 [INFO] scanner -    └─ Próximo permitido em: 958.8 minutos
2026-04-15 20:00:28 [WARNING] root - Bloco de componentes falhou: cannot unpack non-iterable int object
2026-04-15 20:00:28 [INFO] scanner - ✅ Validações OK [ETH/USDT]: Score=7.3, R:R=2.00
2026-04-15 20:00:28 [INFO] scanner - ⏸️  Throttle ativo [ETH/USDT]:
2026-04-15 20:00:28 [INFO] scanner -    ├─ Último alerta há 841.2 minutos
2026-04-15 20:00:28 [INFO] scanner -    ├─ Tempo mínimo: 1800 minutos
2026-04-15 20:00:28 [INFO] scanner -    └─ Próximo permitido em: 958.8 minutos
2026-04-15 20:50:31 [INFO] scanner - ============================================================
2026-04-15 20:50:31 [INFO] scanner - 🚀 SCANNER INICIADO
2026-04-15 20:50:31 [INFO] scanner - 📅 Data/Hora: 15/04/2026 20:50:31
2026-04-15 20:50:31 [INFO] scanner - 📂 Log: logs/scanner_2026-04-15.log
2026-04-15 20:50:31 [INFO] scanner - ============================================================
2026-04-15 20:50:31 [INFO] scanner - 📝 PAPER MODE ATIVO - Apenas registro e análise
2026-04-15 20:50:34 [WARNING] root - Bloco de componentes falhou: cannot unpack non-iterable int object
2026-04-15 20:50:34 [INFO] scanner - ✅ Validações OK [BTC/USDT]: Score=7.3, R:R=2.08
2026-04-15 20:50:34 [INFO] scanner - ⏸️  Throttle ativo [BTC/USDT]:
2026-04-15 20:50:34 [INFO] scanner -    ├─ Último alerta há 990.6 minutos
2026-04-15 20:50:34 [INFO] scanner -    ├─ Tempo mínimo: 1800 minutos
2026-04-15 20:50:34 [INFO] scanner -    └─ Próximo permitido em: 809.4 minutos
2026-04-15 20:50:34 [WARNING] root - Bloco de componentes falhou: cannot unpack non-iterable int object
2026-04-15 20:50:34 [INFO] scanner - ✅ Validações OK [BTC/USDT]: Score=7.3, R:R=2.08
2026-04-15 20:50:34 [INFO] scanner - ⏸️  Throttle ativo [BTC/USDT]:
2026-04-15 20:50:34 [INFO] scanner -    ├─ Último alerta há 990.6 minutos
2026-04-15 20:50:34 [INFO] scanner -    ├─ Tempo mínimo: 1800 minutos
2026-04-15 20:50:34 [INFO] scanner -    └─ Próximo permitido em: 809.4 minutos
2026-04-15 20:50:36 [WARNING] root - Bloco de componentes falhou: cannot unpack non-iterable int object
2026-04-15 20:50:36 [INFO] scanner - ✅ Validações OK [ETH/USDT]: Score=7.3, R:R=2.00
2026-04-15 20:50:36 [INFO] scanner - ⏸️  Throttle ativo [ETH/USDT]:
2026-04-15 20:50:36 [INFO] scanner -    ├─ Último alerta há 891.4 minutos
2026-04-15 20:50:36 [INFO] scanner -    ├─ Tempo mínimo: 1800 minutos
2026-04-15 20:50:36 [INFO] scanner -    └─ Próximo permitido em: 908.6 minutos
2026-04-15 20:50:36 [WARNING] root - Bloco de componentes falhou: cannot unpack non-iterable int object
2026-04-15 20:50:36 [INFO] scanner - ✅ Validações OK [ETH/USDT]: Score=7.3, R:R=2.00
2026-04-15 20:50:36 [INFO] scanner - ⏸️  Throttle ativo [ETH/USDT]:
2026-04-15 20:50:36 [INFO] scanner -    ├─ Último alerta há 891.4 minutos
2026-04-15 20:50:36 [INFO] scanner -    ├─ Tempo mínimo: 1800 minutos
2026-04-15 20:50:36 [INFO] scanner -    └─ Próximo permitido em: 908.6 minutos
