2026-03-01 03:35:56 [INFO] scanner - ============================================================
2026-03-01 03:35:56 [INFO] scanner - 🚀 SCANNER INICIADO
2026-03-01 03:35:56 [INFO] scanner - 📅 Data/Hora: 01/03/2026 03:35:56
2026-03-01 03:35:56 [INFO] scanner - 📂 Log: logs/scanner_2026-03-01.log
2026-03-01 03:35:56 [INFO] scanner - ============================================================
2026-03-01 03:35:56 [INFO] scanner - 📝 PAPER MODE ATIVO - Apenas registro e análise
2026-03-01 03:35:59 [WARNING] root - Bloco de componentes falhou: cannot unpack non-iterable int object
2026-03-01 03:35:59 [INFO] scanner - ✅ Validações OK [BTC/USDT]: Score=7.3, R:R=2.08
2026-03-01 03:35:59 [INFO] scanner - ⏸️  Throttle ativo [BTC/USDT]:
2026-03-01 03:35:59 [INFO] scanner -    ├─ Último alerta há 1008.3 minutos
2026-03-01 03:35:59 [INFO] scanner -    ├─ Tempo mínimo: 1800 minutos
2026-03-01 03:35:59 [INFO] scanner -    └─ Próximo permitido em: 791.7 minutos
2026-03-01 03:36:00 [WARNING] root - Bloco de componentes falhou: cannot unpack non-iterable int object
2026-03-01 03:36:00 [INFO] scanner - ✅ Validações OK [BTC/USDT]: Score=7.3, R:R=2.08
2026-03-01 03:36:00 [INFO] scanner - ⏸️  Throttle ativo [BTC/USDT]:
2026-03-01 03:36:00 [INFO] scanner -    ├─ Último alerta há 1008.3 minutos
2026-03-01 03:36:00 [INFO] scanner -    ├─ Tempo mínimo: 1800 minutos
2026-03-01 03:36:00 [INFO] scanner -    └─ Próximo permitido em: 791.7 minutos
2026-03-01 03:36:02 [WARNING] root - Bloco de componentes falhou: cannot unpack non-iterable int object
2026-03-01 03:36:02 [INFO] scanner - ✅ Validações OK [ETH/USDT]: Score=7.3, R:R=2.00
2026-03-01 03:36:02 [INFO] scanner - ⏸️  Throttle ativo [ETH/USDT]:
2026-03-01 03:36:02 [INFO] scanner -    ├─ Último alerta há 1008.3 minutos
2026-03-01 03:36:02 [INFO] scanner -    ├─ Tempo mínimo: 1800 minutos
2026-03-01 03:36:02 [INFO] scanner -    └─ Próximo permitido em: 791.7 minutos
2026-03-01 03:36:02 [WARNING] root - Bloco de componentes falhou: cannot unpack non-iterable int object
2026-03-01 03:36:02 [INFO] scanner - ✅ Validações OK [ETH/USDT]: Score=7.3, R:R=2.00
2026-03-01 03:36:02 [INFO] scanner - ⏸️  Throttle ativo [ETH/USDT]:
2026-03-01 03:36:02 [INFO] scanner -    ├─ Último alerta há 1008.3 minutos
2026-03-01 03:36:02 [INFO] scanner -    ├─ Tempo mínimo: 1800 minutos
2026-03-01 03:36:02 [INFO] scanner -    └─ Próximo permitido em: 791.7 minutos
