2026-07-05 05:42:16 [INFO] scanner - ============================================================
2026-07-05 05:42:16 [INFO] scanner - 🚀 SCANNER INICIADO
2026-07-05 05:42:16 [INFO] scanner - 📅 Data/Hora: 05/07/2026 05:42:16
2026-07-05 05:42:16 [INFO] scanner - 📂 Log: logs/scanner_2026-07-05.log
2026-07-05 05:42:16 [INFO] scanner - ============================================================
2026-07-05 05:42:16 [INFO] scanner - 📝 PAPER MODE ATIVO - Apenas registro e análise
2026-07-05 05:42:19 [WARNING] root - Bloco de componentes falhou: cannot unpack non-iterable int object
2026-07-05 05:42:19 [INFO] scanner - ✅ Validações OK [BTC/USDT]: Score=7.0, R:R=2.08
2026-07-05 05:42:19 [INFO] scanner - ⏸️  Throttle ativo [BTC/USDT]:
2026-07-05 05:42:19 [INFO] scanner -    ├─ Último alerta há 1456.8 minutos
2026-07-05 05:42:19 [INFO] scanner -    ├─ Tempo mínimo: 1800 minutos
2026-07-05 05:42:19 [INFO] scanner -    └─ Próximo permitido em: 343.2 minutos
2026-07-05 07:51:00 [INFO] scanner - ============================================================
2026-07-05 07:51:00 [INFO] scanner - 🚀 SCANNER INICIADO
2026-07-05 07:51:00 [INFO] scanner - 📅 Data/Hora: 05/07/2026 07:51:00
2026-07-05 07:51:00 [INFO] scanner - 📂 Log: logs/scanner_2026-07-05.log
2026-07-05 07:51:00 [INFO] scanner - ============================================================
2026-07-05 07:51:00 [INFO] scanner - 📝 PAPER MODE ATIVO - Apenas registro e análise
2026-07-05 09:09:42 [INFO] scanner - ============================================================
2026-07-05 09:09:42 [INFO] scanner - 🚀 SCANNER INICIADO
2026-07-05 09:09:42 [INFO] scanner - 📅 Data/Hora: 05/07/2026 09:09:42
2026-07-05 09:09:42 [INFO] scanner - 📂 Log: logs/scanner_2026-07-05.log
2026-07-05 09:09:42 [INFO] scanner - ============================================================
2026-07-05 09:09:42 [INFO] scanner - 📝 PAPER MODE ATIVO - Apenas registro e análise
2026-07-05 11:06:32 [INFO] scanner - ============================================================
2026-07-05 11:06:32 [INFO] scanner - 🚀 SCANNER INICIADO
2026-07-05 11:06:32 [INFO] scanner - 📅 Data/Hora: 05/07/2026 11:06:32
2026-07-05 11:06:32 [INFO] scanner - 📂 Log: logs/scanner_2026-07-05.log
2026-07-05 11:06:32 [INFO] scanner - ============================================================
2026-07-05 11:06:32 [INFO] scanner - 📝 PAPER MODE ATIVO - Apenas registro e análise
2026-07-05 12:35:57 [INFO] scanner - ============================================================
2026-07-05 12:35:57 [INFO] scanner - 🚀 SCANNER INICIADO
2026-07-05 12:35:57 [INFO] scanner - 📅 Data/Hora: 05/07/2026 12:35:57
2026-07-05 12:35:57 [INFO] scanner - 📂 Log: logs/scanner_2026-07-05.log
2026-07-05 12:35:57 [INFO] scanner - ============================================================
2026-07-05 12:35:57 [INFO] scanner - 📝 PAPER MODE ATIVO - Apenas registro e análise
2026-07-05 12:36:02 [WARNING] root - Bloco de componentes falhou: cannot unpack non-iterable int object
2026-07-05 12:36:02 [INFO] scanner - ✅ Validações OK [ETH/USDT]: Score=7.3, R:R=2.00
2026-07-05 12:36:02 [INFO] scanner - ✅ Throttle OK [ETH/USDT]: Pode enviar
2026-07-05 12:36:03 [INFO] scanner - 📝 Sinal no ledger: 20260705_123603_051573 - ETH/USDT
2026-07-05 12:36:03 [INFO] scanner - 📨 Alerta enviado | ID Ledger: 20260705_123603_051573
2026-07-05 13:41:43 [INFO] scanner - ============================================================
2026-07-05 13:41:43 [INFO] scanner - 🚀 SCANNER INICIADO
2026-07-05 13:41:43 [INFO] scanner - 📅 Data/Hora: 05/07/2026 13:41:43
2026-07-05 13:41:43 [INFO] scanner - 📂 Log: logs/scanner_2026-07-05.log
2026-07-05 13:41:43 [INFO] scanner - ============================================================
2026-07-05 13:41:43 [INFO] scanner - 📝 PAPER MODE ATIVO - Apenas registro e análise
2026-07-05 13:41:48 [WARNING] root - Bloco de componentes falhou: cannot unpack non-iterable int object
2026-07-05 13:41:48 [INFO] scanner - ✅ Validações OK [ETH/USDT]: Score=7.3, R:R=2.00
2026-07-05 13:41:48 [INFO] scanner - ⏸️  Throttle ativo [ETH/USDT]:
2026-07-05 13:41:48 [INFO] scanner -    ├─ Último alerta há 65.8 minutos
2026-07-05 13:41:48 [INFO] scanner -    ├─ Tempo mínimo: 1800 minutos
2026-07-05 13:41:48 [INFO] scanner -    └─ Próximo permitido em: 1734.2 minutos
2026-07-05 14:44:12 [INFO] scanner - ============================================================
2026-07-05 14:44:12 [INFO] scanner - 🚀 SCANNER INICIADO
2026-07-05 14:44:12 [INFO] scanner - 📅 Data/Hora: 05/07/2026 14:44:12
2026-07-05 14:44:12 [INFO] scanner - 📂 Log: logs/scanner_2026-07-05.log
2026-07-05 14:44:12 [INFO] scanner - ============================================================
2026-07-05 14:44:12 [INFO] scanner - 📝 PAPER MODE ATIVO - Apenas registro e análise
2026-07-05 14:44:17 [WARNING] root - Bloco de componentes falhou: cannot unpack non-iterable int object
2026-07-05 14:44:17 [INFO] scanner - ✅ Validações OK [ETH/USDT]: Score=7.8, R:R=2.00
2026-07-05 14:44:17 [INFO] scanner - ⏸️  Throttle ativo [ETH/USDT]:
2026-07-05 14:44:17 [INFO] scanner -    ├─ Último alerta há 128.2 minutos
2026-07-05 14:44:17 [INFO] scanner -    ├─ Tempo mínimo: 1800 minutos
2026-07-05 14:44:17 [INFO] scanner -    └─ Próximo permitido em: 1671.8 minutos
2026-07-05 15:45:43 [INFO] scanner - ============================================================
2026-07-05 15:45:43 [INFO] scanner - 🚀 SCANNER INICIADO
2026-07-05 15:45:43 [INFO] scanner - 📅 Data/Hora: 05/07/2026 15:45:43
2026-07-05 15:45:43 [INFO] scanner - 📂 Log: logs/scanner_2026-07-05.log
2026-07-05 15:45:43 [INFO] scanner - ============================================================
2026-07-05 15:45:43 [INFO] scanner - 📝 PAPER MODE ATIVO - Apenas registro e análise
2026-07-05 15:45:48 [WARNING] root - Bloco de componentes falhou: cannot unpack non-iterable int object
2026-07-05 15:45:48 [INFO] scanner - ✅ Validações OK [ETH/USDT]: Score=7.3, R:R=2.00
2026-07-05 15:45:48 [INFO] scanner - ⏸️  Throttle ativo [ETH/USDT]:
2026-07-05 15:45:48 [INFO] scanner -    ├─ Último alerta há 189.8 minutos
2026-07-05 15:45:48 [INFO] scanner -    ├─ Tempo mínimo: 1800 minutos
2026-07-05 15:45:48 [INFO] scanner -    └─ Próximo permitido em: 1610.2 minutos
2026-07-05 17:06:21 [INFO] scanner - ============================================================
2026-07-05 17:06:21 [INFO] scanner - 🚀 SCANNER INICIADO
2026-07-05 17:06:21 [INFO] scanner - 📅 Data/Hora: 05/07/2026 17:06:21
2026-07-05 17:06:21 [INFO] scanner - 📂 Log: logs/scanner_2026-07-05.log
2026-07-05 17:06:21 [INFO] scanner - ============================================================
2026-07-05 17:06:21 [INFO] scanner - 📝 PAPER MODE ATIVO - Apenas registro e análise
2026-07-05 17:06:27 [WARNING] root - Bloco de componentes falhou: cannot unpack non-iterable int object
2026-07-05 17:06:27 [INFO] scanner - ✅ Validações OK [ETH/USDT]: Score=7.3, R:R=2.00
2026-07-05 17:06:27 [INFO] scanner - ⏸️  Throttle ativo [ETH/USDT]:
2026-07-05 17:06:27 [INFO] scanner -    ├─ Último alerta há 270.4 minutos
2026-07-05 17:06:27 [INFO] scanner -    ├─ Tempo mínimo: 1800 minutos
2026-07-05 17:06:27 [INFO] scanner -    └─ Próximo permitido em: 1529.6 minutos
2026-07-05 18:17:46 [INFO] scanner - ============================================================
2026-07-05 18:17:46 [INFO] scanner - 🚀 SCANNER INICIADO
2026-07-05 18:17:46 [INFO] scanner - 📅 Data/Hora: 05/07/2026 18:17:46
2026-07-05 18:17:46 [INFO] scanner - 📂 Log: logs/scanner_2026-07-05.log
2026-07-05 18:17:46 [INFO] scanner - ============================================================
2026-07-05 18:17:46 [INFO] scanner - 📝 PAPER MODE ATIVO - Apenas registro e análise
2026-07-05 18:17:51 [WARNING] root - Bloco de componentes falhou: cannot unpack non-iterable int object
2026-07-05 18:17:51 [INFO] scanner - ✅ Validações OK [ETH/USDT]: Score=7.3, R:R=2.00
2026-07-05 18:17:51 [INFO] scanner - ⏸️  Throttle ativo [ETH/USDT]:
2026-07-05 18:17:51 [INFO] scanner -    ├─ Último alerta há 341.8 minutos
2026-07-05 18:17:51 [INFO] scanner -    ├─ Tempo mínimo: 1800 minutos
2026-07-05 18:17:51 [INFO] scanner -    └─ Próximo permitido em: 1458.2 minutos
2026-07-05 19:28:13 [INFO] scanner - ============================================================
2026-07-05 19:28:13 [INFO] scanner - 🚀 SCANNER INICIADO
2026-07-05 19:28:13 [INFO] scanner - 📅 Data/Hora: 05/07/2026 19:28:13
2026-07-05 19:28:13 [INFO] scanner - 📂 Log: logs/scanner_2026-07-05.log
2026-07-05 19:28:13 [INFO] scanner - ============================================================
2026-07-05 19:28:13 [INFO] scanner - 📝 PAPER MODE ATIVO - Apenas registro e análise
2026-07-05 19:28:17 [WARNING] root - Bloco de componentes falhou: cannot unpack non-iterable int object
2026-07-05 19:28:17 [INFO] scanner - ✅ Validações OK [BTC/USDT]: Score=7.8, R:R=2.08
2026-07-05 19:28:17 [INFO] scanner - ✅ Throttle OK [BTC/USDT]: Pode enviar
2026-07-05 19:28:17 [WARNING] root - Bloco de componentes falhou: cannot unpack non-iterable int object
2026-07-05 19:28:17 [INFO] scanner - ✅ Validações OK [BTC/USDT]: Score=7.8, R:R=2.08
2026-07-05 19:28:17 [INFO] scanner - ⏸️  Throttle ativo [BTC/USDT]:
2026-07-05 19:28:17 [INFO] scanner -    ├─ Último alerta há 0.0 minutos
2026-07-05 19:28:17 [INFO] scanner -    ├─ Tempo mínimo: 1800 minutos
2026-07-05 19:28:17 [INFO] scanner -    └─ Próximo permitido em: 1800.0 minutos
2026-07-05 19:28:20 [WARNING] root - Bloco de componentes falhou: cannot unpack non-iterable int object
2026-07-05 19:28:20 [INFO] scanner - ✅ Validações OK [ETH/USDT]: Score=7.8, R:R=2.00
2026-07-05 19:28:20 [INFO] scanner - ⏸️  Throttle ativo [ETH/USDT]:
2026-07-05 19:28:20 [INFO] scanner -    ├─ Último alerta há 412.3 minutos
2026-07-05 19:28:20 [INFO] scanner -    ├─ Tempo mínimo: 1800 minutos
2026-07-05 19:28:20 [INFO] scanner -    └─ Próximo permitido em: 1387.7 minutos
2026-07-05 19:28:20 [WARNING] root - Bloco de componentes falhou: cannot unpack non-iterable int object
2026-07-05 19:28:20 [INFO] scanner - ✅ Validações OK [ETH/USDT]: Score=7.8, R:R=2.00
2026-07-05 19:28:20 [INFO] scanner - ⏸️  Throttle ativo [ETH/USDT]:
2026-07-05 19:28:20 [INFO] scanner -    ├─ Último alerta há 412.3 minutos
2026-07-05 19:28:20 [INFO] scanner -    ├─ Tempo mínimo: 1800 minutos
2026-07-05 19:28:20 [INFO] scanner -    └─ Próximo permitido em: 1387.7 minutos
2026-07-05 19:28:20 [WARNING] root - Bloco de componentes falhou: cannot unpack non-iterable int object
2026-07-05 19:28:20 [INFO] scanner - ✅ Validações OK [ETH/USDT]: Score=7.8, R:R=2.00
2026-07-05 19:28:20 [INFO] scanner - ⏸️  Throttle ativo [ETH/USDT]:
2026-07-05 19:28:20 [INFO] scanner -    ├─ Último alerta há 412.3 minutos
2026-07-05 19:28:20 [INFO] scanner -    ├─ Tempo mínimo: 1800 minutos
2026-07-05 19:28:20 [INFO] scanner -    └─ Próximo permitido em: 1387.7 minutos
2026-07-05 20:34:16 [INFO] scanner - ============================================================
2026-07-05 20:34:16 [INFO] scanner - 🚀 SCANNER INICIADO
2026-07-05 20:34:16 [INFO] scanner - 📅 Data/Hora: 05/07/2026 20:34:16
2026-07-05 20:34:16 [INFO] scanner - 📂 Log: logs/scanner_2026-07-05.log
2026-07-05 20:34:16 [INFO] scanner - ============================================================
2026-07-05 20:34:16 [INFO] scanner - 📝 PAPER MODE ATIVO - Apenas registro e análise
2026-07-05 20:34:20 [WARNING] root - Bloco de componentes falhou: cannot unpack non-iterable int object
2026-07-05 20:34:20 [INFO] scanner - ✅ Validações OK [BTC/USDT]: Score=7.8, R:R=2.08
2026-07-05 20:34:20 [INFO] scanner - ⏸️  Throttle ativo [BTC/USDT]:
2026-07-05 20:34:20 [INFO] scanner -    ├─ Último alerta há 66.1 minutos
2026-07-05 20:34:20 [INFO] scanner -    ├─ Tempo mínimo: 1800 minutos
2026-07-05 20:34:20 [INFO] scanner -    └─ Próximo permitido em: 1733.9 minutos
2026-07-05 20:34:22 [WARNING] root - Bloco de componentes falhou: cannot unpack non-iterable int object
2026-07-05 20:34:22 [INFO] scanner - ✅ Validações OK [ETH/USDT]: Score=7.3, R:R=2.00
2026-07-05 20:34:22 [INFO] scanner - ⏸️  Throttle ativo [ETH/USDT]:
2026-07-05 20:34:22 [INFO] scanner -    ├─ Último alerta há 478.3 minutos
2026-07-05 20:34:22 [INFO] scanner -    ├─ Tempo mínimo: 1800 minutos
2026-07-05 20:34:22 [INFO] scanner -    └─ Próximo permitido em: 1321.7 minutos
