2025-11-06 03:20:25 [INFO] scanner - ============================================================
2025-11-06 03:20:25 [INFO] scanner - 🚀 SCANNER INICIADO
2025-11-06 03:20:25 [INFO] scanner - 📅 Data/Hora: 06/11/2025 03:20:25
2025-11-06 03:20:25 [INFO] scanner - 📂 Log: logs/scanner_2025-11-06.log
2025-11-06 03:20:25 [INFO] scanner - ============================================================
2025-11-06 03:20:25 [INFO] scanner - 📝 PAPER MODE ATIVO - Apenas registro e análise
2025-11-06 03:20:29 [WARNING] root - Bloco de componentes falhou: cannot unpack non-iterable int object
2025-11-06 03:20:29 [INFO] scanner - ✅ Validações OK [BTC/USDT]: Score=7.3, R:R=2.08
2025-11-06 03:20:29 [INFO] scanner - ⏸️  Throttle ativo [BTC/USDT]:
2025-11-06 03:20:29 [INFO] scanner -    ├─ Último alerta há 669.1 minutos
2025-11-06 03:20:29 [INFO] scanner -    ├─ Tempo mínimo: 1800 minutos
2025-11-06 03:20:29 [INFO] scanner -    └─ Próximo permitido em: 1130.9 minutos
2025-11-06 03:20:32 [WARNING] root - Bloco de componentes falhou: cannot unpack non-iterable int object
2025-11-06 03:20:32 [INFO] scanner - ✅ Validações OK [ETH/USDT]: Score=7.3, R:R=2.00
2025-11-06 03:20:32 [INFO] scanner - ⏸️  Throttle ativo [ETH/USDT]:
2025-11-06 03:20:32 [INFO] scanner -    ├─ Último alerta há 985.7 minutos
2025-11-06 03:20:32 [INFO] scanner -    ├─ Tempo mínimo: 1800 minutos
2025-11-06 03:20:32 [INFO] scanner -    └─ Próximo permitido em: 814.3 minutos
2025-11-06 03:50:07 [INFO] scanner - ============================================================
2025-11-06 03:50:07 [INFO] scanner - 🚀 SCANNER INICIADO
2025-11-06 03:50:07 [INFO] scanner - 📅 Data/Hora: 06/11/2025 03:50:07
2025-11-06 03:50:07 [INFO] scanner - 📂 Log: logs/scanner_2025-11-06.log
2025-11-06 03:50:07 [INFO] scanner - ============================================================
2025-11-06 03:50:07 [INFO] scanner - 📝 PAPER MODE ATIVO - Apenas registro e análise
2025-11-06 03:50:10 [WARNING] root - Bloco de componentes falhou: cannot unpack non-iterable int object
2025-11-06 03:50:10 [INFO] scanner - ✅ Validações OK [BTC/USDT]: Score=7.3, R:R=2.08
2025-11-06 03:50:10 [INFO] scanner - ⏸️  Throttle ativo [BTC/USDT]:
2025-11-06 03:50:10 [INFO] scanner -    ├─ Último alerta há 698.8 minutos
2025-11-06 03:50:10 [INFO] scanner -    ├─ Tempo mínimo: 1800 minutos
2025-11-06 03:50:10 [INFO] scanner -    └─ Próximo permitido em: 1101.2 minutos
2025-11-06 03:50:13 [WARNING] root - Bloco de componentes falhou: cannot unpack non-iterable int object
2025-11-06 03:50:13 [INFO] scanner - ✅ Validações OK [ETH/USDT]: Score=7.3, R:R=2.00
2025-11-06 03:50:13 [INFO] scanner - ⏸️  Throttle ativo [ETH/USDT]:
2025-11-06 03:50:13 [INFO] scanner -    ├─ Último alerta há 1015.4 minutos
2025-11-06 03:50:13 [INFO] scanner -    ├─ Tempo mínimo: 1800 minutos
2025-11-06 03:50:13 [INFO] scanner -    └─ Próximo permitido em: 784.6 minutos
2025-11-06 04:13:23 [INFO] scanner - ============================================================
2025-11-06 04:13:23 [INFO] scanner - 🚀 SCANNER INICIADO
2025-11-06 04:13:23 [INFO] scanner - 📅 Data/Hora: 06/11/2025 04:13:23
2025-11-06 04:13:23 [INFO] scanner - 📂 Log: logs/scanner_2025-11-06.log
2025-11-06 04:13:23 [INFO] scanner - ============================================================
2025-11-06 04:13:23 [INFO] scanner - 📝 PAPER MODE ATIVO - Apenas registro e análise
2025-11-06 04:13:27 [WARNING] root - Bloco de componentes falhou: cannot unpack non-iterable int object
2025-11-06 04:13:27 [INFO] scanner - ✅ Validações OK [BTC/USDT]: Score=7.3, R:R=2.08
2025-11-06 04:13:27 [INFO] scanner - ⏸️  Throttle ativo [BTC/USDT]:
2025-11-06 04:13:27 [INFO] scanner -    ├─ Último alerta há 722.1 minutos
2025-11-06 04:13:27 [INFO] scanner -    ├─ Tempo mínimo: 1800 minutos
2025-11-06 04:13:27 [INFO] scanner -    └─ Próximo permitido em: 1077.9 minutos
2025-11-06 04:13:29 [WARNING] root - Bloco de componentes falhou: cannot unpack non-iterable int object
2025-11-06 04:13:29 [INFO] scanner - ✅ Validações OK [ETH/USDT]: Score=7.3, R:R=2.00
2025-11-06 04:13:29 [INFO] scanner - ⏸️  Throttle ativo [ETH/USDT]:
2025-11-06 04:13:29 [INFO] scanner -    ├─ Último alerta há 1038.6 minutos
2025-11-06 04:13:29 [INFO] scanner -    ├─ Tempo mínimo: 1800 minutos
2025-11-06 04:13:29 [INFO] scanner -    └─ Próximo permitido em: 761.4 minutos
2025-11-06 04:30:09 [INFO] scanner - ============================================================
2025-11-06 04:30:09 [INFO] scanner - 🚀 SCANNER INICIADO
2025-11-06 04:30:09 [INFO] scanner - 📅 Data/Hora: 06/11/2025 04:30:09
2025-11-06 04:30:09 [INFO] scanner - 📂 Log: logs/scanner_2025-11-06.log
2025-11-06 04:30:09 [INFO] scanner - ============================================================
2025-11-06 04:30:09 [INFO] scanner - 📝 PAPER MODE ATIVO - Apenas registro e análise
2025-11-06 04:30:13 [WARNING] root - Bloco de componentes falhou: cannot unpack non-iterable int object
2025-11-06 04:30:13 [INFO] scanner - ✅ Validações OK [BTC/USDT]: Score=7.3, R:R=2.08
2025-11-06 04:30:13 [INFO] scanner - ⏸️  Throttle ativo [BTC/USDT]:
2025-11-06 04:30:13 [INFO] scanner -    ├─ Último alerta há 738.9 minutos
2025-11-06 04:30:13 [INFO] scanner -    ├─ Tempo mínimo: 1800 minutos
2025-11-06 04:30:13 [INFO] scanner -    └─ Próximo permitido em: 1061.1 minutos
2025-11-06 04:30:15 [WARNING] root - Bloco de componentes falhou: cannot unpack non-iterable int object
2025-11-06 04:30:15 [INFO] scanner - ✅ Validações OK [ETH/USDT]: Score=7.3, R:R=2.00
2025-11-06 04:30:15 [INFO] scanner - ⏸️  Throttle ativo [ETH/USDT]:
2025-11-06 04:30:15 [INFO] scanner -    ├─ Último alerta há 1055.4 minutos
2025-11-06 04:30:15 [INFO] scanner -    ├─ Tempo mínimo: 1800 minutos
2025-11-06 04:30:15 [INFO] scanner -    └─ Próximo permitido em: 744.6 minutos
2025-11-06 04:40:59 [INFO] scanner - ============================================================
2025-11-06 04:40:59 [INFO] scanner - 🚀 SCANNER INICIADO
2025-11-06 04:40:59 [INFO] scanner - 📅 Data/Hora: 06/11/2025 04:40:59
2025-11-06 04:40:59 [INFO] scanner - 📂 Log: logs/scanner_2025-11-06.log
2025-11-06 04:40:59 [INFO] scanner - ============================================================
2025-11-06 04:40:59 [INFO] scanner - 📝 PAPER MODE ATIVO - Apenas registro e análise
2025-11-06 04:41:03 [WARNING] root - Bloco de componentes falhou: cannot unpack non-iterable int object
2025-11-06 04:41:03 [INFO] scanner - ✅ Validações OK [BTC/USDT]: Score=7.3, R:R=2.08
2025-11-06 04:41:03 [INFO] scanner - ⏸️  Throttle ativo [BTC/USDT]:
2025-11-06 04:41:03 [INFO] scanner -    ├─ Último alerta há 749.7 minutos
2025-11-06 04:41:03 [INFO] scanner -    ├─ Tempo mínimo: 1800 minutos
2025-11-06 04:41:03 [INFO] scanner -    └─ Próximo permitido em: 1050.3 minutos
2025-11-06 04:41:05 [WARNING] root - Bloco de componentes falhou: cannot unpack non-iterable int object
2025-11-06 04:41:05 [INFO] scanner - ✅ Validações OK [ETH/USDT]: Score=7.3, R:R=2.00
2025-11-06 04:41:05 [INFO] scanner - ⏸️  Throttle ativo [ETH/USDT]:
2025-11-06 04:41:05 [INFO] scanner -    ├─ Último alerta há 1066.2 minutos
2025-11-06 04:41:05 [INFO] scanner -    ├─ Tempo mínimo: 1800 minutos
2025-11-06 04:41:05 [INFO] scanner -    └─ Próximo permitido em: 733.8 minutos
2025-11-06 04:48:36 [INFO] scanner - ============================================================
2025-11-06 04:48:36 [INFO] scanner - 🚀 SCANNER INICIADO
2025-11-06 04:48:36 [INFO] scanner - 📅 Data/Hora: 06/11/2025 04:48:36
2025-11-06 04:48:36 [INFO] scanner - 📂 Log: logs/scanner_2025-11-06.log
2025-11-06 04:48:36 [INFO] scanner - ============================================================
2025-11-06 04:48:36 [INFO] scanner - 📝 PAPER MODE ATIVO - Apenas registro e análise
2025-11-06 04:48:39 [WARNING] root - Bloco de componentes falhou: cannot unpack non-iterable int object
2025-11-06 04:48:39 [INFO] scanner - ✅ Validações OK [BTC/USDT]: Score=8.8, R:R=2.08
2025-11-06 04:48:39 [INFO] scanner - ⏸️  Throttle ativo [BTC/USDT]:
2025-11-06 04:48:39 [INFO] scanner -    ├─ Último alerta há 757.3 minutos
2025-11-06 04:48:39 [INFO] scanner -    ├─ Tempo mínimo: 1800 minutos
2025-11-06 04:48:39 [INFO] scanner -    └─ Próximo permitido em: 1042.7 minutos
2025-11-06 04:48:39 [WARNING] root - Bloco de componentes falhou: cannot unpack non-iterable int object
2025-11-06 04:48:39 [INFO] scanner - ✅ Validações OK [BTC/USDT]: Score=7.3, R:R=2.08
2025-11-06 04:48:39 [INFO] scanner - ⏸️  Throttle ativo [BTC/USDT]:
2025-11-06 04:48:39 [INFO] scanner -    ├─ Último alerta há 757.3 minutos
2025-11-06 04:48:39 [INFO] scanner -    ├─ Tempo mínimo: 1800 minutos
2025-11-06 04:48:39 [INFO] scanner -    └─ Próximo permitido em: 1042.7 minutos
2025-11-06 04:48:42 [WARNING] root - Bloco de componentes falhou: cannot unpack non-iterable int object
2025-11-06 04:48:42 [INFO] scanner - ✅ Validações OK [ETH/USDT]: Score=7.3, R:R=2.00
2025-11-06 04:48:42 [INFO] scanner - ⏸️  Throttle ativo [ETH/USDT]:
2025-11-06 04:48:42 [INFO] scanner -    ├─ Último alerta há 1073.9 minutos
2025-11-06 04:48:42 [INFO] scanner -    ├─ Tempo mínimo: 1800 minutos
2025-11-06 04:48:42 [INFO] scanner -    └─ Próximo permitido em: 726.1 minutos
2025-11-06 05:18:09 [INFO] scanner - ============================================================
2025-11-06 05:18:09 [INFO] scanner - 🚀 SCANNER INICIADO
2025-11-06 05:18:09 [INFO] scanner - 📅 Data/Hora: 06/11/2025 05:18:09
2025-11-06 05:18:09 [INFO] scanner - 📂 Log: logs/scanner_2025-11-06.log
2025-11-06 05:18:09 [INFO] scanner - ============================================================
2025-11-06 05:18:09 [INFO] scanner - 📝 PAPER MODE ATIVO - Apenas registro e análise
2025-11-06 05:18:13 [WARNING] root - Bloco de componentes falhou: cannot unpack non-iterable int object
2025-11-06 05:18:13 [INFO] scanner - ✅ Validações OK [BTC/USDT]: Score=7.3, R:R=2.08
2025-11-06 05:18:13 [INFO] scanner - ⏸️  Throttle ativo [BTC/USDT]:
2025-11-06 05:18:13 [INFO] scanner -    ├─ Último alerta há 786.9 minutos
2025-11-06 05:18:13 [INFO] scanner -    ├─ Tempo mínimo: 1800 minutos
2025-11-06 05:18:13 [INFO] scanner -    └─ Próximo permitido em: 1013.1 minutos
2025-11-06 05:18:15 [WARNING] root - Bloco de componentes falhou: cannot unpack non-iterable int object
2025-11-06 05:18:15 [INFO] scanner - ✅ Validações OK [ETH/USDT]: Score=7.3, R:R=2.00
2025-11-06 05:18:15 [INFO] scanner - ⏸️  Throttle ativo [ETH/USDT]:
2025-11-06 05:18:15 [INFO] scanner -    ├─ Último alerta há 1103.4 minutos
2025-11-06 05:18:15 [INFO] scanner -    ├─ Tempo mínimo: 1800 minutos
2025-11-06 05:18:15 [INFO] scanner -    └─ Próximo permitido em: 696.6 minutos
2025-11-06 05:46:30 [INFO] scanner - ============================================================
2025-11-06 05:46:30 [INFO] scanner - 🚀 SCANNER INICIADO
2025-11-06 05:46:30 [INFO] scanner - 📅 Data/Hora: 06/11/2025 05:46:30
2025-11-06 05:46:30 [INFO] scanner - 📂 Log: logs/scanner_2025-11-06.log
2025-11-06 05:46:30 [INFO] scanner - ============================================================
2025-11-06 05:46:30 [INFO] scanner - 📝 PAPER MODE ATIVO - Apenas registro e análise
2025-11-06 05:46:33 [WARNING] root - Bloco de componentes falhou: cannot unpack non-iterable int object
2025-11-06 05:46:33 [INFO] scanner - ✅ Validações OK [BTC/USDT]: Score=8.8, R:R=2.08
2025-11-06 05:46:33 [INFO] scanner - ⏸️  Throttle ativo [BTC/USDT]:
2025-11-06 05:46:33 [INFO] scanner -    ├─ Último alerta há 815.2 minutos
2025-11-06 05:46:33 [INFO] scanner -    ├─ Tempo mínimo: 1800 minutos
2025-11-06 05:46:33 [INFO] scanner -    └─ Próximo permitido em: 984.8 minutos
2025-11-06 05:46:33 [WARNING] root - Bloco de componentes falhou: cannot unpack non-iterable int object
2025-11-06 05:46:33 [INFO] scanner - ✅ Validações OK [BTC/USDT]: Score=7.3, R:R=2.08
2025-11-06 05:46:33 [INFO] scanner - ⏸️  Throttle ativo [BTC/USDT]:
2025-11-06 05:46:33 [INFO] scanner -    ├─ Último alerta há 815.2 minutos
2025-11-06 05:46:33 [INFO] scanner -    ├─ Tempo mínimo: 1800 minutos
2025-11-06 05:46:33 [INFO] scanner -    └─ Próximo permitido em: 984.8 minutos
2025-11-06 05:46:35 [WARNING] root - Bloco de componentes falhou: cannot unpack non-iterable int object
2025-11-06 05:46:35 [INFO] scanner - ✅ Validações OK [ETH/USDT]: Score=7.3, R:R=2.00
2025-11-06 05:46:35 [INFO] scanner - ⏸️  Throttle ativo [ETH/USDT]:
2025-11-06 05:46:35 [INFO] scanner -    ├─ Último alerta há 1131.7 minutos
2025-11-06 05:46:35 [INFO] scanner -    ├─ Tempo mínimo: 1800 minutos
2025-11-06 05:46:35 [INFO] scanner -    └─ Próximo permitido em: 668.3 minutos
2025-11-06 06:14:59 [INFO] scanner - ============================================================
2025-11-06 06:14:59 [INFO] scanner - 🚀 SCANNER INICIADO
2025-11-06 06:14:59 [INFO] scanner - 📅 Data/Hora: 06/11/2025 06:14:59
2025-11-06 06:14:59 [INFO] scanner - 📂 Log: logs/scanner_2025-11-06.log
2025-11-06 06:14:59 [INFO] scanner - ============================================================
2025-11-06 06:14:59 [INFO] scanner - 📝 PAPER MODE ATIVO - Apenas registro e análise
2025-11-06 06:15:03 [WARNING] root - Bloco de componentes falhou: cannot unpack non-iterable int object
2025-11-06 06:15:03 [INFO] scanner - ✅ Validações OK [BTC/USDT]: Score=8.8, R:R=2.08
2025-11-06 06:15:03 [INFO] scanner - ⏸️  Throttle ativo [BTC/USDT]:
2025-11-06 06:15:03 [INFO] scanner -    ├─ Último alerta há 843.7 minutos
2025-11-06 06:15:03 [INFO] scanner -    ├─ Tempo mínimo: 1800 minutos
2025-11-06 06:15:03 [INFO] scanner -    └─ Próximo permitido em: 956.3 minutos
2025-11-06 06:15:03 [WARNING] root - Bloco de componentes falhou: cannot unpack non-iterable int object
2025-11-06 06:15:03 [INFO] scanner - ✅ Validações OK [BTC/USDT]: Score=7.3, R:R=2.08
2025-11-06 06:15:03 [INFO] scanner - ⏸️  Throttle ativo [BTC/USDT]:
2025-11-06 06:15:03 [INFO] scanner -    ├─ Último alerta há 843.7 minutos
2025-11-06 06:15:03 [INFO] scanner -    ├─ Tempo mínimo: 1800 minutos
2025-11-06 06:15:03 [INFO] scanner -    └─ Próximo permitido em: 956.3 minutos
2025-11-06 06:15:05 [WARNING] root - Bloco de componentes falhou: cannot unpack non-iterable int object
2025-11-06 06:15:05 [INFO] scanner - ✅ Validações OK [ETH/USDT]: Score=7.3, R:R=2.00
2025-11-06 06:15:05 [INFO] scanner - ⏸️  Throttle ativo [ETH/USDT]:
2025-11-06 06:15:05 [INFO] scanner -    ├─ Último alerta há 1160.2 minutos
2025-11-06 06:15:05 [INFO] scanner -    ├─ Tempo mínimo: 1800 minutos
2025-11-06 06:15:05 [INFO] scanner -    └─ Próximo permitido em: 639.8 minutos
