2026-05-30 05:17:33 [INFO] scanner - ============================================================
2026-05-30 05:17:33 [INFO] scanner - 🚀 SCANNER INICIADO
2026-05-30 05:17:33 [INFO] scanner - 📅 Data/Hora: 30/05/2026 05:17:33
2026-05-30 05:17:33 [INFO] scanner - 📂 Log: logs/scanner_2026-05-30.log
2026-05-30 05:17:33 [INFO] scanner - ============================================================
2026-05-30 05:17:33 [INFO] scanner - 📝 PAPER MODE ATIVO - Apenas registro e análise
2026-05-30 05:17:39 [WARNING] root - Bloco de componentes falhou: cannot unpack non-iterable int object
2026-05-30 05:17:39 [INFO] scanner - ✅ Validações OK [ETH/USDT]: Score=7.3, R:R=2.00
2026-05-30 05:17:39 [INFO] scanner - ⏸️  Throttle ativo [ETH/USDT]:
2026-05-30 05:17:39 [INFO] scanner -    ├─ Último alerta há 949.7 minutos
2026-05-30 05:17:39 [INFO] scanner -    ├─ Tempo mínimo: 1800 minutos
2026-05-30 05:17:39 [INFO] scanner -    └─ Próximo permitido em: 850.3 minutos
2026-05-30 07:21:08 [INFO] scanner - ============================================================
2026-05-30 07:21:08 [INFO] scanner - 🚀 SCANNER INICIADO
2026-05-30 07:21:08 [INFO] scanner - 📅 Data/Hora: 30/05/2026 07:21:08
2026-05-30 07:21:08 [INFO] scanner - 📂 Log: logs/scanner_2026-05-30.log
2026-05-30 07:21:08 [INFO] scanner - ============================================================
2026-05-30 07:21:08 [INFO] scanner - 📝 PAPER MODE ATIVO - Apenas registro e análise
2026-05-30 07:21:12 [WARNING] root - Bloco de componentes falhou: cannot unpack non-iterable int object
2026-05-30 07:21:12 [INFO] scanner - ✅ Validações OK [BTC/USDT]: Score=7.3, R:R=2.08
2026-05-30 07:21:12 [INFO] scanner - ⏸️  Throttle ativo [BTC/USDT]:
2026-05-30 07:21:12 [INFO] scanner -    ├─ Último alerta há 1483.5 minutos
2026-05-30 07:21:12 [INFO] scanner -    ├─ Tempo mínimo: 1800 minutos
2026-05-30 07:21:12 [INFO] scanner -    └─ Próximo permitido em: 316.5 minutos
2026-05-30 07:21:14 [WARNING] root - Bloco de componentes falhou: cannot unpack non-iterable int object
2026-05-30 07:21:14 [INFO] scanner - ✅ Validações OK [ETH/USDT]: Score=7.3, R:R=2.00
2026-05-30 07:21:14 [INFO] scanner - ⏸️  Throttle ativo [ETH/USDT]:
2026-05-30 07:21:14 [INFO] scanner -    ├─ Último alerta há 1073.3 minutos
2026-05-30 07:21:14 [INFO] scanner -    ├─ Tempo mínimo: 1800 minutos
2026-05-30 07:21:14 [INFO] scanner -    └─ Próximo permitido em: 726.7 minutos
