2026-07-20 05:42:40 [INFO] scanner - ============================================================
2026-07-20 05:42:40 [INFO] scanner - 🚀 SCANNER INICIADO
2026-07-20 05:42:40 [INFO] scanner - 📅 Data/Hora: 20/07/2026 05:42:40
2026-07-20 05:42:40 [INFO] scanner - 📂 Log: logs/scanner_2026-07-20.log
2026-07-20 05:42:40 [INFO] scanner - ============================================================
2026-07-20 05:42:40 [INFO] scanner - 📝 PAPER MODE ATIVO - Apenas registro e análise
2026-07-20 05:42:44 [WARNING] root - Bloco de componentes falhou: cannot unpack non-iterable int object
2026-07-20 05:42:44 [INFO] scanner - ✅ Validações OK [BTC/USDT]: Score=7.3, R:R=2.08
2026-07-20 05:42:44 [INFO] scanner - ⏸️  Throttle ativo [BTC/USDT]:
2026-07-20 05:42:44 [INFO] scanner -    ├─ Último alerta há 574.5 minutos
2026-07-20 05:42:44 [INFO] scanner -    ├─ Tempo mínimo: 1800 minutos
2026-07-20 05:42:44 [INFO] scanner -    └─ Próximo permitido em: 1225.5 minutos
2026-07-20 05:42:44 [WARNING] root - Bloco de componentes falhou: cannot unpack non-iterable int object
2026-07-20 05:42:44 [INFO] scanner - ✅ Validações OK [BTC/USDT]: Score=7.3, R:R=2.08
2026-07-20 05:42:44 [INFO] scanner - ⏸️  Throttle ativo [BTC/USDT]:
2026-07-20 05:42:44 [INFO] scanner -    ├─ Último alerta há 574.5 minutos
2026-07-20 05:42:44 [INFO] scanner -    ├─ Tempo mínimo: 1800 minutos
2026-07-20 05:42:44 [INFO] scanner -    └─ Próximo permitido em: 1225.5 minutos
2026-07-20 05:42:46 [WARNING] root - Bloco de componentes falhou: cannot unpack non-iterable int object
2026-07-20 05:42:46 [INFO] scanner - ✅ Validações OK [ETH/USDT]: Score=7.3, R:R=2.00
2026-07-20 05:42:46 [INFO] scanner - ⏸️  Throttle ativo [ETH/USDT]:
2026-07-20 05:42:46 [INFO] scanner -    ├─ Último alerta há 697.5 minutos
2026-07-20 05:42:46 [INFO] scanner -    ├─ Tempo mínimo: 1800 minutos
2026-07-20 05:42:46 [INFO] scanner -    └─ Próximo permitido em: 1102.5 minutos
2026-07-20 08:27:42 [INFO] scanner - ============================================================
2026-07-20 08:27:42 [INFO] scanner - 🚀 SCANNER INICIADO
2026-07-20 08:27:42 [INFO] scanner - 📅 Data/Hora: 20/07/2026 08:27:42
2026-07-20 08:27:42 [INFO] scanner - 📂 Log: logs/scanner_2026-07-20.log
2026-07-20 08:27:42 [INFO] scanner - ============================================================
2026-07-20 08:27:42 [INFO] scanner - 📝 PAPER MODE ATIVO - Apenas registro e análise
2026-07-20 08:27:48 [WARNING] root - Bloco de componentes falhou: cannot unpack non-iterable int object
2026-07-20 08:27:48 [INFO] scanner - ✅ Validações OK [ETH/USDT]: Score=7.3, R:R=2.00
2026-07-20 08:27:48 [INFO] scanner - ⏸️  Throttle ativo [ETH/USDT]:
2026-07-20 08:27:48 [INFO] scanner -    ├─ Último alerta há 862.5 minutos
2026-07-20 08:27:48 [INFO] scanner -    ├─ Tempo mínimo: 1800 minutos
2026-07-20 08:27:48 [INFO] scanner -    └─ Próximo permitido em: 937.5 minutos
2026-07-20 08:27:48 [WARNING] root - Bloco de componentes falhou: cannot unpack non-iterable int object
2026-07-20 08:27:48 [INFO] scanner - ✅ Validações OK [ETH/USDT]: Score=7.3, R:R=2.00
2026-07-20 08:27:48 [INFO] scanner - ⏸️  Throttle ativo [ETH/USDT]:
2026-07-20 08:27:48 [INFO] scanner -    ├─ Último alerta há 862.5 minutos
2026-07-20 08:27:48 [INFO] scanner -    ├─ Tempo mínimo: 1800 minutos
2026-07-20 08:27:48 [INFO] scanner -    └─ Próximo permitido em: 937.5 minutos
2026-07-20 10:25:03 [INFO] scanner - ============================================================
2026-07-20 10:25:03 [INFO] scanner - 🚀 SCANNER INICIADO
2026-07-20 10:25:03 [INFO] scanner - 📅 Data/Hora: 20/07/2026 10:25:03
2026-07-20 10:25:03 [INFO] scanner - 📂 Log: logs/scanner_2026-07-20.log
2026-07-20 10:25:03 [INFO] scanner - ============================================================
2026-07-20 10:25:03 [INFO] scanner - 📝 PAPER MODE ATIVO - Apenas registro e análise
2026-07-20 10:25:07 [WARNING] root - Bloco de componentes falhou: cannot unpack non-iterable int object
2026-07-20 10:25:07 [INFO] scanner - ✅ Validações OK [BTC/USDT]: Score=7.3, R:R=2.08
2026-07-20 10:25:07 [INFO] scanner - ⏸️  Throttle ativo [BTC/USDT]:
2026-07-20 10:25:07 [INFO] scanner -    ├─ Último alerta há 856.9 minutos
2026-07-20 10:25:07 [INFO] scanner -    ├─ Tempo mínimo: 1800 minutos
2026-07-20 10:25:07 [INFO] scanner -    └─ Próximo permitido em: 943.1 minutos
2026-07-20 10:25:07 [WARNING] root - Bloco de componentes falhou: cannot unpack non-iterable int object
2026-07-20 10:25:07 [INFO] scanner - ✅ Validações OK [BTC/USDT]: Score=7.3, R:R=2.08
2026-07-20 10:25:07 [INFO] scanner - ⏸️  Throttle ativo [BTC/USDT]:
2026-07-20 10:25:07 [INFO] scanner -    ├─ Último alerta há 856.9 minutos
2026-07-20 10:25:07 [INFO] scanner -    ├─ Tempo mínimo: 1800 minutos
2026-07-20 10:25:07 [INFO] scanner -    └─ Próximo permitido em: 943.1 minutos
2026-07-20 10:25:10 [WARNING] root - Bloco de componentes falhou: cannot unpack non-iterable int object
2026-07-20 10:25:10 [INFO] scanner - ✅ Validações OK [ETH/USDT]: Score=7.3, R:R=2.00
2026-07-20 10:25:10 [INFO] scanner - ⏸️  Throttle ativo [ETH/USDT]:
2026-07-20 10:25:10 [INFO] scanner -    ├─ Último alerta há 979.9 minutos
2026-07-20 10:25:10 [INFO] scanner -    ├─ Tempo mínimo: 1800 minutos
2026-07-20 10:25:10 [INFO] scanner -    └─ Próximo permitido em: 820.1 minutos
2026-07-20 10:25:10 [WARNING] root - Bloco de componentes falhou: cannot unpack non-iterable int object
2026-07-20 10:25:10 [INFO] scanner - ✅ Validações OK [ETH/USDT]: Score=7.3, R:R=2.00
2026-07-20 10:25:10 [INFO] scanner - ⏸️  Throttle ativo [ETH/USDT]:
2026-07-20 10:25:10 [INFO] scanner -    ├─ Último alerta há 979.9 minutos
2026-07-20 10:25:10 [INFO] scanner -    ├─ Tempo mínimo: 1800 minutos
2026-07-20 10:25:10 [INFO] scanner -    └─ Próximo permitido em: 820.1 minutos
2026-07-20 12:25:29 [INFO] scanner - ============================================================
2026-07-20 12:25:29 [INFO] scanner - 🚀 SCANNER INICIADO
2026-07-20 12:25:29 [INFO] scanner - 📅 Data/Hora: 20/07/2026 12:25:29
2026-07-20 12:25:29 [INFO] scanner - 📂 Log: logs/scanner_2026-07-20.log
2026-07-20 12:25:29 [INFO] scanner - ============================================================
2026-07-20 12:25:29 [INFO] scanner - 📝 PAPER MODE ATIVO - Apenas registro e análise
2026-07-20 12:25:33 [WARNING] root - Bloco de componentes falhou: cannot unpack non-iterable int object
2026-07-20 12:25:33 [INFO] scanner - ✅ Validações OK [BTC/USDT]: Score=10.0, R:R=2.08
2026-07-20 12:25:33 [INFO] scanner - ⏸️  Throttle ativo [BTC/USDT]:
2026-07-20 12:25:33 [INFO] scanner -    ├─ Último alerta há 977.4 minutos
2026-07-20 12:25:33 [INFO] scanner -    ├─ Tempo mínimo: 1800 minutos
2026-07-20 12:25:33 [INFO] scanner -    └─ Próximo permitido em: 822.6 minutos
2026-07-20 12:25:33 [WARNING] root - Bloco de componentes falhou: cannot unpack non-iterable int object
2026-07-20 12:25:33 [INFO] scanner - ✅ Validações OK [BTC/USDT]: Score=7.3, R:R=2.08
2026-07-20 12:25:33 [INFO] scanner - ⏸️  Throttle ativo [BTC/USDT]:
2026-07-20 12:25:33 [INFO] scanner -    ├─ Último alerta há 977.4 minutos
2026-07-20 12:25:33 [INFO] scanner -    ├─ Tempo mínimo: 1800 minutos
2026-07-20 12:25:33 [INFO] scanner -    └─ Próximo permitido em: 822.6 minutos
2026-07-20 12:25:34 [WARNING] root - Bloco de componentes falhou: cannot unpack non-iterable int object
2026-07-20 12:25:34 [INFO] scanner - ✅ Validações OK [BTC/USDT]: Score=7.3, R:R=2.08
2026-07-20 12:25:34 [INFO] scanner - ⏸️  Throttle ativo [BTC/USDT]:
2026-07-20 12:25:34 [INFO] scanner -    ├─ Último alerta há 977.4 minutos
2026-07-20 12:25:34 [INFO] scanner -    ├─ Tempo mínimo: 1800 minutos
2026-07-20 12:25:34 [INFO] scanner -    └─ Próximo permitido em: 822.6 minutos
2026-07-20 12:25:36 [WARNING] root - Bloco de componentes falhou: cannot unpack non-iterable int object
2026-07-20 12:25:36 [INFO] scanner - ✅ Validações OK [ETH/USDT]: Score=7.3, R:R=2.00
2026-07-20 12:25:36 [INFO] scanner - ⏸️  Throttle ativo [ETH/USDT]:
2026-07-20 12:25:36 [INFO] scanner -    ├─ Último alerta há 1100.3 minutos
2026-07-20 12:25:36 [INFO] scanner -    ├─ Tempo mínimo: 1800 minutos
2026-07-20 12:25:36 [INFO] scanner -    └─ Próximo permitido em: 699.7 minutos
2026-07-20 12:25:36 [WARNING] root - Bloco de componentes falhou: cannot unpack non-iterable int object
2026-07-20 12:25:36 [INFO] scanner - ✅ Validações OK [ETH/USDT]: Score=7.3, R:R=2.00
2026-07-20 12:25:36 [INFO] scanner - ⏸️  Throttle ativo [ETH/USDT]:
2026-07-20 12:25:36 [INFO] scanner -    ├─ Último alerta há 1100.3 minutos
2026-07-20 12:25:36 [INFO] scanner -    ├─ Tempo mínimo: 1800 minutos
2026-07-20 12:25:36 [INFO] scanner -    └─ Próximo permitido em: 699.7 minutos
2026-07-20 13:51:25 [INFO] scanner - ============================================================
2026-07-20 13:51:25 [INFO] scanner - 🚀 SCANNER INICIADO
2026-07-20 13:51:25 [INFO] scanner - 📅 Data/Hora: 20/07/2026 13:51:25
2026-07-20 13:51:25 [INFO] scanner - 📂 Log: logs/scanner_2026-07-20.log
2026-07-20 13:51:25 [INFO] scanner - ============================================================
2026-07-20 13:51:25 [INFO] scanner - 📝 PAPER MODE ATIVO - Apenas registro e análise
2026-07-20 13:51:29 [WARNING] root - Bloco de componentes falhou: cannot unpack non-iterable int object
2026-07-20 13:51:29 [INFO] scanner - ✅ Validações OK [BTC/USDT]: Score=7.8, R:R=2.08
2026-07-20 13:51:29 [INFO] scanner - ⏸️  Throttle ativo [BTC/USDT]:
2026-07-20 13:51:29 [INFO] scanner -    ├─ Último alerta há 1063.3 minutos
2026-07-20 13:51:29 [INFO] scanner -    ├─ Tempo mínimo: 1800 minutos
2026-07-20 13:51:29 [INFO] scanner -    └─ Próximo permitido em: 736.7 minutos
2026-07-20 13:51:29 [WARNING] root - Bloco de componentes falhou: cannot unpack non-iterable int object
2026-07-20 13:51:29 [INFO] scanner - ✅ Validações OK [BTC/USDT]: Score=7.8, R:R=2.08
2026-07-20 13:51:29 [INFO] scanner - ⏸️  Throttle ativo [BTC/USDT]:
2026-07-20 13:51:29 [INFO] scanner -    ├─ Último alerta há 1063.3 minutos
2026-07-20 13:51:29 [INFO] scanner -    ├─ Tempo mínimo: 1800 minutos
2026-07-20 13:51:29 [INFO] scanner -    └─ Próximo permitido em: 736.7 minutos
2026-07-20 13:51:31 [WARNING] root - Bloco de componentes falhou: cannot unpack non-iterable int object
2026-07-20 13:51:31 [INFO] scanner - ✅ Validações OK [ETH/USDT]: Score=9.3, R:R=2.00
2026-07-20 13:51:31 [INFO] scanner - ⏸️  Throttle ativo [ETH/USDT]:
2026-07-20 13:51:31 [INFO] scanner -    ├─ Último alerta há 1186.3 minutos
2026-07-20 13:51:31 [INFO] scanner -    ├─ Tempo mínimo: 1800 minutos
2026-07-20 13:51:31 [INFO] scanner -    └─ Próximo permitido em: 613.7 minutos
2026-07-20 13:51:32 [WARNING] root - Bloco de componentes falhou: cannot unpack non-iterable int object
2026-07-20 13:51:32 [INFO] scanner - ✅ Validações OK [ETH/USDT]: Score=7.8, R:R=2.00
2026-07-20 13:51:32 [INFO] scanner - ⏸️  Throttle ativo [ETH/USDT]:
2026-07-20 13:51:32 [INFO] scanner -    ├─ Último alerta há 1186.3 minutos
2026-07-20 13:51:32 [INFO] scanner -    ├─ Tempo mínimo: 1800 minutos
2026-07-20 13:51:32 [INFO] scanner -    └─ Próximo permitido em: 613.7 minutos
2026-07-20 13:51:32 [WARNING] root - Bloco de componentes falhou: cannot unpack non-iterable int object
2026-07-20 13:51:32 [INFO] scanner - ✅ Validações OK [ETH/USDT]: Score=7.8, R:R=2.00
2026-07-20 13:51:32 [INFO] scanner - ⏸️  Throttle ativo [ETH/USDT]:
2026-07-20 13:51:32 [INFO] scanner -    ├─ Último alerta há 1186.3 minutos
2026-07-20 13:51:32 [INFO] scanner -    ├─ Tempo mínimo: 1800 minutos
2026-07-20 13:51:32 [INFO] scanner -    └─ Próximo permitido em: 613.7 minutos
2026-07-20 15:48:36 [INFO] scanner - ============================================================
2026-07-20 15:48:36 [INFO] scanner - 🚀 SCANNER INICIADO
2026-07-20 15:48:36 [INFO] scanner - 📅 Data/Hora: 20/07/2026 15:48:36
2026-07-20 15:48:36 [INFO] scanner - 📂 Log: logs/scanner_2026-07-20.log
2026-07-20 15:48:36 [INFO] scanner - ============================================================
2026-07-20 15:48:36 [INFO] scanner - 📝 PAPER MODE ATIVO - Apenas registro e análise
2026-07-20 15:48:40 [WARNING] root - Bloco de componentes falhou: cannot unpack non-iterable int object
2026-07-20 15:48:40 [INFO] scanner - ✅ Validações OK [BTC/USDT]: Score=7.8, R:R=2.08
2026-07-20 15:48:40 [INFO] scanner - ⏸️  Throttle ativo [BTC/USDT]:
2026-07-20 15:48:40 [INFO] scanner -    ├─ Último alerta há 1180.5 minutos
2026-07-20 15:48:40 [INFO] scanner -    ├─ Tempo mínimo: 1800 minutos
2026-07-20 15:48:40 [INFO] scanner -    └─ Próximo permitido em: 619.5 minutos
2026-07-20 15:48:40 [WARNING] root - Bloco de componentes falhou: cannot unpack non-iterable int object
2026-07-20 15:48:40 [INFO] scanner - ✅ Validações OK [BTC/USDT]: Score=7.8, R:R=2.08
2026-07-20 15:48:40 [INFO] scanner - ⏸️  Throttle ativo [BTC/USDT]:
2026-07-20 15:48:40 [INFO] scanner -    ├─ Último alerta há 1180.5 minutos
2026-07-20 15:48:40 [INFO] scanner -    ├─ Tempo mínimo: 1800 minutos
2026-07-20 15:48:40 [INFO] scanner -    └─ Próximo permitido em: 619.5 minutos
2026-07-20 15:48:42 [WARNING] root - Bloco de componentes falhou: cannot unpack non-iterable int object
2026-07-20 15:48:42 [INFO] scanner - ✅ Validações OK [ETH/USDT]: Score=9.3, R:R=2.00
2026-07-20 15:48:42 [INFO] scanner - ⏸️  Throttle ativo [ETH/USDT]:
2026-07-20 15:48:42 [INFO] scanner -    ├─ Último alerta há 1303.4 minutos
2026-07-20 15:48:42 [INFO] scanner -    ├─ Tempo mínimo: 1800 minutos
2026-07-20 15:48:42 [INFO] scanner -    └─ Próximo permitido em: 496.6 minutos
2026-07-20 15:48:42 [WARNING] root - Bloco de componentes falhou: cannot unpack non-iterable int object
2026-07-20 15:48:42 [INFO] scanner - ✅ Validações OK [ETH/USDT]: Score=7.8, R:R=2.00
2026-07-20 15:48:42 [INFO] scanner - ⏸️  Throttle ativo [ETH/USDT]:
2026-07-20 15:48:42 [INFO] scanner -    ├─ Último alerta há 1303.4 minutos
2026-07-20 15:48:42 [INFO] scanner -    ├─ Tempo mínimo: 1800 minutos
2026-07-20 15:48:42 [INFO] scanner -    └─ Próximo permitido em: 496.6 minutos
2026-07-20 15:48:42 [WARNING] root - Bloco de componentes falhou: cannot unpack non-iterable int object
2026-07-20 15:48:42 [INFO] scanner - ✅ Validações OK [ETH/USDT]: Score=7.8, R:R=2.00
2026-07-20 15:48:42 [INFO] scanner - ⏸️  Throttle ativo [ETH/USDT]:
2026-07-20 15:48:42 [INFO] scanner -    ├─ Último alerta há 1303.4 minutos
2026-07-20 15:48:42 [INFO] scanner -    ├─ Tempo mínimo: 1800 minutos
2026-07-20 15:48:42 [INFO] scanner -    └─ Próximo permitido em: 496.6 minutos
2026-07-20 17:15:40 [INFO] scanner - ============================================================
2026-07-20 17:15:40 [INFO] scanner - 🚀 SCANNER INICIADO
2026-07-20 17:15:40 [INFO] scanner - 📅 Data/Hora: 20/07/2026 17:15:40
2026-07-20 17:15:40 [INFO] scanner - 📂 Log: logs/scanner_2026-07-20.log
2026-07-20 17:15:40 [INFO] scanner - ============================================================
2026-07-20 17:15:40 [INFO] scanner - 📝 PAPER MODE ATIVO - Apenas registro e análise
2026-07-20 17:15:44 [WARNING] root - Bloco de componentes falhou: cannot unpack non-iterable int object
2026-07-20 17:15:44 [INFO] scanner - ✅ Validações OK [BTC/USDT]: Score=7.3, R:R=2.08
2026-07-20 17:15:44 [INFO] scanner - ⏸️  Throttle ativo [BTC/USDT]:
2026-07-20 17:15:44 [INFO] scanner -    ├─ Último alerta há 1267.5 minutos
2026-07-20 17:15:44 [INFO] scanner -    ├─ Tempo mínimo: 1800 minutos
2026-07-20 17:15:44 [INFO] scanner -    └─ Próximo permitido em: 532.5 minutos
2026-07-20 17:15:44 [WARNING] root - Bloco de componentes falhou: cannot unpack non-iterable int object
2026-07-20 17:15:44 [INFO] scanner - ✅ Validações OK [BTC/USDT]: Score=7.3, R:R=2.08
2026-07-20 17:15:44 [INFO] scanner - ⏸️  Throttle ativo [BTC/USDT]:
2026-07-20 17:15:44 [INFO] scanner -    ├─ Último alerta há 1267.5 minutos
2026-07-20 17:15:44 [INFO] scanner -    ├─ Tempo mínimo: 1800 minutos
2026-07-20 17:15:44 [INFO] scanner -    └─ Próximo permitido em: 532.5 minutos
2026-07-20 17:15:46 [WARNING] root - Bloco de componentes falhou: cannot unpack non-iterable int object
2026-07-20 17:15:46 [INFO] scanner - ✅ Validações OK [ETH/USDT]: Score=7.3, R:R=2.00
2026-07-20 17:15:46 [INFO] scanner - ⏸️  Throttle ativo [ETH/USDT]:
2026-07-20 17:15:46 [INFO] scanner -    ├─ Último alerta há 1390.5 minutos
2026-07-20 17:15:46 [INFO] scanner -    ├─ Tempo mínimo: 1800 minutos
2026-07-20 17:15:46 [INFO] scanner -    └─ Próximo permitido em: 409.5 minutos
2026-07-20 17:15:46 [WARNING] root - Bloco de componentes falhou: cannot unpack non-iterable int object
2026-07-20 17:15:46 [INFO] scanner - ✅ Validações OK [ETH/USDT]: Score=7.3, R:R=2.00
2026-07-20 17:15:46 [INFO] scanner - ⏸️  Throttle ativo [ETH/USDT]:
2026-07-20 17:15:46 [INFO] scanner -    ├─ Último alerta há 1390.5 minutos
2026-07-20 17:15:46 [INFO] scanner -    ├─ Tempo mínimo: 1800 minutos
2026-07-20 17:15:46 [INFO] scanner -    └─ Próximo permitido em: 409.5 minutos
2026-07-20 18:38:39 [INFO] scanner - ============================================================
2026-07-20 18:38:39 [INFO] scanner - 🚀 SCANNER INICIADO
2026-07-20 18:38:39 [INFO] scanner - 📅 Data/Hora: 20/07/2026 18:38:39
2026-07-20 18:38:39 [INFO] scanner - 📂 Log: logs/scanner_2026-07-20.log
2026-07-20 18:38:39 [INFO] scanner - ============================================================
2026-07-20 18:38:39 [INFO] scanner - 📝 PAPER MODE ATIVO - Apenas registro e análise
2026-07-20 18:38:43 [WARNING] root - Bloco de componentes falhou: cannot unpack non-iterable int object
2026-07-20 18:38:43 [INFO] scanner - ✅ Validações OK [BTC/USDT]: Score=7.3, R:R=2.08
2026-07-20 18:38:43 [INFO] scanner - ⏸️  Throttle ativo [BTC/USDT]:
2026-07-20 18:38:43 [INFO] scanner -    ├─ Último alerta há 1350.5 minutos
2026-07-20 18:38:43 [INFO] scanner -    ├─ Tempo mínimo: 1800 minutos
2026-07-20 18:38:43 [INFO] scanner -    └─ Próximo permitido em: 449.5 minutos
2026-07-20 18:38:43 [WARNING] root - Bloco de componentes falhou: cannot unpack non-iterable int object
2026-07-20 18:38:43 [INFO] scanner - ✅ Validações OK [BTC/USDT]: Score=7.3, R:R=2.08
2026-07-20 18:38:43 [INFO] scanner - ⏸️  Throttle ativo [BTC/USDT]:
2026-07-20 18:38:43 [INFO] scanner -    ├─ Último alerta há 1350.5 minutos
2026-07-20 18:38:43 [INFO] scanner -    ├─ Tempo mínimo: 1800 minutos
2026-07-20 18:38:43 [INFO] scanner -    └─ Próximo permitido em: 449.5 minutos
2026-07-20 18:38:43 [WARNING] root - Bloco de componentes falhou: cannot unpack non-iterable int object
2026-07-20 18:38:43 [INFO] scanner - ✅ Validações OK [BTC/USDT]: Score=7.3, R:R=2.08
2026-07-20 18:38:43 [INFO] scanner - ⏸️  Throttle ativo [BTC/USDT]:
2026-07-20 18:38:43 [INFO] scanner -    ├─ Último alerta há 1350.5 minutos
2026-07-20 18:38:43 [INFO] scanner -    ├─ Tempo mínimo: 1800 minutos
2026-07-20 18:38:43 [INFO] scanner -    └─ Próximo permitido em: 449.5 minutos
2026-07-20 18:38:45 [WARNING] root - Bloco de componentes falhou: cannot unpack non-iterable int object
2026-07-20 18:38:45 [INFO] scanner - ✅ Validações OK [ETH/USDT]: Score=7.3, R:R=2.00
2026-07-20 18:38:45 [INFO] scanner - ⏸️  Throttle ativo [ETH/USDT]:
2026-07-20 18:38:45 [INFO] scanner -    ├─ Último alerta há 1473.5 minutos
2026-07-20 18:38:45 [INFO] scanner -    ├─ Tempo mínimo: 1800 minutos
2026-07-20 18:38:45 [INFO] scanner -    └─ Próximo permitido em: 326.5 minutos
2026-07-20 18:38:45 [WARNING] root - Bloco de componentes falhou: cannot unpack non-iterable int object
2026-07-20 18:38:45 [INFO] scanner - ✅ Validações OK [ETH/USDT]: Score=7.3, R:R=2.00
2026-07-20 18:38:45 [INFO] scanner - ⏸️  Throttle ativo [ETH/USDT]:
2026-07-20 18:38:45 [INFO] scanner -    ├─ Último alerta há 1473.5 minutos
2026-07-20 18:38:45 [INFO] scanner -    ├─ Tempo mínimo: 1800 minutos
2026-07-20 18:38:45 [INFO] scanner -    └─ Próximo permitido em: 326.5 minutos
2026-07-20 19:36:53 [INFO] scanner - ============================================================
2026-07-20 19:36:53 [INFO] scanner - 🚀 SCANNER INICIADO
2026-07-20 19:36:53 [INFO] scanner - 📅 Data/Hora: 20/07/2026 19:36:53
2026-07-20 19:36:53 [INFO] scanner - 📂 Log: logs/scanner_2026-07-20.log
2026-07-20 19:36:53 [INFO] scanner - ============================================================
2026-07-20 19:36:53 [INFO] scanner - 📝 PAPER MODE ATIVO - Apenas registro e análise
2026-07-20 19:36:56 [WARNING] root - Bloco de componentes falhou: cannot unpack non-iterable int object
2026-07-20 19:36:56 [INFO] scanner - ✅ Validações OK [BTC/USDT]: Score=7.3, R:R=2.08
2026-07-20 19:36:56 [INFO] scanner - ⏸️  Throttle ativo [BTC/USDT]:
2026-07-20 19:36:56 [INFO] scanner -    ├─ Último alerta há 1408.7 minutos
2026-07-20 19:36:56 [INFO] scanner -    ├─ Tempo mínimo: 1800 minutos
2026-07-20 19:36:56 [INFO] scanner -    └─ Próximo permitido em: 391.3 minutos
2026-07-20 19:36:56 [WARNING] root - Bloco de componentes falhou: cannot unpack non-iterable int object
2026-07-20 19:36:56 [INFO] scanner - ✅ Validações OK [BTC/USDT]: Score=7.3, R:R=2.08
2026-07-20 19:36:56 [INFO] scanner - ⏸️  Throttle ativo [BTC/USDT]:
2026-07-20 19:36:56 [INFO] scanner -    ├─ Último alerta há 1408.7 minutos
2026-07-20 19:36:56 [INFO] scanner -    ├─ Tempo mínimo: 1800 minutos
2026-07-20 19:36:56 [INFO] scanner -    └─ Próximo permitido em: 391.3 minutos
2026-07-20 19:36:59 [WARNING] root - Bloco de componentes falhou: cannot unpack non-iterable int object
2026-07-20 19:36:59 [INFO] scanner - ✅ Validações OK [ETH/USDT]: Score=7.3, R:R=2.00
2026-07-20 19:36:59 [INFO] scanner - ⏸️  Throttle ativo [ETH/USDT]:
2026-07-20 19:36:59 [INFO] scanner -    ├─ Último alerta há 1531.7 minutos
2026-07-20 19:36:59 [INFO] scanner -    ├─ Tempo mínimo: 1800 minutos
2026-07-20 19:36:59 [INFO] scanner -    └─ Próximo permitido em: 268.3 minutos
2026-07-20 19:36:59 [WARNING] root - Bloco de componentes falhou: cannot unpack non-iterable int object
2026-07-20 19:36:59 [INFO] scanner - ✅ Validações OK [ETH/USDT]: Score=7.3, R:R=2.00
2026-07-20 19:36:59 [INFO] scanner - ⏸️  Throttle ativo [ETH/USDT]:
2026-07-20 19:36:59 [INFO] scanner -    ├─ Último alerta há 1531.7 minutos
2026-07-20 19:36:59 [INFO] scanner -    ├─ Tempo mínimo: 1800 minutos
2026-07-20 19:36:59 [INFO] scanner -    └─ Próximo permitido em: 268.3 minutos
2026-07-20 20:37:30 [INFO] scanner - ============================================================
2026-07-20 20:37:30 [INFO] scanner - 🚀 SCANNER INICIADO
2026-07-20 20:37:30 [INFO] scanner - 📅 Data/Hora: 20/07/2026 20:37:30
2026-07-20 20:37:30 [INFO] scanner - 📂 Log: logs/scanner_2026-07-20.log
2026-07-20 20:37:30 [INFO] scanner - ============================================================
2026-07-20 20:37:30 [INFO] scanner - 📝 PAPER MODE ATIVO - Apenas registro e análise
2026-07-20 20:37:34 [WARNING] root - Bloco de componentes falhou: cannot unpack non-iterable int object
2026-07-20 20:37:34 [INFO] scanner - ✅ Validações OK [BTC/USDT]: Score=7.3, R:R=2.08
2026-07-20 20:37:34 [INFO] scanner - ⏸️  Throttle ativo [BTC/USDT]:
2026-07-20 20:37:34 [INFO] scanner -    ├─ Último alerta há 1469.4 minutos
2026-07-20 20:37:34 [INFO] scanner -    ├─ Tempo mínimo: 1800 minutos
2026-07-20 20:37:34 [INFO] scanner -    └─ Próximo permitido em: 330.6 minutos
2026-07-20 20:37:34 [WARNING] root - Bloco de componentes falhou: cannot unpack non-iterable int object
2026-07-20 20:37:34 [INFO] scanner - ✅ Validações OK [BTC/USDT]: Score=7.3, R:R=2.08
2026-07-20 20:37:34 [INFO] scanner - ⏸️  Throttle ativo [BTC/USDT]:
2026-07-20 20:37:34 [INFO] scanner -    ├─ Último alerta há 1469.4 minutos
2026-07-20 20:37:34 [INFO] scanner -    ├─ Tempo mínimo: 1800 minutos
2026-07-20 20:37:34 [INFO] scanner -    └─ Próximo permitido em: 330.6 minutos
2026-07-20 20:37:37 [WARNING] root - Bloco de componentes falhou: cannot unpack non-iterable int object
2026-07-20 20:37:37 [INFO] scanner - ✅ Validações OK [ETH/USDT]: Score=7.3, R:R=2.00
2026-07-20 20:37:37 [INFO] scanner - ⏸️  Throttle ativo [ETH/USDT]:
2026-07-20 20:37:37 [INFO] scanner -    ├─ Último alerta há 1592.3 minutos
2026-07-20 20:37:37 [INFO] scanner -    ├─ Tempo mínimo: 1800 minutos
2026-07-20 20:37:37 [INFO] scanner -    └─ Próximo permitido em: 207.7 minutos
2026-07-20 20:37:37 [WARNING] root - Bloco de componentes falhou: cannot unpack non-iterable int object
2026-07-20 20:37:37 [INFO] scanner - ✅ Validações OK [ETH/USDT]: Score=7.3, R:R=2.00
2026-07-20 20:37:37 [INFO] scanner - ⏸️  Throttle ativo [ETH/USDT]:
2026-07-20 20:37:37 [INFO] scanner -    ├─ Último alerta há 1592.3 minutos
2026-07-20 20:37:37 [INFO] scanner -    ├─ Tempo mínimo: 1800 minutos
2026-07-20 20:37:37 [INFO] scanner -    └─ Próximo permitido em: 207.7 minutos
2026-07-20 22:05:48 [INFO] scanner - ============================================================
2026-07-20 22:05:48 [INFO] scanner - 🚀 SCANNER INICIADO
2026-07-20 22:05:48 [INFO] scanner - 📅 Data/Hora: 20/07/2026 22:05:48
2026-07-20 22:05:48 [INFO] scanner - 📂 Log: logs/scanner_2026-07-20.log
2026-07-20 22:05:48 [INFO] scanner - ============================================================
2026-07-20 22:05:48 [INFO] scanner - 📝 PAPER MODE ATIVO - Apenas registro e análise
2026-07-20 22:05:52 [WARNING] root - Bloco de componentes falhou: cannot unpack non-iterable int object
2026-07-20 22:05:52 [INFO] scanner - ✅ Validações OK [BTC/USDT]: Score=7.3, R:R=2.08
2026-07-20 22:05:52 [INFO] scanner - ⏸️  Throttle ativo [BTC/USDT]:
2026-07-20 22:05:52 [INFO] scanner -    ├─ Último alerta há 1557.7 minutos
2026-07-20 22:05:52 [INFO] scanner -    ├─ Tempo mínimo: 1800 minutos
2026-07-20 22:05:52 [INFO] scanner -    └─ Próximo permitido em: 242.3 minutos
2026-07-20 22:05:52 [WARNING] root - Bloco de componentes falhou: cannot unpack non-iterable int object
2026-07-20 22:05:52 [INFO] scanner - ✅ Validações OK [BTC/USDT]: Score=7.3, R:R=2.08
2026-07-20 22:05:52 [INFO] scanner - ⏸️  Throttle ativo [BTC/USDT]:
2026-07-20 22:05:52 [INFO] scanner -    ├─ Último alerta há 1557.7 minutos
2026-07-20 22:05:52 [INFO] scanner -    ├─ Tempo mínimo: 1800 minutos
2026-07-20 22:05:52 [INFO] scanner -    └─ Próximo permitido em: 242.3 minutos
2026-07-20 22:05:55 [WARNING] root - Bloco de componentes falhou: cannot unpack non-iterable int object
2026-07-20 22:05:55 [INFO] scanner - ✅ Validações OK [ETH/USDT]: Score=7.3, R:R=2.00
2026-07-20 22:05:55 [INFO] scanner - ⏸️  Throttle ativo [ETH/USDT]:
2026-07-20 22:05:55 [INFO] scanner -    ├─ Último alerta há 1680.6 minutos
2026-07-20 22:05:55 [INFO] scanner -    ├─ Tempo mínimo: 1800 minutos
2026-07-20 22:05:55 [INFO] scanner -    └─ Próximo permitido em: 119.4 minutos
2026-07-20 22:05:55 [WARNING] root - Bloco de componentes falhou: cannot unpack non-iterable int object
2026-07-20 22:05:55 [INFO] scanner - ✅ Validações OK [ETH/USDT]: Score=7.3, R:R=2.00
2026-07-20 22:05:55 [INFO] scanner - ⏸️  Throttle ativo [ETH/USDT]:
2026-07-20 22:05:55 [INFO] scanner -    ├─ Último alerta há 1680.6 minutos
2026-07-20 22:05:55 [INFO] scanner -    ├─ Tempo mínimo: 1800 minutos
2026-07-20 22:05:55 [INFO] scanner -    └─ Próximo permitido em: 119.4 minutos
2026-07-20 22:05:55 [WARNING] root - Bloco de componentes falhou: cannot unpack non-iterable int object
2026-07-20 22:05:55 [INFO] scanner - ✅ Validações OK [ETH/USDT]: Score=7.3, R:R=2.00
2026-07-20 22:05:55 [INFO] scanner - ⏸️  Throttle ativo [ETH/USDT]:
2026-07-20 22:05:55 [INFO] scanner -    ├─ Último alerta há 1680.6 minutos
2026-07-20 22:05:55 [INFO] scanner -    ├─ Tempo mínimo: 1800 minutos
2026-07-20 22:05:55 [INFO] scanner -    └─ Próximo permitido em: 119.4 minutos
