2026-07-22 05:10:09 [INFO] scanner - ============================================================
2026-07-22 05:10:09 [INFO] scanner - 🚀 SCANNER INICIADO
2026-07-22 05:10:09 [INFO] scanner - 📅 Data/Hora: 22/07/2026 05:10:09
2026-07-22 05:10:09 [INFO] scanner - 📂 Log: logs/scanner_2026-07-22.log
2026-07-22 05:10:09 [INFO] scanner - ============================================================
2026-07-22 05:10:09 [INFO] scanner - 📝 PAPER MODE ATIVO - Apenas registro e análise
2026-07-22 05:10:12 [WARNING] root - Bloco de componentes falhou: cannot unpack non-iterable int object
2026-07-22 05:10:12 [INFO] scanner - ✅ Validações OK [BTC/USDT]: Score=7.3, R:R=2.08
2026-07-22 05:10:12 [INFO] scanner - ⏸️  Throttle ativo [BTC/USDT]:
2026-07-22 05:10:12 [INFO] scanner -    ├─ Último alerta há 1440.4 minutos
2026-07-22 05:10:12 [INFO] scanner -    ├─ Tempo mínimo: 1800 minutos
2026-07-22 05:10:12 [INFO] scanner -    └─ Próximo permitido em: 359.6 minutos
2026-07-22 07:33:16 [INFO] scanner - ============================================================
2026-07-22 07:33:16 [INFO] scanner - 🚀 SCANNER INICIADO
2026-07-22 07:33:16 [INFO] scanner - 📅 Data/Hora: 22/07/2026 07:33:16
2026-07-22 07:33:16 [INFO] scanner - 📂 Log: logs/scanner_2026-07-22.log
2026-07-22 07:33:16 [INFO] scanner - ============================================================
2026-07-22 07:33:16 [INFO] scanner - 📝 PAPER MODE ATIVO - Apenas registro e análise
2026-07-22 09:14:06 [INFO] scanner - ============================================================
2026-07-22 09:14:06 [INFO] scanner - 🚀 SCANNER INICIADO
2026-07-22 09:14:06 [INFO] scanner - 📅 Data/Hora: 22/07/2026 09:14:06
2026-07-22 09:14:06 [INFO] scanner - 📂 Log: logs/scanner_2026-07-22.log
2026-07-22 09:14:06 [INFO] scanner - ============================================================
2026-07-22 09:14:06 [INFO] scanner - 📝 PAPER MODE ATIVO - Apenas registro e análise
2026-07-22 09:14:12 [WARNING] root - Bloco de componentes falhou: cannot unpack non-iterable int object
2026-07-22 09:14:12 [INFO] scanner - ✅ Validações OK [ETH/USDT]: Score=7.3, R:R=2.00
2026-07-22 09:14:12 [INFO] scanner - ⏸️  Throttle ativo [ETH/USDT]:
2026-07-22 09:14:12 [INFO] scanner -    ├─ Último alerta há 1684.3 minutos
2026-07-22 09:14:12 [INFO] scanner -    ├─ Tempo mínimo: 1800 minutos
2026-07-22 09:14:12 [INFO] scanner -    └─ Próximo permitido em: 115.7 minutos
2026-07-22 11:22:22 [INFO] scanner - ============================================================
2026-07-22 11:22:22 [INFO] scanner - 🚀 SCANNER INICIADO
2026-07-22 11:22:22 [INFO] scanner - 📅 Data/Hora: 22/07/2026 11:22:22
2026-07-22 11:22:22 [INFO] scanner - 📂 Log: logs/scanner_2026-07-22.log
2026-07-22 11:22:22 [INFO] scanner - ============================================================
2026-07-22 11:22:22 [INFO] scanner - 📝 PAPER MODE ATIVO - Apenas registro e análise
2026-07-22 11:22:26 [WARNING] root - Bloco de componentes falhou: cannot unpack non-iterable int object
2026-07-22 11:22:26 [INFO] scanner - ✅ Validações OK [BTC/USDT]: Score=7.3, R:R=2.08
2026-07-22 11:22:26 [INFO] scanner - ✅ Throttle OK [BTC/USDT]: Pode enviar
2026-07-22 11:22:26 [INFO] scanner - 📝 Sinal no ledger: 20260722_112226_854044 - BTC/USDT
2026-07-22 11:22:26 [INFO] scanner - 📨 Alerta enviado | ID Ledger: 20260722_112226_854044
2026-07-22 11:22:29 [WARNING] root - Bloco de componentes falhou: cannot unpack non-iterable int object
2026-07-22 11:22:29 [INFO] scanner - ✅ Validações OK [ETH/USDT]: Score=7.3, R:R=2.00
2026-07-22 11:22:29 [INFO] scanner - ✅ Throttle OK [ETH/USDT]: Pode enviar
2026-07-22 11:22:29 [INFO] scanner - 📝 Sinal no ledger: 20260722_112229_562364 - ETH/USDT
2026-07-22 11:22:29 [INFO] scanner - 📨 Alerta enviado | ID Ledger: 20260722_112229_562364
2026-07-22 12:56:21 [INFO] scanner - ============================================================
2026-07-22 12:56:21 [INFO] scanner - 🚀 SCANNER INICIADO
2026-07-22 12:56:21 [INFO] scanner - 📅 Data/Hora: 22/07/2026 12:56:21
2026-07-22 12:56:21 [INFO] scanner - 📂 Log: logs/scanner_2026-07-22.log
2026-07-22 12:56:21 [INFO] scanner - ============================================================
2026-07-22 12:56:21 [INFO] scanner - 📝 PAPER MODE ATIVO - Apenas registro e análise
2026-07-22 12:56:27 [WARNING] root - Bloco de componentes falhou: cannot unpack non-iterable int object
2026-07-22 12:56:27 [INFO] scanner - ✅ Validações OK [ETH/USDT]: Score=10.0, R:R=2.00
2026-07-22 12:56:27 [INFO] scanner - ⏸️  Throttle ativo [ETH/USDT]:
2026-07-22 12:56:27 [INFO] scanner -    ├─ Último alerta há 94.0 minutos
2026-07-22 12:56:27 [INFO] scanner -    ├─ Tempo mínimo: 1800 minutos
2026-07-22 12:56:27 [INFO] scanner -    └─ Próximo permitido em: 1706.0 minutos
2026-07-22 12:56:28 [WARNING] root - Bloco de componentes falhou: cannot unpack non-iterable int object
2026-07-22 12:56:28 [INFO] scanner - ✅ Validações OK [ETH/USDT]: Score=7.3, R:R=2.00
2026-07-22 12:56:28 [INFO] scanner - ⏸️  Throttle ativo [ETH/USDT]:
2026-07-22 12:56:28 [INFO] scanner -    ├─ Último alerta há 94.0 minutos
2026-07-22 12:56:28 [INFO] scanner -    ├─ Tempo mínimo: 1800 minutos
2026-07-22 12:56:28 [INFO] scanner -    └─ Próximo permitido em: 1706.0 minutos
2026-07-22 12:56:28 [WARNING] root - Bloco de componentes falhou: cannot unpack non-iterable int object
2026-07-22 12:56:28 [INFO] scanner - ✅ Validações OK [ETH/USDT]: Score=7.3, R:R=2.00
2026-07-22 12:56:28 [INFO] scanner - ⏸️  Throttle ativo [ETH/USDT]:
2026-07-22 12:56:28 [INFO] scanner -    ├─ Último alerta há 94.0 minutos
2026-07-22 12:56:28 [INFO] scanner -    ├─ Tempo mínimo: 1800 minutos
2026-07-22 12:56:28 [INFO] scanner -    └─ Próximo permitido em: 1706.0 minutos
2026-07-22 14:10:10 [INFO] scanner - ============================================================
2026-07-22 14:10:10 [INFO] scanner - 🚀 SCANNER INICIADO
2026-07-22 14:10:10 [INFO] scanner - 📅 Data/Hora: 22/07/2026 14:10:10
2026-07-22 14:10:10 [INFO] scanner - 📂 Log: logs/scanner_2026-07-22.log
2026-07-22 14:10:10 [INFO] scanner - ============================================================
2026-07-22 14:10:10 [INFO] scanner - 📝 PAPER MODE ATIVO - Apenas registro e análise
2026-07-22 14:10:16 [WARNING] root - Bloco de componentes falhou: cannot unpack non-iterable int object
2026-07-22 14:10:16 [INFO] scanner - ✅ Validações OK [ETH/USDT]: Score=7.3, R:R=2.00
2026-07-22 14:10:16 [INFO] scanner - ⏸️  Throttle ativo [ETH/USDT]:
2026-07-22 14:10:16 [INFO] scanner -    ├─ Último alerta há 167.8 minutos
2026-07-22 14:10:16 [INFO] scanner -    ├─ Tempo mínimo: 1800 minutos
2026-07-22 14:10:16 [INFO] scanner -    └─ Próximo permitido em: 1632.2 minutos
2026-07-22 14:10:16 [WARNING] root - Bloco de componentes falhou: cannot unpack non-iterable int object
2026-07-22 14:10:16 [INFO] scanner - ✅ Validações OK [ETH/USDT]: Score=7.3, R:R=2.00
2026-07-22 14:10:16 [INFO] scanner - ⏸️  Throttle ativo [ETH/USDT]:
2026-07-22 14:10:16 [INFO] scanner -    ├─ Último alerta há 167.8 minutos
2026-07-22 14:10:16 [INFO] scanner -    ├─ Tempo mínimo: 1800 minutos
2026-07-22 14:10:16 [INFO] scanner -    └─ Próximo permitido em: 1632.2 minutos
2026-07-22 15:20:23 [INFO] scanner - ============================================================
2026-07-22 15:20:23 [INFO] scanner - 🚀 SCANNER INICIADO
2026-07-22 15:20:23 [INFO] scanner - 📅 Data/Hora: 22/07/2026 15:20:23
2026-07-22 15:20:23 [INFO] scanner - 📂 Log: logs/scanner_2026-07-22.log
2026-07-22 15:20:23 [INFO] scanner - ============================================================
2026-07-22 15:20:23 [INFO] scanner - 📝 PAPER MODE ATIVO - Apenas registro e análise
2026-07-22 15:20:29 [WARNING] root - Bloco de componentes falhou: cannot unpack non-iterable int object
2026-07-22 15:20:29 [INFO] scanner - ✅ Validações OK [ETH/USDT]: Score=7.3, R:R=2.00
2026-07-22 15:20:29 [INFO] scanner - ⏸️  Throttle ativo [ETH/USDT]:
2026-07-22 15:20:29 [INFO] scanner -    ├─ Último alerta há 238.0 minutos
2026-07-22 15:20:29 [INFO] scanner -    ├─ Tempo mínimo: 1800 minutos
2026-07-22 15:20:29 [INFO] scanner -    └─ Próximo permitido em: 1562.0 minutos
2026-07-22 16:50:54 [INFO] scanner - ============================================================
2026-07-22 16:50:54 [INFO] scanner - 🚀 SCANNER INICIADO
2026-07-22 16:50:54 [INFO] scanner - 📅 Data/Hora: 22/07/2026 16:50:54
2026-07-22 16:50:54 [INFO] scanner - 📂 Log: logs/scanner_2026-07-22.log
2026-07-22 16:50:54 [INFO] scanner - ============================================================
2026-07-22 16:50:54 [INFO] scanner - 📝 PAPER MODE ATIVO - Apenas registro e análise
2026-07-22 16:51:00 [WARNING] root - Bloco de componentes falhou: cannot unpack non-iterable int object
2026-07-22 16:51:00 [INFO] scanner - ✅ Validações OK [ETH/USDT]: Score=7.3, R:R=2.00
2026-07-22 16:51:00 [INFO] scanner - ⏸️  Throttle ativo [ETH/USDT]:
2026-07-22 16:51:00 [INFO] scanner -    ├─ Último alerta há 328.5 minutos
2026-07-22 16:51:00 [INFO] scanner -    ├─ Tempo mínimo: 1800 minutos
2026-07-22 16:51:00 [INFO] scanner -    └─ Próximo permitido em: 1471.5 minutos
2026-07-22 17:55:45 [INFO] scanner - ============================================================
2026-07-22 17:55:45 [INFO] scanner - 🚀 SCANNER INICIADO
2026-07-22 17:55:45 [INFO] scanner - 📅 Data/Hora: 22/07/2026 17:55:45
2026-07-22 17:55:45 [INFO] scanner - 📂 Log: logs/scanner_2026-07-22.log
2026-07-22 17:55:45 [INFO] scanner - ============================================================
2026-07-22 17:55:45 [INFO] scanner - 📝 PAPER MODE ATIVO - Apenas registro e análise
2026-07-22 17:55:50 [WARNING] root - Bloco de componentes falhou: cannot unpack non-iterable int object
2026-07-22 17:55:50 [INFO] scanner - ✅ Validações OK [ETH/USDT]: Score=7.3, R:R=2.00
2026-07-22 17:55:50 [INFO] scanner - ⏸️  Throttle ativo [ETH/USDT]:
2026-07-22 17:55:50 [INFO] scanner -    ├─ Último alerta há 393.4 minutos
2026-07-22 17:55:50 [INFO] scanner -    ├─ Tempo mínimo: 1800 minutos
2026-07-22 17:55:50 [INFO] scanner -    └─ Próximo permitido em: 1406.6 minutos
2026-07-22 18:59:22 [INFO] scanner - ============================================================
2026-07-22 18:59:22 [INFO] scanner - 🚀 SCANNER INICIADO
2026-07-22 18:59:22 [INFO] scanner - 📅 Data/Hora: 22/07/2026 18:59:22
2026-07-22 18:59:22 [INFO] scanner - 📂 Log: logs/scanner_2026-07-22.log
2026-07-22 18:59:22 [INFO] scanner - ============================================================
2026-07-22 18:59:22 [INFO] scanner - 📝 PAPER MODE ATIVO - Apenas registro e análise
2026-07-22 18:59:27 [WARNING] root - Bloco de componentes falhou: cannot unpack non-iterable int object
2026-07-22 18:59:27 [INFO] scanner - ✅ Validações OK [ETH/USDT]: Score=7.3, R:R=2.00
2026-07-22 18:59:27 [INFO] scanner - ⏸️  Throttle ativo [ETH/USDT]:
2026-07-22 18:59:27 [INFO] scanner -    ├─ Último alerta há 457.0 minutos
2026-07-22 18:59:27 [INFO] scanner -    ├─ Tempo mínimo: 1800 minutos
2026-07-22 18:59:27 [INFO] scanner -    └─ Próximo permitido em: 1343.0 minutos
