2025-11-21 03:20:33 [INFO] scanner - ============================================================
2025-11-21 03:20:33 [INFO] scanner - 🚀 SCANNER INICIADO
2025-11-21 03:20:33 [INFO] scanner - 📅 Data/Hora: 21/11/2025 03:20:33
2025-11-21 03:20:33 [INFO] scanner - 📂 Log: logs/scanner_2025-11-21.log
2025-11-21 03:20:33 [INFO] scanner - ============================================================
2025-11-21 03:20:33 [INFO] scanner - 📝 PAPER MODE ATIVO - Apenas registro e análise
2025-11-21 03:51:13 [INFO] scanner - ============================================================
2025-11-21 03:51:13 [INFO] scanner - 🚀 SCANNER INICIADO
2025-11-21 03:51:13 [INFO] scanner - 📅 Data/Hora: 21/11/2025 03:51:13
2025-11-21 03:51:13 [INFO] scanner - 📂 Log: logs/scanner_2025-11-21.log
2025-11-21 03:51:13 [INFO] scanner - ============================================================
2025-11-21 03:51:13 [INFO] scanner - 📝 PAPER MODE ATIVO - Apenas registro e análise
2025-11-21 04:14:03 [INFO] scanner - ============================================================
2025-11-21 04:14:03 [INFO] scanner - 🚀 SCANNER INICIADO
2025-11-21 04:14:03 [INFO] scanner - 📅 Data/Hora: 21/11/2025 04:14:03
2025-11-21 04:14:03 [INFO] scanner - 📂 Log: logs/scanner_2025-11-21.log
2025-11-21 04:14:03 [INFO] scanner - ============================================================
2025-11-21 04:14:03 [INFO] scanner - 📝 PAPER MODE ATIVO - Apenas registro e análise
2025-11-21 04:31:31 [INFO] scanner - ============================================================
2025-11-21 04:31:31 [INFO] scanner - 🚀 SCANNER INICIADO
2025-11-21 04:31:31 [INFO] scanner - 📅 Data/Hora: 21/11/2025 04:31:31
2025-11-21 04:31:31 [INFO] scanner - 📂 Log: logs/scanner_2025-11-21.log
2025-11-21 04:31:31 [INFO] scanner - ============================================================
2025-11-21 04:31:31 [INFO] scanner - 📝 PAPER MODE ATIVO - Apenas registro e análise
2025-11-21 04:31:34 [WARNING] root - Bloco de componentes falhou: cannot unpack non-iterable int object
2025-11-21 04:31:34 [INFO] scanner - ✅ Validações OK [BTC/USDT]: Score=7.3, R:R=2.08
2025-11-21 04:31:34 [INFO] scanner - ⏸️  Throttle ativo [BTC/USDT]:
2025-11-21 04:31:34 [INFO] scanner -    ├─ Último alerta há 1512.3 minutos
2025-11-21 04:31:34 [INFO] scanner -    ├─ Tempo mínimo: 1800 minutos
2025-11-21 04:31:34 [INFO] scanner -    └─ Próximo permitido em: 287.7 minutos
2025-11-21 04:31:34 [WARNING] root - Bloco de componentes falhou: cannot unpack non-iterable int object
2025-11-21 04:31:34 [INFO] scanner - ✅ Validações OK [BTC/USDT]: Score=7.3, R:R=2.08
2025-11-21 04:31:34 [INFO] scanner - ⏸️  Throttle ativo [BTC/USDT]:
2025-11-21 04:31:34 [INFO] scanner -    ├─ Último alerta há 1512.3 minutos
2025-11-21 04:31:34 [INFO] scanner -    ├─ Tempo mínimo: 1800 minutos
2025-11-21 04:31:34 [INFO] scanner -    └─ Próximo permitido em: 287.7 minutos
2025-11-21 04:31:37 [WARNING] root - Bloco de componentes falhou: cannot unpack non-iterable int object
2025-11-21 04:31:37 [INFO] scanner - ✅ Validações OK [ETH/USDT]: Score=7.3, R:R=2.00
2025-11-21 04:31:37 [INFO] scanner - ⏸️  Throttle ativo [ETH/USDT]:
2025-11-21 04:31:37 [INFO] scanner -    ├─ Último alerta há 724.9 minutos
2025-11-21 04:31:37 [INFO] scanner -    ├─ Tempo mínimo: 1800 minutos
2025-11-21 04:31:37 [INFO] scanner -    └─ Próximo permitido em: 1075.1 minutos
2025-11-21 04:31:37 [WARNING] root - Bloco de componentes falhou: cannot unpack non-iterable int object
2025-11-21 04:31:37 [INFO] scanner - ✅ Validações OK [ETH/USDT]: Score=7.3, R:R=2.00
2025-11-21 04:31:37 [INFO] scanner - ⏸️  Throttle ativo [ETH/USDT]:
2025-11-21 04:31:37 [INFO] scanner -    ├─ Último alerta há 724.9 minutos
2025-11-21 04:31:37 [INFO] scanner -    ├─ Tempo mínimo: 1800 minutos
2025-11-21 04:31:37 [INFO] scanner -    └─ Próximo permitido em: 1075.1 minutos
2025-11-21 04:48:13 [INFO] scanner - ============================================================
2025-11-21 04:48:13 [INFO] scanner - 🚀 SCANNER INICIADO
2025-11-21 04:48:13 [INFO] scanner - 📅 Data/Hora: 21/11/2025 04:48:13
2025-11-21 04:48:13 [INFO] scanner - 📂 Log: logs/scanner_2025-11-21.log
2025-11-21 04:48:13 [INFO] scanner - ============================================================
2025-11-21 04:48:13 [INFO] scanner - 📝 PAPER MODE ATIVO - Apenas registro e análise
2025-11-21 04:48:17 [WARNING] root - Bloco de componentes falhou: cannot unpack non-iterable int object
2025-11-21 04:48:17 [INFO] scanner - ✅ Validações OK [BTC/USDT]: Score=7.3, R:R=2.08
2025-11-21 04:48:17 [INFO] scanner - ⏸️  Throttle ativo [BTC/USDT]:
2025-11-21 04:48:17 [INFO] scanner -    ├─ Último alerta há 1529.0 minutos
2025-11-21 04:48:17 [INFO] scanner -    ├─ Tempo mínimo: 1800 minutos
2025-11-21 04:48:17 [INFO] scanner -    └─ Próximo permitido em: 271.0 minutos
2025-11-21 04:48:19 [WARNING] root - Bloco de componentes falhou: cannot unpack non-iterable int object
2025-11-21 04:48:19 [INFO] scanner - ✅ Validações OK [ETH/USDT]: Score=7.3, R:R=2.00
2025-11-21 04:48:19 [INFO] scanner - ⏸️  Throttle ativo [ETH/USDT]:
2025-11-21 04:48:19 [INFO] scanner -    ├─ Último alerta há 741.6 minutos
2025-11-21 04:48:19 [INFO] scanner -    ├─ Tempo mínimo: 1800 minutos
2025-11-21 04:48:19 [INFO] scanner -    └─ Próximo permitido em: 1058.4 minutos
2025-11-21 04:48:19 [WARNING] root - Bloco de componentes falhou: cannot unpack non-iterable int object
2025-11-21 04:48:19 [INFO] scanner - ✅ Validações OK [ETH/USDT]: Score=7.3, R:R=2.00
2025-11-21 04:48:19 [INFO] scanner - ⏸️  Throttle ativo [ETH/USDT]:
2025-11-21 04:48:19 [INFO] scanner -    ├─ Último alerta há 741.6 minutos
2025-11-21 04:48:19 [INFO] scanner -    ├─ Tempo mínimo: 1800 minutos
2025-11-21 04:48:19 [INFO] scanner -    └─ Próximo permitido em: 1058.4 minutos
2025-11-21 05:19:06 [INFO] scanner - ============================================================
2025-11-21 05:19:06 [INFO] scanner - 🚀 SCANNER INICIADO
2025-11-21 05:19:06 [INFO] scanner - 📅 Data/Hora: 21/11/2025 05:19:06
2025-11-21 05:19:06 [INFO] scanner - 📂 Log: logs/scanner_2025-11-21.log
2025-11-21 05:19:06 [INFO] scanner - ============================================================
2025-11-21 05:19:06 [INFO] scanner - 📝 PAPER MODE ATIVO - Apenas registro e análise
2025-11-21 05:47:19 [INFO] scanner - ============================================================
2025-11-21 05:47:19 [INFO] scanner - 🚀 SCANNER INICIADO
2025-11-21 05:47:19 [INFO] scanner - 📅 Data/Hora: 21/11/2025 05:47:19
2025-11-21 05:47:19 [INFO] scanner - 📂 Log: logs/scanner_2025-11-21.log
2025-11-21 05:47:19 [INFO] scanner - ============================================================
2025-11-21 05:47:19 [INFO] scanner - 📝 PAPER MODE ATIVO - Apenas registro e análise
2025-11-21 05:47:22 [WARNING] root - Bloco de componentes falhou: cannot unpack non-iterable int object
2025-11-21 05:47:22 [INFO] scanner - ✅ Validações OK [BTC/USDT]: Score=7.3, R:R=2.08
2025-11-21 05:47:22 [INFO] scanner - ⏸️  Throttle ativo [BTC/USDT]:
2025-11-21 05:47:22 [INFO] scanner -    ├─ Último alerta há 1588.1 minutos
2025-11-21 05:47:22 [INFO] scanner -    ├─ Tempo mínimo: 1800 minutos
2025-11-21 05:47:22 [INFO] scanner -    └─ Próximo permitido em: 211.9 minutos
2025-11-21 05:47:24 [WARNING] root - Bloco de componentes falhou: cannot unpack non-iterable int object
2025-11-21 05:47:24 [INFO] scanner - ✅ Validações OK [ETH/USDT]: Score=7.3, R:R=2.00
2025-11-21 05:47:24 [INFO] scanner - ⏸️  Throttle ativo [ETH/USDT]:
2025-11-21 05:47:24 [INFO] scanner -    ├─ Último alerta há 800.7 minutos
2025-11-21 05:47:24 [INFO] scanner -    ├─ Tempo mínimo: 1800 minutos
2025-11-21 05:47:24 [INFO] scanner -    └─ Próximo permitido em: 999.3 minutos
2025-11-21 06:14:22 [INFO] scanner - ============================================================
2025-11-21 06:14:22 [INFO] scanner - 🚀 SCANNER INICIADO
2025-11-21 06:14:22 [INFO] scanner - 📅 Data/Hora: 21/11/2025 06:14:22
2025-11-21 06:14:22 [INFO] scanner - 📂 Log: logs/scanner_2025-11-21.log
2025-11-21 06:14:22 [INFO] scanner - ============================================================
2025-11-21 06:14:22 [INFO] scanner - 📝 PAPER MODE ATIVO - Apenas registro e análise
2025-11-21 06:33:35 [INFO] scanner - ============================================================
2025-11-21 06:33:35 [INFO] scanner - 🚀 SCANNER INICIADO
2025-11-21 06:33:35 [INFO] scanner - 📅 Data/Hora: 21/11/2025 06:33:35
2025-11-21 06:33:35 [INFO] scanner - 📂 Log: logs/scanner_2025-11-21.log
2025-11-21 06:33:35 [INFO] scanner - ============================================================
2025-11-21 06:33:35 [INFO] scanner - 📝 PAPER MODE ATIVO - Apenas registro e análise
2025-11-21 06:33:38 [WARNING] root - Bloco de componentes falhou: cannot unpack non-iterable int object
2025-11-21 06:33:38 [INFO] scanner - ✅ Validações OK [BTC/USDT]: Score=7.3, R:R=2.08
2025-11-21 06:33:38 [INFO] scanner - ⏸️  Throttle ativo [BTC/USDT]:
2025-11-21 06:33:38 [INFO] scanner -    ├─ Último alerta há 1634.3 minutos
2025-11-21 06:33:38 [INFO] scanner -    ├─ Tempo mínimo: 1800 minutos
2025-11-21 06:33:38 [INFO] scanner -    └─ Próximo permitido em: 165.7 minutos
2025-11-21 06:33:38 [WARNING] root - Bloco de componentes falhou: cannot unpack non-iterable int object
2025-11-21 06:33:38 [INFO] scanner - ✅ Validações OK [BTC/USDT]: Score=7.3, R:R=2.08
2025-11-21 06:33:38 [INFO] scanner - ⏸️  Throttle ativo [BTC/USDT]:
2025-11-21 06:33:38 [INFO] scanner -    ├─ Último alerta há 1634.3 minutos
2025-11-21 06:33:38 [INFO] scanner -    ├─ Tempo mínimo: 1800 minutos
2025-11-21 06:33:38 [INFO] scanner -    └─ Próximo permitido em: 165.7 minutos
2025-11-21 06:49:15 [INFO] scanner - ============================================================
2025-11-21 06:49:15 [INFO] scanner - 🚀 SCANNER INICIADO
2025-11-21 06:49:15 [INFO] scanner - 📅 Data/Hora: 21/11/2025 06:49:15
2025-11-21 06:49:15 [INFO] scanner - 📂 Log: logs/scanner_2025-11-21.log
2025-11-21 06:49:15 [INFO] scanner - ============================================================
2025-11-21 06:49:15 [INFO] scanner - 📝 PAPER MODE ATIVO - Apenas registro e análise
2025-11-21 06:49:18 [WARNING] root - Bloco de componentes falhou: cannot unpack non-iterable int object
2025-11-21 06:49:18 [INFO] scanner - ✅ Validações OK [BTC/USDT]: Score=7.3, R:R=2.08
2025-11-21 06:49:18 [INFO] scanner - ⏸️  Throttle ativo [BTC/USDT]:
2025-11-21 06:49:18 [INFO] scanner -    ├─ Último alerta há 1650.0 minutos
2025-11-21 06:49:18 [INFO] scanner -    ├─ Tempo mínimo: 1800 minutos
2025-11-21 06:49:18 [INFO] scanner -    └─ Próximo permitido em: 150.0 minutos
2025-11-21 06:49:19 [WARNING] root - Bloco de componentes falhou: cannot unpack non-iterable int object
2025-11-21 06:49:19 [INFO] scanner - ✅ Validações OK [BTC/USDT]: Score=7.3, R:R=2.08
2025-11-21 06:49:19 [INFO] scanner - ⏸️  Throttle ativo [BTC/USDT]:
2025-11-21 06:49:19 [INFO] scanner -    ├─ Último alerta há 1650.0 minutos
2025-11-21 06:49:19 [INFO] scanner -    ├─ Tempo mínimo: 1800 minutos
2025-11-21 06:49:19 [INFO] scanner -    └─ Próximo permitido em: 150.0 minutos
2025-11-21 06:49:21 [WARNING] root - Bloco de componentes falhou: cannot unpack non-iterable int object
2025-11-21 06:49:21 [INFO] scanner - ✅ Validações OK [ETH/USDT]: Score=7.3, R:R=2.00
2025-11-21 06:49:21 [INFO] scanner - ⏸️  Throttle ativo [ETH/USDT]:
2025-11-21 06:49:21 [INFO] scanner -    ├─ Último alerta há 862.6 minutos
2025-11-21 06:49:21 [INFO] scanner -    ├─ Tempo mínimo: 1800 minutos
2025-11-21 06:49:21 [INFO] scanner -    └─ Próximo permitido em: 937.4 minutos
2025-11-21 06:49:21 [WARNING] root - Bloco de componentes falhou: cannot unpack non-iterable int object
2025-11-21 06:49:21 [INFO] scanner - ✅ Validações OK [ETH/USDT]: Score=7.3, R:R=2.00
2025-11-21 06:49:21 [INFO] scanner - ⏸️  Throttle ativo [ETH/USDT]:
2025-11-21 06:49:21 [INFO] scanner -    ├─ Último alerta há 862.6 minutos
2025-11-21 06:49:21 [INFO] scanner -    ├─ Tempo mínimo: 1800 minutos
2025-11-21 06:49:21 [INFO] scanner -    └─ Próximo permitido em: 937.4 minutos
2025-11-21 07:14:18 [INFO] scanner - ============================================================
2025-11-21 07:14:18 [INFO] scanner - 🚀 SCANNER INICIADO
2025-11-21 07:14:18 [INFO] scanner - 📅 Data/Hora: 21/11/2025 07:14:18
2025-11-21 07:14:18 [INFO] scanner - 📂 Log: logs/scanner_2025-11-21.log
2025-11-21 07:14:18 [INFO] scanner - ============================================================
2025-11-21 07:14:18 [INFO] scanner - 📝 PAPER MODE ATIVO - Apenas registro e análise
2025-11-21 07:14:21 [WARNING] root - Bloco de componentes falhou: cannot unpack non-iterable int object
2025-11-21 07:14:21 [INFO] scanner - ✅ Validações OK [BTC/USDT]: Score=7.3, R:R=2.08
2025-11-21 07:14:21 [INFO] scanner - ⏸️  Throttle ativo [BTC/USDT]:
2025-11-21 07:14:21 [INFO] scanner -    ├─ Último alerta há 1675.1 minutos
2025-11-21 07:14:21 [INFO] scanner -    ├─ Tempo mínimo: 1800 minutos
2025-11-21 07:14:21 [INFO] scanner -    └─ Próximo permitido em: 124.9 minutos
2025-11-21 07:37:05 [INFO] scanner - ============================================================
2025-11-21 07:37:05 [INFO] scanner - 🚀 SCANNER INICIADO
2025-11-21 07:37:05 [INFO] scanner - 📅 Data/Hora: 21/11/2025 07:37:05
2025-11-21 07:37:05 [INFO] scanner - 📂 Log: logs/scanner_2025-11-21.log
2025-11-21 07:37:05 [INFO] scanner - ============================================================
2025-11-21 07:37:05 [INFO] scanner - 📝 PAPER MODE ATIVO - Apenas registro e análise
2025-11-21 07:37:09 [WARNING] root - Bloco de componentes falhou: cannot unpack non-iterable int object
2025-11-21 07:37:09 [INFO] scanner - ✅ Validações OK [BTC/USDT]: Score=7.3, R:R=2.08
2025-11-21 07:37:09 [INFO] scanner - ⏸️  Throttle ativo [BTC/USDT]:
2025-11-21 07:37:09 [INFO] scanner -    ├─ Último alerta há 1697.8 minutos
2025-11-21 07:37:09 [INFO] scanner -    ├─ Tempo mínimo: 1800 minutos
2025-11-21 07:37:09 [INFO] scanner -    └─ Próximo permitido em: 102.2 minutos
2025-11-21 07:37:11 [WARNING] root - Bloco de componentes falhou: cannot unpack non-iterable int object
2025-11-21 07:37:11 [INFO] scanner - ✅ Validações OK [ETH/USDT]: Score=7.3, R:R=2.00
2025-11-21 07:37:11 [INFO] scanner - ⏸️  Throttle ativo [ETH/USDT]:
2025-11-21 07:37:11 [INFO] scanner -    ├─ Último alerta há 910.5 minutos
2025-11-21 07:37:11 [INFO] scanner -    ├─ Tempo mínimo: 1800 minutos
2025-11-21 07:37:11 [INFO] scanner -    └─ Próximo permitido em: 889.5 minutos
2025-11-21 07:37:11 [WARNING] root - Bloco de componentes falhou: cannot unpack non-iterable int object
2025-11-21 07:37:11 [INFO] scanner - ✅ Validações OK [ETH/USDT]: Score=7.3, R:R=2.00
2025-11-21 07:37:11 [INFO] scanner - ⏸️  Throttle ativo [ETH/USDT]:
2025-11-21 07:37:11 [INFO] scanner -    ├─ Último alerta há 910.5 minutos
2025-11-21 07:37:11 [INFO] scanner -    ├─ Tempo mínimo: 1800 minutos
2025-11-21 07:37:11 [INFO] scanner -    └─ Próximo permitido em: 889.5 minutos
2025-11-21 07:51:04 [INFO] scanner - ============================================================
2025-11-21 07:51:04 [INFO] scanner - 🚀 SCANNER INICIADO
2025-11-21 07:51:04 [INFO] scanner - 📅 Data/Hora: 21/11/2025 07:51:04
2025-11-21 07:51:04 [INFO] scanner - 📂 Log: logs/scanner_2025-11-21.log
2025-11-21 07:51:04 [INFO] scanner - ============================================================
2025-11-21 07:51:04 [INFO] scanner - 📝 PAPER MODE ATIVO - Apenas registro e análise
2025-11-21 07:51:08 [WARNING] root - Bloco de componentes falhou: cannot unpack non-iterable int object
2025-11-21 07:51:08 [INFO] scanner - ✅ Validações OK [BTC/USDT]: Score=7.8, R:R=2.08
2025-11-21 07:51:08 [INFO] scanner - ⏸️  Throttle ativo [BTC/USDT]:
2025-11-21 07:51:08 [INFO] scanner -    ├─ Último alerta há 1711.8 minutos
2025-11-21 07:51:08 [INFO] scanner -    ├─ Tempo mínimo: 1800 minutos
2025-11-21 07:51:08 [INFO] scanner -    └─ Próximo permitido em: 88.2 minutos
2025-11-21 07:51:10 [WARNING] root - Bloco de componentes falhou: cannot unpack non-iterable int object
2025-11-21 07:51:10 [INFO] scanner - ✅ Validações OK [ETH/USDT]: Score=7.3, R:R=2.00
2025-11-21 07:51:10 [INFO] scanner - ⏸️  Throttle ativo [ETH/USDT]:
2025-11-21 07:51:10 [INFO] scanner -    ├─ Último alerta há 924.4 minutos
2025-11-21 07:51:10 [INFO] scanner -    ├─ Tempo mínimo: 1800 minutos
2025-11-21 07:51:10 [INFO] scanner -    └─ Próximo permitido em: 875.6 minutos
2025-11-21 07:51:10 [WARNING] root - Bloco de componentes falhou: cannot unpack non-iterable int object
2025-11-21 07:51:10 [INFO] scanner - ✅ Validações OK [ETH/USDT]: Score=7.3, R:R=2.00
2025-11-21 07:51:10 [INFO] scanner - ⏸️  Throttle ativo [ETH/USDT]:
2025-11-21 07:51:10 [INFO] scanner -    ├─ Último alerta há 924.4 minutos
2025-11-21 07:51:10 [INFO] scanner -    ├─ Tempo mínimo: 1800 minutos
2025-11-21 07:51:10 [INFO] scanner -    └─ Próximo permitido em: 875.6 minutos
2025-11-21 08:11:35 [INFO] scanner - ============================================================
2025-11-21 08:11:35 [INFO] scanner - 🚀 SCANNER INICIADO
2025-11-21 08:11:35 [INFO] scanner - 📅 Data/Hora: 21/11/2025 08:11:35
2025-11-21 08:11:35 [INFO] scanner - 📂 Log: logs/scanner_2025-11-21.log
2025-11-21 08:11:35 [INFO] scanner - ============================================================
2025-11-21 08:11:35 [INFO] scanner - 📝 PAPER MODE ATIVO - Apenas registro e análise
2025-11-21 08:27:08 [INFO] scanner - ============================================================
2025-11-21 08:27:08 [INFO] scanner - 🚀 SCANNER INICIADO
2025-11-21 08:27:08 [INFO] scanner - 📅 Data/Hora: 21/11/2025 08:27:08
2025-11-21 08:27:08 [INFO] scanner - 📂 Log: logs/scanner_2025-11-21.log
2025-11-21 08:27:08 [INFO] scanner - ============================================================
2025-11-21 08:27:08 [INFO] scanner - 📝 PAPER MODE ATIVO - Apenas registro e análise
2025-11-21 08:36:38 [INFO] scanner - ============================================================
2025-11-21 08:36:38 [INFO] scanner - 🚀 SCANNER INICIADO
2025-11-21 08:36:38 [INFO] scanner - 📅 Data/Hora: 21/11/2025 08:36:38
2025-11-21 08:36:38 [INFO] scanner - 📂 Log: logs/scanner_2025-11-21.log
2025-11-21 08:36:38 [INFO] scanner - ============================================================
2025-11-21 08:36:38 [INFO] scanner - 📝 PAPER MODE ATIVO - Apenas registro e análise
2025-11-21 08:48:00 [INFO] scanner - ============================================================
2025-11-21 08:48:00 [INFO] scanner - 🚀 SCANNER INICIADO
2025-11-21 08:48:00 [INFO] scanner - 📅 Data/Hora: 21/11/2025 08:48:00
2025-11-21 08:48:00 [INFO] scanner - 📂 Log: logs/scanner_2025-11-21.log
2025-11-21 08:48:00 [INFO] scanner - ============================================================
2025-11-21 08:48:00 [INFO] scanner - 📝 PAPER MODE ATIVO - Apenas registro e análise
2025-11-21 08:48:04 [WARNING] root - Bloco de componentes falhou: cannot unpack non-iterable int object
2025-11-21 08:48:04 [INFO] scanner - ✅ Validações OK [BTC/USDT]: Score=7.3, R:R=2.08
2025-11-21 08:48:04 [INFO] scanner - ⏸️  Throttle ativo [BTC/USDT]:
2025-11-21 08:48:04 [INFO] scanner -    ├─ Último alerta há 1768.8 minutos
2025-11-21 08:48:04 [INFO] scanner -    ├─ Tempo mínimo: 1800 minutos
2025-11-21 08:48:04 [INFO] scanner -    └─ Próximo permitido em: 31.2 minutos
2025-11-21 09:24:56 [INFO] scanner - ============================================================
2025-11-21 09:24:56 [INFO] scanner - 🚀 SCANNER INICIADO
2025-11-21 09:24:56 [INFO] scanner - 📅 Data/Hora: 21/11/2025 09:24:56
2025-11-21 09:24:56 [INFO] scanner - 📂 Log: logs/scanner_2025-11-21.log
2025-11-21 09:24:56 [INFO] scanner - ============================================================
2025-11-21 09:24:56 [INFO] scanner - 📝 PAPER MODE ATIVO - Apenas registro e análise
2025-11-21 09:24:59 [WARNING] root - Bloco de componentes falhou: cannot unpack non-iterable int object
2025-11-21 09:24:59 [INFO] scanner - ✅ Validações OK [BTC/USDT]: Score=7.3, R:R=2.08
2025-11-21 09:24:59 [INFO] scanner - ✅ Throttle OK [BTC/USDT]: Pode enviar
2025-11-21 09:25:00 [WARNING] root - Bloco de componentes falhou: cannot unpack non-iterable int object
2025-11-21 09:25:00 [INFO] scanner - ✅ Validações OK [BTC/USDT]: Score=7.3, R:R=2.08
2025-11-21 09:25:00 [INFO] scanner - ⏸️  Throttle ativo [BTC/USDT]:
2025-11-21 09:25:00 [INFO] scanner -    ├─ Último alerta há 0.0 minutos
2025-11-21 09:25:00 [INFO] scanner -    ├─ Tempo mínimo: 1800 minutos
2025-11-21 09:25:00 [INFO] scanner -    └─ Próximo permitido em: 1800.0 minutos
2025-11-21 10:04:03 [INFO] scanner - ============================================================
2025-11-21 10:04:03 [INFO] scanner - 🚀 SCANNER INICIADO
2025-11-21 10:04:03 [INFO] scanner - 📅 Data/Hora: 21/11/2025 10:04:03
2025-11-21 10:04:03 [INFO] scanner - 📂 Log: logs/scanner_2025-11-21.log
2025-11-21 10:04:03 [INFO] scanner - ============================================================
2025-11-21 10:04:03 [INFO] scanner - 📝 PAPER MODE ATIVO - Apenas registro e análise
2025-11-21 10:04:06 [WARNING] root - Bloco de componentes falhou: cannot unpack non-iterable int object
2025-11-21 10:04:06 [INFO] scanner - ✅ Validações OK [BTC/USDT]: Score=8.3, R:R=2.08
2025-11-21 10:04:06 [INFO] scanner - ⏸️  Throttle ativo [BTC/USDT]:
2025-11-21 10:04:06 [INFO] scanner -    ├─ Último alerta há 39.1 minutos
2025-11-21 10:04:06 [INFO] scanner -    ├─ Tempo mínimo: 1800 minutos
2025-11-21 10:04:06 [INFO] scanner -    └─ Próximo permitido em: 1760.9 minutos
2025-11-21 10:04:08 [WARNING] root - Bloco de componentes falhou: cannot unpack non-iterable int object
2025-11-21 10:04:08 [INFO] scanner - ✅ Validações OK [ETH/USDT]: Score=8.3, R:R=2.00
2025-11-21 10:04:08 [INFO] scanner - ⏸️  Throttle ativo [ETH/USDT]:
2025-11-21 10:04:08 [INFO] scanner -    ├─ Último alerta há 1057.4 minutos
2025-11-21 10:04:08 [INFO] scanner -    ├─ Tempo mínimo: 1800 minutos
2025-11-21 10:04:08 [INFO] scanner -    └─ Próximo permitido em: 742.6 minutos
2025-11-21 10:37:30 [INFO] scanner - ============================================================
2025-11-21 10:37:30 [INFO] scanner - 🚀 SCANNER INICIADO
2025-11-21 10:37:30 [INFO] scanner - 📅 Data/Hora: 21/11/2025 10:37:30
2025-11-21 10:37:30 [INFO] scanner - 📂 Log: logs/scanner_2025-11-21.log
2025-11-21 10:37:30 [INFO] scanner - ============================================================
2025-11-21 10:37:30 [INFO] scanner - 📝 PAPER MODE ATIVO - Apenas registro e análise
2025-11-21 10:37:33 [WARNING] root - Bloco de componentes falhou: cannot unpack non-iterable int object
2025-11-21 10:37:33 [INFO] scanner - ✅ Validações OK [BTC/USDT]: Score=8.3, R:R=2.08
2025-11-21 10:37:33 [INFO] scanner - ⏸️  Throttle ativo [BTC/USDT]:
2025-11-21 10:37:33 [INFO] scanner -    ├─ Último alerta há 72.6 minutos
2025-11-21 10:37:33 [INFO] scanner -    ├─ Tempo mínimo: 1800 minutos
2025-11-21 10:37:33 [INFO] scanner -    └─ Próximo permitido em: 1727.4 minutos
2025-11-21 10:37:34 [WARNING] root - Bloco de componentes falhou: cannot unpack non-iterable int object
2025-11-21 10:37:34 [INFO] scanner - ✅ Validações OK [BTC/USDT]: Score=7.3, R:R=2.08
2025-11-21 10:37:34 [INFO] scanner - ⏸️  Throttle ativo [BTC/USDT]:
2025-11-21 10:37:34 [INFO] scanner -    ├─ Último alerta há 72.6 minutos
2025-11-21 10:37:34 [INFO] scanner -    ├─ Tempo mínimo: 1800 minutos
2025-11-21 10:37:34 [INFO] scanner -    └─ Próximo permitido em: 1727.4 minutos
2025-11-21 10:37:34 [WARNING] root - Bloco de componentes falhou: cannot unpack non-iterable int object
2025-11-21 10:37:34 [INFO] scanner - ✅ Validações OK [BTC/USDT]: Score=7.3, R:R=2.08
2025-11-21 10:37:34 [INFO] scanner - ⏸️  Throttle ativo [BTC/USDT]:
2025-11-21 10:37:34 [INFO] scanner -    ├─ Último alerta há 72.6 minutos
2025-11-21 10:37:34 [INFO] scanner -    ├─ Tempo mínimo: 1800 minutos
2025-11-21 10:37:34 [INFO] scanner -    └─ Próximo permitido em: 1727.4 minutos
2025-11-21 10:37:36 [WARNING] root - Bloco de componentes falhou: cannot unpack non-iterable int object
2025-11-21 10:37:36 [INFO] scanner - ✅ Validações OK [ETH/USDT]: Score=8.3, R:R=2.00
2025-11-21 10:37:36 [INFO] scanner - ⏸️  Throttle ativo [ETH/USDT]:
2025-11-21 10:37:36 [INFO] scanner -    ├─ Último alerta há 1090.9 minutos
2025-11-21 10:37:36 [INFO] scanner -    ├─ Tempo mínimo: 1800 minutos
2025-11-21 10:37:36 [INFO] scanner -    └─ Próximo permitido em: 709.1 minutos
2025-11-21 10:37:36 [WARNING] root - Bloco de componentes falhou: cannot unpack non-iterable int object
2025-11-21 10:37:36 [INFO] scanner - ✅ Validações OK [ETH/USDT]: Score=7.3, R:R=2.00
2025-11-21 10:37:36 [INFO] scanner - ⏸️  Throttle ativo [ETH/USDT]:
2025-11-21 10:37:36 [INFO] scanner -    ├─ Último alerta há 1090.9 minutos
2025-11-21 10:37:36 [INFO] scanner -    ├─ Tempo mínimo: 1800 minutos
2025-11-21 10:37:36 [INFO] scanner -    └─ Próximo permitido em: 709.1 minutos
2025-11-21 10:49:31 [INFO] scanner - ============================================================
2025-11-21 10:49:31 [INFO] scanner - 🚀 SCANNER INICIADO
2025-11-21 10:49:31 [INFO] scanner - 📅 Data/Hora: 21/11/2025 10:49:31
2025-11-21 10:49:31 [INFO] scanner - 📂 Log: logs/scanner_2025-11-21.log
2025-11-21 10:49:31 [INFO] scanner - ============================================================
2025-11-21 10:49:31 [INFO] scanner - 📝 PAPER MODE ATIVO - Apenas registro e análise
2025-11-21 10:49:35 [WARNING] root - Bloco de componentes falhou: cannot unpack non-iterable int object
2025-11-21 10:49:35 [INFO] scanner - ✅ Validações OK [BTC/USDT]: Score=8.8, R:R=2.08
2025-11-21 10:49:35 [INFO] scanner - ⏸️  Throttle ativo [BTC/USDT]:
2025-11-21 10:49:35 [INFO] scanner -    ├─ Último alerta há 84.6 minutos
2025-11-21 10:49:35 [INFO] scanner -    ├─ Tempo mínimo: 1800 minutos
2025-11-21 10:49:35 [INFO] scanner -    └─ Próximo permitido em: 1715.4 minutos
2025-11-21 10:49:35 [WARNING] root - Bloco de componentes falhou: cannot unpack non-iterable int object
2025-11-21 10:49:35 [INFO] scanner - ✅ Validações OK [BTC/USDT]: Score=7.8, R:R=2.08
2025-11-21 10:49:35 [INFO] scanner - ⏸️  Throttle ativo [BTC/USDT]:
2025-11-21 10:49:35 [INFO] scanner -    ├─ Último alerta há 84.6 minutos
2025-11-21 10:49:35 [INFO] scanner -    ├─ Tempo mínimo: 1800 minutos
2025-11-21 10:49:35 [INFO] scanner -    └─ Próximo permitido em: 1715.4 minutos
2025-11-21 10:49:36 [WARNING] root - Bloco de componentes falhou: cannot unpack non-iterable int object
2025-11-21 10:49:36 [INFO] scanner - ✅ Validações OK [BTC/USDT]: Score=7.8, R:R=2.08
2025-11-21 10:49:36 [INFO] scanner - ⏸️  Throttle ativo [BTC/USDT]:
2025-11-21 10:49:36 [INFO] scanner -    ├─ Último alerta há 84.6 minutos
2025-11-21 10:49:36 [INFO] scanner -    ├─ Tempo mínimo: 1800 minutos
2025-11-21 10:49:36 [INFO] scanner -    └─ Próximo permitido em: 1715.4 minutos
2025-11-21 10:49:38 [WARNING] root - Bloco de componentes falhou: cannot unpack non-iterable int object
2025-11-21 10:49:38 [INFO] scanner - ✅ Validações OK [ETH/USDT]: Score=8.3, R:R=2.00
2025-11-21 10:49:38 [INFO] scanner - ⏸️  Throttle ativo [ETH/USDT]:
2025-11-21 10:49:38 [INFO] scanner -    ├─ Último alerta há 1102.9 minutos
2025-11-21 10:49:38 [INFO] scanner -    ├─ Tempo mínimo: 1800 minutos
2025-11-21 10:49:38 [INFO] scanner -    └─ Próximo permitido em: 697.1 minutos
2025-11-21 10:49:38 [WARNING] root - Bloco de componentes falhou: cannot unpack non-iterable int object
2025-11-21 10:49:38 [INFO] scanner - ✅ Validações OK [ETH/USDT]: Score=7.3, R:R=2.00
2025-11-21 10:49:38 [INFO] scanner - ⏸️  Throttle ativo [ETH/USDT]:
2025-11-21 10:49:38 [INFO] scanner -    ├─ Último alerta há 1102.9 minutos
2025-11-21 10:49:38 [INFO] scanner -    ├─ Tempo mínimo: 1800 minutos
2025-11-21 10:49:38 [INFO] scanner -    └─ Próximo permitido em: 697.1 minutos
2025-11-21 11:13:14 [INFO] scanner - ============================================================
2025-11-21 11:13:14 [INFO] scanner - 🚀 SCANNER INICIADO
2025-11-21 11:13:14 [INFO] scanner - 📅 Data/Hora: 21/11/2025 11:13:14
2025-11-21 11:13:14 [INFO] scanner - 📂 Log: logs/scanner_2025-11-21.log
2025-11-21 11:13:14 [INFO] scanner - ============================================================
2025-11-21 11:13:14 [INFO] scanner - 📝 PAPER MODE ATIVO - Apenas registro e análise
2025-11-21 11:13:18 [WARNING] root - Bloco de componentes falhou: cannot unpack non-iterable int object
2025-11-21 11:13:18 [INFO] scanner - ✅ Validações OK [BTC/USDT]: Score=8.3, R:R=2.08
2025-11-21 11:13:18 [INFO] scanner - ⏸️  Throttle ativo [BTC/USDT]:
2025-11-21 11:13:18 [INFO] scanner -    ├─ Último alerta há 108.3 minutos
2025-11-21 11:13:18 [INFO] scanner -    ├─ Tempo mínimo: 1800 minutos
2025-11-21 11:13:18 [INFO] scanner -    └─ Próximo permitido em: 1691.7 minutos
2025-11-21 11:13:20 [WARNING] root - Bloco de componentes falhou: cannot unpack non-iterable int object
2025-11-21 11:13:20 [INFO] scanner - ✅ Validações OK [ETH/USDT]: Score=8.3, R:R=2.00
2025-11-21 11:13:20 [INFO] scanner - ⏸️  Throttle ativo [ETH/USDT]:
2025-11-21 11:13:20 [INFO] scanner -    ├─ Último alerta há 1126.6 minutos
2025-11-21 11:13:20 [INFO] scanner -    ├─ Tempo mínimo: 1800 minutos
2025-11-21 11:13:20 [INFO] scanner -    └─ Próximo permitido em: 673.4 minutos
2025-11-21 11:34:01 [INFO] scanner - ============================================================
2025-11-21 11:34:01 [INFO] scanner - 🚀 SCANNER INICIADO
2025-11-21 11:34:01 [INFO] scanner - 📅 Data/Hora: 21/11/2025 11:34:01
2025-11-21 11:34:01 [INFO] scanner - 📂 Log: logs/scanner_2025-11-21.log
2025-11-21 11:34:01 [INFO] scanner - ============================================================
2025-11-21 11:34:01 [INFO] scanner - 📝 PAPER MODE ATIVO - Apenas registro e análise
2025-11-21 11:34:05 [WARNING] root - Bloco de componentes falhou: cannot unpack non-iterable int object
2025-11-21 11:34:05 [INFO] scanner - ✅ Validações OK [BTC/USDT]: Score=8.3, R:R=2.08
2025-11-21 11:34:05 [INFO] scanner - ⏸️  Throttle ativo [BTC/USDT]:
2025-11-21 11:34:05 [INFO] scanner -    ├─ Último alerta há 129.1 minutos
2025-11-21 11:34:05 [INFO] scanner -    ├─ Tempo mínimo: 1800 minutos
2025-11-21 11:34:05 [INFO] scanner -    └─ Próximo permitido em: 1670.9 minutos
2025-11-21 11:34:06 [WARNING] root - Bloco de componentes falhou: cannot unpack non-iterable int object
2025-11-21 11:34:06 [INFO] scanner - ✅ Validações OK [BTC/USDT]: Score=7.3, R:R=2.08
2025-11-21 11:34:06 [INFO] scanner - ⏸️  Throttle ativo [BTC/USDT]:
2025-11-21 11:34:06 [INFO] scanner -    ├─ Último alerta há 129.1 minutos
2025-11-21 11:34:06 [INFO] scanner -    ├─ Tempo mínimo: 1800 minutos
2025-11-21 11:34:06 [INFO] scanner -    └─ Próximo permitido em: 1670.9 minutos
2025-11-21 11:34:08 [WARNING] root - Bloco de componentes falhou: cannot unpack non-iterable int object
2025-11-21 11:34:08 [INFO] scanner - ✅ Validações OK [ETH/USDT]: Score=8.3, R:R=2.00
2025-11-21 11:34:08 [INFO] scanner - ⏸️  Throttle ativo [ETH/USDT]:
2025-11-21 11:34:08 [INFO] scanner -    ├─ Último alerta há 1147.4 minutos
2025-11-21 11:34:08 [INFO] scanner -    ├─ Tempo mínimo: 1800 minutos
2025-11-21 11:34:08 [INFO] scanner -    └─ Próximo permitido em: 652.6 minutos
2025-11-21 11:50:07 [INFO] scanner - ============================================================
2025-11-21 11:50:07 [INFO] scanner - 🚀 SCANNER INICIADO
2025-11-21 11:50:07 [INFO] scanner - 📅 Data/Hora: 21/11/2025 11:50:07
2025-11-21 11:50:07 [INFO] scanner - 📂 Log: logs/scanner_2025-11-21.log
2025-11-21 11:50:07 [INFO] scanner - ============================================================
2025-11-21 11:50:07 [INFO] scanner - 📝 PAPER MODE ATIVO - Apenas registro e análise
2025-11-21 11:50:10 [WARNING] root - Bloco de componentes falhou: cannot unpack non-iterable int object
2025-11-21 11:50:10 [INFO] scanner - ✅ Validações OK [BTC/USDT]: Score=8.8, R:R=2.08
2025-11-21 11:50:10 [INFO] scanner - ⏸️  Throttle ativo [BTC/USDT]:
2025-11-21 11:50:10 [INFO] scanner -    ├─ Último alerta há 145.2 minutos
2025-11-21 11:50:10 [INFO] scanner -    ├─ Tempo mínimo: 1800 minutos
2025-11-21 11:50:10 [INFO] scanner -    └─ Próximo permitido em: 1654.8 minutos
2025-11-21 11:50:10 [WARNING] root - Bloco de componentes falhou: cannot unpack non-iterable int object
2025-11-21 11:50:10 [INFO] scanner - ✅ Validações OK [BTC/USDT]: Score=7.8, R:R=2.08
2025-11-21 11:50:10 [INFO] scanner - ⏸️  Throttle ativo [BTC/USDT]:
2025-11-21 11:50:10 [INFO] scanner -    ├─ Último alerta há 145.2 minutos
2025-11-21 11:50:10 [INFO] scanner -    ├─ Tempo mínimo: 1800 minutos
2025-11-21 11:50:10 [INFO] scanner -    └─ Próximo permitido em: 1654.8 minutos
2025-11-21 11:50:13 [WARNING] root - Bloco de componentes falhou: cannot unpack non-iterable int object
2025-11-21 11:50:13 [INFO] scanner - ✅ Validações OK [ETH/USDT]: Score=8.8, R:R=2.00
2025-11-21 11:50:13 [INFO] scanner - ⏸️  Throttle ativo [ETH/USDT]:
2025-11-21 11:50:13 [INFO] scanner -    ├─ Último alerta há 1163.5 minutos
2025-11-21 11:50:13 [INFO] scanner -    ├─ Tempo mínimo: 1800 minutos
2025-11-21 11:50:13 [INFO] scanner -    └─ Próximo permitido em: 636.5 minutos
2025-11-21 11:50:13 [WARNING] root - Bloco de componentes falhou: cannot unpack non-iterable int object
2025-11-21 11:50:13 [INFO] scanner - ✅ Validações OK [ETH/USDT]: Score=7.8, R:R=2.00
2025-11-21 11:50:13 [INFO] scanner - ⏸️  Throttle ativo [ETH/USDT]:
2025-11-21 11:50:13 [INFO] scanner -    ├─ Último alerta há 1163.5 minutos
2025-11-21 11:50:13 [INFO] scanner -    ├─ Tempo mínimo: 1800 minutos
2025-11-21 11:50:13 [INFO] scanner -    └─ Próximo permitido em: 636.5 minutos
2025-11-21 12:12:40 [INFO] scanner - ============================================================
2025-11-21 12:12:40 [INFO] scanner - 🚀 SCANNER INICIADO
2025-11-21 12:12:40 [INFO] scanner - 📅 Data/Hora: 21/11/2025 12:12:40
2025-11-21 12:12:40 [INFO] scanner - 📂 Log: logs/scanner_2025-11-21.log
2025-11-21 12:12:40 [INFO] scanner - ============================================================
2025-11-21 12:12:40 [INFO] scanner - 📝 PAPER MODE ATIVO - Apenas registro e análise
2025-11-21 12:12:44 [WARNING] root - Bloco de componentes falhou: cannot unpack non-iterable int object
2025-11-21 12:12:44 [INFO] scanner - ✅ Validações OK [BTC/USDT]: Score=8.8, R:R=2.08
2025-11-21 12:12:44 [INFO] scanner - ⏸️  Throttle ativo [BTC/USDT]:
2025-11-21 12:12:44 [INFO] scanner -    ├─ Último alerta há 167.7 minutos
2025-11-21 12:12:44 [INFO] scanner -    ├─ Tempo mínimo: 1800 minutos
2025-11-21 12:12:44 [INFO] scanner -    └─ Próximo permitido em: 1632.3 minutos
2025-11-21 12:12:46 [WARNING] root - Bloco de componentes falhou: cannot unpack non-iterable int object
2025-11-21 12:12:46 [INFO] scanner - ✅ Validações OK [ETH/USDT]: Score=8.3, R:R=2.00
2025-11-21 12:12:46 [INFO] scanner - ⏸️  Throttle ativo [ETH/USDT]:
2025-11-21 12:12:46 [INFO] scanner -    ├─ Último alerta há 1186.0 minutos
2025-11-21 12:12:46 [INFO] scanner -    ├─ Tempo mínimo: 1800 minutos
2025-11-21 12:12:46 [INFO] scanner -    └─ Próximo permitido em: 614.0 minutos
2025-11-21 12:29:06 [INFO] scanner - ============================================================
2025-11-21 12:29:06 [INFO] scanner - 🚀 SCANNER INICIADO
2025-11-21 12:29:06 [INFO] scanner - 📅 Data/Hora: 21/11/2025 12:29:06
2025-11-21 12:29:06 [INFO] scanner - 📂 Log: logs/scanner_2025-11-21.log
2025-11-21 12:29:06 [INFO] scanner - ============================================================
2025-11-21 12:29:06 [INFO] scanner - 📝 PAPER MODE ATIVO - Apenas registro e análise
2025-11-21 12:29:10 [WARNING] root - Bloco de componentes falhou: cannot unpack non-iterable int object
2025-11-21 12:29:10 [INFO] scanner - ✅ Validações OK [BTC/USDT]: Score=8.3, R:R=2.08
2025-11-21 12:29:10 [INFO] scanner - ⏸️  Throttle ativo [BTC/USDT]:
2025-11-21 12:29:10 [INFO] scanner -    ├─ Último alerta há 184.2 minutos
2025-11-21 12:29:10 [INFO] scanner -    ├─ Tempo mínimo: 1800 minutos
2025-11-21 12:29:10 [INFO] scanner -    └─ Próximo permitido em: 1615.8 minutos
2025-11-21 12:29:10 [WARNING] root - Bloco de componentes falhou: cannot unpack non-iterable int object
2025-11-21 12:29:10 [INFO] scanner - ✅ Validações OK [BTC/USDT]: Score=7.3, R:R=2.08
2025-11-21 12:29:10 [INFO] scanner - ⏸️  Throttle ativo [BTC/USDT]:
2025-11-21 12:29:10 [INFO] scanner -    ├─ Último alerta há 184.2 minutos
2025-11-21 12:29:10 [INFO] scanner -    ├─ Tempo mínimo: 1800 minutos
2025-11-21 12:29:10 [INFO] scanner -    └─ Próximo permitido em: 1615.8 minutos
2025-11-21 12:29:11 [WARNING] root - Bloco de componentes falhou: cannot unpack non-iterable int object
2025-11-21 12:29:11 [INFO] scanner - ✅ Validações OK [BTC/USDT]: Score=7.3, R:R=2.08
2025-11-21 12:29:11 [INFO] scanner - ⏸️  Throttle ativo [BTC/USDT]:
2025-11-21 12:29:11 [INFO] scanner -    ├─ Último alerta há 184.2 minutos
2025-11-21 12:29:11 [INFO] scanner -    ├─ Tempo mínimo: 1800 minutos
2025-11-21 12:29:11 [INFO] scanner -    └─ Próximo permitido em: 1615.8 minutos
2025-11-21 12:29:13 [WARNING] root - Bloco de componentes falhou: cannot unpack non-iterable int object
2025-11-21 12:29:13 [INFO] scanner - ✅ Validações OK [ETH/USDT]: Score=8.3, R:R=2.00
2025-11-21 12:29:13 [INFO] scanner - ⏸️  Throttle ativo [ETH/USDT]:
2025-11-21 12:29:13 [INFO] scanner -    ├─ Último alerta há 1202.5 minutos
2025-11-21 12:29:13 [INFO] scanner -    ├─ Tempo mínimo: 1800 minutos
2025-11-21 12:29:13 [INFO] scanner -    └─ Próximo permitido em: 597.5 minutos
2025-11-21 12:29:13 [WARNING] root - Bloco de componentes falhou: cannot unpack non-iterable int object
2025-11-21 12:29:13 [INFO] scanner - ✅ Validações OK [ETH/USDT]: Score=7.3, R:R=2.00
2025-11-21 12:29:13 [INFO] scanner - ⏸️  Throttle ativo [ETH/USDT]:
2025-11-21 12:29:13 [INFO] scanner -    ├─ Último alerta há 1202.5 minutos
2025-11-21 12:29:13 [INFO] scanner -    ├─ Tempo mínimo: 1800 minutos
2025-11-21 12:29:13 [INFO] scanner -    └─ Próximo permitido em: 597.5 minutos
2025-11-21 12:29:13 [WARNING] root - Bloco de componentes falhou: cannot unpack non-iterable int object
2025-11-21 12:29:13 [INFO] scanner - ✅ Validações OK [ETH/USDT]: Score=7.3, R:R=2.00
2025-11-21 12:29:13 [INFO] scanner - ⏸️  Throttle ativo [ETH/USDT]:
2025-11-21 12:29:13 [INFO] scanner -    ├─ Último alerta há 1202.5 minutos
2025-11-21 12:29:13 [INFO] scanner -    ├─ Tempo mínimo: 1800 minutos
2025-11-21 12:29:13 [INFO] scanner -    └─ Próximo permitido em: 597.5 minutos
2025-11-21 12:37:56 [INFO] scanner - ============================================================
2025-11-21 12:37:56 [INFO] scanner - 🚀 SCANNER INICIADO
2025-11-21 12:37:56 [INFO] scanner - 📅 Data/Hora: 21/11/2025 12:37:56
2025-11-21 12:37:56 [INFO] scanner - 📂 Log: logs/scanner_2025-11-21.log
2025-11-21 12:37:56 [INFO] scanner - ============================================================
2025-11-21 12:37:56 [INFO] scanner - 📝 PAPER MODE ATIVO - Apenas registro e análise
2025-11-21 12:38:00 [WARNING] root - Bloco de componentes falhou: cannot unpack non-iterable int object
2025-11-21 12:38:00 [INFO] scanner - ✅ Validações OK [BTC/USDT]: Score=8.8, R:R=2.08
2025-11-21 12:38:00 [INFO] scanner - ⏸️  Throttle ativo [BTC/USDT]:
2025-11-21 12:38:00 [INFO] scanner -    ├─ Último alerta há 193.0 minutos
2025-11-21 12:38:00 [INFO] scanner -    ├─ Tempo mínimo: 1800 minutos
2025-11-21 12:38:00 [INFO] scanner -    └─ Próximo permitido em: 1607.0 minutos
2025-11-21 12:38:00 [WARNING] root - Bloco de componentes falhou: cannot unpack non-iterable int object
2025-11-21 12:38:00 [INFO] scanner - ✅ Validações OK [BTC/USDT]: Score=7.8, R:R=2.08
2025-11-21 12:38:00 [INFO] scanner - ⏸️  Throttle ativo [BTC/USDT]:
2025-11-21 12:38:00 [INFO] scanner -    ├─ Último alerta há 193.0 minutos
2025-11-21 12:38:00 [INFO] scanner -    ├─ Tempo mínimo: 1800 minutos
2025-11-21 12:38:00 [INFO] scanner -    └─ Próximo permitido em: 1607.0 minutos
2025-11-21 12:38:00 [WARNING] root - Bloco de componentes falhou: cannot unpack non-iterable int object
2025-11-21 12:38:00 [INFO] scanner - ✅ Validações OK [BTC/USDT]: Score=7.8, R:R=2.08
2025-11-21 12:38:00 [INFO] scanner - ⏸️  Throttle ativo [BTC/USDT]:
2025-11-21 12:38:00 [INFO] scanner -    ├─ Último alerta há 193.0 minutos
2025-11-21 12:38:00 [INFO] scanner -    ├─ Tempo mínimo: 1800 minutos
2025-11-21 12:38:00 [INFO] scanner -    └─ Próximo permitido em: 1607.0 minutos
2025-11-21 12:38:03 [WARNING] root - Bloco de componentes falhou: cannot unpack non-iterable int object
2025-11-21 12:38:03 [INFO] scanner - ✅ Validações OK [ETH/USDT]: Score=8.3, R:R=2.00
2025-11-21 12:38:03 [INFO] scanner - ⏸️  Throttle ativo [ETH/USDT]:
2025-11-21 12:38:03 [INFO] scanner -    ├─ Último alerta há 1211.3 minutos
2025-11-21 12:38:03 [INFO] scanner -    ├─ Tempo mínimo: 1800 minutos
2025-11-21 12:38:03 [INFO] scanner -    └─ Próximo permitido em: 588.7 minutos
2025-11-21 12:38:03 [WARNING] root - Bloco de componentes falhou: cannot unpack non-iterable int object
2025-11-21 12:38:03 [INFO] scanner - ✅ Validações OK [ETH/USDT]: Score=7.3, R:R=2.00
2025-11-21 12:38:03 [INFO] scanner - ⏸️  Throttle ativo [ETH/USDT]:
2025-11-21 12:38:03 [INFO] scanner -    ├─ Último alerta há 1211.3 minutos
2025-11-21 12:38:03 [INFO] scanner -    ├─ Tempo mínimo: 1800 minutos
2025-11-21 12:38:03 [INFO] scanner -    └─ Próximo permitido em: 588.7 minutos
2025-11-21 12:38:03 [WARNING] root - Bloco de componentes falhou: cannot unpack non-iterable int object
2025-11-21 12:38:03 [INFO] scanner - ✅ Validações OK [ETH/USDT]: Score=7.3, R:R=2.00
2025-11-21 12:38:03 [INFO] scanner - ⏸️  Throttle ativo [ETH/USDT]:
2025-11-21 12:38:03 [INFO] scanner -    ├─ Último alerta há 1211.3 minutos
2025-11-21 12:38:03 [INFO] scanner -    ├─ Tempo mínimo: 1800 minutos
2025-11-21 12:38:03 [INFO] scanner -    └─ Próximo permitido em: 588.7 minutos
2025-11-21 12:48:23 [INFO] scanner - ============================================================
2025-11-21 12:48:23 [INFO] scanner - 🚀 SCANNER INICIADO
2025-11-21 12:48:23 [INFO] scanner - 📅 Data/Hora: 21/11/2025 12:48:23
2025-11-21 12:48:23 [INFO] scanner - 📂 Log: logs/scanner_2025-11-21.log
2025-11-21 12:48:23 [INFO] scanner - ============================================================
2025-11-21 12:48:23 [INFO] scanner - 📝 PAPER MODE ATIVO - Apenas registro e análise
2025-11-21 12:48:27 [WARNING] root - Bloco de componentes falhou: cannot unpack non-iterable int object
2025-11-21 12:48:27 [INFO] scanner - ✅ Validações OK [BTC/USDT]: Score=8.8, R:R=2.08
2025-11-21 12:48:27 [INFO] scanner - ⏸️  Throttle ativo [BTC/USDT]:
2025-11-21 12:48:27 [INFO] scanner -    ├─ Último alerta há 203.5 minutos
2025-11-21 12:48:27 [INFO] scanner -    ├─ Tempo mínimo: 1800 minutos
2025-11-21 12:48:27 [INFO] scanner -    └─ Próximo permitido em: 1596.5 minutos
2025-11-21 12:48:27 [WARNING] root - Bloco de componentes falhou: cannot unpack non-iterable int object
2025-11-21 12:48:27 [INFO] scanner - ✅ Validações OK [BTC/USDT]: Score=7.8, R:R=2.08
2025-11-21 12:48:27 [INFO] scanner - ⏸️  Throttle ativo [BTC/USDT]:
2025-11-21 12:48:27 [INFO] scanner -    ├─ Último alerta há 203.5 minutos
2025-11-21 12:48:27 [INFO] scanner -    ├─ Tempo mínimo: 1800 minutos
2025-11-21 12:48:27 [INFO] scanner -    └─ Próximo permitido em: 1596.5 minutos
2025-11-21 12:48:27 [WARNING] root - Bloco de componentes falhou: cannot unpack non-iterable int object
2025-11-21 12:48:27 [INFO] scanner - ✅ Validações OK [BTC/USDT]: Score=7.8, R:R=2.08
2025-11-21 12:48:27 [INFO] scanner - ⏸️  Throttle ativo [BTC/USDT]:
2025-11-21 12:48:27 [INFO] scanner -    ├─ Último alerta há 203.5 minutos
2025-11-21 12:48:27 [INFO] scanner -    ├─ Tempo mínimo: 1800 minutos
2025-11-21 12:48:27 [INFO] scanner -    └─ Próximo permitido em: 1596.5 minutos
2025-11-21 12:48:30 [WARNING] root - Bloco de componentes falhou: cannot unpack non-iterable int object
2025-11-21 12:48:30 [INFO] scanner - ✅ Validações OK [ETH/USDT]: Score=8.3, R:R=2.00
2025-11-21 12:48:30 [INFO] scanner - ⏸️  Throttle ativo [ETH/USDT]:
2025-11-21 12:48:30 [INFO] scanner -    ├─ Último alerta há 1221.8 minutos
2025-11-21 12:48:30 [INFO] scanner -    ├─ Tempo mínimo: 1800 minutos
2025-11-21 12:48:30 [INFO] scanner -    └─ Próximo permitido em: 578.2 minutos
2025-11-21 12:48:30 [WARNING] root - Bloco de componentes falhou: cannot unpack non-iterable int object
2025-11-21 12:48:30 [INFO] scanner - ✅ Validações OK [ETH/USDT]: Score=7.3, R:R=2.00
2025-11-21 12:48:30 [INFO] scanner - ⏸️  Throttle ativo [ETH/USDT]:
2025-11-21 12:48:30 [INFO] scanner -    ├─ Último alerta há 1221.8 minutos
2025-11-21 12:48:30 [INFO] scanner -    ├─ Tempo mínimo: 1800 minutos
2025-11-21 12:48:30 [INFO] scanner -    └─ Próximo permitido em: 578.2 minutos
2025-11-21 12:48:30 [WARNING] root - Bloco de componentes falhou: cannot unpack non-iterable int object
2025-11-21 12:48:30 [INFO] scanner - ✅ Validações OK [ETH/USDT]: Score=7.3, R:R=2.00
2025-11-21 12:48:30 [INFO] scanner - ⏸️  Throttle ativo [ETH/USDT]:
2025-11-21 12:48:30 [INFO] scanner -    ├─ Último alerta há 1221.8 minutos
2025-11-21 12:48:30 [INFO] scanner -    ├─ Tempo mínimo: 1800 minutos
2025-11-21 12:48:30 [INFO] scanner -    └─ Próximo permitido em: 578.2 minutos
2025-11-21 13:16:35 [INFO] scanner - ============================================================
2025-11-21 13:16:35 [INFO] scanner - 🚀 SCANNER INICIADO
2025-11-21 13:16:35 [INFO] scanner - 📅 Data/Hora: 21/11/2025 13:16:35
2025-11-21 13:16:35 [INFO] scanner - 📂 Log: logs/scanner_2025-11-21.log
2025-11-21 13:16:35 [INFO] scanner - ============================================================
2025-11-21 13:16:35 [INFO] scanner - 📝 PAPER MODE ATIVO - Apenas registro e análise
2025-11-21 13:16:38 [WARNING] root - Bloco de componentes falhou: cannot unpack non-iterable int object
2025-11-21 13:16:38 [INFO] scanner - ✅ Validações OK [BTC/USDT]: Score=8.3, R:R=2.08
2025-11-21 13:16:38 [INFO] scanner - ⏸️  Throttle ativo [BTC/USDT]:
2025-11-21 13:16:38 [INFO] scanner -    ├─ Último alerta há 231.7 minutos
2025-11-21 13:16:38 [INFO] scanner -    ├─ Tempo mínimo: 1800 minutos
2025-11-21 13:16:38 [INFO] scanner -    └─ Próximo permitido em: 1568.3 minutos
2025-11-21 13:16:40 [WARNING] root - Bloco de componentes falhou: cannot unpack non-iterable int object
2025-11-21 13:16:40 [INFO] scanner - ✅ Validações OK [ETH/USDT]: Score=8.3, R:R=2.00
2025-11-21 13:16:40 [INFO] scanner - ⏸️  Throttle ativo [ETH/USDT]:
2025-11-21 13:16:40 [INFO] scanner -    ├─ Último alerta há 1249.9 minutos
2025-11-21 13:16:40 [INFO] scanner -    ├─ Tempo mínimo: 1800 minutos
2025-11-21 13:16:40 [INFO] scanner -    └─ Próximo permitido em: 550.1 minutos
2025-11-21 13:43:38 [INFO] scanner - ============================================================
2025-11-21 13:43:38 [INFO] scanner - 🚀 SCANNER INICIADO
2025-11-21 13:43:38 [INFO] scanner - 📅 Data/Hora: 21/11/2025 13:43:38
2025-11-21 13:43:38 [INFO] scanner - 📂 Log: logs/scanner_2025-11-21.log
2025-11-21 13:43:38 [INFO] scanner - ============================================================
2025-11-21 13:43:38 [INFO] scanner - 📝 PAPER MODE ATIVO - Apenas registro e análise
2025-11-21 13:43:41 [WARNING] root - Bloco de componentes falhou: cannot unpack non-iterable int object
2025-11-21 13:43:41 [INFO] scanner - ✅ Validações OK [BTC/USDT]: Score=7.3, R:R=2.08
2025-11-21 13:43:41 [INFO] scanner - ⏸️  Throttle ativo [BTC/USDT]:
2025-11-21 13:43:41 [INFO] scanner -    ├─ Último alerta há 258.7 minutos
2025-11-21 13:43:41 [INFO] scanner -    ├─ Tempo mínimo: 1800 minutos
2025-11-21 13:43:41 [INFO] scanner -    └─ Próximo permitido em: 1541.3 minutos
2025-11-21 13:43:42 [WARNING] root - Bloco de componentes falhou: cannot unpack non-iterable int object
2025-11-21 13:43:42 [INFO] scanner - ✅ Validações OK [BTC/USDT]: Score=7.3, R:R=2.08
2025-11-21 13:43:42 [INFO] scanner - ⏸️  Throttle ativo [BTC/USDT]:
2025-11-21 13:43:42 [INFO] scanner -    ├─ Último alerta há 258.7 minutos
2025-11-21 13:43:42 [INFO] scanner -    ├─ Tempo mínimo: 1800 minutos
2025-11-21 13:43:42 [INFO] scanner -    └─ Próximo permitido em: 1541.3 minutos
2025-11-21 13:43:44 [WARNING] root - Bloco de componentes falhou: cannot unpack non-iterable int object
2025-11-21 13:43:44 [INFO] scanner - ✅ Validações OK [ETH/USDT]: Score=7.3, R:R=2.00
2025-11-21 13:43:44 [INFO] scanner - ⏸️  Throttle ativo [ETH/USDT]:
2025-11-21 13:43:44 [INFO] scanner -    ├─ Último alerta há 1277.0 minutos
2025-11-21 13:43:44 [INFO] scanner -    ├─ Tempo mínimo: 1800 minutos
2025-11-21 13:43:44 [INFO] scanner -    └─ Próximo permitido em: 523.0 minutos
2025-11-21 13:43:44 [WARNING] root - Bloco de componentes falhou: cannot unpack non-iterable int object
2025-11-21 13:43:44 [INFO] scanner - ✅ Validações OK [ETH/USDT]: Score=7.3, R:R=2.00
2025-11-21 13:43:44 [INFO] scanner - ⏸️  Throttle ativo [ETH/USDT]:
2025-11-21 13:43:44 [INFO] scanner -    ├─ Último alerta há 1277.0 minutos
2025-11-21 13:43:44 [INFO] scanner -    ├─ Tempo mínimo: 1800 minutos
2025-11-21 13:43:44 [INFO] scanner -    └─ Próximo permitido em: 523.0 minutos
2025-11-21 13:54:12 [INFO] scanner - ============================================================
2025-11-21 13:54:12 [INFO] scanner - 🚀 SCANNER INICIADO
2025-11-21 13:54:12 [INFO] scanner - 📅 Data/Hora: 21/11/2025 13:54:12
2025-11-21 13:54:12 [INFO] scanner - 📂 Log: logs/scanner_2025-11-21.log
2025-11-21 13:54:12 [INFO] scanner - ============================================================
2025-11-21 13:54:12 [INFO] scanner - 📝 PAPER MODE ATIVO - Apenas registro e análise
2025-11-21 13:54:16 [WARNING] root - Bloco de componentes falhou: cannot unpack non-iterable int object
2025-11-21 13:54:16 [INFO] scanner - ✅ Validações OK [BTC/USDT]: Score=7.8, R:R=2.08
2025-11-21 13:54:16 [INFO] scanner - ⏸️  Throttle ativo [BTC/USDT]:
2025-11-21 13:54:16 [INFO] scanner -    ├─ Último alerta há 269.3 minutos
2025-11-21 13:54:16 [INFO] scanner -    ├─ Tempo mínimo: 1800 minutos
2025-11-21 13:54:16 [INFO] scanner -    └─ Próximo permitido em: 1530.7 minutos
2025-11-21 13:54:16 [WARNING] root - Bloco de componentes falhou: cannot unpack non-iterable int object
2025-11-21 13:54:16 [INFO] scanner - ✅ Validações OK [BTC/USDT]: Score=7.8, R:R=2.08
2025-11-21 13:54:16 [INFO] scanner - ⏸️  Throttle ativo [BTC/USDT]:
2025-11-21 13:54:16 [INFO] scanner -    ├─ Último alerta há 269.3 minutos
2025-11-21 13:54:16 [INFO] scanner -    ├─ Tempo mínimo: 1800 minutos
2025-11-21 13:54:16 [INFO] scanner -    └─ Próximo permitido em: 1530.7 minutos
2025-11-21 13:54:18 [WARNING] root - Bloco de componentes falhou: cannot unpack non-iterable int object
2025-11-21 13:54:18 [INFO] scanner - ✅ Validações OK [ETH/USDT]: Score=7.3, R:R=2.00
2025-11-21 13:54:18 [INFO] scanner - ⏸️  Throttle ativo [ETH/USDT]:
2025-11-21 13:54:18 [INFO] scanner -    ├─ Último alerta há 1287.6 minutos
2025-11-21 13:54:18 [INFO] scanner -    ├─ Tempo mínimo: 1800 minutos
2025-11-21 13:54:18 [INFO] scanner -    └─ Próximo permitido em: 512.4 minutos
2025-11-21 13:54:19 [WARNING] root - Bloco de componentes falhou: cannot unpack non-iterable int object
2025-11-21 13:54:19 [INFO] scanner - ✅ Validações OK [ETH/USDT]: Score=7.3, R:R=2.00
2025-11-21 13:54:19 [INFO] scanner - ⏸️  Throttle ativo [ETH/USDT]:
2025-11-21 13:54:19 [INFO] scanner -    ├─ Último alerta há 1287.6 minutos
2025-11-21 13:54:19 [INFO] scanner -    ├─ Tempo mínimo: 1800 minutos
2025-11-21 13:54:19 [INFO] scanner -    └─ Próximo permitido em: 512.4 minutos
2025-11-21 14:11:42 [INFO] scanner - ============================================================
2025-11-21 14:11:42 [INFO] scanner - 🚀 SCANNER INICIADO
2025-11-21 14:11:42 [INFO] scanner - 📅 Data/Hora: 21/11/2025 14:11:42
2025-11-21 14:11:42 [INFO] scanner - 📂 Log: logs/scanner_2025-11-21.log
2025-11-21 14:11:42 [INFO] scanner - ============================================================
2025-11-21 14:11:42 [INFO] scanner - 📝 PAPER MODE ATIVO - Apenas registro e análise
2025-11-21 14:30:43 [INFO] scanner - ============================================================
2025-11-21 14:30:43 [INFO] scanner - 🚀 SCANNER INICIADO
2025-11-21 14:30:43 [INFO] scanner - 📅 Data/Hora: 21/11/2025 14:30:43
2025-11-21 14:30:43 [INFO] scanner - 📂 Log: logs/scanner_2025-11-21.log
2025-11-21 14:30:43 [INFO] scanner - ============================================================
2025-11-21 14:30:43 [INFO] scanner - 📝 PAPER MODE ATIVO - Apenas registro e análise
2025-11-21 14:30:47 [WARNING] root - Bloco de componentes falhou: cannot unpack non-iterable int object
2025-11-21 14:30:47 [INFO] scanner - ✅ Validações OK [BTC/USDT]: Score=7.3, R:R=2.08
2025-11-21 14:30:47 [INFO] scanner - ⏸️  Throttle ativo [BTC/USDT]:
2025-11-21 14:30:47 [INFO] scanner -    ├─ Último alerta há 305.8 minutos
2025-11-21 14:30:47 [INFO] scanner -    ├─ Tempo mínimo: 1800 minutos
2025-11-21 14:30:47 [INFO] scanner -    └─ Próximo permitido em: 1494.2 minutos
2025-11-21 14:30:48 [WARNING] root - Bloco de componentes falhou: cannot unpack non-iterable int object
2025-11-21 14:30:48 [INFO] scanner - ✅ Validações OK [BTC/USDT]: Score=7.3, R:R=2.08
2025-11-21 14:30:48 [INFO] scanner - ⏸️  Throttle ativo [BTC/USDT]:
2025-11-21 14:30:48 [INFO] scanner -    ├─ Último alerta há 305.8 minutos
2025-11-21 14:30:48 [INFO] scanner -    ├─ Tempo mínimo: 1800 minutos
2025-11-21 14:30:48 [INFO] scanner -    └─ Próximo permitido em: 1494.2 minutos
2025-11-21 14:48:16 [INFO] scanner - ============================================================
2025-11-21 14:48:16 [INFO] scanner - 🚀 SCANNER INICIADO
2025-11-21 14:48:16 [INFO] scanner - 📅 Data/Hora: 21/11/2025 14:48:16
2025-11-21 14:48:16 [INFO] scanner - 📂 Log: logs/scanner_2025-11-21.log
2025-11-21 14:48:16 [INFO] scanner - ============================================================
2025-11-21 14:48:16 [INFO] scanner - 📝 PAPER MODE ATIVO - Apenas registro e análise
2025-11-21 14:48:20 [WARNING] root - Bloco de componentes falhou: cannot unpack non-iterable int object
2025-11-21 14:48:20 [INFO] scanner - ✅ Validações OK [BTC/USDT]: Score=7.8, R:R=2.08
2025-11-21 14:48:20 [INFO] scanner - ⏸️  Throttle ativo [BTC/USDT]:
2025-11-21 14:48:20 [INFO] scanner -    ├─ Último alerta há 323.4 minutos
2025-11-21 14:48:20 [INFO] scanner -    ├─ Tempo mínimo: 1800 minutos
2025-11-21 14:48:20 [INFO] scanner -    └─ Próximo permitido em: 1476.6 minutos
2025-11-21 14:48:22 [WARNING] root - Bloco de componentes falhou: cannot unpack non-iterable int object
2025-11-21 14:48:22 [INFO] scanner - ✅ Validações OK [ETH/USDT]: Score=7.3, R:R=2.00
2025-11-21 14:48:22 [INFO] scanner - ⏸️  Throttle ativo [ETH/USDT]:
2025-11-21 14:48:22 [INFO] scanner -    ├─ Último alerta há 1341.6 minutos
2025-11-21 14:48:22 [INFO] scanner -    ├─ Tempo mínimo: 1800 minutos
2025-11-21 14:48:22 [INFO] scanner -    └─ Próximo permitido em: 458.4 minutos
2025-11-21 14:48:23 [WARNING] root - Bloco de componentes falhou: cannot unpack non-iterable int object
2025-11-21 14:48:23 [INFO] scanner - ✅ Validações OK [ETH/USDT]: Score=7.3, R:R=2.00
2025-11-21 14:48:23 [INFO] scanner - ⏸️  Throttle ativo [ETH/USDT]:
2025-11-21 14:48:23 [INFO] scanner -    ├─ Último alerta há 1341.7 minutos
2025-11-21 14:48:23 [INFO] scanner -    ├─ Tempo mínimo: 1800 minutos
2025-11-21 14:48:23 [INFO] scanner -    └─ Próximo permitido em: 458.3 minutos
