2026-04-26 04:17:48 [INFO] scanner - ============================================================
2026-04-26 04:17:48 [INFO] scanner - 🚀 SCANNER INICIADO
2026-04-26 04:17:48 [INFO] scanner - 📅 Data/Hora: 26/04/2026 04:17:48
2026-04-26 04:17:48 [INFO] scanner - 📂 Log: logs/scanner_2026-04-26.log
2026-04-26 04:17:48 [INFO] scanner - ============================================================
2026-04-26 04:17:48 [INFO] scanner - 📝 PAPER MODE ATIVO - Apenas registro e análise
2026-04-26 04:17:51 [WARNING] root - Bloco de componentes falhou: cannot unpack non-iterable int object
2026-04-26 04:17:51 [INFO] scanner - ✅ Validações OK [BTC/USDT]: Score=7.0, R:R=2.08
2026-04-26 04:17:51 [INFO] scanner - ⏸️  Throttle ativo [BTC/USDT]:
2026-04-26 04:17:51 [INFO] scanner -    ├─ Último alerta há 1165.6 minutos
2026-04-26 04:17:51 [INFO] scanner -    ├─ Tempo mínimo: 1800 minutos
2026-04-26 04:17:51 [INFO] scanner -    └─ Próximo permitido em: 634.4 minutos
2026-04-26 04:17:53 [WARNING] root - Bloco de componentes falhou: cannot unpack non-iterable int object
2026-04-26 04:17:53 [INFO] scanner - ✅ Validações OK [ETH/USDT]: Score=7.0, R:R=2.00
2026-04-26 04:17:53 [INFO] scanner - ✅ Throttle OK [ETH/USDT]: Pode enviar
2026-04-26 04:17:54 [INFO] scanner - 📝 Sinal no ledger: 20260426_041754_384078 - ETH/USDT
2026-04-26 04:17:54 [INFO] scanner - 📨 Alerta enviado | ID Ledger: 20260426_041754_384078
2026-04-26 05:41:54 [INFO] scanner - ============================================================
2026-04-26 05:41:54 [INFO] scanner - 🚀 SCANNER INICIADO
2026-04-26 05:41:54 [INFO] scanner - 📅 Data/Hora: 26/04/2026 05:41:54
2026-04-26 05:41:54 [INFO] scanner - 📂 Log: logs/scanner_2026-04-26.log
2026-04-26 05:41:54 [INFO] scanner - ============================================================
2026-04-26 05:41:54 [INFO] scanner - 📝 PAPER MODE ATIVO - Apenas registro e análise
2026-04-26 05:41:57 [WARNING] root - Bloco de componentes falhou: cannot unpack non-iterable int object
2026-04-26 05:41:57 [INFO] scanner - ✅ Validações OK [BTC/USDT]: Score=7.0, R:R=2.08
2026-04-26 05:41:57 [INFO] scanner - ⏸️  Throttle ativo [BTC/USDT]:
2026-04-26 05:41:57 [INFO] scanner -    ├─ Último alerta há 1249.7 minutos
2026-04-26 05:41:57 [INFO] scanner -    ├─ Tempo mínimo: 1800 minutos
2026-04-26 05:41:57 [INFO] scanner -    └─ Próximo permitido em: 550.3 minutos
2026-04-26 05:41:59 [WARNING] root - Bloco de componentes falhou: cannot unpack non-iterable int object
2026-04-26 05:41:59 [INFO] scanner - ✅ Validações OK [ETH/USDT]: Score=7.0, R:R=2.00
2026-04-26 05:41:59 [INFO] scanner - ⏸️  Throttle ativo [ETH/USDT]:
2026-04-26 05:41:59 [INFO] scanner -    ├─ Último alerta há 84.1 minutos
2026-04-26 05:41:59 [INFO] scanner -    ├─ Tempo mínimo: 1800 minutos
2026-04-26 05:41:59 [INFO] scanner -    └─ Próximo permitido em: 1715.9 minutos
2026-04-26 06:36:48 [INFO] scanner - ============================================================
2026-04-26 06:36:48 [INFO] scanner - 🚀 SCANNER INICIADO
2026-04-26 06:36:48 [INFO] scanner - 📅 Data/Hora: 26/04/2026 06:36:48
2026-04-26 06:36:48 [INFO] scanner - 📂 Log: logs/scanner_2026-04-26.log
2026-04-26 06:36:48 [INFO] scanner - ============================================================
2026-04-26 06:36:48 [INFO] scanner - 📝 PAPER MODE ATIVO - Apenas registro e análise
2026-04-26 06:36:52 [WARNING] root - Bloco de componentes falhou: cannot unpack non-iterable int object
2026-04-26 06:36:52 [INFO] scanner - ✅ Validações OK [BTC/USDT]: Score=7.0, R:R=2.08
2026-04-26 06:36:52 [INFO] scanner - ⏸️  Throttle ativo [BTC/USDT]:
2026-04-26 06:36:52 [INFO] scanner -    ├─ Último alerta há 1304.6 minutos
2026-04-26 06:36:52 [INFO] scanner -    ├─ Tempo mínimo: 1800 minutos
2026-04-26 06:36:52 [INFO] scanner -    └─ Próximo permitido em: 495.4 minutos
2026-04-26 06:36:54 [WARNING] root - Bloco de componentes falhou: cannot unpack non-iterable int object
2026-04-26 06:36:54 [INFO] scanner - ✅ Validações OK [ETH/USDT]: Score=7.0, R:R=2.00
2026-04-26 06:36:54 [INFO] scanner - ⏸️  Throttle ativo [ETH/USDT]:
2026-04-26 06:36:54 [INFO] scanner -    ├─ Último alerta há 139.0 minutos
2026-04-26 06:36:54 [INFO] scanner -    ├─ Tempo mínimo: 1800 minutos
2026-04-26 06:36:54 [INFO] scanner -    └─ Próximo permitido em: 1661.0 minutos
2026-04-26 07:28:14 [INFO] scanner - ============================================================
2026-04-26 07:28:14 [INFO] scanner - 🚀 SCANNER INICIADO
2026-04-26 07:28:14 [INFO] scanner - 📅 Data/Hora: 26/04/2026 07:28:14
2026-04-26 07:28:14 [INFO] scanner - 📂 Log: logs/scanner_2026-04-26.log
2026-04-26 07:28:14 [INFO] scanner - ============================================================
2026-04-26 07:28:14 [INFO] scanner - 📝 PAPER MODE ATIVO - Apenas registro e análise
2026-04-26 07:28:18 [WARNING] root - Bloco de componentes falhou: cannot unpack non-iterable int object
2026-04-26 07:28:18 [INFO] scanner - ✅ Validações OK [BTC/USDT]: Score=7.0, R:R=2.08
2026-04-26 07:28:18 [INFO] scanner - ⏸️  Throttle ativo [BTC/USDT]:
2026-04-26 07:28:18 [INFO] scanner -    ├─ Último alerta há 1356.0 minutos
2026-04-26 07:28:18 [INFO] scanner -    ├─ Tempo mínimo: 1800 minutos
2026-04-26 07:28:18 [INFO] scanner -    └─ Próximo permitido em: 444.0 minutos
2026-04-26 07:28:20 [WARNING] root - Bloco de componentes falhou: cannot unpack non-iterable int object
2026-04-26 07:28:20 [INFO] scanner - ✅ Validações OK [ETH/USDT]: Score=7.0, R:R=2.00
2026-04-26 07:28:20 [INFO] scanner - ⏸️  Throttle ativo [ETH/USDT]:
2026-04-26 07:28:20 [INFO] scanner -    ├─ Último alerta há 190.4 minutos
2026-04-26 07:28:20 [INFO] scanner -    ├─ Tempo mínimo: 1800 minutos
2026-04-26 07:28:20 [INFO] scanner -    └─ Próximo permitido em: 1609.6 minutos
2026-04-26 08:10:31 [INFO] scanner - ============================================================
2026-04-26 08:10:31 [INFO] scanner - 🚀 SCANNER INICIADO
2026-04-26 08:10:31 [INFO] scanner - 📅 Data/Hora: 26/04/2026 08:10:31
2026-04-26 08:10:31 [INFO] scanner - 📂 Log: logs/scanner_2026-04-26.log
2026-04-26 08:10:31 [INFO] scanner - ============================================================
2026-04-26 08:10:31 [INFO] scanner - 📝 PAPER MODE ATIVO - Apenas registro e análise
2026-04-26 08:10:34 [WARNING] root - Bloco de componentes falhou: cannot unpack non-iterable int object
2026-04-26 08:10:34 [INFO] scanner - ✅ Validações OK [BTC/USDT]: Score=7.0, R:R=2.08
2026-04-26 08:10:34 [INFO] scanner - ⏸️  Throttle ativo [BTC/USDT]:
2026-04-26 08:10:34 [INFO] scanner -    ├─ Último alerta há 1398.3 minutos
2026-04-26 08:10:34 [INFO] scanner -    ├─ Tempo mínimo: 1800 minutos
2026-04-26 08:10:34 [INFO] scanner -    └─ Próximo permitido em: 401.7 minutos
2026-04-26 08:10:34 [WARNING] root - Bloco de componentes falhou: cannot unpack non-iterable int object
2026-04-26 08:10:34 [INFO] scanner - ✅ Validações OK [BTC/USDT]: Score=7.0, R:R=2.08
2026-04-26 08:10:34 [INFO] scanner - ⏸️  Throttle ativo [BTC/USDT]:
2026-04-26 08:10:34 [INFO] scanner -    ├─ Último alerta há 1398.3 minutos
2026-04-26 08:10:34 [INFO] scanner -    ├─ Tempo mínimo: 1800 minutos
2026-04-26 08:10:34 [INFO] scanner -    └─ Próximo permitido em: 401.7 minutos
2026-04-26 08:10:36 [WARNING] root - Bloco de componentes falhou: cannot unpack non-iterable int object
2026-04-26 08:10:36 [INFO] scanner - ✅ Validações OK [ETH/USDT]: Score=7.0, R:R=2.00
2026-04-26 08:10:36 [INFO] scanner - ⏸️  Throttle ativo [ETH/USDT]:
2026-04-26 08:10:36 [INFO] scanner -    ├─ Último alerta há 232.7 minutos
2026-04-26 08:10:36 [INFO] scanner -    ├─ Tempo mínimo: 1800 minutos
2026-04-26 08:10:36 [INFO] scanner -    └─ Próximo permitido em: 1567.3 minutos
2026-04-26 08:53:56 [INFO] scanner - ============================================================
2026-04-26 08:53:56 [INFO] scanner - 🚀 SCANNER INICIADO
2026-04-26 08:53:56 [INFO] scanner - 📅 Data/Hora: 26/04/2026 08:53:56
2026-04-26 08:53:56 [INFO] scanner - 📂 Log: logs/scanner_2026-04-26.log
2026-04-26 08:53:56 [INFO] scanner - ============================================================
2026-04-26 08:53:56 [INFO] scanner - 📝 PAPER MODE ATIVO - Apenas registro e análise
2026-04-26 08:53:59 [WARNING] root - Bloco de componentes falhou: cannot unpack non-iterable int object
2026-04-26 08:53:59 [INFO] scanner - ✅ Validações OK [BTC/USDT]: Score=7.0, R:R=2.08
2026-04-26 08:53:59 [INFO] scanner - ⏸️  Throttle ativo [BTC/USDT]:
2026-04-26 08:53:59 [INFO] scanner -    ├─ Último alerta há 1441.7 minutos
2026-04-26 08:53:59 [INFO] scanner -    ├─ Tempo mínimo: 1800 minutos
2026-04-26 08:53:59 [INFO] scanner -    └─ Próximo permitido em: 358.3 minutos
2026-04-26 08:53:59 [WARNING] root - Bloco de componentes falhou: cannot unpack non-iterable int object
2026-04-26 08:53:59 [INFO] scanner - ✅ Validações OK [BTC/USDT]: Score=7.0, R:R=2.08
2026-04-26 08:53:59 [INFO] scanner - ⏸️  Throttle ativo [BTC/USDT]:
2026-04-26 08:53:59 [INFO] scanner -    ├─ Último alerta há 1441.7 minutos
2026-04-26 08:53:59 [INFO] scanner -    ├─ Tempo mínimo: 1800 minutos
2026-04-26 08:53:59 [INFO] scanner -    └─ Próximo permitido em: 358.3 minutos
2026-04-26 08:54:02 [WARNING] root - Bloco de componentes falhou: cannot unpack non-iterable int object
2026-04-26 08:54:02 [INFO] scanner - ✅ Validações OK [ETH/USDT]: Score=7.0, R:R=2.00
2026-04-26 08:54:02 [INFO] scanner - ⏸️  Throttle ativo [ETH/USDT]:
2026-04-26 08:54:02 [INFO] scanner -    ├─ Último alerta há 276.1 minutos
2026-04-26 08:54:02 [INFO] scanner -    ├─ Tempo mínimo: 1800 minutos
2026-04-26 08:54:02 [INFO] scanner -    └─ Próximo permitido em: 1523.9 minutos
2026-04-26 09:44:53 [INFO] scanner - ============================================================
2026-04-26 09:44:53 [INFO] scanner - 🚀 SCANNER INICIADO
2026-04-26 09:44:53 [INFO] scanner - 📅 Data/Hora: 26/04/2026 09:44:53
2026-04-26 09:44:53 [INFO] scanner - 📂 Log: logs/scanner_2026-04-26.log
2026-04-26 09:44:53 [INFO] scanner - ============================================================
2026-04-26 09:44:53 [INFO] scanner - 📝 PAPER MODE ATIVO - Apenas registro e análise
2026-04-26 09:44:56 [WARNING] root - Bloco de componentes falhou: cannot unpack non-iterable int object
2026-04-26 09:44:56 [INFO] scanner - ✅ Validações OK [BTC/USDT]: Score=7.0, R:R=2.08
2026-04-26 09:44:56 [INFO] scanner - ⏸️  Throttle ativo [BTC/USDT]:
2026-04-26 09:44:56 [INFO] scanner -    ├─ Último alerta há 1492.7 minutos
2026-04-26 09:44:56 [INFO] scanner -    ├─ Tempo mínimo: 1800 minutos
2026-04-26 09:44:56 [INFO] scanner -    └─ Próximo permitido em: 307.3 minutos
2026-04-26 09:44:56 [WARNING] root - Bloco de componentes falhou: cannot unpack non-iterable int object
2026-04-26 09:44:56 [INFO] scanner - ✅ Validações OK [BTC/USDT]: Score=7.0, R:R=2.08
2026-04-26 09:44:56 [INFO] scanner - ⏸️  Throttle ativo [BTC/USDT]:
2026-04-26 09:44:56 [INFO] scanner -    ├─ Último alerta há 1492.7 minutos
2026-04-26 09:44:56 [INFO] scanner -    ├─ Tempo mínimo: 1800 minutos
2026-04-26 09:44:56 [INFO] scanner -    └─ Próximo permitido em: 307.3 minutos
2026-04-26 09:44:59 [WARNING] root - Bloco de componentes falhou: cannot unpack non-iterable int object
2026-04-26 09:44:59 [INFO] scanner - ✅ Validações OK [ETH/USDT]: Score=7.0, R:R=2.00
2026-04-26 09:44:59 [INFO] scanner - ⏸️  Throttle ativo [ETH/USDT]:
2026-04-26 09:44:59 [INFO] scanner -    ├─ Último alerta há 327.1 minutos
2026-04-26 09:44:59 [INFO] scanner -    ├─ Tempo mínimo: 1800 minutos
2026-04-26 09:44:59 [INFO] scanner -    └─ Próximo permitido em: 1472.9 minutos
