2026-06-30 05:57:48 [INFO] scanner - ============================================================
2026-06-30 05:57:48 [INFO] scanner - 🚀 SCANNER INICIADO
2026-06-30 05:57:48 [INFO] scanner - 📅 Data/Hora: 30/06/2026 05:57:48
2026-06-30 05:57:48 [INFO] scanner - 📂 Log: logs/scanner_2026-06-30.log
2026-06-30 05:57:48 [INFO] scanner - ============================================================
2026-06-30 05:57:48 [INFO] scanner - 📝 PAPER MODE ATIVO - Apenas registro e análise
2026-06-30 05:57:52 [WARNING] root - Bloco de componentes falhou: cannot unpack non-iterable int object
2026-06-30 05:57:52 [INFO] scanner - ✅ Validações OK [BTC/USDT]: Score=7.3, R:R=2.08
2026-06-30 05:57:52 [INFO] scanner - ⏸️  Throttle ativo [BTC/USDT]:
2026-06-30 05:57:52 [INFO] scanner -    ├─ Último alerta há 712.8 minutos
2026-06-30 05:57:52 [INFO] scanner -    ├─ Tempo mínimo: 1800 minutos
2026-06-30 05:57:52 [INFO] scanner -    └─ Próximo permitido em: 1087.2 minutos
2026-06-30 08:43:45 [INFO] scanner - ============================================================
2026-06-30 08:43:45 [INFO] scanner - 🚀 SCANNER INICIADO
2026-06-30 08:43:45 [INFO] scanner - 📅 Data/Hora: 30/06/2026 08:43:45
2026-06-30 08:43:45 [INFO] scanner - 📂 Log: logs/scanner_2026-06-30.log
2026-06-30 08:43:45 [INFO] scanner - ============================================================
2026-06-30 08:43:45 [INFO] scanner - 📝 PAPER MODE ATIVO - Apenas registro e análise
2026-06-30 08:43:49 [WARNING] root - Bloco de componentes falhou: cannot unpack non-iterable int object
2026-06-30 08:43:49 [INFO] scanner - ✅ Validações OK [BTC/USDT]: Score=7.3, R:R=2.08
2026-06-30 08:43:49 [INFO] scanner - ⏸️  Throttle ativo [BTC/USDT]:
2026-06-30 08:43:49 [INFO] scanner -    ├─ Último alerta há 878.7 minutos
2026-06-30 08:43:49 [INFO] scanner -    ├─ Tempo mínimo: 1800 minutos
2026-06-30 08:43:49 [INFO] scanner -    └─ Próximo permitido em: 921.3 minutos
2026-06-30 10:29:17 [INFO] scanner - ============================================================
2026-06-30 10:29:17 [INFO] scanner - 🚀 SCANNER INICIADO
2026-06-30 10:29:17 [INFO] scanner - 📅 Data/Hora: 30/06/2026 10:29:17
2026-06-30 10:29:17 [INFO] scanner - 📂 Log: logs/scanner_2026-06-30.log
2026-06-30 10:29:17 [INFO] scanner - ============================================================
2026-06-30 10:29:17 [INFO] scanner - 📝 PAPER MODE ATIVO - Apenas registro e análise
2026-06-30 10:29:20 [WARNING] root - Bloco de componentes falhou: cannot unpack non-iterable int object
2026-06-30 10:29:20 [INFO] scanner - ✅ Validações OK [BTC/USDT]: Score=7.3, R:R=2.08
2026-06-30 10:29:20 [INFO] scanner - ⏸️  Throttle ativo [BTC/USDT]:
2026-06-30 10:29:20 [INFO] scanner -    ├─ Último alerta há 984.3 minutos
2026-06-30 10:29:20 [INFO] scanner -    ├─ Tempo mínimo: 1800 minutos
2026-06-30 10:29:20 [INFO] scanner -    └─ Próximo permitido em: 815.7 minutos
