2025-11-08 03:17:32 [INFO] scanner - ============================================================
2025-11-08 03:17:32 [INFO] scanner - 🚀 SCANNER INICIADO
2025-11-08 03:17:32 [INFO] scanner - 📅 Data/Hora: 08/11/2025 03:17:32
2025-11-08 03:17:32 [INFO] scanner - 📂 Log: logs/scanner_2025-11-08.log
2025-11-08 03:17:32 [INFO] scanner - ============================================================
2025-11-08 03:17:32 [INFO] scanner - 📝 PAPER MODE ATIVO - Apenas registro e análise
2025-11-08 03:17:35 [WARNING] root - Bloco de componentes falhou: cannot unpack non-iterable int object
2025-11-08 03:17:35 [INFO] scanner - ✅ Validações OK [BTC/USDT]: Score=7.3, R:R=2.08
2025-11-08 03:17:35 [INFO] scanner - ⏸️  Throttle ativo [BTC/USDT]:
2025-11-08 03:17:35 [INFO] scanner -    ├─ Último alerta há 1349.3 minutos
2025-11-08 03:17:35 [INFO] scanner -    ├─ Tempo mínimo: 1800 minutos
2025-11-08 03:17:35 [INFO] scanner -    └─ Próximo permitido em: 450.7 minutos
2025-11-08 03:17:38 [WARNING] root - Bloco de componentes falhou: cannot unpack non-iterable int object
2025-11-08 03:17:38 [INFO] scanner - ✅ Validações OK [ETH/USDT]: Score=7.3, R:R=2.00
2025-11-08 03:17:38 [INFO] scanner - ⏸️  Throttle ativo [ETH/USDT]:
2025-11-08 03:17:38 [INFO] scanner -    ├─ Último alerta há 1229.3 minutos
2025-11-08 03:17:38 [INFO] scanner -    ├─ Tempo mínimo: 1800 minutos
2025-11-08 03:17:38 [INFO] scanner -    └─ Próximo permitido em: 570.7 minutos
2025-11-08 03:45:15 [INFO] scanner - ============================================================
2025-11-08 03:45:15 [INFO] scanner - 🚀 SCANNER INICIADO
2025-11-08 03:45:15 [INFO] scanner - 📅 Data/Hora: 08/11/2025 03:45:15
2025-11-08 03:45:15 [INFO] scanner - 📂 Log: logs/scanner_2025-11-08.log
2025-11-08 03:45:15 [INFO] scanner - ============================================================
2025-11-08 03:45:15 [INFO] scanner - 📝 PAPER MODE ATIVO - Apenas registro e análise
2025-11-08 03:45:19 [WARNING] root - Bloco de componentes falhou: cannot unpack non-iterable int object
2025-11-08 03:45:19 [INFO] scanner - ✅ Validações OK [BTC/USDT]: Score=7.3, R:R=2.08
2025-11-08 03:45:19 [INFO] scanner - ⏸️  Throttle ativo [BTC/USDT]:
2025-11-08 03:45:19 [INFO] scanner -    ├─ Último alerta há 1377.1 minutos
2025-11-08 03:45:19 [INFO] scanner -    ├─ Tempo mínimo: 1800 minutos
2025-11-08 03:45:19 [INFO] scanner -    └─ Próximo permitido em: 422.9 minutos
2025-11-08 03:45:21 [WARNING] root - Bloco de componentes falhou: cannot unpack non-iterable int object
2025-11-08 03:45:21 [INFO] scanner - ✅ Validações OK [ETH/USDT]: Score=7.3, R:R=2.00
2025-11-08 03:45:21 [INFO] scanner - ⏸️  Throttle ativo [ETH/USDT]:
2025-11-08 03:45:21 [INFO] scanner -    ├─ Último alerta há 1257.0 minutos
2025-11-08 03:45:21 [INFO] scanner -    ├─ Tempo mínimo: 1800 minutos
2025-11-08 03:45:21 [INFO] scanner -    └─ Próximo permitido em: 543.0 minutos
2025-11-08 03:53:46 [INFO] scanner - ============================================================
2025-11-08 03:53:46 [INFO] scanner - 🚀 SCANNER INICIADO
2025-11-08 03:53:46 [INFO] scanner - 📅 Data/Hora: 08/11/2025 03:53:46
2025-11-08 03:53:46 [INFO] scanner - 📂 Log: logs/scanner_2025-11-08.log
2025-11-08 03:53:46 [INFO] scanner - ============================================================
2025-11-08 03:53:46 [INFO] scanner - 📝 PAPER MODE ATIVO - Apenas registro e análise
2025-11-08 03:53:49 [WARNING] root - Bloco de componentes falhou: cannot unpack non-iterable int object
2025-11-08 03:53:49 [INFO] scanner - ✅ Validações OK [BTC/USDT]: Score=7.3, R:R=2.08
2025-11-08 03:53:49 [INFO] scanner - ⏸️  Throttle ativo [BTC/USDT]:
2025-11-08 03:53:49 [INFO] scanner -    ├─ Último alerta há 1385.6 minutos
2025-11-08 03:53:49 [INFO] scanner -    ├─ Tempo mínimo: 1800 minutos
2025-11-08 03:53:49 [INFO] scanner -    └─ Próximo permitido em: 414.4 minutos
2025-11-08 03:53:51 [WARNING] root - Bloco de componentes falhou: cannot unpack non-iterable int object
2025-11-08 03:53:51 [INFO] scanner - ✅ Validações OK [ETH/USDT]: Score=7.3, R:R=2.00
2025-11-08 03:53:51 [INFO] scanner - ⏸️  Throttle ativo [ETH/USDT]:
2025-11-08 03:53:51 [INFO] scanner -    ├─ Último alerta há 1265.5 minutos
2025-11-08 03:53:51 [INFO] scanner -    ├─ Tempo mínimo: 1800 minutos
2025-11-08 03:53:51 [INFO] scanner -    └─ Próximo permitido em: 534.5 minutos
2025-11-08 04:11:30 [INFO] scanner - ============================================================
2025-11-08 04:11:30 [INFO] scanner - 🚀 SCANNER INICIADO
2025-11-08 04:11:30 [INFO] scanner - 📅 Data/Hora: 08/11/2025 04:11:30
2025-11-08 04:11:30 [INFO] scanner - 📂 Log: logs/scanner_2025-11-08.log
2025-11-08 04:11:30 [INFO] scanner - ============================================================
2025-11-08 04:11:30 [INFO] scanner - 📝 PAPER MODE ATIVO - Apenas registro e análise
2025-11-08 04:11:34 [WARNING] root - Bloco de componentes falhou: cannot unpack non-iterable int object
2025-11-08 04:11:34 [INFO] scanner - ✅ Validações OK [BTC/USDT]: Score=7.3, R:R=2.08
2025-11-08 04:11:34 [INFO] scanner - ⏸️  Throttle ativo [BTC/USDT]:
2025-11-08 04:11:34 [INFO] scanner -    ├─ Último alerta há 1403.3 minutos
2025-11-08 04:11:34 [INFO] scanner -    ├─ Tempo mínimo: 1800 minutos
2025-11-08 04:11:34 [INFO] scanner -    └─ Próximo permitido em: 396.7 minutos
2025-11-08 04:11:36 [WARNING] root - Bloco de componentes falhou: cannot unpack non-iterable int object
2025-11-08 04:11:36 [INFO] scanner - ✅ Validações OK [ETH/USDT]: Score=7.3, R:R=2.00
2025-11-08 04:11:36 [INFO] scanner - ⏸️  Throttle ativo [ETH/USDT]:
2025-11-08 04:11:36 [INFO] scanner -    ├─ Último alerta há 1283.3 minutos
2025-11-08 04:11:36 [INFO] scanner -    ├─ Tempo mínimo: 1800 minutos
2025-11-08 04:11:36 [INFO] scanner -    └─ Próximo permitido em: 516.7 minutos
2025-11-08 04:26:45 [INFO] scanner - ============================================================
2025-11-08 04:26:45 [INFO] scanner - 🚀 SCANNER INICIADO
2025-11-08 04:26:45 [INFO] scanner - 📅 Data/Hora: 08/11/2025 04:26:45
2025-11-08 04:26:45 [INFO] scanner - 📂 Log: logs/scanner_2025-11-08.log
2025-11-08 04:26:45 [INFO] scanner - ============================================================
2025-11-08 04:26:45 [INFO] scanner - 📝 PAPER MODE ATIVO - Apenas registro e análise
2025-11-08 04:26:48 [WARNING] root - Bloco de componentes falhou: cannot unpack non-iterable int object
2025-11-08 04:26:48 [INFO] scanner - ✅ Validações OK [BTC/USDT]: Score=7.3, R:R=2.08
2025-11-08 04:26:48 [INFO] scanner - ⏸️  Throttle ativo [BTC/USDT]:
2025-11-08 04:26:48 [INFO] scanner -    ├─ Último alerta há 1418.5 minutos
2025-11-08 04:26:48 [INFO] scanner -    ├─ Tempo mínimo: 1800 minutos
2025-11-08 04:26:48 [INFO] scanner -    └─ Próximo permitido em: 381.5 minutos
2025-11-08 04:26:51 [WARNING] root - Bloco de componentes falhou: cannot unpack non-iterable int object
2025-11-08 04:26:51 [INFO] scanner - ✅ Validações OK [ETH/USDT]: Score=7.3, R:R=2.00
2025-11-08 04:26:51 [INFO] scanner - ⏸️  Throttle ativo [ETH/USDT]:
2025-11-08 04:26:51 [INFO] scanner -    ├─ Último alerta há 1298.5 minutos
2025-11-08 04:26:51 [INFO] scanner -    ├─ Tempo mínimo: 1800 minutos
2025-11-08 04:26:51 [INFO] scanner -    └─ Próximo permitido em: 501.5 minutos
