2025-11-30 03:19:34 [INFO] scanner - ============================================================
2025-11-30 03:19:34 [INFO] scanner - 🚀 SCANNER INICIADO
2025-11-30 03:19:34 [INFO] scanner - 📅 Data/Hora: 30/11/2025 03:19:34
2025-11-30 03:19:34 [INFO] scanner - 📂 Log: logs/scanner_2025-11-30.log
2025-11-30 03:19:34 [INFO] scanner - ============================================================
2025-11-30 03:19:34 [INFO] scanner - 📝 PAPER MODE ATIVO - Apenas registro e análise
2025-11-30 03:49:12 [INFO] scanner - ============================================================
2025-11-30 03:49:12 [INFO] scanner - 🚀 SCANNER INICIADO
2025-11-30 03:49:12 [INFO] scanner - 📅 Data/Hora: 30/11/2025 03:49:12
2025-11-30 03:49:12 [INFO] scanner - 📂 Log: logs/scanner_2025-11-30.log
2025-11-30 03:49:12 [INFO] scanner - ============================================================
2025-11-30 03:49:12 [INFO] scanner - 📝 PAPER MODE ATIVO - Apenas registro e análise
2025-11-30 03:49:15 [WARNING] root - Bloco de componentes falhou: cannot unpack non-iterable int object
2025-11-30 03:49:15 [INFO] scanner - ✅ Validações OK [BTC/USDT]: Score=7.0, R:R=2.08
2025-11-30 03:49:15 [INFO] scanner - ⏸️  Throttle ativo [BTC/USDT]:
2025-11-30 03:49:15 [INFO] scanner -    ├─ Último alerta há 997.7 minutos
2025-11-30 03:49:15 [INFO] scanner -    ├─ Tempo mínimo: 1800 minutos
2025-11-30 03:49:15 [INFO] scanner -    └─ Próximo permitido em: 802.3 minutos
2025-11-30 03:49:16 [WARNING] root - Bloco de componentes falhou: cannot unpack non-iterable int object
2025-11-30 03:49:16 [INFO] scanner - ✅ Validações OK [BTC/USDT]: Score=7.0, R:R=2.08
2025-11-30 03:49:16 [INFO] scanner - ⏸️  Throttle ativo [BTC/USDT]:
2025-11-30 03:49:16 [INFO] scanner -    ├─ Último alerta há 997.7 minutos
2025-11-30 03:49:16 [INFO] scanner -    ├─ Tempo mínimo: 1800 minutos
2025-11-30 03:49:16 [INFO] scanner -    └─ Próximo permitido em: 802.3 minutos
2025-11-30 04:12:18 [INFO] scanner - ============================================================
2025-11-30 04:12:18 [INFO] scanner - 🚀 SCANNER INICIADO
2025-11-30 04:12:18 [INFO] scanner - 📅 Data/Hora: 30/11/2025 04:12:18
2025-11-30 04:12:18 [INFO] scanner - 📂 Log: logs/scanner_2025-11-30.log
2025-11-30 04:12:18 [INFO] scanner - ============================================================
2025-11-30 04:12:18 [INFO] scanner - 📝 PAPER MODE ATIVO - Apenas registro e análise
2025-11-30 04:12:21 [WARNING] root - Bloco de componentes falhou: cannot unpack non-iterable int object
2025-11-30 04:12:21 [INFO] scanner - ✅ Validações OK [BTC/USDT]: Score=7.0, R:R=2.08
2025-11-30 04:12:21 [INFO] scanner - ⏸️  Throttle ativo [BTC/USDT]:
2025-11-30 04:12:21 [INFO] scanner -    ├─ Último alerta há 1020.8 minutos
2025-11-30 04:12:21 [INFO] scanner -    ├─ Tempo mínimo: 1800 minutos
2025-11-30 04:12:21 [INFO] scanner -    └─ Próximo permitido em: 779.2 minutos
2025-11-30 04:12:22 [WARNING] root - Bloco de componentes falhou: cannot unpack non-iterable int object
2025-11-30 04:12:22 [INFO] scanner - ✅ Validações OK [BTC/USDT]: Score=7.0, R:R=2.08
2025-11-30 04:12:22 [INFO] scanner - ⏸️  Throttle ativo [BTC/USDT]:
2025-11-30 04:12:22 [INFO] scanner -    ├─ Último alerta há 1020.8 minutos
2025-11-30 04:12:22 [INFO] scanner -    ├─ Tempo mínimo: 1800 minutos
2025-11-30 04:12:22 [INFO] scanner -    └─ Próximo permitido em: 779.2 minutos
2025-11-30 04:12:24 [WARNING] root - Bloco de componentes falhou: cannot unpack non-iterable int object
2025-11-30 04:12:24 [INFO] scanner - ✅ Validações OK [ETH/USDT]: Score=7.0, R:R=2.00
2025-11-30 04:12:24 [INFO] scanner - ⏸️  Throttle ativo [ETH/USDT]:
2025-11-30 04:12:24 [INFO] scanner -    ├─ Último alerta há 812.1 minutos
2025-11-30 04:12:24 [INFO] scanner -    ├─ Tempo mínimo: 1800 minutos
2025-11-30 04:12:24 [INFO] scanner -    └─ Próximo permitido em: 987.9 minutos
2025-11-30 04:27:48 [INFO] scanner - ============================================================
2025-11-30 04:27:48 [INFO] scanner - 🚀 SCANNER INICIADO
2025-11-30 04:27:48 [INFO] scanner - 📅 Data/Hora: 30/11/2025 04:27:48
2025-11-30 04:27:48 [INFO] scanner - 📂 Log: logs/scanner_2025-11-30.log
2025-11-30 04:27:48 [INFO] scanner - ============================================================
2025-11-30 04:27:48 [INFO] scanner - 📝 PAPER MODE ATIVO - Apenas registro e análise
2025-11-30 04:27:52 [WARNING] root - Bloco de componentes falhou: cannot unpack non-iterable int object
2025-11-30 04:27:52 [INFO] scanner - ✅ Validações OK [BTC/USDT]: Score=7.0, R:R=2.08
2025-11-30 04:27:52 [INFO] scanner - ⏸️  Throttle ativo [BTC/USDT]:
2025-11-30 04:27:52 [INFO] scanner -    ├─ Último alerta há 1036.3 minutos
2025-11-30 04:27:52 [INFO] scanner -    ├─ Tempo mínimo: 1800 minutos
2025-11-30 04:27:52 [INFO] scanner -    └─ Próximo permitido em: 763.7 minutos
2025-11-30 04:27:52 [WARNING] root - Bloco de componentes falhou: cannot unpack non-iterable int object
2025-11-30 04:27:52 [INFO] scanner - ✅ Validações OK [BTC/USDT]: Score=7.0, R:R=2.08
2025-11-30 04:27:52 [INFO] scanner - ⏸️  Throttle ativo [BTC/USDT]:
2025-11-30 04:27:52 [INFO] scanner -    ├─ Último alerta há 1036.3 minutos
2025-11-30 04:27:52 [INFO] scanner -    ├─ Tempo mínimo: 1800 minutos
2025-11-30 04:27:52 [INFO] scanner -    └─ Próximo permitido em: 763.7 minutos
2025-11-30 04:27:54 [WARNING] root - Bloco de componentes falhou: cannot unpack non-iterable int object
2025-11-30 04:27:54 [INFO] scanner - ✅ Validações OK [ETH/USDT]: Score=7.0, R:R=2.00
2025-11-30 04:27:54 [INFO] scanner - ⏸️  Throttle ativo [ETH/USDT]:
2025-11-30 04:27:54 [INFO] scanner -    ├─ Último alerta há 827.6 minutos
2025-11-30 04:27:54 [INFO] scanner -    ├─ Tempo mínimo: 1800 minutos
2025-11-30 04:27:54 [INFO] scanner -    └─ Próximo permitido em: 972.4 minutos
2025-11-30 04:36:40 [INFO] scanner - ============================================================
2025-11-30 04:36:40 [INFO] scanner - 🚀 SCANNER INICIADO
2025-11-30 04:36:40 [INFO] scanner - 📅 Data/Hora: 30/11/2025 04:36:40
2025-11-30 04:36:40 [INFO] scanner - 📂 Log: logs/scanner_2025-11-30.log
2025-11-30 04:36:40 [INFO] scanner - ============================================================
2025-11-30 04:36:40 [INFO] scanner - 📝 PAPER MODE ATIVO - Apenas registro e análise
2025-11-30 04:36:43 [WARNING] root - Bloco de componentes falhou: cannot unpack non-iterable int object
2025-11-30 04:36:43 [INFO] scanner - ✅ Validações OK [BTC/USDT]: Score=7.0, R:R=2.08
2025-11-30 04:36:43 [INFO] scanner - ⏸️  Throttle ativo [BTC/USDT]:
2025-11-30 04:36:43 [INFO] scanner -    ├─ Último alerta há 1045.2 minutos
2025-11-30 04:36:43 [INFO] scanner -    ├─ Tempo mínimo: 1800 minutos
2025-11-30 04:36:43 [INFO] scanner -    └─ Próximo permitido em: 754.8 minutos
2025-11-30 04:36:43 [WARNING] root - Bloco de componentes falhou: cannot unpack non-iterable int object
2025-11-30 04:36:43 [INFO] scanner - ✅ Validações OK [BTC/USDT]: Score=7.0, R:R=2.08
2025-11-30 04:36:43 [INFO] scanner - ⏸️  Throttle ativo [BTC/USDT]:
2025-11-30 04:36:43 [INFO] scanner -    ├─ Último alerta há 1045.2 minutos
2025-11-30 04:36:43 [INFO] scanner -    ├─ Tempo mínimo: 1800 minutos
2025-11-30 04:36:43 [INFO] scanner -    └─ Próximo permitido em: 754.8 minutos
2025-11-30 04:36:45 [WARNING] root - Bloco de componentes falhou: cannot unpack non-iterable int object
2025-11-30 04:36:45 [INFO] scanner - ✅ Validações OK [ETH/USDT]: Score=7.0, R:R=2.00
2025-11-30 04:36:45 [INFO] scanner - ⏸️  Throttle ativo [ETH/USDT]:
2025-11-30 04:36:45 [INFO] scanner -    ├─ Último alerta há 836.5 minutos
2025-11-30 04:36:45 [INFO] scanner -    ├─ Tempo mínimo: 1800 minutos
2025-11-30 04:36:45 [INFO] scanner -    └─ Próximo permitido em: 963.5 minutos
2025-11-30 04:48:04 [INFO] scanner - ============================================================
2025-11-30 04:48:04 [INFO] scanner - 🚀 SCANNER INICIADO
2025-11-30 04:48:04 [INFO] scanner - 📅 Data/Hora: 30/11/2025 04:48:04
2025-11-30 04:48:04 [INFO] scanner - 📂 Log: logs/scanner_2025-11-30.log
2025-11-30 04:48:04 [INFO] scanner - ============================================================
2025-11-30 04:48:04 [INFO] scanner - 📝 PAPER MODE ATIVO - Apenas registro e análise
2025-11-30 04:48:08 [WARNING] root - Bloco de componentes falhou: cannot unpack non-iterable int object
2025-11-30 04:48:08 [INFO] scanner - ✅ Validações OK [BTC/USDT]: Score=7.0, R:R=2.08
2025-11-30 04:48:08 [INFO] scanner - ⏸️  Throttle ativo [BTC/USDT]:
2025-11-30 04:48:08 [INFO] scanner -    ├─ Último alerta há 1056.6 minutos
2025-11-30 04:48:08 [INFO] scanner -    ├─ Tempo mínimo: 1800 minutos
2025-11-30 04:48:08 [INFO] scanner -    └─ Próximo permitido em: 743.4 minutos
2025-11-30 04:48:08 [WARNING] root - Bloco de componentes falhou: cannot unpack non-iterable int object
2025-11-30 04:48:08 [INFO] scanner - ✅ Validações OK [BTC/USDT]: Score=7.0, R:R=2.08
2025-11-30 04:48:08 [INFO] scanner - ⏸️  Throttle ativo [BTC/USDT]:
2025-11-30 04:48:08 [INFO] scanner -    ├─ Último alerta há 1056.6 minutos
2025-11-30 04:48:08 [INFO] scanner -    ├─ Tempo mínimo: 1800 minutos
2025-11-30 04:48:08 [INFO] scanner -    └─ Próximo permitido em: 743.4 minutos
2025-11-30 04:48:10 [WARNING] root - Bloco de componentes falhou: cannot unpack non-iterable int object
2025-11-30 04:48:10 [INFO] scanner - ✅ Validações OK [ETH/USDT]: Score=7.0, R:R=2.00
2025-11-30 04:48:10 [INFO] scanner - ⏸️  Throttle ativo [ETH/USDT]:
2025-11-30 04:48:10 [INFO] scanner -    ├─ Último alerta há 847.9 minutos
2025-11-30 04:48:10 [INFO] scanner -    ├─ Tempo mínimo: 1800 minutos
2025-11-30 04:48:10 [INFO] scanner -    └─ Próximo permitido em: 952.1 minutos
2025-11-30 05:16:06 [INFO] scanner - ============================================================
2025-11-30 05:16:06 [INFO] scanner - 🚀 SCANNER INICIADO
2025-11-30 05:16:06 [INFO] scanner - 📅 Data/Hora: 30/11/2025 05:16:06
2025-11-30 05:16:06 [INFO] scanner - 📂 Log: logs/scanner_2025-11-30.log
2025-11-30 05:16:06 [INFO] scanner - ============================================================
2025-11-30 05:16:06 [INFO] scanner - 📝 PAPER MODE ATIVO - Apenas registro e análise
2025-11-30 05:16:09 [WARNING] root - Bloco de componentes falhou: cannot unpack non-iterable int object
2025-11-30 05:16:09 [INFO] scanner - ✅ Validações OK [BTC/USDT]: Score=7.0, R:R=2.08
2025-11-30 05:16:09 [INFO] scanner - ⏸️  Throttle ativo [BTC/USDT]:
2025-11-30 05:16:09 [INFO] scanner -    ├─ Último alerta há 1084.6 minutos
2025-11-30 05:16:09 [INFO] scanner -    ├─ Tempo mínimo: 1800 minutos
2025-11-30 05:16:09 [INFO] scanner -    └─ Próximo permitido em: 715.4 minutos
2025-11-30 05:42:15 [INFO] scanner - ============================================================
2025-11-30 05:42:15 [INFO] scanner - 🚀 SCANNER INICIADO
2025-11-30 05:42:15 [INFO] scanner - 📅 Data/Hora: 30/11/2025 05:42:15
2025-11-30 05:42:15 [INFO] scanner - 📂 Log: logs/scanner_2025-11-30.log
2025-11-30 05:42:15 [INFO] scanner - ============================================================
2025-11-30 05:42:15 [INFO] scanner - 📝 PAPER MODE ATIVO - Apenas registro e análise
2025-11-30 05:42:18 [WARNING] root - Bloco de componentes falhou: cannot unpack non-iterable int object
2025-11-30 05:42:18 [INFO] scanner - ✅ Validações OK [BTC/USDT]: Score=7.0, R:R=2.08
2025-11-30 05:42:18 [INFO] scanner - ⏸️  Throttle ativo [BTC/USDT]:
2025-11-30 05:42:18 [INFO] scanner -    ├─ Último alerta há 1110.7 minutos
2025-11-30 05:42:18 [INFO] scanner -    ├─ Tempo mínimo: 1800 minutos
2025-11-30 05:42:18 [INFO] scanner -    └─ Próximo permitido em: 689.3 minutos
2025-11-30 05:42:18 [WARNING] root - Bloco de componentes falhou: cannot unpack non-iterable int object
2025-11-30 05:42:18 [INFO] scanner - ✅ Validações OK [BTC/USDT]: Score=7.0, R:R=2.08
2025-11-30 05:42:18 [INFO] scanner - ⏸️  Throttle ativo [BTC/USDT]:
2025-11-30 05:42:18 [INFO] scanner -    ├─ Último alerta há 1110.8 minutos
2025-11-30 05:42:18 [INFO] scanner -    ├─ Tempo mínimo: 1800 minutos
2025-11-30 05:42:18 [INFO] scanner -    └─ Próximo permitido em: 689.2 minutos
2025-11-30 05:42:19 [WARNING] root - Bloco de componentes falhou: cannot unpack non-iterable int object
2025-11-30 05:42:19 [INFO] scanner - ✅ Validações OK [BTC/USDT]: Score=7.0, R:R=2.08
2025-11-30 05:42:19 [INFO] scanner - ⏸️  Throttle ativo [BTC/USDT]:
2025-11-30 05:42:19 [INFO] scanner -    ├─ Último alerta há 1110.8 minutos
2025-11-30 05:42:19 [INFO] scanner -    ├─ Tempo mínimo: 1800 minutos
2025-11-30 05:42:19 [INFO] scanner -    └─ Próximo permitido em: 689.2 minutos
2025-11-30 06:12:24 [INFO] scanner - ============================================================
2025-11-30 06:12:24 [INFO] scanner - 🚀 SCANNER INICIADO
2025-11-30 06:12:24 [INFO] scanner - 📅 Data/Hora: 30/11/2025 06:12:24
2025-11-30 06:12:24 [INFO] scanner - 📂 Log: logs/scanner_2025-11-30.log
2025-11-30 06:12:24 [INFO] scanner - ============================================================
2025-11-30 06:12:24 [INFO] scanner - 📝 PAPER MODE ATIVO - Apenas registro e análise
2025-11-30 06:12:27 [WARNING] root - Bloco de componentes falhou: cannot unpack non-iterable int object
2025-11-30 06:12:27 [INFO] scanner - ✅ Validações OK [BTC/USDT]: Score=7.0, R:R=2.08
2025-11-30 06:12:27 [INFO] scanner - ⏸️  Throttle ativo [BTC/USDT]:
2025-11-30 06:12:27 [INFO] scanner -    ├─ Último alerta há 1140.9 minutos
2025-11-30 06:12:27 [INFO] scanner -    ├─ Tempo mínimo: 1800 minutos
2025-11-30 06:12:27 [INFO] scanner -    └─ Próximo permitido em: 659.1 minutos
2025-11-30 06:12:27 [WARNING] root - Bloco de componentes falhou: cannot unpack non-iterable int object
2025-11-30 06:12:27 [INFO] scanner - ✅ Validações OK [BTC/USDT]: Score=7.0, R:R=2.08
2025-11-30 06:12:27 [INFO] scanner - ⏸️  Throttle ativo [BTC/USDT]:
2025-11-30 06:12:27 [INFO] scanner -    ├─ Último alerta há 1140.9 minutos
2025-11-30 06:12:27 [INFO] scanner -    ├─ Tempo mínimo: 1800 minutos
2025-11-30 06:12:27 [INFO] scanner -    └─ Próximo permitido em: 659.1 minutos
2025-11-30 06:12:29 [WARNING] root - Bloco de componentes falhou: cannot unpack non-iterable int object
2025-11-30 06:12:29 [INFO] scanner - ✅ Validações OK [ETH/USDT]: Score=7.0, R:R=2.00
2025-11-30 06:12:29 [INFO] scanner - ⏸️  Throttle ativo [ETH/USDT]:
2025-11-30 06:12:29 [INFO] scanner -    ├─ Último alerta há 932.2 minutos
2025-11-30 06:12:29 [INFO] scanner -    ├─ Tempo mínimo: 1800 minutos
2025-11-30 06:12:29 [INFO] scanner -    └─ Próximo permitido em: 867.8 minutos
2025-11-30 06:12:30 [WARNING] root - Bloco de componentes falhou: cannot unpack non-iterable int object
2025-11-30 06:12:30 [INFO] scanner - ✅ Validações OK [ETH/USDT]: Score=7.0, R:R=2.00
2025-11-30 06:12:30 [INFO] scanner - ⏸️  Throttle ativo [ETH/USDT]:
2025-11-30 06:12:30 [INFO] scanner -    ├─ Último alerta há 932.2 minutos
2025-11-30 06:12:30 [INFO] scanner -    ├─ Tempo mínimo: 1800 minutos
2025-11-30 06:12:30 [INFO] scanner -    └─ Próximo permitido em: 867.8 minutos
2025-11-30 06:29:26 [INFO] scanner - ============================================================
2025-11-30 06:29:26 [INFO] scanner - 🚀 SCANNER INICIADO
2025-11-30 06:29:26 [INFO] scanner - 📅 Data/Hora: 30/11/2025 06:29:26
2025-11-30 06:29:26 [INFO] scanner - 📂 Log: logs/scanner_2025-11-30.log
2025-11-30 06:29:26 [INFO] scanner - ============================================================
2025-11-30 06:29:26 [INFO] scanner - 📝 PAPER MODE ATIVO - Apenas registro e análise
2025-11-30 06:29:30 [WARNING] root - Bloco de componentes falhou: cannot unpack non-iterable int object
2025-11-30 06:29:30 [INFO] scanner - ✅ Validações OK [BTC/USDT]: Score=7.0, R:R=2.08
2025-11-30 06:29:30 [INFO] scanner - ⏸️  Throttle ativo [BTC/USDT]:
2025-11-30 06:29:30 [INFO] scanner -    ├─ Último alerta há 1157.9 minutos
2025-11-30 06:29:30 [INFO] scanner -    ├─ Tempo mínimo: 1800 minutos
2025-11-30 06:29:30 [INFO] scanner -    └─ Próximo permitido em: 642.1 minutos
2025-11-30 06:29:30 [WARNING] root - Bloco de componentes falhou: cannot unpack non-iterable int object
2025-11-30 06:29:30 [INFO] scanner - ✅ Validações OK [BTC/USDT]: Score=7.0, R:R=2.08
2025-11-30 06:29:30 [INFO] scanner - ⏸️  Throttle ativo [BTC/USDT]:
2025-11-30 06:29:30 [INFO] scanner -    ├─ Último alerta há 1158.0 minutos
2025-11-30 06:29:30 [INFO] scanner -    ├─ Tempo mínimo: 1800 minutos
2025-11-30 06:29:30 [INFO] scanner -    └─ Próximo permitido em: 642.0 minutos
2025-11-30 06:39:39 [INFO] scanner - ============================================================
2025-11-30 06:39:39 [INFO] scanner - 🚀 SCANNER INICIADO
2025-11-30 06:39:39 [INFO] scanner - 📅 Data/Hora: 30/11/2025 06:39:39
2025-11-30 06:39:39 [INFO] scanner - 📂 Log: logs/scanner_2025-11-30.log
2025-11-30 06:39:39 [INFO] scanner - ============================================================
2025-11-30 06:39:39 [INFO] scanner - 📝 PAPER MODE ATIVO - Apenas registro e análise
2025-11-30 06:39:42 [WARNING] root - Bloco de componentes falhou: cannot unpack non-iterable int object
2025-11-30 06:39:42 [INFO] scanner - ✅ Validações OK [BTC/USDT]: Score=7.0, R:R=2.08
2025-11-30 06:39:42 [INFO] scanner - ⏸️  Throttle ativo [BTC/USDT]:
2025-11-30 06:39:42 [INFO] scanner -    ├─ Último alerta há 1168.2 minutos
2025-11-30 06:39:42 [INFO] scanner -    ├─ Tempo mínimo: 1800 minutos
2025-11-30 06:39:42 [INFO] scanner -    └─ Próximo permitido em: 631.8 minutos
2025-11-30 06:48:05 [INFO] scanner - ============================================================
2025-11-30 06:48:05 [INFO] scanner - 🚀 SCANNER INICIADO
2025-11-30 06:48:05 [INFO] scanner - 📅 Data/Hora: 30/11/2025 06:48:05
2025-11-30 06:48:05 [INFO] scanner - 📂 Log: logs/scanner_2025-11-30.log
2025-11-30 06:48:05 [INFO] scanner - ============================================================
2025-11-30 06:48:05 [INFO] scanner - 📝 PAPER MODE ATIVO - Apenas registro e análise
2025-11-30 06:48:09 [WARNING] root - Bloco de componentes falhou: cannot unpack non-iterable int object
2025-11-30 06:48:09 [INFO] scanner - ✅ Validações OK [BTC/USDT]: Score=7.0, R:R=2.08
2025-11-30 06:48:09 [INFO] scanner - ⏸️  Throttle ativo [BTC/USDT]:
2025-11-30 06:48:09 [INFO] scanner -    ├─ Último alerta há 1176.6 minutos
2025-11-30 06:48:09 [INFO] scanner -    ├─ Tempo mínimo: 1800 minutos
2025-11-30 06:48:09 [INFO] scanner -    └─ Próximo permitido em: 623.4 minutos
2025-11-30 06:48:11 [WARNING] root - Bloco de componentes falhou: cannot unpack non-iterable int object
2025-11-30 06:48:11 [INFO] scanner - ✅ Validações OK [ETH/USDT]: Score=7.0, R:R=2.00
2025-11-30 06:48:11 [INFO] scanner - ⏸️  Throttle ativo [ETH/USDT]:
2025-11-30 06:48:11 [INFO] scanner -    ├─ Último alerta há 967.9 minutos
2025-11-30 06:48:11 [INFO] scanner -    ├─ Tempo mínimo: 1800 minutos
2025-11-30 06:48:11 [INFO] scanner -    └─ Próximo permitido em: 832.1 minutos
2025-11-30 06:48:11 [WARNING] root - Bloco de componentes falhou: cannot unpack non-iterable int object
2025-11-30 06:48:11 [INFO] scanner - ✅ Validações OK [ETH/USDT]: Score=7.0, R:R=2.00
2025-11-30 06:48:11 [INFO] scanner - ⏸️  Throttle ativo [ETH/USDT]:
2025-11-30 06:48:11 [INFO] scanner -    ├─ Último alerta há 967.9 minutos
2025-11-30 06:48:11 [INFO] scanner -    ├─ Tempo mínimo: 1800 minutos
2025-11-30 06:48:11 [INFO] scanner -    └─ Próximo permitido em: 832.1 minutos
