2026-04-08 04:08:05 [INFO] scanner - ============================================================
2026-04-08 04:08:05 [INFO] scanner - 🚀 SCANNER INICIADO
2026-04-08 04:08:05 [INFO] scanner - 📅 Data/Hora: 08/04/2026 04:08:05
2026-04-08 04:08:05 [INFO] scanner - 📂 Log: logs/scanner_2026-04-08.log
2026-04-08 04:08:05 [INFO] scanner - ============================================================
2026-04-08 04:08:05 [INFO] scanner - 📝 PAPER MODE ATIVO - Apenas registro e análise
2026-04-08 04:08:09 [WARNING] root - Bloco de componentes falhou: cannot unpack non-iterable int object
2026-04-08 04:08:09 [INFO] scanner - ✅ Validações OK [BTC/USDT]: Score=7.3, R:R=2.08
2026-04-08 04:08:09 [INFO] scanner - ⏸️  Throttle ativo [BTC/USDT]:
2026-04-08 04:08:09 [INFO] scanner -    ├─ Último alerta há 1286.8 minutos
2026-04-08 04:08:09 [INFO] scanner -    ├─ Tempo mínimo: 1800 minutos
2026-04-08 04:08:09 [INFO] scanner -    └─ Próximo permitido em: 513.2 minutos
2026-04-08 04:08:09 [WARNING] root - Bloco de componentes falhou: cannot unpack non-iterable int object
2026-04-08 04:08:09 [INFO] scanner - ✅ Validações OK [BTC/USDT]: Score=7.3, R:R=2.08
2026-04-08 04:08:09 [INFO] scanner - ⏸️  Throttle ativo [BTC/USDT]:
2026-04-08 04:08:09 [INFO] scanner -    ├─ Último alerta há 1286.8 minutos
2026-04-08 04:08:09 [INFO] scanner -    ├─ Tempo mínimo: 1800 minutos
2026-04-08 04:08:09 [INFO] scanner -    └─ Próximo permitido em: 513.2 minutos
2026-04-08 04:08:11 [WARNING] root - Bloco de componentes falhou: cannot unpack non-iterable int object
2026-04-08 04:08:11 [INFO] scanner - ✅ Validações OK [ETH/USDT]: Score=8.3, R:R=2.00
2026-04-08 04:08:11 [INFO] scanner - ⏸️  Throttle ativo [ETH/USDT]:
2026-04-08 04:08:11 [INFO] scanner -    ├─ Último alerta há 1286.8 minutos
2026-04-08 04:08:11 [INFO] scanner -    ├─ Tempo mínimo: 1800 minutos
2026-04-08 04:08:11 [INFO] scanner -    └─ Próximo permitido em: 513.2 minutos
2026-04-08 04:08:12 [WARNING] root - Bloco de componentes falhou: cannot unpack non-iterable int object
2026-04-08 04:08:12 [INFO] scanner - ✅ Validações OK [ETH/USDT]: Score=7.8, R:R=2.00
2026-04-08 04:08:12 [INFO] scanner - ⏸️  Throttle ativo [ETH/USDT]:
2026-04-08 04:08:12 [INFO] scanner -    ├─ Último alerta há 1286.8 minutos
2026-04-08 04:08:12 [INFO] scanner -    ├─ Tempo mínimo: 1800 minutos
2026-04-08 04:08:12 [INFO] scanner -    └─ Próximo permitido em: 513.2 minutos
2026-04-08 04:08:12 [WARNING] root - Bloco de componentes falhou: cannot unpack non-iterable int object
2026-04-08 04:08:12 [INFO] scanner - ✅ Validações OK [ETH/USDT]: Score=7.8, R:R=2.00
2026-04-08 04:08:12 [INFO] scanner - ⏸️  Throttle ativo [ETH/USDT]:
2026-04-08 04:08:12 [INFO] scanner -    ├─ Último alerta há 1286.8 minutos
2026-04-08 04:08:12 [INFO] scanner -    ├─ Tempo mínimo: 1800 minutos
2026-04-08 04:08:12 [INFO] scanner -    └─ Próximo permitido em: 513.2 minutos
