2026-03-11 03:41:05 [INFO] scanner - ============================================================
2026-03-11 03:41:05 [INFO] scanner - 🚀 SCANNER INICIADO
2026-03-11 03:41:05 [INFO] scanner - 📅 Data/Hora: 11/03/2026 03:41:05
2026-03-11 03:41:05 [INFO] scanner - 📂 Log: logs/scanner_2026-03-11.log
2026-03-11 03:41:05 [INFO] scanner - ============================================================
2026-03-11 03:41:05 [INFO] scanner - 📝 PAPER MODE ATIVO - Apenas registro e análise
2026-03-11 04:30:45 [INFO] scanner - ============================================================
2026-03-11 04:30:45 [INFO] scanner - 🚀 SCANNER INICIADO
2026-03-11 04:30:45 [INFO] scanner - 📅 Data/Hora: 11/03/2026 04:30:45
2026-03-11 04:30:45 [INFO] scanner - 📂 Log: logs/scanner_2026-03-11.log
2026-03-11 04:30:45 [INFO] scanner - ============================================================
2026-03-11 04:30:45 [INFO] scanner - 📝 PAPER MODE ATIVO - Apenas registro e análise
2026-03-11 05:04:52 [INFO] scanner - ============================================================
2026-03-11 05:04:52 [INFO] scanner - 🚀 SCANNER INICIADO
2026-03-11 05:04:52 [INFO] scanner - 📅 Data/Hora: 11/03/2026 05:04:52
2026-03-11 05:04:52 [INFO] scanner - 📂 Log: logs/scanner_2026-03-11.log
2026-03-11 05:04:52 [INFO] scanner - ============================================================
2026-03-11 05:04:52 [INFO] scanner - 📝 PAPER MODE ATIVO - Apenas registro e análise
2026-03-11 05:59:23 [INFO] scanner - ============================================================
2026-03-11 05:59:23 [INFO] scanner - 🚀 SCANNER INICIADO
2026-03-11 05:59:23 [INFO] scanner - 📅 Data/Hora: 11/03/2026 05:59:23
2026-03-11 05:59:23 [INFO] scanner - 📂 Log: logs/scanner_2026-03-11.log
2026-03-11 05:59:23 [INFO] scanner - ============================================================
2026-03-11 05:59:23 [INFO] scanner - 📝 PAPER MODE ATIVO - Apenas registro e análise
2026-03-11 05:59:28 [WARNING] root - Bloco de componentes falhou: cannot unpack non-iterable int object
2026-03-11 05:59:28 [INFO] scanner - ✅ Validações OK [ETH/USDT]: Score=7.3, R:R=2.00
2026-03-11 05:59:28 [INFO] scanner - ⏸️  Throttle ativo [ETH/USDT]:
2026-03-11 05:59:28 [INFO] scanner -    ├─ Último alerta há 832.2 minutos
2026-03-11 05:59:28 [INFO] scanner -    ├─ Tempo mínimo: 1800 minutos
2026-03-11 05:59:28 [INFO] scanner -    └─ Próximo permitido em: 967.8 minutos
2026-03-11 06:45:57 [INFO] scanner - ============================================================
2026-03-11 06:45:57 [INFO] scanner - 🚀 SCANNER INICIADO
2026-03-11 06:45:57 [INFO] scanner - 📅 Data/Hora: 11/03/2026 06:45:57
2026-03-11 06:45:57 [INFO] scanner - 📂 Log: logs/scanner_2026-03-11.log
2026-03-11 06:45:57 [INFO] scanner - ============================================================
2026-03-11 06:45:57 [INFO] scanner - 📝 PAPER MODE ATIVO - Apenas registro e análise
2026-03-11 07:31:06 [INFO] scanner - ============================================================
2026-03-11 07:31:06 [INFO] scanner - 🚀 SCANNER INICIADO
2026-03-11 07:31:06 [INFO] scanner - 📅 Data/Hora: 11/03/2026 07:31:06
2026-03-11 07:31:06 [INFO] scanner - 📂 Log: logs/scanner_2026-03-11.log
2026-03-11 07:31:06 [INFO] scanner - ============================================================
2026-03-11 07:31:06 [INFO] scanner - 📝 PAPER MODE ATIVO - Apenas registro e análise
2026-03-11 08:19:38 [INFO] scanner - ============================================================
2026-03-11 08:19:38 [INFO] scanner - 🚀 SCANNER INICIADO
2026-03-11 08:19:38 [INFO] scanner - 📅 Data/Hora: 11/03/2026 08:19:38
2026-03-11 08:19:38 [INFO] scanner - 📂 Log: logs/scanner_2026-03-11.log
2026-03-11 08:19:38 [INFO] scanner - ============================================================
2026-03-11 08:19:38 [INFO] scanner - 📝 PAPER MODE ATIVO - Apenas registro e análise
2026-03-11 08:52:32 [INFO] scanner - ============================================================
2026-03-11 08:52:32 [INFO] scanner - 🚀 SCANNER INICIADO
2026-03-11 08:52:32 [INFO] scanner - 📅 Data/Hora: 11/03/2026 08:52:32
2026-03-11 08:52:32 [INFO] scanner - 📂 Log: logs/scanner_2026-03-11.log
2026-03-11 08:52:32 [INFO] scanner - ============================================================
2026-03-11 08:52:32 [INFO] scanner - 📝 PAPER MODE ATIVO - Apenas registro e análise
2026-03-11 09:40:03 [INFO] scanner - ============================================================
2026-03-11 09:40:03 [INFO] scanner - 🚀 SCANNER INICIADO
2026-03-11 09:40:03 [INFO] scanner - 📅 Data/Hora: 11/03/2026 09:40:03
2026-03-11 09:40:03 [INFO] scanner - 📂 Log: logs/scanner_2026-03-11.log
2026-03-11 09:40:03 [INFO] scanner - ============================================================
2026-03-11 09:40:03 [INFO] scanner - 📝 PAPER MODE ATIVO - Apenas registro e análise
2026-03-11 09:40:07 [WARNING] root - Bloco de componentes falhou: cannot unpack non-iterable int object
2026-03-11 09:40:07 [INFO] scanner - ✅ Validações OK [BTC/USDT]: Score=7.3, R:R=2.08
2026-03-11 09:40:07 [INFO] scanner - ✅ Throttle OK [BTC/USDT]: Pode enviar
2026-03-11 09:40:07 [INFO] scanner - 📝 Sinal no ledger: 20260311_094007_809846 - BTC/USDT
2026-03-11 09:40:07 [INFO] scanner - 📨 Alerta enviado | ID Ledger: 20260311_094007_809846
2026-03-11 09:40:10 [WARNING] root - Bloco de componentes falhou: cannot unpack non-iterable int object
2026-03-11 09:40:10 [INFO] scanner - ✅ Validações OK [ETH/USDT]: Score=7.3, R:R=2.00
2026-03-11 09:40:10 [INFO] scanner - ⏸️  Throttle ativo [ETH/USDT]:
2026-03-11 09:40:10 [INFO] scanner -    ├─ Último alerta há 1052.9 minutos
2026-03-11 09:40:10 [INFO] scanner -    ├─ Tempo mínimo: 1800 minutos
2026-03-11 09:40:10 [INFO] scanner -    └─ Próximo permitido em: 747.1 minutos
2026-03-11 10:50:59 [INFO] scanner - ============================================================
2026-03-11 10:50:59 [INFO] scanner - 🚀 SCANNER INICIADO
2026-03-11 10:50:59 [INFO] scanner - 📅 Data/Hora: 11/03/2026 10:50:59
2026-03-11 10:50:59 [INFO] scanner - 📂 Log: logs/scanner_2026-03-11.log
2026-03-11 10:50:59 [INFO] scanner - ============================================================
2026-03-11 10:50:59 [INFO] scanner - 📝 PAPER MODE ATIVO - Apenas registro e análise
2026-03-11 10:51:02 [WARNING] root - Bloco de componentes falhou: cannot unpack non-iterable int object
2026-03-11 10:51:02 [INFO] scanner - ✅ Validações OK [BTC/USDT]: Score=8.8, R:R=2.08
2026-03-11 10:51:02 [INFO] scanner - ⏸️  Throttle ativo [BTC/USDT]:
2026-03-11 10:51:02 [INFO] scanner -    ├─ Último alerta há 70.9 minutos
2026-03-11 10:51:02 [INFO] scanner -    ├─ Tempo mínimo: 1800 minutos
2026-03-11 10:51:02 [INFO] scanner -    └─ Próximo permitido em: 1729.1 minutos
2026-03-11 10:51:02 [WARNING] root - Bloco de componentes falhou: cannot unpack non-iterable int object
2026-03-11 10:51:02 [INFO] scanner - ✅ Validações OK [BTC/USDT]: Score=7.3, R:R=2.08
2026-03-11 10:51:02 [INFO] scanner - ⏸️  Throttle ativo [BTC/USDT]:
2026-03-11 10:51:02 [INFO] scanner -    ├─ Último alerta há 70.9 minutos
2026-03-11 10:51:02 [INFO] scanner -    ├─ Tempo mínimo: 1800 minutos
2026-03-11 10:51:02 [INFO] scanner -    └─ Próximo permitido em: 1729.1 minutos
2026-03-11 10:51:02 [WARNING] root - Bloco de componentes falhou: cannot unpack non-iterable int object
2026-03-11 10:51:02 [INFO] scanner - ✅ Validações OK [BTC/USDT]: Score=7.3, R:R=2.08
2026-03-11 10:51:02 [INFO] scanner - ⏸️  Throttle ativo [BTC/USDT]:
2026-03-11 10:51:02 [INFO] scanner -    ├─ Último alerta há 70.9 minutos
2026-03-11 10:51:02 [INFO] scanner -    ├─ Tempo mínimo: 1800 minutos
2026-03-11 10:51:02 [INFO] scanner -    └─ Próximo permitido em: 1729.1 minutos
2026-03-11 10:51:04 [WARNING] root - Bloco de componentes falhou: cannot unpack non-iterable int object
2026-03-11 10:51:04 [INFO] scanner - ✅ Validações OK [ETH/USDT]: Score=8.8, R:R=2.00
2026-03-11 10:51:04 [INFO] scanner - ⏸️  Throttle ativo [ETH/USDT]:
2026-03-11 10:51:04 [INFO] scanner -    ├─ Último alerta há 1123.8 minutos
2026-03-11 10:51:04 [INFO] scanner -    ├─ Tempo mínimo: 1800 minutos
2026-03-11 10:51:04 [INFO] scanner -    └─ Próximo permitido em: 676.2 minutos
2026-03-11 10:51:04 [WARNING] root - Bloco de componentes falhou: cannot unpack non-iterable int object
2026-03-11 10:51:04 [INFO] scanner - ✅ Validações OK [ETH/USDT]: Score=7.3, R:R=2.00
2026-03-11 10:51:04 [INFO] scanner - ⏸️  Throttle ativo [ETH/USDT]:
2026-03-11 10:51:04 [INFO] scanner -    ├─ Último alerta há 1123.8 minutos
2026-03-11 10:51:04 [INFO] scanner -    ├─ Tempo mínimo: 1800 minutos
2026-03-11 10:51:04 [INFO] scanner -    └─ Próximo permitido em: 676.2 minutos
2026-03-11 10:51:04 [WARNING] root - Bloco de componentes falhou: cannot unpack non-iterable int object
2026-03-11 10:51:04 [INFO] scanner - ✅ Validações OK [ETH/USDT]: Score=7.3, R:R=2.00
2026-03-11 10:51:04 [INFO] scanner - ⏸️  Throttle ativo [ETH/USDT]:
2026-03-11 10:51:04 [INFO] scanner -    ├─ Último alerta há 1123.8 minutos
2026-03-11 10:51:04 [INFO] scanner -    ├─ Tempo mínimo: 1800 minutos
2026-03-11 10:51:04 [INFO] scanner -    └─ Próximo permitido em: 676.2 minutos
2026-03-11 10:51:04 [WARNING] root - Bloco de componentes falhou: cannot unpack non-iterable int object
2026-03-11 10:51:04 [INFO] scanner - ✅ Validações OK [ETH/USDT]: Score=7.3, R:R=2.00
2026-03-11 10:51:04 [INFO] scanner - ⏸️  Throttle ativo [ETH/USDT]:
2026-03-11 10:51:04 [INFO] scanner -    ├─ Último alerta há 1123.8 minutos
2026-03-11 10:51:04 [INFO] scanner -    ├─ Tempo mínimo: 1800 minutos
2026-03-11 10:51:04 [INFO] scanner -    └─ Próximo permitido em: 676.2 minutos
2026-03-11 11:40:45 [INFO] scanner - ============================================================
2026-03-11 11:40:45 [INFO] scanner - 🚀 SCANNER INICIADO
2026-03-11 11:40:45 [INFO] scanner - 📅 Data/Hora: 11/03/2026 11:40:45
2026-03-11 11:40:45 [INFO] scanner - 📂 Log: logs/scanner_2026-03-11.log
2026-03-11 11:40:45 [INFO] scanner - ============================================================
2026-03-11 11:40:45 [INFO] scanner - 📝 PAPER MODE ATIVO - Apenas registro e análise
2026-03-11 11:40:48 [WARNING] root - Bloco de componentes falhou: cannot unpack non-iterable int object
2026-03-11 11:40:48 [INFO] scanner - ✅ Validações OK [BTC/USDT]: Score=10.0, R:R=2.08
2026-03-11 11:40:48 [INFO] scanner - ⏸️  Throttle ativo [BTC/USDT]:
2026-03-11 11:40:48 [INFO] scanner -    ├─ Último alerta há 120.7 minutos
2026-03-11 11:40:48 [INFO] scanner -    ├─ Tempo mínimo: 1800 minutos
2026-03-11 11:40:48 [INFO] scanner -    └─ Próximo permitido em: 1679.3 minutos
2026-03-11 11:40:49 [WARNING] root - Bloco de componentes falhou: cannot unpack non-iterable int object
2026-03-11 11:40:49 [INFO] scanner - ✅ Validações OK [BTC/USDT]: Score=7.3, R:R=2.08
2026-03-11 11:40:49 [INFO] scanner - ⏸️  Throttle ativo [BTC/USDT]:
2026-03-11 11:40:49 [INFO] scanner -    ├─ Último alerta há 120.7 minutos
2026-03-11 11:40:49 [INFO] scanner -    ├─ Tempo mínimo: 1800 minutos
2026-03-11 11:40:49 [INFO] scanner -    └─ Próximo permitido em: 1679.3 minutos
2026-03-11 11:40:49 [WARNING] root - Bloco de componentes falhou: cannot unpack non-iterable int object
2026-03-11 11:40:49 [INFO] scanner - ✅ Validações OK [BTC/USDT]: Score=7.3, R:R=2.08
2026-03-11 11:40:49 [INFO] scanner - ⏸️  Throttle ativo [BTC/USDT]:
2026-03-11 11:40:49 [INFO] scanner -    ├─ Último alerta há 120.7 minutos
2026-03-11 11:40:49 [INFO] scanner -    ├─ Tempo mínimo: 1800 minutos
2026-03-11 11:40:49 [INFO] scanner -    └─ Próximo permitido em: 1679.3 minutos
2026-03-11 11:40:51 [WARNING] root - Bloco de componentes falhou: cannot unpack non-iterable int object
2026-03-11 11:40:51 [INFO] scanner - ✅ Validações OK [ETH/USDT]: Score=10.0, R:R=2.00
2026-03-11 11:40:51 [INFO] scanner - ⏸️  Throttle ativo [ETH/USDT]:
2026-03-11 11:40:51 [INFO] scanner -    ├─ Último alerta há 1173.6 minutos
2026-03-11 11:40:51 [INFO] scanner -    ├─ Tempo mínimo: 1800 minutos
2026-03-11 11:40:51 [INFO] scanner -    └─ Próximo permitido em: 626.4 minutos
2026-03-11 11:40:51 [WARNING] root - Bloco de componentes falhou: cannot unpack non-iterable int object
2026-03-11 11:40:51 [INFO] scanner - ✅ Validações OK [ETH/USDT]: Score=7.3, R:R=2.00
2026-03-11 11:40:51 [INFO] scanner - ⏸️  Throttle ativo [ETH/USDT]:
2026-03-11 11:40:51 [INFO] scanner -    ├─ Último alerta há 1173.6 minutos
2026-03-11 11:40:51 [INFO] scanner -    ├─ Tempo mínimo: 1800 minutos
2026-03-11 11:40:51 [INFO] scanner -    └─ Próximo permitido em: 626.4 minutos
2026-03-11 11:40:51 [WARNING] root - Bloco de componentes falhou: cannot unpack non-iterable int object
2026-03-11 11:40:51 [INFO] scanner - ✅ Validações OK [ETH/USDT]: Score=7.3, R:R=2.00
2026-03-11 11:40:51 [INFO] scanner - ⏸️  Throttle ativo [ETH/USDT]:
2026-03-11 11:40:51 [INFO] scanner -    ├─ Último alerta há 1173.6 minutos
2026-03-11 11:40:51 [INFO] scanner -    ├─ Tempo mínimo: 1800 minutos
2026-03-11 11:40:51 [INFO] scanner -    └─ Próximo permitido em: 626.4 minutos
2026-03-11 12:29:32 [INFO] scanner - ============================================================
2026-03-11 12:29:32 [INFO] scanner - 🚀 SCANNER INICIADO
2026-03-11 12:29:32 [INFO] scanner - 📅 Data/Hora: 11/03/2026 12:29:32
2026-03-11 12:29:32 [INFO] scanner - 📂 Log: logs/scanner_2026-03-11.log
2026-03-11 12:29:32 [INFO] scanner - ============================================================
2026-03-11 12:29:32 [INFO] scanner - 📝 PAPER MODE ATIVO - Apenas registro e análise
2026-03-11 12:29:36 [WARNING] root - Bloco de componentes falhou: cannot unpack non-iterable int object
2026-03-11 12:29:36 [INFO] scanner - ✅ Validações OK [BTC/USDT]: Score=7.3, R:R=2.08
2026-03-11 12:29:36 [INFO] scanner - ⏸️  Throttle ativo [BTC/USDT]:
2026-03-11 12:29:36 [INFO] scanner -    ├─ Último alerta há 169.5 minutos
2026-03-11 12:29:36 [INFO] scanner -    ├─ Tempo mínimo: 1800 minutos
2026-03-11 12:29:36 [INFO] scanner -    └─ Próximo permitido em: 1630.5 minutos
2026-03-11 12:29:36 [WARNING] root - Bloco de componentes falhou: cannot unpack non-iterable int object
2026-03-11 12:29:36 [INFO] scanner - ✅ Validações OK [BTC/USDT]: Score=7.3, R:R=2.08
2026-03-11 12:29:36 [INFO] scanner - ⏸️  Throttle ativo [BTC/USDT]:
2026-03-11 12:29:36 [INFO] scanner -    ├─ Último alerta há 169.5 minutos
2026-03-11 12:29:36 [INFO] scanner -    ├─ Tempo mínimo: 1800 minutos
2026-03-11 12:29:36 [INFO] scanner -    └─ Próximo permitido em: 1630.5 minutos
2026-03-11 12:29:38 [WARNING] root - Bloco de componentes falhou: cannot unpack non-iterable int object
2026-03-11 12:29:38 [INFO] scanner - ✅ Validações OK [ETH/USDT]: Score=7.3, R:R=2.00
2026-03-11 12:29:38 [INFO] scanner - ⏸️  Throttle ativo [ETH/USDT]:
2026-03-11 12:29:38 [INFO] scanner -    ├─ Último alerta há 1222.4 minutos
2026-03-11 12:29:38 [INFO] scanner -    ├─ Tempo mínimo: 1800 minutos
2026-03-11 12:29:38 [INFO] scanner -    └─ Próximo permitido em: 577.6 minutos
2026-03-11 12:29:39 [WARNING] root - Bloco de componentes falhou: cannot unpack non-iterable int object
2026-03-11 12:29:39 [INFO] scanner - ✅ Validações OK [ETH/USDT]: Score=7.3, R:R=2.00
2026-03-11 12:29:39 [INFO] scanner - ⏸️  Throttle ativo [ETH/USDT]:
2026-03-11 12:29:39 [INFO] scanner -    ├─ Último alerta há 1222.4 minutos
2026-03-11 12:29:39 [INFO] scanner -    ├─ Tempo mínimo: 1800 minutos
2026-03-11 12:29:39 [INFO] scanner -    └─ Próximo permitido em: 577.6 minutos
2026-03-11 13:12:06 [INFO] scanner - ============================================================
2026-03-11 13:12:06 [INFO] scanner - 🚀 SCANNER INICIADO
2026-03-11 13:12:06 [INFO] scanner - 📅 Data/Hora: 11/03/2026 13:12:06
2026-03-11 13:12:06 [INFO] scanner - 📂 Log: logs/scanner_2026-03-11.log
2026-03-11 13:12:06 [INFO] scanner - ============================================================
2026-03-11 13:12:06 [INFO] scanner - 📝 PAPER MODE ATIVO - Apenas registro e análise
2026-03-11 13:12:10 [WARNING] root - Bloco de componentes falhou: cannot unpack non-iterable int object
2026-03-11 13:12:10 [INFO] scanner - ✅ Validações OK [BTC/USDT]: Score=7.3, R:R=2.08
2026-03-11 13:12:10 [INFO] scanner - ⏸️  Throttle ativo [BTC/USDT]:
2026-03-11 13:12:10 [INFO] scanner -    ├─ Último alerta há 212.0 minutos
2026-03-11 13:12:10 [INFO] scanner -    ├─ Tempo mínimo: 1800 minutos
2026-03-11 13:12:10 [INFO] scanner -    └─ Próximo permitido em: 1588.0 minutos
2026-03-11 13:12:12 [WARNING] root - Bloco de componentes falhou: cannot unpack non-iterable int object
2026-03-11 13:12:12 [INFO] scanner - ✅ Validações OK [ETH/USDT]: Score=7.3, R:R=2.00
2026-03-11 13:12:12 [INFO] scanner - ⏸️  Throttle ativo [ETH/USDT]:
2026-03-11 13:12:12 [INFO] scanner -    ├─ Último alerta há 1265.0 minutos
2026-03-11 13:12:12 [INFO] scanner -    ├─ Tempo mínimo: 1800 minutos
2026-03-11 13:12:12 [INFO] scanner -    └─ Próximo permitido em: 535.0 minutos
2026-03-11 14:10:01 [INFO] scanner - ============================================================
2026-03-11 14:10:01 [INFO] scanner - 🚀 SCANNER INICIADO
2026-03-11 14:10:01 [INFO] scanner - 📅 Data/Hora: 11/03/2026 14:10:01
2026-03-11 14:10:01 [INFO] scanner - 📂 Log: logs/scanner_2026-03-11.log
2026-03-11 14:10:01 [INFO] scanner - ============================================================
2026-03-11 14:10:01 [INFO] scanner - 📝 PAPER MODE ATIVO - Apenas registro e análise
2026-03-11 14:10:05 [WARNING] root - Bloco de componentes falhou: cannot unpack non-iterable int object
2026-03-11 14:10:05 [INFO] scanner - ✅ Validações OK [BTC/USDT]: Score=7.3, R:R=2.08
2026-03-11 14:10:05 [INFO] scanner - ⏸️  Throttle ativo [BTC/USDT]:
2026-03-11 14:10:05 [INFO] scanner -    ├─ Último alerta há 270.0 minutos
2026-03-11 14:10:05 [INFO] scanner -    ├─ Tempo mínimo: 1800 minutos
2026-03-11 14:10:05 [INFO] scanner -    └─ Próximo permitido em: 1530.0 minutos
2026-03-11 14:10:05 [WARNING] root - Bloco de componentes falhou: cannot unpack non-iterable int object
2026-03-11 14:10:05 [INFO] scanner - ✅ Validações OK [BTC/USDT]: Score=7.3, R:R=2.08
2026-03-11 14:10:05 [INFO] scanner - ⏸️  Throttle ativo [BTC/USDT]:
2026-03-11 14:10:05 [INFO] scanner -    ├─ Último alerta há 270.0 minutos
2026-03-11 14:10:05 [INFO] scanner -    ├─ Tempo mínimo: 1800 minutos
2026-03-11 14:10:05 [INFO] scanner -    └─ Próximo permitido em: 1530.0 minutos
2026-03-11 14:10:07 [WARNING] root - Bloco de componentes falhou: cannot unpack non-iterable int object
2026-03-11 14:10:07 [INFO] scanner - ✅ Validações OK [ETH/USDT]: Score=7.3, R:R=2.00
2026-03-11 14:10:07 [INFO] scanner - ⏸️  Throttle ativo [ETH/USDT]:
2026-03-11 14:10:07 [INFO] scanner -    ├─ Último alerta há 1322.9 minutos
2026-03-11 14:10:07 [INFO] scanner -    ├─ Tempo mínimo: 1800 minutos
2026-03-11 14:10:07 [INFO] scanner -    └─ Próximo permitido em: 477.1 minutos
2026-03-11 14:10:08 [WARNING] root - Bloco de componentes falhou: cannot unpack non-iterable int object
2026-03-11 14:10:08 [INFO] scanner - ✅ Validações OK [ETH/USDT]: Score=7.3, R:R=2.00
2026-03-11 14:10:08 [INFO] scanner - ⏸️  Throttle ativo [ETH/USDT]:
2026-03-11 14:10:08 [INFO] scanner -    ├─ Último alerta há 1322.9 minutos
2026-03-11 14:10:08 [INFO] scanner -    ├─ Tempo mínimo: 1800 minutos
2026-03-11 14:10:08 [INFO] scanner -    └─ Próximo permitido em: 477.1 minutos
2026-03-11 15:01:34 [INFO] scanner - ============================================================
2026-03-11 15:01:34 [INFO] scanner - 🚀 SCANNER INICIADO
2026-03-11 15:01:34 [INFO] scanner - 📅 Data/Hora: 11/03/2026 15:01:34
2026-03-11 15:01:34 [INFO] scanner - 📂 Log: logs/scanner_2026-03-11.log
2026-03-11 15:01:34 [INFO] scanner - ============================================================
2026-03-11 15:01:34 [INFO] scanner - 📝 PAPER MODE ATIVO - Apenas registro e análise
2026-03-11 15:01:37 [WARNING] root - Bloco de componentes falhou: cannot unpack non-iterable int object
2026-03-11 15:01:37 [INFO] scanner - ✅ Validações OK [BTC/USDT]: Score=7.3, R:R=2.08
2026-03-11 15:01:37 [INFO] scanner - ⏸️  Throttle ativo [BTC/USDT]:
2026-03-11 15:01:37 [INFO] scanner -    ├─ Último alerta há 321.5 minutos
2026-03-11 15:01:37 [INFO] scanner -    ├─ Tempo mínimo: 1800 minutos
2026-03-11 15:01:37 [INFO] scanner -    └─ Próximo permitido em: 1478.5 minutos
2026-03-11 15:01:37 [WARNING] root - Bloco de componentes falhou: cannot unpack non-iterable int object
2026-03-11 15:01:37 [INFO] scanner - ✅ Validações OK [BTC/USDT]: Score=7.3, R:R=2.08
2026-03-11 15:01:37 [INFO] scanner - ⏸️  Throttle ativo [BTC/USDT]:
2026-03-11 15:01:37 [INFO] scanner -    ├─ Último alerta há 321.5 minutos
2026-03-11 15:01:37 [INFO] scanner -    ├─ Tempo mínimo: 1800 minutos
2026-03-11 15:01:37 [INFO] scanner -    └─ Próximo permitido em: 1478.5 minutos
2026-03-11 15:01:39 [WARNING] root - Bloco de componentes falhou: cannot unpack non-iterable int object
2026-03-11 15:01:39 [INFO] scanner - ✅ Validações OK [ETH/USDT]: Score=7.3, R:R=2.00
2026-03-11 15:01:39 [INFO] scanner - ⏸️  Throttle ativo [ETH/USDT]:
2026-03-11 15:01:39 [INFO] scanner -    ├─ Último alerta há 1374.4 minutos
2026-03-11 15:01:39 [INFO] scanner -    ├─ Tempo mínimo: 1800 minutos
2026-03-11 15:01:39 [INFO] scanner -    └─ Próximo permitido em: 425.6 minutos
2026-03-11 15:01:40 [WARNING] root - Bloco de componentes falhou: cannot unpack non-iterable int object
2026-03-11 15:01:40 [INFO] scanner - ✅ Validações OK [ETH/USDT]: Score=7.3, R:R=2.00
2026-03-11 15:01:40 [INFO] scanner - ⏸️  Throttle ativo [ETH/USDT]:
2026-03-11 15:01:40 [INFO] scanner -    ├─ Último alerta há 1374.4 minutos
2026-03-11 15:01:40 [INFO] scanner -    ├─ Tempo mínimo: 1800 minutos
2026-03-11 15:01:40 [INFO] scanner -    └─ Próximo permitido em: 425.6 minutos
2026-03-11 16:09:15 [INFO] scanner - ============================================================
2026-03-11 16:09:15 [INFO] scanner - 🚀 SCANNER INICIADO
2026-03-11 16:09:15 [INFO] scanner - 📅 Data/Hora: 11/03/2026 16:09:15
2026-03-11 16:09:15 [INFO] scanner - 📂 Log: logs/scanner_2026-03-11.log
2026-03-11 16:09:15 [INFO] scanner - ============================================================
2026-03-11 16:09:15 [INFO] scanner - 📝 PAPER MODE ATIVO - Apenas registro e análise
2026-03-11 16:09:19 [WARNING] root - Bloco de componentes falhou: cannot unpack non-iterable int object
2026-03-11 16:09:19 [INFO] scanner - ✅ Validações OK [BTC/USDT]: Score=7.3, R:R=2.08
2026-03-11 16:09:19 [INFO] scanner - ⏸️  Throttle ativo [BTC/USDT]:
2026-03-11 16:09:19 [INFO] scanner -    ├─ Último alerta há 389.2 minutos
2026-03-11 16:09:19 [INFO] scanner -    ├─ Tempo mínimo: 1800 minutos
2026-03-11 16:09:19 [INFO] scanner -    └─ Próximo permitido em: 1410.8 minutos
2026-03-11 16:09:19 [WARNING] root - Bloco de componentes falhou: cannot unpack non-iterable int object
2026-03-11 16:09:19 [INFO] scanner - ✅ Validações OK [BTC/USDT]: Score=7.3, R:R=2.08
2026-03-11 16:09:19 [INFO] scanner - ⏸️  Throttle ativo [BTC/USDT]:
2026-03-11 16:09:19 [INFO] scanner -    ├─ Último alerta há 389.2 minutos
2026-03-11 16:09:19 [INFO] scanner -    ├─ Tempo mínimo: 1800 minutos
2026-03-11 16:09:19 [INFO] scanner -    └─ Próximo permitido em: 1410.8 minutos
2026-03-11 16:09:21 [WARNING] root - Bloco de componentes falhou: cannot unpack non-iterable int object
2026-03-11 16:09:21 [INFO] scanner - ✅ Validações OK [ETH/USDT]: Score=7.3, R:R=2.00
2026-03-11 16:09:21 [INFO] scanner - ⏸️  Throttle ativo [ETH/USDT]:
2026-03-11 16:09:21 [INFO] scanner -    ├─ Último alerta há 1442.1 minutos
2026-03-11 16:09:21 [INFO] scanner -    ├─ Tempo mínimo: 1800 minutos
2026-03-11 16:09:21 [INFO] scanner -    └─ Próximo permitido em: 357.9 minutos
2026-03-11 16:09:22 [WARNING] root - Bloco de componentes falhou: cannot unpack non-iterable int object
2026-03-11 16:09:22 [INFO] scanner - ✅ Validações OK [ETH/USDT]: Score=7.3, R:R=2.00
2026-03-11 16:09:22 [INFO] scanner - ⏸️  Throttle ativo [ETH/USDT]:
2026-03-11 16:09:22 [INFO] scanner -    ├─ Último alerta há 1442.1 minutos
2026-03-11 16:09:22 [INFO] scanner -    ├─ Tempo mínimo: 1800 minutos
2026-03-11 16:09:22 [INFO] scanner -    └─ Próximo permitido em: 357.9 minutos
2026-03-11 16:49:24 [INFO] scanner - ============================================================
2026-03-11 16:49:24 [INFO] scanner - 🚀 SCANNER INICIADO
2026-03-11 16:49:24 [INFO] scanner - 📅 Data/Hora: 11/03/2026 16:49:24
2026-03-11 16:49:24 [INFO] scanner - 📂 Log: logs/scanner_2026-03-11.log
2026-03-11 16:49:24 [INFO] scanner - ============================================================
2026-03-11 16:49:24 [INFO] scanner - 📝 PAPER MODE ATIVO - Apenas registro e análise
2026-03-11 16:49:31 [WARNING] root - Bloco de componentes falhou: cannot unpack non-iterable int object
2026-03-11 16:49:31 [INFO] scanner - ✅ Validações OK [BTC/USDT]: Score=7.3, R:R=2.08
2026-03-11 16:49:31 [INFO] scanner - ⏸️  Throttle ativo [BTC/USDT]:
2026-03-11 16:49:31 [INFO] scanner -    ├─ Último alerta há 429.4 minutos
2026-03-11 16:49:31 [INFO] scanner -    ├─ Tempo mínimo: 1800 minutos
2026-03-11 16:49:31 [INFO] scanner -    └─ Próximo permitido em: 1370.6 minutos
2026-03-11 16:49:35 [WARNING] root - Bloco de componentes falhou: cannot unpack non-iterable int object
2026-03-11 16:49:35 [INFO] scanner - ✅ Validações OK [ETH/USDT]: Score=7.3, R:R=2.00
2026-03-11 16:49:35 [INFO] scanner - ⏸️  Throttle ativo [ETH/USDT]:
2026-03-11 16:49:35 [INFO] scanner -    ├─ Último alerta há 1482.3 minutos
2026-03-11 16:49:35 [INFO] scanner -    ├─ Tempo mínimo: 1800 minutos
2026-03-11 16:49:35 [INFO] scanner -    └─ Próximo permitido em: 317.7 minutos
2026-03-11 16:49:36 [WARNING] root - Bloco de componentes falhou: cannot unpack non-iterable int object
2026-03-11 16:49:36 [INFO] scanner - ✅ Validações OK [ETH/USDT]: Score=7.3, R:R=2.00
2026-03-11 16:49:36 [INFO] scanner - ⏸️  Throttle ativo [ETH/USDT]:
2026-03-11 16:49:36 [INFO] scanner -    ├─ Último alerta há 1482.4 minutos
2026-03-11 16:49:36 [INFO] scanner -    ├─ Tempo mínimo: 1800 minutos
2026-03-11 16:49:36 [INFO] scanner -    └─ Próximo permitido em: 317.6 minutos
2026-03-11 17:25:54 [INFO] scanner - ============================================================
2026-03-11 17:25:54 [INFO] scanner - 🚀 SCANNER INICIADO
2026-03-11 17:25:54 [INFO] scanner - 📅 Data/Hora: 11/03/2026 17:25:54
2026-03-11 17:25:54 [INFO] scanner - 📂 Log: logs/scanner_2026-03-11.log
2026-03-11 17:25:54 [INFO] scanner - ============================================================
2026-03-11 17:25:54 [INFO] scanner - 📝 PAPER MODE ATIVO - Apenas registro e análise
2026-03-11 17:25:57 [WARNING] root - Bloco de componentes falhou: cannot unpack non-iterable int object
2026-03-11 17:25:57 [INFO] scanner - ✅ Validações OK [BTC/USDT]: Score=7.3, R:R=2.08
2026-03-11 17:25:57 [INFO] scanner - ⏸️  Throttle ativo [BTC/USDT]:
2026-03-11 17:25:57 [INFO] scanner -    ├─ Último alerta há 465.8 minutos
2026-03-11 17:25:57 [INFO] scanner -    ├─ Tempo mínimo: 1800 minutos
2026-03-11 17:25:57 [INFO] scanner -    └─ Próximo permitido em: 1334.2 minutos
2026-03-11 17:25:58 [WARNING] root - Bloco de componentes falhou: cannot unpack non-iterable int object
2026-03-11 17:25:58 [INFO] scanner - ✅ Validações OK [BTC/USDT]: Score=7.3, R:R=2.08
2026-03-11 17:25:58 [INFO] scanner - ⏸️  Throttle ativo [BTC/USDT]:
2026-03-11 17:25:58 [INFO] scanner -    ├─ Último alerta há 465.8 minutos
2026-03-11 17:25:58 [INFO] scanner -    ├─ Tempo mínimo: 1800 minutos
2026-03-11 17:25:58 [INFO] scanner -    └─ Próximo permitido em: 1334.2 minutos
2026-03-11 17:26:00 [WARNING] root - Bloco de componentes falhou: cannot unpack non-iterable int object
2026-03-11 17:26:00 [INFO] scanner - ✅ Validações OK [ETH/USDT]: Score=7.3, R:R=2.00
2026-03-11 17:26:00 [INFO] scanner - ⏸️  Throttle ativo [ETH/USDT]:
2026-03-11 17:26:00 [INFO] scanner -    ├─ Último alerta há 1518.8 minutos
2026-03-11 17:26:00 [INFO] scanner -    ├─ Tempo mínimo: 1800 minutos
2026-03-11 17:26:00 [INFO] scanner -    └─ Próximo permitido em: 281.2 minutos
2026-03-11 17:26:00 [WARNING] root - Bloco de componentes falhou: cannot unpack non-iterable int object
2026-03-11 17:26:00 [INFO] scanner - ✅ Validações OK [ETH/USDT]: Score=7.3, R:R=2.00
2026-03-11 17:26:00 [INFO] scanner - ⏸️  Throttle ativo [ETH/USDT]:
2026-03-11 17:26:00 [INFO] scanner -    ├─ Último alerta há 1518.8 minutos
2026-03-11 17:26:00 [INFO] scanner -    ├─ Tempo mínimo: 1800 minutos
2026-03-11 17:26:00 [INFO] scanner -    └─ Próximo permitido em: 281.2 minutos
2026-03-11 17:55:55 [INFO] scanner - ============================================================
2026-03-11 17:55:55 [INFO] scanner - 🚀 SCANNER INICIADO
2026-03-11 17:55:55 [INFO] scanner - 📅 Data/Hora: 11/03/2026 17:55:55
2026-03-11 17:55:55 [INFO] scanner - 📂 Log: logs/scanner_2026-03-11.log
2026-03-11 17:55:55 [INFO] scanner - ============================================================
2026-03-11 17:55:55 [INFO] scanner - 📝 PAPER MODE ATIVO - Apenas registro e análise
2026-03-11 17:55:59 [WARNING] root - Bloco de componentes falhou: cannot unpack non-iterable int object
2026-03-11 17:55:59 [INFO] scanner - ✅ Validações OK [BTC/USDT]: Score=7.3, R:R=2.08
2026-03-11 17:55:59 [INFO] scanner - ⏸️  Throttle ativo [BTC/USDT]:
2026-03-11 17:55:59 [INFO] scanner -    ├─ Último alerta há 495.9 minutos
2026-03-11 17:55:59 [INFO] scanner -    ├─ Tempo mínimo: 1800 minutos
2026-03-11 17:55:59 [INFO] scanner -    └─ Próximo permitido em: 1304.1 minutos
2026-03-11 17:56:01 [WARNING] root - Bloco de componentes falhou: cannot unpack non-iterable int object
2026-03-11 17:56:01 [INFO] scanner - ✅ Validações OK [ETH/USDT]: Score=7.3, R:R=2.00
2026-03-11 17:56:01 [INFO] scanner - ⏸️  Throttle ativo [ETH/USDT]:
2026-03-11 17:56:01 [INFO] scanner -    ├─ Último alerta há 1548.8 minutos
2026-03-11 17:56:01 [INFO] scanner -    ├─ Tempo mínimo: 1800 minutos
2026-03-11 17:56:01 [INFO] scanner -    └─ Próximo permitido em: 251.2 minutos
2026-03-11 17:56:02 [WARNING] root - Bloco de componentes falhou: cannot unpack non-iterable int object
2026-03-11 17:56:02 [INFO] scanner - ✅ Validações OK [ETH/USDT]: Score=7.3, R:R=2.00
2026-03-11 17:56:02 [INFO] scanner - ⏸️  Throttle ativo [ETH/USDT]:
2026-03-11 17:56:02 [INFO] scanner -    ├─ Último alerta há 1548.8 minutos
2026-03-11 17:56:02 [INFO] scanner -    ├─ Tempo mínimo: 1800 minutos
2026-03-11 17:56:02 [INFO] scanner -    └─ Próximo permitido em: 251.2 minutos
2026-03-11 18:26:12 [INFO] scanner - ============================================================
2026-03-11 18:26:12 [INFO] scanner - 🚀 SCANNER INICIADO
2026-03-11 18:26:12 [INFO] scanner - 📅 Data/Hora: 11/03/2026 18:26:12
2026-03-11 18:26:12 [INFO] scanner - 📂 Log: logs/scanner_2026-03-11.log
2026-03-11 18:26:12 [INFO] scanner - ============================================================
2026-03-11 18:26:12 [INFO] scanner - 📝 PAPER MODE ATIVO - Apenas registro e análise
2026-03-11 18:26:15 [WARNING] root - Bloco de componentes falhou: cannot unpack non-iterable int object
2026-03-11 18:26:15 [INFO] scanner - ✅ Validações OK [BTC/USDT]: Score=7.3, R:R=2.08
2026-03-11 18:26:15 [INFO] scanner - ⏸️  Throttle ativo [BTC/USDT]:
2026-03-11 18:26:15 [INFO] scanner -    ├─ Último alerta há 526.1 minutos
2026-03-11 18:26:15 [INFO] scanner -    ├─ Tempo mínimo: 1800 minutos
2026-03-11 18:26:15 [INFO] scanner -    └─ Próximo permitido em: 1273.9 minutos
2026-03-11 18:26:17 [WARNING] root - Bloco de componentes falhou: cannot unpack non-iterable int object
2026-03-11 18:26:17 [INFO] scanner - ✅ Validações OK [ETH/USDT]: Score=7.3, R:R=2.00
2026-03-11 18:26:17 [INFO] scanner - ⏸️  Throttle ativo [ETH/USDT]:
2026-03-11 18:26:17 [INFO] scanner -    ├─ Último alerta há 1579.0 minutos
2026-03-11 18:26:17 [INFO] scanner -    ├─ Tempo mínimo: 1800 minutos
2026-03-11 18:26:17 [INFO] scanner -    └─ Próximo permitido em: 221.0 minutos
2026-03-11 18:54:04 [INFO] scanner - ============================================================
2026-03-11 18:54:04 [INFO] scanner - 🚀 SCANNER INICIADO
2026-03-11 18:54:04 [INFO] scanner - 📅 Data/Hora: 11/03/2026 18:54:04
2026-03-11 18:54:04 [INFO] scanner - 📂 Log: logs/scanner_2026-03-11.log
2026-03-11 18:54:04 [INFO] scanner - ============================================================
2026-03-11 18:54:04 [INFO] scanner - 📝 PAPER MODE ATIVO - Apenas registro e análise
2026-03-11 18:54:07 [WARNING] root - Bloco de componentes falhou: cannot unpack non-iterable int object
2026-03-11 18:54:07 [INFO] scanner - ✅ Validações OK [BTC/USDT]: Score=7.3, R:R=2.08
2026-03-11 18:54:07 [INFO] scanner - ⏸️  Throttle ativo [BTC/USDT]:
2026-03-11 18:54:07 [INFO] scanner -    ├─ Último alerta há 554.0 minutos
2026-03-11 18:54:07 [INFO] scanner -    ├─ Tempo mínimo: 1800 minutos
2026-03-11 18:54:07 [INFO] scanner -    └─ Próximo permitido em: 1246.0 minutos
2026-03-11 18:54:09 [WARNING] root - Bloco de componentes falhou: cannot unpack non-iterable int object
2026-03-11 18:54:09 [INFO] scanner - ✅ Validações OK [ETH/USDT]: Score=7.3, R:R=2.00
2026-03-11 18:54:09 [INFO] scanner - ⏸️  Throttle ativo [ETH/USDT]:
2026-03-11 18:54:09 [INFO] scanner -    ├─ Último alerta há 1606.9 minutos
2026-03-11 18:54:09 [INFO] scanner -    ├─ Tempo mínimo: 1800 minutos
2026-03-11 18:54:09 [INFO] scanner -    └─ Próximo permitido em: 193.1 minutos
2026-03-11 18:54:09 [WARNING] root - Bloco de componentes falhou: cannot unpack non-iterable int object
2026-03-11 18:54:09 [INFO] scanner - ✅ Validações OK [ETH/USDT]: Score=7.3, R:R=2.00
2026-03-11 18:54:09 [INFO] scanner - ⏸️  Throttle ativo [ETH/USDT]:
2026-03-11 18:54:09 [INFO] scanner -    ├─ Último alerta há 1606.9 minutos
2026-03-11 18:54:09 [INFO] scanner -    ├─ Tempo mínimo: 1800 minutos
2026-03-11 18:54:09 [INFO] scanner -    └─ Próximo permitido em: 193.1 minutos
2026-03-11 19:19:53 [INFO] scanner - ============================================================
2026-03-11 19:19:53 [INFO] scanner - 🚀 SCANNER INICIADO
2026-03-11 19:19:53 [INFO] scanner - 📅 Data/Hora: 11/03/2026 19:19:53
2026-03-11 19:19:53 [INFO] scanner - 📂 Log: logs/scanner_2026-03-11.log
2026-03-11 19:19:53 [INFO] scanner - ============================================================
2026-03-11 19:19:53 [INFO] scanner - 📝 PAPER MODE ATIVO - Apenas registro e análise
2026-03-11 19:19:56 [WARNING] root - Bloco de componentes falhou: cannot unpack non-iterable int object
2026-03-11 19:19:56 [INFO] scanner - ✅ Validações OK [BTC/USDT]: Score=7.3, R:R=2.08
2026-03-11 19:19:56 [INFO] scanner - ⏸️  Throttle ativo [BTC/USDT]:
2026-03-11 19:19:56 [INFO] scanner -    ├─ Último alerta há 579.8 minutos
2026-03-11 19:19:56 [INFO] scanner -    ├─ Tempo mínimo: 1800 minutos
2026-03-11 19:19:56 [INFO] scanner -    └─ Próximo permitido em: 1220.2 minutos
2026-03-11 19:19:58 [WARNING] root - Bloco de componentes falhou: cannot unpack non-iterable int object
2026-03-11 19:19:58 [INFO] scanner - ✅ Validações OK [ETH/USDT]: Score=7.3, R:R=2.00
2026-03-11 19:19:58 [INFO] scanner - ⏸️  Throttle ativo [ETH/USDT]:
2026-03-11 19:19:58 [INFO] scanner -    ├─ Último alerta há 1632.7 minutos
2026-03-11 19:19:58 [INFO] scanner -    ├─ Tempo mínimo: 1800 minutos
2026-03-11 19:19:58 [INFO] scanner -    └─ Próximo permitido em: 167.3 minutos
2026-03-11 19:47:26 [INFO] scanner - ============================================================
2026-03-11 19:47:26 [INFO] scanner - 🚀 SCANNER INICIADO
2026-03-11 19:47:26 [INFO] scanner - 📅 Data/Hora: 11/03/2026 19:47:26
2026-03-11 19:47:26 [INFO] scanner - 📂 Log: logs/scanner_2026-03-11.log
2026-03-11 19:47:26 [INFO] scanner - ============================================================
2026-03-11 19:47:26 [INFO] scanner - 📝 PAPER MODE ATIVO - Apenas registro e análise
2026-03-11 19:47:30 [WARNING] root - Bloco de componentes falhou: cannot unpack non-iterable int object
2026-03-11 19:47:30 [INFO] scanner - ✅ Validações OK [BTC/USDT]: Score=7.3, R:R=2.08
2026-03-11 19:47:30 [INFO] scanner - ⏸️  Throttle ativo [BTC/USDT]:
2026-03-11 19:47:30 [INFO] scanner -    ├─ Último alerta há 607.4 minutos
2026-03-11 19:47:30 [INFO] scanner -    ├─ Tempo mínimo: 1800 minutos
2026-03-11 19:47:30 [INFO] scanner -    └─ Próximo permitido em: 1192.6 minutos
2026-03-11 19:47:30 [WARNING] root - Bloco de componentes falhou: cannot unpack non-iterable int object
2026-03-11 19:47:30 [INFO] scanner - ✅ Validações OK [BTC/USDT]: Score=7.3, R:R=2.08
2026-03-11 19:47:30 [INFO] scanner - ⏸️  Throttle ativo [BTC/USDT]:
2026-03-11 19:47:30 [INFO] scanner -    ├─ Último alerta há 607.4 minutos
2026-03-11 19:47:30 [INFO] scanner -    ├─ Tempo mínimo: 1800 minutos
2026-03-11 19:47:30 [INFO] scanner -    └─ Próximo permitido em: 1192.6 minutos
2026-03-11 19:47:32 [WARNING] root - Bloco de componentes falhou: cannot unpack non-iterable int object
2026-03-11 19:47:32 [INFO] scanner - ✅ Validações OK [ETH/USDT]: Score=7.3, R:R=2.00
2026-03-11 19:47:32 [INFO] scanner - ⏸️  Throttle ativo [ETH/USDT]:
2026-03-11 19:47:32 [INFO] scanner -    ├─ Último alerta há 1660.3 minutos
2026-03-11 19:47:32 [INFO] scanner -    ├─ Tempo mínimo: 1800 minutos
2026-03-11 19:47:32 [INFO] scanner -    └─ Próximo permitido em: 139.7 minutos
2026-03-11 19:47:33 [WARNING] root - Bloco de componentes falhou: cannot unpack non-iterable int object
2026-03-11 19:47:33 [INFO] scanner - ✅ Validações OK [ETH/USDT]: Score=7.3, R:R=2.00
2026-03-11 19:47:33 [INFO] scanner - ⏸️  Throttle ativo [ETH/USDT]:
2026-03-11 19:47:33 [INFO] scanner -    ├─ Último alerta há 1660.3 minutos
2026-03-11 19:47:33 [INFO] scanner -    ├─ Tempo mínimo: 1800 minutos
2026-03-11 19:47:33 [INFO] scanner -    └─ Próximo permitido em: 139.7 minutos
2026-03-11 20:18:05 [INFO] scanner - ============================================================
2026-03-11 20:18:05 [INFO] scanner - 🚀 SCANNER INICIADO
2026-03-11 20:18:05 [INFO] scanner - 📅 Data/Hora: 11/03/2026 20:18:05
2026-03-11 20:18:05 [INFO] scanner - 📂 Log: logs/scanner_2026-03-11.log
2026-03-11 20:18:05 [INFO] scanner - ============================================================
2026-03-11 20:18:05 [INFO] scanner - 📝 PAPER MODE ATIVO - Apenas registro e análise
2026-03-11 20:18:09 [WARNING] root - Bloco de componentes falhou: cannot unpack non-iterable int object
2026-03-11 20:18:09 [INFO] scanner - ✅ Validações OK [BTC/USDT]: Score=7.3, R:R=2.08
2026-03-11 20:18:09 [INFO] scanner - ⏸️  Throttle ativo [BTC/USDT]:
2026-03-11 20:18:09 [INFO] scanner -    ├─ Último alerta há 638.0 minutos
2026-03-11 20:18:09 [INFO] scanner -    ├─ Tempo mínimo: 1800 minutos
2026-03-11 20:18:09 [INFO] scanner -    └─ Próximo permitido em: 1162.0 minutos
2026-03-11 20:18:11 [WARNING] root - Bloco de componentes falhou: cannot unpack non-iterable int object
2026-03-11 20:18:11 [INFO] scanner - ✅ Validações OK [ETH/USDT]: Score=7.3, R:R=2.00
2026-03-11 20:18:11 [INFO] scanner - ⏸️  Throttle ativo [ETH/USDT]:
2026-03-11 20:18:11 [INFO] scanner -    ├─ Último alerta há 1690.9 minutos
2026-03-11 20:18:11 [INFO] scanner -    ├─ Tempo mínimo: 1800 minutos
2026-03-11 20:18:11 [INFO] scanner -    └─ Próximo permitido em: 109.1 minutos
2026-03-11 20:46:47 [INFO] scanner - ============================================================
2026-03-11 20:46:47 [INFO] scanner - 🚀 SCANNER INICIADO
2026-03-11 20:46:47 [INFO] scanner - 📅 Data/Hora: 11/03/2026 20:46:47
2026-03-11 20:46:47 [INFO] scanner - 📂 Log: logs/scanner_2026-03-11.log
2026-03-11 20:46:47 [INFO] scanner - ============================================================
2026-03-11 20:46:47 [INFO] scanner - 📝 PAPER MODE ATIVO - Apenas registro e análise
2026-03-11 20:46:50 [WARNING] root - Bloco de componentes falhou: cannot unpack non-iterable int object
2026-03-11 20:46:50 [INFO] scanner - ✅ Validações OK [BTC/USDT]: Score=7.3, R:R=2.08
2026-03-11 20:46:50 [INFO] scanner - ⏸️  Throttle ativo [BTC/USDT]:
2026-03-11 20:46:50 [INFO] scanner -    ├─ Último alerta há 666.7 minutos
2026-03-11 20:46:50 [INFO] scanner -    ├─ Tempo mínimo: 1800 minutos
2026-03-11 20:46:50 [INFO] scanner -    └─ Próximo permitido em: 1133.3 minutos
2026-03-11 20:46:52 [WARNING] root - Bloco de componentes falhou: cannot unpack non-iterable int object
2026-03-11 20:46:52 [INFO] scanner - ✅ Validações OK [ETH/USDT]: Score=7.3, R:R=2.00
2026-03-11 20:46:52 [INFO] scanner - ⏸️  Throttle ativo [ETH/USDT]:
2026-03-11 20:46:52 [INFO] scanner -    ├─ Último alerta há 1719.6 minutos
2026-03-11 20:46:52 [INFO] scanner -    ├─ Tempo mínimo: 1800 minutos
2026-03-11 20:46:52 [INFO] scanner -    └─ Próximo permitido em: 80.4 minutos
2026-03-11 20:46:53 [WARNING] root - Bloco de componentes falhou: cannot unpack non-iterable int object
2026-03-11 20:46:53 [INFO] scanner - ✅ Validações OK [ETH/USDT]: Score=7.3, R:R=2.00
2026-03-11 20:46:53 [INFO] scanner - ⏸️  Throttle ativo [ETH/USDT]:
2026-03-11 20:46:53 [INFO] scanner -    ├─ Último alerta há 1719.6 minutos
2026-03-11 20:46:53 [INFO] scanner -    ├─ Tempo mínimo: 1800 minutos
2026-03-11 20:46:53 [INFO] scanner -    └─ Próximo permitido em: 80.4 minutos
