2025-12-04 03:21:09 [INFO] scanner - ============================================================
2025-12-04 03:21:09 [INFO] scanner - 🚀 SCANNER INICIADO
2025-12-04 03:21:09 [INFO] scanner - 📅 Data/Hora: 04/12/2025 03:21:09
2025-12-04 03:21:09 [INFO] scanner - 📂 Log: logs/scanner_2025-12-04.log
2025-12-04 03:21:09 [INFO] scanner - ============================================================
2025-12-04 03:21:09 [INFO] scanner - 📝 PAPER MODE ATIVO - Apenas registro e análise
2025-12-04 03:21:13 [WARNING] root - Bloco de componentes falhou: cannot unpack non-iterable int object
2025-12-04 03:21:13 [INFO] scanner - ✅ Validações OK [BTC/USDT]: Score=7.3, R:R=2.08
2025-12-04 03:21:13 [INFO] scanner - ⏸️  Throttle ativo [BTC/USDT]:
2025-12-04 03:21:13 [INFO] scanner -    ├─ Último alerta há 1073.3 minutos
2025-12-04 03:21:13 [INFO] scanner -    ├─ Tempo mínimo: 1800 minutos
2025-12-04 03:21:13 [INFO] scanner -    └─ Próximo permitido em: 726.7 minutos
2025-12-04 03:21:15 [WARNING] root - Bloco de componentes falhou: cannot unpack non-iterable int object
2025-12-04 03:21:15 [INFO] scanner - ✅ Validações OK [ETH/USDT]: Score=7.8, R:R=2.00
2025-12-04 03:21:15 [INFO] scanner - ⏸️  Throttle ativo [ETH/USDT]:
2025-12-04 03:21:15 [INFO] scanner -    ├─ Último alerta há 688.8 minutos
2025-12-04 03:21:15 [INFO] scanner -    ├─ Tempo mínimo: 1800 minutos
2025-12-04 03:21:15 [INFO] scanner -    └─ Próximo permitido em: 1111.2 minutos
2025-12-04 03:21:15 [WARNING] root - Bloco de componentes falhou: cannot unpack non-iterable int object
2025-12-04 03:21:15 [INFO] scanner - ✅ Validações OK [ETH/USDT]: Score=7.8, R:R=2.00
2025-12-04 03:21:15 [INFO] scanner - ⏸️  Throttle ativo [ETH/USDT]:
2025-12-04 03:21:15 [INFO] scanner -    ├─ Último alerta há 688.8 minutos
2025-12-04 03:21:15 [INFO] scanner -    ├─ Tempo mínimo: 1800 minutos
2025-12-04 03:21:15 [INFO] scanner -    └─ Próximo permitido em: 1111.2 minutos
