2026-03-17 03:54:36 [INFO] scanner - ============================================================
2026-03-17 03:54:36 [INFO] scanner - 🚀 SCANNER INICIADO
2026-03-17 03:54:36 [INFO] scanner - 📅 Data/Hora: 17/03/2026 03:54:36
2026-03-17 03:54:36 [INFO] scanner - 📂 Log: logs/scanner_2026-03-17.log
2026-03-17 03:54:36 [INFO] scanner - ============================================================
2026-03-17 03:54:36 [INFO] scanner - 📝 PAPER MODE ATIVO - Apenas registro e análise
2026-03-17 03:54:40 [WARNING] root - Bloco de componentes falhou: cannot unpack non-iterable int object
2026-03-17 03:54:40 [INFO] scanner - ✅ Validações OK [BTC/USDT]: Score=7.8, R:R=2.08
2026-03-17 03:54:40 [INFO] scanner - ⏸️  Throttle ativo [BTC/USDT]:
2026-03-17 03:54:40 [INFO] scanner -    ├─ Último alerta há 598.2 minutos
2026-03-17 03:54:40 [INFO] scanner -    ├─ Tempo mínimo: 1800 minutos
2026-03-17 03:54:40 [INFO] scanner -    └─ Próximo permitido em: 1201.8 minutos
2026-03-17 03:54:42 [WARNING] root - Bloco de componentes falhou: cannot unpack non-iterable int object
2026-03-17 03:54:42 [INFO] scanner - ✅ Validações OK [ETH/USDT]: Score=7.8, R:R=2.00
2026-03-17 03:54:42 [INFO] scanner - ⏸️  Throttle ativo [ETH/USDT]:
2026-03-17 03:54:42 [INFO] scanner -    ├─ Último alerta há 1428.2 minutos
2026-03-17 03:54:42 [INFO] scanner -    ├─ Tempo mínimo: 1800 minutos
2026-03-17 03:54:42 [INFO] scanner -    └─ Próximo permitido em: 371.8 minutos
2026-03-17 04:50:05 [INFO] scanner - ============================================================
2026-03-17 04:50:05 [INFO] scanner - 🚀 SCANNER INICIADO
2026-03-17 04:50:05 [INFO] scanner - 📅 Data/Hora: 17/03/2026 04:50:05
2026-03-17 04:50:05 [INFO] scanner - 📂 Log: logs/scanner_2026-03-17.log
2026-03-17 04:50:05 [INFO] scanner - ============================================================
2026-03-17 04:50:05 [INFO] scanner - 📝 PAPER MODE ATIVO - Apenas registro e análise
2026-03-17 04:50:09 [WARNING] root - Bloco de componentes falhou: cannot unpack non-iterable int object
2026-03-17 04:50:09 [INFO] scanner - ✅ Validações OK [BTC/USDT]: Score=7.3, R:R=2.08
2026-03-17 04:50:09 [INFO] scanner - ⏸️  Throttle ativo [BTC/USDT]:
2026-03-17 04:50:09 [INFO] scanner -    ├─ Último alerta há 653.7 minutos
2026-03-17 04:50:09 [INFO] scanner -    ├─ Tempo mínimo: 1800 minutos
2026-03-17 04:50:09 [INFO] scanner -    └─ Próximo permitido em: 1146.3 minutos
2026-03-17 04:50:09 [WARNING] root - Bloco de componentes falhou: cannot unpack non-iterable int object
2026-03-17 04:50:09 [INFO] scanner - ✅ Validações OK [BTC/USDT]: Score=7.3, R:R=2.08
2026-03-17 04:50:09 [INFO] scanner - ⏸️  Throttle ativo [BTC/USDT]:
2026-03-17 04:50:09 [INFO] scanner -    ├─ Último alerta há 653.7 minutos
2026-03-17 04:50:09 [INFO] scanner -    ├─ Tempo mínimo: 1800 minutos
2026-03-17 04:50:09 [INFO] scanner -    └─ Próximo permitido em: 1146.3 minutos
2026-03-17 04:50:12 [WARNING] root - Bloco de componentes falhou: cannot unpack non-iterable int object
2026-03-17 04:50:12 [INFO] scanner - ✅ Validações OK [ETH/USDT]: Score=7.3, R:R=2.00
2026-03-17 04:50:12 [INFO] scanner - ⏸️  Throttle ativo [ETH/USDT]:
2026-03-17 04:50:12 [INFO] scanner -    ├─ Último alerta há 1483.7 minutos
2026-03-17 04:50:12 [INFO] scanner -    ├─ Tempo mínimo: 1800 minutos
2026-03-17 04:50:12 [INFO] scanner -    └─ Próximo permitido em: 316.3 minutos
2026-03-17 04:50:12 [WARNING] root - Bloco de componentes falhou: cannot unpack non-iterable int object
2026-03-17 04:50:12 [INFO] scanner - ✅ Validações OK [ETH/USDT]: Score=7.3, R:R=2.00
2026-03-17 04:50:12 [INFO] scanner - ⏸️  Throttle ativo [ETH/USDT]:
2026-03-17 04:50:12 [INFO] scanner -    ├─ Último alerta há 1483.7 minutos
2026-03-17 04:50:12 [INFO] scanner -    ├─ Tempo mínimo: 1800 minutos
2026-03-17 04:50:12 [INFO] scanner -    └─ Próximo permitido em: 316.3 minutos
2026-03-17 05:41:50 [INFO] scanner - ============================================================
2026-03-17 05:41:50 [INFO] scanner - 🚀 SCANNER INICIADO
2026-03-17 05:41:50 [INFO] scanner - 📅 Data/Hora: 17/03/2026 05:41:50
2026-03-17 05:41:50 [INFO] scanner - 📂 Log: logs/scanner_2026-03-17.log
2026-03-17 05:41:50 [INFO] scanner - ============================================================
2026-03-17 05:41:50 [INFO] scanner - 📝 PAPER MODE ATIVO - Apenas registro e análise
2026-03-17 05:41:53 [WARNING] root - Bloco de componentes falhou: cannot unpack non-iterable int object
2026-03-17 05:41:53 [INFO] scanner - ✅ Validações OK [BTC/USDT]: Score=7.3, R:R=2.08
2026-03-17 05:41:53 [INFO] scanner - ⏸️  Throttle ativo [BTC/USDT]:
2026-03-17 05:41:53 [INFO] scanner -    ├─ Último alerta há 705.4 minutos
2026-03-17 05:41:53 [INFO] scanner -    ├─ Tempo mínimo: 1800 minutos
2026-03-17 05:41:53 [INFO] scanner -    └─ Próximo permitido em: 1094.6 minutos
2026-03-17 05:41:53 [WARNING] root - Bloco de componentes falhou: cannot unpack non-iterable int object
2026-03-17 05:41:53 [INFO] scanner - ✅ Validações OK [BTC/USDT]: Score=7.3, R:R=2.08
2026-03-17 05:41:53 [INFO] scanner - ⏸️  Throttle ativo [BTC/USDT]:
2026-03-17 05:41:53 [INFO] scanner -    ├─ Último alerta há 705.4 minutos
2026-03-17 05:41:53 [INFO] scanner -    ├─ Tempo mínimo: 1800 minutos
2026-03-17 05:41:53 [INFO] scanner -    └─ Próximo permitido em: 1094.6 minutos
2026-03-17 05:41:55 [WARNING] root - Bloco de componentes falhou: cannot unpack non-iterable int object
2026-03-17 05:41:55 [INFO] scanner - ✅ Validações OK [ETH/USDT]: Score=7.3, R:R=2.00
2026-03-17 05:41:55 [INFO] scanner - ⏸️  Throttle ativo [ETH/USDT]:
2026-03-17 05:41:55 [INFO] scanner -    ├─ Último alerta há 1535.4 minutos
2026-03-17 05:41:55 [INFO] scanner -    ├─ Tempo mínimo: 1800 minutos
2026-03-17 05:41:55 [INFO] scanner -    └─ Próximo permitido em: 264.6 minutos
2026-03-17 05:41:56 [WARNING] root - Bloco de componentes falhou: cannot unpack non-iterable int object
2026-03-17 05:41:56 [INFO] scanner - ✅ Validações OK [ETH/USDT]: Score=7.3, R:R=2.00
2026-03-17 05:41:56 [INFO] scanner - ⏸️  Throttle ativo [ETH/USDT]:
2026-03-17 05:41:56 [INFO] scanner -    ├─ Último alerta há 1535.4 minutos
2026-03-17 05:41:56 [INFO] scanner -    ├─ Tempo mínimo: 1800 minutos
2026-03-17 05:41:56 [INFO] scanner -    └─ Próximo permitido em: 264.6 minutos
2026-03-17 06:37:32 [INFO] scanner - ============================================================
2026-03-17 06:37:32 [INFO] scanner - 🚀 SCANNER INICIADO
2026-03-17 06:37:32 [INFO] scanner - 📅 Data/Hora: 17/03/2026 06:37:32
2026-03-17 06:37:32 [INFO] scanner - 📂 Log: logs/scanner_2026-03-17.log
2026-03-17 06:37:32 [INFO] scanner - ============================================================
2026-03-17 06:37:32 [INFO] scanner - 📝 PAPER MODE ATIVO - Apenas registro e análise
2026-03-17 06:37:35 [WARNING] root - Bloco de componentes falhou: cannot unpack non-iterable int object
2026-03-17 06:37:35 [INFO] scanner - ✅ Validações OK [BTC/USDT]: Score=7.3, R:R=2.08
2026-03-17 06:37:35 [INFO] scanner - ⏸️  Throttle ativo [BTC/USDT]:
2026-03-17 06:37:35 [INFO] scanner -    ├─ Último alerta há 761.1 minutos
2026-03-17 06:37:35 [INFO] scanner -    ├─ Tempo mínimo: 1800 minutos
2026-03-17 06:37:35 [INFO] scanner -    └─ Próximo permitido em: 1038.9 minutos
2026-03-17 06:37:37 [WARNING] root - Bloco de componentes falhou: cannot unpack non-iterable int object
2026-03-17 06:37:37 [INFO] scanner - ✅ Validações OK [ETH/USDT]: Score=7.3, R:R=2.00
2026-03-17 06:37:37 [INFO] scanner - ⏸️  Throttle ativo [ETH/USDT]:
2026-03-17 06:37:37 [INFO] scanner -    ├─ Último alerta há 1591.1 minutos
2026-03-17 06:37:37 [INFO] scanner -    ├─ Tempo mínimo: 1800 minutos
2026-03-17 06:37:37 [INFO] scanner -    └─ Próximo permitido em: 208.9 minutos
2026-03-17 07:32:03 [INFO] scanner - ============================================================
2026-03-17 07:32:03 [INFO] scanner - 🚀 SCANNER INICIADO
2026-03-17 07:32:03 [INFO] scanner - 📅 Data/Hora: 17/03/2026 07:32:03
2026-03-17 07:32:03 [INFO] scanner - 📂 Log: logs/scanner_2026-03-17.log
2026-03-17 07:32:03 [INFO] scanner - ============================================================
2026-03-17 07:32:03 [INFO] scanner - 📝 PAPER MODE ATIVO - Apenas registro e análise
2026-03-17 07:32:06 [WARNING] root - Bloco de componentes falhou: cannot unpack non-iterable int object
2026-03-17 07:32:06 [INFO] scanner - ✅ Validações OK [BTC/USDT]: Score=7.3, R:R=2.08
2026-03-17 07:32:06 [INFO] scanner - ⏸️  Throttle ativo [BTC/USDT]:
2026-03-17 07:32:06 [INFO] scanner -    ├─ Último alerta há 815.7 minutos
2026-03-17 07:32:06 [INFO] scanner -    ├─ Tempo mínimo: 1800 minutos
2026-03-17 07:32:06 [INFO] scanner -    └─ Próximo permitido em: 984.3 minutos
2026-03-17 07:32:06 [WARNING] root - Bloco de componentes falhou: cannot unpack non-iterable int object
2026-03-17 07:32:06 [INFO] scanner - ✅ Validações OK [BTC/USDT]: Score=7.3, R:R=2.08
2026-03-17 07:32:06 [INFO] scanner - ⏸️  Throttle ativo [BTC/USDT]:
2026-03-17 07:32:06 [INFO] scanner -    ├─ Último alerta há 815.7 minutos
2026-03-17 07:32:06 [INFO] scanner -    ├─ Tempo mínimo: 1800 minutos
2026-03-17 07:32:06 [INFO] scanner -    └─ Próximo permitido em: 984.3 minutos
2026-03-17 07:32:09 [WARNING] root - Bloco de componentes falhou: cannot unpack non-iterable int object
2026-03-17 07:32:09 [INFO] scanner - ✅ Validações OK [ETH/USDT]: Score=7.3, R:R=2.00
2026-03-17 07:32:09 [INFO] scanner - ⏸️  Throttle ativo [ETH/USDT]:
2026-03-17 07:32:09 [INFO] scanner -    ├─ Último alerta há 1645.7 minutos
2026-03-17 07:32:09 [INFO] scanner -    ├─ Tempo mínimo: 1800 minutos
2026-03-17 07:32:09 [INFO] scanner -    └─ Próximo permitido em: 154.3 minutos
2026-03-17 08:28:36 [INFO] scanner - ============================================================
2026-03-17 08:28:36 [INFO] scanner - 🚀 SCANNER INICIADO
2026-03-17 08:28:36 [INFO] scanner - 📅 Data/Hora: 17/03/2026 08:28:36
2026-03-17 08:28:36 [INFO] scanner - 📂 Log: logs/scanner_2026-03-17.log
2026-03-17 08:28:36 [INFO] scanner - ============================================================
2026-03-17 08:28:36 [INFO] scanner - 📝 PAPER MODE ATIVO - Apenas registro e análise
2026-03-17 08:28:40 [WARNING] root - Bloco de componentes falhou: cannot unpack non-iterable int object
2026-03-17 08:28:40 [INFO] scanner - ✅ Validações OK [BTC/USDT]: Score=7.3, R:R=2.08
2026-03-17 08:28:40 [INFO] scanner - ⏸️  Throttle ativo [BTC/USDT]:
2026-03-17 08:28:40 [INFO] scanner -    ├─ Último alerta há 872.2 minutos
2026-03-17 08:28:40 [INFO] scanner -    ├─ Tempo mínimo: 1800 minutos
2026-03-17 08:28:40 [INFO] scanner -    └─ Próximo permitido em: 927.8 minutos
2026-03-17 08:28:40 [WARNING] root - Bloco de componentes falhou: cannot unpack non-iterable int object
2026-03-17 08:28:40 [INFO] scanner - ✅ Validações OK [BTC/USDT]: Score=7.3, R:R=2.08
2026-03-17 08:28:40 [INFO] scanner - ⏸️  Throttle ativo [BTC/USDT]:
2026-03-17 08:28:40 [INFO] scanner -    ├─ Último alerta há 872.2 minutos
2026-03-17 08:28:40 [INFO] scanner -    ├─ Tempo mínimo: 1800 minutos
2026-03-17 08:28:40 [INFO] scanner -    └─ Próximo permitido em: 927.8 minutos
2026-03-17 08:28:43 [WARNING] root - Bloco de componentes falhou: cannot unpack non-iterable int object
2026-03-17 08:28:43 [INFO] scanner - ✅ Validações OK [ETH/USDT]: Score=7.3, R:R=2.00
2026-03-17 08:28:43 [INFO] scanner - ⏸️  Throttle ativo [ETH/USDT]:
2026-03-17 08:28:43 [INFO] scanner -    ├─ Último alerta há 1702.2 minutos
2026-03-17 08:28:43 [INFO] scanner -    ├─ Tempo mínimo: 1800 minutos
2026-03-17 08:28:43 [INFO] scanner -    └─ Próximo permitido em: 97.8 minutos
2026-03-17 08:28:43 [WARNING] root - Bloco de componentes falhou: cannot unpack non-iterable int object
2026-03-17 08:28:43 [INFO] scanner - ✅ Validações OK [ETH/USDT]: Score=7.3, R:R=2.00
2026-03-17 08:28:43 [INFO] scanner - ⏸️  Throttle ativo [ETH/USDT]:
2026-03-17 08:28:43 [INFO] scanner -    ├─ Último alerta há 1702.2 minutos
2026-03-17 08:28:43 [INFO] scanner -    ├─ Tempo mínimo: 1800 minutos
2026-03-17 08:28:43 [INFO] scanner -    └─ Próximo permitido em: 97.8 minutos
2026-03-17 09:02:00 [INFO] scanner - ============================================================
2026-03-17 09:02:00 [INFO] scanner - 🚀 SCANNER INICIADO
2026-03-17 09:02:00 [INFO] scanner - 📅 Data/Hora: 17/03/2026 09:02:00
2026-03-17 09:02:00 [INFO] scanner - 📂 Log: logs/scanner_2026-03-17.log
2026-03-17 09:02:00 [INFO] scanner - ============================================================
2026-03-17 09:02:00 [INFO] scanner - 📝 PAPER MODE ATIVO - Apenas registro e análise
2026-03-17 09:02:04 [WARNING] root - Bloco de componentes falhou: cannot unpack non-iterable int object
2026-03-17 09:02:04 [INFO] scanner - ✅ Validações OK [BTC/USDT]: Score=7.3, R:R=2.08
2026-03-17 09:02:04 [INFO] scanner - ⏸️  Throttle ativo [BTC/USDT]:
2026-03-17 09:02:04 [INFO] scanner -    ├─ Último alerta há 905.6 minutos
2026-03-17 09:02:04 [INFO] scanner -    ├─ Tempo mínimo: 1800 minutos
2026-03-17 09:02:04 [INFO] scanner -    └─ Próximo permitido em: 894.4 minutos
2026-03-17 09:02:06 [WARNING] root - Bloco de componentes falhou: cannot unpack non-iterable int object
2026-03-17 09:02:06 [INFO] scanner - ✅ Validações OK [ETH/USDT]: Score=7.3, R:R=2.00
2026-03-17 09:02:06 [INFO] scanner - ⏸️  Throttle ativo [ETH/USDT]:
2026-03-17 09:02:06 [INFO] scanner -    ├─ Último alerta há 1735.6 minutos
2026-03-17 09:02:06 [INFO] scanner -    ├─ Tempo mínimo: 1800 minutos
2026-03-17 09:02:06 [INFO] scanner -    └─ Próximo permitido em: 64.4 minutos
