2026-05-24 05:19:01 [INFO] scanner - ============================================================
2026-05-24 05:19:01 [INFO] scanner - 🚀 SCANNER INICIADO
2026-05-24 05:19:01 [INFO] scanner - 📅 Data/Hora: 24/05/2026 05:19:01
2026-05-24 05:19:01 [INFO] scanner - 📂 Log: logs/scanner_2026-05-24.log
2026-05-24 05:19:01 [INFO] scanner - ============================================================
2026-05-24 05:19:01 [INFO] scanner - 📝 PAPER MODE ATIVO - Apenas registro e análise
2026-05-24 05:19:05 [WARNING] root - Bloco de componentes falhou: cannot unpack non-iterable int object
2026-05-24 05:19:05 [INFO] scanner - ✅ Validações OK [BTC/USDT]: Score=7.3, R:R=2.08
2026-05-24 05:19:05 [INFO] scanner - ⏸️  Throttle ativo [BTC/USDT]:
2026-05-24 05:19:05 [INFO] scanner -    ├─ Último alerta há 1335.3 minutos
2026-05-24 05:19:05 [INFO] scanner -    ├─ Tempo mínimo: 1800 minutos
2026-05-24 05:19:05 [INFO] scanner -    └─ Próximo permitido em: 464.7 minutos
2026-05-24 05:19:07 [WARNING] root - Bloco de componentes falhou: cannot unpack non-iterable int object
2026-05-24 05:19:07 [INFO] scanner - ✅ Validações OK [ETH/USDT]: Score=7.3, R:R=2.00
2026-05-24 05:19:07 [INFO] scanner - ✅ Throttle OK [ETH/USDT]: Pode enviar
2026-05-24 07:15:52 [INFO] scanner - ============================================================
2026-05-24 07:15:52 [INFO] scanner - 🚀 SCANNER INICIADO
2026-05-24 07:15:52 [INFO] scanner - 📅 Data/Hora: 24/05/2026 07:15:52
2026-05-24 07:15:52 [INFO] scanner - 📂 Log: logs/scanner_2026-05-24.log
2026-05-24 07:15:52 [INFO] scanner - ============================================================
2026-05-24 07:15:52 [INFO] scanner - 📝 PAPER MODE ATIVO - Apenas registro e análise
2026-05-24 07:15:55 [WARNING] root - Bloco de componentes falhou: cannot unpack non-iterable int object
2026-05-24 07:15:55 [INFO] scanner - ✅ Validações OK [BTC/USDT]: Score=7.3, R:R=2.08
2026-05-24 07:15:55 [INFO] scanner - ⏸️  Throttle ativo [BTC/USDT]:
2026-05-24 07:15:55 [INFO] scanner -    ├─ Último alerta há 1452.1 minutos
2026-05-24 07:15:55 [INFO] scanner -    ├─ Tempo mínimo: 1800 minutos
2026-05-24 07:15:55 [INFO] scanner -    └─ Próximo permitido em: 347.9 minutos
2026-05-24 07:15:58 [WARNING] root - Bloco de componentes falhou: cannot unpack non-iterable int object
2026-05-24 07:15:58 [INFO] scanner - ✅ Validações OK [ETH/USDT]: Score=7.3, R:R=2.00
2026-05-24 07:15:58 [INFO] scanner - ⏸️  Throttle ativo [ETH/USDT]:
2026-05-24 07:15:58 [INFO] scanner -    ├─ Último alerta há 116.8 minutos
2026-05-24 07:15:58 [INFO] scanner -    ├─ Tempo mínimo: 1800 minutos
2026-05-24 07:15:58 [INFO] scanner -    └─ Próximo permitido em: 1683.2 minutos
2026-05-24 08:46:48 [INFO] scanner - ============================================================
2026-05-24 08:46:48 [INFO] scanner - 🚀 SCANNER INICIADO
2026-05-24 08:46:48 [INFO] scanner - 📅 Data/Hora: 24/05/2026 08:46:48
2026-05-24 08:46:48 [INFO] scanner - 📂 Log: logs/scanner_2026-05-24.log
2026-05-24 08:46:48 [INFO] scanner - ============================================================
2026-05-24 08:46:48 [INFO] scanner - 📝 PAPER MODE ATIVO - Apenas registro e análise
2026-05-24 08:46:52 [WARNING] root - Bloco de componentes falhou: cannot unpack non-iterable int object
2026-05-24 08:46:52 [INFO] scanner - ✅ Validações OK [BTC/USDT]: Score=7.3, R:R=2.08
2026-05-24 08:46:52 [INFO] scanner - ⏸️  Throttle ativo [BTC/USDT]:
2026-05-24 08:46:52 [INFO] scanner -    ├─ Último alerta há 1543.0 minutos
2026-05-24 08:46:52 [INFO] scanner -    ├─ Tempo mínimo: 1800 minutos
2026-05-24 08:46:52 [INFO] scanner -    └─ Próximo permitido em: 257.0 minutos
2026-05-24 08:46:52 [WARNING] root - Bloco de componentes falhou: cannot unpack non-iterable int object
2026-05-24 08:46:52 [INFO] scanner - ✅ Validações OK [BTC/USDT]: Score=7.3, R:R=2.08
2026-05-24 08:46:52 [INFO] scanner - ⏸️  Throttle ativo [BTC/USDT]:
2026-05-24 08:46:52 [INFO] scanner -    ├─ Último alerta há 1543.0 minutos
2026-05-24 08:46:52 [INFO] scanner -    ├─ Tempo mínimo: 1800 minutos
2026-05-24 08:46:52 [INFO] scanner -    └─ Próximo permitido em: 257.0 minutos
2026-05-24 08:46:54 [WARNING] root - Bloco de componentes falhou: cannot unpack non-iterable int object
2026-05-24 08:46:54 [INFO] scanner - ✅ Validações OK [ETH/USDT]: Score=7.3, R:R=2.00
2026-05-24 08:46:54 [INFO] scanner - ⏸️  Throttle ativo [ETH/USDT]:
2026-05-24 08:46:54 [INFO] scanner -    ├─ Último alerta há 207.8 minutos
2026-05-24 08:46:54 [INFO] scanner -    ├─ Tempo mínimo: 1800 minutos
2026-05-24 08:46:54 [INFO] scanner -    └─ Próximo permitido em: 1592.2 minutos
2026-05-24 10:03:46 [INFO] scanner - ============================================================
2026-05-24 10:03:46 [INFO] scanner - 🚀 SCANNER INICIADO
2026-05-24 10:03:46 [INFO] scanner - 📅 Data/Hora: 24/05/2026 10:03:46
2026-05-24 10:03:46 [INFO] scanner - 📂 Log: logs/scanner_2026-05-24.log
2026-05-24 10:03:46 [INFO] scanner - ============================================================
2026-05-24 10:03:46 [INFO] scanner - 📝 PAPER MODE ATIVO - Apenas registro e análise
2026-05-24 10:03:50 [WARNING] root - Bloco de componentes falhou: cannot unpack non-iterable int object
2026-05-24 10:03:50 [INFO] scanner - ✅ Validações OK [BTC/USDT]: Score=7.3, R:R=2.08
2026-05-24 10:03:50 [INFO] scanner - ⏸️  Throttle ativo [BTC/USDT]:
2026-05-24 10:03:50 [INFO] scanner -    ├─ Último alerta há 1620.0 minutos
2026-05-24 10:03:50 [INFO] scanner -    ├─ Tempo mínimo: 1800 minutos
2026-05-24 10:03:50 [INFO] scanner -    └─ Próximo permitido em: 180.0 minutos
2026-05-24 10:03:52 [WARNING] root - Bloco de componentes falhou: cannot unpack non-iterable int object
2026-05-24 10:03:52 [INFO] scanner - ✅ Validações OK [ETH/USDT]: Score=7.3, R:R=2.00
2026-05-24 10:03:52 [INFO] scanner - ⏸️  Throttle ativo [ETH/USDT]:
2026-05-24 10:03:52 [INFO] scanner -    ├─ Último alerta há 284.7 minutos
2026-05-24 10:03:52 [INFO] scanner -    ├─ Tempo mínimo: 1800 minutos
2026-05-24 10:03:52 [INFO] scanner -    └─ Próximo permitido em: 1515.3 minutos
2026-05-24 11:42:31 [INFO] scanner - ============================================================
2026-05-24 11:42:31 [INFO] scanner - 🚀 SCANNER INICIADO
2026-05-24 11:42:31 [INFO] scanner - 📅 Data/Hora: 24/05/2026 11:42:31
2026-05-24 11:42:31 [INFO] scanner - 📂 Log: logs/scanner_2026-05-24.log
2026-05-24 11:42:31 [INFO] scanner - ============================================================
2026-05-24 11:42:31 [INFO] scanner - 📝 PAPER MODE ATIVO - Apenas registro e análise
2026-05-24 11:42:34 [WARNING] root - Bloco de componentes falhou: cannot unpack non-iterable int object
2026-05-24 11:42:34 [INFO] scanner - ✅ Validações OK [BTC/USDT]: Score=7.3, R:R=2.08
2026-05-24 11:42:34 [INFO] scanner - ⏸️  Throttle ativo [BTC/USDT]:
2026-05-24 11:42:34 [INFO] scanner -    ├─ Último alerta há 1718.7 minutos
2026-05-24 11:42:34 [INFO] scanner -    ├─ Tempo mínimo: 1800 minutos
2026-05-24 11:42:34 [INFO] scanner -    └─ Próximo permitido em: 81.3 minutos
2026-05-24 11:42:36 [WARNING] root - Bloco de componentes falhou: cannot unpack non-iterable int object
2026-05-24 11:42:36 [INFO] scanner - ✅ Validações OK [ETH/USDT]: Score=7.8, R:R=2.00
2026-05-24 11:42:36 [INFO] scanner - ⏸️  Throttle ativo [ETH/USDT]:
2026-05-24 11:42:36 [INFO] scanner -    ├─ Último alerta há 383.5 minutos
2026-05-24 11:42:36 [INFO] scanner -    ├─ Tempo mínimo: 1800 minutos
2026-05-24 11:42:36 [INFO] scanner -    └─ Próximo permitido em: 1416.5 minutos
