2025-11-10 03:21:32 [INFO] scanner - ============================================================
2025-11-10 03:21:32 [INFO] scanner - 🚀 SCANNER INICIADO
2025-11-10 03:21:32 [INFO] scanner - 📅 Data/Hora: 10/11/2025 03:21:32
2025-11-10 03:21:32 [INFO] scanner - 📂 Log: logs/scanner_2025-11-10.log
2025-11-10 03:21:32 [INFO] scanner - ============================================================
2025-11-10 03:21:32 [INFO] scanner - 📝 PAPER MODE ATIVO - Apenas registro e análise
2025-11-10 03:21:35 [WARNING] root - Bloco de componentes falhou: cannot unpack non-iterable int object
2025-11-10 03:21:35 [INFO] scanner - ✅ Validações OK [BTC/USDT]: Score=7.3, R:R=2.08
2025-11-10 03:21:35 [INFO] scanner - ⏸️  Throttle ativo [BTC/USDT]:
2025-11-10 03:21:35 [INFO] scanner -    ├─ Último alerta há 573.3 minutos
2025-11-10 03:21:35 [INFO] scanner -    ├─ Tempo mínimo: 1800 minutos
2025-11-10 03:21:35 [INFO] scanner -    └─ Próximo permitido em: 1226.7 minutos
2025-11-10 03:21:35 [WARNING] root - Bloco de componentes falhou: cannot unpack non-iterable int object
2025-11-10 03:21:35 [INFO] scanner - ✅ Validações OK [BTC/USDT]: Score=7.3, R:R=2.08
2025-11-10 03:21:35 [INFO] scanner - ⏸️  Throttle ativo [BTC/USDT]:
2025-11-10 03:21:35 [INFO] scanner -    ├─ Último alerta há 573.3 minutos
2025-11-10 03:21:35 [INFO] scanner -    ├─ Tempo mínimo: 1800 minutos
2025-11-10 03:21:35 [INFO] scanner -    └─ Próximo permitido em: 1226.7 minutos
2025-11-10 03:21:37 [WARNING] root - Bloco de componentes falhou: cannot unpack non-iterable int object
2025-11-10 03:21:37 [INFO] scanner - ✅ Validações OK [ETH/USDT]: Score=7.3, R:R=2.00
2025-11-10 03:21:37 [INFO] scanner - ⏸️  Throttle ativo [ETH/USDT]:
2025-11-10 03:21:37 [INFO] scanner -    ├─ Último alerta há 1326.6 minutos
2025-11-10 03:21:37 [INFO] scanner -    ├─ Tempo mínimo: 1800 minutos
2025-11-10 03:21:37 [INFO] scanner -    └─ Próximo permitido em: 473.4 minutos
