2026-04-02 04:02:23 [INFO] scanner - ============================================================
2026-04-02 04:02:23 [INFO] scanner - 🚀 SCANNER INICIADO
2026-04-02 04:02:23 [INFO] scanner - 📅 Data/Hora: 02/04/2026 04:02:23
2026-04-02 04:02:23 [INFO] scanner - 📂 Log: logs/scanner_2026-04-02.log
2026-04-02 04:02:23 [INFO] scanner - ============================================================
2026-04-02 04:02:23 [INFO] scanner - 📝 PAPER MODE ATIVO - Apenas registro e análise
2026-04-02 04:02:28 [WARNING] root - Bloco de componentes falhou: cannot unpack non-iterable int object
2026-04-02 04:02:28 [INFO] scanner - ✅ Validações OK [ETH/USDT]: Score=7.3, R:R=2.00
2026-04-02 04:02:28 [INFO] scanner - ⏸️  Throttle ativo [ETH/USDT]:
2026-04-02 04:02:28 [INFO] scanner -    ├─ Último alerta há 1006.7 minutos
2026-04-02 04:02:28 [INFO] scanner -    ├─ Tempo mínimo: 1800 minutos
2026-04-02 04:02:28 [INFO] scanner -    └─ Próximo permitido em: 793.3 minutos
2026-04-02 05:13:36 [INFO] scanner - ============================================================
2026-04-02 05:13:36 [INFO] scanner - 🚀 SCANNER INICIADO
2026-04-02 05:13:36 [INFO] scanner - 📅 Data/Hora: 02/04/2026 05:13:36
2026-04-02 05:13:36 [INFO] scanner - 📂 Log: logs/scanner_2026-04-02.log
2026-04-02 05:13:36 [INFO] scanner - ============================================================
2026-04-02 05:13:36 [INFO] scanner - 📝 PAPER MODE ATIVO - Apenas registro e análise
2026-04-02 05:13:41 [WARNING] root - Bloco de componentes falhou: cannot unpack non-iterable int object
2026-04-02 05:13:41 [INFO] scanner - ✅ Validações OK [ETH/USDT]: Score=7.3, R:R=2.00
2026-04-02 05:13:41 [INFO] scanner - ⏸️  Throttle ativo [ETH/USDT]:
2026-04-02 05:13:41 [INFO] scanner -    ├─ Último alerta há 1077.9 minutos
2026-04-02 05:13:41 [INFO] scanner -    ├─ Tempo mínimo: 1800 minutos
2026-04-02 05:13:41 [INFO] scanner -    └─ Próximo permitido em: 722.1 minutos
2026-04-02 06:14:35 [INFO] scanner - ============================================================
2026-04-02 06:14:35 [INFO] scanner - 🚀 SCANNER INICIADO
2026-04-02 06:14:35 [INFO] scanner - 📅 Data/Hora: 02/04/2026 06:14:35
2026-04-02 06:14:35 [INFO] scanner - 📂 Log: logs/scanner_2026-04-02.log
2026-04-02 06:14:35 [INFO] scanner - ============================================================
2026-04-02 06:14:35 [INFO] scanner - 📝 PAPER MODE ATIVO - Apenas registro e análise
2026-04-02 07:11:53 [INFO] scanner - ============================================================
2026-04-02 07:11:53 [INFO] scanner - 🚀 SCANNER INICIADO
2026-04-02 07:11:53 [INFO] scanner - 📅 Data/Hora: 02/04/2026 07:11:53
2026-04-02 07:11:53 [INFO] scanner - 📂 Log: logs/scanner_2026-04-02.log
2026-04-02 07:11:53 [INFO] scanner - ============================================================
2026-04-02 07:11:53 [INFO] scanner - 📝 PAPER MODE ATIVO - Apenas registro e análise
2026-04-02 07:11:58 [WARNING] root - Bloco de componentes falhou: cannot unpack non-iterable int object
2026-04-02 07:11:58 [INFO] scanner - ✅ Validações OK [ETH/USDT]: Score=7.3, R:R=2.00
2026-04-02 07:11:58 [INFO] scanner - ⏸️  Throttle ativo [ETH/USDT]:
2026-04-02 07:11:58 [INFO] scanner -    ├─ Último alerta há 1196.2 minutos
2026-04-02 07:11:58 [INFO] scanner -    ├─ Tempo mínimo: 1800 minutos
2026-04-02 07:11:58 [INFO] scanner -    └─ Próximo permitido em: 603.8 minutos
2026-04-02 08:08:59 [INFO] scanner - ============================================================
2026-04-02 08:08:59 [INFO] scanner - 🚀 SCANNER INICIADO
2026-04-02 08:08:59 [INFO] scanner - 📅 Data/Hora: 02/04/2026 08:08:59
2026-04-02 08:08:59 [INFO] scanner - 📂 Log: logs/scanner_2026-04-02.log
2026-04-02 08:08:59 [INFO] scanner - ============================================================
2026-04-02 08:08:59 [INFO] scanner - 📝 PAPER MODE ATIVO - Apenas registro e análise
2026-04-02 08:09:04 [WARNING] root - Bloco de componentes falhou: cannot unpack non-iterable int object
2026-04-02 08:09:04 [INFO] scanner - ✅ Validações OK [ETH/USDT]: Score=7.3, R:R=2.00
2026-04-02 08:09:04 [INFO] scanner - ⏸️  Throttle ativo [ETH/USDT]:
2026-04-02 08:09:04 [INFO] scanner -    ├─ Último alerta há 1253.3 minutos
2026-04-02 08:09:04 [INFO] scanner -    ├─ Tempo mínimo: 1800 minutos
2026-04-02 08:09:04 [INFO] scanner -    └─ Próximo permitido em: 546.7 minutos
2026-04-02 08:56:22 [INFO] scanner - ============================================================
2026-04-02 08:56:22 [INFO] scanner - 🚀 SCANNER INICIADO
2026-04-02 08:56:22 [INFO] scanner - 📅 Data/Hora: 02/04/2026 08:56:22
2026-04-02 08:56:22 [INFO] scanner - 📂 Log: logs/scanner_2026-04-02.log
2026-04-02 08:56:22 [INFO] scanner - ============================================================
2026-04-02 08:56:22 [INFO] scanner - 📝 PAPER MODE ATIVO - Apenas registro e análise
2026-04-02 09:59:23 [INFO] scanner - ============================================================
2026-04-02 09:59:23 [INFO] scanner - 🚀 SCANNER INICIADO
2026-04-02 09:59:23 [INFO] scanner - 📅 Data/Hora: 02/04/2026 09:59:23
2026-04-02 09:59:23 [INFO] scanner - 📂 Log: logs/scanner_2026-04-02.log
2026-04-02 09:59:23 [INFO] scanner - ============================================================
2026-04-02 09:59:23 [INFO] scanner - 📝 PAPER MODE ATIVO - Apenas registro e análise
2026-04-02 09:59:27 [WARNING] root - Bloco de componentes falhou: cannot unpack non-iterable int object
2026-04-02 09:59:27 [INFO] scanner - ✅ Validações OK [BTC/USDT]: Score=7.3, R:R=2.08
2026-04-02 09:59:27 [INFO] scanner - ⏸️  Throttle ativo [BTC/USDT]:
2026-04-02 09:59:27 [INFO] scanner -    ├─ Último alerta há 1363.8 minutos
2026-04-02 09:59:27 [INFO] scanner -    ├─ Tempo mínimo: 1800 minutos
2026-04-02 09:59:27 [INFO] scanner -    └─ Próximo permitido em: 436.2 minutos
2026-04-02 09:59:27 [WARNING] root - Bloco de componentes falhou: cannot unpack non-iterable int object
2026-04-02 09:59:27 [INFO] scanner - ✅ Validações OK [BTC/USDT]: Score=7.3, R:R=2.08
2026-04-02 09:59:27 [INFO] scanner - ⏸️  Throttle ativo [BTC/USDT]:
2026-04-02 09:59:27 [INFO] scanner -    ├─ Último alerta há 1363.8 minutos
2026-04-02 09:59:27 [INFO] scanner -    ├─ Tempo mínimo: 1800 minutos
2026-04-02 09:59:27 [INFO] scanner -    └─ Próximo permitido em: 436.2 minutos
2026-04-02 11:22:20 [INFO] scanner - ============================================================
2026-04-02 11:22:20 [INFO] scanner - 🚀 SCANNER INICIADO
2026-04-02 11:22:20 [INFO] scanner - 📅 Data/Hora: 02/04/2026 11:22:20
2026-04-02 11:22:20 [INFO] scanner - 📂 Log: logs/scanner_2026-04-02.log
2026-04-02 11:22:20 [INFO] scanner - ============================================================
2026-04-02 11:22:20 [INFO] scanner - 📝 PAPER MODE ATIVO - Apenas registro e análise
2026-04-02 11:22:25 [WARNING] root - Bloco de componentes falhou: cannot unpack non-iterable int object
2026-04-02 11:22:25 [INFO] scanner - ✅ Validações OK [ETH/USDT]: Score=7.3, R:R=2.00
2026-04-02 11:22:25 [INFO] scanner - ⏸️  Throttle ativo [ETH/USDT]:
2026-04-02 11:22:25 [INFO] scanner -    ├─ Último alerta há 1446.7 minutos
2026-04-02 11:22:25 [INFO] scanner -    ├─ Tempo mínimo: 1800 minutos
2026-04-02 11:22:25 [INFO] scanner -    └─ Próximo permitido em: 353.3 minutos
