2026-06-27 05:27:01 [INFO] scanner - ============================================================
2026-06-27 05:27:01 [INFO] scanner - 🚀 SCANNER INICIADO
2026-06-27 05:27:01 [INFO] scanner - 📅 Data/Hora: 27/06/2026 05:27:01
2026-06-27 05:27:01 [INFO] scanner - 📂 Log: logs/scanner_2026-06-27.log
2026-06-27 05:27:01 [INFO] scanner - ============================================================
2026-06-27 05:27:01 [INFO] scanner - 📝 PAPER MODE ATIVO - Apenas registro e análise
2026-06-27 07:31:38 [INFO] scanner - ============================================================
2026-06-27 07:31:38 [INFO] scanner - 🚀 SCANNER INICIADO
2026-06-27 07:31:38 [INFO] scanner - 📅 Data/Hora: 27/06/2026 07:31:38
2026-06-27 07:31:38 [INFO] scanner - 📂 Log: logs/scanner_2026-06-27.log
2026-06-27 07:31:38 [INFO] scanner - ============================================================
2026-06-27 07:31:38 [INFO] scanner - 📝 PAPER MODE ATIVO - Apenas registro e análise
2026-06-27 09:00:55 [INFO] scanner - ============================================================
2026-06-27 09:00:55 [INFO] scanner - 🚀 SCANNER INICIADO
2026-06-27 09:00:55 [INFO] scanner - 📅 Data/Hora: 27/06/2026 09:00:55
2026-06-27 09:00:55 [INFO] scanner - 📂 Log: logs/scanner_2026-06-27.log
2026-06-27 09:00:55 [INFO] scanner - ============================================================
2026-06-27 09:00:55 [INFO] scanner - 📝 PAPER MODE ATIVO - Apenas registro e análise
2026-06-27 09:01:00 [WARNING] root - Bloco de componentes falhou: cannot unpack non-iterable int object
2026-06-27 09:01:00 [INFO] scanner - ✅ Validações OK [ETH/USDT]: Score=8.8, R:R=2.00
2026-06-27 09:01:00 [INFO] scanner - ⏸️  Throttle ativo [ETH/USDT]:
2026-06-27 09:01:00 [INFO] scanner -    ├─ Último alerta há 1202.4 minutos
2026-06-27 09:01:00 [INFO] scanner -    ├─ Tempo mínimo: 1800 minutos
2026-06-27 09:01:00 [INFO] scanner -    └─ Próximo permitido em: 597.6 minutos
2026-06-27 11:04:32 [INFO] scanner - ============================================================
2026-06-27 11:04:32 [INFO] scanner - 🚀 SCANNER INICIADO
2026-06-27 11:04:32 [INFO] scanner - 📅 Data/Hora: 27/06/2026 11:04:32
2026-06-27 11:04:32 [INFO] scanner - 📂 Log: logs/scanner_2026-06-27.log
2026-06-27 11:04:32 [INFO] scanner - ============================================================
2026-06-27 11:04:32 [INFO] scanner - 📝 PAPER MODE ATIVO - Apenas registro e análise
2026-06-27 12:37:20 [INFO] scanner - ============================================================
2026-06-27 12:37:20 [INFO] scanner - 🚀 SCANNER INICIADO
2026-06-27 12:37:20 [INFO] scanner - 📅 Data/Hora: 27/06/2026 12:37:20
2026-06-27 12:37:20 [INFO] scanner - 📂 Log: logs/scanner_2026-06-27.log
2026-06-27 12:37:20 [INFO] scanner - ============================================================
2026-06-27 12:37:20 [INFO] scanner - 📝 PAPER MODE ATIVO - Apenas registro e análise
2026-06-27 13:44:17 [INFO] scanner - ============================================================
2026-06-27 13:44:17 [INFO] scanner - 🚀 SCANNER INICIADO
2026-06-27 13:44:17 [INFO] scanner - 📅 Data/Hora: 27/06/2026 13:44:17
2026-06-27 13:44:17 [INFO] scanner - 📂 Log: logs/scanner_2026-06-27.log
2026-06-27 13:44:17 [INFO] scanner - ============================================================
2026-06-27 13:44:17 [INFO] scanner - 📝 PAPER MODE ATIVO - Apenas registro e análise
2026-06-27 14:45:43 [INFO] scanner - ============================================================
2026-06-27 14:45:43 [INFO] scanner - 🚀 SCANNER INICIADO
2026-06-27 14:45:43 [INFO] scanner - 📅 Data/Hora: 27/06/2026 14:45:43
2026-06-27 14:45:43 [INFO] scanner - 📂 Log: logs/scanner_2026-06-27.log
2026-06-27 14:45:43 [INFO] scanner - ============================================================
2026-06-27 14:45:43 [INFO] scanner - 📝 PAPER MODE ATIVO - Apenas registro e análise
