2026-03-19 03:47:48 [INFO] scanner - ============================================================
2026-03-19 03:47:48 [INFO] scanner - 🚀 SCANNER INICIADO
2026-03-19 03:47:48 [INFO] scanner - 📅 Data/Hora: 19/03/2026 03:47:48
2026-03-19 03:47:48 [INFO] scanner - 📂 Log: logs/scanner_2026-03-19.log
2026-03-19 03:47:48 [INFO] scanner - ============================================================
2026-03-19 03:47:48 [INFO] scanner - 📝 PAPER MODE ATIVO - Apenas registro e análise
2026-03-19 03:47:54 [WARNING] root - Bloco de componentes falhou: cannot unpack non-iterable int object
2026-03-19 03:47:54 [INFO] scanner - ✅ Validações OK [ETH/USDT]: Score=7.3, R:R=2.00
2026-03-19 03:47:54 [INFO] scanner - ⏸️  Throttle ativo [ETH/USDT]:
2026-03-19 03:47:54 [INFO] scanner -    ├─ Último alerta há 650.2 minutos
2026-03-19 03:47:54 [INFO] scanner -    ├─ Tempo mínimo: 1800 minutos
2026-03-19 03:47:54 [INFO] scanner -    └─ Próximo permitido em: 1149.8 minutos
2026-03-19 04:41:16 [INFO] scanner - ============================================================
2026-03-19 04:41:16 [INFO] scanner - 🚀 SCANNER INICIADO
2026-03-19 04:41:16 [INFO] scanner - 📅 Data/Hora: 19/03/2026 04:41:16
2026-03-19 04:41:16 [INFO] scanner - 📂 Log: logs/scanner_2026-03-19.log
2026-03-19 04:41:16 [INFO] scanner - ============================================================
2026-03-19 04:41:16 [INFO] scanner - 📝 PAPER MODE ATIVO - Apenas registro e análise
2026-03-19 04:41:20 [WARNING] root - Bloco de componentes falhou: cannot unpack non-iterable int object
2026-03-19 04:41:20 [INFO] scanner - ✅ Validações OK [BTC/USDT]: Score=7.3, R:R=2.08
2026-03-19 04:41:20 [INFO] scanner - ⏸️  Throttle ativo [BTC/USDT]:
2026-03-19 04:41:20 [INFO] scanner -    ├─ Último alerta há 1069.7 minutos
2026-03-19 04:41:20 [INFO] scanner -    ├─ Tempo mínimo: 1800 minutos
2026-03-19 04:41:20 [INFO] scanner -    └─ Próximo permitido em: 730.3 minutos
2026-03-19 04:41:22 [WARNING] root - Bloco de componentes falhou: cannot unpack non-iterable int object
2026-03-19 04:41:22 [INFO] scanner - ✅ Validações OK [ETH/USDT]: Score=7.3, R:R=2.00
2026-03-19 04:41:22 [INFO] scanner - ⏸️  Throttle ativo [ETH/USDT]:
2026-03-19 04:41:22 [INFO] scanner -    ├─ Último alerta há 703.6 minutos
2026-03-19 04:41:22 [INFO] scanner -    ├─ Tempo mínimo: 1800 minutos
2026-03-19 04:41:22 [INFO] scanner -    └─ Próximo permitido em: 1096.4 minutos
2026-03-19 04:41:22 [WARNING] root - Bloco de componentes falhou: cannot unpack non-iterable int object
2026-03-19 04:41:22 [INFO] scanner - ✅ Validações OK [ETH/USDT]: Score=7.3, R:R=2.00
2026-03-19 04:41:22 [INFO] scanner - ⏸️  Throttle ativo [ETH/USDT]:
2026-03-19 04:41:22 [INFO] scanner -    ├─ Último alerta há 703.6 minutos
2026-03-19 04:41:22 [INFO] scanner -    ├─ Tempo mínimo: 1800 minutos
2026-03-19 04:41:22 [INFO] scanner -    └─ Próximo permitido em: 1096.4 minutos
2026-03-19 05:24:52 [INFO] scanner - ============================================================
2026-03-19 05:24:52 [INFO] scanner - 🚀 SCANNER INICIADO
2026-03-19 05:24:52 [INFO] scanner - 📅 Data/Hora: 19/03/2026 05:24:52
2026-03-19 05:24:52 [INFO] scanner - 📂 Log: logs/scanner_2026-03-19.log
2026-03-19 05:24:52 [INFO] scanner - ============================================================
2026-03-19 05:24:52 [INFO] scanner - 📝 PAPER MODE ATIVO - Apenas registro e análise
