2026-04-23 04:24:05 [INFO] scanner - ============================================================
2026-04-23 04:24:05 [INFO] scanner - 🚀 SCANNER INICIADO
2026-04-23 04:24:05 [INFO] scanner - 📅 Data/Hora: 23/04/2026 04:24:05
2026-04-23 04:24:05 [INFO] scanner - 📂 Log: logs/scanner_2026-04-23.log
2026-04-23 04:24:05 [INFO] scanner - ============================================================
2026-04-23 04:24:05 [INFO] scanner - 📝 PAPER MODE ATIVO - Apenas registro e análise
2026-04-23 04:24:09 [WARNING] root - Bloco de componentes falhou: cannot unpack non-iterable int object
2026-04-23 04:24:09 [INFO] scanner - ✅ Validações OK [BTC/USDT]: Score=7.3, R:R=2.08
2026-04-23 04:24:09 [INFO] scanner - ⏸️  Throttle ativo [BTC/USDT]:
2026-04-23 04:24:09 [INFO] scanner -    ├─ Último alerta há 1442.6 minutos
2026-04-23 04:24:09 [INFO] scanner -    ├─ Tempo mínimo: 1800 minutos
2026-04-23 04:24:09 [INFO] scanner -    └─ Próximo permitido em: 357.4 minutos
2026-04-23 04:24:09 [WARNING] root - Bloco de componentes falhou: cannot unpack non-iterable int object
2026-04-23 04:24:09 [INFO] scanner - ✅ Validações OK [BTC/USDT]: Score=7.3, R:R=2.08
2026-04-23 04:24:09 [INFO] scanner - ⏸️  Throttle ativo [BTC/USDT]:
2026-04-23 04:24:09 [INFO] scanner -    ├─ Último alerta há 1442.6 minutos
2026-04-23 04:24:09 [INFO] scanner -    ├─ Tempo mínimo: 1800 minutos
2026-04-23 04:24:09 [INFO] scanner -    └─ Próximo permitido em: 357.4 minutos
2026-04-23 06:09:56 [INFO] scanner - ============================================================
2026-04-23 06:09:56 [INFO] scanner - 🚀 SCANNER INICIADO
2026-04-23 06:09:56 [INFO] scanner - 📅 Data/Hora: 23/04/2026 06:09:56
2026-04-23 06:09:56 [INFO] scanner - 📂 Log: logs/scanner_2026-04-23.log
2026-04-23 06:09:56 [INFO] scanner - ============================================================
2026-04-23 06:09:56 [INFO] scanner - 📝 PAPER MODE ATIVO - Apenas registro e análise
2026-04-23 06:09:59 [WARNING] root - Bloco de componentes falhou: cannot unpack non-iterable int object
2026-04-23 06:09:59 [INFO] scanner - ✅ Validações OK [BTC/USDT]: Score=7.3, R:R=2.08
2026-04-23 06:09:59 [INFO] scanner - ⏸️  Throttle ativo [BTC/USDT]:
2026-04-23 06:09:59 [INFO] scanner -    ├─ Último alerta há 1548.4 minutos
2026-04-23 06:09:59 [INFO] scanner -    ├─ Tempo mínimo: 1800 minutos
2026-04-23 06:09:59 [INFO] scanner -    └─ Próximo permitido em: 251.6 minutos
2026-04-23 06:10:01 [WARNING] root - Bloco de componentes falhou: cannot unpack non-iterable int object
2026-04-23 06:10:01 [INFO] scanner - ✅ Validações OK [ETH/USDT]: Score=7.3, R:R=2.00
2026-04-23 06:10:01 [INFO] scanner - ⏸️  Throttle ativo [ETH/USDT]:
2026-04-23 06:10:01 [INFO] scanner -    ├─ Último alerta há 1548.4 minutos
2026-04-23 06:10:01 [INFO] scanner -    ├─ Tempo mínimo: 1800 minutos
2026-04-23 06:10:01 [INFO] scanner -    └─ Próximo permitido em: 251.6 minutos
2026-04-23 06:10:01 [WARNING] root - Bloco de componentes falhou: cannot unpack non-iterable int object
2026-04-23 06:10:01 [INFO] scanner - ✅ Validações OK [ETH/USDT]: Score=7.3, R:R=2.00
2026-04-23 06:10:01 [INFO] scanner - ⏸️  Throttle ativo [ETH/USDT]:
2026-04-23 06:10:01 [INFO] scanner -    ├─ Último alerta há 1548.4 minutos
2026-04-23 06:10:01 [INFO] scanner -    ├─ Tempo mínimo: 1800 minutos
2026-04-23 06:10:01 [INFO] scanner -    └─ Próximo permitido em: 251.6 minutos
2026-04-23 07:45:11 [INFO] scanner - ============================================================
2026-04-23 07:45:11 [INFO] scanner - 🚀 SCANNER INICIADO
2026-04-23 07:45:11 [INFO] scanner - 📅 Data/Hora: 23/04/2026 07:45:11
2026-04-23 07:45:11 [INFO] scanner - 📂 Log: logs/scanner_2026-04-23.log
2026-04-23 07:45:11 [INFO] scanner - ============================================================
2026-04-23 07:45:11 [INFO] scanner - 📝 PAPER MODE ATIVO - Apenas registro e análise
2026-04-23 07:45:14 [WARNING] root - Bloco de componentes falhou: cannot unpack non-iterable int object
2026-04-23 07:45:14 [INFO] scanner - ✅ Validações OK [BTC/USDT]: Score=7.3, R:R=2.08
2026-04-23 07:45:14 [INFO] scanner - ⏸️  Throttle ativo [BTC/USDT]:
2026-04-23 07:45:14 [INFO] scanner -    ├─ Último alerta há 1643.7 minutos
2026-04-23 07:45:14 [INFO] scanner -    ├─ Tempo mínimo: 1800 minutos
2026-04-23 07:45:14 [INFO] scanner -    └─ Próximo permitido em: 156.3 minutos
2026-04-23 07:45:15 [WARNING] root - Bloco de componentes falhou: cannot unpack non-iterable int object
2026-04-23 07:45:15 [INFO] scanner - ✅ Validações OK [BTC/USDT]: Score=7.3, R:R=2.08
2026-04-23 07:45:15 [INFO] scanner - ⏸️  Throttle ativo [BTC/USDT]:
2026-04-23 07:45:15 [INFO] scanner -    ├─ Último alerta há 1643.7 minutos
2026-04-23 07:45:15 [INFO] scanner -    ├─ Tempo mínimo: 1800 minutos
2026-04-23 07:45:15 [INFO] scanner -    └─ Próximo permitido em: 156.3 minutos
2026-04-23 07:45:17 [WARNING] root - Bloco de componentes falhou: cannot unpack non-iterable int object
2026-04-23 07:45:17 [INFO] scanner - ✅ Validações OK [ETH/USDT]: Score=7.3, R:R=2.00
2026-04-23 07:45:17 [INFO] scanner - ⏸️  Throttle ativo [ETH/USDT]:
2026-04-23 07:45:17 [INFO] scanner -    ├─ Último alerta há 1643.7 minutos
2026-04-23 07:45:17 [INFO] scanner -    ├─ Tempo mínimo: 1800 minutos
2026-04-23 07:45:17 [INFO] scanner -    └─ Próximo permitido em: 156.3 minutos
2026-04-23 08:45:39 [INFO] scanner - ============================================================
2026-04-23 08:45:39 [INFO] scanner - 🚀 SCANNER INICIADO
2026-04-23 08:45:39 [INFO] scanner - 📅 Data/Hora: 23/04/2026 08:45:39
2026-04-23 08:45:39 [INFO] scanner - 📂 Log: logs/scanner_2026-04-23.log
2026-04-23 08:45:39 [INFO] scanner - ============================================================
2026-04-23 08:45:39 [INFO] scanner - 📝 PAPER MODE ATIVO - Apenas registro e análise
2026-04-23 08:45:43 [WARNING] root - Bloco de componentes falhou: cannot unpack non-iterable int object
2026-04-23 08:45:43 [INFO] scanner - ✅ Validações OK [BTC/USDT]: Score=7.3, R:R=2.08
2026-04-23 08:45:43 [INFO] scanner - ⏸️  Throttle ativo [BTC/USDT]:
2026-04-23 08:45:43 [INFO] scanner -    ├─ Último alerta há 1704.1 minutos
2026-04-23 08:45:43 [INFO] scanner -    ├─ Tempo mínimo: 1800 minutos
2026-04-23 08:45:43 [INFO] scanner -    └─ Próximo permitido em: 95.9 minutos
2026-04-23 10:05:43 [INFO] scanner - ============================================================
2026-04-23 10:05:43 [INFO] scanner - 🚀 SCANNER INICIADO
2026-04-23 10:05:43 [INFO] scanner - 📅 Data/Hora: 23/04/2026 10:05:43
2026-04-23 10:05:43 [INFO] scanner - 📂 Log: logs/scanner_2026-04-23.log
2026-04-23 10:05:43 [INFO] scanner - ============================================================
2026-04-23 10:05:43 [INFO] scanner - 📝 PAPER MODE ATIVO - Apenas registro e análise
2026-04-23 12:21:07 [INFO] scanner - ============================================================
2026-04-23 12:21:07 [INFO] scanner - 🚀 SCANNER INICIADO
2026-04-23 12:21:07 [INFO] scanner - 📅 Data/Hora: 23/04/2026 12:21:07
2026-04-23 12:21:07 [INFO] scanner - 📂 Log: logs/scanner_2026-04-23.log
2026-04-23 12:21:07 [INFO] scanner - ============================================================
2026-04-23 12:21:07 [INFO] scanner - 📝 PAPER MODE ATIVO - Apenas registro e análise
2026-04-23 12:21:11 [WARNING] root - Bloco de componentes falhou: cannot unpack non-iterable int object
2026-04-23 12:21:11 [INFO] scanner - ✅ Validações OK [BTC/USDT]: Score=7.3, R:R=2.08
2026-04-23 12:21:11 [INFO] scanner - ✅ Throttle OK [BTC/USDT]: Pode enviar
2026-04-23 12:21:11 [INFO] scanner - 📝 Sinal no ledger: 20260423_122111_779062 - BTC/USDT
2026-04-23 12:21:11 [INFO] scanner - 📨 Alerta enviado | ID Ledger: 20260423_122111_779062
