2026-05-09 04:44:44 [INFO] scanner - ============================================================
2026-05-09 04:44:44 [INFO] scanner - 🚀 SCANNER INICIADO
2026-05-09 04:44:44 [INFO] scanner - 📅 Data/Hora: 09/05/2026 04:44:44
2026-05-09 04:44:44 [INFO] scanner - 📂 Log: logs/scanner_2026-05-09.log
2026-05-09 04:44:44 [INFO] scanner - ============================================================
2026-05-09 04:44:44 [INFO] scanner - 📝 PAPER MODE ATIVO - Apenas registro e análise
2026-05-09 04:44:49 [WARNING] root - Bloco de componentes falhou: cannot unpack non-iterable int object
2026-05-09 04:44:49 [INFO] scanner - ✅ Validações OK [ETH/USDT]: Score=7.3, R:R=2.00
2026-05-09 04:44:49 [INFO] scanner - ⏸️  Throttle ativo [ETH/USDT]:
2026-05-09 04:44:49 [INFO] scanner -    ├─ Último alerta há 827.2 minutos
2026-05-09 04:44:49 [INFO] scanner -    ├─ Tempo mínimo: 1800 minutos
2026-05-09 04:44:49 [INFO] scanner -    └─ Próximo permitido em: 972.8 minutos
2026-05-09 06:03:07 [INFO] scanner - ============================================================
2026-05-09 06:03:07 [INFO] scanner - 🚀 SCANNER INICIADO
2026-05-09 06:03:07 [INFO] scanner - 📅 Data/Hora: 09/05/2026 06:03:07
2026-05-09 06:03:07 [INFO] scanner - 📂 Log: logs/scanner_2026-05-09.log
2026-05-09 06:03:07 [INFO] scanner - ============================================================
2026-05-09 06:03:07 [INFO] scanner - 📝 PAPER MODE ATIVO - Apenas registro e análise
2026-05-09 06:03:12 [WARNING] root - Bloco de componentes falhou: cannot unpack non-iterable int object
2026-05-09 06:03:12 [INFO] scanner - ✅ Validações OK [ETH/USDT]: Score=7.3, R:R=2.00
2026-05-09 06:03:12 [INFO] scanner - ⏸️  Throttle ativo [ETH/USDT]:
2026-05-09 06:03:12 [INFO] scanner -    ├─ Último alerta há 905.6 minutos
2026-05-09 06:03:12 [INFO] scanner -    ├─ Tempo mínimo: 1800 minutos
2026-05-09 06:03:12 [INFO] scanner -    └─ Próximo permitido em: 894.4 minutos
2026-05-09 07:15:50 [INFO] scanner - ============================================================
2026-05-09 07:15:50 [INFO] scanner - 🚀 SCANNER INICIADO
2026-05-09 07:15:50 [INFO] scanner - 📅 Data/Hora: 09/05/2026 07:15:50
2026-05-09 07:15:50 [INFO] scanner - 📂 Log: logs/scanner_2026-05-09.log
2026-05-09 07:15:50 [INFO] scanner - ============================================================
2026-05-09 07:15:50 [INFO] scanner - 📝 PAPER MODE ATIVO - Apenas registro e análise
2026-05-09 07:15:56 [WARNING] root - Bloco de componentes falhou: cannot unpack non-iterable int object
2026-05-09 07:15:56 [INFO] scanner - ✅ Validações OK [ETH/USDT]: Score=7.3, R:R=2.00
2026-05-09 07:15:56 [INFO] scanner - ⏸️  Throttle ativo [ETH/USDT]:
2026-05-09 07:15:56 [INFO] scanner -    ├─ Último alerta há 978.3 minutos
2026-05-09 07:15:56 [INFO] scanner -    ├─ Tempo mínimo: 1800 minutos
2026-05-09 07:15:56 [INFO] scanner -    └─ Próximo permitido em: 821.7 minutos
2026-05-09 08:24:53 [INFO] scanner - ============================================================
2026-05-09 08:24:53 [INFO] scanner - 🚀 SCANNER INICIADO
2026-05-09 08:24:53 [INFO] scanner - 📅 Data/Hora: 09/05/2026 08:24:53
2026-05-09 08:24:53 [INFO] scanner - 📂 Log: logs/scanner_2026-05-09.log
2026-05-09 08:24:53 [INFO] scanner - ============================================================
2026-05-09 08:24:53 [INFO] scanner - 📝 PAPER MODE ATIVO - Apenas registro e análise
2026-05-09 08:24:58 [WARNING] root - Bloco de componentes falhou: cannot unpack non-iterable int object
2026-05-09 08:24:58 [INFO] scanner - ✅ Validações OK [ETH/USDT]: Score=7.3, R:R=2.00
2026-05-09 08:24:58 [INFO] scanner - ⏸️  Throttle ativo [ETH/USDT]:
2026-05-09 08:24:58 [INFO] scanner -    ├─ Último alerta há 1047.4 minutos
2026-05-09 08:24:58 [INFO] scanner -    ├─ Tempo mínimo: 1800 minutos
2026-05-09 08:24:58 [INFO] scanner -    └─ Próximo permitido em: 752.6 minutos
2026-05-09 09:06:54 [INFO] scanner - ============================================================
2026-05-09 09:06:54 [INFO] scanner - 🚀 SCANNER INICIADO
2026-05-09 09:06:54 [INFO] scanner - 📅 Data/Hora: 09/05/2026 09:06:54
2026-05-09 09:06:54 [INFO] scanner - 📂 Log: logs/scanner_2026-05-09.log
2026-05-09 09:06:54 [INFO] scanner - ============================================================
2026-05-09 09:06:54 [INFO] scanner - 📝 PAPER MODE ATIVO - Apenas registro e análise
2026-05-09 09:07:00 [WARNING] root - Bloco de componentes falhou: cannot unpack non-iterable int object
2026-05-09 09:07:00 [INFO] scanner - ✅ Validações OK [ETH/USDT]: Score=7.0, R:R=2.00
2026-05-09 09:07:00 [INFO] scanner - ⏸️  Throttle ativo [ETH/USDT]:
2026-05-09 09:07:00 [INFO] scanner -    ├─ Último alerta há 1089.4 minutos
2026-05-09 09:07:00 [INFO] scanner -    ├─ Tempo mínimo: 1800 minutos
2026-05-09 09:07:00 [INFO] scanner -    └─ Próximo permitido em: 710.6 minutos
2026-05-09 10:50:26 [INFO] scanner - ============================================================
2026-05-09 10:50:26 [INFO] scanner - 🚀 SCANNER INICIADO
2026-05-09 10:50:26 [INFO] scanner - 📅 Data/Hora: 09/05/2026 10:50:26
2026-05-09 10:50:26 [INFO] scanner - 📂 Log: logs/scanner_2026-05-09.log
2026-05-09 10:50:26 [INFO] scanner - ============================================================
2026-05-09 10:50:26 [INFO] scanner - 📝 PAPER MODE ATIVO - Apenas registro e análise
2026-05-09 11:42:53 [INFO] scanner - ============================================================
2026-05-09 11:42:53 [INFO] scanner - 🚀 SCANNER INICIADO
2026-05-09 11:42:53 [INFO] scanner - 📅 Data/Hora: 09/05/2026 11:42:53
2026-05-09 11:42:53 [INFO] scanner - 📂 Log: logs/scanner_2026-05-09.log
2026-05-09 11:42:53 [INFO] scanner - ============================================================
2026-05-09 11:42:53 [INFO] scanner - 📝 PAPER MODE ATIVO - Apenas registro e análise
2026-05-09 11:42:57 [WARNING] root - Bloco de componentes falhou: cannot unpack non-iterable int object
2026-05-09 11:42:57 [INFO] scanner - ✅ Validações OK [BTC/USDT]: Score=8.5, R:R=2.08
2026-05-09 11:42:57 [INFO] scanner - ✅ Throttle OK [BTC/USDT]: Pode enviar
2026-05-09 11:42:57 [INFO] scanner - 📝 Sinal no ledger: 20260509_114257_524714 - BTC/USDT
2026-05-09 11:42:57 [INFO] scanner - 📨 Alerta enviado | ID Ledger: 20260509_114257_524714
