2026-04-09 04:11:49 [INFO] scanner - ============================================================
2026-04-09 04:11:49 [INFO] scanner - 🚀 SCANNER INICIADO
2026-04-09 04:11:49 [INFO] scanner - 📅 Data/Hora: 09/04/2026 04:11:49
2026-04-09 04:11:49 [INFO] scanner - 📂 Log: logs/scanner_2026-04-09.log
2026-04-09 04:11:49 [INFO] scanner - ============================================================
2026-04-09 04:11:49 [INFO] scanner - 📝 PAPER MODE ATIVO - Apenas registro e análise
2026-04-09 04:11:54 [WARNING] root - Bloco de componentes falhou: cannot unpack non-iterable int object
2026-04-09 04:11:54 [INFO] scanner - ✅ Validações OK [ETH/USDT]: Score=7.3, R:R=2.00
2026-04-09 04:11:54 [INFO] scanner - ⏸️  Throttle ativo [ETH/USDT]:
2026-04-09 04:11:54 [INFO] scanner -    ├─ Último alerta há 926.5 minutos
2026-04-09 04:11:54 [INFO] scanner -    ├─ Tempo mínimo: 1800 minutos
2026-04-09 04:11:54 [INFO] scanner -    └─ Próximo permitido em: 873.5 minutos
2026-04-09 05:46:39 [INFO] scanner - ============================================================
2026-04-09 05:46:39 [INFO] scanner - 🚀 SCANNER INICIADO
2026-04-09 05:46:39 [INFO] scanner - 📅 Data/Hora: 09/04/2026 05:46:39
2026-04-09 05:46:39 [INFO] scanner - 📂 Log: logs/scanner_2026-04-09.log
2026-04-09 05:46:39 [INFO] scanner - ============================================================
2026-04-09 05:46:39 [INFO] scanner - 📝 PAPER MODE ATIVO - Apenas registro e análise
2026-04-09 05:46:42 [WARNING] root - Bloco de componentes falhou: cannot unpack non-iterable int object
2026-04-09 05:46:42 [INFO] scanner - ✅ Validações OK [BTC/USDT]: Score=7.3, R:R=2.08
2026-04-09 05:46:42 [INFO] scanner - ⏸️  Throttle ativo [BTC/USDT]:
2026-04-09 05:46:42 [INFO] scanner -    ├─ Último alerta há 1021.4 minutos
2026-04-09 05:46:42 [INFO] scanner -    ├─ Tempo mínimo: 1800 minutos
2026-04-09 05:46:42 [INFO] scanner -    └─ Próximo permitido em: 778.6 minutos
2026-04-09 05:46:45 [WARNING] root - Bloco de componentes falhou: cannot unpack non-iterable int object
2026-04-09 05:46:45 [INFO] scanner - ✅ Validações OK [ETH/USDT]: Score=7.3, R:R=2.00
2026-04-09 05:46:45 [INFO] scanner - ⏸️  Throttle ativo [ETH/USDT]:
2026-04-09 05:46:45 [INFO] scanner -    ├─ Último alerta há 1021.4 minutos
2026-04-09 05:46:45 [INFO] scanner -    ├─ Tempo mínimo: 1800 minutos
2026-04-09 05:46:45 [INFO] scanner -    └─ Próximo permitido em: 778.6 minutos
2026-04-09 07:05:13 [INFO] scanner - ============================================================
2026-04-09 07:05:13 [INFO] scanner - 🚀 SCANNER INICIADO
2026-04-09 07:05:13 [INFO] scanner - 📅 Data/Hora: 09/04/2026 07:05:13
2026-04-09 07:05:13 [INFO] scanner - 📂 Log: logs/scanner_2026-04-09.log
2026-04-09 07:05:13 [INFO] scanner - ============================================================
2026-04-09 07:05:13 [INFO] scanner - 📝 PAPER MODE ATIVO - Apenas registro e análise
2026-04-09 07:05:16 [WARNING] root - Bloco de componentes falhou: cannot unpack non-iterable int object
2026-04-09 07:05:16 [INFO] scanner - ✅ Validações OK [BTC/USDT]: Score=7.3, R:R=2.08
2026-04-09 07:05:16 [INFO] scanner - ⏸️  Throttle ativo [BTC/USDT]:
2026-04-09 07:05:16 [INFO] scanner -    ├─ Último alerta há 1100.0 minutos
2026-04-09 07:05:16 [INFO] scanner -    ├─ Tempo mínimo: 1800 minutos
2026-04-09 07:05:16 [INFO] scanner -    └─ Próximo permitido em: 700.0 minutos
2026-04-09 07:05:16 [WARNING] root - Bloco de componentes falhou: cannot unpack non-iterable int object
2026-04-09 07:05:16 [INFO] scanner - ✅ Validações OK [BTC/USDT]: Score=7.3, R:R=2.08
2026-04-09 07:05:16 [INFO] scanner - ⏸️  Throttle ativo [BTC/USDT]:
2026-04-09 07:05:16 [INFO] scanner -    ├─ Último alerta há 1100.0 minutos
2026-04-09 07:05:16 [INFO] scanner -    ├─ Tempo mínimo: 1800 minutos
2026-04-09 07:05:16 [INFO] scanner -    └─ Próximo permitido em: 700.0 minutos
2026-04-09 08:16:09 [INFO] scanner - ============================================================
2026-04-09 08:16:09 [INFO] scanner - 🚀 SCANNER INICIADO
2026-04-09 08:16:09 [INFO] scanner - 📅 Data/Hora: 09/04/2026 08:16:09
2026-04-09 08:16:09 [INFO] scanner - 📂 Log: logs/scanner_2026-04-09.log
2026-04-09 08:16:09 [INFO] scanner - ============================================================
2026-04-09 08:16:09 [INFO] scanner - 📝 PAPER MODE ATIVO - Apenas registro e análise
2026-04-09 08:16:12 [WARNING] root - Bloco de componentes falhou: cannot unpack non-iterable int object
2026-04-09 08:16:12 [INFO] scanner - ✅ Validações OK [BTC/USDT]: Score=7.3, R:R=2.08
2026-04-09 08:16:12 [INFO] scanner - ⏸️  Throttle ativo [BTC/USDT]:
2026-04-09 08:16:12 [INFO] scanner -    ├─ Último alerta há 1170.9 minutos
2026-04-09 08:16:12 [INFO] scanner -    ├─ Tempo mínimo: 1800 minutos
2026-04-09 08:16:12 [INFO] scanner -    └─ Próximo permitido em: 629.1 minutos
2026-04-09 08:16:12 [WARNING] root - Bloco de componentes falhou: cannot unpack non-iterable int object
2026-04-09 08:16:12 [INFO] scanner - ✅ Validações OK [BTC/USDT]: Score=7.3, R:R=2.08
2026-04-09 08:16:12 [INFO] scanner - ⏸️  Throttle ativo [BTC/USDT]:
2026-04-09 08:16:12 [INFO] scanner -    ├─ Último alerta há 1170.9 minutos
2026-04-09 08:16:12 [INFO] scanner -    ├─ Tempo mínimo: 1800 minutos
2026-04-09 08:16:12 [INFO] scanner -    └─ Próximo permitido em: 629.1 minutos
2026-04-09 09:08:10 [INFO] scanner - ============================================================
2026-04-09 09:08:10 [INFO] scanner - 🚀 SCANNER INICIADO
2026-04-09 09:08:10 [INFO] scanner - 📅 Data/Hora: 09/04/2026 09:08:10
2026-04-09 09:08:10 [INFO] scanner - 📂 Log: logs/scanner_2026-04-09.log
2026-04-09 09:08:10 [INFO] scanner - ============================================================
2026-04-09 09:08:10 [INFO] scanner - 📝 PAPER MODE ATIVO - Apenas registro e análise
2026-04-09 09:08:14 [WARNING] root - Bloco de componentes falhou: cannot unpack non-iterable int object
2026-04-09 09:08:14 [INFO] scanner - ✅ Validações OK [BTC/USDT]: Score=7.3, R:R=2.08
2026-04-09 09:08:14 [INFO] scanner - ⏸️  Throttle ativo [BTC/USDT]:
2026-04-09 09:08:14 [INFO] scanner -    ├─ Último alerta há 1222.9 minutos
2026-04-09 09:08:14 [INFO] scanner -    ├─ Tempo mínimo: 1800 minutos
2026-04-09 09:08:14 [INFO] scanner -    └─ Próximo permitido em: 577.1 minutos
2026-04-09 09:08:14 [WARNING] root - Bloco de componentes falhou: cannot unpack non-iterable int object
2026-04-09 09:08:14 [INFO] scanner - ✅ Validações OK [BTC/USDT]: Score=7.3, R:R=2.08
2026-04-09 09:08:14 [INFO] scanner - ⏸️  Throttle ativo [BTC/USDT]:
2026-04-09 09:08:14 [INFO] scanner -    ├─ Último alerta há 1222.9 minutos
2026-04-09 09:08:14 [INFO] scanner -    ├─ Tempo mínimo: 1800 minutos
2026-04-09 09:08:14 [INFO] scanner -    └─ Próximo permitido em: 577.1 minutos
