2026-02-25 03:53:34 [INFO] scanner - ============================================================
2026-02-25 03:53:34 [INFO] scanner - 🚀 SCANNER INICIADO
2026-02-25 03:53:34 [INFO] scanner - 📅 Data/Hora: 25/02/2026 03:53:34
2026-02-25 03:53:34 [INFO] scanner - 📂 Log: logs/scanner_2026-02-25.log
2026-02-25 03:53:34 [INFO] scanner - ============================================================
2026-02-25 03:53:34 [INFO] scanner - 📝 PAPER MODE ATIVO - Apenas registro e análise
2026-02-25 03:53:37 [WARNING] root - Bloco de componentes falhou: cannot unpack non-iterable int object
2026-02-25 03:53:37 [INFO] scanner - ✅ Validações OK [BTC/USDT]: Score=7.3, R:R=2.08
2026-02-25 03:53:37 [INFO] scanner - ⏸️  Throttle ativo [BTC/USDT]:
2026-02-25 03:53:37 [INFO] scanner -    ├─ Último alerta há 1014.7 minutos
2026-02-25 03:53:37 [INFO] scanner -    ├─ Tempo mínimo: 1800 minutos
2026-02-25 03:53:37 [INFO] scanner -    └─ Próximo permitido em: 785.3 minutos
2026-02-25 03:53:39 [WARNING] root - Bloco de componentes falhou: cannot unpack non-iterable int object
2026-02-25 03:53:39 [INFO] scanner - ✅ Validações OK [ETH/USDT]: Score=7.8, R:R=2.00
2026-02-25 03:53:39 [INFO] scanner - ⏸️  Throttle ativo [ETH/USDT]:
2026-02-25 03:53:39 [INFO] scanner -    ├─ Último alerta há 1014.7 minutos
2026-02-25 03:53:39 [INFO] scanner -    ├─ Tempo mínimo: 1800 minutos
2026-02-25 03:53:39 [INFO] scanner -    └─ Próximo permitido em: 785.3 minutos
2026-02-25 03:53:40 [WARNING] root - Bloco de componentes falhou: cannot unpack non-iterable int object
2026-02-25 03:53:40 [INFO] scanner - ✅ Validações OK [ETH/USDT]: Score=7.3, R:R=2.00
2026-02-25 03:53:40 [INFO] scanner - ⏸️  Throttle ativo [ETH/USDT]:
2026-02-25 03:53:40 [INFO] scanner -    ├─ Último alerta há 1014.7 minutos
2026-02-25 03:53:40 [INFO] scanner -    ├─ Tempo mínimo: 1800 minutos
2026-02-25 03:53:40 [INFO] scanner -    └─ Próximo permitido em: 785.3 minutos
2026-02-25 04:46:53 [INFO] scanner - ============================================================
2026-02-25 04:46:53 [INFO] scanner - 🚀 SCANNER INICIADO
2026-02-25 04:46:53 [INFO] scanner - 📅 Data/Hora: 25/02/2026 04:46:53
2026-02-25 04:46:53 [INFO] scanner - 📂 Log: logs/scanner_2026-02-25.log
2026-02-25 04:46:53 [INFO] scanner - ============================================================
2026-02-25 04:46:53 [INFO] scanner - 📝 PAPER MODE ATIVO - Apenas registro e análise
2026-02-25 04:46:57 [WARNING] root - Bloco de componentes falhou: cannot unpack non-iterable int object
2026-02-25 04:46:57 [INFO] scanner - ✅ Validações OK [BTC/USDT]: Score=7.3, R:R=2.08
2026-02-25 04:46:57 [INFO] scanner - ⏸️  Throttle ativo [BTC/USDT]:
2026-02-25 04:46:57 [INFO] scanner -    ├─ Último alerta há 1068.0 minutos
2026-02-25 04:46:57 [INFO] scanner -    ├─ Tempo mínimo: 1800 minutos
2026-02-25 04:46:57 [INFO] scanner -    └─ Próximo permitido em: 732.0 minutos
2026-02-25 04:46:59 [WARNING] root - Bloco de componentes falhou: cannot unpack non-iterable int object
2026-02-25 04:46:59 [INFO] scanner - ✅ Validações OK [ETH/USDT]: Score=7.8, R:R=2.00
2026-02-25 04:46:59 [INFO] scanner - ⏸️  Throttle ativo [ETH/USDT]:
2026-02-25 04:46:59 [INFO] scanner -    ├─ Último alerta há 1068.0 minutos
2026-02-25 04:46:59 [INFO] scanner -    ├─ Tempo mínimo: 1800 minutos
2026-02-25 04:46:59 [INFO] scanner -    └─ Próximo permitido em: 732.0 minutos
2026-02-25 04:46:59 [WARNING] root - Bloco de componentes falhou: cannot unpack non-iterable int object
2026-02-25 04:46:59 [INFO] scanner - ✅ Validações OK [ETH/USDT]: Score=7.3, R:R=2.00
2026-02-25 04:46:59 [INFO] scanner - ⏸️  Throttle ativo [ETH/USDT]:
2026-02-25 04:46:59 [INFO] scanner -    ├─ Último alerta há 1068.0 minutos
2026-02-25 04:46:59 [INFO] scanner -    ├─ Tempo mínimo: 1800 minutos
2026-02-25 04:46:59 [INFO] scanner -    └─ Próximo permitido em: 732.0 minutos
2026-02-25 05:38:29 [INFO] scanner - ============================================================
2026-02-25 05:38:29 [INFO] scanner - 🚀 SCANNER INICIADO
2026-02-25 05:38:29 [INFO] scanner - 📅 Data/Hora: 25/02/2026 05:38:29
2026-02-25 05:38:29 [INFO] scanner - 📂 Log: logs/scanner_2026-02-25.log
2026-02-25 05:38:29 [INFO] scanner - ============================================================
2026-02-25 05:38:29 [INFO] scanner - 📝 PAPER MODE ATIVO - Apenas registro e análise
2026-02-25 05:38:33 [WARNING] root - Bloco de componentes falhou: cannot unpack non-iterable int object
2026-02-25 05:38:33 [INFO] scanner - ✅ Validações OK [BTC/USDT]: Score=7.3, R:R=2.08
2026-02-25 05:38:33 [INFO] scanner - ⏸️  Throttle ativo [BTC/USDT]:
2026-02-25 05:38:33 [INFO] scanner -    ├─ Último alerta há 1119.6 minutos
2026-02-25 05:38:33 [INFO] scanner -    ├─ Tempo mínimo: 1800 minutos
2026-02-25 05:38:33 [INFO] scanner -    └─ Próximo permitido em: 680.4 minutos
2026-02-25 05:38:35 [WARNING] root - Bloco de componentes falhou: cannot unpack non-iterable int object
2026-02-25 05:38:35 [INFO] scanner - ✅ Validações OK [ETH/USDT]: Score=7.8, R:R=2.00
2026-02-25 05:38:35 [INFO] scanner - ⏸️  Throttle ativo [ETH/USDT]:
2026-02-25 05:38:35 [INFO] scanner -    ├─ Último alerta há 1119.6 minutos
2026-02-25 05:38:35 [INFO] scanner -    ├─ Tempo mínimo: 1800 minutos
2026-02-25 05:38:35 [INFO] scanner -    └─ Próximo permitido em: 680.4 minutos
2026-02-25 05:38:35 [WARNING] root - Bloco de componentes falhou: cannot unpack non-iterable int object
2026-02-25 05:38:35 [INFO] scanner - ✅ Validações OK [ETH/USDT]: Score=7.3, R:R=2.00
2026-02-25 05:38:35 [INFO] scanner - ⏸️  Throttle ativo [ETH/USDT]:
2026-02-25 05:38:35 [INFO] scanner -    ├─ Último alerta há 1119.6 minutos
2026-02-25 05:38:35 [INFO] scanner -    ├─ Tempo mínimo: 1800 minutos
2026-02-25 05:38:35 [INFO] scanner -    └─ Próximo permitido em: 680.4 minutos
2026-02-25 06:36:10 [INFO] scanner - ============================================================
2026-02-25 06:36:10 [INFO] scanner - 🚀 SCANNER INICIADO
2026-02-25 06:36:10 [INFO] scanner - 📅 Data/Hora: 25/02/2026 06:36:10
2026-02-25 06:36:10 [INFO] scanner - 📂 Log: logs/scanner_2026-02-25.log
2026-02-25 06:36:10 [INFO] scanner - ============================================================
2026-02-25 06:36:10 [INFO] scanner - 📝 PAPER MODE ATIVO - Apenas registro e análise
2026-02-25 06:36:13 [WARNING] root - Bloco de componentes falhou: cannot unpack non-iterable int object
2026-02-25 06:36:13 [INFO] scanner - ✅ Validações OK [BTC/USDT]: Score=7.3, R:R=2.08
2026-02-25 06:36:13 [INFO] scanner - ⏸️  Throttle ativo [BTC/USDT]:
2026-02-25 06:36:13 [INFO] scanner -    ├─ Último alerta há 1177.3 minutos
2026-02-25 06:36:13 [INFO] scanner -    ├─ Tempo mínimo: 1800 minutos
2026-02-25 06:36:13 [INFO] scanner -    └─ Próximo permitido em: 622.7 minutos
2026-02-25 06:36:16 [WARNING] root - Bloco de componentes falhou: cannot unpack non-iterable int object
2026-02-25 06:36:16 [INFO] scanner - ✅ Validações OK [ETH/USDT]: Score=7.8, R:R=2.00
2026-02-25 06:36:16 [INFO] scanner - ⏸️  Throttle ativo [ETH/USDT]:
2026-02-25 06:36:16 [INFO] scanner -    ├─ Último alerta há 1177.3 minutos
2026-02-25 06:36:16 [INFO] scanner -    ├─ Tempo mínimo: 1800 minutos
2026-02-25 06:36:16 [INFO] scanner -    └─ Próximo permitido em: 622.7 minutos
2026-02-25 06:36:16 [WARNING] root - Bloco de componentes falhou: cannot unpack non-iterable int object
2026-02-25 06:36:16 [INFO] scanner - ✅ Validações OK [ETH/USDT]: Score=7.3, R:R=2.00
2026-02-25 06:36:16 [INFO] scanner - ⏸️  Throttle ativo [ETH/USDT]:
2026-02-25 06:36:16 [INFO] scanner -    ├─ Último alerta há 1177.3 minutos
2026-02-25 06:36:16 [INFO] scanner -    ├─ Tempo mínimo: 1800 minutos
2026-02-25 06:36:16 [INFO] scanner -    └─ Próximo permitido em: 622.7 minutos
2026-02-25 07:33:17 [INFO] scanner - ============================================================
2026-02-25 07:33:17 [INFO] scanner - 🚀 SCANNER INICIADO
2026-02-25 07:33:17 [INFO] scanner - 📅 Data/Hora: 25/02/2026 07:33:17
2026-02-25 07:33:17 [INFO] scanner - 📂 Log: logs/scanner_2026-02-25.log
2026-02-25 07:33:17 [INFO] scanner - ============================================================
2026-02-25 07:33:17 [INFO] scanner - 📝 PAPER MODE ATIVO - Apenas registro e análise
2026-02-25 07:33:21 [WARNING] root - Bloco de componentes falhou: cannot unpack non-iterable int object
2026-02-25 07:33:21 [INFO] scanner - ✅ Validações OK [BTC/USDT]: Score=7.3, R:R=2.08
2026-02-25 07:33:21 [INFO] scanner - ⏸️  Throttle ativo [BTC/USDT]:
2026-02-25 07:33:21 [INFO] scanner -    ├─ Último alerta há 1234.4 minutos
2026-02-25 07:33:21 [INFO] scanner -    ├─ Tempo mínimo: 1800 minutos
2026-02-25 07:33:21 [INFO] scanner -    └─ Próximo permitido em: 565.6 minutos
2026-02-25 07:33:23 [WARNING] root - Bloco de componentes falhou: cannot unpack non-iterable int object
2026-02-25 07:33:23 [INFO] scanner - ✅ Validações OK [ETH/USDT]: Score=7.3, R:R=2.00
2026-02-25 07:33:23 [INFO] scanner - ⏸️  Throttle ativo [ETH/USDT]:
2026-02-25 07:33:23 [INFO] scanner -    ├─ Último alerta há 1234.4 minutos
2026-02-25 07:33:23 [INFO] scanner -    ├─ Tempo mínimo: 1800 minutos
2026-02-25 07:33:23 [INFO] scanner -    └─ Próximo permitido em: 565.6 minutos
