2026-07-23 05:13:49 [INFO] scanner - ============================================================
2026-07-23 05:13:49 [INFO] scanner - 🚀 SCANNER INICIADO
2026-07-23 05:13:49 [INFO] scanner - 📅 Data/Hora: 23/07/2026 05:13:49
2026-07-23 05:13:49 [INFO] scanner - 📂 Log: logs/scanner_2026-07-23.log
2026-07-23 05:13:49 [INFO] scanner - ============================================================
2026-07-23 05:13:49 [INFO] scanner - 📝 PAPER MODE ATIVO - Apenas registro e análise
2026-07-23 07:34:49 [INFO] scanner - ============================================================
2026-07-23 07:34:49 [INFO] scanner - 🚀 SCANNER INICIADO
2026-07-23 07:34:49 [INFO] scanner - 📅 Data/Hora: 23/07/2026 07:34:49
2026-07-23 07:34:49 [INFO] scanner - 📂 Log: logs/scanner_2026-07-23.log
2026-07-23 07:34:49 [INFO] scanner - ============================================================
2026-07-23 07:34:49 [INFO] scanner - 📝 PAPER MODE ATIVO - Apenas registro e análise
2026-07-23 09:12:26 [INFO] scanner - ============================================================
2026-07-23 09:12:26 [INFO] scanner - 🚀 SCANNER INICIADO
2026-07-23 09:12:26 [INFO] scanner - 📅 Data/Hora: 23/07/2026 09:12:26
2026-07-23 09:12:26 [INFO] scanner - 📂 Log: logs/scanner_2026-07-23.log
2026-07-23 09:12:26 [INFO] scanner - ============================================================
2026-07-23 09:12:26 [INFO] scanner - 📝 PAPER MODE ATIVO - Apenas registro e análise
2026-07-23 11:29:59 [INFO] scanner - ============================================================
2026-07-23 11:29:59 [INFO] scanner - 🚀 SCANNER INICIADO
2026-07-23 11:29:59 [INFO] scanner - 📅 Data/Hora: 23/07/2026 11:29:59
2026-07-23 11:29:59 [INFO] scanner - 📂 Log: logs/scanner_2026-07-23.log
2026-07-23 11:29:59 [INFO] scanner - ============================================================
2026-07-23 11:29:59 [INFO] scanner - 📝 PAPER MODE ATIVO - Apenas registro e análise
2026-07-23 13:08:23 [INFO] scanner - ============================================================
2026-07-23 13:08:23 [INFO] scanner - 🚀 SCANNER INICIADO
2026-07-23 13:08:23 [INFO] scanner - 📅 Data/Hora: 23/07/2026 13:08:23
2026-07-23 13:08:23 [INFO] scanner - 📂 Log: logs/scanner_2026-07-23.log
2026-07-23 13:08:23 [INFO] scanner - ============================================================
2026-07-23 13:08:23 [INFO] scanner - 📝 PAPER MODE ATIVO - Apenas registro e análise
2026-07-23 14:43:35 [INFO] scanner - ============================================================
2026-07-23 14:43:35 [INFO] scanner - 🚀 SCANNER INICIADO
2026-07-23 14:43:35 [INFO] scanner - 📅 Data/Hora: 23/07/2026 14:43:35
2026-07-23 14:43:35 [INFO] scanner - 📂 Log: logs/scanner_2026-07-23.log
2026-07-23 14:43:35 [INFO] scanner - ============================================================
2026-07-23 14:43:35 [INFO] scanner - 📝 PAPER MODE ATIVO - Apenas registro e análise
2026-07-23 15:49:20 [INFO] scanner - ============================================================
2026-07-23 15:49:20 [INFO] scanner - 🚀 SCANNER INICIADO
2026-07-23 15:49:20 [INFO] scanner - 📅 Data/Hora: 23/07/2026 15:49:20
2026-07-23 15:49:20 [INFO] scanner - 📂 Log: logs/scanner_2026-07-23.log
2026-07-23 15:49:20 [INFO] scanner - ============================================================
2026-07-23 15:49:20 [INFO] scanner - 📝 PAPER MODE ATIVO - Apenas registro e análise
2026-07-23 17:07:31 [INFO] scanner - ============================================================
2026-07-23 17:07:31 [INFO] scanner - 🚀 SCANNER INICIADO
2026-07-23 17:07:31 [INFO] scanner - 📅 Data/Hora: 23/07/2026 17:07:31
2026-07-23 17:07:31 [INFO] scanner - 📂 Log: logs/scanner_2026-07-23.log
2026-07-23 17:07:31 [INFO] scanner - ============================================================
2026-07-23 17:07:31 [INFO] scanner - 📝 PAPER MODE ATIVO - Apenas registro e análise
2026-07-23 17:07:35 [WARNING] root - Bloco de componentes falhou: cannot unpack non-iterable int object
2026-07-23 17:07:35 [INFO] scanner - ✅ Validações OK [BTC/USDT]: Score=8.3, R:R=2.08
2026-07-23 17:07:35 [INFO] scanner - ⏸️  Throttle ativo [BTC/USDT]:
2026-07-23 17:07:35 [INFO] scanner -    ├─ Último alerta há 1785.2 minutos
2026-07-23 17:07:35 [INFO] scanner -    ├─ Tempo mínimo: 1800 minutos
2026-07-23 17:07:35 [INFO] scanner -    └─ Próximo permitido em: 14.8 minutos
2026-07-23 17:07:37 [WARNING] root - Bloco de componentes falhou: cannot unpack non-iterable int object
2026-07-23 17:07:37 [INFO] scanner - ✅ Validações OK [ETH/USDT]: Score=8.3, R:R=2.00
2026-07-23 17:07:37 [INFO] scanner - ⏸️  Throttle ativo [ETH/USDT]:
2026-07-23 17:07:37 [INFO] scanner -    ├─ Último alerta há 1785.1 minutos
2026-07-23 17:07:37 [INFO] scanner -    ├─ Tempo mínimo: 1800 minutos
2026-07-23 17:07:37 [INFO] scanner -    └─ Próximo permitido em: 14.9 minutos
