2026-07-19 05:01:34 [INFO] scanner - ============================================================
2026-07-19 05:01:34 [INFO] scanner - 🚀 SCANNER INICIADO
2026-07-19 05:01:34 [INFO] scanner - 📅 Data/Hora: 19/07/2026 05:01:34
2026-07-19 05:01:34 [INFO] scanner - 📂 Log: logs/scanner_2026-07-19.log
2026-07-19 05:01:34 [INFO] scanner - ============================================================
2026-07-19 05:01:34 [INFO] scanner - 📝 PAPER MODE ATIVO - Apenas registro e análise
2026-07-19 05:01:37 [WARNING] root - Bloco de componentes falhou: cannot unpack non-iterable int object
2026-07-19 05:01:37 [INFO] scanner - ✅ Validações OK [BTC/USDT]: Score=7.0, R:R=2.08
2026-07-19 05:01:37 [INFO] scanner - ⏸️  Throttle ativo [BTC/USDT]:
2026-07-19 05:01:37 [INFO] scanner -    ├─ Último alerta há 1074.8 minutos
2026-07-19 05:01:37 [INFO] scanner -    ├─ Tempo mínimo: 1800 minutos
2026-07-19 05:01:37 [INFO] scanner -    └─ Próximo permitido em: 725.2 minutos
2026-07-19 05:01:39 [WARNING] root - Bloco de componentes falhou: cannot unpack non-iterable int object
2026-07-19 05:01:39 [INFO] scanner - ✅ Validações OK [ETH/USDT]: Score=7.0, R:R=2.00
2026-07-19 05:01:39 [INFO] scanner - ⏸️  Throttle ativo [ETH/USDT]:
2026-07-19 05:01:39 [INFO] scanner -    ├─ Último alerta há 1074.8 minutos
2026-07-19 05:01:39 [INFO] scanner -    ├─ Tempo mínimo: 1800 minutos
2026-07-19 05:01:39 [INFO] scanner -    └─ Próximo permitido em: 725.2 minutos
2026-07-19 05:01:40 [WARNING] root - Bloco de componentes falhou: cannot unpack non-iterable int object
2026-07-19 05:01:40 [INFO] scanner - ✅ Validações OK [ETH/USDT]: Score=7.0, R:R=2.00
2026-07-19 05:01:40 [INFO] scanner - ⏸️  Throttle ativo [ETH/USDT]:
2026-07-19 05:01:40 [INFO] scanner -    ├─ Último alerta há 1074.8 minutos
2026-07-19 05:01:40 [INFO] scanner -    ├─ Tempo mínimo: 1800 minutos
2026-07-19 05:01:40 [INFO] scanner -    └─ Próximo permitido em: 725.2 minutos
2026-07-19 06:59:57 [INFO] scanner - ============================================================
2026-07-19 06:59:57 [INFO] scanner - 🚀 SCANNER INICIADO
2026-07-19 06:59:57 [INFO] scanner - 📅 Data/Hora: 19/07/2026 06:59:57
2026-07-19 06:59:57 [INFO] scanner - 📂 Log: logs/scanner_2026-07-19.log
2026-07-19 06:59:57 [INFO] scanner - ============================================================
2026-07-19 06:59:57 [INFO] scanner - 📝 PAPER MODE ATIVO - Apenas registro e análise
2026-07-19 07:00:00 [WARNING] root - Bloco de componentes falhou: cannot unpack non-iterable int object
2026-07-19 07:00:00 [INFO] scanner - ✅ Validações OK [BTC/USDT]: Score=7.5, R:R=2.08
2026-07-19 07:00:00 [INFO] scanner - ⏸️  Throttle ativo [BTC/USDT]:
2026-07-19 07:00:00 [INFO] scanner -    ├─ Último alerta há 1193.2 minutos
2026-07-19 07:00:00 [INFO] scanner -    ├─ Tempo mínimo: 1800 minutos
2026-07-19 07:00:00 [INFO] scanner -    └─ Próximo permitido em: 606.8 minutos
2026-07-19 07:00:02 [WARNING] root - Bloco de componentes falhou: cannot unpack non-iterable int object
2026-07-19 07:00:02 [INFO] scanner - ✅ Validações OK [ETH/USDT]: Score=7.5, R:R=2.00
2026-07-19 07:00:02 [INFO] scanner - ⏸️  Throttle ativo [ETH/USDT]:
2026-07-19 07:00:02 [INFO] scanner -    ├─ Último alerta há 1193.2 minutos
2026-07-19 07:00:02 [INFO] scanner -    ├─ Tempo mínimo: 1800 minutos
2026-07-19 07:00:02 [INFO] scanner -    └─ Próximo permitido em: 606.8 minutos
2026-07-19 07:00:03 [WARNING] root - Bloco de componentes falhou: cannot unpack non-iterable int object
2026-07-19 07:00:03 [INFO] scanner - ✅ Validações OK [ETH/USDT]: Score=7.5, R:R=2.00
2026-07-19 07:00:03 [INFO] scanner - ⏸️  Throttle ativo [ETH/USDT]:
2026-07-19 07:00:03 [INFO] scanner -    ├─ Último alerta há 1193.2 minutos
2026-07-19 07:00:03 [INFO] scanner -    ├─ Tempo mínimo: 1800 minutos
2026-07-19 07:00:03 [INFO] scanner -    └─ Próximo permitido em: 606.8 minutos
