2025-12-15 03:23:26 [INFO] scanner - ============================================================
2025-12-15 03:23:26 [INFO] scanner - 🚀 SCANNER INICIADO
2025-12-15 03:23:26 [INFO] scanner - 📅 Data/Hora: 15/12/2025 03:23:26
2025-12-15 03:23:26 [INFO] scanner - 📂 Log: logs/scanner_2025-12-15.log
2025-12-15 03:23:26 [INFO] scanner - ============================================================
2025-12-15 03:23:26 [INFO] scanner - 📝 PAPER MODE ATIVO - Apenas registro e análise
2025-12-15 03:23:30 [WARNING] root - Bloco de componentes falhou: cannot unpack non-iterable int object
2025-12-15 03:23:30 [INFO] scanner - ✅ Validações OK [BTC/USDT]: Score=7.3, R:R=2.08
2025-12-15 03:23:30 [INFO] scanner - ⏸️  Throttle ativo [BTC/USDT]:
2025-12-15 03:23:30 [INFO] scanner -    ├─ Último alerta há 609.3 minutos
2025-12-15 03:23:30 [INFO] scanner -    ├─ Tempo mínimo: 1800 minutos
2025-12-15 03:23:30 [INFO] scanner -    └─ Próximo permitido em: 1190.7 minutos
2025-12-15 03:23:32 [WARNING] root - Bloco de componentes falhou: cannot unpack non-iterable int object
2025-12-15 03:23:32 [INFO] scanner - ✅ Validações OK [ETH/USDT]: Score=7.3, R:R=2.00
2025-12-15 03:23:32 [INFO] scanner - ⏸️  Throttle ativo [ETH/USDT]:
2025-12-15 03:23:32 [INFO] scanner -    ├─ Último alerta há 1443.5 minutos
2025-12-15 03:23:32 [INFO] scanner -    ├─ Tempo mínimo: 1800 minutos
2025-12-15 03:23:32 [INFO] scanner -    └─ Próximo permitido em: 356.5 minutos
2025-12-15 03:55:46 [INFO] scanner - ============================================================
2025-12-15 03:55:46 [INFO] scanner - 🚀 SCANNER INICIADO
2025-12-15 03:55:46 [INFO] scanner - 📅 Data/Hora: 15/12/2025 03:55:46
2025-12-15 03:55:46 [INFO] scanner - 📂 Log: logs/scanner_2025-12-15.log
2025-12-15 03:55:46 [INFO] scanner - ============================================================
2025-12-15 03:55:46 [INFO] scanner - 📝 PAPER MODE ATIVO - Apenas registro e análise
2025-12-15 03:55:49 [WARNING] root - Bloco de componentes falhou: cannot unpack non-iterable int object
2025-12-15 03:55:49 [INFO] scanner - ✅ Validações OK [BTC/USDT]: Score=7.3, R:R=2.08
2025-12-15 03:55:49 [INFO] scanner - ⏸️  Throttle ativo [BTC/USDT]:
2025-12-15 03:55:49 [INFO] scanner -    ├─ Último alerta há 641.7 minutos
2025-12-15 03:55:49 [INFO] scanner -    ├─ Tempo mínimo: 1800 minutos
2025-12-15 03:55:49 [INFO] scanner -    └─ Próximo permitido em: 1158.3 minutos
2025-12-15 03:55:51 [WARNING] root - Bloco de componentes falhou: cannot unpack non-iterable int object
2025-12-15 03:55:51 [INFO] scanner - ✅ Validações OK [ETH/USDT]: Score=7.3, R:R=2.00
2025-12-15 03:55:51 [INFO] scanner - ⏸️  Throttle ativo [ETH/USDT]:
2025-12-15 03:55:51 [INFO] scanner -    ├─ Último alerta há 1475.9 minutos
2025-12-15 03:55:51 [INFO] scanner -    ├─ Tempo mínimo: 1800 minutos
2025-12-15 03:55:51 [INFO] scanner -    └─ Próximo permitido em: 324.1 minutos
2025-12-15 04:19:54 [INFO] scanner - ============================================================
2025-12-15 04:19:54 [INFO] scanner - 🚀 SCANNER INICIADO
2025-12-15 04:19:54 [INFO] scanner - 📅 Data/Hora: 15/12/2025 04:19:54
2025-12-15 04:19:54 [INFO] scanner - 📂 Log: logs/scanner_2025-12-15.log
2025-12-15 04:19:54 [INFO] scanner - ============================================================
2025-12-15 04:19:54 [INFO] scanner - 📝 PAPER MODE ATIVO - Apenas registro e análise
2025-12-15 04:19:57 [WARNING] root - Bloco de componentes falhou: cannot unpack non-iterable int object
2025-12-15 04:19:57 [INFO] scanner - ✅ Validações OK [BTC/USDT]: Score=7.3, R:R=2.08
2025-12-15 04:19:57 [INFO] scanner - ⏸️  Throttle ativo [BTC/USDT]:
2025-12-15 04:19:57 [INFO] scanner -    ├─ Último alerta há 665.8 minutos
2025-12-15 04:19:57 [INFO] scanner -    ├─ Tempo mínimo: 1800 minutos
2025-12-15 04:19:57 [INFO] scanner -    └─ Próximo permitido em: 1134.2 minutos
2025-12-15 04:19:59 [WARNING] root - Bloco de componentes falhou: cannot unpack non-iterable int object
2025-12-15 04:19:59 [INFO] scanner - ✅ Validações OK [ETH/USDT]: Score=7.3, R:R=2.00
2025-12-15 04:19:59 [INFO] scanner - ⏸️  Throttle ativo [ETH/USDT]:
2025-12-15 04:19:59 [INFO] scanner -    ├─ Último alerta há 1500.0 minutos
2025-12-15 04:19:59 [INFO] scanner -    ├─ Tempo mínimo: 1800 minutos
2025-12-15 04:19:59 [INFO] scanner -    └─ Próximo permitido em: 300.0 minutos
2025-12-15 04:42:40 [INFO] scanner - ============================================================
2025-12-15 04:42:40 [INFO] scanner - 🚀 SCANNER INICIADO
2025-12-15 04:42:40 [INFO] scanner - 📅 Data/Hora: 15/12/2025 04:42:40
2025-12-15 04:42:40 [INFO] scanner - 📂 Log: logs/scanner_2025-12-15.log
2025-12-15 04:42:40 [INFO] scanner - ============================================================
2025-12-15 04:42:40 [INFO] scanner - 📝 PAPER MODE ATIVO - Apenas registro e análise
2025-12-15 04:42:43 [WARNING] root - Bloco de componentes falhou: cannot unpack non-iterable int object
2025-12-15 04:42:43 [INFO] scanner - ✅ Validações OK [BTC/USDT]: Score=7.3, R:R=2.08
2025-12-15 04:42:43 [INFO] scanner - ⏸️  Throttle ativo [BTC/USDT]:
2025-12-15 04:42:43 [INFO] scanner -    ├─ Último alerta há 688.6 minutos
2025-12-15 04:42:43 [INFO] scanner -    ├─ Tempo mínimo: 1800 minutos
2025-12-15 04:42:43 [INFO] scanner -    └─ Próximo permitido em: 1111.4 minutos
2025-12-15 04:42:46 [WARNING] root - Bloco de componentes falhou: cannot unpack non-iterable int object
2025-12-15 04:42:46 [INFO] scanner - ✅ Validações OK [ETH/USDT]: Score=7.3, R:R=2.00
2025-12-15 04:42:46 [INFO] scanner - ⏸️  Throttle ativo [ETH/USDT]:
2025-12-15 04:42:46 [INFO] scanner -    ├─ Último alerta há 1522.8 minutos
2025-12-15 04:42:46 [INFO] scanner -    ├─ Tempo mínimo: 1800 minutos
2025-12-15 04:42:46 [INFO] scanner -    └─ Próximo permitido em: 277.2 minutos
2025-12-15 04:52:36 [INFO] scanner - ============================================================
2025-12-15 04:52:36 [INFO] scanner - 🚀 SCANNER INICIADO
2025-12-15 04:52:36 [INFO] scanner - 📅 Data/Hora: 15/12/2025 04:52:36
2025-12-15 04:52:36 [INFO] scanner - 📂 Log: logs/scanner_2025-12-15.log
2025-12-15 04:52:36 [INFO] scanner - ============================================================
2025-12-15 04:52:36 [INFO] scanner - 📝 PAPER MODE ATIVO - Apenas registro e análise
2025-12-15 04:52:39 [WARNING] root - Bloco de componentes falhou: cannot unpack non-iterable int object
2025-12-15 04:52:39 [INFO] scanner - ✅ Validações OK [BTC/USDT]: Score=7.3, R:R=2.08
2025-12-15 04:52:39 [INFO] scanner - ⏸️  Throttle ativo [BTC/USDT]:
2025-12-15 04:52:39 [INFO] scanner -    ├─ Último alerta há 698.5 minutos
2025-12-15 04:52:39 [INFO] scanner -    ├─ Tempo mínimo: 1800 minutos
2025-12-15 04:52:39 [INFO] scanner -    └─ Próximo permitido em: 1101.5 minutos
2025-12-15 04:52:41 [WARNING] root - Bloco de componentes falhou: cannot unpack non-iterable int object
2025-12-15 04:52:41 [INFO] scanner - ✅ Validações OK [ETH/USDT]: Score=7.3, R:R=2.00
2025-12-15 04:52:41 [INFO] scanner - ⏸️  Throttle ativo [ETH/USDT]:
2025-12-15 04:52:41 [INFO] scanner -    ├─ Último alerta há 1532.7 minutos
2025-12-15 04:52:41 [INFO] scanner -    ├─ Tempo mínimo: 1800 minutos
2025-12-15 04:52:41 [INFO] scanner -    └─ Próximo permitido em: 267.3 minutos
2025-12-15 05:21:48 [INFO] scanner - ============================================================
2025-12-15 05:21:48 [INFO] scanner - 🚀 SCANNER INICIADO
2025-12-15 05:21:48 [INFO] scanner - 📅 Data/Hora: 15/12/2025 05:21:48
2025-12-15 05:21:48 [INFO] scanner - 📂 Log: logs/scanner_2025-12-15.log
2025-12-15 05:21:48 [INFO] scanner - ============================================================
2025-12-15 05:21:48 [INFO] scanner - 📝 PAPER MODE ATIVO - Apenas registro e análise
2025-12-15 05:21:51 [WARNING] root - Bloco de componentes falhou: cannot unpack non-iterable int object
2025-12-15 05:21:51 [INFO] scanner - ✅ Validações OK [BTC/USDT]: Score=7.3, R:R=2.08
2025-12-15 05:21:51 [INFO] scanner - ⏸️  Throttle ativo [BTC/USDT]:
2025-12-15 05:21:51 [INFO] scanner -    ├─ Último alerta há 727.7 minutos
2025-12-15 05:21:51 [INFO] scanner -    ├─ Tempo mínimo: 1800 minutos
2025-12-15 05:21:51 [INFO] scanner -    └─ Próximo permitido em: 1072.3 minutos
2025-12-15 05:21:53 [WARNING] root - Bloco de componentes falhou: cannot unpack non-iterable int object
2025-12-15 05:21:53 [INFO] scanner - ✅ Validações OK [ETH/USDT]: Score=7.3, R:R=2.00
2025-12-15 05:21:53 [INFO] scanner - ⏸️  Throttle ativo [ETH/USDT]:
2025-12-15 05:21:53 [INFO] scanner -    ├─ Último alerta há 1561.9 minutos
2025-12-15 05:21:53 [INFO] scanner -    ├─ Tempo mínimo: 1800 minutos
2025-12-15 05:21:53 [INFO] scanner -    └─ Próximo permitido em: 238.1 minutos
2025-12-15 05:53:05 [INFO] scanner - ============================================================
2025-12-15 05:53:05 [INFO] scanner - 🚀 SCANNER INICIADO
2025-12-15 05:53:05 [INFO] scanner - 📅 Data/Hora: 15/12/2025 05:53:05
2025-12-15 05:53:05 [INFO] scanner - 📂 Log: logs/scanner_2025-12-15.log
2025-12-15 05:53:05 [INFO] scanner - ============================================================
2025-12-15 05:53:05 [INFO] scanner - 📝 PAPER MODE ATIVO - Apenas registro e análise
2025-12-15 05:53:08 [WARNING] root - Bloco de componentes falhou: cannot unpack non-iterable int object
2025-12-15 05:53:08 [INFO] scanner - ✅ Validações OK [BTC/USDT]: Score=7.3, R:R=2.08
2025-12-15 05:53:08 [INFO] scanner - ⏸️  Throttle ativo [BTC/USDT]:
2025-12-15 05:53:08 [INFO] scanner -    ├─ Último alerta há 759.0 minutos
2025-12-15 05:53:08 [INFO] scanner -    ├─ Tempo mínimo: 1800 minutos
2025-12-15 05:53:08 [INFO] scanner -    └─ Próximo permitido em: 1041.0 minutos
2025-12-15 05:53:10 [WARNING] root - Bloco de componentes falhou: cannot unpack non-iterable int object
2025-12-15 05:53:10 [INFO] scanner - ✅ Validações OK [ETH/USDT]: Score=7.3, R:R=2.00
2025-12-15 05:53:10 [INFO] scanner - ⏸️  Throttle ativo [ETH/USDT]:
2025-12-15 05:53:10 [INFO] scanner -    ├─ Último alerta há 1593.2 minutos
2025-12-15 05:53:10 [INFO] scanner -    ├─ Tempo mínimo: 1800 minutos
2025-12-15 05:53:10 [INFO] scanner -    └─ Próximo permitido em: 206.8 minutos
2025-12-15 06:24:22 [INFO] scanner - ============================================================
2025-12-15 06:24:22 [INFO] scanner - 🚀 SCANNER INICIADO
2025-12-15 06:24:22 [INFO] scanner - 📅 Data/Hora: 15/12/2025 06:24:22
2025-12-15 06:24:22 [INFO] scanner - 📂 Log: logs/scanner_2025-12-15.log
2025-12-15 06:24:22 [INFO] scanner - ============================================================
2025-12-15 06:24:22 [INFO] scanner - 📝 PAPER MODE ATIVO - Apenas registro e análise
2025-12-15 06:24:26 [WARNING] root - Bloco de componentes falhou: cannot unpack non-iterable int object
2025-12-15 06:24:26 [INFO] scanner - ✅ Validações OK [BTC/USDT]: Score=7.3, R:R=2.08
2025-12-15 06:24:26 [INFO] scanner - ⏸️  Throttle ativo [BTC/USDT]:
2025-12-15 06:24:26 [INFO] scanner -    ├─ Último alerta há 790.3 minutos
2025-12-15 06:24:26 [INFO] scanner -    ├─ Tempo mínimo: 1800 minutos
2025-12-15 06:24:26 [INFO] scanner -    └─ Próximo permitido em: 1009.7 minutos
2025-12-15 06:24:28 [WARNING] root - Bloco de componentes falhou: cannot unpack non-iterable int object
2025-12-15 06:24:28 [INFO] scanner - ✅ Validações OK [ETH/USDT]: Score=7.3, R:R=2.00
2025-12-15 06:24:28 [INFO] scanner - ⏸️  Throttle ativo [ETH/USDT]:
2025-12-15 06:24:28 [INFO] scanner -    ├─ Último alerta há 1624.5 minutos
2025-12-15 06:24:28 [INFO] scanner -    ├─ Tempo mínimo: 1800 minutos
2025-12-15 06:24:28 [INFO] scanner -    └─ Próximo permitido em: 175.5 minutos
2025-12-15 06:52:12 [INFO] scanner - ============================================================
2025-12-15 06:52:12 [INFO] scanner - 🚀 SCANNER INICIADO
2025-12-15 06:52:12 [INFO] scanner - 📅 Data/Hora: 15/12/2025 06:52:12
2025-12-15 06:52:12 [INFO] scanner - 📂 Log: logs/scanner_2025-12-15.log
2025-12-15 06:52:12 [INFO] scanner - ============================================================
2025-12-15 06:52:12 [INFO] scanner - 📝 PAPER MODE ATIVO - Apenas registro e análise
2025-12-15 06:52:15 [WARNING] root - Bloco de componentes falhou: cannot unpack non-iterable int object
2025-12-15 06:52:15 [INFO] scanner - ✅ Validações OK [BTC/USDT]: Score=7.3, R:R=2.08
2025-12-15 06:52:15 [INFO] scanner - ⏸️  Throttle ativo [BTC/USDT]:
2025-12-15 06:52:15 [INFO] scanner -    ├─ Último alerta há 818.1 minutos
2025-12-15 06:52:15 [INFO] scanner -    ├─ Tempo mínimo: 1800 minutos
2025-12-15 06:52:15 [INFO] scanner -    └─ Próximo permitido em: 981.9 minutos
2025-12-15 06:52:17 [WARNING] root - Bloco de componentes falhou: cannot unpack non-iterable int object
2025-12-15 06:52:17 [INFO] scanner - ✅ Validações OK [ETH/USDT]: Score=7.3, R:R=2.00
2025-12-15 06:52:17 [INFO] scanner - ⏸️  Throttle ativo [ETH/USDT]:
2025-12-15 06:52:17 [INFO] scanner -    ├─ Último alerta há 1652.3 minutos
2025-12-15 06:52:17 [INFO] scanner -    ├─ Tempo mínimo: 1800 minutos
2025-12-15 06:52:17 [INFO] scanner -    └─ Próximo permitido em: 147.7 minutos
