2026-07-09 06:27:58 [INFO] scanner - ============================================================
2026-07-09 06:27:58 [INFO] scanner - 🚀 SCANNER INICIADO
2026-07-09 06:27:58 [INFO] scanner - 📅 Data/Hora: 09/07/2026 06:27:58
2026-07-09 06:27:58 [INFO] scanner - 📂 Log: logs/scanner_2026-07-09.log
2026-07-09 06:27:58 [INFO] scanner - ============================================================
2026-07-09 06:27:58 [INFO] scanner - 📝 PAPER MODE ATIVO - Apenas registro e análise
2026-07-09 06:28:01 [WARNING] root - Bloco de componentes falhou: cannot unpack non-iterable int object
2026-07-09 06:28:01 [INFO] scanner - ✅ Validações OK [BTC/USDT]: Score=7.3, R:R=2.08
2026-07-09 06:28:01 [INFO] scanner - ⏸️  Throttle ativo [BTC/USDT]:
2026-07-09 06:28:01 [INFO] scanner -    ├─ Último alerta há 854.6 minutos
2026-07-09 06:28:01 [INFO] scanner -    ├─ Tempo mínimo: 1800 minutos
2026-07-09 06:28:01 [INFO] scanner -    └─ Próximo permitido em: 945.4 minutos
2026-07-09 06:28:02 [WARNING] root - Bloco de componentes falhou: cannot unpack non-iterable int object
2026-07-09 06:28:02 [INFO] scanner - ✅ Validações OK [BTC/USDT]: Score=7.3, R:R=2.08
2026-07-09 06:28:02 [INFO] scanner - ⏸️  Throttle ativo [BTC/USDT]:
2026-07-09 06:28:02 [INFO] scanner -    ├─ Último alerta há 854.7 minutos
2026-07-09 06:28:02 [INFO] scanner -    ├─ Tempo mínimo: 1800 minutos
2026-07-09 06:28:02 [INFO] scanner -    └─ Próximo permitido em: 945.3 minutos
2026-07-09 06:28:04 [WARNING] root - Bloco de componentes falhou: cannot unpack non-iterable int object
2026-07-09 06:28:04 [INFO] scanner - ✅ Validações OK [ETH/USDT]: Score=7.3, R:R=2.00
2026-07-09 06:28:04 [INFO] scanner - ⏸️  Throttle ativo [ETH/USDT]:
2026-07-09 06:28:04 [INFO] scanner -    ├─ Último alerta há 1378.2 minutos
2026-07-09 06:28:04 [INFO] scanner -    ├─ Tempo mínimo: 1800 minutos
2026-07-09 06:28:04 [INFO] scanner -    └─ Próximo permitido em: 421.8 minutos
