2026-02-15 03:40:47 [INFO] scanner - ============================================================
2026-02-15 03:40:47 [INFO] scanner - 🚀 SCANNER INICIADO
2026-02-15 03:40:47 [INFO] scanner - 📅 Data/Hora: 15/02/2026 03:40:47
2026-02-15 03:40:47 [INFO] scanner - 📂 Log: logs/scanner_2026-02-15.log
2026-02-15 03:40:47 [INFO] scanner - ============================================================
2026-02-15 03:40:47 [INFO] scanner - 📝 PAPER MODE ATIVO - Apenas registro e análise
2026-02-15 03:40:58 [WARNING] root - Bloco de componentes falhou: cannot unpack non-iterable int object
2026-02-15 03:40:58 [INFO] scanner - ✅ Validações OK [BTC/USDT]: Score=7.5, R:R=2.08
2026-02-15 03:40:58 [INFO] scanner - ✅ Throttle OK [BTC/USDT]: Pode enviar
2026-02-15 03:40:59 [INFO] scanner - 📝 Sinal no ledger: 20260215_034059_421282 - BTC/USDT
2026-02-15 03:40:59 [INFO] scanner - 📨 Alerta enviado | ID Ledger: 20260215_034059_421282
2026-02-15 03:41:01 [WARNING] root - Bloco de componentes falhou: cannot unpack non-iterable int object
2026-02-15 03:41:01 [INFO] scanner - ✅ Validações OK [ETH/USDT]: Score=7.3, R:R=2.00
2026-02-15 03:41:01 [INFO] scanner - ✅ Throttle OK [ETH/USDT]: Pode enviar
2026-02-15 03:41:14 [INFO] scanner - 📝 Sinal no ledger: 20260215_034114_129690 - ETH/USDT
2026-02-15 03:41:14 [INFO] scanner - 📨 Alerta enviado | ID Ledger: 20260215_034114_129690
2026-02-15 04:26:13 [INFO] scanner - ============================================================
2026-02-15 04:26:13 [INFO] scanner - 🚀 SCANNER INICIADO
2026-02-15 04:26:13 [INFO] scanner - 📅 Data/Hora: 15/02/2026 04:26:13
2026-02-15 04:26:13 [INFO] scanner - 📂 Log: logs/scanner_2026-02-15.log
2026-02-15 04:26:13 [INFO] scanner - ============================================================
2026-02-15 04:26:13 [INFO] scanner - 📝 PAPER MODE ATIVO - Apenas registro e análise
2026-02-15 04:26:16 [WARNING] root - Bloco de componentes falhou: cannot unpack non-iterable int object
2026-02-15 04:26:16 [INFO] scanner - ✅ Validações OK [BTC/USDT]: Score=7.8, R:R=2.08
2026-02-15 04:26:16 [INFO] scanner - ⏸️  Throttle ativo [BTC/USDT]:
2026-02-15 04:26:16 [INFO] scanner -    ├─ Último alerta há 45.3 minutos
2026-02-15 04:26:16 [INFO] scanner -    ├─ Tempo mínimo: 1800 minutos
2026-02-15 04:26:16 [INFO] scanner -    └─ Próximo permitido em: 1754.7 minutos
2026-02-15 04:26:18 [WARNING] root - Bloco de componentes falhou: cannot unpack non-iterable int object
2026-02-15 04:26:18 [INFO] scanner - ✅ Validações OK [ETH/USDT]: Score=7.3, R:R=2.00
2026-02-15 04:26:18 [INFO] scanner - ⏸️  Throttle ativo [ETH/USDT]:
2026-02-15 04:26:18 [INFO] scanner -    ├─ Último alerta há 45.3 minutos
2026-02-15 04:26:18 [INFO] scanner -    ├─ Tempo mínimo: 1800 minutos
2026-02-15 04:26:18 [INFO] scanner -    └─ Próximo permitido em: 1754.7 minutos
2026-02-15 04:54:29 [INFO] scanner - ============================================================
2026-02-15 04:54:29 [INFO] scanner - 🚀 SCANNER INICIADO
2026-02-15 04:54:29 [INFO] scanner - 📅 Data/Hora: 15/02/2026 04:54:29
2026-02-15 04:54:29 [INFO] scanner - 📂 Log: logs/scanner_2026-02-15.log
2026-02-15 04:54:29 [INFO] scanner - ============================================================
2026-02-15 04:54:29 [INFO] scanner - 📝 PAPER MODE ATIVO - Apenas registro e análise
2026-02-15 04:54:32 [WARNING] root - Bloco de componentes falhou: cannot unpack non-iterable int object
2026-02-15 04:54:32 [INFO] scanner - ✅ Validações OK [BTC/USDT]: Score=7.8, R:R=2.08
2026-02-15 04:54:32 [INFO] scanner - ⏸️  Throttle ativo [BTC/USDT]:
2026-02-15 04:54:32 [INFO] scanner -    ├─ Último alerta há 73.6 minutos
2026-02-15 04:54:32 [INFO] scanner -    ├─ Tempo mínimo: 1800 minutos
2026-02-15 04:54:32 [INFO] scanner -    └─ Próximo permitido em: 1726.4 minutos
2026-02-15 04:54:32 [WARNING] root - Bloco de componentes falhou: cannot unpack non-iterable int object
2026-02-15 04:54:32 [INFO] scanner - ✅ Validações OK [BTC/USDT]: Score=7.8, R:R=2.08
2026-02-15 04:54:32 [INFO] scanner - ⏸️  Throttle ativo [BTC/USDT]:
2026-02-15 04:54:32 [INFO] scanner -    ├─ Último alerta há 73.6 minutos
2026-02-15 04:54:32 [INFO] scanner -    ├─ Tempo mínimo: 1800 minutos
2026-02-15 04:54:32 [INFO] scanner -    └─ Próximo permitido em: 1726.4 minutos
2026-02-15 04:54:32 [WARNING] root - Bloco de componentes falhou: cannot unpack non-iterable int object
2026-02-15 04:54:32 [INFO] scanner - ✅ Validações OK [BTC/USDT]: Score=7.8, R:R=2.08
2026-02-15 04:54:32 [INFO] scanner - ⏸️  Throttle ativo [BTC/USDT]:
2026-02-15 04:54:32 [INFO] scanner -    ├─ Último alerta há 73.6 minutos
2026-02-15 04:54:32 [INFO] scanner -    ├─ Tempo mínimo: 1800 minutos
2026-02-15 04:54:32 [INFO] scanner -    └─ Próximo permitido em: 1726.4 minutos
2026-02-15 04:54:35 [WARNING] root - Bloco de componentes falhou: cannot unpack non-iterable int object
2026-02-15 04:54:35 [INFO] scanner - ✅ Validações OK [ETH/USDT]: Score=7.3, R:R=2.00
2026-02-15 04:54:35 [INFO] scanner - ⏸️  Throttle ativo [ETH/USDT]:
2026-02-15 04:54:35 [INFO] scanner -    ├─ Último alerta há 73.6 minutos
2026-02-15 04:54:35 [INFO] scanner -    ├─ Tempo mínimo: 1800 minutos
2026-02-15 04:54:35 [INFO] scanner -    └─ Próximo permitido em: 1726.4 minutos
2026-02-15 05:23:45 [INFO] scanner - ============================================================
2026-02-15 05:23:45 [INFO] scanner - 🚀 SCANNER INICIADO
2026-02-15 05:23:45 [INFO] scanner - 📅 Data/Hora: 15/02/2026 05:23:45
2026-02-15 05:23:45 [INFO] scanner - 📂 Log: logs/scanner_2026-02-15.log
2026-02-15 05:23:45 [INFO] scanner - ============================================================
2026-02-15 05:23:45 [INFO] scanner - 📝 PAPER MODE ATIVO - Apenas registro e análise
2026-02-15 05:23:48 [WARNING] root - Bloco de componentes falhou: cannot unpack non-iterable int object
2026-02-15 05:23:48 [INFO] scanner - ✅ Validações OK [BTC/USDT]: Score=7.5, R:R=2.08
2026-02-15 05:23:48 [INFO] scanner - ⏸️  Throttle ativo [BTC/USDT]:
2026-02-15 05:23:48 [INFO] scanner -    ├─ Último alerta há 102.8 minutos
2026-02-15 05:23:48 [INFO] scanner -    ├─ Tempo mínimo: 1800 minutos
2026-02-15 05:23:48 [INFO] scanner -    └─ Próximo permitido em: 1697.2 minutos
2026-02-15 05:23:50 [WARNING] root - Bloco de componentes falhou: cannot unpack non-iterable int object
2026-02-15 05:23:50 [INFO] scanner - ✅ Validações OK [ETH/USDT]: Score=7.3, R:R=2.00
2026-02-15 05:23:50 [INFO] scanner - ⏸️  Throttle ativo [ETH/USDT]:
2026-02-15 05:23:50 [INFO] scanner -    ├─ Último alerta há 102.8 minutos
2026-02-15 05:23:50 [INFO] scanner -    ├─ Tempo mínimo: 1800 minutos
2026-02-15 05:23:50 [INFO] scanner -    └─ Próximo permitido em: 1697.2 minutos
2026-02-15 05:55:57 [INFO] scanner - ============================================================
2026-02-15 05:55:57 [INFO] scanner - 🚀 SCANNER INICIADO
2026-02-15 05:55:57 [INFO] scanner - 📅 Data/Hora: 15/02/2026 05:55:57
2026-02-15 05:55:57 [INFO] scanner - 📂 Log: logs/scanner_2026-02-15.log
2026-02-15 05:55:57 [INFO] scanner - ============================================================
2026-02-15 05:55:57 [INFO] scanner - 📝 PAPER MODE ATIVO - Apenas registro e análise
2026-02-15 05:56:01 [WARNING] root - Bloco de componentes falhou: cannot unpack non-iterable int object
2026-02-15 05:56:01 [INFO] scanner - ✅ Validações OK [BTC/USDT]: Score=9.3, R:R=2.08
2026-02-15 05:56:01 [INFO] scanner - ⏸️  Throttle ativo [BTC/USDT]:
2026-02-15 05:56:01 [INFO] scanner -    ├─ Último alerta há 135.0 minutos
2026-02-15 05:56:01 [INFO] scanner -    ├─ Tempo mínimo: 1800 minutos
2026-02-15 05:56:01 [INFO] scanner -    └─ Próximo permitido em: 1665.0 minutos
2026-02-15 05:56:01 [WARNING] root - Bloco de componentes falhou: cannot unpack non-iterable int object
2026-02-15 05:56:01 [INFO] scanner - ✅ Validações OK [BTC/USDT]: Score=7.3, R:R=2.08
2026-02-15 05:56:01 [INFO] scanner - ⏸️  Throttle ativo [BTC/USDT]:
2026-02-15 05:56:01 [INFO] scanner -    ├─ Último alerta há 135.0 minutos
2026-02-15 05:56:01 [INFO] scanner -    ├─ Tempo mínimo: 1800 minutos
2026-02-15 05:56:01 [INFO] scanner -    └─ Próximo permitido em: 1665.0 minutos
2026-02-15 05:56:01 [WARNING] root - Bloco de componentes falhou: cannot unpack non-iterable int object
2026-02-15 05:56:01 [INFO] scanner - ✅ Validações OK [BTC/USDT]: Score=7.3, R:R=2.08
2026-02-15 05:56:01 [INFO] scanner - ⏸️  Throttle ativo [BTC/USDT]:
2026-02-15 05:56:01 [INFO] scanner -    ├─ Último alerta há 135.0 minutos
2026-02-15 05:56:01 [INFO] scanner -    ├─ Tempo mínimo: 1800 minutos
2026-02-15 05:56:01 [INFO] scanner -    └─ Próximo permitido em: 1665.0 minutos
2026-02-15 05:56:04 [WARNING] root - Bloco de componentes falhou: cannot unpack non-iterable int object
2026-02-15 05:56:04 [INFO] scanner - ✅ Validações OK [ETH/USDT]: Score=7.3, R:R=2.00
2026-02-15 05:56:04 [INFO] scanner - ⏸️  Throttle ativo [ETH/USDT]:
2026-02-15 05:56:04 [INFO] scanner -    ├─ Último alerta há 135.0 minutos
2026-02-15 05:56:04 [INFO] scanner -    ├─ Tempo mínimo: 1800 minutos
2026-02-15 05:56:04 [INFO] scanner -    └─ Próximo permitido em: 1665.0 minutos
2026-02-15 06:25:24 [INFO] scanner - ============================================================
2026-02-15 06:25:24 [INFO] scanner - 🚀 SCANNER INICIADO
2026-02-15 06:25:24 [INFO] scanner - 📅 Data/Hora: 15/02/2026 06:25:24
2026-02-15 06:25:24 [INFO] scanner - 📂 Log: logs/scanner_2026-02-15.log
2026-02-15 06:25:24 [INFO] scanner - ============================================================
2026-02-15 06:25:24 [INFO] scanner - 📝 PAPER MODE ATIVO - Apenas registro e análise
2026-02-15 06:25:27 [WARNING] root - Bloco de componentes falhou: cannot unpack non-iterable int object
2026-02-15 06:25:27 [INFO] scanner - ✅ Validações OK [BTC/USDT]: Score=7.8, R:R=2.08
2026-02-15 06:25:27 [INFO] scanner - ⏸️  Throttle ativo [BTC/USDT]:
2026-02-15 06:25:27 [INFO] scanner -    ├─ Último alerta há 164.5 minutos
2026-02-15 06:25:27 [INFO] scanner -    ├─ Tempo mínimo: 1800 minutos
2026-02-15 06:25:27 [INFO] scanner -    └─ Próximo permitido em: 1635.5 minutos
2026-02-15 06:25:28 [WARNING] root - Bloco de componentes falhou: cannot unpack non-iterable int object
2026-02-15 06:25:28 [INFO] scanner - ✅ Validações OK [BTC/USDT]: Score=7.8, R:R=2.08
2026-02-15 06:25:28 [INFO] scanner - ⏸️  Throttle ativo [BTC/USDT]:
2026-02-15 06:25:28 [INFO] scanner -    ├─ Último alerta há 164.5 minutos
2026-02-15 06:25:28 [INFO] scanner -    ├─ Tempo mínimo: 1800 minutos
2026-02-15 06:25:28 [INFO] scanner -    └─ Próximo permitido em: 1635.5 minutos
2026-02-15 06:25:30 [WARNING] root - Bloco de componentes falhou: cannot unpack non-iterable int object
2026-02-15 06:25:30 [INFO] scanner - ✅ Validações OK [ETH/USDT]: Score=7.3, R:R=2.00
2026-02-15 06:25:30 [INFO] scanner - ⏸️  Throttle ativo [ETH/USDT]:
2026-02-15 06:25:30 [INFO] scanner -    ├─ Último alerta há 164.5 minutos
2026-02-15 06:25:30 [INFO] scanner -    ├─ Tempo mínimo: 1800 minutos
2026-02-15 06:25:30 [INFO] scanner -    └─ Próximo permitido em: 1635.5 minutos
