2026-04-01 04:09:58 [INFO] scanner - ============================================================
2026-04-01 04:09:58 [INFO] scanner - 🚀 SCANNER INICIADO
2026-04-01 04:09:58 [INFO] scanner - 📅 Data/Hora: 01/04/2026 04:09:58
2026-04-01 04:09:58 [INFO] scanner - 📂 Log: logs/scanner_2026-04-01.log
2026-04-01 04:09:58 [INFO] scanner - ============================================================
2026-04-01 04:09:58 [INFO] scanner - 📝 PAPER MODE ATIVO - Apenas registro e análise
2026-04-01 04:10:02 [WARNING] root - Bloco de componentes falhou: cannot unpack non-iterable int object
2026-04-01 04:10:02 [INFO] scanner - ✅ Validações OK [BTC/USDT]: Score=7.3, R:R=2.08
2026-04-01 04:10:02 [INFO] scanner - ⏸️  Throttle ativo [BTC/USDT]:
2026-04-01 04:10:02 [INFO] scanner -    ├─ Último alerta há 1446.3 minutos
2026-04-01 04:10:02 [INFO] scanner -    ├─ Tempo mínimo: 1800 minutos
2026-04-01 04:10:02 [INFO] scanner -    └─ Próximo permitido em: 353.7 minutos
2026-04-01 04:10:03 [WARNING] root - Bloco de componentes falhou: cannot unpack non-iterable int object
2026-04-01 04:10:03 [INFO] scanner - ✅ Validações OK [BTC/USDT]: Score=7.3, R:R=2.08
2026-04-01 04:10:03 [INFO] scanner - ⏸️  Throttle ativo [BTC/USDT]:
2026-04-01 04:10:03 [INFO] scanner -    ├─ Último alerta há 1446.3 minutos
2026-04-01 04:10:03 [INFO] scanner -    ├─ Tempo mínimo: 1800 minutos
2026-04-01 04:10:03 [INFO] scanner -    └─ Próximo permitido em: 353.7 minutos
2026-04-01 04:10:05 [WARNING] root - Bloco de componentes falhou: cannot unpack non-iterable int object
2026-04-01 04:10:05 [INFO] scanner - ✅ Validações OK [ETH/USDT]: Score=7.8, R:R=2.00
2026-04-01 04:10:05 [INFO] scanner - ⏸️  Throttle ativo [ETH/USDT]:
2026-04-01 04:10:05 [INFO] scanner -    ├─ Último alerta há 1446.3 minutos
2026-04-01 04:10:05 [INFO] scanner -    ├─ Tempo mínimo: 1800 minutos
2026-04-01 04:10:05 [INFO] scanner -    └─ Próximo permitido em: 353.7 minutos
2026-04-01 04:10:05 [WARNING] root - Bloco de componentes falhou: cannot unpack non-iterable int object
2026-04-01 04:10:05 [INFO] scanner - ✅ Validações OK [ETH/USDT]: Score=7.8, R:R=2.00
2026-04-01 04:10:05 [INFO] scanner - ⏸️  Throttle ativo [ETH/USDT]:
2026-04-01 04:10:05 [INFO] scanner -    ├─ Último alerta há 1446.3 minutos
2026-04-01 04:10:05 [INFO] scanner -    ├─ Tempo mínimo: 1800 minutos
2026-04-01 04:10:05 [INFO] scanner -    └─ Próximo permitido em: 353.7 minutos
2026-04-01 05:21:16 [INFO] scanner - ============================================================
2026-04-01 05:21:16 [INFO] scanner - 🚀 SCANNER INICIADO
2026-04-01 05:21:16 [INFO] scanner - 📅 Data/Hora: 01/04/2026 05:21:16
2026-04-01 05:21:16 [INFO] scanner - 📂 Log: logs/scanner_2026-04-01.log
2026-04-01 05:21:16 [INFO] scanner - ============================================================
2026-04-01 05:21:16 [INFO] scanner - 📝 PAPER MODE ATIVO - Apenas registro e análise
2026-04-01 05:21:19 [WARNING] root - Bloco de componentes falhou: cannot unpack non-iterable int object
2026-04-01 05:21:19 [INFO] scanner - ✅ Validações OK [BTC/USDT]: Score=7.3, R:R=2.08
2026-04-01 05:21:19 [INFO] scanner - ⏸️  Throttle ativo [BTC/USDT]:
2026-04-01 05:21:19 [INFO] scanner -    ├─ Último alerta há 1517.5 minutos
2026-04-01 05:21:19 [INFO] scanner -    ├─ Tempo mínimo: 1800 minutos
2026-04-01 05:21:19 [INFO] scanner -    └─ Próximo permitido em: 282.5 minutos
2026-04-01 05:21:21 [WARNING] root - Bloco de componentes falhou: cannot unpack non-iterable int object
2026-04-01 05:21:21 [INFO] scanner - ✅ Validações OK [ETH/USDT]: Score=7.3, R:R=2.00
2026-04-01 05:21:21 [INFO] scanner - ⏸️  Throttle ativo [ETH/USDT]:
2026-04-01 05:21:21 [INFO] scanner -    ├─ Último alerta há 1517.5 minutos
2026-04-01 05:21:21 [INFO] scanner -    ├─ Tempo mínimo: 1800 minutos
2026-04-01 05:21:21 [INFO] scanner -    └─ Próximo permitido em: 282.5 minutos
2026-04-01 05:21:22 [WARNING] root - Bloco de componentes falhou: cannot unpack non-iterable int object
2026-04-01 05:21:22 [INFO] scanner - ✅ Validações OK [ETH/USDT]: Score=7.3, R:R=2.00
2026-04-01 05:21:22 [INFO] scanner - ⏸️  Throttle ativo [ETH/USDT]:
2026-04-01 05:21:22 [INFO] scanner -    ├─ Último alerta há 1517.5 minutos
2026-04-01 05:21:22 [INFO] scanner -    ├─ Tempo mínimo: 1800 minutos
2026-04-01 05:21:22 [INFO] scanner -    └─ Próximo permitido em: 282.5 minutos
2026-04-01 06:42:46 [INFO] scanner - ============================================================
2026-04-01 06:42:46 [INFO] scanner - 🚀 SCANNER INICIADO
2026-04-01 06:42:46 [INFO] scanner - 📅 Data/Hora: 01/04/2026 06:42:46
2026-04-01 06:42:46 [INFO] scanner - 📂 Log: logs/scanner_2026-04-01.log
2026-04-01 06:42:46 [INFO] scanner - ============================================================
2026-04-01 06:42:46 [INFO] scanner - 📝 PAPER MODE ATIVO - Apenas registro e análise
2026-04-01 06:42:49 [WARNING] root - Bloco de componentes falhou: cannot unpack non-iterable int object
2026-04-01 06:42:49 [INFO] scanner - ✅ Validações OK [BTC/USDT]: Score=7.3, R:R=2.08
2026-04-01 06:42:49 [INFO] scanner - ⏸️  Throttle ativo [BTC/USDT]:
2026-04-01 06:42:49 [INFO] scanner -    ├─ Último alerta há 1599.0 minutos
2026-04-01 06:42:49 [INFO] scanner -    ├─ Tempo mínimo: 1800 minutos
2026-04-01 06:42:49 [INFO] scanner -    └─ Próximo permitido em: 201.0 minutos
2026-04-01 06:42:50 [WARNING] root - Bloco de componentes falhou: cannot unpack non-iterable int object
2026-04-01 06:42:50 [INFO] scanner - ✅ Validações OK [BTC/USDT]: Score=7.3, R:R=2.08
2026-04-01 06:42:50 [INFO] scanner - ⏸️  Throttle ativo [BTC/USDT]:
2026-04-01 06:42:50 [INFO] scanner -    ├─ Último alerta há 1599.1 minutos
2026-04-01 06:42:50 [INFO] scanner -    ├─ Tempo mínimo: 1800 minutos
2026-04-01 06:42:50 [INFO] scanner -    └─ Próximo permitido em: 200.9 minutos
2026-04-01 06:42:52 [WARNING] root - Bloco de componentes falhou: cannot unpack non-iterable int object
2026-04-01 06:42:52 [INFO] scanner - ✅ Validações OK [ETH/USDT]: Score=7.3, R:R=2.00
2026-04-01 06:42:52 [INFO] scanner - ⏸️  Throttle ativo [ETH/USDT]:
2026-04-01 06:42:52 [INFO] scanner -    ├─ Último alerta há 1599.0 minutos
2026-04-01 06:42:52 [INFO] scanner -    ├─ Tempo mínimo: 1800 minutos
2026-04-01 06:42:52 [INFO] scanner -    └─ Próximo permitido em: 201.0 minutos
2026-04-01 06:42:52 [WARNING] root - Bloco de componentes falhou: cannot unpack non-iterable int object
2026-04-01 06:42:52 [INFO] scanner - ✅ Validações OK [ETH/USDT]: Score=7.3, R:R=2.00
2026-04-01 06:42:52 [INFO] scanner - ⏸️  Throttle ativo [ETH/USDT]:
2026-04-01 06:42:52 [INFO] scanner -    ├─ Último alerta há 1599.1 minutos
2026-04-01 06:42:52 [INFO] scanner -    ├─ Tempo mínimo: 1800 minutos
2026-04-01 06:42:52 [INFO] scanner -    └─ Próximo permitido em: 200.9 minutos
2026-04-01 07:39:57 [INFO] scanner - ============================================================
2026-04-01 07:39:57 [INFO] scanner - 🚀 SCANNER INICIADO
2026-04-01 07:39:57 [INFO] scanner - 📅 Data/Hora: 01/04/2026 07:39:57
2026-04-01 07:39:57 [INFO] scanner - 📂 Log: logs/scanner_2026-04-01.log
2026-04-01 07:39:57 [INFO] scanner - ============================================================
2026-04-01 07:39:57 [INFO] scanner - 📝 PAPER MODE ATIVO - Apenas registro e análise
2026-04-01 07:40:00 [WARNING] root - Bloco de componentes falhou: cannot unpack non-iterable int object
2026-04-01 07:40:00 [INFO] scanner - ✅ Validações OK [BTC/USDT]: Score=7.3, R:R=2.08
2026-04-01 07:40:00 [INFO] scanner - ⏸️  Throttle ativo [BTC/USDT]:
2026-04-01 07:40:00 [INFO] scanner -    ├─ Último alerta há 1656.2 minutos
2026-04-01 07:40:00 [INFO] scanner -    ├─ Tempo mínimo: 1800 minutos
2026-04-01 07:40:00 [INFO] scanner -    └─ Próximo permitido em: 143.8 minutos
2026-04-01 07:40:01 [WARNING] root - Bloco de componentes falhou: cannot unpack non-iterable int object
2026-04-01 07:40:01 [INFO] scanner - ✅ Validações OK [BTC/USDT]: Score=7.3, R:R=2.08
2026-04-01 07:40:01 [INFO] scanner - ⏸️  Throttle ativo [BTC/USDT]:
2026-04-01 07:40:01 [INFO] scanner -    ├─ Último alerta há 1656.2 minutos
2026-04-01 07:40:01 [INFO] scanner -    ├─ Tempo mínimo: 1800 minutos
2026-04-01 07:40:01 [INFO] scanner -    └─ Próximo permitido em: 143.8 minutos
2026-04-01 07:40:03 [WARNING] root - Bloco de componentes falhou: cannot unpack non-iterable int object
2026-04-01 07:40:03 [INFO] scanner - ✅ Validações OK [ETH/USDT]: Score=7.3, R:R=2.00
2026-04-01 07:40:03 [INFO] scanner - ⏸️  Throttle ativo [ETH/USDT]:
2026-04-01 07:40:03 [INFO] scanner -    ├─ Último alerta há 1656.2 minutos
2026-04-01 07:40:03 [INFO] scanner -    ├─ Tempo mínimo: 1800 minutos
2026-04-01 07:40:03 [INFO] scanner -    └─ Próximo permitido em: 143.8 minutos
2026-04-01 07:40:04 [WARNING] root - Bloco de componentes falhou: cannot unpack non-iterable int object
2026-04-01 07:40:04 [INFO] scanner - ✅ Validações OK [ETH/USDT]: Score=7.3, R:R=2.00
2026-04-01 07:40:04 [INFO] scanner - ⏸️  Throttle ativo [ETH/USDT]:
2026-04-01 07:40:04 [INFO] scanner -    ├─ Último alerta há 1656.2 minutos
2026-04-01 07:40:04 [INFO] scanner -    ├─ Tempo mínimo: 1800 minutos
2026-04-01 07:40:04 [INFO] scanner -    └─ Próximo permitido em: 143.8 minutos
2026-04-01 08:35:14 [INFO] scanner - ============================================================
2026-04-01 08:35:14 [INFO] scanner - 🚀 SCANNER INICIADO
2026-04-01 08:35:14 [INFO] scanner - 📅 Data/Hora: 01/04/2026 08:35:14
2026-04-01 08:35:14 [INFO] scanner - 📂 Log: logs/scanner_2026-04-01.log
2026-04-01 08:35:14 [INFO] scanner - ============================================================
2026-04-01 08:35:14 [INFO] scanner - 📝 PAPER MODE ATIVO - Apenas registro e análise
2026-04-01 08:35:18 [WARNING] root - Bloco de componentes falhou: cannot unpack non-iterable int object
2026-04-01 08:35:18 [INFO] scanner - ✅ Validações OK [BTC/USDT]: Score=7.3, R:R=2.08
2026-04-01 08:35:18 [INFO] scanner - ⏸️  Throttle ativo [BTC/USDT]:
2026-04-01 08:35:18 [INFO] scanner -    ├─ Último alerta há 1711.5 minutos
2026-04-01 08:35:18 [INFO] scanner -    ├─ Tempo mínimo: 1800 minutos
2026-04-01 08:35:18 [INFO] scanner -    └─ Próximo permitido em: 88.5 minutos
2026-04-01 08:35:20 [WARNING] root - Bloco de componentes falhou: cannot unpack non-iterable int object
2026-04-01 08:35:20 [INFO] scanner - ✅ Validações OK [ETH/USDT]: Score=7.3, R:R=2.00
2026-04-01 08:35:20 [INFO] scanner - ⏸️  Throttle ativo [ETH/USDT]:
2026-04-01 08:35:20 [INFO] scanner -    ├─ Último alerta há 1711.5 minutos
2026-04-01 08:35:20 [INFO] scanner -    ├─ Tempo mínimo: 1800 minutos
2026-04-01 08:35:20 [INFO] scanner -    └─ Próximo permitido em: 88.5 minutos
2026-04-01 08:35:21 [WARNING] root - Bloco de componentes falhou: cannot unpack non-iterable int object
2026-04-01 08:35:21 [INFO] scanner - ✅ Validações OK [ETH/USDT]: Score=7.3, R:R=2.00
2026-04-01 08:35:21 [INFO] scanner - ⏸️  Throttle ativo [ETH/USDT]:
2026-04-01 08:35:21 [INFO] scanner -    ├─ Último alerta há 1711.5 minutos
2026-04-01 08:35:21 [INFO] scanner -    ├─ Tempo mínimo: 1800 minutos
2026-04-01 08:35:21 [INFO] scanner -    └─ Próximo permitido em: 88.5 minutos
2026-04-01 09:40:43 [INFO] scanner - ============================================================
2026-04-01 09:40:43 [INFO] scanner - 🚀 SCANNER INICIADO
2026-04-01 09:40:43 [INFO] scanner - 📅 Data/Hora: 01/04/2026 09:40:43
2026-04-01 09:40:43 [INFO] scanner - 📂 Log: logs/scanner_2026-04-01.log
2026-04-01 09:40:43 [INFO] scanner - ============================================================
2026-04-01 09:40:43 [INFO] scanner - 📝 PAPER MODE ATIVO - Apenas registro e análise
2026-04-01 09:40:47 [WARNING] root - Bloco de componentes falhou: cannot unpack non-iterable int object
2026-04-01 09:40:47 [INFO] scanner - ✅ Validações OK [BTC/USDT]: Score=7.3, R:R=2.08
2026-04-01 09:40:47 [INFO] scanner - ⏸️  Throttle ativo [BTC/USDT]:
2026-04-01 09:40:47 [INFO] scanner -    ├─ Último alerta há 1777.0 minutos
2026-04-01 09:40:47 [INFO] scanner -    ├─ Tempo mínimo: 1800 minutos
2026-04-01 09:40:47 [INFO] scanner -    └─ Próximo permitido em: 23.0 minutos
2026-04-01 09:40:49 [WARNING] root - Bloco de componentes falhou: cannot unpack non-iterable int object
2026-04-01 09:40:49 [INFO] scanner - ✅ Validações OK [ETH/USDT]: Score=7.3, R:R=2.00
2026-04-01 09:40:49 [INFO] scanner - ⏸️  Throttle ativo [ETH/USDT]:
2026-04-01 09:40:49 [INFO] scanner -    ├─ Último alerta há 1777.0 minutos
2026-04-01 09:40:49 [INFO] scanner -    ├─ Tempo mínimo: 1800 minutos
2026-04-01 09:40:49 [INFO] scanner -    └─ Próximo permitido em: 23.0 minutos
2026-04-01 09:40:49 [WARNING] root - Bloco de componentes falhou: cannot unpack non-iterable int object
2026-04-01 09:40:49 [INFO] scanner - ✅ Validações OK [ETH/USDT]: Score=7.3, R:R=2.00
2026-04-01 09:40:49 [INFO] scanner - ⏸️  Throttle ativo [ETH/USDT]:
2026-04-01 09:40:49 [INFO] scanner -    ├─ Último alerta há 1777.0 minutos
2026-04-01 09:40:49 [INFO] scanner -    ├─ Tempo mínimo: 1800 minutos
2026-04-01 09:40:49 [INFO] scanner -    └─ Próximo permitido em: 23.0 minutos
2026-04-01 11:15:24 [INFO] scanner - ============================================================
2026-04-01 11:15:24 [INFO] scanner - 🚀 SCANNER INICIADO
2026-04-01 11:15:24 [INFO] scanner - 📅 Data/Hora: 01/04/2026 11:15:24
2026-04-01 11:15:24 [INFO] scanner - 📂 Log: logs/scanner_2026-04-01.log
2026-04-01 11:15:24 [INFO] scanner - ============================================================
2026-04-01 11:15:24 [INFO] scanner - 📝 PAPER MODE ATIVO - Apenas registro e análise
2026-04-01 11:15:42 [WARNING] root - Bloco de componentes falhou: cannot unpack non-iterable int object
2026-04-01 11:15:42 [INFO] scanner - ✅ Validações OK [BTC/USDT]: Score=7.3, R:R=2.08
2026-04-01 11:15:42 [INFO] scanner - ✅ Throttle OK [BTC/USDT]: Pode enviar
2026-04-01 11:15:42 [INFO] scanner - 📝 Sinal no ledger: 20260401_111542_746022 - BTC/USDT
2026-04-01 11:15:42 [INFO] scanner - 📨 Alerta enviado | ID Ledger: 20260401_111542_746022
2026-04-01 11:15:45 [WARNING] root - Bloco de componentes falhou: cannot unpack non-iterable int object
2026-04-01 11:15:45 [INFO] scanner - ✅ Validações OK [ETH/USDT]: Score=7.3, R:R=2.00
2026-04-01 11:15:45 [INFO] scanner - ✅ Throttle OK [ETH/USDT]: Pode enviar
2026-04-01 11:15:45 [INFO] scanner - 📝 Sinal no ledger: 20260401_111545_514227 - ETH/USDT
2026-04-01 11:15:45 [INFO] scanner - 📨 Alerta enviado | ID Ledger: 20260401_111545_514227
2026-04-01 12:43:14 [INFO] scanner - ============================================================
2026-04-01 12:43:14 [INFO] scanner - 🚀 SCANNER INICIADO
2026-04-01 12:43:14 [INFO] scanner - 📅 Data/Hora: 01/04/2026 12:43:14
2026-04-01 12:43:14 [INFO] scanner - 📂 Log: logs/scanner_2026-04-01.log
2026-04-01 12:43:14 [INFO] scanner - ============================================================
2026-04-01 12:43:14 [INFO] scanner - 📝 PAPER MODE ATIVO - Apenas registro e análise
2026-04-01 12:43:17 [WARNING] root - Bloco de componentes falhou: cannot unpack non-iterable int object
2026-04-01 12:43:17 [INFO] scanner - ✅ Validações OK [BTC/USDT]: Score=7.3, R:R=2.08
2026-04-01 12:43:17 [INFO] scanner - ⏸️  Throttle ativo [BTC/USDT]:
2026-04-01 12:43:17 [INFO] scanner -    ├─ Último alerta há 87.6 minutos
2026-04-01 12:43:17 [INFO] scanner -    ├─ Tempo mínimo: 1800 minutos
2026-04-01 12:43:17 [INFO] scanner -    └─ Próximo permitido em: 1712.4 minutos
2026-04-01 12:43:20 [WARNING] root - Bloco de componentes falhou: cannot unpack non-iterable int object
2026-04-01 12:43:20 [INFO] scanner - ✅ Validações OK [ETH/USDT]: Score=7.3, R:R=2.00
2026-04-01 12:43:20 [INFO] scanner - ⏸️  Throttle ativo [ETH/USDT]:
2026-04-01 12:43:20 [INFO] scanner -    ├─ Último alerta há 87.6 minutos
2026-04-01 12:43:20 [INFO] scanner -    ├─ Tempo mínimo: 1800 minutos
2026-04-01 12:43:20 [INFO] scanner -    └─ Próximo permitido em: 1712.4 minutos
2026-04-01 13:37:06 [INFO] scanner - ============================================================
2026-04-01 13:37:06 [INFO] scanner - 🚀 SCANNER INICIADO
2026-04-01 13:37:06 [INFO] scanner - 📅 Data/Hora: 01/04/2026 13:37:06
2026-04-01 13:37:06 [INFO] scanner - 📂 Log: logs/scanner_2026-04-01.log
2026-04-01 13:37:06 [INFO] scanner - ============================================================
2026-04-01 13:37:06 [INFO] scanner - 📝 PAPER MODE ATIVO - Apenas registro e análise
2026-04-01 13:37:09 [WARNING] root - Bloco de componentes falhou: cannot unpack non-iterable int object
2026-04-01 13:37:09 [INFO] scanner - ✅ Validações OK [BTC/USDT]: Score=7.3, R:R=2.08
2026-04-01 13:37:09 [INFO] scanner - ⏸️  Throttle ativo [BTC/USDT]:
2026-04-01 13:37:09 [INFO] scanner -    ├─ Último alerta há 141.5 minutos
2026-04-01 13:37:09 [INFO] scanner -    ├─ Tempo mínimo: 1800 minutos
2026-04-01 13:37:09 [INFO] scanner -    └─ Próximo permitido em: 1658.5 minutos
2026-04-01 13:37:11 [WARNING] root - Bloco de componentes falhou: cannot unpack non-iterable int object
2026-04-01 13:37:11 [INFO] scanner - ✅ Validações OK [ETH/USDT]: Score=7.3, R:R=2.00
2026-04-01 13:37:11 [INFO] scanner - ⏸️  Throttle ativo [ETH/USDT]:
2026-04-01 13:37:11 [INFO] scanner -    ├─ Último alerta há 141.4 minutos
2026-04-01 13:37:11 [INFO] scanner -    ├─ Tempo mínimo: 1800 minutos
2026-04-01 13:37:11 [INFO] scanner -    └─ Próximo permitido em: 1658.6 minutos
2026-04-01 14:34:43 [INFO] scanner - ============================================================
2026-04-01 14:34:43 [INFO] scanner - 🚀 SCANNER INICIADO
2026-04-01 14:34:43 [INFO] scanner - 📅 Data/Hora: 01/04/2026 14:34:43
2026-04-01 14:34:43 [INFO] scanner - 📂 Log: logs/scanner_2026-04-01.log
2026-04-01 14:34:43 [INFO] scanner - ============================================================
2026-04-01 14:34:43 [INFO] scanner - 📝 PAPER MODE ATIVO - Apenas registro e análise
2026-04-01 14:34:46 [WARNING] root - Bloco de componentes falhou: cannot unpack non-iterable int object
2026-04-01 14:34:46 [INFO] scanner - ✅ Validações OK [BTC/USDT]: Score=7.3, R:R=2.08
2026-04-01 14:34:46 [INFO] scanner - ⏸️  Throttle ativo [BTC/USDT]:
2026-04-01 14:34:46 [INFO] scanner -    ├─ Último alerta há 199.1 minutos
2026-04-01 14:34:46 [INFO] scanner -    ├─ Tempo mínimo: 1800 minutos
2026-04-01 14:34:46 [INFO] scanner -    └─ Próximo permitido em: 1600.9 minutos
2026-04-01 14:34:48 [WARNING] root - Bloco de componentes falhou: cannot unpack non-iterable int object
2026-04-01 14:34:48 [INFO] scanner - ✅ Validações OK [ETH/USDT]: Score=7.3, R:R=2.00
2026-04-01 14:34:48 [INFO] scanner - ⏸️  Throttle ativo [ETH/USDT]:
2026-04-01 14:34:48 [INFO] scanner -    ├─ Último alerta há 199.1 minutos
2026-04-01 14:34:48 [INFO] scanner -    ├─ Tempo mínimo: 1800 minutos
2026-04-01 14:34:48 [INFO] scanner -    └─ Próximo permitido em: 1600.9 minutos
2026-04-01 14:34:49 [WARNING] root - Bloco de componentes falhou: cannot unpack non-iterable int object
2026-04-01 14:34:49 [INFO] scanner - ✅ Validações OK [ETH/USDT]: Score=7.3, R:R=2.00
2026-04-01 14:34:49 [INFO] scanner - ⏸️  Throttle ativo [ETH/USDT]:
2026-04-01 14:34:49 [INFO] scanner -    ├─ Último alerta há 199.1 minutos
2026-04-01 14:34:49 [INFO] scanner -    ├─ Tempo mínimo: 1800 minutos
2026-04-01 14:34:49 [INFO] scanner -    └─ Próximo permitido em: 1600.9 minutos
2026-04-01 15:36:45 [INFO] scanner - ============================================================
2026-04-01 15:36:45 [INFO] scanner - 🚀 SCANNER INICIADO
2026-04-01 15:36:45 [INFO] scanner - 📅 Data/Hora: 01/04/2026 15:36:45
2026-04-01 15:36:45 [INFO] scanner - 📂 Log: logs/scanner_2026-04-01.log
2026-04-01 15:36:45 [INFO] scanner - ============================================================
2026-04-01 15:36:45 [INFO] scanner - 📝 PAPER MODE ATIVO - Apenas registro e análise
2026-04-01 15:36:48 [WARNING] root - Bloco de componentes falhou: cannot unpack non-iterable int object
2026-04-01 15:36:48 [INFO] scanner - ✅ Validações OK [BTC/USDT]: Score=7.3, R:R=2.08
2026-04-01 15:36:48 [INFO] scanner - ⏸️  Throttle ativo [BTC/USDT]:
2026-04-01 15:36:48 [INFO] scanner -    ├─ Último alerta há 261.1 minutos
2026-04-01 15:36:48 [INFO] scanner -    ├─ Tempo mínimo: 1800 minutos
2026-04-01 15:36:48 [INFO] scanner -    └─ Próximo permitido em: 1538.9 minutos
2026-04-01 15:36:51 [WARNING] root - Bloco de componentes falhou: cannot unpack non-iterable int object
2026-04-01 15:36:51 [INFO] scanner - ✅ Validações OK [ETH/USDT]: Score=7.3, R:R=2.00
2026-04-01 15:36:51 [INFO] scanner - ⏸️  Throttle ativo [ETH/USDT]:
2026-04-01 15:36:51 [INFO] scanner -    ├─ Último alerta há 261.1 minutos
2026-04-01 15:36:51 [INFO] scanner -    ├─ Tempo mínimo: 1800 minutos
2026-04-01 15:36:51 [INFO] scanner -    └─ Próximo permitido em: 1538.9 minutos
2026-04-01 15:36:51 [WARNING] root - Bloco de componentes falhou: cannot unpack non-iterable int object
2026-04-01 15:36:51 [INFO] scanner - ✅ Validações OK [ETH/USDT]: Score=7.3, R:R=2.00
2026-04-01 15:36:51 [INFO] scanner - ⏸️  Throttle ativo [ETH/USDT]:
2026-04-01 15:36:51 [INFO] scanner -    ├─ Último alerta há 261.1 minutos
2026-04-01 15:36:51 [INFO] scanner -    ├─ Tempo mínimo: 1800 minutos
2026-04-01 15:36:51 [INFO] scanner -    └─ Próximo permitido em: 1538.9 minutos
2026-04-01 16:43:15 [INFO] scanner - ============================================================
2026-04-01 16:43:15 [INFO] scanner - 🚀 SCANNER INICIADO
2026-04-01 16:43:15 [INFO] scanner - 📅 Data/Hora: 01/04/2026 16:43:15
2026-04-01 16:43:15 [INFO] scanner - 📂 Log: logs/scanner_2026-04-01.log
2026-04-01 16:43:15 [INFO] scanner - ============================================================
2026-04-01 16:43:15 [INFO] scanner - 📝 PAPER MODE ATIVO - Apenas registro e análise
2026-04-01 16:43:18 [WARNING] root - Bloco de componentes falhou: cannot unpack non-iterable int object
2026-04-01 16:43:18 [INFO] scanner - ✅ Validações OK [BTC/USDT]: Score=7.3, R:R=2.08
2026-04-01 16:43:18 [INFO] scanner - ⏸️  Throttle ativo [BTC/USDT]:
2026-04-01 16:43:18 [INFO] scanner -    ├─ Último alerta há 327.6 minutos
2026-04-01 16:43:18 [INFO] scanner -    ├─ Tempo mínimo: 1800 minutos
2026-04-01 16:43:18 [INFO] scanner -    └─ Próximo permitido em: 1472.4 minutos
2026-04-01 16:43:20 [WARNING] root - Bloco de componentes falhou: cannot unpack non-iterable int object
2026-04-01 16:43:20 [INFO] scanner - ✅ Validações OK [ETH/USDT]: Score=7.3, R:R=2.00
2026-04-01 16:43:20 [INFO] scanner - ⏸️  Throttle ativo [ETH/USDT]:
2026-04-01 16:43:20 [INFO] scanner -    ├─ Último alerta há 327.6 minutos
2026-04-01 16:43:20 [INFO] scanner -    ├─ Tempo mínimo: 1800 minutos
2026-04-01 16:43:20 [INFO] scanner -    └─ Próximo permitido em: 1472.4 minutos
2026-04-01 16:43:20 [WARNING] root - Bloco de componentes falhou: cannot unpack non-iterable int object
2026-04-01 16:43:20 [INFO] scanner - ✅ Validações OK [ETH/USDT]: Score=7.3, R:R=2.00
2026-04-01 16:43:20 [INFO] scanner - ⏸️  Throttle ativo [ETH/USDT]:
2026-04-01 16:43:20 [INFO] scanner -    ├─ Último alerta há 327.6 minutos
2026-04-01 16:43:20 [INFO] scanner -    ├─ Tempo mínimo: 1800 minutos
2026-04-01 16:43:20 [INFO] scanner -    └─ Próximo permitido em: 1472.4 minutos
2026-04-01 17:25:27 [INFO] scanner - ============================================================
2026-04-01 17:25:27 [INFO] scanner - 🚀 SCANNER INICIADO
2026-04-01 17:25:27 [INFO] scanner - 📅 Data/Hora: 01/04/2026 17:25:27
2026-04-01 17:25:27 [INFO] scanner - 📂 Log: logs/scanner_2026-04-01.log
2026-04-01 17:25:27 [INFO] scanner - ============================================================
2026-04-01 17:25:27 [INFO] scanner - 📝 PAPER MODE ATIVO - Apenas registro e análise
2026-04-01 17:25:30 [WARNING] root - Bloco de componentes falhou: cannot unpack non-iterable int object
2026-04-01 17:25:30 [INFO] scanner - ✅ Validações OK [BTC/USDT]: Score=7.3, R:R=2.08
2026-04-01 17:25:30 [INFO] scanner - ⏸️  Throttle ativo [BTC/USDT]:
2026-04-01 17:25:30 [INFO] scanner -    ├─ Último alerta há 369.8 minutos
2026-04-01 17:25:30 [INFO] scanner -    ├─ Tempo mínimo: 1800 minutos
2026-04-01 17:25:30 [INFO] scanner -    └─ Próximo permitido em: 1430.2 minutos
2026-04-01 17:25:32 [WARNING] root - Bloco de componentes falhou: cannot unpack non-iterable int object
2026-04-01 17:25:32 [INFO] scanner - ✅ Validações OK [ETH/USDT]: Score=7.3, R:R=2.00
2026-04-01 17:25:32 [INFO] scanner - ⏸️  Throttle ativo [ETH/USDT]:
2026-04-01 17:25:32 [INFO] scanner -    ├─ Último alerta há 369.8 minutos
2026-04-01 17:25:32 [INFO] scanner -    ├─ Tempo mínimo: 1800 minutos
2026-04-01 17:25:32 [INFO] scanner -    └─ Próximo permitido em: 1430.2 minutos
2026-04-01 18:05:50 [INFO] scanner - ============================================================
2026-04-01 18:05:50 [INFO] scanner - 🚀 SCANNER INICIADO
2026-04-01 18:05:50 [INFO] scanner - 📅 Data/Hora: 01/04/2026 18:05:50
2026-04-01 18:05:50 [INFO] scanner - 📂 Log: logs/scanner_2026-04-01.log
2026-04-01 18:05:50 [INFO] scanner - ============================================================
2026-04-01 18:05:50 [INFO] scanner - 📝 PAPER MODE ATIVO - Apenas registro e análise
2026-04-01 18:05:54 [WARNING] root - Bloco de componentes falhou: cannot unpack non-iterable int object
2026-04-01 18:05:54 [INFO] scanner - ✅ Validações OK [BTC/USDT]: Score=7.3, R:R=2.08
2026-04-01 18:05:54 [INFO] scanner - ⏸️  Throttle ativo [BTC/USDT]:
2026-04-01 18:05:54 [INFO] scanner -    ├─ Último alerta há 410.2 minutos
2026-04-01 18:05:54 [INFO] scanner -    ├─ Tempo mínimo: 1800 minutos
2026-04-01 18:05:54 [INFO] scanner -    └─ Próximo permitido em: 1389.8 minutos
2026-04-01 18:05:56 [WARNING] root - Bloco de componentes falhou: cannot unpack non-iterable int object
2026-04-01 18:05:56 [INFO] scanner - ✅ Validações OK [ETH/USDT]: Score=7.3, R:R=2.00
2026-04-01 18:05:56 [INFO] scanner - ⏸️  Throttle ativo [ETH/USDT]:
2026-04-01 18:05:56 [INFO] scanner -    ├─ Último alerta há 410.2 minutos
2026-04-01 18:05:56 [INFO] scanner -    ├─ Tempo mínimo: 1800 minutos
2026-04-01 18:05:56 [INFO] scanner -    └─ Próximo permitido em: 1389.8 minutos
2026-04-01 18:05:56 [WARNING] root - Bloco de componentes falhou: cannot unpack non-iterable int object
2026-04-01 18:05:56 [INFO] scanner - ✅ Validações OK [ETH/USDT]: Score=7.3, R:R=2.00
2026-04-01 18:05:56 [INFO] scanner - ⏸️  Throttle ativo [ETH/USDT]:
2026-04-01 18:05:56 [INFO] scanner -    ├─ Último alerta há 410.2 minutos
2026-04-01 18:05:56 [INFO] scanner -    ├─ Tempo mínimo: 1800 minutos
2026-04-01 18:05:56 [INFO] scanner -    └─ Próximo permitido em: 1389.8 minutos
2026-04-01 18:56:12 [INFO] scanner - ============================================================
2026-04-01 18:56:12 [INFO] scanner - 🚀 SCANNER INICIADO
2026-04-01 18:56:12 [INFO] scanner - 📅 Data/Hora: 01/04/2026 18:56:12
2026-04-01 18:56:12 [INFO] scanner - 📂 Log: logs/scanner_2026-04-01.log
2026-04-01 18:56:12 [INFO] scanner - ============================================================
2026-04-01 18:56:12 [INFO] scanner - 📝 PAPER MODE ATIVO - Apenas registro e análise
2026-04-01 18:56:16 [WARNING] root - Bloco de componentes falhou: cannot unpack non-iterable int object
2026-04-01 18:56:16 [INFO] scanner - ✅ Validações OK [BTC/USDT]: Score=7.3, R:R=2.08
2026-04-01 18:56:16 [INFO] scanner - ⏸️  Throttle ativo [BTC/USDT]:
2026-04-01 18:56:16 [INFO] scanner -    ├─ Último alerta há 460.6 minutos
2026-04-01 18:56:16 [INFO] scanner -    ├─ Tempo mínimo: 1800 minutos
2026-04-01 18:56:16 [INFO] scanner -    └─ Próximo permitido em: 1339.4 minutos
2026-04-01 18:56:18 [WARNING] root - Bloco de componentes falhou: cannot unpack non-iterable int object
2026-04-01 18:56:18 [INFO] scanner - ✅ Validações OK [ETH/USDT]: Score=7.3, R:R=2.00
2026-04-01 18:56:18 [INFO] scanner - ⏸️  Throttle ativo [ETH/USDT]:
2026-04-01 18:56:18 [INFO] scanner -    ├─ Último alerta há 460.6 minutos
2026-04-01 18:56:18 [INFO] scanner -    ├─ Tempo mínimo: 1800 minutos
2026-04-01 18:56:18 [INFO] scanner -    └─ Próximo permitido em: 1339.4 minutos
2026-04-01 18:56:18 [WARNING] root - Bloco de componentes falhou: cannot unpack non-iterable int object
2026-04-01 18:56:18 [INFO] scanner - ✅ Validações OK [ETH/USDT]: Score=7.3, R:R=2.00
2026-04-01 18:56:18 [INFO] scanner - ⏸️  Throttle ativo [ETH/USDT]:
2026-04-01 18:56:18 [INFO] scanner -    ├─ Último alerta há 460.6 minutos
2026-04-01 18:56:18 [INFO] scanner -    ├─ Tempo mínimo: 1800 minutos
2026-04-01 18:56:18 [INFO] scanner -    └─ Próximo permitido em: 1339.4 minutos
2026-04-01 19:31:18 [INFO] scanner - ============================================================
2026-04-01 19:31:18 [INFO] scanner - 🚀 SCANNER INICIADO
2026-04-01 19:31:18 [INFO] scanner - 📅 Data/Hora: 01/04/2026 19:31:18
2026-04-01 19:31:18 [INFO] scanner - 📂 Log: logs/scanner_2026-04-01.log
2026-04-01 19:31:18 [INFO] scanner - ============================================================
2026-04-01 19:31:18 [INFO] scanner - 📝 PAPER MODE ATIVO - Apenas registro e análise
2026-04-01 19:31:22 [WARNING] root - Bloco de componentes falhou: cannot unpack non-iterable int object
2026-04-01 19:31:22 [INFO] scanner - ✅ Validações OK [BTC/USDT]: Score=7.3, R:R=2.08
2026-04-01 19:31:22 [INFO] scanner - ⏸️  Throttle ativo [BTC/USDT]:
2026-04-01 19:31:22 [INFO] scanner -    ├─ Último alerta há 495.7 minutos
2026-04-01 19:31:22 [INFO] scanner -    ├─ Tempo mínimo: 1800 minutos
2026-04-01 19:31:22 [INFO] scanner -    └─ Próximo permitido em: 1304.3 minutos
2026-04-01 19:31:24 [WARNING] root - Bloco de componentes falhou: cannot unpack non-iterable int object
2026-04-01 19:31:24 [INFO] scanner - ✅ Validações OK [ETH/USDT]: Score=7.3, R:R=2.00
2026-04-01 19:31:24 [INFO] scanner - ⏸️  Throttle ativo [ETH/USDT]:
2026-04-01 19:31:24 [INFO] scanner -    ├─ Último alerta há 495.7 minutos
2026-04-01 19:31:24 [INFO] scanner -    ├─ Tempo mínimo: 1800 minutos
2026-04-01 19:31:24 [INFO] scanner -    └─ Próximo permitido em: 1304.3 minutos
2026-04-01 19:31:24 [WARNING] root - Bloco de componentes falhou: cannot unpack non-iterable int object
2026-04-01 19:31:24 [INFO] scanner - ✅ Validações OK [ETH/USDT]: Score=7.3, R:R=2.00
2026-04-01 19:31:24 [INFO] scanner - ⏸️  Throttle ativo [ETH/USDT]:
2026-04-01 19:31:24 [INFO] scanner -    ├─ Último alerta há 495.7 minutos
2026-04-01 19:31:24 [INFO] scanner -    ├─ Tempo mínimo: 1800 minutos
2026-04-01 19:31:24 [INFO] scanner -    └─ Próximo permitido em: 1304.3 minutos
2026-04-01 20:20:48 [INFO] scanner - ============================================================
2026-04-01 20:20:48 [INFO] scanner - 🚀 SCANNER INICIADO
2026-04-01 20:20:48 [INFO] scanner - 📅 Data/Hora: 01/04/2026 20:20:48
2026-04-01 20:20:48 [INFO] scanner - 📂 Log: logs/scanner_2026-04-01.log
2026-04-01 20:20:48 [INFO] scanner - ============================================================
2026-04-01 20:20:48 [INFO] scanner - 📝 PAPER MODE ATIVO - Apenas registro e análise
2026-04-01 20:20:54 [WARNING] root - Bloco de componentes falhou: cannot unpack non-iterable int object
2026-04-01 20:20:54 [INFO] scanner - ✅ Validações OK [ETH/USDT]: Score=7.3, R:R=2.00
2026-04-01 20:20:54 [INFO] scanner - ⏸️  Throttle ativo [ETH/USDT]:
2026-04-01 20:20:54 [INFO] scanner -    ├─ Último alerta há 545.2 minutos
2026-04-01 20:20:54 [INFO] scanner -    ├─ Tempo mínimo: 1800 minutos
2026-04-01 20:20:54 [INFO] scanner -    └─ Próximo permitido em: 1254.8 minutos
