2026-05-22 05:50:17 [INFO] scanner - ============================================================
2026-05-22 05:50:17 [INFO] scanner - 🚀 SCANNER INICIADO
2026-05-22 05:50:17 [INFO] scanner - 📅 Data/Hora: 22/05/2026 05:50:17
2026-05-22 05:50:17 [INFO] scanner - 📂 Log: logs/scanner_2026-05-22.log
2026-05-22 05:50:17 [INFO] scanner - ============================================================
2026-05-22 05:50:17 [INFO] scanner - 📝 PAPER MODE ATIVO - Apenas registro e análise
2026-05-22 08:38:39 [INFO] scanner - ============================================================
2026-05-22 08:38:39 [INFO] scanner - 🚀 SCANNER INICIADO
2026-05-22 08:38:39 [INFO] scanner - 📅 Data/Hora: 22/05/2026 08:38:39
2026-05-22 08:38:39 [INFO] scanner - 📂 Log: logs/scanner_2026-05-22.log
2026-05-22 08:38:39 [INFO] scanner - ============================================================
2026-05-22 08:38:39 [INFO] scanner - 📝 PAPER MODE ATIVO - Apenas registro e análise
2026-05-22 10:59:13 [INFO] scanner - ============================================================
2026-05-22 10:59:13 [INFO] scanner - 🚀 SCANNER INICIADO
2026-05-22 10:59:13 [INFO] scanner - 📅 Data/Hora: 22/05/2026 10:59:13
2026-05-22 10:59:13 [INFO] scanner - 📂 Log: logs/scanner_2026-05-22.log
2026-05-22 10:59:13 [INFO] scanner - ============================================================
2026-05-22 10:59:13 [INFO] scanner - 📝 PAPER MODE ATIVO - Apenas registro e análise
2026-05-22 13:26:45 [INFO] scanner - ============================================================
2026-05-22 13:26:45 [INFO] scanner - 🚀 SCANNER INICIADO
2026-05-22 13:26:45 [INFO] scanner - 📅 Data/Hora: 22/05/2026 13:26:45
2026-05-22 13:26:45 [INFO] scanner - 📂 Log: logs/scanner_2026-05-22.log
2026-05-22 13:26:45 [INFO] scanner - ============================================================
2026-05-22 13:26:45 [INFO] scanner - 📝 PAPER MODE ATIVO - Apenas registro e análise
2026-05-22 15:13:07 [INFO] scanner - ============================================================
2026-05-22 15:13:07 [INFO] scanner - 🚀 SCANNER INICIADO
2026-05-22 15:13:07 [INFO] scanner - 📅 Data/Hora: 22/05/2026 15:13:07
2026-05-22 15:13:07 [INFO] scanner - 📂 Log: logs/scanner_2026-05-22.log
2026-05-22 15:13:07 [INFO] scanner - ============================================================
2026-05-22 15:13:07 [INFO] scanner - 📝 PAPER MODE ATIVO - Apenas registro e análise
2026-05-22 17:10:28 [INFO] scanner - ============================================================
2026-05-22 17:10:28 [INFO] scanner - 🚀 SCANNER INICIADO
2026-05-22 17:10:28 [INFO] scanner - 📅 Data/Hora: 22/05/2026 17:10:28
2026-05-22 17:10:28 [INFO] scanner - 📂 Log: logs/scanner_2026-05-22.log
2026-05-22 17:10:28 [INFO] scanner - ============================================================
2026-05-22 17:10:28 [INFO] scanner - 📝 PAPER MODE ATIVO - Apenas registro e análise
2026-05-22 18:34:03 [INFO] scanner - ============================================================
2026-05-22 18:34:03 [INFO] scanner - 🚀 SCANNER INICIADO
2026-05-22 18:34:03 [INFO] scanner - 📅 Data/Hora: 22/05/2026 18:34:03
2026-05-22 18:34:03 [INFO] scanner - 📂 Log: logs/scanner_2026-05-22.log
2026-05-22 18:34:03 [INFO] scanner - ============================================================
2026-05-22 18:34:03 [INFO] scanner - 📝 PAPER MODE ATIVO - Apenas registro e análise
2026-05-22 19:39:31 [INFO] scanner - ============================================================
2026-05-22 19:39:31 [INFO] scanner - 🚀 SCANNER INICIADO
2026-05-22 19:39:31 [INFO] scanner - 📅 Data/Hora: 22/05/2026 19:39:31
2026-05-22 19:39:31 [INFO] scanner - 📂 Log: logs/scanner_2026-05-22.log
2026-05-22 19:39:31 [INFO] scanner - ============================================================
2026-05-22 19:39:31 [INFO] scanner - 📝 PAPER MODE ATIVO - Apenas registro e análise
2026-05-22 20:44:39 [INFO] scanner - ============================================================
2026-05-22 20:44:39 [INFO] scanner - 🚀 SCANNER INICIADO
2026-05-22 20:44:39 [INFO] scanner - 📅 Data/Hora: 22/05/2026 20:44:39
2026-05-22 20:44:39 [INFO] scanner - 📂 Log: logs/scanner_2026-05-22.log
2026-05-22 20:44:39 [INFO] scanner - ============================================================
2026-05-22 20:44:39 [INFO] scanner - 📝 PAPER MODE ATIVO - Apenas registro e análise
2026-05-22 20:44:43 [WARNING] root - Bloco de componentes falhou: cannot unpack non-iterable int object
2026-05-22 20:44:43 [INFO] scanner - ✅ Validações OK [BTC/USDT]: Score=8.3, R:R=2.08
2026-05-22 20:44:43 [INFO] scanner - ⏸️  Throttle ativo [BTC/USDT]:
2026-05-22 20:44:43 [INFO] scanner -    ├─ Último alerta há 1793.2 minutos
2026-05-22 20:44:43 [INFO] scanner -    ├─ Tempo mínimo: 1800 minutos
2026-05-22 20:44:43 [INFO] scanner -    └─ Próximo permitido em: 6.8 minutos
2026-05-22 22:27:05 [INFO] scanner - ============================================================
2026-05-22 22:27:05 [INFO] scanner - 🚀 SCANNER INICIADO
2026-05-22 22:27:05 [INFO] scanner - 📅 Data/Hora: 22/05/2026 22:27:05
2026-05-22 22:27:05 [INFO] scanner - 📂 Log: logs/scanner_2026-05-22.log
2026-05-22 22:27:05 [INFO] scanner - ============================================================
2026-05-22 22:27:05 [INFO] scanner - 📝 PAPER MODE ATIVO - Apenas registro e análise
2026-05-22 22:27:11 [WARNING] root - Bloco de componentes falhou: cannot unpack non-iterable int object
2026-05-22 22:27:11 [INFO] scanner - ✅ Validações OK [ETH/USDT]: Score=8.3, R:R=2.00
2026-05-22 22:27:11 [INFO] scanner - ✅ Throttle OK [ETH/USDT]: Pode enviar
