2026-04-11 03:52:15 [INFO] scanner - ============================================================
2026-04-11 03:52:15 [INFO] scanner - 🚀 SCANNER INICIADO
2026-04-11 03:52:15 [INFO] scanner - 📅 Data/Hora: 11/04/2026 03:52:15
2026-04-11 03:52:15 [INFO] scanner - 📂 Log: logs/scanner_2026-04-11.log
2026-04-11 03:52:15 [INFO] scanner - ============================================================
2026-04-11 03:52:15 [INFO] scanner - 📝 PAPER MODE ATIVO - Apenas registro e análise
2026-04-11 03:52:18 [WARNING] root - Bloco de componentes falhou: cannot unpack non-iterable int object
2026-04-11 03:52:18 [INFO] scanner - ✅ Validações OK [BTC/USDT]: Score=7.3, R:R=2.08
2026-04-11 03:52:18 [INFO] scanner - ✅ Throttle OK [BTC/USDT]: Pode enviar
2026-04-11 03:52:18 [INFO] scanner - 📝 Sinal no ledger: 20260411_035218_715019 - BTC/USDT
2026-04-11 03:52:18 [INFO] scanner - 📨 Alerta enviado | ID Ledger: 20260411_035218_715019
2026-04-11 03:52:21 [WARNING] root - Bloco de componentes falhou: cannot unpack non-iterable int object
2026-04-11 03:52:21 [INFO] scanner - ✅ Validações OK [ETH/USDT]: Score=7.3, R:R=2.00
2026-04-11 03:52:21 [INFO] scanner - ✅ Throttle OK [ETH/USDT]: Pode enviar
2026-04-11 03:52:21 [INFO] scanner - 📝 Sinal no ledger: 20260411_035221_461702 - ETH/USDT
2026-04-11 03:52:21 [INFO] scanner - 📨 Alerta enviado | ID Ledger: 20260411_035221_461702
2026-04-11 04:44:33 [INFO] scanner - ============================================================
2026-04-11 04:44:33 [INFO] scanner - 🚀 SCANNER INICIADO
2026-04-11 04:44:33 [INFO] scanner - 📅 Data/Hora: 11/04/2026 04:44:33
2026-04-11 04:44:33 [INFO] scanner - 📂 Log: logs/scanner_2026-04-11.log
2026-04-11 04:44:33 [INFO] scanner - ============================================================
2026-04-11 04:44:33 [INFO] scanner - 📝 PAPER MODE ATIVO - Apenas registro e análise
2026-04-11 04:44:37 [WARNING] root - Bloco de componentes falhou: cannot unpack non-iterable int object
2026-04-11 04:44:37 [INFO] scanner - ✅ Validações OK [BTC/USDT]: Score=7.3, R:R=2.08
2026-04-11 04:44:37 [INFO] scanner - ⏸️  Throttle ativo [BTC/USDT]:
2026-04-11 04:44:37 [INFO] scanner -    ├─ Último alerta há 52.3 minutos
2026-04-11 04:44:37 [INFO] scanner -    ├─ Tempo mínimo: 1800 minutos
2026-04-11 04:44:37 [INFO] scanner -    └─ Próximo permitido em: 1747.7 minutos
2026-04-11 04:44:39 [WARNING] root - Bloco de componentes falhou: cannot unpack non-iterable int object
2026-04-11 04:44:39 [INFO] scanner - ✅ Validações OK [ETH/USDT]: Score=7.3, R:R=2.00
2026-04-11 04:44:39 [INFO] scanner - ⏸️  Throttle ativo [ETH/USDT]:
2026-04-11 04:44:39 [INFO] scanner -    ├─ Último alerta há 52.3 minutos
2026-04-11 04:44:39 [INFO] scanner -    ├─ Tempo mínimo: 1800 minutos
2026-04-11 04:44:39 [INFO] scanner -    └─ Próximo permitido em: 1747.7 minutos
2026-04-11 05:25:44 [INFO] scanner - ============================================================
2026-04-11 05:25:44 [INFO] scanner - 🚀 SCANNER INICIADO
2026-04-11 05:25:44 [INFO] scanner - 📅 Data/Hora: 11/04/2026 05:25:44
2026-04-11 05:25:44 [INFO] scanner - 📂 Log: logs/scanner_2026-04-11.log
2026-04-11 05:25:44 [INFO] scanner - ============================================================
2026-04-11 05:25:44 [INFO] scanner - 📝 PAPER MODE ATIVO - Apenas registro e análise
2026-04-11 05:25:48 [WARNING] root - Bloco de componentes falhou: cannot unpack non-iterable int object
2026-04-11 05:25:48 [INFO] scanner - ✅ Validações OK [BTC/USDT]: Score=7.3, R:R=2.08
2026-04-11 05:25:48 [INFO] scanner - ⏸️  Throttle ativo [BTC/USDT]:
2026-04-11 05:25:48 [INFO] scanner -    ├─ Último alerta há 93.5 minutos
2026-04-11 05:25:48 [INFO] scanner -    ├─ Tempo mínimo: 1800 minutos
2026-04-11 05:25:48 [INFO] scanner -    └─ Próximo permitido em: 1706.5 minutos
2026-04-11 05:25:50 [WARNING] root - Bloco de componentes falhou: cannot unpack non-iterable int object
2026-04-11 05:25:50 [INFO] scanner - ✅ Validações OK [ETH/USDT]: Score=7.3, R:R=2.00
2026-04-11 05:25:50 [INFO] scanner - ⏸️  Throttle ativo [ETH/USDT]:
2026-04-11 05:25:50 [INFO] scanner -    ├─ Último alerta há 93.5 minutos
2026-04-11 05:25:50 [INFO] scanner -    ├─ Tempo mínimo: 1800 minutos
2026-04-11 05:25:50 [INFO] scanner -    └─ Próximo permitido em: 1706.5 minutos
