2026-06-20 05:42:19 [INFO] scanner - ============================================================
2026-06-20 05:42:19 [INFO] scanner - 🚀 SCANNER INICIADO
2026-06-20 05:42:19 [INFO] scanner - 📅 Data/Hora: 20/06/2026 05:42:19
2026-06-20 05:42:19 [INFO] scanner - 📂 Log: logs/scanner_2026-06-20.log
2026-06-20 05:42:19 [INFO] scanner - ============================================================
2026-06-20 05:42:19 [INFO] scanner - 📝 PAPER MODE ATIVO - Apenas registro e análise
2026-06-20 05:42:22 [WARNING] root - Bloco de componentes falhou: cannot unpack non-iterable int object
2026-06-20 05:42:22 [INFO] scanner - ✅ Validações OK [BTC/USDT]: Score=7.3, R:R=2.08
2026-06-20 05:42:22 [INFO] scanner - ⏸️  Throttle ativo [BTC/USDT]:
2026-06-20 05:42:22 [INFO] scanner -    ├─ Último alerta há 1348.4 minutos
2026-06-20 05:42:22 [INFO] scanner -    ├─ Tempo mínimo: 1800 minutos
2026-06-20 05:42:22 [INFO] scanner -    └─ Próximo permitido em: 451.6 minutos
2026-06-20 05:42:25 [WARNING] root - Bloco de componentes falhou: cannot unpack non-iterable int object
2026-06-20 05:42:25 [INFO] scanner - ✅ Validações OK [ETH/USDT]: Score=7.3, R:R=2.00
2026-06-20 05:42:25 [INFO] scanner - ⏸️  Throttle ativo [ETH/USDT]:
2026-06-20 05:42:25 [INFO] scanner -    ├─ Último alerta há 1348.4 minutos
2026-06-20 05:42:25 [INFO] scanner -    ├─ Tempo mínimo: 1800 minutos
2026-06-20 05:42:25 [INFO] scanner -    └─ Próximo permitido em: 451.6 minutos
2026-06-20 08:02:08 [INFO] scanner - ============================================================
2026-06-20 08:02:08 [INFO] scanner - 🚀 SCANNER INICIADO
2026-06-20 08:02:08 [INFO] scanner - 📅 Data/Hora: 20/06/2026 08:02:08
2026-06-20 08:02:08 [INFO] scanner - 📂 Log: logs/scanner_2026-06-20.log
2026-06-20 08:02:08 [INFO] scanner - ============================================================
2026-06-20 08:02:08 [INFO] scanner - 📝 PAPER MODE ATIVO - Apenas registro e análise
2026-06-20 08:02:12 [WARNING] root - Bloco de componentes falhou: cannot unpack non-iterable int object
2026-06-20 08:02:12 [INFO] scanner - ✅ Validações OK [BTC/USDT]: Score=7.3, R:R=2.08
2026-06-20 08:02:12 [INFO] scanner - ⏸️  Throttle ativo [BTC/USDT]:
2026-06-20 08:02:12 [INFO] scanner -    ├─ Último alerta há 1488.3 minutos
2026-06-20 08:02:12 [INFO] scanner -    ├─ Tempo mínimo: 1800 minutos
2026-06-20 08:02:12 [INFO] scanner -    └─ Próximo permitido em: 311.7 minutos
2026-06-20 08:02:14 [WARNING] root - Bloco de componentes falhou: cannot unpack non-iterable int object
2026-06-20 08:02:14 [INFO] scanner - ✅ Validações OK [ETH/USDT]: Score=7.3, R:R=2.00
2026-06-20 08:02:14 [INFO] scanner - ⏸️  Throttle ativo [ETH/USDT]:
2026-06-20 08:02:14 [INFO] scanner -    ├─ Último alerta há 1488.2 minutos
2026-06-20 08:02:14 [INFO] scanner -    ├─ Tempo mínimo: 1800 minutos
2026-06-20 08:02:14 [INFO] scanner -    └─ Próximo permitido em: 311.8 minutos
2026-06-20 08:02:14 [WARNING] root - Bloco de componentes falhou: cannot unpack non-iterable int object
2026-06-20 08:02:14 [INFO] scanner - ✅ Validações OK [ETH/USDT]: Score=7.3, R:R=2.00
2026-06-20 08:02:14 [INFO] scanner - ⏸️  Throttle ativo [ETH/USDT]:
2026-06-20 08:02:14 [INFO] scanner -    ├─ Último alerta há 1488.3 minutos
2026-06-20 08:02:14 [INFO] scanner -    ├─ Tempo mínimo: 1800 minutos
2026-06-20 08:02:14 [INFO] scanner -    └─ Próximo permitido em: 311.7 minutos
2026-06-20 09:58:33 [INFO] scanner - ============================================================
2026-06-20 09:58:33 [INFO] scanner - 🚀 SCANNER INICIADO
2026-06-20 09:58:33 [INFO] scanner - 📅 Data/Hora: 20/06/2026 09:58:33
2026-06-20 09:58:33 [INFO] scanner - 📂 Log: logs/scanner_2026-06-20.log
2026-06-20 09:58:33 [INFO] scanner - ============================================================
2026-06-20 09:58:33 [INFO] scanner - 📝 PAPER MODE ATIVO - Apenas registro e análise
2026-06-20 09:58:37 [WARNING] root - Bloco de componentes falhou: cannot unpack non-iterable int object
2026-06-20 09:58:37 [INFO] scanner - ✅ Validações OK [BTC/USDT]: Score=7.3, R:R=2.08
2026-06-20 09:58:37 [INFO] scanner - ⏸️  Throttle ativo [BTC/USDT]:
2026-06-20 09:58:37 [INFO] scanner -    ├─ Último alerta há 1604.7 minutos
2026-06-20 09:58:37 [INFO] scanner -    ├─ Tempo mínimo: 1800 minutos
2026-06-20 09:58:37 [INFO] scanner -    └─ Próximo permitido em: 195.3 minutos
2026-06-20 09:58:39 [WARNING] root - Bloco de componentes falhou: cannot unpack non-iterable int object
2026-06-20 09:58:39 [INFO] scanner - ✅ Validações OK [ETH/USDT]: Score=7.3, R:R=2.00
2026-06-20 09:58:39 [INFO] scanner - ⏸️  Throttle ativo [ETH/USDT]:
2026-06-20 09:58:39 [INFO] scanner -    ├─ Último alerta há 1604.7 minutos
2026-06-20 09:58:39 [INFO] scanner -    ├─ Tempo mínimo: 1800 minutos
2026-06-20 09:58:39 [INFO] scanner -    └─ Próximo permitido em: 195.3 minutos
2026-06-20 12:02:34 [INFO] scanner - ============================================================
2026-06-20 12:02:34 [INFO] scanner - 🚀 SCANNER INICIADO
2026-06-20 12:02:34 [INFO] scanner - 📅 Data/Hora: 20/06/2026 12:02:34
2026-06-20 12:02:34 [INFO] scanner - 📂 Log: logs/scanner_2026-06-20.log
2026-06-20 12:02:34 [INFO] scanner - ============================================================
2026-06-20 12:02:34 [INFO] scanner - 📝 PAPER MODE ATIVO - Apenas registro e análise
2026-06-20 12:02:38 [WARNING] root - Bloco de componentes falhou: cannot unpack non-iterable int object
2026-06-20 12:02:38 [INFO] scanner - ✅ Validações OK [BTC/USDT]: Score=7.3, R:R=2.08
2026-06-20 12:02:38 [INFO] scanner - ⏸️  Throttle ativo [BTC/USDT]:
2026-06-20 12:02:38 [INFO] scanner -    ├─ Último alerta há 1728.7 minutos
2026-06-20 12:02:38 [INFO] scanner -    ├─ Tempo mínimo: 1800 minutos
2026-06-20 12:02:38 [INFO] scanner -    └─ Próximo permitido em: 71.3 minutos
2026-06-20 12:02:40 [WARNING] root - Bloco de componentes falhou: cannot unpack non-iterable int object
2026-06-20 12:02:40 [INFO] scanner - ✅ Validações OK [ETH/USDT]: Score=7.3, R:R=2.00
2026-06-20 12:02:40 [INFO] scanner - ⏸️  Throttle ativo [ETH/USDT]:
2026-06-20 12:02:40 [INFO] scanner -    ├─ Último alerta há 1728.7 minutos
2026-06-20 12:02:40 [INFO] scanner -    ├─ Tempo mínimo: 1800 minutos
2026-06-20 12:02:40 [INFO] scanner -    └─ Próximo permitido em: 71.3 minutos
2026-06-20 12:02:41 [WARNING] root - Bloco de componentes falhou: cannot unpack non-iterable int object
2026-06-20 12:02:41 [INFO] scanner - ✅ Validações OK [ETH/USDT]: Score=7.3, R:R=2.00
2026-06-20 12:02:41 [INFO] scanner - ⏸️  Throttle ativo [ETH/USDT]:
2026-06-20 12:02:41 [INFO] scanner -    ├─ Último alerta há 1728.7 minutos
2026-06-20 12:02:41 [INFO] scanner -    ├─ Tempo mínimo: 1800 minutos
2026-06-20 12:02:41 [INFO] scanner -    └─ Próximo permitido em: 71.3 minutos
2026-06-20 13:47:17 [INFO] scanner - ============================================================
2026-06-20 13:47:17 [INFO] scanner - 🚀 SCANNER INICIADO
2026-06-20 13:47:17 [INFO] scanner - 📅 Data/Hora: 20/06/2026 13:47:17
2026-06-20 13:47:17 [INFO] scanner - 📂 Log: logs/scanner_2026-06-20.log
2026-06-20 13:47:17 [INFO] scanner - ============================================================
2026-06-20 13:47:17 [INFO] scanner - 📝 PAPER MODE ATIVO - Apenas registro e análise
2026-06-20 13:47:20 [WARNING] root - Bloco de componentes falhou: cannot unpack non-iterable int object
2026-06-20 13:47:20 [INFO] scanner - ✅ Validações OK [BTC/USDT]: Score=7.3, R:R=2.08
2026-06-20 13:47:20 [INFO] scanner - ✅ Throttle OK [BTC/USDT]: Pode enviar
2026-06-20 13:47:21 [INFO] scanner - 📝 Sinal no ledger: 20260620_134721_273476 - BTC/USDT
2026-06-20 13:47:21 [INFO] scanner - 📨 Alerta enviado | ID Ledger: 20260620_134721_273476
2026-06-20 13:47:23 [WARNING] root - Bloco de componentes falhou: cannot unpack non-iterable int object
2026-06-20 13:47:23 [INFO] scanner - ✅ Validações OK [ETH/USDT]: Score=7.3, R:R=2.00
2026-06-20 13:47:23 [INFO] scanner - ✅ Throttle OK [ETH/USDT]: Pode enviar
2026-06-20 13:47:23 [INFO] scanner - 📝 Sinal no ledger: 20260620_134723_900262 - ETH/USDT
2026-06-20 13:47:23 [INFO] scanner - 📨 Alerta enviado | ID Ledger: 20260620_134723_900262
2026-06-20 15:05:50 [INFO] scanner - ============================================================
2026-06-20 15:05:50 [INFO] scanner - 🚀 SCANNER INICIADO
2026-06-20 15:05:50 [INFO] scanner - 📅 Data/Hora: 20/06/2026 15:05:50
2026-06-20 15:05:50 [INFO] scanner - 📂 Log: logs/scanner_2026-06-20.log
2026-06-20 15:05:50 [INFO] scanner - ============================================================
2026-06-20 15:05:50 [INFO] scanner - 📝 PAPER MODE ATIVO - Apenas registro e análise
2026-06-20 15:05:54 [WARNING] root - Bloco de componentes falhou: cannot unpack non-iterable int object
2026-06-20 15:05:54 [INFO] scanner - ✅ Validações OK [BTC/USDT]: Score=7.3, R:R=2.08
2026-06-20 15:05:54 [INFO] scanner - ⏸️  Throttle ativo [BTC/USDT]:
2026-06-20 15:05:54 [INFO] scanner -    ├─ Último alerta há 78.6 minutos
2026-06-20 15:05:54 [INFO] scanner -    ├─ Tempo mínimo: 1800 minutos
2026-06-20 15:05:54 [INFO] scanner -    └─ Próximo permitido em: 1721.4 minutos
2026-06-20 15:05:56 [WARNING] root - Bloco de componentes falhou: cannot unpack non-iterable int object
2026-06-20 15:05:56 [INFO] scanner - ✅ Validações OK [ETH/USDT]: Score=7.3, R:R=2.00
2026-06-20 15:05:56 [INFO] scanner - ⏸️  Throttle ativo [ETH/USDT]:
2026-06-20 15:05:56 [INFO] scanner -    ├─ Último alerta há 78.5 minutos
2026-06-20 15:05:56 [INFO] scanner -    ├─ Tempo mínimo: 1800 minutos
2026-06-20 15:05:56 [INFO] scanner -    └─ Próximo permitido em: 1721.5 minutos
2026-06-20 15:05:56 [WARNING] root - Bloco de componentes falhou: cannot unpack non-iterable int object
2026-06-20 15:05:56 [INFO] scanner - ✅ Validações OK [ETH/USDT]: Score=7.3, R:R=2.00
2026-06-20 15:05:56 [INFO] scanner - ⏸️  Throttle ativo [ETH/USDT]:
2026-06-20 15:05:56 [INFO] scanner -    ├─ Último alerta há 78.6 minutos
2026-06-20 15:05:56 [INFO] scanner -    ├─ Tempo mínimo: 1800 minutos
2026-06-20 15:05:56 [INFO] scanner -    └─ Próximo permitido em: 1721.4 minutos
2026-06-20 16:54:50 [INFO] scanner - ============================================================
2026-06-20 16:54:50 [INFO] scanner - 🚀 SCANNER INICIADO
2026-06-20 16:54:50 [INFO] scanner - 📅 Data/Hora: 20/06/2026 16:54:50
2026-06-20 16:54:50 [INFO] scanner - 📂 Log: logs/scanner_2026-06-20.log
2026-06-20 16:54:50 [INFO] scanner - ============================================================
2026-06-20 16:54:50 [INFO] scanner - 📝 PAPER MODE ATIVO - Apenas registro e análise
2026-06-20 16:54:53 [WARNING] root - Bloco de componentes falhou: cannot unpack non-iterable int object
2026-06-20 16:54:53 [INFO] scanner - ✅ Validações OK [BTC/USDT]: Score=7.3, R:R=2.08
2026-06-20 16:54:53 [INFO] scanner - ⏸️  Throttle ativo [BTC/USDT]:
2026-06-20 16:54:53 [INFO] scanner -    ├─ Último alerta há 187.5 minutos
2026-06-20 16:54:53 [INFO] scanner -    ├─ Tempo mínimo: 1800 minutos
2026-06-20 16:54:53 [INFO] scanner -    └─ Próximo permitido em: 1612.5 minutos
2026-06-20 16:54:56 [WARNING] root - Bloco de componentes falhou: cannot unpack non-iterable int object
2026-06-20 16:54:56 [INFO] scanner - ✅ Validações OK [ETH/USDT]: Score=7.8, R:R=2.00
2026-06-20 16:54:56 [INFO] scanner - ⏸️  Throttle ativo [ETH/USDT]:
2026-06-20 16:54:56 [INFO] scanner -    ├─ Último alerta há 187.5 minutos
2026-06-20 16:54:56 [INFO] scanner -    ├─ Tempo mínimo: 1800 minutos
2026-06-20 16:54:56 [INFO] scanner -    └─ Próximo permitido em: 1612.5 minutos
2026-06-20 16:54:56 [WARNING] root - Bloco de componentes falhou: cannot unpack non-iterable int object
2026-06-20 16:54:56 [INFO] scanner - ✅ Validações OK [ETH/USDT]: Score=7.8, R:R=2.00
2026-06-20 16:54:56 [INFO] scanner - ⏸️  Throttle ativo [ETH/USDT]:
2026-06-20 16:54:56 [INFO] scanner -    ├─ Último alerta há 187.5 minutos
2026-06-20 16:54:56 [INFO] scanner -    ├─ Tempo mínimo: 1800 minutos
2026-06-20 16:54:56 [INFO] scanner -    └─ Próximo permitido em: 1612.5 minutos
2026-06-20 18:05:46 [INFO] scanner - ============================================================
2026-06-20 18:05:46 [INFO] scanner - 🚀 SCANNER INICIADO
2026-06-20 18:05:46 [INFO] scanner - 📅 Data/Hora: 20/06/2026 18:05:46
2026-06-20 18:05:46 [INFO] scanner - 📂 Log: logs/scanner_2026-06-20.log
2026-06-20 18:05:46 [INFO] scanner - ============================================================
2026-06-20 18:05:46 [INFO] scanner - 📝 PAPER MODE ATIVO - Apenas registro e análise
2026-06-20 18:05:49 [WARNING] root - Bloco de componentes falhou: cannot unpack non-iterable int object
2026-06-20 18:05:49 [INFO] scanner - ✅ Validações OK [BTC/USDT]: Score=7.3, R:R=2.08
2026-06-20 18:05:49 [INFO] scanner - ⏸️  Throttle ativo [BTC/USDT]:
2026-06-20 18:05:49 [INFO] scanner -    ├─ Último alerta há 258.5 minutos
2026-06-20 18:05:49 [INFO] scanner -    ├─ Tempo mínimo: 1800 minutos
2026-06-20 18:05:49 [INFO] scanner -    └─ Próximo permitido em: 1541.5 minutos
2026-06-20 18:05:52 [WARNING] root - Bloco de componentes falhou: cannot unpack non-iterable int object
2026-06-20 18:05:52 [INFO] scanner - ✅ Validações OK [ETH/USDT]: Score=7.3, R:R=2.00
2026-06-20 18:05:52 [INFO] scanner - ⏸️  Throttle ativo [ETH/USDT]:
2026-06-20 18:05:52 [INFO] scanner -    ├─ Último alerta há 258.5 minutos
2026-06-20 18:05:52 [INFO] scanner -    ├─ Tempo mínimo: 1800 minutos
2026-06-20 18:05:52 [INFO] scanner -    └─ Próximo permitido em: 1541.5 minutos
2026-06-20 19:21:19 [INFO] scanner - ============================================================
2026-06-20 19:21:19 [INFO] scanner - 🚀 SCANNER INICIADO
2026-06-20 19:21:19 [INFO] scanner - 📅 Data/Hora: 20/06/2026 19:21:19
2026-06-20 19:21:19 [INFO] scanner - 📂 Log: logs/scanner_2026-06-20.log
2026-06-20 19:21:19 [INFO] scanner - ============================================================
2026-06-20 19:21:19 [INFO] scanner - 📝 PAPER MODE ATIVO - Apenas registro e análise
2026-06-20 19:21:22 [WARNING] root - Bloco de componentes falhou: cannot unpack non-iterable int object
2026-06-20 19:21:22 [INFO] scanner - ✅ Validações OK [BTC/USDT]: Score=7.3, R:R=2.08
2026-06-20 19:21:22 [INFO] scanner - ⏸️  Throttle ativo [BTC/USDT]:
2026-06-20 19:21:22 [INFO] scanner -    ├─ Último alerta há 334.0 minutos
2026-06-20 19:21:22 [INFO] scanner -    ├─ Tempo mínimo: 1800 minutos
2026-06-20 19:21:22 [INFO] scanner -    └─ Próximo permitido em: 1466.0 minutos
2026-06-20 19:21:24 [WARNING] root - Bloco de componentes falhou: cannot unpack non-iterable int object
2026-06-20 19:21:24 [INFO] scanner - ✅ Validações OK [ETH/USDT]: Score=7.3, R:R=2.00
2026-06-20 19:21:24 [INFO] scanner - ⏸️  Throttle ativo [ETH/USDT]:
2026-06-20 19:21:24 [INFO] scanner -    ├─ Último alerta há 334.0 minutos
2026-06-20 19:21:24 [INFO] scanner -    ├─ Tempo mínimo: 1800 minutos
2026-06-20 19:21:24 [INFO] scanner -    └─ Próximo permitido em: 1466.0 minutos
2026-06-20 19:21:24 [WARNING] root - Bloco de componentes falhou: cannot unpack non-iterable int object
2026-06-20 19:21:24 [INFO] scanner - ✅ Validações OK [ETH/USDT]: Score=7.3, R:R=2.00
2026-06-20 19:21:24 [INFO] scanner - ⏸️  Throttle ativo [ETH/USDT]:
2026-06-20 19:21:24 [INFO] scanner -    ├─ Último alerta há 334.0 minutos
2026-06-20 19:21:24 [INFO] scanner -    ├─ Tempo mínimo: 1800 minutos
2026-06-20 19:21:24 [INFO] scanner -    └─ Próximo permitido em: 1466.0 minutos
2026-06-20 20:41:31 [INFO] scanner - ============================================================
2026-06-20 20:41:31 [INFO] scanner - 🚀 SCANNER INICIADO
2026-06-20 20:41:31 [INFO] scanner - 📅 Data/Hora: 20/06/2026 20:41:31
2026-06-20 20:41:31 [INFO] scanner - 📂 Log: logs/scanner_2026-06-20.log
2026-06-20 20:41:31 [INFO] scanner - ============================================================
2026-06-20 20:41:31 [INFO] scanner - 📝 PAPER MODE ATIVO - Apenas registro e análise
2026-06-20 20:41:35 [WARNING] root - Bloco de componentes falhou: cannot unpack non-iterable int object
2026-06-20 20:41:35 [INFO] scanner - ✅ Validações OK [BTC/USDT]: Score=7.3, R:R=2.08
2026-06-20 20:41:35 [INFO] scanner - ⏸️  Throttle ativo [BTC/USDT]:
2026-06-20 20:41:35 [INFO] scanner -    ├─ Último alerta há 414.2 minutos
2026-06-20 20:41:35 [INFO] scanner -    ├─ Tempo mínimo: 1800 minutos
2026-06-20 20:41:35 [INFO] scanner -    └─ Próximo permitido em: 1385.8 minutos
2026-06-20 20:41:37 [WARNING] root - Bloco de componentes falhou: cannot unpack non-iterable int object
2026-06-20 20:41:37 [INFO] scanner - ✅ Validações OK [ETH/USDT]: Score=7.3, R:R=2.00
2026-06-20 20:41:37 [INFO] scanner - ⏸️  Throttle ativo [ETH/USDT]:
2026-06-20 20:41:37 [INFO] scanner -    ├─ Último alerta há 414.2 minutos
2026-06-20 20:41:37 [INFO] scanner -    ├─ Tempo mínimo: 1800 minutos
2026-06-20 20:41:37 [INFO] scanner -    └─ Próximo permitido em: 1385.8 minutos
2026-06-20 23:04:12 [INFO] scanner - ============================================================
2026-06-20 23:04:12 [INFO] scanner - 🚀 SCANNER INICIADO
2026-06-20 23:04:12 [INFO] scanner - 📅 Data/Hora: 20/06/2026 23:04:12
2026-06-20 23:04:12 [INFO] scanner - 📂 Log: logs/scanner_2026-06-20.log
2026-06-20 23:04:12 [INFO] scanner - ============================================================
2026-06-20 23:04:12 [INFO] scanner - 📝 PAPER MODE ATIVO - Apenas registro e análise
2026-06-20 23:04:16 [WARNING] root - Bloco de componentes falhou: cannot unpack non-iterable int object
2026-06-20 23:04:16 [INFO] scanner - ✅ Validações OK [BTC/USDT]: Score=7.3, R:R=2.08
2026-06-20 23:04:16 [INFO] scanner - ⏸️  Throttle ativo [BTC/USDT]:
2026-06-20 23:04:16 [INFO] scanner -    ├─ Último alerta há 556.9 minutos
2026-06-20 23:04:16 [INFO] scanner -    ├─ Tempo mínimo: 1800 minutos
2026-06-20 23:04:16 [INFO] scanner -    └─ Próximo permitido em: 1243.1 minutos
2026-06-20 23:04:18 [WARNING] root - Bloco de componentes falhou: cannot unpack non-iterable int object
2026-06-20 23:04:18 [INFO] scanner - ✅ Validações OK [ETH/USDT]: Score=7.3, R:R=2.00
2026-06-20 23:04:18 [INFO] scanner - ⏸️  Throttle ativo [ETH/USDT]:
2026-06-20 23:04:18 [INFO] scanner -    ├─ Último alerta há 556.9 minutos
2026-06-20 23:04:18 [INFO] scanner -    ├─ Tempo mínimo: 1800 minutos
2026-06-20 23:04:18 [INFO] scanner -    └─ Próximo permitido em: 1243.1 minutos
