2026-06-03 07:44:17 [INFO] scanner - ============================================================
2026-06-03 07:44:17 [INFO] scanner - 🚀 SCANNER INICIADO
2026-06-03 07:44:17 [INFO] scanner - 📅 Data/Hora: 03/06/2026 07:44:17
2026-06-03 07:44:17 [INFO] scanner - 📂 Log: logs/scanner_2026-06-03.log
2026-06-03 07:44:17 [INFO] scanner - ============================================================
2026-06-03 07:44:17 [INFO] scanner - 📝 PAPER MODE ATIVO - Apenas registro e análise
2026-06-03 12:20:25 [INFO] scanner - ============================================================
2026-06-03 12:20:25 [INFO] scanner - 🚀 SCANNER INICIADO
2026-06-03 12:20:25 [INFO] scanner - 📅 Data/Hora: 03/06/2026 12:20:25
2026-06-03 12:20:25 [INFO] scanner - 📂 Log: logs/scanner_2026-06-03.log
2026-06-03 12:20:25 [INFO] scanner - ============================================================
2026-06-03 12:20:25 [INFO] scanner - 📝 PAPER MODE ATIVO - Apenas registro e análise
2026-06-03 12:20:29 [WARNING] root - Bloco de componentes falhou: cannot unpack non-iterable int object
2026-06-03 12:20:29 [INFO] scanner - ✅ Validações OK [BTC/USDT]: Score=7.3, R:R=2.08
2026-06-03 12:20:29 [INFO] scanner - ⏸️  Throttle ativo [BTC/USDT]:
2026-06-03 12:20:29 [INFO] scanner -    ├─ Último alerta há 813.4 minutos
2026-06-03 12:20:29 [INFO] scanner -    ├─ Tempo mínimo: 1800 minutos
2026-06-03 12:20:29 [INFO] scanner -    └─ Próximo permitido em: 986.6 minutos
2026-06-03 12:20:31 [WARNING] root - Bloco de componentes falhou: cannot unpack non-iterable int object
2026-06-03 12:20:31 [INFO] scanner - ✅ Validações OK [ETH/USDT]: Score=7.3, R:R=2.00
2026-06-03 12:20:31 [INFO] scanner - ⏸️  Throttle ativo [ETH/USDT]:
2026-06-03 12:20:31 [INFO] scanner -    ├─ Último alerta há 1499.5 minutos
2026-06-03 12:20:31 [INFO] scanner -    ├─ Tempo mínimo: 1800 minutos
2026-06-03 12:20:31 [INFO] scanner -    └─ Próximo permitido em: 300.5 minutos
