2025-12-19 03:21:19 [INFO] scanner - ============================================================
2025-12-19 03:21:19 [INFO] scanner - 🚀 SCANNER INICIADO
2025-12-19 03:21:19 [INFO] scanner - 📅 Data/Hora: 19/12/2025 03:21:19
2025-12-19 03:21:19 [INFO] scanner - 📂 Log: logs/scanner_2025-12-19.log
2025-12-19 03:21:19 [INFO] scanner - ============================================================
2025-12-19 03:21:19 [INFO] scanner - 📝 PAPER MODE ATIVO - Apenas registro e análise
2025-12-19 03:21:23 [WARNING] root - Bloco de componentes falhou: cannot unpack non-iterable int object
2025-12-19 03:21:23 [INFO] scanner - ✅ Validações OK [BTC/USDT]: Score=7.3, R:R=2.08
2025-12-19 03:21:23 [INFO] scanner - ✅ Throttle OK [BTC/USDT]: Pode enviar
2025-12-19 03:21:23 [INFO] scanner - 📝 Sinal no ledger: 20251219_032123_900890 - BTC/USDT
2025-12-19 03:21:23 [INFO] scanner - 📨 Alerta enviado | ID Ledger: 20251219_032123_900890
2025-12-19 03:21:26 [WARNING] root - Bloco de componentes falhou: cannot unpack non-iterable int object
2025-12-19 03:21:26 [INFO] scanner - ✅ Validações OK [ETH/USDT]: Score=7.3, R:R=2.00
2025-12-19 03:21:26 [INFO] scanner - ⏸️  Throttle ativo [ETH/USDT]:
2025-12-19 03:21:26 [INFO] scanner -    ├─ Último alerta há 548.7 minutos
2025-12-19 03:21:26 [INFO] scanner -    ├─ Tempo mínimo: 1800 minutos
2025-12-19 03:21:26 [INFO] scanner -    └─ Próximo permitido em: 1251.3 minutos
2025-12-19 03:52:28 [INFO] scanner - ============================================================
2025-12-19 03:52:28 [INFO] scanner - 🚀 SCANNER INICIADO
2025-12-19 03:52:28 [INFO] scanner - 📅 Data/Hora: 19/12/2025 03:52:28
2025-12-19 03:52:28 [INFO] scanner - 📂 Log: logs/scanner_2025-12-19.log
2025-12-19 03:52:28 [INFO] scanner - ============================================================
2025-12-19 03:52:28 [INFO] scanner - 📝 PAPER MODE ATIVO - Apenas registro e análise
2025-12-19 03:52:32 [WARNING] root - Bloco de componentes falhou: cannot unpack non-iterable int object
2025-12-19 03:52:32 [INFO] scanner - ✅ Validações OK [BTC/USDT]: Score=7.3, R:R=2.08
2025-12-19 03:52:32 [INFO] scanner - ⏸️  Throttle ativo [BTC/USDT]:
2025-12-19 03:52:32 [INFO] scanner -    ├─ Último alerta há 31.2 minutos
2025-12-19 03:52:32 [INFO] scanner -    ├─ Tempo mínimo: 1800 minutos
2025-12-19 03:52:32 [INFO] scanner -    └─ Próximo permitido em: 1768.8 minutos
2025-12-19 03:52:35 [WARNING] root - Bloco de componentes falhou: cannot unpack non-iterable int object
2025-12-19 03:52:35 [INFO] scanner - ✅ Validações OK [ETH/USDT]: Score=7.3, R:R=2.00
2025-12-19 03:52:35 [INFO] scanner - ⏸️  Throttle ativo [ETH/USDT]:
2025-12-19 03:52:35 [INFO] scanner -    ├─ Último alerta há 579.9 minutos
2025-12-19 03:52:35 [INFO] scanner -    ├─ Tempo mínimo: 1800 minutos
2025-12-19 03:52:35 [INFO] scanner -    └─ Próximo permitido em: 1220.1 minutos
2025-12-19 04:16:44 [INFO] scanner - ============================================================
2025-12-19 04:16:44 [INFO] scanner - 🚀 SCANNER INICIADO
2025-12-19 04:16:44 [INFO] scanner - 📅 Data/Hora: 19/12/2025 04:16:44
2025-12-19 04:16:44 [INFO] scanner - 📂 Log: logs/scanner_2025-12-19.log
2025-12-19 04:16:44 [INFO] scanner - ============================================================
2025-12-19 04:16:44 [INFO] scanner - 📝 PAPER MODE ATIVO - Apenas registro e análise
2025-12-19 04:16:47 [WARNING] root - Bloco de componentes falhou: cannot unpack non-iterable int object
2025-12-19 04:16:47 [INFO] scanner - ✅ Validações OK [BTC/USDT]: Score=7.3, R:R=2.08
2025-12-19 04:16:47 [INFO] scanner - ⏸️  Throttle ativo [BTC/USDT]:
2025-12-19 04:16:47 [INFO] scanner -    ├─ Último alerta há 55.4 minutos
2025-12-19 04:16:47 [INFO] scanner -    ├─ Tempo mínimo: 1800 minutos
2025-12-19 04:16:47 [INFO] scanner -    └─ Próximo permitido em: 1744.6 minutos
2025-12-19 04:16:48 [WARNING] root - Bloco de componentes falhou: cannot unpack non-iterable int object
2025-12-19 04:16:48 [INFO] scanner - ✅ Validações OK [BTC/USDT]: Score=7.3, R:R=2.08
2025-12-19 04:16:48 [INFO] scanner - ⏸️  Throttle ativo [BTC/USDT]:
2025-12-19 04:16:48 [INFO] scanner -    ├─ Último alerta há 55.4 minutos
2025-12-19 04:16:48 [INFO] scanner -    ├─ Tempo mínimo: 1800 minutos
2025-12-19 04:16:48 [INFO] scanner -    └─ Próximo permitido em: 1744.6 minutos
2025-12-19 04:16:48 [WARNING] root - Bloco de componentes falhou: cannot unpack non-iterable int object
2025-12-19 04:16:48 [INFO] scanner - ✅ Validações OK [BTC/USDT]: Score=7.3, R:R=2.08
2025-12-19 04:16:48 [INFO] scanner - ⏸️  Throttle ativo [BTC/USDT]:
2025-12-19 04:16:48 [INFO] scanner -    ├─ Último alerta há 55.4 minutos
2025-12-19 04:16:48 [INFO] scanner -    ├─ Tempo mínimo: 1800 minutos
2025-12-19 04:16:48 [INFO] scanner -    └─ Próximo permitido em: 1744.6 minutos
2025-12-19 04:16:51 [WARNING] root - Bloco de componentes falhou: cannot unpack non-iterable int object
2025-12-19 04:16:51 [INFO] scanner - ✅ Validações OK [ETH/USDT]: Score=7.3, R:R=2.00
2025-12-19 04:16:51 [INFO] scanner - ⏸️  Throttle ativo [ETH/USDT]:
2025-12-19 04:16:51 [INFO] scanner -    ├─ Último alerta há 604.1 minutos
2025-12-19 04:16:51 [INFO] scanner -    ├─ Tempo mínimo: 1800 minutos
2025-12-19 04:16:51 [INFO] scanner -    └─ Próximo permitido em: 1195.9 minutos
2025-12-19 04:16:51 [WARNING] root - Bloco de componentes falhou: cannot unpack non-iterable int object
2025-12-19 04:16:51 [INFO] scanner - ✅ Validações OK [ETH/USDT]: Score=7.3, R:R=2.00
2025-12-19 04:16:51 [INFO] scanner - ⏸️  Throttle ativo [ETH/USDT]:
2025-12-19 04:16:51 [INFO] scanner -    ├─ Último alerta há 604.1 minutos
2025-12-19 04:16:51 [INFO] scanner -    ├─ Tempo mínimo: 1800 minutos
2025-12-19 04:16:51 [INFO] scanner -    └─ Próximo permitido em: 1195.9 minutos
2025-12-19 04:16:51 [WARNING] root - Bloco de componentes falhou: cannot unpack non-iterable int object
2025-12-19 04:16:51 [INFO] scanner - ✅ Validações OK [ETH/USDT]: Score=7.3, R:R=2.00
2025-12-19 04:16:51 [INFO] scanner - ⏸️  Throttle ativo [ETH/USDT]:
2025-12-19 04:16:51 [INFO] scanner -    ├─ Último alerta há 604.1 minutos
2025-12-19 04:16:51 [INFO] scanner -    ├─ Tempo mínimo: 1800 minutos
2025-12-19 04:16:51 [INFO] scanner -    └─ Próximo permitido em: 1195.9 minutos
2025-12-19 04:39:48 [INFO] scanner - ============================================================
2025-12-19 04:39:48 [INFO] scanner - 🚀 SCANNER INICIADO
2025-12-19 04:39:48 [INFO] scanner - 📅 Data/Hora: 19/12/2025 04:39:48
2025-12-19 04:39:48 [INFO] scanner - 📂 Log: logs/scanner_2025-12-19.log
2025-12-19 04:39:48 [INFO] scanner - ============================================================
2025-12-19 04:39:48 [INFO] scanner - 📝 PAPER MODE ATIVO - Apenas registro e análise
2025-12-19 04:39:52 [WARNING] root - Bloco de componentes falhou: cannot unpack non-iterable int object
2025-12-19 04:39:52 [INFO] scanner - ✅ Validações OK [BTC/USDT]: Score=7.3, R:R=2.08
2025-12-19 04:39:52 [INFO] scanner - ⏸️  Throttle ativo [BTC/USDT]:
2025-12-19 04:39:52 [INFO] scanner -    ├─ Último alerta há 78.5 minutos
2025-12-19 04:39:52 [INFO] scanner -    ├─ Tempo mínimo: 1800 minutos
2025-12-19 04:39:52 [INFO] scanner -    └─ Próximo permitido em: 1721.5 minutos
2025-12-19 04:39:52 [WARNING] root - Bloco de componentes falhou: cannot unpack non-iterable int object
2025-12-19 04:39:52 [INFO] scanner - ✅ Validações OK [BTC/USDT]: Score=7.3, R:R=2.08
2025-12-19 04:39:52 [INFO] scanner - ⏸️  Throttle ativo [BTC/USDT]:
2025-12-19 04:39:52 [INFO] scanner -    ├─ Último alerta há 78.5 minutos
2025-12-19 04:39:52 [INFO] scanner -    ├─ Tempo mínimo: 1800 minutos
2025-12-19 04:39:52 [INFO] scanner -    └─ Próximo permitido em: 1721.5 minutos
2025-12-19 04:39:54 [WARNING] root - Bloco de componentes falhou: cannot unpack non-iterable int object
2025-12-19 04:39:54 [INFO] scanner - ✅ Validações OK [ETH/USDT]: Score=7.3, R:R=2.00
2025-12-19 04:39:54 [INFO] scanner - ⏸️  Throttle ativo [ETH/USDT]:
2025-12-19 04:39:54 [INFO] scanner -    ├─ Último alerta há 627.2 minutos
2025-12-19 04:39:54 [INFO] scanner -    ├─ Tempo mínimo: 1800 minutos
2025-12-19 04:39:54 [INFO] scanner -    └─ Próximo permitido em: 1172.8 minutos
2025-12-19 04:39:55 [WARNING] root - Bloco de componentes falhou: cannot unpack non-iterable int object
2025-12-19 04:39:55 [INFO] scanner - ✅ Validações OK [ETH/USDT]: Score=7.3, R:R=2.00
2025-12-19 04:39:55 [INFO] scanner - ⏸️  Throttle ativo [ETH/USDT]:
2025-12-19 04:39:55 [INFO] scanner -    ├─ Último alerta há 627.2 minutos
2025-12-19 04:39:55 [INFO] scanner -    ├─ Tempo mínimo: 1800 minutos
2025-12-19 04:39:55 [INFO] scanner -    └─ Próximo permitido em: 1172.8 minutos
2025-12-19 04:49:13 [INFO] scanner - ============================================================
2025-12-19 04:49:13 [INFO] scanner - 🚀 SCANNER INICIADO
2025-12-19 04:49:13 [INFO] scanner - 📅 Data/Hora: 19/12/2025 04:49:13
2025-12-19 04:49:13 [INFO] scanner - 📂 Log: logs/scanner_2025-12-19.log
2025-12-19 04:49:13 [INFO] scanner - ============================================================
2025-12-19 04:49:13 [INFO] scanner - 📝 PAPER MODE ATIVO - Apenas registro e análise
2025-12-19 04:49:17 [WARNING] root - Bloco de componentes falhou: cannot unpack non-iterable int object
2025-12-19 04:49:17 [INFO] scanner - ✅ Validações OK [BTC/USDT]: Score=7.3, R:R=2.08
2025-12-19 04:49:17 [INFO] scanner - ⏸️  Throttle ativo [BTC/USDT]:
2025-12-19 04:49:17 [INFO] scanner -    ├─ Último alerta há 87.9 minutos
2025-12-19 04:49:17 [INFO] scanner -    ├─ Tempo mínimo: 1800 minutos
2025-12-19 04:49:17 [INFO] scanner -    └─ Próximo permitido em: 1712.1 minutos
2025-12-19 04:49:17 [WARNING] root - Bloco de componentes falhou: cannot unpack non-iterable int object
2025-12-19 04:49:17 [INFO] scanner - ✅ Validações OK [BTC/USDT]: Score=7.3, R:R=2.08
2025-12-19 04:49:17 [INFO] scanner - ⏸️  Throttle ativo [BTC/USDT]:
2025-12-19 04:49:17 [INFO] scanner -    ├─ Último alerta há 87.9 minutos
2025-12-19 04:49:17 [INFO] scanner -    ├─ Tempo mínimo: 1800 minutos
2025-12-19 04:49:17 [INFO] scanner -    └─ Próximo permitido em: 1712.1 minutos
2025-12-19 04:49:19 [WARNING] root - Bloco de componentes falhou: cannot unpack non-iterable int object
2025-12-19 04:49:19 [INFO] scanner - ✅ Validações OK [ETH/USDT]: Score=7.3, R:R=2.00
2025-12-19 04:49:19 [INFO] scanner - ⏸️  Throttle ativo [ETH/USDT]:
2025-12-19 04:49:19 [INFO] scanner -    ├─ Último alerta há 636.6 minutos
2025-12-19 04:49:19 [INFO] scanner -    ├─ Tempo mínimo: 1800 minutos
2025-12-19 04:49:19 [INFO] scanner -    └─ Próximo permitido em: 1163.4 minutos
2025-12-19 04:49:20 [WARNING] root - Bloco de componentes falhou: cannot unpack non-iterable int object
2025-12-19 04:49:20 [INFO] scanner - ✅ Validações OK [ETH/USDT]: Score=7.3, R:R=2.00
2025-12-19 04:49:20 [INFO] scanner - ⏸️  Throttle ativo [ETH/USDT]:
2025-12-19 04:49:20 [INFO] scanner -    ├─ Último alerta há 636.6 minutos
2025-12-19 04:49:20 [INFO] scanner -    ├─ Tempo mínimo: 1800 minutos
2025-12-19 04:49:20 [INFO] scanner -    └─ Próximo permitido em: 1163.4 minutos
2025-12-19 05:19:31 [INFO] scanner - ============================================================
2025-12-19 05:19:31 [INFO] scanner - 🚀 SCANNER INICIADO
2025-12-19 05:19:31 [INFO] scanner - 📅 Data/Hora: 19/12/2025 05:19:31
2025-12-19 05:19:31 [INFO] scanner - 📂 Log: logs/scanner_2025-12-19.log
2025-12-19 05:19:31 [INFO] scanner - ============================================================
2025-12-19 05:19:31 [INFO] scanner - 📝 PAPER MODE ATIVO - Apenas registro e análise
2025-12-19 05:19:35 [WARNING] root - Bloco de componentes falhou: cannot unpack non-iterable int object
2025-12-19 05:19:35 [INFO] scanner - ✅ Validações OK [BTC/USDT]: Score=7.3, R:R=2.08
2025-12-19 05:19:35 [INFO] scanner - ⏸️  Throttle ativo [BTC/USDT]:
2025-12-19 05:19:35 [INFO] scanner -    ├─ Último alerta há 118.2 minutos
2025-12-19 05:19:35 [INFO] scanner -    ├─ Tempo mínimo: 1800 minutos
2025-12-19 05:19:35 [INFO] scanner -    └─ Próximo permitido em: 1681.8 minutos
2025-12-19 05:19:37 [WARNING] root - Bloco de componentes falhou: cannot unpack non-iterable int object
2025-12-19 05:19:37 [INFO] scanner - ✅ Validações OK [ETH/USDT]: Score=7.3, R:R=2.00
2025-12-19 05:19:37 [INFO] scanner - ⏸️  Throttle ativo [ETH/USDT]:
2025-12-19 05:19:37 [INFO] scanner -    ├─ Último alerta há 666.9 minutos
2025-12-19 05:19:37 [INFO] scanner -    ├─ Tempo mínimo: 1800 minutos
2025-12-19 05:19:37 [INFO] scanner -    └─ Próximo permitido em: 1133.1 minutos
2025-12-19 05:50:15 [INFO] scanner - ============================================================
2025-12-19 05:50:15 [INFO] scanner - 🚀 SCANNER INICIADO
2025-12-19 05:50:15 [INFO] scanner - 📅 Data/Hora: 19/12/2025 05:50:15
2025-12-19 05:50:15 [INFO] scanner - 📂 Log: logs/scanner_2025-12-19.log
2025-12-19 05:50:15 [INFO] scanner - ============================================================
2025-12-19 05:50:15 [INFO] scanner - 📝 PAPER MODE ATIVO - Apenas registro e análise
2025-12-19 05:50:18 [WARNING] root - Bloco de componentes falhou: cannot unpack non-iterable int object
2025-12-19 05:50:18 [INFO] scanner - ✅ Validações OK [BTC/USDT]: Score=7.3, R:R=2.08
2025-12-19 05:50:18 [INFO] scanner - ⏸️  Throttle ativo [BTC/USDT]:
2025-12-19 05:50:18 [INFO] scanner -    ├─ Último alerta há 148.9 minutos
2025-12-19 05:50:18 [INFO] scanner -    ├─ Tempo mínimo: 1800 minutos
2025-12-19 05:50:18 [INFO] scanner -    └─ Próximo permitido em: 1651.1 minutos
2025-12-19 05:50:20 [WARNING] root - Bloco de componentes falhou: cannot unpack non-iterable int object
2025-12-19 05:50:20 [INFO] scanner - ✅ Validações OK [ETH/USDT]: Score=7.3, R:R=2.00
2025-12-19 05:50:20 [INFO] scanner - ⏸️  Throttle ativo [ETH/USDT]:
2025-12-19 05:50:20 [INFO] scanner -    ├─ Último alerta há 697.6 minutos
2025-12-19 05:50:20 [INFO] scanner -    ├─ Tempo mínimo: 1800 minutos
2025-12-19 05:50:20 [INFO] scanner -    └─ Próximo permitido em: 1102.4 minutos
