2026-05-12 05:28:04 [INFO] scanner - ============================================================
2026-05-12 05:28:04 [INFO] scanner - 🚀 SCANNER INICIADO
2026-05-12 05:28:04 [INFO] scanner - 📅 Data/Hora: 12/05/2026 05:28:04
2026-05-12 05:28:04 [INFO] scanner - 📂 Log: logs/scanner_2026-05-12.log
2026-05-12 05:28:04 [INFO] scanner - ============================================================
2026-05-12 05:28:04 [INFO] scanner - 📝 PAPER MODE ATIVO - Apenas registro e análise
2026-05-12 05:28:09 [WARNING] root - Bloco de componentes falhou: cannot unpack non-iterable int object
2026-05-12 05:28:09 [INFO] scanner - ✅ Validações OK [ETH/USDT]: Score=7.3, R:R=2.00
2026-05-12 05:28:09 [INFO] scanner - ⏸️  Throttle ativo [ETH/USDT]:
2026-05-12 05:28:09 [INFO] scanner -    ├─ Último alerta há 621.6 minutos
2026-05-12 05:28:09 [INFO] scanner -    ├─ Tempo mínimo: 1800 minutos
2026-05-12 05:28:09 [INFO] scanner -    └─ Próximo permitido em: 1178.4 minutos
2026-05-12 07:56:54 [INFO] scanner - ============================================================
2026-05-12 07:56:54 [INFO] scanner - 🚀 SCANNER INICIADO
2026-05-12 07:56:54 [INFO] scanner - 📅 Data/Hora: 12/05/2026 07:56:54
2026-05-12 07:56:54 [INFO] scanner - 📂 Log: logs/scanner_2026-05-12.log
2026-05-12 07:56:54 [INFO] scanner - ============================================================
2026-05-12 07:56:54 [INFO] scanner - 📝 PAPER MODE ATIVO - Apenas registro e análise
2026-05-12 10:02:28 [INFO] scanner - ============================================================
2026-05-12 10:02:28 [INFO] scanner - 🚀 SCANNER INICIADO
2026-05-12 10:02:28 [INFO] scanner - 📅 Data/Hora: 12/05/2026 10:02:28
2026-05-12 10:02:28 [INFO] scanner - 📂 Log: logs/scanner_2026-05-12.log
2026-05-12 10:02:28 [INFO] scanner - ============================================================
2026-05-12 10:02:28 [INFO] scanner - 📝 PAPER MODE ATIVO - Apenas registro e análise
2026-05-12 10:02:35 [WARNING] root - Bloco de componentes falhou: cannot unpack non-iterable int object
2026-05-12 10:02:35 [INFO] scanner - ✅ Validações OK [ETH/USDT]: Score=8.3, R:R=2.00
2026-05-12 10:02:35 [INFO] scanner - ⏸️  Throttle ativo [ETH/USDT]:
2026-05-12 10:02:35 [INFO] scanner -    ├─ Último alerta há 896.1 minutos
2026-05-12 10:02:35 [INFO] scanner -    ├─ Tempo mínimo: 1800 minutos
2026-05-12 10:02:35 [INFO] scanner -    └─ Próximo permitido em: 903.9 minutos
2026-05-12 12:44:37 [INFO] scanner - ============================================================
2026-05-12 12:44:37 [INFO] scanner - 🚀 SCANNER INICIADO
2026-05-12 12:44:37 [INFO] scanner - 📅 Data/Hora: 12/05/2026 12:44:37
2026-05-12 12:44:37 [INFO] scanner - 📂 Log: logs/scanner_2026-05-12.log
2026-05-12 12:44:37 [INFO] scanner - ============================================================
2026-05-12 12:44:37 [INFO] scanner - 📝 PAPER MODE ATIVO - Apenas registro e análise
2026-05-12 12:44:40 [WARNING] root - Bloco de componentes falhou: cannot unpack non-iterable int object
2026-05-12 12:44:40 [INFO] scanner - ✅ Validações OK [BTC/USDT]: Score=7.3, R:R=2.08
2026-05-12 12:44:40 [INFO] scanner - ✅ Throttle OK [BTC/USDT]: Pode enviar
2026-05-12 12:44:41 [WARNING] root - Bloco de componentes falhou: cannot unpack non-iterable int object
2026-05-12 12:44:41 [INFO] scanner - ✅ Validações OK [BTC/USDT]: Score=7.3, R:R=2.08
2026-05-12 12:44:41 [INFO] scanner - ⏸️  Throttle ativo [BTC/USDT]:
2026-05-12 12:44:41 [INFO] scanner -    ├─ Último alerta há 0.0 minutos
2026-05-12 12:44:41 [INFO] scanner -    ├─ Tempo mínimo: 1800 minutos
2026-05-12 12:44:41 [INFO] scanner -    └─ Próximo permitido em: 1800.0 minutos
2026-05-12 12:44:44 [WARNING] root - Bloco de componentes falhou: cannot unpack non-iterable int object
2026-05-12 12:44:44 [INFO] scanner - ✅ Validações OK [ETH/USDT]: Score=8.3, R:R=2.00
2026-05-12 12:44:44 [INFO] scanner - ⏸️  Throttle ativo [ETH/USDT]:
2026-05-12 12:44:44 [INFO] scanner -    ├─ Último alerta há 1058.2 minutos
2026-05-12 12:44:44 [INFO] scanner -    ├─ Tempo mínimo: 1800 minutos
2026-05-12 12:44:44 [INFO] scanner -    └─ Próximo permitido em: 741.8 minutos
2026-05-12 12:44:44 [WARNING] root - Bloco de componentes falhou: cannot unpack non-iterable int object
2026-05-12 12:44:44 [INFO] scanner - ✅ Validações OK [ETH/USDT]: Score=7.3, R:R=2.00
2026-05-12 12:44:44 [INFO] scanner - ⏸️  Throttle ativo [ETH/USDT]:
2026-05-12 12:44:44 [INFO] scanner -    ├─ Último alerta há 1058.2 minutos
2026-05-12 12:44:44 [INFO] scanner -    ├─ Tempo mínimo: 1800 minutos
2026-05-12 12:44:44 [INFO] scanner -    └─ Próximo permitido em: 741.8 minutos
2026-05-12 14:49:25 [INFO] scanner - ============================================================
2026-05-12 14:49:25 [INFO] scanner - 🚀 SCANNER INICIADO
2026-05-12 14:49:25 [INFO] scanner - 📅 Data/Hora: 12/05/2026 14:49:25
2026-05-12 14:49:25 [INFO] scanner - 📂 Log: logs/scanner_2026-05-12.log
2026-05-12 14:49:25 [INFO] scanner - ============================================================
2026-05-12 14:49:25 [INFO] scanner - 📝 PAPER MODE ATIVO - Apenas registro e análise
2026-05-12 14:49:28 [WARNING] root - Bloco de componentes falhou: cannot unpack non-iterable int object
2026-05-12 14:49:28 [INFO] scanner - ✅ Validações OK [BTC/USDT]: Score=7.3, R:R=2.08
2026-05-12 14:49:28 [INFO] scanner - ⏸️  Throttle ativo [BTC/USDT]:
2026-05-12 14:49:28 [INFO] scanner -    ├─ Último alerta há 124.8 minutos
2026-05-12 14:49:28 [INFO] scanner -    ├─ Tempo mínimo: 1800 minutos
2026-05-12 14:49:28 [INFO] scanner -    └─ Próximo permitido em: 1675.2 minutos
2026-05-12 14:49:28 [WARNING] root - Bloco de componentes falhou: cannot unpack non-iterable int object
2026-05-12 14:49:28 [INFO] scanner - ✅ Validações OK [BTC/USDT]: Score=7.3, R:R=2.08
2026-05-12 14:49:28 [INFO] scanner - ⏸️  Throttle ativo [BTC/USDT]:
2026-05-12 14:49:28 [INFO] scanner -    ├─ Último alerta há 124.8 minutos
2026-05-12 14:49:28 [INFO] scanner -    ├─ Tempo mínimo: 1800 minutos
2026-05-12 14:49:28 [INFO] scanner -    └─ Próximo permitido em: 1675.2 minutos
2026-05-12 14:49:30 [WARNING] root - Bloco de componentes falhou: cannot unpack non-iterable int object
2026-05-12 14:49:30 [INFO] scanner - ✅ Validações OK [ETH/USDT]: Score=7.3, R:R=2.00
2026-05-12 14:49:30 [INFO] scanner - ⏸️  Throttle ativo [ETH/USDT]:
2026-05-12 14:49:30 [INFO] scanner -    ├─ Último alerta há 1183.0 minutos
2026-05-12 14:49:30 [INFO] scanner -    ├─ Tempo mínimo: 1800 minutos
2026-05-12 14:49:30 [INFO] scanner -    └─ Próximo permitido em: 617.0 minutos
2026-05-12 14:49:31 [WARNING] root - Bloco de componentes falhou: cannot unpack non-iterable int object
2026-05-12 14:49:31 [INFO] scanner - ✅ Validações OK [ETH/USDT]: Score=7.3, R:R=2.00
2026-05-12 14:49:31 [INFO] scanner - ⏸️  Throttle ativo [ETH/USDT]:
2026-05-12 14:49:31 [INFO] scanner -    ├─ Último alerta há 1183.0 minutos
2026-05-12 14:49:31 [INFO] scanner -    ├─ Tempo mínimo: 1800 minutos
2026-05-12 14:49:31 [INFO] scanner -    └─ Próximo permitido em: 617.0 minutos
2026-05-12 16:29:05 [INFO] scanner - ============================================================
2026-05-12 16:29:05 [INFO] scanner - 🚀 SCANNER INICIADO
2026-05-12 16:29:05 [INFO] scanner - 📅 Data/Hora: 12/05/2026 16:29:05
2026-05-12 16:29:05 [INFO] scanner - 📂 Log: logs/scanner_2026-05-12.log
2026-05-12 16:29:05 [INFO] scanner - ============================================================
2026-05-12 16:29:05 [INFO] scanner - 📝 PAPER MODE ATIVO - Apenas registro e análise
2026-05-12 16:29:08 [WARNING] root - Bloco de componentes falhou: cannot unpack non-iterable int object
2026-05-12 16:29:08 [INFO] scanner - ✅ Validações OK [BTC/USDT]: Score=7.3, R:R=2.08
2026-05-12 16:29:08 [INFO] scanner - ⏸️  Throttle ativo [BTC/USDT]:
2026-05-12 16:29:08 [INFO] scanner -    ├─ Último alerta há 224.5 minutos
2026-05-12 16:29:08 [INFO] scanner -    ├─ Tempo mínimo: 1800 minutos
2026-05-12 16:29:08 [INFO] scanner -    └─ Próximo permitido em: 1575.5 minutos
2026-05-12 16:29:09 [WARNING] root - Bloco de componentes falhou: cannot unpack non-iterable int object
2026-05-12 16:29:09 [INFO] scanner - ✅ Validações OK [BTC/USDT]: Score=7.3, R:R=2.08
2026-05-12 16:29:09 [INFO] scanner - ⏸️  Throttle ativo [BTC/USDT]:
2026-05-12 16:29:09 [INFO] scanner -    ├─ Último alerta há 224.5 minutos
2026-05-12 16:29:09 [INFO] scanner -    ├─ Tempo mínimo: 1800 minutos
2026-05-12 16:29:09 [INFO] scanner -    └─ Próximo permitido em: 1575.5 minutos
2026-05-12 16:29:11 [WARNING] root - Bloco de componentes falhou: cannot unpack non-iterable int object
2026-05-12 16:29:11 [INFO] scanner - ✅ Validações OK [ETH/USDT]: Score=7.8, R:R=2.00
2026-05-12 16:29:11 [INFO] scanner - ⏸️  Throttle ativo [ETH/USDT]:
2026-05-12 16:29:11 [INFO] scanner -    ├─ Último alerta há 1282.7 minutos
2026-05-12 16:29:11 [INFO] scanner -    ├─ Tempo mínimo: 1800 minutos
2026-05-12 16:29:11 [INFO] scanner -    └─ Próximo permitido em: 517.3 minutos
2026-05-12 16:29:11 [WARNING] root - Bloco de componentes falhou: cannot unpack non-iterable int object
2026-05-12 16:29:11 [INFO] scanner - ✅ Validações OK [ETH/USDT]: Score=7.8, R:R=2.00
2026-05-12 16:29:11 [INFO] scanner - ⏸️  Throttle ativo [ETH/USDT]:
2026-05-12 16:29:11 [INFO] scanner -    ├─ Último alerta há 1282.7 minutos
2026-05-12 16:29:11 [INFO] scanner -    ├─ Tempo mínimo: 1800 minutos
2026-05-12 16:29:11 [INFO] scanner -    └─ Próximo permitido em: 517.3 minutos
2026-05-12 18:00:24 [INFO] scanner - ============================================================
2026-05-12 18:00:24 [INFO] scanner - 🚀 SCANNER INICIADO
2026-05-12 18:00:24 [INFO] scanner - 📅 Data/Hora: 12/05/2026 18:00:24
2026-05-12 18:00:24 [INFO] scanner - 📂 Log: logs/scanner_2026-05-12.log
2026-05-12 18:00:24 [INFO] scanner - ============================================================
2026-05-12 18:00:24 [INFO] scanner - 📝 PAPER MODE ATIVO - Apenas registro e análise
2026-05-12 19:15:58 [INFO] scanner - ============================================================
2026-05-12 19:15:58 [INFO] scanner - 🚀 SCANNER INICIADO
2026-05-12 19:15:58 [INFO] scanner - 📅 Data/Hora: 12/05/2026 19:15:58
2026-05-12 19:15:58 [INFO] scanner - 📂 Log: logs/scanner_2026-05-12.log
2026-05-12 19:15:58 [INFO] scanner - ============================================================
2026-05-12 19:15:58 [INFO] scanner - 📝 PAPER MODE ATIVO - Apenas registro e análise
