2025-12-03 03:21:28 [INFO] scanner - ============================================================
2025-12-03 03:21:28 [INFO] scanner - 🚀 SCANNER INICIADO
2025-12-03 03:21:28 [INFO] scanner - 📅 Data/Hora: 03/12/2025 03:21:28
2025-12-03 03:21:28 [INFO] scanner - 📂 Log: logs/scanner_2025-12-03.log
2025-12-03 03:21:28 [INFO] scanner - ============================================================
2025-12-03 03:21:28 [INFO] scanner - 📝 PAPER MODE ATIVO - Apenas registro e análise
2025-12-03 03:21:31 [WARNING] root - Bloco de componentes falhou: cannot unpack non-iterable int object
2025-12-03 03:21:31 [INFO] scanner - ✅ Validações OK [BTC/USDT]: Score=7.3, R:R=2.08
2025-12-03 03:21:31 [INFO] scanner - ⏸️  Throttle ativo [BTC/USDT]:
2025-12-03 03:21:31 [INFO] scanner -    ├─ Último alerta há 1439.6 minutos
2025-12-03 03:21:31 [INFO] scanner -    ├─ Tempo mínimo: 1800 minutos
2025-12-03 03:21:31 [INFO] scanner -    └─ Próximo permitido em: 360.4 minutos
2025-12-03 03:21:31 [WARNING] root - Bloco de componentes falhou: cannot unpack non-iterable int object
2025-12-03 03:21:31 [INFO] scanner - ✅ Validações OK [BTC/USDT]: Score=7.3, R:R=2.08
2025-12-03 03:21:31 [INFO] scanner - ⏸️  Throttle ativo [BTC/USDT]:
2025-12-03 03:21:31 [INFO] scanner -    ├─ Último alerta há 1439.6 minutos
2025-12-03 03:21:31 [INFO] scanner -    ├─ Tempo mínimo: 1800 minutos
2025-12-03 03:21:31 [INFO] scanner -    └─ Próximo permitido em: 360.4 minutos
2025-12-03 03:21:33 [WARNING] root - Bloco de componentes falhou: cannot unpack non-iterable int object
2025-12-03 03:21:33 [INFO] scanner - ✅ Validações OK [ETH/USDT]: Score=7.8, R:R=2.00
2025-12-03 03:21:33 [INFO] scanner - ⏸️  Throttle ativo [ETH/USDT]:
2025-12-03 03:21:33 [INFO] scanner -    ├─ Último alerta há 1072.8 minutos
2025-12-03 03:21:33 [INFO] scanner -    ├─ Tempo mínimo: 1800 minutos
2025-12-03 03:21:33 [INFO] scanner -    └─ Próximo permitido em: 727.2 minutos
2025-12-03 03:21:34 [WARNING] root - Bloco de componentes falhou: cannot unpack non-iterable int object
2025-12-03 03:21:34 [INFO] scanner - ✅ Validações OK [ETH/USDT]: Score=7.3, R:R=2.00
2025-12-03 03:21:34 [INFO] scanner - ⏸️  Throttle ativo [ETH/USDT]:
2025-12-03 03:21:34 [INFO] scanner -    ├─ Último alerta há 1072.8 minutos
2025-12-03 03:21:34 [INFO] scanner -    ├─ Tempo mínimo: 1800 minutos
2025-12-03 03:21:34 [INFO] scanner -    └─ Próximo permitido em: 727.2 minutos
2025-12-03 03:21:34 [WARNING] root - Bloco de componentes falhou: cannot unpack non-iterable int object
2025-12-03 03:21:34 [INFO] scanner - ✅ Validações OK [ETH/USDT]: Score=7.3, R:R=2.00
2025-12-03 03:21:34 [INFO] scanner - ⏸️  Throttle ativo [ETH/USDT]:
2025-12-03 03:21:34 [INFO] scanner -    ├─ Último alerta há 1072.8 minutos
2025-12-03 03:21:34 [INFO] scanner -    ├─ Tempo mínimo: 1800 minutos
2025-12-03 03:21:34 [INFO] scanner -    └─ Próximo permitido em: 727.2 minutos
2025-12-03 03:52:17 [INFO] scanner - ============================================================
2025-12-03 03:52:17 [INFO] scanner - 🚀 SCANNER INICIADO
2025-12-03 03:52:17 [INFO] scanner - 📅 Data/Hora: 03/12/2025 03:52:17
2025-12-03 03:52:17 [INFO] scanner - 📂 Log: logs/scanner_2025-12-03.log
2025-12-03 03:52:17 [INFO] scanner - ============================================================
2025-12-03 03:52:17 [INFO] scanner - 📝 PAPER MODE ATIVO - Apenas registro e análise
2025-12-03 03:52:20 [WARNING] root - Bloco de componentes falhou: cannot unpack non-iterable int object
2025-12-03 03:52:20 [INFO] scanner - ✅ Validações OK [BTC/USDT]: Score=7.3, R:R=2.08
2025-12-03 03:52:20 [INFO] scanner - ⏸️  Throttle ativo [BTC/USDT]:
2025-12-03 03:52:20 [INFO] scanner -    ├─ Último alerta há 1470.4 minutos
2025-12-03 03:52:20 [INFO] scanner -    ├─ Tempo mínimo: 1800 minutos
2025-12-03 03:52:20 [INFO] scanner -    └─ Próximo permitido em: 329.6 minutos
2025-12-03 03:52:21 [WARNING] root - Bloco de componentes falhou: cannot unpack non-iterable int object
2025-12-03 03:52:21 [INFO] scanner - ✅ Validações OK [BTC/USDT]: Score=7.3, R:R=2.08
2025-12-03 03:52:21 [INFO] scanner - ⏸️  Throttle ativo [BTC/USDT]:
2025-12-03 03:52:21 [INFO] scanner -    ├─ Último alerta há 1470.5 minutos
2025-12-03 03:52:21 [INFO] scanner -    ├─ Tempo mínimo: 1800 minutos
2025-12-03 03:52:21 [INFO] scanner -    └─ Próximo permitido em: 329.5 minutos
2025-12-03 03:52:23 [WARNING] root - Bloco de componentes falhou: cannot unpack non-iterable int object
2025-12-03 03:52:23 [INFO] scanner - ✅ Validações OK [ETH/USDT]: Score=8.3, R:R=2.00
2025-12-03 03:52:23 [INFO] scanner - ⏸️  Throttle ativo [ETH/USDT]:
2025-12-03 03:52:23 [INFO] scanner -    ├─ Último alerta há 1103.6 minutos
2025-12-03 03:52:23 [INFO] scanner -    ├─ Tempo mínimo: 1800 minutos
2025-12-03 03:52:23 [INFO] scanner -    └─ Próximo permitido em: 696.4 minutos
2025-12-03 03:52:23 [WARNING] root - Bloco de componentes falhou: cannot unpack non-iterable int object
2025-12-03 03:52:23 [INFO] scanner - ✅ Validações OK [ETH/USDT]: Score=7.8, R:R=2.00
2025-12-03 03:52:23 [INFO] scanner - ⏸️  Throttle ativo [ETH/USDT]:
2025-12-03 03:52:23 [INFO] scanner -    ├─ Último alerta há 1103.6 minutos
2025-12-03 03:52:23 [INFO] scanner -    ├─ Tempo mínimo: 1800 minutos
2025-12-03 03:52:23 [INFO] scanner -    └─ Próximo permitido em: 696.4 minutos
2025-12-03 03:52:23 [WARNING] root - Bloco de componentes falhou: cannot unpack non-iterable int object
2025-12-03 03:52:23 [INFO] scanner - ✅ Validações OK [ETH/USDT]: Score=7.8, R:R=2.00
2025-12-03 03:52:23 [INFO] scanner - ⏸️  Throttle ativo [ETH/USDT]:
2025-12-03 03:52:23 [INFO] scanner -    ├─ Último alerta há 1103.6 minutos
2025-12-03 03:52:23 [INFO] scanner -    ├─ Tempo mínimo: 1800 minutos
2025-12-03 03:52:23 [INFO] scanner -    └─ Próximo permitido em: 696.4 minutos
2025-12-03 04:16:03 [INFO] scanner - ============================================================
2025-12-03 04:16:03 [INFO] scanner - 🚀 SCANNER INICIADO
2025-12-03 04:16:03 [INFO] scanner - 📅 Data/Hora: 03/12/2025 04:16:03
2025-12-03 04:16:03 [INFO] scanner - 📂 Log: logs/scanner_2025-12-03.log
2025-12-03 04:16:03 [INFO] scanner - ============================================================
2025-12-03 04:16:03 [INFO] scanner - 📝 PAPER MODE ATIVO - Apenas registro e análise
2025-12-03 04:16:06 [WARNING] root - Bloco de componentes falhou: cannot unpack non-iterable int object
2025-12-03 04:16:06 [INFO] scanner - ✅ Validações OK [BTC/USDT]: Score=7.3, R:R=2.08
2025-12-03 04:16:06 [INFO] scanner - ⏸️  Throttle ativo [BTC/USDT]:
2025-12-03 04:16:06 [INFO] scanner -    ├─ Último alerta há 1494.2 minutos
2025-12-03 04:16:06 [INFO] scanner -    ├─ Tempo mínimo: 1800 minutos
2025-12-03 04:16:06 [INFO] scanner -    └─ Próximo permitido em: 305.8 minutos
2025-12-03 04:16:07 [WARNING] root - Bloco de componentes falhou: cannot unpack non-iterable int object
2025-12-03 04:16:07 [INFO] scanner - ✅ Validações OK [BTC/USDT]: Score=7.3, R:R=2.08
2025-12-03 04:16:07 [INFO] scanner - ⏸️  Throttle ativo [BTC/USDT]:
2025-12-03 04:16:07 [INFO] scanner -    ├─ Último alerta há 1494.2 minutos
2025-12-03 04:16:07 [INFO] scanner -    ├─ Tempo mínimo: 1800 minutos
2025-12-03 04:16:07 [INFO] scanner -    └─ Próximo permitido em: 305.8 minutos
2025-12-03 04:16:09 [WARNING] root - Bloco de componentes falhou: cannot unpack non-iterable int object
2025-12-03 04:16:09 [INFO] scanner - ✅ Validações OK [ETH/USDT]: Score=7.3, R:R=2.00
2025-12-03 04:16:09 [INFO] scanner - ⏸️  Throttle ativo [ETH/USDT]:
2025-12-03 04:16:09 [INFO] scanner -    ├─ Último alerta há 1127.4 minutos
2025-12-03 04:16:09 [INFO] scanner -    ├─ Tempo mínimo: 1800 minutos
2025-12-03 04:16:09 [INFO] scanner -    └─ Próximo permitido em: 672.6 minutos
2025-12-03 04:16:09 [WARNING] root - Bloco de componentes falhou: cannot unpack non-iterable int object
2025-12-03 04:16:09 [INFO] scanner - ✅ Validações OK [ETH/USDT]: Score=7.3, R:R=2.00
2025-12-03 04:16:09 [INFO] scanner - ⏸️  Throttle ativo [ETH/USDT]:
2025-12-03 04:16:09 [INFO] scanner -    ├─ Último alerta há 1127.4 minutos
2025-12-03 04:16:09 [INFO] scanner -    ├─ Tempo mínimo: 1800 minutos
2025-12-03 04:16:09 [INFO] scanner -    └─ Próximo permitido em: 672.6 minutos
