2026-05-15 05:39:53 [INFO] scanner - ============================================================
2026-05-15 05:39:53 [INFO] scanner - 🚀 SCANNER INICIADO
2026-05-15 05:39:53 [INFO] scanner - 📅 Data/Hora: 15/05/2026 05:39:53
2026-05-15 05:39:53 [INFO] scanner - 📂 Log: logs/scanner_2026-05-15.log
2026-05-15 05:39:53 [INFO] scanner - ============================================================
2026-05-15 05:39:53 [INFO] scanner - 📝 PAPER MODE ATIVO - Apenas registro e análise
2026-05-15 05:39:57 [WARNING] root - Bloco de componentes falhou: cannot unpack non-iterable int object
2026-05-15 05:39:57 [INFO] scanner - ✅ Validações OK [BTC/USDT]: Score=7.3, R:R=2.08
2026-05-15 05:39:57 [INFO] scanner - ✅ Throttle OK [BTC/USDT]: Pode enviar
2026-05-15 05:39:57 [INFO] scanner - 📝 Sinal no ledger: 20260515_053957_513292 - BTC/USDT
2026-05-15 05:39:57 [INFO] scanner - 📨 Alerta enviado | ID Ledger: 20260515_053957_513292
2026-05-15 08:04:09 [INFO] scanner - ============================================================
2026-05-15 08:04:09 [INFO] scanner - 🚀 SCANNER INICIADO
2026-05-15 08:04:09 [INFO] scanner - 📅 Data/Hora: 15/05/2026 08:04:09
2026-05-15 08:04:09 [INFO] scanner - 📂 Log: logs/scanner_2026-05-15.log
2026-05-15 08:04:09 [INFO] scanner - ============================================================
2026-05-15 08:04:09 [INFO] scanner - 📝 PAPER MODE ATIVO - Apenas registro e análise
2026-05-15 10:03:36 [INFO] scanner - ============================================================
2026-05-15 10:03:36 [INFO] scanner - 🚀 SCANNER INICIADO
2026-05-15 10:03:36 [INFO] scanner - 📅 Data/Hora: 15/05/2026 10:03:36
2026-05-15 10:03:36 [INFO] scanner - 📂 Log: logs/scanner_2026-05-15.log
2026-05-15 10:03:36 [INFO] scanner - ============================================================
2026-05-15 10:03:36 [INFO] scanner - 📝 PAPER MODE ATIVO - Apenas registro e análise
