2026-01-14 03:23:40 [INFO] scanner - ============================================================
2026-01-14 03:23:40 [INFO] scanner - 🚀 SCANNER INICIADO
2026-01-14 03:23:40 [INFO] scanner - 📅 Data/Hora: 14/01/2026 03:23:40
2026-01-14 03:23:40 [INFO] scanner - 📂 Log: logs/scanner_2026-01-14.log
2026-01-14 03:23:40 [INFO] scanner - ============================================================
2026-01-14 03:23:40 [INFO] scanner - 📝 PAPER MODE ATIVO - Apenas registro e análise
2026-01-14 03:23:43 [WARNING] root - Bloco de componentes falhou: cannot unpack non-iterable int object
2026-01-14 03:23:43 [INFO] scanner - ✅ Validações OK [BTC/USDT]: Score=7.8, R:R=2.08
2026-01-14 03:23:43 [INFO] scanner - ⏸️  Throttle ativo [BTC/USDT]:
2026-01-14 03:23:43 [INFO] scanner -    ├─ Último alerta há 1073.7 minutos
2026-01-14 03:23:43 [INFO] scanner -    ├─ Tempo mínimo: 1800 minutos
2026-01-14 03:23:43 [INFO] scanner -    └─ Próximo permitido em: 726.3 minutos
2026-01-14 03:23:43 [WARNING] root - Bloco de componentes falhou: cannot unpack non-iterable int object
2026-01-14 03:23:43 [INFO] scanner - ✅ Validações OK [BTC/USDT]: Score=7.8, R:R=2.08
2026-01-14 03:23:43 [INFO] scanner - ⏸️  Throttle ativo [BTC/USDT]:
2026-01-14 03:23:43 [INFO] scanner -    ├─ Último alerta há 1073.7 minutos
2026-01-14 03:23:43 [INFO] scanner -    ├─ Tempo mínimo: 1800 minutos
2026-01-14 03:23:43 [INFO] scanner -    └─ Próximo permitido em: 726.3 minutos
2026-01-14 03:23:45 [WARNING] root - Bloco de componentes falhou: cannot unpack non-iterable int object
2026-01-14 03:23:45 [INFO] scanner - ✅ Validações OK [ETH/USDT]: Score=8.3, R:R=2.00
2026-01-14 03:23:45 [INFO] scanner - ⏸️  Throttle ativo [ETH/USDT]:
2026-01-14 03:23:45 [INFO] scanner -    ├─ Último alerta há 1441.2 minutos
2026-01-14 03:23:45 [INFO] scanner -    ├─ Tempo mínimo: 1800 minutos
2026-01-14 03:23:45 [INFO] scanner -    └─ Próximo permitido em: 358.8 minutos
2026-01-14 03:23:46 [WARNING] root - Bloco de componentes falhou: cannot unpack non-iterable int object
2026-01-14 03:23:46 [INFO] scanner - ✅ Validações OK [ETH/USDT]: Score=7.8, R:R=2.00
2026-01-14 03:23:46 [INFO] scanner - ⏸️  Throttle ativo [ETH/USDT]:
2026-01-14 03:23:46 [INFO] scanner -    ├─ Último alerta há 1441.2 minutos
2026-01-14 03:23:46 [INFO] scanner -    ├─ Tempo mínimo: 1800 minutos
2026-01-14 03:23:46 [INFO] scanner -    └─ Próximo permitido em: 358.8 minutos
2026-01-14 03:23:46 [WARNING] root - Bloco de componentes falhou: cannot unpack non-iterable int object
2026-01-14 03:23:46 [INFO] scanner - ✅ Validações OK [ETH/USDT]: Score=7.8, R:R=2.00
2026-01-14 03:23:46 [INFO] scanner - ⏸️  Throttle ativo [ETH/USDT]:
2026-01-14 03:23:46 [INFO] scanner -    ├─ Último alerta há 1441.2 minutos
2026-01-14 03:23:46 [INFO] scanner -    ├─ Tempo mínimo: 1800 minutos
2026-01-14 03:23:46 [INFO] scanner -    └─ Próximo permitido em: 358.8 minutos
