2025-12-18 03:21:42 [INFO] scanner - ============================================================
2025-12-18 03:21:42 [INFO] scanner - 🚀 SCANNER INICIADO
2025-12-18 03:21:42 [INFO] scanner - 📅 Data/Hora: 18/12/2025 03:21:42
2025-12-18 03:21:42 [INFO] scanner - 📂 Log: logs/scanner_2025-12-18.log
2025-12-18 03:21:42 [INFO] scanner - ============================================================
2025-12-18 03:21:42 [INFO] scanner - 📝 PAPER MODE ATIVO - Apenas registro e análise
2025-12-18 03:53:35 [INFO] scanner - ============================================================
2025-12-18 03:53:35 [INFO] scanner - 🚀 SCANNER INICIADO
2025-12-18 03:53:35 [INFO] scanner - 📅 Data/Hora: 18/12/2025 03:53:35
2025-12-18 03:53:35 [INFO] scanner - 📂 Log: logs/scanner_2025-12-18.log
2025-12-18 03:53:35 [INFO] scanner - ============================================================
2025-12-18 03:53:35 [INFO] scanner - 📝 PAPER MODE ATIVO - Apenas registro e análise
2025-12-18 04:16:51 [INFO] scanner - ============================================================
2025-12-18 04:16:51 [INFO] scanner - 🚀 SCANNER INICIADO
2025-12-18 04:16:51 [INFO] scanner - 📅 Data/Hora: 18/12/2025 04:16:51
2025-12-18 04:16:51 [INFO] scanner - 📂 Log: logs/scanner_2025-12-18.log
2025-12-18 04:16:51 [INFO] scanner - ============================================================
2025-12-18 04:16:51 [INFO] scanner - 📝 PAPER MODE ATIVO - Apenas registro e análise
2025-12-18 04:40:22 [INFO] scanner - ============================================================
2025-12-18 04:40:22 [INFO] scanner - 🚀 SCANNER INICIADO
2025-12-18 04:40:22 [INFO] scanner - 📅 Data/Hora: 18/12/2025 04:40:22
2025-12-18 04:40:22 [INFO] scanner - 📂 Log: logs/scanner_2025-12-18.log
2025-12-18 04:40:22 [INFO] scanner - ============================================================
2025-12-18 04:40:22 [INFO] scanner - 📝 PAPER MODE ATIVO - Apenas registro e análise
2025-12-18 04:50:04 [INFO] scanner - ============================================================
2025-12-18 04:50:04 [INFO] scanner - 🚀 SCANNER INICIADO
2025-12-18 04:50:04 [INFO] scanner - 📅 Data/Hora: 18/12/2025 04:50:04
2025-12-18 04:50:04 [INFO] scanner - 📂 Log: logs/scanner_2025-12-18.log
2025-12-18 04:50:04 [INFO] scanner - ============================================================
2025-12-18 04:50:04 [INFO] scanner - 📝 PAPER MODE ATIVO - Apenas registro e análise
2025-12-18 05:19:40 [INFO] scanner - ============================================================
2025-12-18 05:19:40 [INFO] scanner - 🚀 SCANNER INICIADO
2025-12-18 05:19:40 [INFO] scanner - 📅 Data/Hora: 18/12/2025 05:19:40
2025-12-18 05:19:40 [INFO] scanner - 📂 Log: logs/scanner_2025-12-18.log
2025-12-18 05:19:40 [INFO] scanner - ============================================================
2025-12-18 05:19:40 [INFO] scanner - 📝 PAPER MODE ATIVO - Apenas registro e análise
2025-12-18 05:50:44 [INFO] scanner - ============================================================
2025-12-18 05:50:44 [INFO] scanner - 🚀 SCANNER INICIADO
2025-12-18 05:50:44 [INFO] scanner - 📅 Data/Hora: 18/12/2025 05:50:44
2025-12-18 05:50:44 [INFO] scanner - 📂 Log: logs/scanner_2025-12-18.log
2025-12-18 05:50:44 [INFO] scanner - ============================================================
2025-12-18 05:50:44 [INFO] scanner - 📝 PAPER MODE ATIVO - Apenas registro e análise
2025-12-18 06:19:36 [INFO] scanner - ============================================================
2025-12-18 06:19:36 [INFO] scanner - 🚀 SCANNER INICIADO
2025-12-18 06:19:36 [INFO] scanner - 📅 Data/Hora: 18/12/2025 06:19:36
2025-12-18 06:19:36 [INFO] scanner - 📂 Log: logs/scanner_2025-12-18.log
2025-12-18 06:19:36 [INFO] scanner - ============================================================
2025-12-18 06:19:36 [INFO] scanner - 📝 PAPER MODE ATIVO - Apenas registro e análise
2025-12-18 06:19:40 [WARNING] root - Bloco de componentes falhou: cannot unpack non-iterable int object
2025-12-18 06:19:40 [INFO] scanner - ✅ Validações OK [BTC/USDT]: Score=7.3, R:R=2.08
2025-12-18 06:19:40 [INFO] scanner - ⏸️  Throttle ativo [BTC/USDT]:
2025-12-18 06:19:40 [INFO] scanner -    ├─ Último alerta há 1144.5 minutos
2025-12-18 06:19:40 [INFO] scanner -    ├─ Tempo mínimo: 1800 minutos
2025-12-18 06:19:40 [INFO] scanner -    └─ Próximo permitido em: 655.5 minutos
2025-12-18 06:19:40 [WARNING] root - Bloco de componentes falhou: cannot unpack non-iterable int object
2025-12-18 06:19:40 [INFO] scanner - ✅ Validações OK [BTC/USDT]: Score=7.3, R:R=2.08
2025-12-18 06:19:40 [INFO] scanner - ⏸️  Throttle ativo [BTC/USDT]:
2025-12-18 06:19:40 [INFO] scanner -    ├─ Último alerta há 1144.5 minutos
2025-12-18 06:19:40 [INFO] scanner -    ├─ Tempo mínimo: 1800 minutos
2025-12-18 06:19:40 [INFO] scanner -    └─ Próximo permitido em: 655.5 minutos
2025-12-18 06:46:31 [INFO] scanner - ============================================================
2025-12-18 06:46:31 [INFO] scanner - 🚀 SCANNER INICIADO
2025-12-18 06:46:31 [INFO] scanner - 📅 Data/Hora: 18/12/2025 06:46:31
2025-12-18 06:46:31 [INFO] scanner - 📂 Log: logs/scanner_2025-12-18.log
2025-12-18 06:46:31 [INFO] scanner - ============================================================
2025-12-18 06:46:31 [INFO] scanner - 📝 PAPER MODE ATIVO - Apenas registro e análise
2025-12-18 06:46:34 [WARNING] root - Bloco de componentes falhou: cannot unpack non-iterable int object
2025-12-18 06:46:34 [INFO] scanner - ✅ Validações OK [BTC/USDT]: Score=7.3, R:R=2.08
2025-12-18 06:46:34 [INFO] scanner - ⏸️  Throttle ativo [BTC/USDT]:
2025-12-18 06:46:34 [INFO] scanner -    ├─ Último alerta há 1171.4 minutos
2025-12-18 06:46:34 [INFO] scanner -    ├─ Tempo mínimo: 1800 minutos
2025-12-18 06:46:34 [INFO] scanner -    └─ Próximo permitido em: 628.6 minutos
2025-12-18 06:46:35 [WARNING] root - Bloco de componentes falhou: cannot unpack non-iterable int object
2025-12-18 06:46:35 [INFO] scanner - ✅ Validações OK [BTC/USDT]: Score=7.3, R:R=2.08
2025-12-18 06:46:35 [INFO] scanner - ⏸️  Throttle ativo [BTC/USDT]:
2025-12-18 06:46:35 [INFO] scanner -    ├─ Último alerta há 1171.4 minutos
2025-12-18 06:46:35 [INFO] scanner -    ├─ Tempo mínimo: 1800 minutos
2025-12-18 06:46:35 [INFO] scanner -    └─ Próximo permitido em: 628.6 minutos
2025-12-18 07:15:14 [INFO] scanner - ============================================================
2025-12-18 07:15:14 [INFO] scanner - 🚀 SCANNER INICIADO
2025-12-18 07:15:14 [INFO] scanner - 📅 Data/Hora: 18/12/2025 07:15:14
2025-12-18 07:15:14 [INFO] scanner - 📂 Log: logs/scanner_2025-12-18.log
2025-12-18 07:15:14 [INFO] scanner - ============================================================
2025-12-18 07:15:14 [INFO] scanner - 📝 PAPER MODE ATIVO - Apenas registro e análise
2025-12-18 07:15:17 [WARNING] root - Bloco de componentes falhou: cannot unpack non-iterable int object
2025-12-18 07:15:17 [INFO] scanner - ✅ Validações OK [BTC/USDT]: Score=7.3, R:R=2.08
2025-12-18 07:15:17 [INFO] scanner - ⏸️  Throttle ativo [BTC/USDT]:
2025-12-18 07:15:17 [INFO] scanner -    ├─ Último alerta há 1200.1 minutos
2025-12-18 07:15:17 [INFO] scanner -    ├─ Tempo mínimo: 1800 minutos
2025-12-18 07:15:17 [INFO] scanner -    └─ Próximo permitido em: 599.9 minutos
2025-12-18 07:42:56 [INFO] scanner - ============================================================
2025-12-18 07:42:56 [INFO] scanner - 🚀 SCANNER INICIADO
2025-12-18 07:42:56 [INFO] scanner - 📅 Data/Hora: 18/12/2025 07:42:56
2025-12-18 07:42:56 [INFO] scanner - 📂 Log: logs/scanner_2025-12-18.log
2025-12-18 07:42:56 [INFO] scanner - ============================================================
2025-12-18 07:42:56 [INFO] scanner - 📝 PAPER MODE ATIVO - Apenas registro e análise
2025-12-18 07:42:59 [WARNING] root - Bloco de componentes falhou: cannot unpack non-iterable int object
2025-12-18 07:42:59 [INFO] scanner - ✅ Validações OK [BTC/USDT]: Score=7.3, R:R=2.08
2025-12-18 07:42:59 [INFO] scanner - ⏸️  Throttle ativo [BTC/USDT]:
2025-12-18 07:42:59 [INFO] scanner -    ├─ Último alerta há 1227.8 minutos
2025-12-18 07:42:59 [INFO] scanner -    ├─ Tempo mínimo: 1800 minutos
2025-12-18 07:42:59 [INFO] scanner -    └─ Próximo permitido em: 572.2 minutos
2025-12-18 07:43:01 [WARNING] root - Bloco de componentes falhou: cannot unpack non-iterable int object
2025-12-18 07:43:01 [INFO] scanner - ✅ Validações OK [ETH/USDT]: Score=8.8, R:R=2.00
2025-12-18 07:43:01 [INFO] scanner - ⏸️  Throttle ativo [ETH/USDT]:
2025-12-18 07:43:01 [INFO] scanner -    ├─ Último alerta há 1185.0 minutos
2025-12-18 07:43:01 [INFO] scanner -    ├─ Tempo mínimo: 1800 minutos
2025-12-18 07:43:01 [INFO] scanner -    └─ Próximo permitido em: 615.0 minutos
2025-12-18 07:55:11 [INFO] scanner - ============================================================
2025-12-18 07:55:11 [INFO] scanner - 🚀 SCANNER INICIADO
2025-12-18 07:55:11 [INFO] scanner - 📅 Data/Hora: 18/12/2025 07:55:11
2025-12-18 07:55:11 [INFO] scanner - 📂 Log: logs/scanner_2025-12-18.log
2025-12-18 07:55:11 [INFO] scanner - ============================================================
2025-12-18 07:55:11 [INFO] scanner - 📝 PAPER MODE ATIVO - Apenas registro e análise
2025-12-18 07:55:15 [WARNING] root - Bloco de componentes falhou: cannot unpack non-iterable int object
2025-12-18 07:55:15 [INFO] scanner - ✅ Validações OK [BTC/USDT]: Score=7.3, R:R=2.08
2025-12-18 07:55:15 [INFO] scanner - ⏸️  Throttle ativo [BTC/USDT]:
2025-12-18 07:55:15 [INFO] scanner -    ├─ Último alerta há 1240.1 minutos
2025-12-18 07:55:15 [INFO] scanner -    ├─ Tempo mínimo: 1800 minutos
2025-12-18 07:55:15 [INFO] scanner -    └─ Próximo permitido em: 559.9 minutos
2025-12-18 07:55:17 [WARNING] root - Bloco de componentes falhou: cannot unpack non-iterable int object
2025-12-18 07:55:17 [INFO] scanner - ✅ Validações OK [ETH/USDT]: Score=8.8, R:R=2.00
2025-12-18 07:55:17 [INFO] scanner - ⏸️  Throttle ativo [ETH/USDT]:
2025-12-18 07:55:17 [INFO] scanner -    ├─ Último alerta há 1197.3 minutos
2025-12-18 07:55:17 [INFO] scanner -    ├─ Tempo mínimo: 1800 minutos
2025-12-18 07:55:17 [INFO] scanner -    └─ Próximo permitido em: 602.7 minutos
2025-12-18 08:13:24 [INFO] scanner - ============================================================
2025-12-18 08:13:24 [INFO] scanner - 🚀 SCANNER INICIADO
2025-12-18 08:13:24 [INFO] scanner - 📅 Data/Hora: 18/12/2025 08:13:24
2025-12-18 08:13:24 [INFO] scanner - 📂 Log: logs/scanner_2025-12-18.log
2025-12-18 08:13:24 [INFO] scanner - ============================================================
2025-12-18 08:13:24 [INFO] scanner - 📝 PAPER MODE ATIVO - Apenas registro e análise
2025-12-18 08:13:27 [WARNING] root - Bloco de componentes falhou: cannot unpack non-iterable int object
2025-12-18 08:13:27 [INFO] scanner - ✅ Validações OK [BTC/USDT]: Score=7.3, R:R=2.08
2025-12-18 08:13:27 [INFO] scanner - ⏸️  Throttle ativo [BTC/USDT]:
2025-12-18 08:13:27 [INFO] scanner -    ├─ Último alerta há 1258.3 minutos
2025-12-18 08:13:27 [INFO] scanner -    ├─ Tempo mínimo: 1800 minutos
2025-12-18 08:13:27 [INFO] scanner -    └─ Próximo permitido em: 541.7 minutos
2025-12-18 08:30:36 [INFO] scanner - ============================================================
2025-12-18 08:30:36 [INFO] scanner - 🚀 SCANNER INICIADO
2025-12-18 08:30:36 [INFO] scanner - 📅 Data/Hora: 18/12/2025 08:30:36
2025-12-18 08:30:36 [INFO] scanner - 📂 Log: logs/scanner_2025-12-18.log
2025-12-18 08:30:36 [INFO] scanner - ============================================================
2025-12-18 08:30:36 [INFO] scanner - 📝 PAPER MODE ATIVO - Apenas registro e análise
2025-12-18 08:30:40 [WARNING] root - Bloco de componentes falhou: cannot unpack non-iterable int object
2025-12-18 08:30:40 [INFO] scanner - ✅ Validações OK [BTC/USDT]: Score=7.3, R:R=2.08
2025-12-18 08:30:40 [INFO] scanner - ⏸️  Throttle ativo [BTC/USDT]:
2025-12-18 08:30:40 [INFO] scanner -    ├─ Último alerta há 1275.5 minutos
2025-12-18 08:30:40 [INFO] scanner -    ├─ Tempo mínimo: 1800 minutos
2025-12-18 08:30:40 [INFO] scanner -    └─ Próximo permitido em: 524.5 minutos
2025-12-18 08:49:05 [INFO] scanner - ============================================================
2025-12-18 08:49:05 [INFO] scanner - 🚀 SCANNER INICIADO
2025-12-18 08:49:05 [INFO] scanner - 📅 Data/Hora: 18/12/2025 08:49:05
2025-12-18 08:49:05 [INFO] scanner - 📂 Log: logs/scanner_2025-12-18.log
2025-12-18 08:49:05 [INFO] scanner - ============================================================
2025-12-18 08:49:05 [INFO] scanner - 📝 PAPER MODE ATIVO - Apenas registro e análise
2025-12-18 08:49:08 [WARNING] root - Bloco de componentes falhou: cannot unpack non-iterable int object
2025-12-18 08:49:08 [INFO] scanner - ✅ Validações OK [BTC/USDT]: Score=7.3, R:R=2.08
2025-12-18 08:49:08 [INFO] scanner - ⏸️  Throttle ativo [BTC/USDT]:
2025-12-18 08:49:08 [INFO] scanner -    ├─ Último alerta há 1294.0 minutos
2025-12-18 08:49:08 [INFO] scanner -    ├─ Tempo mínimo: 1800 minutos
2025-12-18 08:49:08 [INFO] scanner -    └─ Próximo permitido em: 506.0 minutos
2025-12-18 09:27:38 [INFO] scanner - ============================================================
2025-12-18 09:27:38 [INFO] scanner - 🚀 SCANNER INICIADO
2025-12-18 09:27:38 [INFO] scanner - 📅 Data/Hora: 18/12/2025 09:27:38
2025-12-18 09:27:38 [INFO] scanner - 📂 Log: logs/scanner_2025-12-18.log
2025-12-18 09:27:38 [INFO] scanner - ============================================================
2025-12-18 09:27:38 [INFO] scanner - 📝 PAPER MODE ATIVO - Apenas registro e análise
2025-12-18 09:27:41 [WARNING] root - Bloco de componentes falhou: cannot unpack non-iterable int object
2025-12-18 09:27:41 [INFO] scanner - ✅ Validações OK [BTC/USDT]: Score=7.3, R:R=2.08
2025-12-18 09:27:41 [INFO] scanner - ⏸️  Throttle ativo [BTC/USDT]:
2025-12-18 09:27:41 [INFO] scanner -    ├─ Último alerta há 1332.5 minutos
2025-12-18 09:27:41 [INFO] scanner -    ├─ Tempo mínimo: 1800 minutos
2025-12-18 09:27:41 [INFO] scanner -    └─ Próximo permitido em: 467.5 minutos
2025-12-18 10:10:43 [INFO] scanner - ============================================================
2025-12-18 10:10:43 [INFO] scanner - 🚀 SCANNER INICIADO
2025-12-18 10:10:43 [INFO] scanner - 📅 Data/Hora: 18/12/2025 10:10:43
2025-12-18 10:10:43 [INFO] scanner - 📂 Log: logs/scanner_2025-12-18.log
2025-12-18 10:10:43 [INFO] scanner - ============================================================
2025-12-18 10:10:43 [INFO] scanner - 📝 PAPER MODE ATIVO - Apenas registro e análise
2025-12-18 10:10:47 [WARNING] root - Bloco de componentes falhou: cannot unpack non-iterable int object
2025-12-18 10:10:47 [INFO] scanner - ✅ Validações OK [BTC/USDT]: Score=7.3, R:R=2.08
2025-12-18 10:10:47 [INFO] scanner - ⏸️  Throttle ativo [BTC/USDT]:
2025-12-18 10:10:47 [INFO] scanner -    ├─ Último alerta há 1375.6 minutos
2025-12-18 10:10:47 [INFO] scanner -    ├─ Tempo mínimo: 1800 minutos
2025-12-18 10:10:47 [INFO] scanner -    └─ Próximo permitido em: 424.4 minutos
2025-12-18 10:10:49 [WARNING] root - Bloco de componentes falhou: cannot unpack non-iterable int object
2025-12-18 10:10:49 [INFO] scanner - ✅ Validações OK [ETH/USDT]: Score=7.3, R:R=2.00
2025-12-18 10:10:49 [INFO] scanner - ⏸️  Throttle ativo [ETH/USDT]:
2025-12-18 10:10:49 [INFO] scanner -    ├─ Último alerta há 1332.8 minutos
2025-12-18 10:10:49 [INFO] scanner -    ├─ Tempo mínimo: 1800 minutos
2025-12-18 10:10:49 [INFO] scanner -    └─ Próximo permitido em: 467.2 minutos
2025-12-18 10:48:22 [INFO] scanner - ============================================================
2025-12-18 10:48:22 [INFO] scanner - 🚀 SCANNER INICIADO
2025-12-18 10:48:22 [INFO] scanner - 📅 Data/Hora: 18/12/2025 10:48:22
2025-12-18 10:48:22 [INFO] scanner - 📂 Log: logs/scanner_2025-12-18.log
2025-12-18 10:48:22 [INFO] scanner - ============================================================
2025-12-18 10:48:22 [INFO] scanner - 📝 PAPER MODE ATIVO - Apenas registro e análise
2025-12-18 10:48:25 [WARNING] root - Bloco de componentes falhou: cannot unpack non-iterable int object
2025-12-18 10:48:25 [INFO] scanner - ✅ Validações OK [BTC/USDT]: Score=9.8, R:R=2.08
2025-12-18 10:48:25 [INFO] scanner - ⏸️  Throttle ativo [BTC/USDT]:
2025-12-18 10:48:25 [INFO] scanner -    ├─ Último alerta há 1413.2 minutos
2025-12-18 10:48:25 [INFO] scanner -    ├─ Tempo mínimo: 1800 minutos
2025-12-18 10:48:25 [INFO] scanner -    └─ Próximo permitido em: 386.8 minutos
2025-12-18 10:48:25 [WARNING] root - Bloco de componentes falhou: cannot unpack non-iterable int object
2025-12-18 10:48:25 [INFO] scanner - ✅ Validações OK [BTC/USDT]: Score=7.8, R:R=2.08
2025-12-18 10:48:25 [INFO] scanner - ⏸️  Throttle ativo [BTC/USDT]:
2025-12-18 10:48:25 [INFO] scanner -    ├─ Último alerta há 1413.2 minutos
2025-12-18 10:48:25 [INFO] scanner -    ├─ Tempo mínimo: 1800 minutos
2025-12-18 10:48:25 [INFO] scanner -    └─ Próximo permitido em: 386.8 minutos
2025-12-18 10:48:25 [WARNING] root - Bloco de componentes falhou: cannot unpack non-iterable int object
2025-12-18 10:48:25 [INFO] scanner - ✅ Validações OK [BTC/USDT]: Score=7.8, R:R=2.08
2025-12-18 10:48:25 [INFO] scanner - ⏸️  Throttle ativo [BTC/USDT]:
2025-12-18 10:48:25 [INFO] scanner -    ├─ Último alerta há 1413.3 minutos
2025-12-18 10:48:25 [INFO] scanner -    ├─ Tempo mínimo: 1800 minutos
2025-12-18 10:48:25 [INFO] scanner -    └─ Próximo permitido em: 386.7 minutos
2025-12-18 10:48:26 [WARNING] root - Bloco de componentes falhou: cannot unpack non-iterable int object
2025-12-18 10:48:26 [INFO] scanner - ✅ Validações OK [BTC/USDT]: Score=7.8, R:R=2.08
2025-12-18 10:48:26 [INFO] scanner - ⏸️  Throttle ativo [BTC/USDT]:
2025-12-18 10:48:26 [INFO] scanner -    ├─ Último alerta há 1413.3 minutos
2025-12-18 10:48:26 [INFO] scanner -    ├─ Tempo mínimo: 1800 minutos
2025-12-18 10:48:26 [INFO] scanner -    └─ Próximo permitido em: 386.7 minutos
2025-12-18 10:48:28 [WARNING] root - Bloco de componentes falhou: cannot unpack non-iterable int object
2025-12-18 10:48:28 [INFO] scanner - ✅ Validações OK [ETH/USDT]: Score=7.3, R:R=2.00
2025-12-18 10:48:28 [INFO] scanner - ⏸️  Throttle ativo [ETH/USDT]:
2025-12-18 10:48:28 [INFO] scanner -    ├─ Último alerta há 1370.5 minutos
2025-12-18 10:48:28 [INFO] scanner -    ├─ Tempo mínimo: 1800 minutos
2025-12-18 10:48:28 [INFO] scanner -    └─ Próximo permitido em: 429.5 minutos
2025-12-18 10:48:28 [WARNING] root - Bloco de componentes falhou: cannot unpack non-iterable int object
2025-12-18 10:48:28 [INFO] scanner - ✅ Validações OK [ETH/USDT]: Score=7.3, R:R=2.00
2025-12-18 10:48:28 [INFO] scanner - ⏸️  Throttle ativo [ETH/USDT]:
2025-12-18 10:48:28 [INFO] scanner -    ├─ Último alerta há 1370.5 minutos
2025-12-18 10:48:28 [INFO] scanner -    ├─ Tempo mínimo: 1800 minutos
2025-12-18 10:48:28 [INFO] scanner -    └─ Próximo permitido em: 429.5 minutos
2025-12-18 10:48:28 [WARNING] root - Bloco de componentes falhou: cannot unpack non-iterable int object
2025-12-18 10:48:28 [INFO] scanner - ✅ Validações OK [ETH/USDT]: Score=7.3, R:R=2.00
2025-12-18 10:48:28 [INFO] scanner - ⏸️  Throttle ativo [ETH/USDT]:
2025-12-18 10:48:28 [INFO] scanner -    ├─ Último alerta há 1370.5 minutos
2025-12-18 10:48:28 [INFO] scanner -    ├─ Tempo mínimo: 1800 minutos
2025-12-18 10:48:28 [INFO] scanner -    └─ Próximo permitido em: 429.5 minutos
2025-12-18 11:16:04 [INFO] scanner - ============================================================
2025-12-18 11:16:04 [INFO] scanner - 🚀 SCANNER INICIADO
2025-12-18 11:16:04 [INFO] scanner - 📅 Data/Hora: 18/12/2025 11:16:04
2025-12-18 11:16:04 [INFO] scanner - 📂 Log: logs/scanner_2025-12-18.log
2025-12-18 11:16:04 [INFO] scanner - ============================================================
2025-12-18 11:16:04 [INFO] scanner - 📝 PAPER MODE ATIVO - Apenas registro e análise
2025-12-18 11:16:08 [WARNING] root - Bloco de componentes falhou: cannot unpack non-iterable int object
2025-12-18 11:16:08 [INFO] scanner - ✅ Validações OK [BTC/USDT]: Score=7.3, R:R=2.08
2025-12-18 11:16:08 [INFO] scanner - ⏸️  Throttle ativo [BTC/USDT]:
2025-12-18 11:16:08 [INFO] scanner -    ├─ Último alerta há 1441.0 minutos
2025-12-18 11:16:08 [INFO] scanner -    ├─ Tempo mínimo: 1800 minutos
2025-12-18 11:16:08 [INFO] scanner -    └─ Próximo permitido em: 359.0 minutos
2025-12-18 11:16:10 [WARNING] root - Bloco de componentes falhou: cannot unpack non-iterable int object
2025-12-18 11:16:10 [INFO] scanner - ✅ Validações OK [ETH/USDT]: Score=7.3, R:R=2.00
2025-12-18 11:16:10 [INFO] scanner - ⏸️  Throttle ativo [ETH/USDT]:
2025-12-18 11:16:10 [INFO] scanner -    ├─ Último alerta há 1398.2 minutos
2025-12-18 11:16:10 [INFO] scanner -    ├─ Tempo mínimo: 1800 minutos
2025-12-18 11:16:10 [INFO] scanner -    └─ Próximo permitido em: 401.8 minutos
2025-12-18 11:46:01 [INFO] scanner - ============================================================
2025-12-18 11:46:01 [INFO] scanner - 🚀 SCANNER INICIADO
2025-12-18 11:46:01 [INFO] scanner - 📅 Data/Hora: 18/12/2025 11:46:01
2025-12-18 11:46:01 [INFO] scanner - 📂 Log: logs/scanner_2025-12-18.log
2025-12-18 11:46:01 [INFO] scanner - ============================================================
2025-12-18 11:46:01 [INFO] scanner - 📝 PAPER MODE ATIVO - Apenas registro e análise
2025-12-18 11:46:05 [WARNING] root - Bloco de componentes falhou: cannot unpack non-iterable int object
2025-12-18 11:46:05 [INFO] scanner - ✅ Validações OK [BTC/USDT]: Score=7.8, R:R=2.08
2025-12-18 11:46:05 [INFO] scanner - ⏸️  Throttle ativo [BTC/USDT]:
2025-12-18 11:46:05 [INFO] scanner -    ├─ Último alerta há 1470.9 minutos
2025-12-18 11:46:05 [INFO] scanner -    ├─ Tempo mínimo: 1800 minutos
2025-12-18 11:46:05 [INFO] scanner -    └─ Próximo permitido em: 329.1 minutos
2025-12-18 11:46:05 [WARNING] root - Bloco de componentes falhou: cannot unpack non-iterable int object
2025-12-18 11:46:05 [INFO] scanner - ✅ Validações OK [BTC/USDT]: Score=7.8, R:R=2.08
2025-12-18 11:46:05 [INFO] scanner - ⏸️  Throttle ativo [BTC/USDT]:
2025-12-18 11:46:05 [INFO] scanner -    ├─ Último alerta há 1470.9 minutos
2025-12-18 11:46:05 [INFO] scanner -    ├─ Tempo mínimo: 1800 minutos
2025-12-18 11:46:05 [INFO] scanner -    └─ Próximo permitido em: 329.1 minutos
2025-12-18 11:46:07 [WARNING] root - Bloco de componentes falhou: cannot unpack non-iterable int object
2025-12-18 11:46:07 [INFO] scanner - ✅ Validações OK [ETH/USDT]: Score=9.8, R:R=2.00
2025-12-18 11:46:07 [INFO] scanner - ⏸️  Throttle ativo [ETH/USDT]:
2025-12-18 11:46:07 [INFO] scanner -    ├─ Último alerta há 1428.1 minutos
2025-12-18 11:46:07 [INFO] scanner -    ├─ Tempo mínimo: 1800 minutos
2025-12-18 11:46:07 [INFO] scanner -    └─ Próximo permitido em: 371.9 minutos
2025-12-18 11:46:07 [WARNING] root - Bloco de componentes falhou: cannot unpack non-iterable int object
2025-12-18 11:46:07 [INFO] scanner - ✅ Validações OK [ETH/USDT]: Score=7.8, R:R=2.00
2025-12-18 11:46:07 [INFO] scanner - ⏸️  Throttle ativo [ETH/USDT]:
2025-12-18 11:46:07 [INFO] scanner -    ├─ Último alerta há 1428.1 minutos
2025-12-18 11:46:07 [INFO] scanner -    ├─ Tempo mínimo: 1800 minutos
2025-12-18 11:46:07 [INFO] scanner -    └─ Próximo permitido em: 371.9 minutos
2025-12-18 12:15:25 [INFO] scanner - ============================================================
2025-12-18 12:15:25 [INFO] scanner - 🚀 SCANNER INICIADO
2025-12-18 12:15:25 [INFO] scanner - 📅 Data/Hora: 18/12/2025 12:15:25
2025-12-18 12:15:25 [INFO] scanner - 📂 Log: logs/scanner_2025-12-18.log
2025-12-18 12:15:25 [INFO] scanner - ============================================================
2025-12-18 12:15:25 [INFO] scanner - 📝 PAPER MODE ATIVO - Apenas registro e análise
2025-12-18 12:15:28 [WARNING] root - Bloco de componentes falhou: cannot unpack non-iterable int object
2025-12-18 12:15:28 [INFO] scanner - ✅ Validações OK [BTC/USDT]: Score=7.3, R:R=2.08
2025-12-18 12:15:28 [INFO] scanner - ⏸️  Throttle ativo [BTC/USDT]:
2025-12-18 12:15:28 [INFO] scanner -    ├─ Último alerta há 1500.3 minutos
2025-12-18 12:15:28 [INFO] scanner -    ├─ Tempo mínimo: 1800 minutos
2025-12-18 12:15:28 [INFO] scanner -    └─ Próximo permitido em: 299.7 minutos
2025-12-18 12:15:30 [WARNING] root - Bloco de componentes falhou: cannot unpack non-iterable int object
2025-12-18 12:15:30 [INFO] scanner - ✅ Validações OK [ETH/USDT]: Score=7.3, R:R=2.00
2025-12-18 12:15:30 [INFO] scanner - ⏸️  Throttle ativo [ETH/USDT]:
2025-12-18 12:15:30 [INFO] scanner -    ├─ Último alerta há 1457.5 minutos
2025-12-18 12:15:30 [INFO] scanner -    ├─ Tempo mínimo: 1800 minutos
2025-12-18 12:15:30 [INFO] scanner -    └─ Próximo permitido em: 342.5 minutos
2025-12-18 12:39:06 [INFO] scanner - ============================================================
2025-12-18 12:39:06 [INFO] scanner - 🚀 SCANNER INICIADO
2025-12-18 12:39:06 [INFO] scanner - 📅 Data/Hora: 18/12/2025 12:39:06
2025-12-18 12:39:06 [INFO] scanner - 📂 Log: logs/scanner_2025-12-18.log
2025-12-18 12:39:06 [INFO] scanner - ============================================================
2025-12-18 12:39:06 [INFO] scanner - 📝 PAPER MODE ATIVO - Apenas registro e análise
2025-12-18 12:39:09 [WARNING] root - Bloco de componentes falhou: cannot unpack non-iterable int object
2025-12-18 12:39:09 [INFO] scanner - ✅ Validações OK [BTC/USDT]: Score=7.8, R:R=2.08
2025-12-18 12:39:09 [INFO] scanner - ⏸️  Throttle ativo [BTC/USDT]:
2025-12-18 12:39:09 [INFO] scanner -    ├─ Último alerta há 1524.0 minutos
2025-12-18 12:39:09 [INFO] scanner -    ├─ Tempo mínimo: 1800 minutos
2025-12-18 12:39:09 [INFO] scanner -    └─ Próximo permitido em: 276.0 minutos
2025-12-18 12:39:09 [WARNING] root - Bloco de componentes falhou: cannot unpack non-iterable int object
2025-12-18 12:39:09 [INFO] scanner - ✅ Validações OK [BTC/USDT]: Score=7.8, R:R=2.08
2025-12-18 12:39:09 [INFO] scanner - ⏸️  Throttle ativo [BTC/USDT]:
2025-12-18 12:39:09 [INFO] scanner -    ├─ Último alerta há 1524.0 minutos
2025-12-18 12:39:09 [INFO] scanner -    ├─ Tempo mínimo: 1800 minutos
2025-12-18 12:39:09 [INFO] scanner -    └─ Próximo permitido em: 276.0 minutos
2025-12-18 12:39:11 [WARNING] root - Bloco de componentes falhou: cannot unpack non-iterable int object
2025-12-18 12:39:11 [INFO] scanner - ✅ Validações OK [ETH/USDT]: Score=7.3, R:R=2.00
2025-12-18 12:39:11 [INFO] scanner - ⏸️  Throttle ativo [ETH/USDT]:
2025-12-18 12:39:11 [INFO] scanner -    ├─ Último alerta há 1481.2 minutos
2025-12-18 12:39:11 [INFO] scanner -    ├─ Tempo mínimo: 1800 minutos
2025-12-18 12:39:11 [INFO] scanner -    └─ Próximo permitido em: 318.8 minutos
2025-12-18 12:39:11 [WARNING] root - Bloco de componentes falhou: cannot unpack non-iterable int object
2025-12-18 12:39:11 [INFO] scanner - ✅ Validações OK [ETH/USDT]: Score=7.3, R:R=2.00
2025-12-18 12:39:11 [INFO] scanner - ⏸️  Throttle ativo [ETH/USDT]:
2025-12-18 12:39:11 [INFO] scanner -    ├─ Último alerta há 1481.2 minutos
2025-12-18 12:39:11 [INFO] scanner -    ├─ Tempo mínimo: 1800 minutos
2025-12-18 12:39:11 [INFO] scanner -    └─ Próximo permitido em: 318.8 minutos
2025-12-18 12:53:25 [INFO] scanner - ============================================================
2025-12-18 12:53:25 [INFO] scanner - 🚀 SCANNER INICIADO
2025-12-18 12:53:25 [INFO] scanner - 📅 Data/Hora: 18/12/2025 12:53:25
2025-12-18 12:53:25 [INFO] scanner - 📂 Log: logs/scanner_2025-12-18.log
2025-12-18 12:53:25 [INFO] scanner - ============================================================
2025-12-18 12:53:25 [INFO] scanner - 📝 PAPER MODE ATIVO - Apenas registro e análise
2025-12-18 12:53:28 [WARNING] root - Bloco de componentes falhou: cannot unpack non-iterable int object
2025-12-18 12:53:28 [INFO] scanner - ✅ Validações OK [BTC/USDT]: Score=7.8, R:R=2.08
2025-12-18 12:53:28 [INFO] scanner - ⏸️  Throttle ativo [BTC/USDT]:
2025-12-18 12:53:28 [INFO] scanner -    ├─ Último alerta há 1538.3 minutos
2025-12-18 12:53:28 [INFO] scanner -    ├─ Tempo mínimo: 1800 minutos
2025-12-18 12:53:28 [INFO] scanner -    └─ Próximo permitido em: 261.7 minutos
2025-12-18 12:53:31 [WARNING] root - Bloco de componentes falhou: cannot unpack non-iterable int object
2025-12-18 12:53:31 [INFO] scanner - ✅ Validações OK [ETH/USDT]: Score=7.8, R:R=2.00
2025-12-18 12:53:31 [INFO] scanner - ⏸️  Throttle ativo [ETH/USDT]:
2025-12-18 12:53:31 [INFO] scanner -    ├─ Último alerta há 1495.5 minutos
2025-12-18 12:53:31 [INFO] scanner -    ├─ Tempo mínimo: 1800 minutos
2025-12-18 12:53:31 [INFO] scanner -    └─ Próximo permitido em: 304.5 minutos
2025-12-18 13:19:21 [INFO] scanner - ============================================================
2025-12-18 13:19:21 [INFO] scanner - 🚀 SCANNER INICIADO
2025-12-18 13:19:21 [INFO] scanner - 📅 Data/Hora: 18/12/2025 13:19:21
2025-12-18 13:19:21 [INFO] scanner - 📂 Log: logs/scanner_2025-12-18.log
2025-12-18 13:19:21 [INFO] scanner - ============================================================
2025-12-18 13:19:21 [INFO] scanner - 📝 PAPER MODE ATIVO - Apenas registro e análise
2025-12-18 13:19:25 [WARNING] root - Bloco de componentes falhou: cannot unpack non-iterable int object
2025-12-18 13:19:25 [INFO] scanner - ✅ Validações OK [BTC/USDT]: Score=7.3, R:R=2.08
2025-12-18 13:19:25 [INFO] scanner - ⏸️  Throttle ativo [BTC/USDT]:
2025-12-18 13:19:25 [INFO] scanner -    ├─ Último alerta há 1564.2 minutos
2025-12-18 13:19:25 [INFO] scanner -    ├─ Tempo mínimo: 1800 minutos
2025-12-18 13:19:25 [INFO] scanner -    └─ Próximo permitido em: 235.8 minutos
2025-12-18 13:19:27 [WARNING] root - Bloco de componentes falhou: cannot unpack non-iterable int object
2025-12-18 13:19:27 [INFO] scanner - ✅ Validações OK [ETH/USDT]: Score=7.8, R:R=2.00
2025-12-18 13:19:27 [INFO] scanner - ⏸️  Throttle ativo [ETH/USDT]:
2025-12-18 13:19:27 [INFO] scanner -    ├─ Último alerta há 1521.4 minutos
2025-12-18 13:19:27 [INFO] scanner -    ├─ Tempo mínimo: 1800 minutos
2025-12-18 13:19:27 [INFO] scanner -    └─ Próximo permitido em: 278.6 minutos
2025-12-18 13:19:27 [WARNING] root - Bloco de componentes falhou: cannot unpack non-iterable int object
2025-12-18 13:19:27 [INFO] scanner - ✅ Validações OK [ETH/USDT]: Score=7.3, R:R=2.00
2025-12-18 13:19:27 [INFO] scanner - ⏸️  Throttle ativo [ETH/USDT]:
2025-12-18 13:19:27 [INFO] scanner -    ├─ Último alerta há 1521.4 minutos
2025-12-18 13:19:27 [INFO] scanner -    ├─ Tempo mínimo: 1800 minutos
2025-12-18 13:19:27 [INFO] scanner -    └─ Próximo permitido em: 278.6 minutos
2025-12-18 13:52:09 [INFO] scanner - ============================================================
2025-12-18 13:52:09 [INFO] scanner - 🚀 SCANNER INICIADO
2025-12-18 13:52:09 [INFO] scanner - 📅 Data/Hora: 18/12/2025 13:52:09
2025-12-18 13:52:09 [INFO] scanner - 📂 Log: logs/scanner_2025-12-18.log
2025-12-18 13:52:09 [INFO] scanner - ============================================================
2025-12-18 13:52:09 [INFO] scanner - 📝 PAPER MODE ATIVO - Apenas registro e análise
2025-12-18 13:52:12 [WARNING] root - Bloco de componentes falhou: cannot unpack non-iterable int object
2025-12-18 13:52:12 [INFO] scanner - ✅ Validações OK [BTC/USDT]: Score=7.3, R:R=2.08
2025-12-18 13:52:12 [INFO] scanner - ⏸️  Throttle ativo [BTC/USDT]:
2025-12-18 13:52:12 [INFO] scanner -    ├─ Último alerta há 1597.0 minutos
2025-12-18 13:52:12 [INFO] scanner -    ├─ Tempo mínimo: 1800 minutos
2025-12-18 13:52:12 [INFO] scanner -    └─ Próximo permitido em: 203.0 minutos
2025-12-18 13:52:13 [WARNING] root - Bloco de componentes falhou: cannot unpack non-iterable int object
2025-12-18 13:52:13 [INFO] scanner - ✅ Validações OK [BTC/USDT]: Score=7.3, R:R=2.08
2025-12-18 13:52:13 [INFO] scanner - ⏸️  Throttle ativo [BTC/USDT]:
2025-12-18 13:52:13 [INFO] scanner -    ├─ Último alerta há 1597.0 minutos
2025-12-18 13:52:13 [INFO] scanner -    ├─ Tempo mínimo: 1800 minutos
2025-12-18 13:52:13 [INFO] scanner -    └─ Próximo permitido em: 203.0 minutos
2025-12-18 13:52:15 [WARNING] root - Bloco de componentes falhou: cannot unpack non-iterable int object
2025-12-18 13:52:15 [INFO] scanner - ✅ Validações OK [ETH/USDT]: Score=7.8, R:R=2.00
2025-12-18 13:52:15 [INFO] scanner - ⏸️  Throttle ativo [ETH/USDT]:
2025-12-18 13:52:15 [INFO] scanner -    ├─ Último alerta há 1554.2 minutos
2025-12-18 13:52:15 [INFO] scanner -    ├─ Tempo mínimo: 1800 minutos
2025-12-18 13:52:15 [INFO] scanner -    └─ Próximo permitido em: 245.8 minutos
2025-12-18 13:52:15 [WARNING] root - Bloco de componentes falhou: cannot unpack non-iterable int object
2025-12-18 13:52:15 [INFO] scanner - ✅ Validações OK [ETH/USDT]: Score=7.3, R:R=2.00
2025-12-18 13:52:15 [INFO] scanner - ⏸️  Throttle ativo [ETH/USDT]:
2025-12-18 13:52:15 [INFO] scanner -    ├─ Último alerta há 1554.2 minutos
2025-12-18 13:52:15 [INFO] scanner -    ├─ Tempo mínimo: 1800 minutos
2025-12-18 13:52:15 [INFO] scanner -    └─ Próximo permitido em: 245.8 minutos
2025-12-18 13:52:15 [WARNING] root - Bloco de componentes falhou: cannot unpack non-iterable int object
2025-12-18 13:52:15 [INFO] scanner - ✅ Validações OK [ETH/USDT]: Score=7.3, R:R=2.00
2025-12-18 13:52:15 [INFO] scanner - ⏸️  Throttle ativo [ETH/USDT]:
2025-12-18 13:52:15 [INFO] scanner -    ├─ Último alerta há 1554.2 minutos
2025-12-18 13:52:15 [INFO] scanner -    ├─ Tempo mínimo: 1800 minutos
2025-12-18 13:52:15 [INFO] scanner -    └─ Próximo permitido em: 245.8 minutos
2025-12-18 14:17:40 [INFO] scanner - ============================================================
2025-12-18 14:17:40 [INFO] scanner - 🚀 SCANNER INICIADO
2025-12-18 14:17:40 [INFO] scanner - 📅 Data/Hora: 18/12/2025 14:17:40
2025-12-18 14:17:40 [INFO] scanner - 📂 Log: logs/scanner_2025-12-18.log
2025-12-18 14:17:40 [INFO] scanner - ============================================================
2025-12-18 14:17:40 [INFO] scanner - 📝 PAPER MODE ATIVO - Apenas registro e análise
2025-12-18 14:17:43 [WARNING] root - Bloco de componentes falhou: cannot unpack non-iterable int object
2025-12-18 14:17:43 [INFO] scanner - ✅ Validações OK [BTC/USDT]: Score=7.8, R:R=2.08
2025-12-18 14:17:43 [INFO] scanner - ⏸️  Throttle ativo [BTC/USDT]:
2025-12-18 14:17:43 [INFO] scanner -    ├─ Último alerta há 1622.5 minutos
2025-12-18 14:17:43 [INFO] scanner -    ├─ Tempo mínimo: 1800 minutos
2025-12-18 14:17:43 [INFO] scanner -    └─ Próximo permitido em: 177.5 minutos
2025-12-18 14:17:43 [WARNING] root - Bloco de componentes falhou: cannot unpack non-iterable int object
2025-12-18 14:17:43 [INFO] scanner - ✅ Validações OK [BTC/USDT]: Score=7.8, R:R=2.08
2025-12-18 14:17:43 [INFO] scanner - ⏸️  Throttle ativo [BTC/USDT]:
2025-12-18 14:17:43 [INFO] scanner -    ├─ Último alerta há 1622.6 minutos
2025-12-18 14:17:43 [INFO] scanner -    ├─ Tempo mínimo: 1800 minutos
2025-12-18 14:17:43 [INFO] scanner -    └─ Próximo permitido em: 177.4 minutos
2025-12-18 14:17:44 [WARNING] root - Bloco de componentes falhou: cannot unpack non-iterable int object
2025-12-18 14:17:44 [INFO] scanner - ✅ Validações OK [BTC/USDT]: Score=7.8, R:R=2.08
2025-12-18 14:17:44 [INFO] scanner - ⏸️  Throttle ativo [BTC/USDT]:
2025-12-18 14:17:44 [INFO] scanner -    ├─ Último alerta há 1622.6 minutos
2025-12-18 14:17:44 [INFO] scanner -    ├─ Tempo mínimo: 1800 minutos
2025-12-18 14:17:44 [INFO] scanner -    └─ Próximo permitido em: 177.4 minutos
2025-12-18 14:17:46 [WARNING] root - Bloco de componentes falhou: cannot unpack non-iterable int object
2025-12-18 14:17:46 [INFO] scanner - ✅ Validações OK [ETH/USDT]: Score=7.8, R:R=2.00
2025-12-18 14:17:46 [INFO] scanner - ⏸️  Throttle ativo [ETH/USDT]:
2025-12-18 14:17:46 [INFO] scanner -    ├─ Último alerta há 1579.8 minutos
2025-12-18 14:17:46 [INFO] scanner -    ├─ Tempo mínimo: 1800 minutos
2025-12-18 14:17:46 [INFO] scanner -    └─ Próximo permitido em: 220.2 minutos
2025-12-18 14:17:46 [WARNING] root - Bloco de componentes falhou: cannot unpack non-iterable int object
2025-12-18 14:17:46 [INFO] scanner - ✅ Validações OK [ETH/USDT]: Score=7.3, R:R=2.00
2025-12-18 14:17:46 [INFO] scanner - ⏸️  Throttle ativo [ETH/USDT]:
2025-12-18 14:17:46 [INFO] scanner -    ├─ Último alerta há 1579.8 minutos
2025-12-18 14:17:46 [INFO] scanner -    ├─ Tempo mínimo: 1800 minutos
2025-12-18 14:17:46 [INFO] scanner -    └─ Próximo permitido em: 220.2 minutos
2025-12-18 14:17:46 [WARNING] root - Bloco de componentes falhou: cannot unpack non-iterable int object
2025-12-18 14:17:46 [INFO] scanner - ✅ Validações OK [ETH/USDT]: Score=7.3, R:R=2.00
2025-12-18 14:17:46 [INFO] scanner - ⏸️  Throttle ativo [ETH/USDT]:
2025-12-18 14:17:46 [INFO] scanner -    ├─ Último alerta há 1579.8 minutos
2025-12-18 14:17:46 [INFO] scanner -    ├─ Tempo mínimo: 1800 minutos
2025-12-18 14:17:46 [INFO] scanner -    └─ Próximo permitido em: 220.2 minutos
2025-12-18 14:17:46 [WARNING] root - Bloco de componentes falhou: cannot unpack non-iterable int object
2025-12-18 14:17:46 [INFO] scanner - ✅ Validações OK [ETH/USDT]: Score=7.3, R:R=2.00
2025-12-18 14:17:46 [INFO] scanner - ⏸️  Throttle ativo [ETH/USDT]:
2025-12-18 14:17:46 [INFO] scanner -    ├─ Último alerta há 1579.8 minutos
2025-12-18 14:17:46 [INFO] scanner -    ├─ Tempo mínimo: 1800 minutos
2025-12-18 14:17:46 [INFO] scanner -    └─ Próximo permitido em: 220.2 minutos
2025-12-18 14:45:05 [INFO] scanner - ============================================================
2025-12-18 14:45:05 [INFO] scanner - 🚀 SCANNER INICIADO
2025-12-18 14:45:05 [INFO] scanner - 📅 Data/Hora: 18/12/2025 14:45:05
2025-12-18 14:45:05 [INFO] scanner - 📂 Log: logs/scanner_2025-12-18.log
2025-12-18 14:45:05 [INFO] scanner - ============================================================
2025-12-18 14:45:05 [INFO] scanner - 📝 PAPER MODE ATIVO - Apenas registro e análise
2025-12-18 14:45:09 [WARNING] root - Bloco de componentes falhou: cannot unpack non-iterable int object
2025-12-18 14:45:09 [INFO] scanner - ✅ Validações OK [BTC/USDT]: Score=7.8, R:R=2.08
2025-12-18 14:45:09 [INFO] scanner - ⏸️  Throttle ativo [BTC/USDT]:
2025-12-18 14:45:09 [INFO] scanner -    ├─ Último alerta há 1650.0 minutos
2025-12-18 14:45:09 [INFO] scanner -    ├─ Tempo mínimo: 1800 minutos
2025-12-18 14:45:09 [INFO] scanner -    └─ Próximo permitido em: 150.0 minutos
2025-12-18 14:45:09 [WARNING] root - Bloco de componentes falhou: cannot unpack non-iterable int object
2025-12-18 14:45:09 [INFO] scanner - ✅ Validações OK [BTC/USDT]: Score=7.8, R:R=2.08
2025-12-18 14:45:09 [INFO] scanner - ⏸️  Throttle ativo [BTC/USDT]:
2025-12-18 14:45:09 [INFO] scanner -    ├─ Último alerta há 1650.0 minutos
2025-12-18 14:45:09 [INFO] scanner -    ├─ Tempo mínimo: 1800 minutos
2025-12-18 14:45:09 [INFO] scanner -    └─ Próximo permitido em: 150.0 minutos
2025-12-18 14:45:10 [WARNING] root - Bloco de componentes falhou: cannot unpack non-iterable int object
2025-12-18 14:45:10 [INFO] scanner - ✅ Validações OK [BTC/USDT]: Score=7.8, R:R=2.08
2025-12-18 14:45:10 [INFO] scanner - ⏸️  Throttle ativo [BTC/USDT]:
2025-12-18 14:45:10 [INFO] scanner -    ├─ Último alerta há 1650.0 minutos
2025-12-18 14:45:10 [INFO] scanner -    ├─ Tempo mínimo: 1800 minutos
2025-12-18 14:45:10 [INFO] scanner -    └─ Próximo permitido em: 150.0 minutos
2025-12-18 14:45:12 [WARNING] root - Bloco de componentes falhou: cannot unpack non-iterable int object
2025-12-18 14:45:12 [INFO] scanner - ✅ Validações OK [ETH/USDT]: Score=7.8, R:R=2.00
2025-12-18 14:45:12 [INFO] scanner - ⏸️  Throttle ativo [ETH/USDT]:
2025-12-18 14:45:12 [INFO] scanner -    ├─ Último alerta há 1607.2 minutos
2025-12-18 14:45:12 [INFO] scanner -    ├─ Tempo mínimo: 1800 minutos
2025-12-18 14:45:12 [INFO] scanner -    └─ Próximo permitido em: 192.8 minutos
2025-12-18 14:45:12 [WARNING] root - Bloco de componentes falhou: cannot unpack non-iterable int object
2025-12-18 14:45:12 [INFO] scanner - ✅ Validações OK [ETH/USDT]: Score=7.3, R:R=2.00
2025-12-18 14:45:12 [INFO] scanner - ⏸️  Throttle ativo [ETH/USDT]:
2025-12-18 14:45:12 [INFO] scanner -    ├─ Último alerta há 1607.2 minutos
2025-12-18 14:45:12 [INFO] scanner -    ├─ Tempo mínimo: 1800 minutos
2025-12-18 14:45:12 [INFO] scanner -    └─ Próximo permitido em: 192.8 minutos
2025-12-18 14:45:12 [WARNING] root - Bloco de componentes falhou: cannot unpack non-iterable int object
2025-12-18 14:45:12 [INFO] scanner - ✅ Validações OK [ETH/USDT]: Score=7.3, R:R=2.00
2025-12-18 14:45:12 [INFO] scanner - ⏸️  Throttle ativo [ETH/USDT]:
2025-12-18 14:45:12 [INFO] scanner -    ├─ Último alerta há 1607.2 minutos
2025-12-18 14:45:12 [INFO] scanner -    ├─ Tempo mínimo: 1800 minutos
2025-12-18 14:45:12 [INFO] scanner -    └─ Próximo permitido em: 192.8 minutos
2025-12-18 14:45:12 [WARNING] root - Bloco de componentes falhou: cannot unpack non-iterable int object
2025-12-18 14:45:12 [INFO] scanner - ✅ Validações OK [ETH/USDT]: Score=7.3, R:R=2.00
2025-12-18 14:45:12 [INFO] scanner - ⏸️  Throttle ativo [ETH/USDT]:
2025-12-18 14:45:12 [INFO] scanner -    ├─ Último alerta há 1607.2 minutos
2025-12-18 14:45:12 [INFO] scanner -    ├─ Tempo mínimo: 1800 minutos
2025-12-18 14:45:12 [INFO] scanner -    └─ Próximo permitido em: 192.8 minutos
2025-12-18 14:55:34 [INFO] scanner - ============================================================
2025-12-18 14:55:34 [INFO] scanner - 🚀 SCANNER INICIADO
2025-12-18 14:55:34 [INFO] scanner - 📅 Data/Hora: 18/12/2025 14:55:34
2025-12-18 14:55:34 [INFO] scanner - 📂 Log: logs/scanner_2025-12-18.log
2025-12-18 14:55:34 [INFO] scanner - ============================================================
2025-12-18 14:55:34 [INFO] scanner - 📝 PAPER MODE ATIVO - Apenas registro e análise
2025-12-18 14:55:37 [WARNING] root - Bloco de componentes falhou: cannot unpack non-iterable int object
2025-12-18 14:55:37 [INFO] scanner - ✅ Validações OK [BTC/USDT]: Score=7.8, R:R=2.08
2025-12-18 14:55:37 [INFO] scanner - ⏸️  Throttle ativo [BTC/USDT]:
2025-12-18 14:55:37 [INFO] scanner -    ├─ Último alerta há 1660.4 minutos
2025-12-18 14:55:37 [INFO] scanner -    ├─ Tempo mínimo: 1800 minutos
2025-12-18 14:55:37 [INFO] scanner -    └─ Próximo permitido em: 139.6 minutos
2025-12-18 14:55:37 [WARNING] root - Bloco de componentes falhou: cannot unpack non-iterable int object
2025-12-18 14:55:37 [INFO] scanner - ✅ Validações OK [BTC/USDT]: Score=7.8, R:R=2.08
2025-12-18 14:55:37 [INFO] scanner - ⏸️  Throttle ativo [BTC/USDT]:
2025-12-18 14:55:37 [INFO] scanner -    ├─ Último alerta há 1660.4 minutos
2025-12-18 14:55:37 [INFO] scanner -    ├─ Tempo mínimo: 1800 minutos
2025-12-18 14:55:37 [INFO] scanner -    └─ Próximo permitido em: 139.6 minutos
2025-12-18 14:55:37 [WARNING] root - Bloco de componentes falhou: cannot unpack non-iterable int object
2025-12-18 14:55:37 [INFO] scanner - ✅ Validações OK [BTC/USDT]: Score=7.8, R:R=2.08
2025-12-18 14:55:37 [INFO] scanner - ⏸️  Throttle ativo [BTC/USDT]:
2025-12-18 14:55:37 [INFO] scanner -    ├─ Último alerta há 1660.4 minutos
2025-12-18 14:55:37 [INFO] scanner -    ├─ Tempo mínimo: 1800 minutos
2025-12-18 14:55:37 [INFO] scanner -    └─ Próximo permitido em: 139.6 minutos
2025-12-18 14:55:39 [WARNING] root - Bloco de componentes falhou: cannot unpack non-iterable int object
2025-12-18 14:55:39 [INFO] scanner - ✅ Validações OK [ETH/USDT]: Score=7.8, R:R=2.00
2025-12-18 14:55:39 [INFO] scanner - ⏸️  Throttle ativo [ETH/USDT]:
2025-12-18 14:55:39 [INFO] scanner -    ├─ Último alerta há 1617.7 minutos
2025-12-18 14:55:39 [INFO] scanner -    ├─ Tempo mínimo: 1800 minutos
2025-12-18 14:55:39 [INFO] scanner -    └─ Próximo permitido em: 182.3 minutos
2025-12-18 14:55:39 [WARNING] root - Bloco de componentes falhou: cannot unpack non-iterable int object
2025-12-18 14:55:39 [INFO] scanner - ✅ Validações OK [ETH/USDT]: Score=7.3, R:R=2.00
2025-12-18 14:55:39 [INFO] scanner - ⏸️  Throttle ativo [ETH/USDT]:
2025-12-18 14:55:39 [INFO] scanner -    ├─ Último alerta há 1617.7 minutos
2025-12-18 14:55:39 [INFO] scanner -    ├─ Tempo mínimo: 1800 minutos
2025-12-18 14:55:39 [INFO] scanner -    └─ Próximo permitido em: 182.3 minutos
2025-12-18 14:55:39 [WARNING] root - Bloco de componentes falhou: cannot unpack non-iterable int object
2025-12-18 14:55:39 [INFO] scanner - ✅ Validações OK [ETH/USDT]: Score=7.3, R:R=2.00
2025-12-18 14:55:39 [INFO] scanner - ⏸️  Throttle ativo [ETH/USDT]:
2025-12-18 14:55:39 [INFO] scanner -    ├─ Último alerta há 1617.7 minutos
2025-12-18 14:55:39 [INFO] scanner -    ├─ Tempo mínimo: 1800 minutos
2025-12-18 14:55:39 [INFO] scanner -    └─ Próximo permitido em: 182.3 minutos
2025-12-18 14:55:39 [WARNING] root - Bloco de componentes falhou: cannot unpack non-iterable int object
2025-12-18 14:55:39 [INFO] scanner - ✅ Validações OK [ETH/USDT]: Score=7.3, R:R=2.00
2025-12-18 14:55:39 [INFO] scanner - ⏸️  Throttle ativo [ETH/USDT]:
2025-12-18 14:55:39 [INFO] scanner -    ├─ Último alerta há 1617.7 minutos
2025-12-18 14:55:39 [INFO] scanner -    ├─ Tempo mínimo: 1800 minutos
2025-12-18 14:55:39 [INFO] scanner -    └─ Próximo permitido em: 182.3 minutos
2025-12-18 15:21:02 [INFO] scanner - ============================================================
2025-12-18 15:21:02 [INFO] scanner - 🚀 SCANNER INICIADO
2025-12-18 15:21:02 [INFO] scanner - 📅 Data/Hora: 18/12/2025 15:21:02
2025-12-18 15:21:02 [INFO] scanner - 📂 Log: logs/scanner_2025-12-18.log
2025-12-18 15:21:02 [INFO] scanner - ============================================================
2025-12-18 15:21:02 [INFO] scanner - 📝 PAPER MODE ATIVO - Apenas registro e análise
2025-12-18 15:21:05 [WARNING] root - Bloco de componentes falhou: cannot unpack non-iterable int object
2025-12-18 15:21:05 [INFO] scanner - ✅ Validações OK [BTC/USDT]: Score=7.3, R:R=2.08
2025-12-18 15:21:05 [INFO] scanner - ⏸️  Throttle ativo [BTC/USDT]:
2025-12-18 15:21:05 [INFO] scanner -    ├─ Último alerta há 1685.9 minutos
2025-12-18 15:21:05 [INFO] scanner -    ├─ Tempo mínimo: 1800 minutos
2025-12-18 15:21:05 [INFO] scanner -    └─ Próximo permitido em: 114.1 minutos
2025-12-18 15:21:07 [WARNING] root - Bloco de componentes falhou: cannot unpack non-iterable int object
2025-12-18 15:21:07 [INFO] scanner - ✅ Validações OK [ETH/USDT]: Score=7.8, R:R=2.00
2025-12-18 15:21:07 [INFO] scanner - ⏸️  Throttle ativo [ETH/USDT]:
2025-12-18 15:21:07 [INFO] scanner -    ├─ Último alerta há 1643.1 minutos
2025-12-18 15:21:07 [INFO] scanner -    ├─ Tempo mínimo: 1800 minutos
2025-12-18 15:21:07 [INFO] scanner -    └─ Próximo permitido em: 156.9 minutos
2025-12-18 15:21:07 [WARNING] root - Bloco de componentes falhou: cannot unpack non-iterable int object
2025-12-18 15:21:07 [INFO] scanner - ✅ Validações OK [ETH/USDT]: Score=7.3, R:R=2.00
2025-12-18 15:21:07 [INFO] scanner - ⏸️  Throttle ativo [ETH/USDT]:
2025-12-18 15:21:07 [INFO] scanner -    ├─ Último alerta há 1643.1 minutos
2025-12-18 15:21:07 [INFO] scanner -    ├─ Tempo mínimo: 1800 minutos
2025-12-18 15:21:07 [INFO] scanner -    └─ Próximo permitido em: 156.9 minutos
