2026-01-04 03:20:50 [INFO] scanner - ============================================================
2026-01-04 03:20:50 [INFO] scanner - 🚀 SCANNER INICIADO
2026-01-04 03:20:50 [INFO] scanner - 📅 Data/Hora: 04/01/2026 03:20:50
2026-01-04 03:20:50 [INFO] scanner - 📂 Log: logs/scanner_2026-01-04.log
2026-01-04 03:20:50 [INFO] scanner - ============================================================
2026-01-04 03:20:50 [INFO] scanner - 📝 PAPER MODE ATIVO - Apenas registro e análise
2026-01-04 03:20:54 [WARNING] root - Bloco de componentes falhou: cannot unpack non-iterable int object
2026-01-04 03:20:54 [INFO] scanner - ✅ Validações OK [BTC/USDT]: Score=7.8, R:R=2.08
2026-01-04 03:20:54 [INFO] scanner - ✅ Throttle OK [BTC/USDT]: Pode enviar
2026-01-04 03:20:55 [WARNING] root - Bloco de componentes falhou: cannot unpack non-iterable int object
2026-01-04 03:20:55 [INFO] scanner - ✅ Validações OK [BTC/USDT]: Score=7.8, R:R=2.08
2026-01-04 03:20:55 [INFO] scanner - ⏸️  Throttle ativo [BTC/USDT]:
2026-01-04 03:20:55 [INFO] scanner -    ├─ Último alerta há 0.0 minutos
2026-01-04 03:20:55 [INFO] scanner -    ├─ Tempo mínimo: 1800 minutos
2026-01-04 03:20:55 [INFO] scanner -    └─ Próximo permitido em: 1800.0 minutos
2026-01-04 03:20:57 [WARNING] root - Bloco de componentes falhou: cannot unpack non-iterable int object
2026-01-04 03:20:57 [INFO] scanner - ✅ Validações OK [ETH/USDT]: Score=7.8, R:R=2.00
2026-01-04 03:20:57 [INFO] scanner - ⏸️  Throttle ativo [ETH/USDT]:
2026-01-04 03:20:57 [INFO] scanner -    ├─ Último alerta há 1076.0 minutos
2026-01-04 03:20:57 [INFO] scanner -    ├─ Tempo mínimo: 1800 minutos
2026-01-04 03:20:57 [INFO] scanner -    └─ Próximo permitido em: 724.0 minutos
2026-01-04 03:20:58 [WARNING] root - Bloco de componentes falhou: cannot unpack non-iterable int object
2026-01-04 03:20:58 [INFO] scanner - ✅ Validações OK [ETH/USDT]: Score=7.8, R:R=2.00
2026-01-04 03:20:58 [INFO] scanner - ⏸️  Throttle ativo [ETH/USDT]:
2026-01-04 03:20:58 [INFO] scanner -    ├─ Último alerta há 1076.0 minutos
2026-01-04 03:20:58 [INFO] scanner -    ├─ Tempo mínimo: 1800 minutos
2026-01-04 03:20:58 [INFO] scanner -    └─ Próximo permitido em: 724.0 minutos
2026-01-04 03:52:34 [INFO] scanner - ============================================================
2026-01-04 03:52:34 [INFO] scanner - 🚀 SCANNER INICIADO
2026-01-04 03:52:34 [INFO] scanner - 📅 Data/Hora: 04/01/2026 03:52:34
2026-01-04 03:52:34 [INFO] scanner - 📂 Log: logs/scanner_2026-01-04.log
2026-01-04 03:52:34 [INFO] scanner - ============================================================
2026-01-04 03:52:34 [INFO] scanner - 📝 PAPER MODE ATIVO - Apenas registro e análise
2026-01-04 03:52:38 [WARNING] root - Bloco de componentes falhou: cannot unpack non-iterable int object
2026-01-04 03:52:38 [INFO] scanner - ✅ Validações OK [BTC/USDT]: Score=10.0, R:R=2.08
2026-01-04 03:52:38 [INFO] scanner - ⏸️  Throttle ativo [BTC/USDT]:
2026-01-04 03:52:38 [INFO] scanner -    ├─ Último alerta há 31.7 minutos
2026-01-04 03:52:38 [INFO] scanner -    ├─ Tempo mínimo: 1800 minutos
2026-01-04 03:52:38 [INFO] scanner -    └─ Próximo permitido em: 1768.3 minutos
2026-01-04 03:52:38 [WARNING] root - Bloco de componentes falhou: cannot unpack non-iterable int object
2026-01-04 03:52:38 [INFO] scanner - ✅ Validações OK [BTC/USDT]: Score=7.8, R:R=2.08
2026-01-04 03:52:38 [INFO] scanner - ⏸️  Throttle ativo [BTC/USDT]:
2026-01-04 03:52:38 [INFO] scanner -    ├─ Último alerta há 31.7 minutos
2026-01-04 03:52:38 [INFO] scanner -    ├─ Tempo mínimo: 1800 minutos
2026-01-04 03:52:38 [INFO] scanner -    └─ Próximo permitido em: 1768.3 minutos
2026-01-04 03:52:38 [WARNING] root - Bloco de componentes falhou: cannot unpack non-iterable int object
2026-01-04 03:52:38 [INFO] scanner - ✅ Validações OK [BTC/USDT]: Score=7.8, R:R=2.08
2026-01-04 03:52:38 [INFO] scanner - ⏸️  Throttle ativo [BTC/USDT]:
2026-01-04 03:52:38 [INFO] scanner -    ├─ Último alerta há 31.7 minutos
2026-01-04 03:52:38 [INFO] scanner -    ├─ Tempo mínimo: 1800 minutos
2026-01-04 03:52:38 [INFO] scanner -    └─ Próximo permitido em: 1768.3 minutos
2026-01-04 03:52:41 [WARNING] root - Bloco de componentes falhou: cannot unpack non-iterable int object
2026-01-04 03:52:41 [INFO] scanner - ✅ Validações OK [ETH/USDT]: Score=7.3, R:R=2.00
2026-01-04 03:52:41 [INFO] scanner - ⏸️  Throttle ativo [ETH/USDT]:
2026-01-04 03:52:41 [INFO] scanner -    ├─ Último alerta há 1107.7 minutos
2026-01-04 03:52:41 [INFO] scanner -    ├─ Tempo mínimo: 1800 minutos
2026-01-04 03:52:41 [INFO] scanner -    └─ Próximo permitido em: 692.3 minutos
2026-01-04 03:52:41 [WARNING] root - Bloco de componentes falhou: cannot unpack non-iterable int object
2026-01-04 03:52:41 [INFO] scanner - ✅ Validações OK [ETH/USDT]: Score=7.3, R:R=2.00
2026-01-04 03:52:41 [INFO] scanner - ⏸️  Throttle ativo [ETH/USDT]:
2026-01-04 03:52:41 [INFO] scanner -    ├─ Último alerta há 1107.7 minutos
2026-01-04 03:52:41 [INFO] scanner -    ├─ Tempo mínimo: 1800 minutos
2026-01-04 03:52:41 [INFO] scanner -    └─ Próximo permitido em: 692.3 minutos
