2026-01-09 03:22:21 [INFO] scanner - ============================================================
2026-01-09 03:22:21 [INFO] scanner - 🚀 SCANNER INICIADO
2026-01-09 03:22:21 [INFO] scanner - 📅 Data/Hora: 09/01/2026 03:22:21
2026-01-09 03:22:21 [INFO] scanner - 📂 Log: logs/scanner_2026-01-09.log
2026-01-09 03:22:21 [INFO] scanner - ============================================================
2026-01-09 03:22:21 [INFO] scanner - 📝 PAPER MODE ATIVO - Apenas registro e análise
2026-01-09 03:22:25 [WARNING] root - Bloco de componentes falhou: cannot unpack non-iterable int object
2026-01-09 03:22:25 [INFO] scanner - ✅ Validações OK [BTC/USDT]: Score=7.3, R:R=2.08
2026-01-09 03:22:25 [INFO] scanner - ⏸️  Throttle ativo [BTC/USDT]:
2026-01-09 03:22:25 [INFO] scanner -    ├─ Último alerta há 1406.8 minutos
2026-01-09 03:22:25 [INFO] scanner -    ├─ Tempo mínimo: 1800 minutos
2026-01-09 03:22:25 [INFO] scanner -    └─ Próximo permitido em: 393.2 minutos
2026-01-09 03:22:25 [WARNING] root - Bloco de componentes falhou: cannot unpack non-iterable int object
2026-01-09 03:22:25 [INFO] scanner - ✅ Validações OK [BTC/USDT]: Score=7.3, R:R=2.08
2026-01-09 03:22:25 [INFO] scanner - ⏸️  Throttle ativo [BTC/USDT]:
2026-01-09 03:22:25 [INFO] scanner -    ├─ Último alerta há 1406.8 minutos
2026-01-09 03:22:25 [INFO] scanner -    ├─ Tempo mínimo: 1800 minutos
2026-01-09 03:22:25 [INFO] scanner -    └─ Próximo permitido em: 393.2 minutos
2026-01-09 03:55:33 [INFO] scanner - ============================================================
2026-01-09 03:55:33 [INFO] scanner - 🚀 SCANNER INICIADO
2026-01-09 03:55:33 [INFO] scanner - 📅 Data/Hora: 09/01/2026 03:55:33
2026-01-09 03:55:33 [INFO] scanner - 📂 Log: logs/scanner_2026-01-09.log
2026-01-09 03:55:33 [INFO] scanner - ============================================================
2026-01-09 03:55:33 [INFO] scanner - 📝 PAPER MODE ATIVO - Apenas registro e análise
2026-01-09 03:55:37 [WARNING] root - Bloco de componentes falhou: cannot unpack non-iterable int object
2026-01-09 03:55:37 [INFO] scanner - ✅ Validações OK [BTC/USDT]: Score=7.3, R:R=2.08
2026-01-09 03:55:37 [INFO] scanner - ⏸️  Throttle ativo [BTC/USDT]:
2026-01-09 03:55:37 [INFO] scanner -    ├─ Último alerta há 1440.0 minutos
2026-01-09 03:55:37 [INFO] scanner -    ├─ Tempo mínimo: 1800 minutos
2026-01-09 03:55:37 [INFO] scanner -    └─ Próximo permitido em: 360.0 minutos
2026-01-09 03:55:37 [WARNING] root - Bloco de componentes falhou: cannot unpack non-iterable int object
2026-01-09 03:55:37 [INFO] scanner - ✅ Validações OK [BTC/USDT]: Score=7.3, R:R=2.08
2026-01-09 03:55:37 [INFO] scanner - ⏸️  Throttle ativo [BTC/USDT]:
2026-01-09 03:55:37 [INFO] scanner -    ├─ Último alerta há 1440.0 minutos
2026-01-09 03:55:37 [INFO] scanner -    ├─ Tempo mínimo: 1800 minutos
2026-01-09 03:55:37 [INFO] scanner -    └─ Próximo permitido em: 360.0 minutos
2026-01-09 04:20:19 [INFO] scanner - ============================================================
2026-01-09 04:20:19 [INFO] scanner - 🚀 SCANNER INICIADO
2026-01-09 04:20:19 [INFO] scanner - 📅 Data/Hora: 09/01/2026 04:20:19
2026-01-09 04:20:19 [INFO] scanner - 📂 Log: logs/scanner_2026-01-09.log
2026-01-09 04:20:19 [INFO] scanner - ============================================================
2026-01-09 04:20:19 [INFO] scanner - 📝 PAPER MODE ATIVO - Apenas registro e análise
2026-01-09 04:20:23 [WARNING] root - Bloco de componentes falhou: cannot unpack non-iterable int object
2026-01-09 04:20:23 [INFO] scanner - ✅ Validações OK [BTC/USDT]: Score=7.3, R:R=2.08
2026-01-09 04:20:23 [INFO] scanner - ⏸️  Throttle ativo [BTC/USDT]:
2026-01-09 04:20:23 [INFO] scanner -    ├─ Último alerta há 1464.8 minutos
2026-01-09 04:20:23 [INFO] scanner -    ├─ Tempo mínimo: 1800 minutos
2026-01-09 04:20:23 [INFO] scanner -    └─ Próximo permitido em: 335.2 minutos
2026-01-09 04:20:23 [WARNING] root - Bloco de componentes falhou: cannot unpack non-iterable int object
2026-01-09 04:20:23 [INFO] scanner - ✅ Validações OK [BTC/USDT]: Score=7.3, R:R=2.08
2026-01-09 04:20:23 [INFO] scanner - ⏸️  Throttle ativo [BTC/USDT]:
2026-01-09 04:20:23 [INFO] scanner -    ├─ Último alerta há 1464.8 minutos
2026-01-09 04:20:23 [INFO] scanner -    ├─ Tempo mínimo: 1800 minutos
2026-01-09 04:20:23 [INFO] scanner -    └─ Próximo permitido em: 335.2 minutos
2026-01-09 04:43:43 [INFO] scanner - ============================================================
2026-01-09 04:43:43 [INFO] scanner - 🚀 SCANNER INICIADO
2026-01-09 04:43:43 [INFO] scanner - 📅 Data/Hora: 09/01/2026 04:43:43
2026-01-09 04:43:43 [INFO] scanner - 📂 Log: logs/scanner_2026-01-09.log
2026-01-09 04:43:43 [INFO] scanner - ============================================================
2026-01-09 04:43:43 [INFO] scanner - 📝 PAPER MODE ATIVO - Apenas registro e análise
2026-01-09 04:43:46 [WARNING] root - Bloco de componentes falhou: cannot unpack non-iterable int object
2026-01-09 04:43:46 [INFO] scanner - ✅ Validações OK [BTC/USDT]: Score=7.3, R:R=2.08
2026-01-09 04:43:46 [INFO] scanner - ⏸️  Throttle ativo [BTC/USDT]:
2026-01-09 04:43:46 [INFO] scanner -    ├─ Último alerta há 1488.2 minutos
2026-01-09 04:43:46 [INFO] scanner -    ├─ Tempo mínimo: 1800 minutos
2026-01-09 04:43:46 [INFO] scanner -    └─ Próximo permitido em: 311.8 minutos
2026-01-09 04:43:46 [WARNING] root - Bloco de componentes falhou: cannot unpack non-iterable int object
2026-01-09 04:43:46 [INFO] scanner - ✅ Validações OK [BTC/USDT]: Score=7.3, R:R=2.08
2026-01-09 04:43:46 [INFO] scanner - ⏸️  Throttle ativo [BTC/USDT]:
2026-01-09 04:43:46 [INFO] scanner -    ├─ Último alerta há 1488.2 minutos
2026-01-09 04:43:46 [INFO] scanner -    ├─ Tempo mínimo: 1800 minutos
2026-01-09 04:43:46 [INFO] scanner -    └─ Próximo permitido em: 311.8 minutos
2026-01-09 04:53:52 [INFO] scanner - ============================================================
2026-01-09 04:53:52 [INFO] scanner - 🚀 SCANNER INICIADO
2026-01-09 04:53:52 [INFO] scanner - 📅 Data/Hora: 09/01/2026 04:53:52
2026-01-09 04:53:52 [INFO] scanner - 📂 Log: logs/scanner_2026-01-09.log
2026-01-09 04:53:52 [INFO] scanner - ============================================================
2026-01-09 04:53:52 [INFO] scanner - 📝 PAPER MODE ATIVO - Apenas registro e análise
2026-01-09 04:53:55 [WARNING] root - Bloco de componentes falhou: cannot unpack non-iterable int object
2026-01-09 04:53:55 [INFO] scanner - ✅ Validações OK [BTC/USDT]: Score=7.3, R:R=2.08
2026-01-09 04:53:55 [INFO] scanner - ⏸️  Throttle ativo [BTC/USDT]:
2026-01-09 04:53:55 [INFO] scanner -    ├─ Último alerta há 1498.3 minutos
2026-01-09 04:53:55 [INFO] scanner -    ├─ Tempo mínimo: 1800 minutos
2026-01-09 04:53:55 [INFO] scanner -    └─ Próximo permitido em: 301.7 minutos
2026-01-09 05:20:30 [INFO] scanner - ============================================================
2026-01-09 05:20:30 [INFO] scanner - 🚀 SCANNER INICIADO
2026-01-09 05:20:30 [INFO] scanner - 📅 Data/Hora: 09/01/2026 05:20:30
2026-01-09 05:20:30 [INFO] scanner - 📂 Log: logs/scanner_2026-01-09.log
2026-01-09 05:20:30 [INFO] scanner - ============================================================
2026-01-09 05:20:30 [INFO] scanner - 📝 PAPER MODE ATIVO - Apenas registro e análise
2026-01-09 05:20:33 [WARNING] root - Bloco de componentes falhou: cannot unpack non-iterable int object
2026-01-09 05:20:33 [INFO] scanner - ✅ Validações OK [BTC/USDT]: Score=7.3, R:R=2.08
2026-01-09 05:20:33 [INFO] scanner - ⏸️  Throttle ativo [BTC/USDT]:
2026-01-09 05:20:33 [INFO] scanner -    ├─ Último alerta há 1524.9 minutos
2026-01-09 05:20:33 [INFO] scanner -    ├─ Tempo mínimo: 1800 minutos
2026-01-09 05:20:33 [INFO] scanner -    └─ Próximo permitido em: 275.1 minutos
2026-01-09 05:51:52 [INFO] scanner - ============================================================
2026-01-09 05:51:52 [INFO] scanner - 🚀 SCANNER INICIADO
2026-01-09 05:51:52 [INFO] scanner - 📅 Data/Hora: 09/01/2026 05:51:52
2026-01-09 05:51:52 [INFO] scanner - 📂 Log: logs/scanner_2026-01-09.log
2026-01-09 05:51:52 [INFO] scanner - ============================================================
2026-01-09 05:51:52 [INFO] scanner - 📝 PAPER MODE ATIVO - Apenas registro e análise
2026-01-09 05:51:56 [WARNING] root - Bloco de componentes falhou: cannot unpack non-iterable int object
2026-01-09 05:51:56 [INFO] scanner - ✅ Validações OK [BTC/USDT]: Score=7.3, R:R=2.08
2026-01-09 05:51:56 [INFO] scanner - ⏸️  Throttle ativo [BTC/USDT]:
2026-01-09 05:51:56 [INFO] scanner -    ├─ Último alerta há 1556.3 minutos
2026-01-09 05:51:56 [INFO] scanner -    ├─ Tempo mínimo: 1800 minutos
2026-01-09 05:51:56 [INFO] scanner -    └─ Próximo permitido em: 243.7 minutos
2026-01-09 05:51:56 [WARNING] root - Bloco de componentes falhou: cannot unpack non-iterable int object
2026-01-09 05:51:56 [INFO] scanner - ✅ Validações OK [BTC/USDT]: Score=7.3, R:R=2.08
2026-01-09 05:51:56 [INFO] scanner - ⏸️  Throttle ativo [BTC/USDT]:
2026-01-09 05:51:56 [INFO] scanner -    ├─ Último alerta há 1556.3 minutos
2026-01-09 05:51:56 [INFO] scanner -    ├─ Tempo mínimo: 1800 minutos
2026-01-09 05:51:56 [INFO] scanner -    └─ Próximo permitido em: 243.7 minutos
2026-01-09 05:51:58 [WARNING] root - Bloco de componentes falhou: cannot unpack non-iterable int object
2026-01-09 05:51:58 [INFO] scanner - ✅ Validações OK [ETH/USDT]: Score=7.3, R:R=2.00
2026-01-09 05:51:58 [INFO] scanner - ⏸️  Throttle ativo [ETH/USDT]:
2026-01-09 05:51:58 [INFO] scanner -    ├─ Último alerta há 696.6 minutos
2026-01-09 05:51:58 [INFO] scanner -    ├─ Tempo mínimo: 1800 minutos
2026-01-09 05:51:58 [INFO] scanner -    └─ Próximo permitido em: 1103.4 minutos
2026-01-09 05:51:59 [WARNING] root - Bloco de componentes falhou: cannot unpack non-iterable int object
2026-01-09 05:51:59 [INFO] scanner - ✅ Validações OK [ETH/USDT]: Score=7.3, R:R=2.00
2026-01-09 05:51:59 [INFO] scanner - ⏸️  Throttle ativo [ETH/USDT]:
2026-01-09 05:51:59 [INFO] scanner -    ├─ Último alerta há 696.7 minutos
2026-01-09 05:51:59 [INFO] scanner -    ├─ Tempo mínimo: 1800 minutos
2026-01-09 05:51:59 [INFO] scanner -    └─ Próximo permitido em: 1103.3 minutos
