2025-12-26 03:21:32 [INFO] scanner - ============================================================
2025-12-26 03:21:32 [INFO] scanner - 🚀 SCANNER INICIADO
2025-12-26 03:21:32 [INFO] scanner - 📅 Data/Hora: 26/12/2025 03:21:32
2025-12-26 03:21:32 [INFO] scanner - 📂 Log: logs/scanner_2025-12-26.log
2025-12-26 03:21:32 [INFO] scanner - ============================================================
2025-12-26 03:21:32 [INFO] scanner - 📝 PAPER MODE ATIVO - Apenas registro e análise
2025-12-26 03:21:36 [WARNING] root - Bloco de componentes falhou: cannot unpack non-iterable int object
2025-12-26 03:21:36 [INFO] scanner - ✅ Validações OK [BTC/USDT]: Score=7.3, R:R=2.08
2025-12-26 03:21:36 [INFO] scanner - ⏸️  Throttle ativo [BTC/USDT]:
2025-12-26 03:21:36 [INFO] scanner -    ├─ Último alerta há 569.5 minutos
2025-12-26 03:21:36 [INFO] scanner -    ├─ Tempo mínimo: 1800 minutos
2025-12-26 03:21:36 [INFO] scanner -    └─ Próximo permitido em: 1230.5 minutos
2025-12-26 03:21:36 [WARNING] root - Bloco de componentes falhou: cannot unpack non-iterable int object
2025-12-26 03:21:36 [INFO] scanner - ✅ Validações OK [BTC/USDT]: Score=7.3, R:R=2.08
2025-12-26 03:21:36 [INFO] scanner - ⏸️  Throttle ativo [BTC/USDT]:
2025-12-26 03:21:36 [INFO] scanner -    ├─ Último alerta há 569.5 minutos
2025-12-26 03:21:36 [INFO] scanner -    ├─ Tempo mínimo: 1800 minutos
2025-12-26 03:21:36 [INFO] scanner -    └─ Próximo permitido em: 1230.5 minutos
2025-12-26 03:21:38 [WARNING] root - Bloco de componentes falhou: cannot unpack non-iterable int object
2025-12-26 03:21:38 [INFO] scanner - ✅ Validações OK [ETH/USDT]: Score=7.3, R:R=2.00
2025-12-26 03:21:38 [INFO] scanner - ⏸️  Throttle ativo [ETH/USDT]:
2025-12-26 03:21:38 [INFO] scanner -    ├─ Último alerta há 569.5 minutos
2025-12-26 03:21:38 [INFO] scanner -    ├─ Tempo mínimo: 1800 minutos
2025-12-26 03:21:38 [INFO] scanner -    └─ Próximo permitido em: 1230.5 minutos
2025-12-26 03:21:39 [WARNING] root - Bloco de componentes falhou: cannot unpack non-iterable int object
2025-12-26 03:21:39 [INFO] scanner - ✅ Validações OK [ETH/USDT]: Score=7.3, R:R=2.00
2025-12-26 03:21:39 [INFO] scanner - ⏸️  Throttle ativo [ETH/USDT]:
2025-12-26 03:21:39 [INFO] scanner -    ├─ Último alerta há 569.5 minutos
2025-12-26 03:21:39 [INFO] scanner -    ├─ Tempo mínimo: 1800 minutos
2025-12-26 03:21:39 [INFO] scanner -    └─ Próximo permitido em: 1230.5 minutos
2025-12-26 03:52:54 [INFO] scanner - ============================================================
2025-12-26 03:52:54 [INFO] scanner - 🚀 SCANNER INICIADO
2025-12-26 03:52:54 [INFO] scanner - 📅 Data/Hora: 26/12/2025 03:52:54
2025-12-26 03:52:54 [INFO] scanner - 📂 Log: logs/scanner_2025-12-26.log
2025-12-26 03:52:54 [INFO] scanner - ============================================================
2025-12-26 03:52:54 [INFO] scanner - 📝 PAPER MODE ATIVO - Apenas registro e análise
2025-12-26 03:52:57 [WARNING] root - Bloco de componentes falhou: cannot unpack non-iterable int object
2025-12-26 03:52:57 [INFO] scanner - ✅ Validações OK [BTC/USDT]: Score=7.3, R:R=2.08
2025-12-26 03:52:57 [INFO] scanner - ⏸️  Throttle ativo [BTC/USDT]:
2025-12-26 03:52:57 [INFO] scanner -    ├─ Último alerta há 600.8 minutos
2025-12-26 03:52:57 [INFO] scanner -    ├─ Tempo mínimo: 1800 minutos
2025-12-26 03:52:57 [INFO] scanner -    └─ Próximo permitido em: 1199.2 minutos
2025-12-26 03:52:57 [WARNING] root - Bloco de componentes falhou: cannot unpack non-iterable int object
2025-12-26 03:52:57 [INFO] scanner - ✅ Validações OK [BTC/USDT]: Score=7.3, R:R=2.08
2025-12-26 03:52:57 [INFO] scanner - ⏸️  Throttle ativo [BTC/USDT]:
2025-12-26 03:52:57 [INFO] scanner -    ├─ Último alerta há 600.8 minutos
2025-12-26 03:52:57 [INFO] scanner -    ├─ Tempo mínimo: 1800 minutos
2025-12-26 03:52:57 [INFO] scanner -    └─ Próximo permitido em: 1199.2 minutos
2025-12-26 03:52:59 [WARNING] root - Bloco de componentes falhou: cannot unpack non-iterable int object
2025-12-26 03:52:59 [INFO] scanner - ✅ Validações OK [ETH/USDT]: Score=7.3, R:R=2.00
2025-12-26 03:52:59 [INFO] scanner - ⏸️  Throttle ativo [ETH/USDT]:
2025-12-26 03:52:59 [INFO] scanner -    ├─ Último alerta há 600.8 minutos
2025-12-26 03:52:59 [INFO] scanner -    ├─ Tempo mínimo: 1800 minutos
2025-12-26 03:52:59 [INFO] scanner -    └─ Próximo permitido em: 1199.2 minutos
2025-12-26 04:16:48 [INFO] scanner - ============================================================
2025-12-26 04:16:48 [INFO] scanner - 🚀 SCANNER INICIADO
2025-12-26 04:16:48 [INFO] scanner - 📅 Data/Hora: 26/12/2025 04:16:48
2025-12-26 04:16:48 [INFO] scanner - 📂 Log: logs/scanner_2025-12-26.log
2025-12-26 04:16:48 [INFO] scanner - ============================================================
2025-12-26 04:16:48 [INFO] scanner - 📝 PAPER MODE ATIVO - Apenas registro e análise
2025-12-26 04:16:51 [WARNING] root - Bloco de componentes falhou: cannot unpack non-iterable int object
2025-12-26 04:16:51 [INFO] scanner - ✅ Validações OK [BTC/USDT]: Score=7.3, R:R=2.08
2025-12-26 04:16:51 [INFO] scanner - ⏸️  Throttle ativo [BTC/USDT]:
2025-12-26 04:16:51 [INFO] scanner -    ├─ Último alerta há 624.7 minutos
2025-12-26 04:16:51 [INFO] scanner -    ├─ Tempo mínimo: 1800 minutos
2025-12-26 04:16:51 [INFO] scanner -    └─ Próximo permitido em: 1175.3 minutos
2025-12-26 04:16:51 [WARNING] root - Bloco de componentes falhou: cannot unpack non-iterable int object
2025-12-26 04:16:51 [INFO] scanner - ✅ Validações OK [BTC/USDT]: Score=7.3, R:R=2.08
2025-12-26 04:16:51 [INFO] scanner - ⏸️  Throttle ativo [BTC/USDT]:
2025-12-26 04:16:51 [INFO] scanner -    ├─ Último alerta há 624.7 minutos
2025-12-26 04:16:51 [INFO] scanner -    ├─ Tempo mínimo: 1800 minutos
2025-12-26 04:16:51 [INFO] scanner -    └─ Próximo permitido em: 1175.3 minutos
2025-12-26 04:16:53 [WARNING] root - Bloco de componentes falhou: cannot unpack non-iterable int object
2025-12-26 04:16:53 [INFO] scanner - ✅ Validações OK [ETH/USDT]: Score=7.3, R:R=2.00
2025-12-26 04:16:53 [INFO] scanner - ⏸️  Throttle ativo [ETH/USDT]:
2025-12-26 04:16:53 [INFO] scanner -    ├─ Último alerta há 624.7 minutos
2025-12-26 04:16:53 [INFO] scanner -    ├─ Tempo mínimo: 1800 minutos
2025-12-26 04:16:53 [INFO] scanner -    └─ Próximo permitido em: 1175.3 minutos
2025-12-26 04:16:53 [WARNING] root - Bloco de componentes falhou: cannot unpack non-iterable int object
2025-12-26 04:16:53 [INFO] scanner - ✅ Validações OK [ETH/USDT]: Score=7.3, R:R=2.00
2025-12-26 04:16:53 [INFO] scanner - ⏸️  Throttle ativo [ETH/USDT]:
2025-12-26 04:16:53 [INFO] scanner -    ├─ Último alerta há 624.7 minutos
2025-12-26 04:16:53 [INFO] scanner -    ├─ Tempo mínimo: 1800 minutos
2025-12-26 04:16:53 [INFO] scanner -    └─ Próximo permitido em: 1175.3 minutos
2025-12-26 04:39:48 [INFO] scanner - ============================================================
2025-12-26 04:39:48 [INFO] scanner - 🚀 SCANNER INICIADO
2025-12-26 04:39:48 [INFO] scanner - 📅 Data/Hora: 26/12/2025 04:39:48
2025-12-26 04:39:48 [INFO] scanner - 📂 Log: logs/scanner_2025-12-26.log
2025-12-26 04:39:48 [INFO] scanner - ============================================================
2025-12-26 04:39:48 [INFO] scanner - 📝 PAPER MODE ATIVO - Apenas registro e análise
2025-12-26 04:39:51 [WARNING] root - Bloco de componentes falhou: cannot unpack non-iterable int object
2025-12-26 04:39:51 [INFO] scanner - ✅ Validações OK [BTC/USDT]: Score=7.8, R:R=2.08
2025-12-26 04:39:51 [INFO] scanner - ⏸️  Throttle ativo [BTC/USDT]:
2025-12-26 04:39:51 [INFO] scanner -    ├─ Último alerta há 647.8 minutos
2025-12-26 04:39:51 [INFO] scanner -    ├─ Tempo mínimo: 1800 minutos
2025-12-26 04:39:51 [INFO] scanner -    └─ Próximo permitido em: 1152.2 minutos
2025-12-26 04:39:52 [WARNING] root - Bloco de componentes falhou: cannot unpack non-iterable int object
2025-12-26 04:39:52 [INFO] scanner - ✅ Validações OK [BTC/USDT]: Score=7.3, R:R=2.08
2025-12-26 04:39:52 [INFO] scanner - ⏸️  Throttle ativo [BTC/USDT]:
2025-12-26 04:39:52 [INFO] scanner -    ├─ Último alerta há 647.8 minutos
2025-12-26 04:39:52 [INFO] scanner -    ├─ Tempo mínimo: 1800 minutos
2025-12-26 04:39:52 [INFO] scanner -    └─ Próximo permitido em: 1152.2 minutos
2025-12-26 04:39:52 [WARNING] root - Bloco de componentes falhou: cannot unpack non-iterable int object
2025-12-26 04:39:52 [INFO] scanner - ✅ Validações OK [BTC/USDT]: Score=7.3, R:R=2.08
2025-12-26 04:39:52 [INFO] scanner - ⏸️  Throttle ativo [BTC/USDT]:
2025-12-26 04:39:52 [INFO] scanner -    ├─ Último alerta há 647.8 minutos
2025-12-26 04:39:52 [INFO] scanner -    ├─ Tempo mínimo: 1800 minutos
2025-12-26 04:39:52 [INFO] scanner -    └─ Próximo permitido em: 1152.2 minutos
2025-12-26 04:39:54 [WARNING] root - Bloco de componentes falhou: cannot unpack non-iterable int object
2025-12-26 04:39:54 [INFO] scanner - ✅ Validações OK [ETH/USDT]: Score=7.3, R:R=2.00
2025-12-26 04:39:54 [INFO] scanner - ⏸️  Throttle ativo [ETH/USDT]:
2025-12-26 04:39:54 [INFO] scanner -    ├─ Último alerta há 647.7 minutos
2025-12-26 04:39:54 [INFO] scanner -    ├─ Tempo mínimo: 1800 minutos
2025-12-26 04:39:54 [INFO] scanner -    └─ Próximo permitido em: 1152.3 minutos
2025-12-26 04:49:15 [INFO] scanner - ============================================================
2025-12-26 04:49:15 [INFO] scanner - 🚀 SCANNER INICIADO
2025-12-26 04:49:15 [INFO] scanner - 📅 Data/Hora: 26/12/2025 04:49:15
2025-12-26 04:49:15 [INFO] scanner - 📂 Log: logs/scanner_2025-12-26.log
2025-12-26 04:49:15 [INFO] scanner - ============================================================
2025-12-26 04:49:15 [INFO] scanner - 📝 PAPER MODE ATIVO - Apenas registro e análise
2025-12-26 04:49:18 [WARNING] root - Bloco de componentes falhou: cannot unpack non-iterable int object
2025-12-26 04:49:18 [INFO] scanner - ✅ Validações OK [BTC/USDT]: Score=7.8, R:R=2.08
2025-12-26 04:49:18 [INFO] scanner - ⏸️  Throttle ativo [BTC/USDT]:
2025-12-26 04:49:18 [INFO] scanner -    ├─ Último alerta há 657.2 minutos
2025-12-26 04:49:18 [INFO] scanner -    ├─ Tempo mínimo: 1800 minutos
2025-12-26 04:49:18 [INFO] scanner -    └─ Próximo permitido em: 1142.8 minutos
2025-12-26 04:49:19 [WARNING] root - Bloco de componentes falhou: cannot unpack non-iterable int object
2025-12-26 04:49:19 [INFO] scanner - ✅ Validações OK [BTC/USDT]: Score=7.3, R:R=2.08
2025-12-26 04:49:19 [INFO] scanner - ⏸️  Throttle ativo [BTC/USDT]:
2025-12-26 04:49:19 [INFO] scanner -    ├─ Último alerta há 657.2 minutos
2025-12-26 04:49:19 [INFO] scanner -    ├─ Tempo mínimo: 1800 minutos
2025-12-26 04:49:19 [INFO] scanner -    └─ Próximo permitido em: 1142.8 minutos
2025-12-26 04:49:19 [WARNING] root - Bloco de componentes falhou: cannot unpack non-iterable int object
2025-12-26 04:49:19 [INFO] scanner - ✅ Validações OK [BTC/USDT]: Score=7.3, R:R=2.08
2025-12-26 04:49:19 [INFO] scanner - ⏸️  Throttle ativo [BTC/USDT]:
2025-12-26 04:49:19 [INFO] scanner -    ├─ Último alerta há 657.2 minutos
2025-12-26 04:49:19 [INFO] scanner -    ├─ Tempo mínimo: 1800 minutos
2025-12-26 04:49:19 [INFO] scanner -    └─ Próximo permitido em: 1142.8 minutos
2025-12-26 04:49:21 [WARNING] root - Bloco de componentes falhou: cannot unpack non-iterable int object
2025-12-26 04:49:21 [INFO] scanner - ✅ Validações OK [ETH/USDT]: Score=7.3, R:R=2.00
2025-12-26 04:49:21 [INFO] scanner - ⏸️  Throttle ativo [ETH/USDT]:
2025-12-26 04:49:21 [INFO] scanner -    ├─ Último alerta há 657.2 minutos
2025-12-26 04:49:21 [INFO] scanner -    ├─ Tempo mínimo: 1800 minutos
2025-12-26 04:49:21 [INFO] scanner -    └─ Próximo permitido em: 1142.8 minutos
2025-12-26 05:19:03 [INFO] scanner - ============================================================
2025-12-26 05:19:03 [INFO] scanner - 🚀 SCANNER INICIADO
2025-12-26 05:19:03 [INFO] scanner - 📅 Data/Hora: 26/12/2025 05:19:03
2025-12-26 05:19:03 [INFO] scanner - 📂 Log: logs/scanner_2025-12-26.log
2025-12-26 05:19:03 [INFO] scanner - ============================================================
2025-12-26 05:19:03 [INFO] scanner - 📝 PAPER MODE ATIVO - Apenas registro e análise
2025-12-26 05:19:06 [WARNING] root - Bloco de componentes falhou: cannot unpack non-iterable int object
2025-12-26 05:19:06 [INFO] scanner - ✅ Validações OK [BTC/USDT]: Score=7.8, R:R=2.08
2025-12-26 05:19:06 [INFO] scanner - ⏸️  Throttle ativo [BTC/USDT]:
2025-12-26 05:19:06 [INFO] scanner -    ├─ Último alerta há 687.0 minutos
2025-12-26 05:19:06 [INFO] scanner -    ├─ Tempo mínimo: 1800 minutos
2025-12-26 05:19:06 [INFO] scanner -    └─ Próximo permitido em: 1113.0 minutos
2025-12-26 05:19:06 [WARNING] root - Bloco de componentes falhou: cannot unpack non-iterable int object
2025-12-26 05:19:06 [INFO] scanner - ✅ Validações OK [BTC/USDT]: Score=7.3, R:R=2.08
2025-12-26 05:19:06 [INFO] scanner - ⏸️  Throttle ativo [BTC/USDT]:
2025-12-26 05:19:06 [INFO] scanner -    ├─ Último alerta há 687.0 minutos
2025-12-26 05:19:06 [INFO] scanner -    ├─ Tempo mínimo: 1800 minutos
2025-12-26 05:19:06 [INFO] scanner -    └─ Próximo permitido em: 1113.0 minutos
2025-12-26 05:19:06 [WARNING] root - Bloco de componentes falhou: cannot unpack non-iterable int object
2025-12-26 05:19:06 [INFO] scanner - ✅ Validações OK [BTC/USDT]: Score=7.3, R:R=2.08
2025-12-26 05:19:06 [INFO] scanner - ⏸️  Throttle ativo [BTC/USDT]:
2025-12-26 05:19:06 [INFO] scanner -    ├─ Último alerta há 687.0 minutos
2025-12-26 05:19:06 [INFO] scanner -    ├─ Tempo mínimo: 1800 minutos
2025-12-26 05:19:06 [INFO] scanner -    └─ Próximo permitido em: 1113.0 minutos
2025-12-26 05:19:08 [WARNING] root - Bloco de componentes falhou: cannot unpack non-iterable int object
2025-12-26 05:19:08 [INFO] scanner - ✅ Validações OK [ETH/USDT]: Score=7.3, R:R=2.00
2025-12-26 05:19:08 [INFO] scanner - ⏸️  Throttle ativo [ETH/USDT]:
2025-12-26 05:19:08 [INFO] scanner -    ├─ Último alerta há 687.0 minutos
2025-12-26 05:19:08 [INFO] scanner -    ├─ Tempo mínimo: 1800 minutos
2025-12-26 05:19:08 [INFO] scanner -    └─ Próximo permitido em: 1113.0 minutos
2025-12-26 05:48:02 [INFO] scanner - ============================================================
2025-12-26 05:48:02 [INFO] scanner - 🚀 SCANNER INICIADO
2025-12-26 05:48:02 [INFO] scanner - 📅 Data/Hora: 26/12/2025 05:48:02
2025-12-26 05:48:02 [INFO] scanner - 📂 Log: logs/scanner_2025-12-26.log
2025-12-26 05:48:02 [INFO] scanner - ============================================================
2025-12-26 05:48:02 [INFO] scanner - 📝 PAPER MODE ATIVO - Apenas registro e análise
2025-12-26 05:48:06 [WARNING] root - Bloco de componentes falhou: cannot unpack non-iterable int object
2025-12-26 05:48:06 [INFO] scanner - ✅ Validações OK [BTC/USDT]: Score=7.8, R:R=2.08
2025-12-26 05:48:06 [INFO] scanner - ⏸️  Throttle ativo [BTC/USDT]:
2025-12-26 05:48:06 [INFO] scanner -    ├─ Último alerta há 716.0 minutos
2025-12-26 05:48:06 [INFO] scanner -    ├─ Tempo mínimo: 1800 minutos
2025-12-26 05:48:06 [INFO] scanner -    └─ Próximo permitido em: 1084.0 minutos
2025-12-26 05:48:06 [WARNING] root - Bloco de componentes falhou: cannot unpack non-iterable int object
2025-12-26 05:48:06 [INFO] scanner - ✅ Validações OK [BTC/USDT]: Score=7.3, R:R=2.08
2025-12-26 05:48:06 [INFO] scanner - ⏸️  Throttle ativo [BTC/USDT]:
2025-12-26 05:48:06 [INFO] scanner -    ├─ Último alerta há 716.0 minutos
2025-12-26 05:48:06 [INFO] scanner -    ├─ Tempo mínimo: 1800 minutos
2025-12-26 05:48:06 [INFO] scanner -    └─ Próximo permitido em: 1084.0 minutos
2025-12-26 05:48:06 [WARNING] root - Bloco de componentes falhou: cannot unpack non-iterable int object
2025-12-26 05:48:06 [INFO] scanner - ✅ Validações OK [BTC/USDT]: Score=7.3, R:R=2.08
2025-12-26 05:48:06 [INFO] scanner - ⏸️  Throttle ativo [BTC/USDT]:
2025-12-26 05:48:06 [INFO] scanner -    ├─ Último alerta há 716.0 minutos
2025-12-26 05:48:06 [INFO] scanner -    ├─ Tempo mínimo: 1800 minutos
2025-12-26 05:48:06 [INFO] scanner -    └─ Próximo permitido em: 1084.0 minutos
2025-12-26 05:48:08 [WARNING] root - Bloco de componentes falhou: cannot unpack non-iterable int object
2025-12-26 05:48:08 [INFO] scanner - ✅ Validações OK [ETH/USDT]: Score=7.3, R:R=2.00
2025-12-26 05:48:08 [INFO] scanner - ⏸️  Throttle ativo [ETH/USDT]:
2025-12-26 05:48:08 [INFO] scanner -    ├─ Último alerta há 716.0 minutos
2025-12-26 05:48:08 [INFO] scanner -    ├─ Tempo mínimo: 1800 minutos
2025-12-26 05:48:08 [INFO] scanner -    └─ Próximo permitido em: 1084.0 minutos
2025-12-26 06:15:47 [INFO] scanner - ============================================================
2025-12-26 06:15:47 [INFO] scanner - 🚀 SCANNER INICIADO
2025-12-26 06:15:47 [INFO] scanner - 📅 Data/Hora: 26/12/2025 06:15:47
2025-12-26 06:15:47 [INFO] scanner - 📂 Log: logs/scanner_2025-12-26.log
2025-12-26 06:15:47 [INFO] scanner - ============================================================
2025-12-26 06:15:47 [INFO] scanner - 📝 PAPER MODE ATIVO - Apenas registro e análise
2025-12-26 06:16:04 [WARNING] root - Bloco de componentes falhou: cannot unpack non-iterable int object
2025-12-26 06:16:04 [INFO] scanner - ✅ Validações OK [BTC/USDT]: Score=7.3, R:R=2.08
2025-12-26 06:16:04 [INFO] scanner - ⏸️  Throttle ativo [BTC/USDT]:
2025-12-26 06:16:04 [INFO] scanner -    ├─ Último alerta há 744.0 minutos
2025-12-26 06:16:04 [INFO] scanner -    ├─ Tempo mínimo: 1800 minutos
2025-12-26 06:16:04 [INFO] scanner -    └─ Próximo permitido em: 1056.0 minutos
2025-12-26 06:16:04 [WARNING] root - Bloco de componentes falhou: cannot unpack non-iterable int object
2025-12-26 06:16:04 [INFO] scanner - ✅ Validações OK [BTC/USDT]: Score=7.3, R:R=2.08
2025-12-26 06:16:04 [INFO] scanner - ⏸️  Throttle ativo [BTC/USDT]:
2025-12-26 06:16:04 [INFO] scanner -    ├─ Último alerta há 744.0 minutos
2025-12-26 06:16:04 [INFO] scanner -    ├─ Tempo mínimo: 1800 minutos
2025-12-26 06:16:04 [INFO] scanner -    └─ Próximo permitido em: 1056.0 minutos
2025-12-26 06:16:07 [WARNING] root - Bloco de componentes falhou: cannot unpack non-iterable int object
2025-12-26 06:16:07 [INFO] scanner - ✅ Validações OK [ETH/USDT]: Score=7.3, R:R=2.00
2025-12-26 06:16:07 [INFO] scanner - ⏸️  Throttle ativo [ETH/USDT]:
2025-12-26 06:16:07 [INFO] scanner -    ├─ Último alerta há 744.0 minutos
2025-12-26 06:16:07 [INFO] scanner -    ├─ Tempo mínimo: 1800 minutos
2025-12-26 06:16:07 [INFO] scanner -    └─ Próximo permitido em: 1056.0 minutos
2025-12-26 06:41:39 [INFO] scanner - ============================================================
2025-12-26 06:41:39 [INFO] scanner - 🚀 SCANNER INICIADO
2025-12-26 06:41:39 [INFO] scanner - 📅 Data/Hora: 26/12/2025 06:41:39
2025-12-26 06:41:39 [INFO] scanner - 📂 Log: logs/scanner_2025-12-26.log
2025-12-26 06:41:39 [INFO] scanner - ============================================================
2025-12-26 06:41:39 [INFO] scanner - 📝 PAPER MODE ATIVO - Apenas registro e análise
2025-12-26 06:41:52 [WARNING] root - Bloco de componentes falhou: cannot unpack non-iterable int object
2025-12-26 06:41:52 [INFO] scanner - ✅ Validações OK [BTC/USDT]: Score=7.8, R:R=2.08
2025-12-26 06:41:52 [INFO] scanner - ⏸️  Throttle ativo [BTC/USDT]:
2025-12-26 06:41:52 [INFO] scanner -    ├─ Último alerta há 769.8 minutos
2025-12-26 06:41:52 [INFO] scanner -    ├─ Tempo mínimo: 1800 minutos
2025-12-26 06:41:52 [INFO] scanner -    └─ Próximo permitido em: 1030.2 minutos
2025-12-26 06:41:53 [WARNING] root - Bloco de componentes falhou: cannot unpack non-iterable int object
2025-12-26 06:41:53 [INFO] scanner - ✅ Validações OK [BTC/USDT]: Score=7.3, R:R=2.08
2025-12-26 06:41:53 [INFO] scanner - ⏸️  Throttle ativo [BTC/USDT]:
2025-12-26 06:41:53 [INFO] scanner -    ├─ Último alerta há 769.8 minutos
2025-12-26 06:41:53 [INFO] scanner -    ├─ Tempo mínimo: 1800 minutos
2025-12-26 06:41:53 [INFO] scanner -    └─ Próximo permitido em: 1030.2 minutos
2025-12-26 06:41:53 [WARNING] root - Bloco de componentes falhou: cannot unpack non-iterable int object
2025-12-26 06:41:53 [INFO] scanner - ✅ Validações OK [BTC/USDT]: Score=7.3, R:R=2.08
2025-12-26 06:41:53 [INFO] scanner - ⏸️  Throttle ativo [BTC/USDT]:
2025-12-26 06:41:53 [INFO] scanner -    ├─ Último alerta há 769.8 minutos
2025-12-26 06:41:53 [INFO] scanner -    ├─ Tempo mínimo: 1800 minutos
2025-12-26 06:41:53 [INFO] scanner -    └─ Próximo permitido em: 1030.2 minutos
2025-12-26 06:41:55 [WARNING] root - Bloco de componentes falhou: cannot unpack non-iterable int object
2025-12-26 06:41:55 [INFO] scanner - ✅ Validações OK [ETH/USDT]: Score=7.3, R:R=2.00
2025-12-26 06:41:55 [INFO] scanner - ⏸️  Throttle ativo [ETH/USDT]:
2025-12-26 06:41:55 [INFO] scanner -    ├─ Último alerta há 769.8 minutos
2025-12-26 06:41:55 [INFO] scanner -    ├─ Tempo mínimo: 1800 minutos
2025-12-26 06:41:55 [INFO] scanner -    └─ Próximo permitido em: 1030.2 minutos
2025-12-26 06:51:30 [INFO] scanner - ============================================================
2025-12-26 06:51:30 [INFO] scanner - 🚀 SCANNER INICIADO
2025-12-26 06:51:30 [INFO] scanner - 📅 Data/Hora: 26/12/2025 06:51:30
2025-12-26 06:51:30 [INFO] scanner - 📂 Log: logs/scanner_2025-12-26.log
2025-12-26 06:51:30 [INFO] scanner - ============================================================
2025-12-26 06:51:30 [INFO] scanner - 📝 PAPER MODE ATIVO - Apenas registro e análise
2025-12-26 06:51:34 [WARNING] root - Bloco de componentes falhou: cannot unpack non-iterable int object
2025-12-26 06:51:34 [INFO] scanner - ✅ Validações OK [BTC/USDT]: Score=7.8, R:R=2.08
2025-12-26 06:51:34 [INFO] scanner - ⏸️  Throttle ativo [BTC/USDT]:
2025-12-26 06:51:34 [INFO] scanner -    ├─ Último alerta há 779.5 minutos
2025-12-26 06:51:34 [INFO] scanner -    ├─ Tempo mínimo: 1800 minutos
2025-12-26 06:51:34 [INFO] scanner -    └─ Próximo permitido em: 1020.5 minutos
2025-12-26 06:51:35 [WARNING] root - Bloco de componentes falhou: cannot unpack non-iterable int object
2025-12-26 06:51:35 [INFO] scanner - ✅ Validações OK [BTC/USDT]: Score=7.3, R:R=2.08
2025-12-26 06:51:35 [INFO] scanner - ⏸️  Throttle ativo [BTC/USDT]:
2025-12-26 06:51:35 [INFO] scanner -    ├─ Último alerta há 779.5 minutos
2025-12-26 06:51:35 [INFO] scanner -    ├─ Tempo mínimo: 1800 minutos
2025-12-26 06:51:35 [INFO] scanner -    └─ Próximo permitido em: 1020.5 minutos
2025-12-26 06:51:35 [WARNING] root - Bloco de componentes falhou: cannot unpack non-iterable int object
2025-12-26 06:51:35 [INFO] scanner - ✅ Validações OK [BTC/USDT]: Score=7.3, R:R=2.08
2025-12-26 06:51:35 [INFO] scanner - ⏸️  Throttle ativo [BTC/USDT]:
2025-12-26 06:51:35 [INFO] scanner -    ├─ Último alerta há 779.5 minutos
2025-12-26 06:51:35 [INFO] scanner -    ├─ Tempo mínimo: 1800 minutos
2025-12-26 06:51:35 [INFO] scanner -    └─ Próximo permitido em: 1020.5 minutos
2025-12-26 06:51:37 [WARNING] root - Bloco de componentes falhou: cannot unpack non-iterable int object
2025-12-26 06:51:37 [INFO] scanner - ✅ Validações OK [ETH/USDT]: Score=7.3, R:R=2.00
2025-12-26 06:51:37 [INFO] scanner - ⏸️  Throttle ativo [ETH/USDT]:
2025-12-26 06:51:37 [INFO] scanner -    ├─ Último alerta há 779.5 minutos
2025-12-26 06:51:37 [INFO] scanner -    ├─ Tempo mínimo: 1800 minutos
2025-12-26 06:51:37 [INFO] scanner -    └─ Próximo permitido em: 1020.5 minutos
