2026-04-06 04:19:06 [INFO] scanner - ============================================================
2026-04-06 04:19:06 [INFO] scanner - 🚀 SCANNER INICIADO
2026-04-06 04:19:06 [INFO] scanner - 📅 Data/Hora: 06/04/2026 04:19:06
2026-04-06 04:19:06 [INFO] scanner - 📂 Log: logs/scanner_2026-04-06.log
2026-04-06 04:19:06 [INFO] scanner - ============================================================
2026-04-06 04:19:06 [INFO] scanner - 📝 PAPER MODE ATIVO - Apenas registro e análise
2026-04-06 04:19:10 [WARNING] root - Bloco de componentes falhou: cannot unpack non-iterable int object
2026-04-06 04:19:10 [INFO] scanner - ✅ Validações OK [BTC/USDT]: Score=7.3, R:R=2.08
2026-04-06 04:19:10 [INFO] scanner - ⏸️  Throttle ativo [BTC/USDT]:
2026-04-06 04:19:10 [INFO] scanner -    ├─ Último alerta há 656.2 minutos
2026-04-06 04:19:10 [INFO] scanner -    ├─ Tempo mínimo: 1800 minutos
2026-04-06 04:19:10 [INFO] scanner -    └─ Próximo permitido em: 1143.8 minutos
2026-04-06 04:19:12 [WARNING] root - Bloco de componentes falhou: cannot unpack non-iterable int object
2026-04-06 04:19:12 [INFO] scanner - ✅ Validações OK [ETH/USDT]: Score=7.8, R:R=2.00
2026-04-06 04:19:12 [INFO] scanner - ⏸️  Throttle ativo [ETH/USDT]:
2026-04-06 04:19:12 [INFO] scanner -    ├─ Último alerta há 592.5 minutos
2026-04-06 04:19:12 [INFO] scanner -    ├─ Tempo mínimo: 1800 minutos
2026-04-06 04:19:12 [INFO] scanner -    └─ Próximo permitido em: 1207.5 minutos
2026-04-06 05:50:50 [INFO] scanner - ============================================================
2026-04-06 05:50:50 [INFO] scanner - 🚀 SCANNER INICIADO
2026-04-06 05:50:50 [INFO] scanner - 📅 Data/Hora: 06/04/2026 05:50:50
2026-04-06 05:50:50 [INFO] scanner - 📂 Log: logs/scanner_2026-04-06.log
2026-04-06 05:50:50 [INFO] scanner - ============================================================
2026-04-06 05:50:50 [INFO] scanner - 📝 PAPER MODE ATIVO - Apenas registro e análise
2026-04-06 05:50:54 [WARNING] root - Bloco de componentes falhou: cannot unpack non-iterable int object
2026-04-06 05:50:54 [INFO] scanner - ✅ Validações OK [BTC/USDT]: Score=7.8, R:R=2.08
2026-04-06 05:50:54 [INFO] scanner - ⏸️  Throttle ativo [BTC/USDT]:
2026-04-06 05:50:54 [INFO] scanner -    ├─ Último alerta há 747.9 minutos
2026-04-06 05:50:54 [INFO] scanner -    ├─ Tempo mínimo: 1800 minutos
2026-04-06 05:50:54 [INFO] scanner -    └─ Próximo permitido em: 1052.1 minutos
2026-04-06 05:50:54 [WARNING] root - Bloco de componentes falhou: cannot unpack non-iterable int object
2026-04-06 05:50:54 [INFO] scanner - ✅ Validações OK [BTC/USDT]: Score=7.8, R:R=2.08
2026-04-06 05:50:54 [INFO] scanner - ⏸️  Throttle ativo [BTC/USDT]:
2026-04-06 05:50:54 [INFO] scanner -    ├─ Último alerta há 747.9 minutos
2026-04-06 05:50:54 [INFO] scanner -    ├─ Tempo mínimo: 1800 minutos
2026-04-06 05:50:54 [INFO] scanner -    └─ Próximo permitido em: 1052.1 minutos
2026-04-06 05:50:56 [WARNING] root - Bloco de componentes falhou: cannot unpack non-iterable int object
2026-04-06 05:50:56 [INFO] scanner - ✅ Validações OK [ETH/USDT]: Score=8.3, R:R=2.00
2026-04-06 05:50:56 [INFO] scanner - ⏸️  Throttle ativo [ETH/USDT]:
2026-04-06 05:50:56 [INFO] scanner -    ├─ Último alerta há 684.2 minutos
2026-04-06 05:50:56 [INFO] scanner -    ├─ Tempo mínimo: 1800 minutos
2026-04-06 05:50:56 [INFO] scanner -    └─ Próximo permitido em: 1115.8 minutos
2026-04-06 05:50:57 [WARNING] root - Bloco de componentes falhou: cannot unpack non-iterable int object
2026-04-06 05:50:57 [INFO] scanner - ✅ Validações OK [ETH/USDT]: Score=7.8, R:R=2.00
2026-04-06 05:50:57 [INFO] scanner - ⏸️  Throttle ativo [ETH/USDT]:
2026-04-06 05:50:57 [INFO] scanner -    ├─ Último alerta há 684.2 minutos
2026-04-06 05:50:57 [INFO] scanner -    ├─ Tempo mínimo: 1800 minutos
2026-04-06 05:50:57 [INFO] scanner -    └─ Próximo permitido em: 1115.8 minutos
2026-04-06 05:50:57 [WARNING] root - Bloco de componentes falhou: cannot unpack non-iterable int object
2026-04-06 05:50:57 [INFO] scanner - ✅ Validações OK [ETH/USDT]: Score=7.8, R:R=2.00
2026-04-06 05:50:57 [INFO] scanner - ⏸️  Throttle ativo [ETH/USDT]:
2026-04-06 05:50:57 [INFO] scanner -    ├─ Último alerta há 684.3 minutos
2026-04-06 05:50:57 [INFO] scanner -    ├─ Tempo mínimo: 1800 minutos
2026-04-06 05:50:57 [INFO] scanner -    └─ Próximo permitido em: 1115.7 minutos
2026-04-06 07:01:26 [INFO] scanner - ============================================================
2026-04-06 07:01:26 [INFO] scanner - 🚀 SCANNER INICIADO
2026-04-06 07:01:26 [INFO] scanner - 📅 Data/Hora: 06/04/2026 07:01:26
2026-04-06 07:01:26 [INFO] scanner - 📂 Log: logs/scanner_2026-04-06.log
2026-04-06 07:01:26 [INFO] scanner - ============================================================
2026-04-06 07:01:26 [INFO] scanner - 📝 PAPER MODE ATIVO - Apenas registro e análise
2026-04-06 07:01:29 [WARNING] root - Bloco de componentes falhou: cannot unpack non-iterable int object
2026-04-06 07:01:29 [INFO] scanner - ✅ Validações OK [BTC/USDT]: Score=8.3, R:R=2.08
2026-04-06 07:01:29 [INFO] scanner - ⏸️  Throttle ativo [BTC/USDT]:
2026-04-06 07:01:29 [INFO] scanner -    ├─ Último alerta há 818.5 minutos
2026-04-06 07:01:29 [INFO] scanner -    ├─ Tempo mínimo: 1800 minutos
2026-04-06 07:01:29 [INFO] scanner -    └─ Próximo permitido em: 981.5 minutos
2026-04-06 07:01:29 [WARNING] root - Bloco de componentes falhou: cannot unpack non-iterable int object
2026-04-06 07:01:29 [INFO] scanner - ✅ Validações OK [BTC/USDT]: Score=7.8, R:R=2.08
2026-04-06 07:01:29 [INFO] scanner - ⏸️  Throttle ativo [BTC/USDT]:
2026-04-06 07:01:29 [INFO] scanner -    ├─ Último alerta há 818.5 minutos
2026-04-06 07:01:29 [INFO] scanner -    ├─ Tempo mínimo: 1800 minutos
2026-04-06 07:01:29 [INFO] scanner -    └─ Próximo permitido em: 981.5 minutos
2026-04-06 07:01:29 [WARNING] root - Bloco de componentes falhou: cannot unpack non-iterable int object
2026-04-06 07:01:29 [INFO] scanner - ✅ Validações OK [BTC/USDT]: Score=7.8, R:R=2.08
2026-04-06 07:01:29 [INFO] scanner - ⏸️  Throttle ativo [BTC/USDT]:
2026-04-06 07:01:29 [INFO] scanner -    ├─ Último alerta há 818.5 minutos
2026-04-06 07:01:29 [INFO] scanner -    ├─ Tempo mínimo: 1800 minutos
2026-04-06 07:01:29 [INFO] scanner -    └─ Próximo permitido em: 981.5 minutos
2026-04-06 07:01:31 [WARNING] root - Bloco de componentes falhou: cannot unpack non-iterable int object
2026-04-06 07:01:31 [INFO] scanner - ✅ Validações OK [ETH/USDT]: Score=8.3, R:R=2.00
2026-04-06 07:01:31 [INFO] scanner - ⏸️  Throttle ativo [ETH/USDT]:
2026-04-06 07:01:31 [INFO] scanner -    ├─ Último alerta há 754.8 minutos
2026-04-06 07:01:31 [INFO] scanner -    ├─ Tempo mínimo: 1800 minutos
2026-04-06 07:01:31 [INFO] scanner -    └─ Próximo permitido em: 1045.2 minutos
2026-04-06 07:01:32 [WARNING] root - Bloco de componentes falhou: cannot unpack non-iterable int object
2026-04-06 07:01:32 [INFO] scanner - ✅ Validações OK [ETH/USDT]: Score=7.8, R:R=2.00
2026-04-06 07:01:32 [INFO] scanner - ⏸️  Throttle ativo [ETH/USDT]:
2026-04-06 07:01:32 [INFO] scanner -    ├─ Último alerta há 754.8 minutos
2026-04-06 07:01:32 [INFO] scanner -    ├─ Tempo mínimo: 1800 minutos
2026-04-06 07:01:32 [INFO] scanner -    └─ Próximo permitido em: 1045.2 minutos
2026-04-06 07:01:32 [WARNING] root - Bloco de componentes falhou: cannot unpack non-iterable int object
2026-04-06 07:01:32 [INFO] scanner - ✅ Validações OK [ETH/USDT]: Score=7.8, R:R=2.00
2026-04-06 07:01:32 [INFO] scanner - ⏸️  Throttle ativo [ETH/USDT]:
2026-04-06 07:01:32 [INFO] scanner -    ├─ Último alerta há 754.8 minutos
2026-04-06 07:01:32 [INFO] scanner -    ├─ Tempo mínimo: 1800 minutos
2026-04-06 07:01:32 [INFO] scanner -    └─ Próximo permitido em: 1045.2 minutos
2026-04-06 08:11:09 [INFO] scanner - ============================================================
2026-04-06 08:11:09 [INFO] scanner - 🚀 SCANNER INICIADO
2026-04-06 08:11:09 [INFO] scanner - 📅 Data/Hora: 06/04/2026 08:11:09
2026-04-06 08:11:09 [INFO] scanner - 📂 Log: logs/scanner_2026-04-06.log
2026-04-06 08:11:09 [INFO] scanner - ============================================================
2026-04-06 08:11:09 [INFO] scanner - 📝 PAPER MODE ATIVO - Apenas registro e análise
2026-04-06 08:11:12 [WARNING] root - Bloco de componentes falhou: cannot unpack non-iterable int object
2026-04-06 08:11:12 [INFO] scanner - ✅ Validações OK [BTC/USDT]: Score=7.8, R:R=2.08
2026-04-06 08:11:12 [INFO] scanner - ⏸️  Throttle ativo [BTC/USDT]:
2026-04-06 08:11:12 [INFO] scanner -    ├─ Último alerta há 888.2 minutos
2026-04-06 08:11:12 [INFO] scanner -    ├─ Tempo mínimo: 1800 minutos
2026-04-06 08:11:12 [INFO] scanner -    └─ Próximo permitido em: 911.8 minutos
2026-04-06 08:11:12 [WARNING] root - Bloco de componentes falhou: cannot unpack non-iterable int object
2026-04-06 08:11:12 [INFO] scanner - ✅ Validações OK [BTC/USDT]: Score=7.8, R:R=2.08
2026-04-06 08:11:12 [INFO] scanner - ⏸️  Throttle ativo [BTC/USDT]:
2026-04-06 08:11:12 [INFO] scanner -    ├─ Último alerta há 888.2 minutos
2026-04-06 08:11:12 [INFO] scanner -    ├─ Tempo mínimo: 1800 minutos
2026-04-06 08:11:12 [INFO] scanner -    └─ Próximo permitido em: 911.8 minutos
2026-04-06 08:11:15 [WARNING] root - Bloco de componentes falhou: cannot unpack non-iterable int object
2026-04-06 08:11:15 [INFO] scanner - ✅ Validações OK [ETH/USDT]: Score=7.8, R:R=2.00
2026-04-06 08:11:15 [INFO] scanner - ⏸️  Throttle ativo [ETH/USDT]:
2026-04-06 08:11:15 [INFO] scanner -    ├─ Último alerta há 824.5 minutos
2026-04-06 08:11:15 [INFO] scanner -    ├─ Tempo mínimo: 1800 minutos
2026-04-06 08:11:15 [INFO] scanner -    └─ Próximo permitido em: 975.5 minutos
2026-04-06 08:11:15 [WARNING] root - Bloco de componentes falhou: cannot unpack non-iterable int object
2026-04-06 08:11:15 [INFO] scanner - ✅ Validações OK [ETH/USDT]: Score=7.8, R:R=2.00
2026-04-06 08:11:15 [INFO] scanner - ⏸️  Throttle ativo [ETH/USDT]:
2026-04-06 08:11:15 [INFO] scanner -    ├─ Último alerta há 824.5 minutos
2026-04-06 08:11:15 [INFO] scanner -    ├─ Tempo mínimo: 1800 minutos
2026-04-06 08:11:15 [INFO] scanner -    └─ Próximo permitido em: 975.5 minutos
2026-04-06 08:57:35 [INFO] scanner - ============================================================
2026-04-06 08:57:35 [INFO] scanner - 🚀 SCANNER INICIADO
2026-04-06 08:57:35 [INFO] scanner - 📅 Data/Hora: 06/04/2026 08:57:35
2026-04-06 08:57:35 [INFO] scanner - 📂 Log: logs/scanner_2026-04-06.log
2026-04-06 08:57:35 [INFO] scanner - ============================================================
2026-04-06 08:57:35 [INFO] scanner - 📝 PAPER MODE ATIVO - Apenas registro e análise
2026-04-06 08:57:39 [WARNING] root - Bloco de componentes falhou: cannot unpack non-iterable int object
2026-04-06 08:57:39 [INFO] scanner - ✅ Validações OK [BTC/USDT]: Score=7.3, R:R=2.08
2026-04-06 08:57:39 [INFO] scanner - ⏸️  Throttle ativo [BTC/USDT]:
2026-04-06 08:57:39 [INFO] scanner -    ├─ Último alerta há 934.6 minutos
2026-04-06 08:57:39 [INFO] scanner -    ├─ Tempo mínimo: 1800 minutos
2026-04-06 08:57:39 [INFO] scanner -    └─ Próximo permitido em: 865.4 minutos
2026-04-06 08:57:39 [WARNING] root - Bloco de componentes falhou: cannot unpack non-iterable int object
2026-04-06 08:57:39 [INFO] scanner - ✅ Validações OK [BTC/USDT]: Score=7.3, R:R=2.08
2026-04-06 08:57:39 [INFO] scanner - ⏸️  Throttle ativo [BTC/USDT]:
2026-04-06 08:57:39 [INFO] scanner -    ├─ Último alerta há 934.6 minutos
2026-04-06 08:57:39 [INFO] scanner -    ├─ Tempo mínimo: 1800 minutos
2026-04-06 08:57:39 [INFO] scanner -    └─ Próximo permitido em: 865.4 minutos
2026-04-06 08:57:41 [WARNING] root - Bloco de componentes falhou: cannot unpack non-iterable int object
2026-04-06 08:57:41 [INFO] scanner - ✅ Validações OK [ETH/USDT]: Score=7.8, R:R=2.00
2026-04-06 08:57:41 [INFO] scanner - ⏸️  Throttle ativo [ETH/USDT]:
2026-04-06 08:57:41 [INFO] scanner -    ├─ Último alerta há 871.0 minutos
2026-04-06 08:57:41 [INFO] scanner -    ├─ Tempo mínimo: 1800 minutos
2026-04-06 08:57:41 [INFO] scanner -    └─ Próximo permitido em: 929.0 minutos
2026-04-06 08:57:42 [WARNING] root - Bloco de componentes falhou: cannot unpack non-iterable int object
2026-04-06 08:57:42 [INFO] scanner - ✅ Validações OK [ETH/USDT]: Score=7.8, R:R=2.00
2026-04-06 08:57:42 [INFO] scanner - ⏸️  Throttle ativo [ETH/USDT]:
2026-04-06 08:57:42 [INFO] scanner -    ├─ Último alerta há 871.0 minutos
2026-04-06 08:57:42 [INFO] scanner -    ├─ Tempo mínimo: 1800 minutos
2026-04-06 08:57:42 [INFO] scanner -    └─ Próximo permitido em: 929.0 minutos
2026-04-06 10:05:07 [INFO] scanner - ============================================================
2026-04-06 10:05:07 [INFO] scanner - 🚀 SCANNER INICIADO
2026-04-06 10:05:07 [INFO] scanner - 📅 Data/Hora: 06/04/2026 10:05:07
2026-04-06 10:05:07 [INFO] scanner - 📂 Log: logs/scanner_2026-04-06.log
2026-04-06 10:05:07 [INFO] scanner - ============================================================
2026-04-06 10:05:07 [INFO] scanner - 📝 PAPER MODE ATIVO - Apenas registro e análise
2026-04-06 10:05:11 [WARNING] root - Bloco de componentes falhou: cannot unpack non-iterable int object
2026-04-06 10:05:11 [INFO] scanner - ✅ Validações OK [BTC/USDT]: Score=7.8, R:R=2.08
2026-04-06 10:05:11 [INFO] scanner - ⏸️  Throttle ativo [BTC/USDT]:
2026-04-06 10:05:11 [INFO] scanner -    ├─ Último alerta há 1002.2 minutos
2026-04-06 10:05:11 [INFO] scanner -    ├─ Tempo mínimo: 1800 minutos
2026-04-06 10:05:11 [INFO] scanner -    └─ Próximo permitido em: 797.8 minutos
2026-04-06 10:05:11 [WARNING] root - Bloco de componentes falhou: cannot unpack non-iterable int object
2026-04-06 10:05:11 [INFO] scanner - ✅ Validações OK [BTC/USDT]: Score=7.8, R:R=2.08
2026-04-06 10:05:11 [INFO] scanner - ⏸️  Throttle ativo [BTC/USDT]:
2026-04-06 10:05:11 [INFO] scanner -    ├─ Último alerta há 1002.2 minutos
2026-04-06 10:05:11 [INFO] scanner -    ├─ Tempo mínimo: 1800 minutos
2026-04-06 10:05:11 [INFO] scanner -    └─ Próximo permitido em: 797.8 minutos
2026-04-06 10:05:13 [WARNING] root - Bloco de componentes falhou: cannot unpack non-iterable int object
2026-04-06 10:05:13 [INFO] scanner - ✅ Validações OK [ETH/USDT]: Score=7.3, R:R=2.00
2026-04-06 10:05:13 [INFO] scanner - ⏸️  Throttle ativo [ETH/USDT]:
2026-04-06 10:05:13 [INFO] scanner -    ├─ Último alerta há 938.5 minutos
2026-04-06 10:05:13 [INFO] scanner -    ├─ Tempo mínimo: 1800 minutos
2026-04-06 10:05:13 [INFO] scanner -    └─ Próximo permitido em: 861.5 minutos
2026-04-06 10:05:13 [WARNING] root - Bloco de componentes falhou: cannot unpack non-iterable int object
2026-04-06 10:05:13 [INFO] scanner - ✅ Validações OK [ETH/USDT]: Score=7.3, R:R=2.00
2026-04-06 10:05:13 [INFO] scanner - ⏸️  Throttle ativo [ETH/USDT]:
2026-04-06 10:05:13 [INFO] scanner -    ├─ Último alerta há 938.5 minutos
2026-04-06 10:05:13 [INFO] scanner -    ├─ Tempo mínimo: 1800 minutos
2026-04-06 10:05:13 [INFO] scanner -    └─ Próximo permitido em: 861.5 minutos
2026-04-06 11:14:17 [INFO] scanner - ============================================================
2026-04-06 11:14:17 [INFO] scanner - 🚀 SCANNER INICIADO
2026-04-06 11:14:17 [INFO] scanner - 📅 Data/Hora: 06/04/2026 11:14:17
2026-04-06 11:14:17 [INFO] scanner - 📂 Log: logs/scanner_2026-04-06.log
2026-04-06 11:14:17 [INFO] scanner - ============================================================
2026-04-06 11:14:17 [INFO] scanner - 📝 PAPER MODE ATIVO - Apenas registro e análise
2026-04-06 11:14:21 [WARNING] root - Bloco de componentes falhou: cannot unpack non-iterable int object
2026-04-06 11:14:21 [INFO] scanner - ✅ Validações OK [BTC/USDT]: Score=8.3, R:R=2.08
2026-04-06 11:14:21 [INFO] scanner - ⏸️  Throttle ativo [BTC/USDT]:
2026-04-06 11:14:21 [INFO] scanner -    ├─ Último alerta há 1071.3 minutos
2026-04-06 11:14:21 [INFO] scanner -    ├─ Tempo mínimo: 1800 minutos
2026-04-06 11:14:21 [INFO] scanner -    └─ Próximo permitido em: 728.7 minutos
2026-04-06 11:14:21 [WARNING] root - Bloco de componentes falhou: cannot unpack non-iterable int object
2026-04-06 11:14:21 [INFO] scanner - ✅ Validações OK [BTC/USDT]: Score=7.8, R:R=2.08
2026-04-06 11:14:21 [INFO] scanner - ⏸️  Throttle ativo [BTC/USDT]:
2026-04-06 11:14:21 [INFO] scanner -    ├─ Último alerta há 1071.3 minutos
2026-04-06 11:14:21 [INFO] scanner -    ├─ Tempo mínimo: 1800 minutos
2026-04-06 11:14:21 [INFO] scanner -    └─ Próximo permitido em: 728.7 minutos
2026-04-06 11:14:23 [WARNING] root - Bloco de componentes falhou: cannot unpack non-iterable int object
2026-04-06 11:14:23 [INFO] scanner - ✅ Validações OK [ETH/USDT]: Score=7.8, R:R=2.00
2026-04-06 11:14:23 [INFO] scanner - ⏸️  Throttle ativo [ETH/USDT]:
2026-04-06 11:14:23 [INFO] scanner -    ├─ Último alerta há 1007.7 minutos
2026-04-06 11:14:23 [INFO] scanner -    ├─ Tempo mínimo: 1800 minutos
2026-04-06 11:14:23 [INFO] scanner -    └─ Próximo permitido em: 792.3 minutos
2026-04-06 11:14:23 [WARNING] root - Bloco de componentes falhou: cannot unpack non-iterable int object
2026-04-06 11:14:23 [INFO] scanner - ✅ Validações OK [ETH/USDT]: Score=7.8, R:R=2.00
2026-04-06 11:14:23 [INFO] scanner - ⏸️  Throttle ativo [ETH/USDT]:
2026-04-06 11:14:23 [INFO] scanner -    ├─ Último alerta há 1007.7 minutos
2026-04-06 11:14:23 [INFO] scanner -    ├─ Tempo mínimo: 1800 minutos
2026-04-06 11:14:23 [INFO] scanner -    └─ Próximo permitido em: 792.3 minutos
2026-04-06 12:06:20 [INFO] scanner - ============================================================
2026-04-06 12:06:20 [INFO] scanner - 🚀 SCANNER INICIADO
2026-04-06 12:06:20 [INFO] scanner - 📅 Data/Hora: 06/04/2026 12:06:20
2026-04-06 12:06:20 [INFO] scanner - 📂 Log: logs/scanner_2026-04-06.log
2026-04-06 12:06:20 [INFO] scanner - ============================================================
2026-04-06 12:06:20 [INFO] scanner - 📝 PAPER MODE ATIVO - Apenas registro e análise
2026-04-06 12:06:23 [WARNING] root - Bloco de componentes falhou: cannot unpack non-iterable int object
2026-04-06 12:06:23 [INFO] scanner - ✅ Validações OK [BTC/USDT]: Score=7.3, R:R=2.08
2026-04-06 12:06:23 [INFO] scanner - ⏸️  Throttle ativo [BTC/USDT]:
2026-04-06 12:06:23 [INFO] scanner -    ├─ Último alerta há 1123.4 minutos
2026-04-06 12:06:23 [INFO] scanner -    ├─ Tempo mínimo: 1800 minutos
2026-04-06 12:06:23 [INFO] scanner -    └─ Próximo permitido em: 676.6 minutos
2026-04-06 12:06:25 [WARNING] root - Bloco de componentes falhou: cannot unpack non-iterable int object
2026-04-06 12:06:25 [INFO] scanner - ✅ Validações OK [ETH/USDT]: Score=7.3, R:R=2.00
2026-04-06 12:06:25 [INFO] scanner - ⏸️  Throttle ativo [ETH/USDT]:
2026-04-06 12:06:25 [INFO] scanner -    ├─ Último alerta há 1059.7 minutos
2026-04-06 12:06:25 [INFO] scanner -    ├─ Tempo mínimo: 1800 minutos
2026-04-06 12:06:25 [INFO] scanner -    └─ Próximo permitido em: 740.3 minutos
2026-04-06 12:59:39 [INFO] scanner - ============================================================
2026-04-06 12:59:39 [INFO] scanner - 🚀 SCANNER INICIADO
2026-04-06 12:59:39 [INFO] scanner - 📅 Data/Hora: 06/04/2026 12:59:39
2026-04-06 12:59:39 [INFO] scanner - 📂 Log: logs/scanner_2026-04-06.log
2026-04-06 12:59:39 [INFO] scanner - ============================================================
2026-04-06 12:59:39 [INFO] scanner - 📝 PAPER MODE ATIVO - Apenas registro e análise
2026-04-06 12:59:42 [WARNING] root - Bloco de componentes falhou: cannot unpack non-iterable int object
2026-04-06 12:59:42 [INFO] scanner - ✅ Validações OK [BTC/USDT]: Score=7.8, R:R=2.08
2026-04-06 12:59:42 [INFO] scanner - ⏸️  Throttle ativo [BTC/USDT]:
2026-04-06 12:59:42 [INFO] scanner -    ├─ Último alerta há 1176.7 minutos
2026-04-06 12:59:42 [INFO] scanner -    ├─ Tempo mínimo: 1800 minutos
2026-04-06 12:59:42 [INFO] scanner -    └─ Próximo permitido em: 623.3 minutos
2026-04-06 12:59:43 [WARNING] root - Bloco de componentes falhou: cannot unpack non-iterable int object
2026-04-06 12:59:43 [INFO] scanner - ✅ Validações OK [BTC/USDT]: Score=7.8, R:R=2.08
2026-04-06 12:59:43 [INFO] scanner - ⏸️  Throttle ativo [BTC/USDT]:
2026-04-06 12:59:43 [INFO] scanner -    ├─ Último alerta há 1176.7 minutos
2026-04-06 12:59:43 [INFO] scanner -    ├─ Tempo mínimo: 1800 minutos
2026-04-06 12:59:43 [INFO] scanner -    └─ Próximo permitido em: 623.3 minutos
2026-04-06 12:59:45 [WARNING] root - Bloco de componentes falhou: cannot unpack non-iterable int object
2026-04-06 12:59:45 [INFO] scanner - ✅ Validações OK [ETH/USDT]: Score=7.8, R:R=2.00
2026-04-06 12:59:45 [INFO] scanner - ⏸️  Throttle ativo [ETH/USDT]:
2026-04-06 12:59:45 [INFO] scanner -    ├─ Último alerta há 1113.0 minutos
2026-04-06 12:59:45 [INFO] scanner -    ├─ Tempo mínimo: 1800 minutos
2026-04-06 12:59:45 [INFO] scanner -    └─ Próximo permitido em: 687.0 minutos
2026-04-06 12:59:45 [WARNING] root - Bloco de componentes falhou: cannot unpack non-iterable int object
2026-04-06 12:59:45 [INFO] scanner - ✅ Validações OK [ETH/USDT]: Score=7.8, R:R=2.00
2026-04-06 12:59:45 [INFO] scanner - ⏸️  Throttle ativo [ETH/USDT]:
2026-04-06 12:59:45 [INFO] scanner -    ├─ Último alerta há 1113.0 minutos
2026-04-06 12:59:45 [INFO] scanner -    ├─ Tempo mínimo: 1800 minutos
2026-04-06 12:59:45 [INFO] scanner -    └─ Próximo permitido em: 687.0 minutos
2026-04-06 13:54:00 [INFO] scanner - ============================================================
2026-04-06 13:54:00 [INFO] scanner - 🚀 SCANNER INICIADO
2026-04-06 13:54:00 [INFO] scanner - 📅 Data/Hora: 06/04/2026 13:54:00
2026-04-06 13:54:00 [INFO] scanner - 📂 Log: logs/scanner_2026-04-06.log
2026-04-06 13:54:00 [INFO] scanner - ============================================================
2026-04-06 13:54:00 [INFO] scanner - 📝 PAPER MODE ATIVO - Apenas registro e análise
2026-04-06 13:54:03 [WARNING] root - Bloco de componentes falhou: cannot unpack non-iterable int object
2026-04-06 13:54:03 [INFO] scanner - ✅ Validações OK [BTC/USDT]: Score=7.8, R:R=2.08
2026-04-06 13:54:03 [INFO] scanner - ⏸️  Throttle ativo [BTC/USDT]:
2026-04-06 13:54:03 [INFO] scanner -    ├─ Último alerta há 1231.0 minutos
2026-04-06 13:54:03 [INFO] scanner -    ├─ Tempo mínimo: 1800 minutos
2026-04-06 13:54:03 [INFO] scanner -    └─ Próximo permitido em: 569.0 minutos
2026-04-06 13:54:03 [WARNING] root - Bloco de componentes falhou: cannot unpack non-iterable int object
2026-04-06 13:54:03 [INFO] scanner - ✅ Validações OK [BTC/USDT]: Score=7.8, R:R=2.08
2026-04-06 13:54:03 [INFO] scanner - ⏸️  Throttle ativo [BTC/USDT]:
2026-04-06 13:54:03 [INFO] scanner -    ├─ Último alerta há 1231.0 minutos
2026-04-06 13:54:03 [INFO] scanner -    ├─ Tempo mínimo: 1800 minutos
2026-04-06 13:54:03 [INFO] scanner -    └─ Próximo permitido em: 569.0 minutos
2026-04-06 13:54:06 [WARNING] root - Bloco de componentes falhou: cannot unpack non-iterable int object
2026-04-06 13:54:06 [INFO] scanner - ✅ Validações OK [ETH/USDT]: Score=7.8, R:R=2.00
2026-04-06 13:54:06 [INFO] scanner - ⏸️  Throttle ativo [ETH/USDT]:
2026-04-06 13:54:06 [INFO] scanner -    ├─ Último alerta há 1167.4 minutos
2026-04-06 13:54:06 [INFO] scanner -    ├─ Tempo mínimo: 1800 minutos
2026-04-06 13:54:06 [INFO] scanner -    └─ Próximo permitido em: 632.6 minutos
2026-04-06 13:54:06 [WARNING] root - Bloco de componentes falhou: cannot unpack non-iterable int object
2026-04-06 13:54:06 [INFO] scanner - ✅ Validações OK [ETH/USDT]: Score=7.3, R:R=2.00
2026-04-06 13:54:06 [INFO] scanner - ⏸️  Throttle ativo [ETH/USDT]:
2026-04-06 13:54:06 [INFO] scanner -    ├─ Último alerta há 1167.4 minutos
2026-04-06 13:54:06 [INFO] scanner -    ├─ Tempo mínimo: 1800 minutos
2026-04-06 13:54:06 [INFO] scanner -    └─ Próximo permitido em: 632.6 minutos
2026-04-06 13:54:06 [WARNING] root - Bloco de componentes falhou: cannot unpack non-iterable int object
2026-04-06 13:54:06 [INFO] scanner - ✅ Validações OK [ETH/USDT]: Score=7.3, R:R=2.00
2026-04-06 13:54:06 [INFO] scanner - ⏸️  Throttle ativo [ETH/USDT]:
2026-04-06 13:54:06 [INFO] scanner -    ├─ Último alerta há 1167.4 minutos
2026-04-06 13:54:06 [INFO] scanner -    ├─ Tempo mínimo: 1800 minutos
2026-04-06 13:54:06 [INFO] scanner -    └─ Próximo permitido em: 632.6 minutos
2026-04-06 14:38:02 [INFO] scanner - ============================================================
2026-04-06 14:38:02 [INFO] scanner - 🚀 SCANNER INICIADO
2026-04-06 14:38:02 [INFO] scanner - 📅 Data/Hora: 06/04/2026 14:38:02
2026-04-06 14:38:02 [INFO] scanner - 📂 Log: logs/scanner_2026-04-06.log
2026-04-06 14:38:02 [INFO] scanner - ============================================================
2026-04-06 14:38:02 [INFO] scanner - 📝 PAPER MODE ATIVO - Apenas registro e análise
2026-04-06 14:38:05 [WARNING] root - Bloco de componentes falhou: cannot unpack non-iterable int object
2026-04-06 14:38:05 [INFO] scanner - ✅ Validações OK [BTC/USDT]: Score=8.3, R:R=2.08
2026-04-06 14:38:05 [INFO] scanner - ⏸️  Throttle ativo [BTC/USDT]:
2026-04-06 14:38:05 [INFO] scanner -    ├─ Último alerta há 1275.1 minutos
2026-04-06 14:38:05 [INFO] scanner -    ├─ Tempo mínimo: 1800 minutos
2026-04-06 14:38:05 [INFO] scanner -    └─ Próximo permitido em: 524.9 minutos
2026-04-06 14:38:06 [WARNING] root - Bloco de componentes falhou: cannot unpack non-iterable int object
2026-04-06 14:38:06 [INFO] scanner - ✅ Validações OK [BTC/USDT]: Score=7.8, R:R=2.08
2026-04-06 14:38:06 [INFO] scanner - ⏸️  Throttle ativo [BTC/USDT]:
2026-04-06 14:38:06 [INFO] scanner -    ├─ Último alerta há 1275.1 minutos
2026-04-06 14:38:06 [INFO] scanner -    ├─ Tempo mínimo: 1800 minutos
2026-04-06 14:38:06 [INFO] scanner -    └─ Próximo permitido em: 524.9 minutos
2026-04-06 14:38:06 [WARNING] root - Bloco de componentes falhou: cannot unpack non-iterable int object
2026-04-06 14:38:06 [INFO] scanner - ✅ Validações OK [BTC/USDT]: Score=7.8, R:R=2.08
2026-04-06 14:38:06 [INFO] scanner - ⏸️  Throttle ativo [BTC/USDT]:
2026-04-06 14:38:06 [INFO] scanner -    ├─ Último alerta há 1275.1 minutos
2026-04-06 14:38:06 [INFO] scanner -    ├─ Tempo mínimo: 1800 minutos
2026-04-06 14:38:06 [INFO] scanner -    └─ Próximo permitido em: 524.9 minutos
2026-04-06 14:38:08 [WARNING] root - Bloco de componentes falhou: cannot unpack non-iterable int object
2026-04-06 14:38:08 [INFO] scanner - ✅ Validações OK [ETH/USDT]: Score=8.3, R:R=2.00
2026-04-06 14:38:08 [INFO] scanner - ⏸️  Throttle ativo [ETH/USDT]:
2026-04-06 14:38:08 [INFO] scanner -    ├─ Último alerta há 1211.4 minutos
2026-04-06 14:38:08 [INFO] scanner -    ├─ Tempo mínimo: 1800 minutos
2026-04-06 14:38:08 [INFO] scanner -    └─ Próximo permitido em: 588.6 minutos
2026-04-06 14:38:08 [WARNING] root - Bloco de componentes falhou: cannot unpack non-iterable int object
2026-04-06 14:38:08 [INFO] scanner - ✅ Validações OK [ETH/USDT]: Score=7.8, R:R=2.00
2026-04-06 14:38:08 [INFO] scanner - ⏸️  Throttle ativo [ETH/USDT]:
2026-04-06 14:38:08 [INFO] scanner -    ├─ Último alerta há 1211.4 minutos
2026-04-06 14:38:08 [INFO] scanner -    ├─ Tempo mínimo: 1800 minutos
2026-04-06 14:38:08 [INFO] scanner -    └─ Próximo permitido em: 588.6 minutos
2026-04-06 14:38:08 [WARNING] root - Bloco de componentes falhou: cannot unpack non-iterable int object
2026-04-06 14:38:08 [INFO] scanner - ✅ Validações OK [ETH/USDT]: Score=7.8, R:R=2.00
2026-04-06 14:38:08 [INFO] scanner - ⏸️  Throttle ativo [ETH/USDT]:
2026-04-06 14:38:08 [INFO] scanner -    ├─ Último alerta há 1211.4 minutos
2026-04-06 14:38:08 [INFO] scanner -    ├─ Tempo mínimo: 1800 minutos
2026-04-06 14:38:08 [INFO] scanner -    └─ Próximo permitido em: 588.6 minutos
2026-04-06 15:34:57 [INFO] scanner - ============================================================
2026-04-06 15:34:57 [INFO] scanner - 🚀 SCANNER INICIADO
2026-04-06 15:34:57 [INFO] scanner - 📅 Data/Hora: 06/04/2026 15:34:57
2026-04-06 15:34:57 [INFO] scanner - 📂 Log: logs/scanner_2026-04-06.log
2026-04-06 15:34:57 [INFO] scanner - ============================================================
2026-04-06 15:34:57 [INFO] scanner - 📝 PAPER MODE ATIVO - Apenas registro e análise
2026-04-06 15:35:01 [WARNING] root - Bloco de componentes falhou: cannot unpack non-iterable int object
2026-04-06 15:35:01 [INFO] scanner - ✅ Validações OK [BTC/USDT]: Score=7.8, R:R=2.08
2026-04-06 15:35:01 [INFO] scanner - ⏸️  Throttle ativo [BTC/USDT]:
2026-04-06 15:35:01 [INFO] scanner -    ├─ Último alerta há 1332.0 minutos
2026-04-06 15:35:01 [INFO] scanner -    ├─ Tempo mínimo: 1800 minutos
2026-04-06 15:35:01 [INFO] scanner -    └─ Próximo permitido em: 468.0 minutos
2026-04-06 15:35:01 [WARNING] root - Bloco de componentes falhou: cannot unpack non-iterable int object
2026-04-06 15:35:01 [INFO] scanner - ✅ Validações OK [BTC/USDT]: Score=7.3, R:R=2.08
2026-04-06 15:35:01 [INFO] scanner - ⏸️  Throttle ativo [BTC/USDT]:
2026-04-06 15:35:01 [INFO] scanner -    ├─ Último alerta há 1332.0 minutos
2026-04-06 15:35:01 [INFO] scanner -    ├─ Tempo mínimo: 1800 minutos
2026-04-06 15:35:01 [INFO] scanner -    └─ Próximo permitido em: 468.0 minutos
2026-04-06 15:35:02 [WARNING] root - Bloco de componentes falhou: cannot unpack non-iterable int object
2026-04-06 15:35:02 [INFO] scanner - ✅ Validações OK [BTC/USDT]: Score=7.3, R:R=2.08
2026-04-06 15:35:02 [INFO] scanner - ⏸️  Throttle ativo [BTC/USDT]:
2026-04-06 15:35:02 [INFO] scanner -    ├─ Último alerta há 1332.0 minutos
2026-04-06 15:35:02 [INFO] scanner -    ├─ Tempo mínimo: 1800 minutos
2026-04-06 15:35:02 [INFO] scanner -    └─ Próximo permitido em: 468.0 minutos
2026-04-06 15:35:04 [WARNING] root - Bloco de componentes falhou: cannot unpack non-iterable int object
2026-04-06 15:35:04 [INFO] scanner - ✅ Validações OK [ETH/USDT]: Score=8.3, R:R=2.00
2026-04-06 15:35:04 [INFO] scanner - ⏸️  Throttle ativo [ETH/USDT]:
2026-04-06 15:35:04 [INFO] scanner -    ├─ Último alerta há 1268.4 minutos
2026-04-06 15:35:04 [INFO] scanner -    ├─ Tempo mínimo: 1800 minutos
2026-04-06 15:35:04 [INFO] scanner -    └─ Próximo permitido em: 531.6 minutos
2026-04-06 15:35:04 [WARNING] root - Bloco de componentes falhou: cannot unpack non-iterable int object
2026-04-06 15:35:04 [INFO] scanner - ✅ Validações OK [ETH/USDT]: Score=7.8, R:R=2.00
2026-04-06 15:35:04 [INFO] scanner - ⏸️  Throttle ativo [ETH/USDT]:
2026-04-06 15:35:04 [INFO] scanner -    ├─ Último alerta há 1268.4 minutos
2026-04-06 15:35:04 [INFO] scanner -    ├─ Tempo mínimo: 1800 minutos
2026-04-06 15:35:04 [INFO] scanner -    └─ Próximo permitido em: 531.6 minutos
2026-04-06 15:35:04 [WARNING] root - Bloco de componentes falhou: cannot unpack non-iterable int object
2026-04-06 15:35:04 [INFO] scanner - ✅ Validações OK [ETH/USDT]: Score=7.8, R:R=2.00
2026-04-06 15:35:04 [INFO] scanner - ⏸️  Throttle ativo [ETH/USDT]:
2026-04-06 15:35:04 [INFO] scanner -    ├─ Último alerta há 1268.4 minutos
2026-04-06 15:35:04 [INFO] scanner -    ├─ Tempo mínimo: 1800 minutos
2026-04-06 15:35:04 [INFO] scanner -    └─ Próximo permitido em: 531.6 minutos
2026-04-06 16:40:06 [INFO] scanner - ============================================================
2026-04-06 16:40:06 [INFO] scanner - 🚀 SCANNER INICIADO
2026-04-06 16:40:06 [INFO] scanner - 📅 Data/Hora: 06/04/2026 16:40:06
2026-04-06 16:40:06 [INFO] scanner - 📂 Log: logs/scanner_2026-04-06.log
2026-04-06 16:40:06 [INFO] scanner - ============================================================
2026-04-06 16:40:06 [INFO] scanner - 📝 PAPER MODE ATIVO - Apenas registro e análise
2026-04-06 16:40:09 [WARNING] root - Bloco de componentes falhou: cannot unpack non-iterable int object
2026-04-06 16:40:09 [INFO] scanner - ✅ Validações OK [BTC/USDT]: Score=7.8, R:R=2.08
2026-04-06 16:40:09 [INFO] scanner - ⏸️  Throttle ativo [BTC/USDT]:
2026-04-06 16:40:09 [INFO] scanner -    ├─ Último alerta há 1397.1 minutos
2026-04-06 16:40:09 [INFO] scanner -    ├─ Tempo mínimo: 1800 minutos
2026-04-06 16:40:09 [INFO] scanner -    └─ Próximo permitido em: 402.9 minutos
2026-04-06 16:40:09 [WARNING] root - Bloco de componentes falhou: cannot unpack non-iterable int object
2026-04-06 16:40:09 [INFO] scanner - ✅ Validações OK [BTC/USDT]: Score=7.8, R:R=2.08
2026-04-06 16:40:09 [INFO] scanner - ⏸️  Throttle ativo [BTC/USDT]:
2026-04-06 16:40:09 [INFO] scanner -    ├─ Último alerta há 1397.1 minutos
2026-04-06 16:40:09 [INFO] scanner -    ├─ Tempo mínimo: 1800 minutos
2026-04-06 16:40:09 [INFO] scanner -    └─ Próximo permitido em: 402.9 minutos
2026-04-06 16:40:12 [WARNING] root - Bloco de componentes falhou: cannot unpack non-iterable int object
2026-04-06 16:40:12 [INFO] scanner - ✅ Validações OK [ETH/USDT]: Score=7.8, R:R=2.00
2026-04-06 16:40:12 [INFO] scanner - ⏸️  Throttle ativo [ETH/USDT]:
2026-04-06 16:40:12 [INFO] scanner -    ├─ Último alerta há 1333.5 minutos
2026-04-06 16:40:12 [INFO] scanner -    ├─ Tempo mínimo: 1800 minutos
2026-04-06 16:40:12 [INFO] scanner -    └─ Próximo permitido em: 466.5 minutos
2026-04-06 17:21:28 [INFO] scanner - ============================================================
2026-04-06 17:21:28 [INFO] scanner - 🚀 SCANNER INICIADO
2026-04-06 17:21:28 [INFO] scanner - 📅 Data/Hora: 06/04/2026 17:21:28
2026-04-06 17:21:28 [INFO] scanner - 📂 Log: logs/scanner_2026-04-06.log
2026-04-06 17:21:28 [INFO] scanner - ============================================================
2026-04-06 17:21:28 [INFO] scanner - 📝 PAPER MODE ATIVO - Apenas registro e análise
2026-04-06 17:21:33 [WARNING] root - Bloco de componentes falhou: cannot unpack non-iterable int object
2026-04-06 17:21:33 [INFO] scanner - ✅ Validações OK [BTC/USDT]: Score=7.3, R:R=2.08
2026-04-06 17:21:33 [INFO] scanner - ⏸️  Throttle ativo [BTC/USDT]:
2026-04-06 17:21:33 [INFO] scanner -    ├─ Último alerta há 1438.5 minutos
2026-04-06 17:21:33 [INFO] scanner -    ├─ Tempo mínimo: 1800 minutos
2026-04-06 17:21:33 [INFO] scanner -    └─ Próximo permitido em: 361.5 minutos
2026-04-06 17:21:35 [WARNING] root - Bloco de componentes falhou: cannot unpack non-iterable int object
2026-04-06 17:21:35 [INFO] scanner - ✅ Validações OK [ETH/USDT]: Score=7.3, R:R=2.00
2026-04-06 17:21:35 [INFO] scanner - ⏸️  Throttle ativo [ETH/USDT]:
2026-04-06 17:21:35 [INFO] scanner -    ├─ Último alerta há 1374.9 minutos
2026-04-06 17:21:35 [INFO] scanner -    ├─ Tempo mínimo: 1800 minutos
2026-04-06 17:21:35 [INFO] scanner -    └─ Próximo permitido em: 425.1 minutos
2026-04-06 18:00:36 [INFO] scanner - ============================================================
2026-04-06 18:00:36 [INFO] scanner - 🚀 SCANNER INICIADO
2026-04-06 18:00:36 [INFO] scanner - 📅 Data/Hora: 06/04/2026 18:00:36
2026-04-06 18:00:36 [INFO] scanner - 📂 Log: logs/scanner_2026-04-06.log
2026-04-06 18:00:36 [INFO] scanner - ============================================================
2026-04-06 18:00:36 [INFO] scanner - 📝 PAPER MODE ATIVO - Apenas registro e análise
2026-04-06 18:00:41 [WARNING] root - Bloco de componentes falhou: cannot unpack non-iterable int object
2026-04-06 18:00:41 [INFO] scanner - ✅ Validações OK [BTC/USDT]: Score=7.3, R:R=2.08
2026-04-06 18:00:41 [INFO] scanner - ⏸️  Throttle ativo [BTC/USDT]:
2026-04-06 18:00:41 [INFO] scanner -    ├─ Último alerta há 1477.7 minutos
2026-04-06 18:00:41 [INFO] scanner -    ├─ Tempo mínimo: 1800 minutos
2026-04-06 18:00:41 [INFO] scanner -    └─ Próximo permitido em: 322.3 minutos
2026-04-06 18:00:42 [WARNING] root - Bloco de componentes falhou: cannot unpack non-iterable int object
2026-04-06 18:00:42 [INFO] scanner - ✅ Validações OK [BTC/USDT]: Score=7.3, R:R=2.08
2026-04-06 18:00:42 [INFO] scanner - ⏸️  Throttle ativo [BTC/USDT]:
2026-04-06 18:00:42 [INFO] scanner -    ├─ Último alerta há 1477.7 minutos
2026-04-06 18:00:42 [INFO] scanner -    ├─ Tempo mínimo: 1800 minutos
2026-04-06 18:00:42 [INFO] scanner -    └─ Próximo permitido em: 322.3 minutos
2026-04-06 18:00:45 [WARNING] root - Bloco de componentes falhou: cannot unpack non-iterable int object
2026-04-06 18:00:45 [INFO] scanner - ✅ Validações OK [ETH/USDT]: Score=7.3, R:R=2.00
2026-04-06 18:00:45 [INFO] scanner - ⏸️  Throttle ativo [ETH/USDT]:
2026-04-06 18:00:45 [INFO] scanner -    ├─ Último alerta há 1414.1 minutos
2026-04-06 18:00:45 [INFO] scanner -    ├─ Tempo mínimo: 1800 minutos
2026-04-06 18:00:45 [INFO] scanner -    └─ Próximo permitido em: 385.9 minutos
2026-04-06 18:50:10 [INFO] scanner - ============================================================
2026-04-06 18:50:10 [INFO] scanner - 🚀 SCANNER INICIADO
2026-04-06 18:50:10 [INFO] scanner - 📅 Data/Hora: 06/04/2026 18:50:10
2026-04-06 18:50:10 [INFO] scanner - 📂 Log: logs/scanner_2026-04-06.log
2026-04-06 18:50:10 [INFO] scanner - ============================================================
2026-04-06 18:50:10 [INFO] scanner - 📝 PAPER MODE ATIVO - Apenas registro e análise
2026-04-06 18:50:13 [WARNING] root - Bloco de componentes falhou: cannot unpack non-iterable int object
2026-04-06 18:50:13 [INFO] scanner - ✅ Validações OK [BTC/USDT]: Score=7.3, R:R=2.08
2026-04-06 18:50:13 [INFO] scanner - ⏸️  Throttle ativo [BTC/USDT]:
2026-04-06 18:50:13 [INFO] scanner -    ├─ Último alerta há 1527.2 minutos
2026-04-06 18:50:13 [INFO] scanner -    ├─ Tempo mínimo: 1800 minutos
2026-04-06 18:50:13 [INFO] scanner -    └─ Próximo permitido em: 272.8 minutos
2026-04-06 18:50:13 [WARNING] root - Bloco de componentes falhou: cannot unpack non-iterable int object
2026-04-06 18:50:13 [INFO] scanner - ✅ Validações OK [BTC/USDT]: Score=7.3, R:R=2.08
2026-04-06 18:50:13 [INFO] scanner - ⏸️  Throttle ativo [BTC/USDT]:
2026-04-06 18:50:13 [INFO] scanner -    ├─ Último alerta há 1527.2 minutos
2026-04-06 18:50:13 [INFO] scanner -    ├─ Tempo mínimo: 1800 minutos
2026-04-06 18:50:13 [INFO] scanner -    └─ Próximo permitido em: 272.8 minutos
2026-04-06 18:50:15 [WARNING] root - Bloco de componentes falhou: cannot unpack non-iterable int object
2026-04-06 18:50:15 [INFO] scanner - ✅ Validações OK [ETH/USDT]: Score=7.3, R:R=2.00
2026-04-06 18:50:15 [INFO] scanner - ⏸️  Throttle ativo [ETH/USDT]:
2026-04-06 18:50:15 [INFO] scanner -    ├─ Último alerta há 1463.6 minutos
2026-04-06 18:50:15 [INFO] scanner -    ├─ Tempo mínimo: 1800 minutos
2026-04-06 18:50:15 [INFO] scanner -    └─ Próximo permitido em: 336.4 minutos
2026-04-06 18:50:16 [WARNING] root - Bloco de componentes falhou: cannot unpack non-iterable int object
2026-04-06 18:50:16 [INFO] scanner - ✅ Validações OK [ETH/USDT]: Score=7.3, R:R=2.00
2026-04-06 18:50:16 [INFO] scanner - ⏸️  Throttle ativo [ETH/USDT]:
2026-04-06 18:50:16 [INFO] scanner -    ├─ Último alerta há 1463.6 minutos
2026-04-06 18:50:16 [INFO] scanner -    ├─ Tempo mínimo: 1800 minutos
2026-04-06 18:50:16 [INFO] scanner -    └─ Próximo permitido em: 336.4 minutos
2026-04-06 19:27:16 [INFO] scanner - ============================================================
2026-04-06 19:27:16 [INFO] scanner - 🚀 SCANNER INICIADO
2026-04-06 19:27:16 [INFO] scanner - 📅 Data/Hora: 06/04/2026 19:27:16
2026-04-06 19:27:16 [INFO] scanner - 📂 Log: logs/scanner_2026-04-06.log
2026-04-06 19:27:16 [INFO] scanner - ============================================================
2026-04-06 19:27:16 [INFO] scanner - 📝 PAPER MODE ATIVO - Apenas registro e análise
2026-04-06 19:27:19 [WARNING] root - Bloco de componentes falhou: cannot unpack non-iterable int object
2026-04-06 19:27:19 [INFO] scanner - ✅ Validações OK [BTC/USDT]: Score=7.8, R:R=2.08
2026-04-06 19:27:19 [INFO] scanner - ⏸️  Throttle ativo [BTC/USDT]:
2026-04-06 19:27:19 [INFO] scanner -    ├─ Último alerta há 1564.3 minutos
2026-04-06 19:27:19 [INFO] scanner -    ├─ Tempo mínimo: 1800 minutos
2026-04-06 19:27:19 [INFO] scanner -    └─ Próximo permitido em: 235.7 minutos
2026-04-06 19:27:20 [WARNING] root - Bloco de componentes falhou: cannot unpack non-iterable int object
2026-04-06 19:27:20 [INFO] scanner - ✅ Validações OK [BTC/USDT]: Score=7.8, R:R=2.08
2026-04-06 19:27:20 [INFO] scanner - ⏸️  Throttle ativo [BTC/USDT]:
2026-04-06 19:27:20 [INFO] scanner -    ├─ Último alerta há 1564.3 minutos
2026-04-06 19:27:20 [INFO] scanner -    ├─ Tempo mínimo: 1800 minutos
2026-04-06 19:27:20 [INFO] scanner -    └─ Próximo permitido em: 235.7 minutos
2026-04-06 19:27:22 [WARNING] root - Bloco de componentes falhou: cannot unpack non-iterable int object
2026-04-06 19:27:22 [INFO] scanner - ✅ Validações OK [ETH/USDT]: Score=7.3, R:R=2.00
2026-04-06 19:27:22 [INFO] scanner - ⏸️  Throttle ativo [ETH/USDT]:
2026-04-06 19:27:22 [INFO] scanner -    ├─ Último alerta há 1500.7 minutos
2026-04-06 19:27:22 [INFO] scanner -    ├─ Tempo mínimo: 1800 minutos
2026-04-06 19:27:22 [INFO] scanner -    └─ Próximo permitido em: 299.3 minutos
2026-04-06 20:02:46 [INFO] scanner - ============================================================
2026-04-06 20:02:46 [INFO] scanner - 🚀 SCANNER INICIADO
2026-04-06 20:02:46 [INFO] scanner - 📅 Data/Hora: 06/04/2026 20:02:46
2026-04-06 20:02:46 [INFO] scanner - 📂 Log: logs/scanner_2026-04-06.log
2026-04-06 20:02:46 [INFO] scanner - ============================================================
2026-04-06 20:02:46 [INFO] scanner - 📝 PAPER MODE ATIVO - Apenas registro e análise
2026-04-06 20:02:49 [WARNING] root - Bloco de componentes falhou: cannot unpack non-iterable int object
2026-04-06 20:02:49 [INFO] scanner - ✅ Validações OK [BTC/USDT]: Score=7.8, R:R=2.08
2026-04-06 20:02:49 [INFO] scanner - ⏸️  Throttle ativo [BTC/USDT]:
2026-04-06 20:02:49 [INFO] scanner -    ├─ Último alerta há 1599.8 minutos
2026-04-06 20:02:49 [INFO] scanner -    ├─ Tempo mínimo: 1800 minutos
2026-04-06 20:02:49 [INFO] scanner -    └─ Próximo permitido em: 200.2 minutos
2026-04-06 20:02:49 [WARNING] root - Bloco de componentes falhou: cannot unpack non-iterable int object
2026-04-06 20:02:49 [INFO] scanner - ✅ Validações OK [BTC/USDT]: Score=7.8, R:R=2.08
2026-04-06 20:02:49 [INFO] scanner - ⏸️  Throttle ativo [BTC/USDT]:
2026-04-06 20:02:49 [INFO] scanner -    ├─ Último alerta há 1599.8 minutos
2026-04-06 20:02:49 [INFO] scanner -    ├─ Tempo mínimo: 1800 minutos
2026-04-06 20:02:49 [INFO] scanner -    └─ Próximo permitido em: 200.2 minutos
2026-04-06 20:02:51 [WARNING] root - Bloco de componentes falhou: cannot unpack non-iterable int object
2026-04-06 20:02:51 [INFO] scanner - ✅ Validações OK [ETH/USDT]: Score=7.8, R:R=2.00
2026-04-06 20:02:51 [INFO] scanner - ⏸️  Throttle ativo [ETH/USDT]:
2026-04-06 20:02:51 [INFO] scanner -    ├─ Último alerta há 1536.2 minutos
2026-04-06 20:02:51 [INFO] scanner -    ├─ Tempo mínimo: 1800 minutos
2026-04-06 20:02:51 [INFO] scanner -    └─ Próximo permitido em: 263.8 minutos
2026-04-06 20:02:52 [WARNING] root - Bloco de componentes falhou: cannot unpack non-iterable int object
2026-04-06 20:02:52 [INFO] scanner - ✅ Validações OK [ETH/USDT]: Score=7.8, R:R=2.00
2026-04-06 20:02:52 [INFO] scanner - ⏸️  Throttle ativo [ETH/USDT]:
2026-04-06 20:02:52 [INFO] scanner -    ├─ Último alerta há 1536.2 minutos
2026-04-06 20:02:52 [INFO] scanner -    ├─ Tempo mínimo: 1800 minutos
2026-04-06 20:02:52 [INFO] scanner -    └─ Próximo permitido em: 263.8 minutos
