2026-04-17 04:21:20 [INFO] scanner - ============================================================
2026-04-17 04:21:20 [INFO] scanner - 🚀 SCANNER INICIADO
2026-04-17 04:21:20 [INFO] scanner - 📅 Data/Hora: 17/04/2026 04:21:20
2026-04-17 04:21:20 [INFO] scanner - 📂 Log: logs/scanner_2026-04-17.log
2026-04-17 04:21:20 [INFO] scanner - ============================================================
2026-04-17 04:21:20 [INFO] scanner - 📝 PAPER MODE ATIVO - Apenas registro e análise
2026-04-17 05:58:51 [INFO] scanner - ============================================================
2026-04-17 05:58:51 [INFO] scanner - 🚀 SCANNER INICIADO
2026-04-17 05:58:51 [INFO] scanner - 📅 Data/Hora: 17/04/2026 05:58:51
2026-04-17 05:58:51 [INFO] scanner - 📂 Log: logs/scanner_2026-04-17.log
2026-04-17 05:58:51 [INFO] scanner - ============================================================
2026-04-17 05:58:51 [INFO] scanner - 📝 PAPER MODE ATIVO - Apenas registro e análise
2026-04-17 05:58:55 [WARNING] root - Bloco de componentes falhou: cannot unpack non-iterable int object
2026-04-17 05:58:55 [INFO] scanner - ✅ Validações OK [BTC/USDT]: Score=10.0, R:R=2.08
2026-04-17 05:58:55 [INFO] scanner - ⏸️  Throttle ativo [BTC/USDT]:
2026-04-17 05:58:55 [INFO] scanner -    ├─ Último alerta há 1089.6 minutos
2026-04-17 05:58:55 [INFO] scanner -    ├─ Tempo mínimo: 1800 minutos
2026-04-17 05:58:55 [INFO] scanner -    └─ Próximo permitido em: 710.4 minutos
2026-04-17 05:58:55 [WARNING] root - Bloco de componentes falhou: cannot unpack non-iterable int object
2026-04-17 05:58:55 [INFO] scanner - ✅ Validações OK [BTC/USDT]: Score=9.8, R:R=2.08
2026-04-17 05:58:55 [INFO] scanner - ⏸️  Throttle ativo [BTC/USDT]:
2026-04-17 05:58:55 [INFO] scanner -    ├─ Último alerta há 1089.6 minutos
2026-04-17 05:58:55 [INFO] scanner -    ├─ Tempo mínimo: 1800 minutos
2026-04-17 05:58:55 [INFO] scanner -    └─ Próximo permitido em: 710.4 minutos
2026-04-17 05:58:55 [WARNING] root - Bloco de componentes falhou: cannot unpack non-iterable int object
2026-04-17 05:58:55 [INFO] scanner - ✅ Validações OK [BTC/USDT]: Score=7.8, R:R=2.08
2026-04-17 05:58:55 [INFO] scanner - ⏸️  Throttle ativo [BTC/USDT]:
2026-04-17 05:58:55 [INFO] scanner -    ├─ Último alerta há 1089.6 minutos
2026-04-17 05:58:55 [INFO] scanner -    ├─ Tempo mínimo: 1800 minutos
2026-04-17 05:58:55 [INFO] scanner -    └─ Próximo permitido em: 710.4 minutos
2026-04-17 05:58:56 [WARNING] root - Bloco de componentes falhou: cannot unpack non-iterable int object
2026-04-17 05:58:56 [INFO] scanner - ✅ Validações OK [BTC/USDT]: Score=7.8, R:R=2.08
2026-04-17 05:58:56 [INFO] scanner - ⏸️  Throttle ativo [BTC/USDT]:
2026-04-17 05:58:56 [INFO] scanner -    ├─ Último alerta há 1089.6 minutos
2026-04-17 05:58:56 [INFO] scanner -    ├─ Tempo mínimo: 1800 minutos
2026-04-17 05:58:56 [INFO] scanner -    └─ Próximo permitido em: 710.4 minutos
2026-04-17 05:58:56 [WARNING] root - Bloco de componentes falhou: cannot unpack non-iterable int object
2026-04-17 05:58:56 [INFO] scanner - ✅ Validações OK [BTC/USDT]: Score=7.8, R:R=2.08
2026-04-17 05:58:56 [INFO] scanner - ⏸️  Throttle ativo [BTC/USDT]:
2026-04-17 05:58:56 [INFO] scanner -    ├─ Último alerta há 1089.6 minutos
2026-04-17 05:58:56 [INFO] scanner -    ├─ Tempo mínimo: 1800 minutos
2026-04-17 05:58:56 [INFO] scanner -    └─ Próximo permitido em: 710.4 minutos
2026-04-17 05:58:58 [WARNING] root - Bloco de componentes falhou: cannot unpack non-iterable int object
2026-04-17 05:58:58 [INFO] scanner - ✅ Validações OK [ETH/USDT]: Score=7.3, R:R=2.00
2026-04-17 05:58:58 [INFO] scanner - ⏸️  Throttle ativo [ETH/USDT]:
2026-04-17 05:58:58 [INFO] scanner -    ├─ Último alerta há 777.2 minutos
2026-04-17 05:58:58 [INFO] scanner -    ├─ Tempo mínimo: 1800 minutos
2026-04-17 05:58:58 [INFO] scanner -    └─ Próximo permitido em: 1022.8 minutos
