2026-06-06 05:24:45 [INFO] scanner - ============================================================
2026-06-06 05:24:45 [INFO] scanner - 🚀 SCANNER INICIADO
2026-06-06 05:24:45 [INFO] scanner - 📅 Data/Hora: 06/06/2026 05:24:45
2026-06-06 05:24:45 [INFO] scanner - 📂 Log: logs/scanner_2026-06-06.log
2026-06-06 05:24:45 [INFO] scanner - ============================================================
2026-06-06 05:24:45 [INFO] scanner - 📝 PAPER MODE ATIVO - Apenas registro e análise
2026-06-06 07:28:17 [INFO] scanner - ============================================================
2026-06-06 07:28:17 [INFO] scanner - 🚀 SCANNER INICIADO
2026-06-06 07:28:17 [INFO] scanner - 📅 Data/Hora: 06/06/2026 07:28:17
2026-06-06 07:28:17 [INFO] scanner - 📂 Log: logs/scanner_2026-06-06.log
2026-06-06 07:28:17 [INFO] scanner - ============================================================
2026-06-06 07:28:17 [INFO] scanner - 📝 PAPER MODE ATIVO - Apenas registro e análise
2026-06-06 07:28:23 [WARNING] root - Bloco de componentes falhou: cannot unpack non-iterable int object
2026-06-06 07:28:23 [INFO] scanner - ✅ Validações OK [ETH/USDT]: Score=7.3, R:R=2.00
2026-06-06 07:28:23 [INFO] scanner - ⏸️  Throttle ativo [ETH/USDT]:
2026-06-06 07:28:23 [INFO] scanner -    ├─ Último alerta há 1495.5 minutos
2026-06-06 07:28:23 [INFO] scanner -    ├─ Tempo mínimo: 1800 minutos
2026-06-06 07:28:23 [INFO] scanner -    └─ Próximo permitido em: 304.5 minutos
2026-06-06 08:52:43 [INFO] scanner - ============================================================
2026-06-06 08:52:43 [INFO] scanner - 🚀 SCANNER INICIADO
2026-06-06 08:52:43 [INFO] scanner - 📅 Data/Hora: 06/06/2026 08:52:43
2026-06-06 08:52:43 [INFO] scanner - 📂 Log: logs/scanner_2026-06-06.log
2026-06-06 08:52:43 [INFO] scanner - ============================================================
2026-06-06 08:52:43 [INFO] scanner - 📝 PAPER MODE ATIVO - Apenas registro e análise
2026-06-06 10:11:09 [INFO] scanner - ============================================================
2026-06-06 10:11:09 [INFO] scanner - 🚀 SCANNER INICIADO
2026-06-06 10:11:09 [INFO] scanner - 📅 Data/Hora: 06/06/2026 10:11:09
2026-06-06 10:11:09 [INFO] scanner - 📂 Log: logs/scanner_2026-06-06.log
2026-06-06 10:11:09 [INFO] scanner - ============================================================
2026-06-06 10:11:09 [INFO] scanner - 📝 PAPER MODE ATIVO - Apenas registro e análise
2026-06-06 11:52:25 [INFO] scanner - ============================================================
2026-06-06 11:52:25 [INFO] scanner - 🚀 SCANNER INICIADO
2026-06-06 11:52:25 [INFO] scanner - 📅 Data/Hora: 06/06/2026 11:52:25
2026-06-06 11:52:25 [INFO] scanner - 📂 Log: logs/scanner_2026-06-06.log
2026-06-06 11:52:25 [INFO] scanner - ============================================================
2026-06-06 11:52:25 [INFO] scanner - 📝 PAPER MODE ATIVO - Apenas registro e análise
2026-06-06 13:01:40 [INFO] scanner - ============================================================
2026-06-06 13:01:40 [INFO] scanner - 🚀 SCANNER INICIADO
2026-06-06 13:01:40 [INFO] scanner - 📅 Data/Hora: 06/06/2026 13:01:40
2026-06-06 13:01:40 [INFO] scanner - 📂 Log: logs/scanner_2026-06-06.log
2026-06-06 13:01:40 [INFO] scanner - ============================================================
2026-06-06 13:01:40 [INFO] scanner - 📝 PAPER MODE ATIVO - Apenas registro e análise
2026-06-06 14:33:39 [INFO] scanner - ============================================================
2026-06-06 14:33:39 [INFO] scanner - 🚀 SCANNER INICIADO
2026-06-06 14:33:39 [INFO] scanner - 📅 Data/Hora: 06/06/2026 14:33:39
2026-06-06 14:33:39 [INFO] scanner - 📂 Log: logs/scanner_2026-06-06.log
2026-06-06 14:33:39 [INFO] scanner - ============================================================
2026-06-06 14:33:39 [INFO] scanner - 📝 PAPER MODE ATIVO - Apenas registro e análise
2026-06-06 15:51:25 [INFO] scanner - ============================================================
2026-06-06 15:51:25 [INFO] scanner - 🚀 SCANNER INICIADO
2026-06-06 15:51:25 [INFO] scanner - 📅 Data/Hora: 06/06/2026 15:51:25
2026-06-06 15:51:25 [INFO] scanner - 📂 Log: logs/scanner_2026-06-06.log
2026-06-06 15:51:25 [INFO] scanner - ============================================================
2026-06-06 15:51:25 [INFO] scanner - 📝 PAPER MODE ATIVO - Apenas registro e análise
2026-06-06 17:04:47 [INFO] scanner - ============================================================
2026-06-06 17:04:47 [INFO] scanner - 🚀 SCANNER INICIADO
2026-06-06 17:04:47 [INFO] scanner - 📅 Data/Hora: 06/06/2026 17:04:47
2026-06-06 17:04:47 [INFO] scanner - 📂 Log: logs/scanner_2026-06-06.log
2026-06-06 17:04:47 [INFO] scanner - ============================================================
2026-06-06 17:04:47 [INFO] scanner - 📝 PAPER MODE ATIVO - Apenas registro e análise
2026-06-06 18:16:02 [INFO] scanner - ============================================================
2026-06-06 18:16:02 [INFO] scanner - 🚀 SCANNER INICIADO
2026-06-06 18:16:02 [INFO] scanner - 📅 Data/Hora: 06/06/2026 18:16:02
2026-06-06 18:16:02 [INFO] scanner - 📂 Log: logs/scanner_2026-06-06.log
2026-06-06 18:16:02 [INFO] scanner - ============================================================
2026-06-06 18:16:02 [INFO] scanner - 📝 PAPER MODE ATIVO - Apenas registro e análise
2026-06-06 19:34:10 [INFO] scanner - ============================================================
2026-06-06 19:34:10 [INFO] scanner - 🚀 SCANNER INICIADO
2026-06-06 19:34:10 [INFO] scanner - 📅 Data/Hora: 06/06/2026 19:34:10
2026-06-06 19:34:10 [INFO] scanner - 📂 Log: logs/scanner_2026-06-06.log
2026-06-06 19:34:10 [INFO] scanner - ============================================================
2026-06-06 19:34:10 [INFO] scanner - 📝 PAPER MODE ATIVO - Apenas registro e análise
2026-06-06 20:42:08 [INFO] scanner - ============================================================
2026-06-06 20:42:08 [INFO] scanner - 🚀 SCANNER INICIADO
2026-06-06 20:42:08 [INFO] scanner - 📅 Data/Hora: 06/06/2026 20:42:08
2026-06-06 20:42:08 [INFO] scanner - 📂 Log: logs/scanner_2026-06-06.log
2026-06-06 20:42:08 [INFO] scanner - ============================================================
2026-06-06 20:42:08 [INFO] scanner - 📝 PAPER MODE ATIVO - Apenas registro e análise
2026-06-06 22:54:18 [INFO] scanner - ============================================================
2026-06-06 22:54:18 [INFO] scanner - 🚀 SCANNER INICIADO
2026-06-06 22:54:18 [INFO] scanner - 📅 Data/Hora: 06/06/2026 22:54:18
2026-06-06 22:54:18 [INFO] scanner - 📂 Log: logs/scanner_2026-06-06.log
2026-06-06 22:54:18 [INFO] scanner - ============================================================
2026-06-06 22:54:18 [INFO] scanner - 📝 PAPER MODE ATIVO - Apenas registro e análise
