2026-04-20 04:52:52 [INFO] scanner - ============================================================
2026-04-20 04:52:52 [INFO] scanner - 🚀 SCANNER INICIADO
2026-04-20 04:52:52 [INFO] scanner - 📅 Data/Hora: 20/04/2026 04:52:52
2026-04-20 04:52:52 [INFO] scanner - 📂 Log: logs/scanner_2026-04-20.log
2026-04-20 04:52:52 [INFO] scanner - ============================================================
2026-04-20 04:52:52 [INFO] scanner - 📝 PAPER MODE ATIVO - Apenas registro e análise
2026-04-20 04:52:56 [WARNING] root - Bloco de componentes falhou: cannot unpack non-iterable int object
2026-04-20 04:52:56 [INFO] scanner - ✅ Validações OK [BTC/USDT]: Score=7.3, R:R=2.08
2026-04-20 04:52:56 [INFO] scanner - ⏸️  Throttle ativo [BTC/USDT]:
2026-04-20 04:52:56 [INFO] scanner -    ├─ Último alerta há 1484.4 minutos
2026-04-20 04:52:56 [INFO] scanner -    ├─ Tempo mínimo: 1800 minutos
2026-04-20 04:52:56 [INFO] scanner -    └─ Próximo permitido em: 315.6 minutos
2026-04-20 04:52:56 [WARNING] root - Bloco de componentes falhou: cannot unpack non-iterable int object
2026-04-20 04:52:56 [INFO] scanner - ✅ Validações OK [BTC/USDT]: Score=7.3, R:R=2.08
2026-04-20 04:52:56 [INFO] scanner - ⏸️  Throttle ativo [BTC/USDT]:
2026-04-20 04:52:56 [INFO] scanner -    ├─ Último alerta há 1484.4 minutos
2026-04-20 04:52:56 [INFO] scanner -    ├─ Tempo mínimo: 1800 minutos
2026-04-20 04:52:56 [INFO] scanner -    └─ Próximo permitido em: 315.6 minutos
2026-04-20 04:52:58 [WARNING] root - Bloco de componentes falhou: cannot unpack non-iterable int object
2026-04-20 04:52:58 [INFO] scanner - ✅ Validações OK [ETH/USDT]: Score=7.3, R:R=2.00
2026-04-20 04:52:58 [INFO] scanner - ⏸️  Throttle ativo [ETH/USDT]:
2026-04-20 04:52:58 [INFO] scanner -    ├─ Último alerta há 1085.9 minutos
2026-04-20 04:52:58 [INFO] scanner -    ├─ Tempo mínimo: 1800 minutos
2026-04-20 04:52:58 [INFO] scanner -    └─ Próximo permitido em: 714.1 minutos
2026-04-20 04:52:58 [WARNING] root - Bloco de componentes falhou: cannot unpack non-iterable int object
2026-04-20 04:52:58 [INFO] scanner - ✅ Validações OK [ETH/USDT]: Score=7.3, R:R=2.00
2026-04-20 04:52:58 [INFO] scanner - ⏸️  Throttle ativo [ETH/USDT]:
2026-04-20 04:52:58 [INFO] scanner -    ├─ Último alerta há 1085.9 minutos
2026-04-20 04:52:58 [INFO] scanner -    ├─ Tempo mínimo: 1800 minutos
2026-04-20 04:52:58 [INFO] scanner -    └─ Próximo permitido em: 714.1 minutos
