2026-02-01 03:39:54 [INFO] scanner - ============================================================
2026-02-01 03:39:54 [INFO] scanner - 🚀 SCANNER INICIADO
2026-02-01 03:39:54 [INFO] scanner - 📅 Data/Hora: 01/02/2026 03:39:54
2026-02-01 03:39:54 [INFO] scanner - 📂 Log: logs/scanner_2026-02-01.log
2026-02-01 03:39:54 [INFO] scanner - ============================================================
2026-02-01 03:39:54 [INFO] scanner - 📝 PAPER MODE ATIVO - Apenas registro e análise
2026-02-01 03:39:59 [WARNING] root - Bloco de componentes falhou: cannot unpack non-iterable int object
2026-02-01 03:39:59 [INFO] scanner - ✅ Validações OK [ETH/USDT]: Score=7.3, R:R=2.00
2026-02-01 03:39:59 [INFO] scanner - ✅ Throttle OK [ETH/USDT]: Pode enviar
2026-02-01 03:40:00 [INFO] scanner - 📝 Sinal no ledger: 20260201_034000_126491 - ETH/USDT
2026-02-01 03:40:00 [INFO] scanner - 📨 Alerta enviado | ID Ledger: 20260201_034000_126491
2026-02-01 04:25:44 [INFO] scanner - ============================================================
2026-02-01 04:25:44 [INFO] scanner - 🚀 SCANNER INICIADO
2026-02-01 04:25:44 [INFO] scanner - 📅 Data/Hora: 01/02/2026 04:25:44
2026-02-01 04:25:44 [INFO] scanner - 📂 Log: logs/scanner_2026-02-01.log
2026-02-01 04:25:44 [INFO] scanner - ============================================================
2026-02-01 04:25:44 [INFO] scanner - 📝 PAPER MODE ATIVO - Apenas registro e análise
2026-02-01 04:25:47 [WARNING] root - Bloco de componentes falhou: cannot unpack non-iterable int object
2026-02-01 04:25:47 [INFO] scanner - ✅ Validações OK [BTC/USDT]: Score=7.3, R:R=2.08
2026-02-01 04:25:47 [INFO] scanner - ⏸️  Throttle ativo [BTC/USDT]:
2026-02-01 04:25:47 [INFO] scanner -    ├─ Último alerta há 1497.7 minutos
2026-02-01 04:25:47 [INFO] scanner -    ├─ Tempo mínimo: 1800 minutos
2026-02-01 04:25:47 [INFO] scanner -    └─ Próximo permitido em: 302.3 minutos
2026-02-01 04:25:49 [WARNING] root - Bloco de componentes falhou: cannot unpack non-iterable int object
2026-02-01 04:25:49 [INFO] scanner - ✅ Validações OK [ETH/USDT]: Score=7.3, R:R=2.00
2026-02-01 04:25:49 [INFO] scanner - ⏸️  Throttle ativo [ETH/USDT]:
2026-02-01 04:25:49 [INFO] scanner -    ├─ Último alerta há 45.8 minutos
2026-02-01 04:25:49 [INFO] scanner -    ├─ Tempo mínimo: 1800 minutos
2026-02-01 04:25:49 [INFO] scanner -    └─ Próximo permitido em: 1754.2 minutos
2026-02-01 04:53:21 [INFO] scanner - ============================================================
2026-02-01 04:53:21 [INFO] scanner - 🚀 SCANNER INICIADO
2026-02-01 04:53:21 [INFO] scanner - 📅 Data/Hora: 01/02/2026 04:53:21
2026-02-01 04:53:21 [INFO] scanner - 📂 Log: logs/scanner_2026-02-01.log
2026-02-01 04:53:21 [INFO] scanner - ============================================================
2026-02-01 04:53:21 [INFO] scanner - 📝 PAPER MODE ATIVO - Apenas registro e análise
2026-02-01 04:53:26 [WARNING] root - Bloco de componentes falhou: cannot unpack non-iterable int object
2026-02-01 04:53:26 [INFO] scanner - ✅ Validações OK [BTC/USDT]: Score=7.3, R:R=2.08
2026-02-01 04:53:26 [INFO] scanner - ⏸️  Throttle ativo [BTC/USDT]:
2026-02-01 04:53:26 [INFO] scanner -    ├─ Último alerta há 1525.3 minutos
2026-02-01 04:53:26 [INFO] scanner -    ├─ Tempo mínimo: 1800 minutos
2026-02-01 04:53:26 [INFO] scanner -    └─ Próximo permitido em: 274.7 minutos
2026-02-01 04:53:26 [WARNING] root - Bloco de componentes falhou: cannot unpack non-iterable int object
2026-02-01 04:53:26 [INFO] scanner - ✅ Validações OK [BTC/USDT]: Score=7.3, R:R=2.08
2026-02-01 04:53:26 [INFO] scanner - ⏸️  Throttle ativo [BTC/USDT]:
2026-02-01 04:53:26 [INFO] scanner -    ├─ Último alerta há 1525.3 minutos
2026-02-01 04:53:26 [INFO] scanner -    ├─ Tempo mínimo: 1800 minutos
2026-02-01 04:53:26 [INFO] scanner -    └─ Próximo permitido em: 274.7 minutos
2026-02-01 04:53:28 [WARNING] root - Bloco de componentes falhou: cannot unpack non-iterable int object
2026-02-01 04:53:28 [INFO] scanner - ✅ Validações OK [ETH/USDT]: Score=7.3, R:R=2.00
2026-02-01 04:53:28 [INFO] scanner - ⏸️  Throttle ativo [ETH/USDT]:
2026-02-01 04:53:28 [INFO] scanner -    ├─ Último alerta há 73.5 minutos
2026-02-01 04:53:28 [INFO] scanner -    ├─ Tempo mínimo: 1800 minutos
2026-02-01 04:53:28 [INFO] scanner -    └─ Próximo permitido em: 1726.5 minutos
2026-02-01 04:53:29 [WARNING] root - Bloco de componentes falhou: cannot unpack non-iterable int object
2026-02-01 04:53:29 [INFO] scanner - ✅ Validações OK [ETH/USDT]: Score=7.3, R:R=2.00
2026-02-01 04:53:29 [INFO] scanner - ⏸️  Throttle ativo [ETH/USDT]:
2026-02-01 04:53:29 [INFO] scanner -    ├─ Último alerta há 73.5 minutos
2026-02-01 04:53:29 [INFO] scanner -    ├─ Tempo mínimo: 1800 minutos
2026-02-01 04:53:29 [INFO] scanner -    └─ Próximo permitido em: 1726.5 minutos
2026-02-01 05:22:57 [INFO] scanner - ============================================================
2026-02-01 05:22:57 [INFO] scanner - 🚀 SCANNER INICIADO
2026-02-01 05:22:57 [INFO] scanner - 📅 Data/Hora: 01/02/2026 05:22:57
2026-02-01 05:22:57 [INFO] scanner - 📂 Log: logs/scanner_2026-02-01.log
2026-02-01 05:22:57 [INFO] scanner - ============================================================
2026-02-01 05:22:57 [INFO] scanner - 📝 PAPER MODE ATIVO - Apenas registro e análise
2026-02-01 05:23:03 [WARNING] root - Bloco de componentes falhou: cannot unpack non-iterable int object
2026-02-01 05:23:03 [INFO] scanner - ✅ Validações OK [ETH/USDT]: Score=8.3, R:R=2.00
2026-02-01 05:23:03 [INFO] scanner - ⏸️  Throttle ativo [ETH/USDT]:
2026-02-01 05:23:03 [INFO] scanner -    ├─ Último alerta há 103.1 minutos
2026-02-01 05:23:03 [INFO] scanner -    ├─ Tempo mínimo: 1800 minutos
2026-02-01 05:23:03 [INFO] scanner -    └─ Próximo permitido em: 1696.9 minutos
2026-02-01 05:23:03 [WARNING] root - Bloco de componentes falhou: cannot unpack non-iterable int object
2026-02-01 05:23:03 [INFO] scanner - ✅ Validações OK [ETH/USDT]: Score=7.3, R:R=2.00
2026-02-01 05:23:03 [INFO] scanner - ⏸️  Throttle ativo [ETH/USDT]:
2026-02-01 05:23:03 [INFO] scanner -    ├─ Último alerta há 103.1 minutos
2026-02-01 05:23:03 [INFO] scanner -    ├─ Tempo mínimo: 1800 minutos
2026-02-01 05:23:03 [INFO] scanner -    └─ Próximo permitido em: 1696.9 minutos
2026-02-01 05:54:20 [INFO] scanner - ============================================================
2026-02-01 05:54:20 [INFO] scanner - 🚀 SCANNER INICIADO
2026-02-01 05:54:20 [INFO] scanner - 📅 Data/Hora: 01/02/2026 05:54:20
2026-02-01 05:54:20 [INFO] scanner - 📂 Log: logs/scanner_2026-02-01.log
2026-02-01 05:54:20 [INFO] scanner - ============================================================
2026-02-01 05:54:20 [INFO] scanner - 📝 PAPER MODE ATIVO - Apenas registro e análise
2026-02-01 05:54:23 [WARNING] root - Bloco de componentes falhou: cannot unpack non-iterable int object
2026-02-01 05:54:23 [INFO] scanner - ✅ Validações OK [BTC/USDT]: Score=7.3, R:R=2.08
2026-02-01 05:54:23 [INFO] scanner - ⏸️  Throttle ativo [BTC/USDT]:
2026-02-01 05:54:23 [INFO] scanner -    ├─ Último alerta há 1586.3 minutos
2026-02-01 05:54:23 [INFO] scanner -    ├─ Tempo mínimo: 1800 minutos
2026-02-01 05:54:23 [INFO] scanner -    └─ Próximo permitido em: 213.7 minutos
2026-02-01 05:54:25 [WARNING] root - Bloco de componentes falhou: cannot unpack non-iterable int object
2026-02-01 05:54:25 [INFO] scanner - ✅ Validações OK [ETH/USDT]: Score=7.3, R:R=2.00
2026-02-01 05:54:25 [INFO] scanner - ⏸️  Throttle ativo [ETH/USDT]:
2026-02-01 05:54:25 [INFO] scanner -    ├─ Último alerta há 134.4 minutos
2026-02-01 05:54:25 [INFO] scanner -    ├─ Tempo mínimo: 1800 minutos
2026-02-01 05:54:25 [INFO] scanner -    └─ Próximo permitido em: 1665.6 minutos
2026-02-01 05:54:25 [WARNING] root - Bloco de componentes falhou: cannot unpack non-iterable int object
2026-02-01 05:54:25 [INFO] scanner - ✅ Validações OK [ETH/USDT]: Score=7.3, R:R=2.00
2026-02-01 05:54:25 [INFO] scanner - ⏸️  Throttle ativo [ETH/USDT]:
2026-02-01 05:54:25 [INFO] scanner -    ├─ Último alerta há 134.4 minutos
2026-02-01 05:54:25 [INFO] scanner -    ├─ Tempo mínimo: 1800 minutos
2026-02-01 05:54:25 [INFO] scanner -    └─ Próximo permitido em: 1665.6 minutos
