2026-02-24 03:50:19 [INFO] scanner - ============================================================
2026-02-24 03:50:19 [INFO] scanner - 🚀 SCANNER INICIADO
2026-02-24 03:50:19 [INFO] scanner - 📅 Data/Hora: 24/02/2026 03:50:19
2026-02-24 03:50:19 [INFO] scanner - 📂 Log: logs/scanner_2026-02-24.log
2026-02-24 03:50:19 [INFO] scanner - ============================================================
2026-02-24 03:50:19 [INFO] scanner - 📝 PAPER MODE ATIVO - Apenas registro e análise
2026-02-24 03:50:23 [WARNING] root - Bloco de componentes falhou: cannot unpack non-iterable int object
2026-02-24 03:50:23 [INFO] scanner - ✅ Validações OK [BTC/USDT]: Score=7.3, R:R=2.08
2026-02-24 03:50:23 [INFO] scanner - ⏸️  Throttle ativo [BTC/USDT]:
2026-02-24 03:50:23 [INFO] scanner -    ├─ Último alerta há 1435.4 minutos
2026-02-24 03:50:23 [INFO] scanner -    ├─ Tempo mínimo: 1800 minutos
2026-02-24 03:50:23 [INFO] scanner -    └─ Próximo permitido em: 364.6 minutos
2026-02-24 04:44:43 [INFO] scanner - ============================================================
2026-02-24 04:44:43 [INFO] scanner - 🚀 SCANNER INICIADO
2026-02-24 04:44:43 [INFO] scanner - 📅 Data/Hora: 24/02/2026 04:44:43
2026-02-24 04:44:43 [INFO] scanner - 📂 Log: logs/scanner_2026-02-24.log
2026-02-24 04:44:43 [INFO] scanner - ============================================================
2026-02-24 04:44:43 [INFO] scanner - 📝 PAPER MODE ATIVO - Apenas registro e análise
2026-02-24 04:44:47 [WARNING] root - Bloco de componentes falhou: cannot unpack non-iterable int object
2026-02-24 04:44:47 [INFO] scanner - ✅ Validações OK [BTC/USDT]: Score=7.3, R:R=2.08
2026-02-24 04:44:47 [INFO] scanner - ⏸️  Throttle ativo [BTC/USDT]:
2026-02-24 04:44:47 [INFO] scanner -    ├─ Último alerta há 1489.8 minutos
2026-02-24 04:44:47 [INFO] scanner -    ├─ Tempo mínimo: 1800 minutos
2026-02-24 04:44:47 [INFO] scanner -    └─ Próximo permitido em: 310.2 minutos
2026-02-24 04:44:49 [WARNING] root - Bloco de componentes falhou: cannot unpack non-iterable int object
2026-02-24 04:44:49 [INFO] scanner - ✅ Validações OK [ETH/USDT]: Score=7.3, R:R=2.00
2026-02-24 04:44:49 [INFO] scanner - ⏸️  Throttle ativo [ETH/USDT]:
2026-02-24 04:44:49 [INFO] scanner -    ├─ Último alerta há 1489.8 minutos
2026-02-24 04:44:49 [INFO] scanner -    ├─ Tempo mínimo: 1800 minutos
2026-02-24 04:44:49 [INFO] scanner -    └─ Próximo permitido em: 310.2 minutos
2026-02-24 05:29:03 [INFO] scanner - ============================================================
2026-02-24 05:29:03 [INFO] scanner - 🚀 SCANNER INICIADO
2026-02-24 05:29:03 [INFO] scanner - 📅 Data/Hora: 24/02/2026 05:29:03
2026-02-24 05:29:03 [INFO] scanner - 📂 Log: logs/scanner_2026-02-24.log
2026-02-24 05:29:03 [INFO] scanner - ============================================================
2026-02-24 05:29:03 [INFO] scanner - 📝 PAPER MODE ATIVO - Apenas registro e análise
2026-02-24 06:27:42 [INFO] scanner - ============================================================
2026-02-24 06:27:42 [INFO] scanner - 🚀 SCANNER INICIADO
2026-02-24 06:27:42 [INFO] scanner - 📅 Data/Hora: 24/02/2026 06:27:42
2026-02-24 06:27:42 [INFO] scanner - 📂 Log: logs/scanner_2026-02-24.log
2026-02-24 06:27:42 [INFO] scanner - ============================================================
2026-02-24 06:27:42 [INFO] scanner - 📝 PAPER MODE ATIVO - Apenas registro e análise
2026-02-24 07:13:45 [INFO] scanner - ============================================================
2026-02-24 07:13:45 [INFO] scanner - 🚀 SCANNER INICIADO
2026-02-24 07:13:45 [INFO] scanner - 📅 Data/Hora: 24/02/2026 07:13:45
2026-02-24 07:13:45 [INFO] scanner - 📂 Log: logs/scanner_2026-02-24.log
2026-02-24 07:13:45 [INFO] scanner - ============================================================
2026-02-24 07:13:45 [INFO] scanner - 📝 PAPER MODE ATIVO - Apenas registro e análise
2026-02-24 08:07:36 [INFO] scanner - ============================================================
2026-02-24 08:07:36 [INFO] scanner - 🚀 SCANNER INICIADO
2026-02-24 08:07:36 [INFO] scanner - 📅 Data/Hora: 24/02/2026 08:07:36
2026-02-24 08:07:36 [INFO] scanner - 📂 Log: logs/scanner_2026-02-24.log
2026-02-24 08:07:36 [INFO] scanner - ============================================================
2026-02-24 08:07:36 [INFO] scanner - 📝 PAPER MODE ATIVO - Apenas registro e análise
2026-02-24 08:07:41 [WARNING] root - Bloco de componentes falhou: cannot unpack non-iterable int object
2026-02-24 08:07:41 [INFO] scanner - ✅ Validações OK [ETH/USDT]: Score=7.3, R:R=2.00
2026-02-24 08:07:41 [INFO] scanner - ⏸️  Throttle ativo [ETH/USDT]:
2026-02-24 08:07:41 [INFO] scanner -    ├─ Último alerta há 1692.6 minutos
2026-02-24 08:07:41 [INFO] scanner -    ├─ Tempo mínimo: 1800 minutos
2026-02-24 08:07:41 [INFO] scanner -    └─ Próximo permitido em: 107.4 minutos
2026-02-24 08:53:42 [INFO] scanner - ============================================================
2026-02-24 08:53:42 [INFO] scanner - 🚀 SCANNER INICIADO
2026-02-24 08:53:42 [INFO] scanner - 📅 Data/Hora: 24/02/2026 08:53:42
2026-02-24 08:53:42 [INFO] scanner - 📂 Log: logs/scanner_2026-02-24.log
2026-02-24 08:53:42 [INFO] scanner - ============================================================
2026-02-24 08:53:42 [INFO] scanner - 📝 PAPER MODE ATIVO - Apenas registro e análise
2026-02-24 09:43:52 [INFO] scanner - ============================================================
2026-02-24 09:43:52 [INFO] scanner - 🚀 SCANNER INICIADO
2026-02-24 09:43:52 [INFO] scanner - 📅 Data/Hora: 24/02/2026 09:43:52
2026-02-24 09:43:52 [INFO] scanner - 📂 Log: logs/scanner_2026-02-24.log
2026-02-24 09:43:52 [INFO] scanner - ============================================================
2026-02-24 09:43:52 [INFO] scanner - 📝 PAPER MODE ATIVO - Apenas registro e análise
2026-02-24 09:43:56 [WARNING] root - Bloco de componentes falhou: cannot unpack non-iterable int object
2026-02-24 09:43:56 [INFO] scanner - ✅ Validações OK [BTC/USDT]: Score=7.3, R:R=2.08
2026-02-24 09:43:56 [INFO] scanner - ⏸️  Throttle ativo [BTC/USDT]:
2026-02-24 09:43:56 [INFO] scanner -    ├─ Último alerta há 1788.9 minutos
2026-02-24 09:43:56 [INFO] scanner -    ├─ Tempo mínimo: 1800 minutos
2026-02-24 09:43:56 [INFO] scanner -    └─ Próximo permitido em: 11.1 minutos
2026-02-24 09:43:58 [WARNING] root - Bloco de componentes falhou: cannot unpack non-iterable int object
2026-02-24 09:43:58 [INFO] scanner - ✅ Validações OK [ETH/USDT]: Score=7.3, R:R=2.00
2026-02-24 09:43:58 [INFO] scanner - ⏸️  Throttle ativo [ETH/USDT]:
2026-02-24 09:43:58 [INFO] scanner -    ├─ Último alerta há 1788.9 minutos
2026-02-24 09:43:58 [INFO] scanner -    ├─ Tempo mínimo: 1800 minutos
2026-02-24 09:43:58 [INFO] scanner -    └─ Próximo permitido em: 11.1 minutos
2026-02-24 10:58:53 [INFO] scanner - ============================================================
2026-02-24 10:58:53 [INFO] scanner - 🚀 SCANNER INICIADO
2026-02-24 10:58:53 [INFO] scanner - 📅 Data/Hora: 24/02/2026 10:58:53
2026-02-24 10:58:53 [INFO] scanner - 📂 Log: logs/scanner_2026-02-24.log
2026-02-24 10:58:53 [INFO] scanner - ============================================================
2026-02-24 10:58:53 [INFO] scanner - 📝 PAPER MODE ATIVO - Apenas registro e análise
2026-02-24 10:58:57 [WARNING] root - Bloco de componentes falhou: cannot unpack non-iterable int object
2026-02-24 10:58:57 [INFO] scanner - ✅ Validações OK [BTC/USDT]: Score=7.8, R:R=2.08
2026-02-24 10:58:57 [INFO] scanner - ✅ Throttle OK [BTC/USDT]: Pode enviar
2026-02-24 10:58:57 [INFO] scanner - 📝 Sinal no ledger: 20260224_105857_606207 - BTC/USDT
2026-02-24 10:58:57 [INFO] scanner - 📨 Alerta enviado | ID Ledger: 20260224_105857_606207
2026-02-24 10:59:00 [WARNING] root - Bloco de componentes falhou: cannot unpack non-iterable int object
2026-02-24 10:59:00 [INFO] scanner - ✅ Validações OK [ETH/USDT]: Score=7.8, R:R=2.00
2026-02-24 10:59:00 [INFO] scanner - ✅ Throttle OK [ETH/USDT]: Pode enviar
2026-02-24 10:59:00 [INFO] scanner - 📝 Sinal no ledger: 20260224_105900_622204 - ETH/USDT
2026-02-24 10:59:00 [INFO] scanner - 📨 Alerta enviado | ID Ledger: 20260224_105900_622204
2026-02-24 11:50:14 [INFO] scanner - ============================================================
2026-02-24 11:50:14 [INFO] scanner - 🚀 SCANNER INICIADO
2026-02-24 11:50:14 [INFO] scanner - 📅 Data/Hora: 24/02/2026 11:50:14
2026-02-24 11:50:14 [INFO] scanner - 📂 Log: logs/scanner_2026-02-24.log
2026-02-24 11:50:14 [INFO] scanner - ============================================================
2026-02-24 11:50:14 [INFO] scanner - 📝 PAPER MODE ATIVO - Apenas registro e análise
2026-02-24 11:50:18 [WARNING] root - Bloco de componentes falhou: cannot unpack non-iterable int object
2026-02-24 11:50:18 [INFO] scanner - ✅ Validações OK [BTC/USDT]: Score=7.8, R:R=2.08
2026-02-24 11:50:18 [INFO] scanner - ⏸️  Throttle ativo [BTC/USDT]:
2026-02-24 11:50:18 [INFO] scanner -    ├─ Último alerta há 51.4 minutos
2026-02-24 11:50:18 [INFO] scanner -    ├─ Tempo mínimo: 1800 minutos
2026-02-24 11:50:18 [INFO] scanner -    └─ Próximo permitido em: 1748.6 minutos
2026-02-24 11:50:18 [WARNING] root - Bloco de componentes falhou: cannot unpack non-iterable int object
2026-02-24 11:50:18 [INFO] scanner - ✅ Validações OK [BTC/USDT]: Score=7.8, R:R=2.08
2026-02-24 11:50:18 [INFO] scanner - ⏸️  Throttle ativo [BTC/USDT]:
2026-02-24 11:50:18 [INFO] scanner -    ├─ Último alerta há 51.4 minutos
2026-02-24 11:50:18 [INFO] scanner -    ├─ Tempo mínimo: 1800 minutos
2026-02-24 11:50:18 [INFO] scanner -    └─ Próximo permitido em: 1748.6 minutos
2026-02-24 11:50:20 [WARNING] root - Bloco de componentes falhou: cannot unpack non-iterable int object
2026-02-24 11:50:20 [INFO] scanner - ✅ Validações OK [ETH/USDT]: Score=7.8, R:R=2.00
2026-02-24 11:50:20 [INFO] scanner - ⏸️  Throttle ativo [ETH/USDT]:
2026-02-24 11:50:20 [INFO] scanner -    ├─ Último alerta há 51.3 minutos
2026-02-24 11:50:20 [INFO] scanner -    ├─ Tempo mínimo: 1800 minutos
2026-02-24 11:50:20 [INFO] scanner -    └─ Próximo permitido em: 1748.7 minutos
2026-02-24 11:50:21 [WARNING] root - Bloco de componentes falhou: cannot unpack non-iterable int object
2026-02-24 11:50:21 [INFO] scanner - ✅ Validações OK [ETH/USDT]: Score=7.8, R:R=2.00
2026-02-24 11:50:21 [INFO] scanner - ⏸️  Throttle ativo [ETH/USDT]:
2026-02-24 11:50:21 [INFO] scanner -    ├─ Último alerta há 51.4 minutos
2026-02-24 11:50:21 [INFO] scanner -    ├─ Tempo mínimo: 1800 minutos
2026-02-24 11:50:21 [INFO] scanner -    └─ Próximo permitido em: 1748.6 minutos
2026-02-24 12:48:31 [INFO] scanner - ============================================================
2026-02-24 12:48:31 [INFO] scanner - 🚀 SCANNER INICIADO
2026-02-24 12:48:31 [INFO] scanner - 📅 Data/Hora: 24/02/2026 12:48:31
2026-02-24 12:48:31 [INFO] scanner - 📂 Log: logs/scanner_2026-02-24.log
2026-02-24 12:48:31 [INFO] scanner - ============================================================
2026-02-24 12:48:31 [INFO] scanner - 📝 PAPER MODE ATIVO - Apenas registro e análise
2026-02-24 12:48:34 [WARNING] root - Bloco de componentes falhou: cannot unpack non-iterable int object
2026-02-24 12:48:34 [INFO] scanner - ✅ Validações OK [BTC/USDT]: Score=7.8, R:R=2.08
2026-02-24 12:48:34 [INFO] scanner - ⏸️  Throttle ativo [BTC/USDT]:
2026-02-24 12:48:34 [INFO] scanner -    ├─ Último alerta há 109.6 minutos
2026-02-24 12:48:34 [INFO] scanner -    ├─ Tempo mínimo: 1800 minutos
2026-02-24 12:48:34 [INFO] scanner -    └─ Próximo permitido em: 1690.4 minutos
2026-02-24 12:48:35 [WARNING] root - Bloco de componentes falhou: cannot unpack non-iterable int object
2026-02-24 12:48:35 [INFO] scanner - ✅ Validações OK [BTC/USDT]: Score=7.8, R:R=2.08
2026-02-24 12:48:35 [INFO] scanner - ⏸️  Throttle ativo [BTC/USDT]:
2026-02-24 12:48:35 [INFO] scanner -    ├─ Último alerta há 109.6 minutos
2026-02-24 12:48:35 [INFO] scanner -    ├─ Tempo mínimo: 1800 minutos
2026-02-24 12:48:35 [INFO] scanner -    └─ Próximo permitido em: 1690.4 minutos
2026-02-24 12:48:37 [WARNING] root - Bloco de componentes falhou: cannot unpack non-iterable int object
2026-02-24 12:48:37 [INFO] scanner - ✅ Validações OK [ETH/USDT]: Score=7.8, R:R=2.00
2026-02-24 12:48:37 [INFO] scanner - ⏸️  Throttle ativo [ETH/USDT]:
2026-02-24 12:48:37 [INFO] scanner -    ├─ Último alerta há 109.6 minutos
2026-02-24 12:48:37 [INFO] scanner -    ├─ Tempo mínimo: 1800 minutos
2026-02-24 12:48:37 [INFO] scanner -    └─ Próximo permitido em: 1690.4 minutos
2026-02-24 12:48:37 [WARNING] root - Bloco de componentes falhou: cannot unpack non-iterable int object
2026-02-24 12:48:37 [INFO] scanner - ✅ Validações OK [ETH/USDT]: Score=7.8, R:R=2.00
2026-02-24 12:48:37 [INFO] scanner - ⏸️  Throttle ativo [ETH/USDT]:
2026-02-24 12:48:37 [INFO] scanner -    ├─ Último alerta há 109.6 minutos
2026-02-24 12:48:37 [INFO] scanner -    ├─ Tempo mínimo: 1800 minutos
2026-02-24 12:48:37 [INFO] scanner -    └─ Próximo permitido em: 1690.4 minutos
2026-02-24 13:57:01 [INFO] scanner - ============================================================
2026-02-24 13:57:01 [INFO] scanner - 🚀 SCANNER INICIADO
2026-02-24 13:57:01 [INFO] scanner - 📅 Data/Hora: 24/02/2026 13:57:01
2026-02-24 13:57:01 [INFO] scanner - 📂 Log: logs/scanner_2026-02-24.log
2026-02-24 13:57:01 [INFO] scanner - ============================================================
2026-02-24 13:57:01 [INFO] scanner - 📝 PAPER MODE ATIVO - Apenas registro e análise
2026-02-24 13:57:04 [WARNING] root - Bloco de componentes falhou: cannot unpack non-iterable int object
2026-02-24 13:57:04 [INFO] scanner - ✅ Validações OK [BTC/USDT]: Score=7.8, R:R=2.08
2026-02-24 13:57:04 [INFO] scanner - ⏸️  Throttle ativo [BTC/USDT]:
2026-02-24 13:57:04 [INFO] scanner -    ├─ Último alerta há 178.1 minutos
2026-02-24 13:57:04 [INFO] scanner -    ├─ Tempo mínimo: 1800 minutos
2026-02-24 13:57:04 [INFO] scanner -    └─ Próximo permitido em: 1621.9 minutos
2026-02-24 13:57:06 [WARNING] root - Bloco de componentes falhou: cannot unpack non-iterable int object
2026-02-24 13:57:06 [INFO] scanner - ✅ Validações OK [ETH/USDT]: Score=7.8, R:R=2.00
2026-02-24 13:57:06 [INFO] scanner - ⏸️  Throttle ativo [ETH/USDT]:
2026-02-24 13:57:06 [INFO] scanner -    ├─ Último alerta há 178.1 minutos
2026-02-24 13:57:06 [INFO] scanner -    ├─ Tempo mínimo: 1800 minutos
2026-02-24 13:57:06 [INFO] scanner -    └─ Próximo permitido em: 1621.9 minutos
2026-02-24 14:53:48 [INFO] scanner - ============================================================
2026-02-24 14:53:48 [INFO] scanner - 🚀 SCANNER INICIADO
2026-02-24 14:53:48 [INFO] scanner - 📅 Data/Hora: 24/02/2026 14:53:48
2026-02-24 14:53:48 [INFO] scanner - 📂 Log: logs/scanner_2026-02-24.log
2026-02-24 14:53:48 [INFO] scanner - ============================================================
2026-02-24 14:53:48 [INFO] scanner - 📝 PAPER MODE ATIVO - Apenas registro e análise
2026-02-24 14:53:51 [WARNING] root - Bloco de componentes falhou: cannot unpack non-iterable int object
2026-02-24 14:53:51 [INFO] scanner - ✅ Validações OK [BTC/USDT]: Score=7.8, R:R=2.08
2026-02-24 14:53:51 [INFO] scanner - ⏸️  Throttle ativo [BTC/USDT]:
2026-02-24 14:53:51 [INFO] scanner -    ├─ Último alerta há 234.9 minutos
2026-02-24 14:53:51 [INFO] scanner -    ├─ Tempo mínimo: 1800 minutos
2026-02-24 14:53:51 [INFO] scanner -    └─ Próximo permitido em: 1565.1 minutos
2026-02-24 14:53:53 [WARNING] root - Bloco de componentes falhou: cannot unpack non-iterable int object
2026-02-24 14:53:53 [INFO] scanner - ✅ Validações OK [ETH/USDT]: Score=7.8, R:R=2.00
2026-02-24 14:53:53 [INFO] scanner - ⏸️  Throttle ativo [ETH/USDT]:
2026-02-24 14:53:53 [INFO] scanner -    ├─ Último alerta há 234.9 minutos
2026-02-24 14:53:53 [INFO] scanner -    ├─ Tempo mínimo: 1800 minutos
2026-02-24 14:53:53 [INFO] scanner -    └─ Próximo permitido em: 1565.1 minutos
2026-02-24 14:53:54 [WARNING] root - Bloco de componentes falhou: cannot unpack non-iterable int object
2026-02-24 14:53:54 [INFO] scanner - ✅ Validações OK [ETH/USDT]: Score=7.8, R:R=2.00
2026-02-24 14:53:54 [INFO] scanner - ⏸️  Throttle ativo [ETH/USDT]:
2026-02-24 14:53:54 [INFO] scanner -    ├─ Último alerta há 234.9 minutos
2026-02-24 14:53:54 [INFO] scanner -    ├─ Tempo mínimo: 1800 minutos
2026-02-24 14:53:54 [INFO] scanner -    └─ Próximo permitido em: 1565.1 minutos
