2026-01-03 03:20:42 [INFO] scanner - ============================================================
2026-01-03 03:20:42 [INFO] scanner - 🚀 SCANNER INICIADO
2026-01-03 03:20:42 [INFO] scanner - 📅 Data/Hora: 03/01/2026 03:20:42
2026-01-03 03:20:42 [INFO] scanner - 📂 Log: logs/scanner_2026-01-03.log
2026-01-03 03:20:42 [INFO] scanner - ============================================================
2026-01-03 03:20:42 [INFO] scanner - 📝 PAPER MODE ATIVO - Apenas registro e análise
2026-01-03 03:20:46 [WARNING] root - Bloco de componentes falhou: cannot unpack non-iterable int object
2026-01-03 03:20:46 [INFO] scanner - ✅ Validações OK [BTC/USDT]: Score=7.3, R:R=2.08
2026-01-03 03:20:46 [INFO] scanner - ⏸️  Throttle ativo [BTC/USDT]:
2026-01-03 03:20:46 [INFO] scanner -    ├─ Último alerta há 606.1 minutos
2026-01-03 03:20:46 [INFO] scanner -    ├─ Tempo mínimo: 1800 minutos
2026-01-03 03:20:46 [INFO] scanner -    └─ Próximo permitido em: 1193.9 minutos
2026-01-03 03:20:48 [WARNING] root - Bloco de componentes falhou: cannot unpack non-iterable int object
2026-01-03 03:20:48 [INFO] scanner - ✅ Validações OK [ETH/USDT]: Score=7.3, R:R=2.00
2026-01-03 03:20:48 [INFO] scanner - ⏸️  Throttle ativo [ETH/USDT]:
2026-01-03 03:20:48 [INFO] scanner -    ├─ Último alerta há 1438.4 minutos
2026-01-03 03:20:48 [INFO] scanner -    ├─ Tempo mínimo: 1800 minutos
2026-01-03 03:20:48 [INFO] scanner -    └─ Próximo permitido em: 361.6 minutos
2026-01-03 03:51:19 [INFO] scanner - ============================================================
2026-01-03 03:51:19 [INFO] scanner - 🚀 SCANNER INICIADO
2026-01-03 03:51:19 [INFO] scanner - 📅 Data/Hora: 03/01/2026 03:51:19
2026-01-03 03:51:19 [INFO] scanner - 📂 Log: logs/scanner_2026-01-03.log
2026-01-03 03:51:19 [INFO] scanner - ============================================================
2026-01-03 03:51:19 [INFO] scanner - 📝 PAPER MODE ATIVO - Apenas registro e análise
2026-01-03 03:51:22 [WARNING] root - Bloco de componentes falhou: cannot unpack non-iterable int object
2026-01-03 03:51:22 [INFO] scanner - ✅ Validações OK [BTC/USDT]: Score=7.3, R:R=2.08
2026-01-03 03:51:22 [INFO] scanner - ⏸️  Throttle ativo [BTC/USDT]:
2026-01-03 03:51:22 [INFO] scanner -    ├─ Último alerta há 636.7 minutos
2026-01-03 03:51:22 [INFO] scanner -    ├─ Tempo mínimo: 1800 minutos
2026-01-03 03:51:22 [INFO] scanner -    └─ Próximo permitido em: 1163.3 minutos
2026-01-03 03:51:22 [WARNING] root - Bloco de componentes falhou: cannot unpack non-iterable int object
2026-01-03 03:51:22 [INFO] scanner - ✅ Validações OK [BTC/USDT]: Score=7.3, R:R=2.08
2026-01-03 03:51:22 [INFO] scanner - ⏸️  Throttle ativo [BTC/USDT]:
2026-01-03 03:51:22 [INFO] scanner -    ├─ Último alerta há 636.7 minutos
2026-01-03 03:51:22 [INFO] scanner -    ├─ Tempo mínimo: 1800 minutos
2026-01-03 03:51:22 [INFO] scanner -    └─ Próximo permitido em: 1163.3 minutos
2026-01-03 03:51:25 [WARNING] root - Bloco de componentes falhou: cannot unpack non-iterable int object
2026-01-03 03:51:25 [INFO] scanner - ✅ Validações OK [ETH/USDT]: Score=7.8, R:R=2.00
2026-01-03 03:51:25 [INFO] scanner - ⏸️  Throttle ativo [ETH/USDT]:
2026-01-03 03:51:25 [INFO] scanner -    ├─ Último alerta há 1469.0 minutos
2026-01-03 03:51:25 [INFO] scanner -    ├─ Tempo mínimo: 1800 minutos
2026-01-03 03:51:25 [INFO] scanner -    └─ Próximo permitido em: 331.0 minutos
2026-01-03 03:51:25 [WARNING] root - Bloco de componentes falhou: cannot unpack non-iterable int object
2026-01-03 03:51:25 [INFO] scanner - ✅ Validações OK [ETH/USDT]: Score=7.8, R:R=2.00
2026-01-03 03:51:25 [INFO] scanner - ⏸️  Throttle ativo [ETH/USDT]:
2026-01-03 03:51:25 [INFO] scanner -    ├─ Último alerta há 1469.0 minutos
2026-01-03 03:51:25 [INFO] scanner -    ├─ Tempo mínimo: 1800 minutos
2026-01-03 03:51:25 [INFO] scanner -    └─ Próximo permitido em: 331.0 minutos
2026-01-03 04:13:27 [INFO] scanner - ============================================================
2026-01-03 04:13:27 [INFO] scanner - 🚀 SCANNER INICIADO
2026-01-03 04:13:27 [INFO] scanner - 📅 Data/Hora: 03/01/2026 04:13:27
2026-01-03 04:13:27 [INFO] scanner - 📂 Log: logs/scanner_2026-01-03.log
2026-01-03 04:13:27 [INFO] scanner - ============================================================
2026-01-03 04:13:27 [INFO] scanner - 📝 PAPER MODE ATIVO - Apenas registro e análise
2026-01-03 04:13:30 [WARNING] root - Bloco de componentes falhou: cannot unpack non-iterable int object
2026-01-03 04:13:30 [INFO] scanner - ✅ Validações OK [BTC/USDT]: Score=7.3, R:R=2.08
2026-01-03 04:13:30 [INFO] scanner - ⏸️  Throttle ativo [BTC/USDT]:
2026-01-03 04:13:30 [INFO] scanner -    ├─ Último alerta há 658.8 minutos
2026-01-03 04:13:30 [INFO] scanner -    ├─ Tempo mínimo: 1800 minutos
2026-01-03 04:13:30 [INFO] scanner -    └─ Próximo permitido em: 1141.2 minutos
2026-01-03 04:13:33 [WARNING] root - Bloco de componentes falhou: cannot unpack non-iterable int object
2026-01-03 04:13:33 [INFO] scanner - ✅ Validações OK [ETH/USDT]: Score=7.8, R:R=2.00
2026-01-03 04:13:33 [INFO] scanner - ⏸️  Throttle ativo [ETH/USDT]:
2026-01-03 04:13:33 [INFO] scanner -    ├─ Último alerta há 1491.1 minutos
2026-01-03 04:13:33 [INFO] scanner -    ├─ Tempo mínimo: 1800 minutos
2026-01-03 04:13:33 [INFO] scanner -    └─ Próximo permitido em: 308.9 minutos
