2026-01-31 03:28:02 [INFO] scanner - ============================================================
2026-01-31 03:28:02 [INFO] scanner - 🚀 SCANNER INICIADO
2026-01-31 03:28:02 [INFO] scanner - 📅 Data/Hora: 31/01/2026 03:28:02
2026-01-31 03:28:02 [INFO] scanner - 📂 Log: logs/scanner_2026-01-31.log
2026-01-31 03:28:02 [INFO] scanner - ============================================================
2026-01-31 03:28:02 [INFO] scanner - 📝 PAPER MODE ATIVO - Apenas registro e análise
2026-01-31 03:28:05 [WARNING] root - Bloco de componentes falhou: cannot unpack non-iterable int object
2026-01-31 03:28:05 [INFO] scanner - ✅ Validações OK [BTC/USDT]: Score=7.3, R:R=2.08
2026-01-31 03:28:05 [INFO] scanner - ✅ Throttle OK [BTC/USDT]: Pode enviar
2026-01-31 03:28:06 [INFO] scanner - 📝 Sinal no ledger: 20260131_032806_016451 - BTC/USDT
2026-01-31 03:28:06 [INFO] scanner - 📨 Alerta enviado | ID Ledger: 20260131_032806_016451
2026-01-31 03:28:08 [WARNING] root - Bloco de componentes falhou: cannot unpack non-iterable int object
2026-01-31 03:28:08 [INFO] scanner - ✅ Validações OK [ETH/USDT]: Score=7.3, R:R=2.00
2026-01-31 03:28:08 [INFO] scanner - ⏸️  Throttle ativo [ETH/USDT]:
2026-01-31 03:28:08 [INFO] scanner -    ├─ Último alerta há 547.2 minutos
2026-01-31 03:28:08 [INFO] scanner -    ├─ Tempo mínimo: 1800 minutos
2026-01-31 03:28:08 [INFO] scanner -    └─ Próximo permitido em: 1252.8 minutos
2026-01-31 04:03:36 [INFO] scanner - ============================================================
2026-01-31 04:03:36 [INFO] scanner - 🚀 SCANNER INICIADO
2026-01-31 04:03:36 [INFO] scanner - 📅 Data/Hora: 31/01/2026 04:03:36
2026-01-31 04:03:36 [INFO] scanner - 📂 Log: logs/scanner_2026-01-31.log
2026-01-31 04:03:36 [INFO] scanner - ============================================================
2026-01-31 04:03:36 [INFO] scanner - 📝 PAPER MODE ATIVO - Apenas registro e análise
2026-01-31 04:03:39 [WARNING] root - Bloco de componentes falhou: cannot unpack non-iterable int object
2026-01-31 04:03:39 [INFO] scanner - ✅ Validações OK [BTC/USDT]: Score=7.3, R:R=2.08
2026-01-31 04:03:39 [INFO] scanner - ⏸️  Throttle ativo [BTC/USDT]:
2026-01-31 04:03:39 [INFO] scanner -    ├─ Último alerta há 35.6 minutos
2026-01-31 04:03:39 [INFO] scanner -    ├─ Tempo mínimo: 1800 minutos
2026-01-31 04:03:39 [INFO] scanner -    └─ Próximo permitido em: 1764.4 minutos
2026-01-31 04:03:41 [WARNING] root - Bloco de componentes falhou: cannot unpack non-iterable int object
2026-01-31 04:03:41 [INFO] scanner - ✅ Validações OK [ETH/USDT]: Score=7.3, R:R=2.00
2026-01-31 04:03:41 [INFO] scanner - ⏸️  Throttle ativo [ETH/USDT]:
2026-01-31 04:03:41 [INFO] scanner -    ├─ Último alerta há 582.7 minutos
2026-01-31 04:03:41 [INFO] scanner -    ├─ Tempo mínimo: 1800 minutos
2026-01-31 04:03:41 [INFO] scanner -    └─ Próximo permitido em: 1217.3 minutos
2026-01-31 04:41:14 [INFO] scanner - ============================================================
2026-01-31 04:41:14 [INFO] scanner - 🚀 SCANNER INICIADO
2026-01-31 04:41:14 [INFO] scanner - 📅 Data/Hora: 31/01/2026 04:41:14
2026-01-31 04:41:14 [INFO] scanner - 📂 Log: logs/scanner_2026-01-31.log
2026-01-31 04:41:14 [INFO] scanner - ============================================================
2026-01-31 04:41:14 [INFO] scanner - 📝 PAPER MODE ATIVO - Apenas registro e análise
2026-01-31 04:41:18 [WARNING] root - Bloco de componentes falhou: cannot unpack non-iterable int object
2026-01-31 04:41:18 [INFO] scanner - ✅ Validações OK [BTC/USDT]: Score=7.3, R:R=2.08
2026-01-31 04:41:18 [INFO] scanner - ⏸️  Throttle ativo [BTC/USDT]:
2026-01-31 04:41:18 [INFO] scanner -    ├─ Último alerta há 73.2 minutos
2026-01-31 04:41:18 [INFO] scanner -    ├─ Tempo mínimo: 1800 minutos
2026-01-31 04:41:18 [INFO] scanner -    └─ Próximo permitido em: 1726.8 minutos
2026-01-31 04:41:18 [WARNING] root - Bloco de componentes falhou: cannot unpack non-iterable int object
2026-01-31 04:41:18 [INFO] scanner - ✅ Validações OK [BTC/USDT]: Score=7.3, R:R=2.08
2026-01-31 04:41:18 [INFO] scanner - ⏸️  Throttle ativo [BTC/USDT]:
2026-01-31 04:41:18 [INFO] scanner -    ├─ Último alerta há 73.2 minutos
2026-01-31 04:41:18 [INFO] scanner -    ├─ Tempo mínimo: 1800 minutos
2026-01-31 04:41:18 [INFO] scanner -    └─ Próximo permitido em: 1726.8 minutos
2026-01-31 04:41:18 [WARNING] root - Bloco de componentes falhou: cannot unpack non-iterable int object
2026-01-31 04:41:18 [INFO] scanner - ✅ Validações OK [BTC/USDT]: Score=7.3, R:R=2.08
2026-01-31 04:41:18 [INFO] scanner - ⏸️  Throttle ativo [BTC/USDT]:
2026-01-31 04:41:18 [INFO] scanner -    ├─ Último alerta há 73.2 minutos
2026-01-31 04:41:18 [INFO] scanner -    ├─ Tempo mínimo: 1800 minutos
2026-01-31 04:41:18 [INFO] scanner -    └─ Próximo permitido em: 1726.8 minutos
2026-01-31 04:41:20 [WARNING] root - Bloco de componentes falhou: cannot unpack non-iterable int object
2026-01-31 04:41:20 [INFO] scanner - ✅ Validações OK [ETH/USDT]: Score=7.3, R:R=2.00
2026-01-31 04:41:20 [INFO] scanner - ⏸️  Throttle ativo [ETH/USDT]:
2026-01-31 04:41:20 [INFO] scanner -    ├─ Último alerta há 620.4 minutos
2026-01-31 04:41:20 [INFO] scanner -    ├─ Tempo mínimo: 1800 minutos
2026-01-31 04:41:20 [INFO] scanner -    └─ Próximo permitido em: 1179.6 minutos
2026-01-31 04:55:18 [INFO] scanner - ============================================================
2026-01-31 04:55:18 [INFO] scanner - 🚀 SCANNER INICIADO
2026-01-31 04:55:18 [INFO] scanner - 📅 Data/Hora: 31/01/2026 04:55:18
2026-01-31 04:55:18 [INFO] scanner - 📂 Log: logs/scanner_2026-01-31.log
2026-01-31 04:55:18 [INFO] scanner - ============================================================
2026-01-31 04:55:18 [INFO] scanner - 📝 PAPER MODE ATIVO - Apenas registro e análise
2026-01-31 04:55:22 [WARNING] root - Bloco de componentes falhou: cannot unpack non-iterable int object
2026-01-31 04:55:22 [INFO] scanner - ✅ Validações OK [BTC/USDT]: Score=7.3, R:R=2.08
2026-01-31 04:55:22 [INFO] scanner - ⏸️  Throttle ativo [BTC/USDT]:
2026-01-31 04:55:22 [INFO] scanner -    ├─ Último alerta há 87.3 minutos
2026-01-31 04:55:22 [INFO] scanner -    ├─ Tempo mínimo: 1800 minutos
2026-01-31 04:55:22 [INFO] scanner -    └─ Próximo permitido em: 1712.7 minutos
2026-01-31 04:55:22 [WARNING] root - Bloco de componentes falhou: cannot unpack non-iterable int object
2026-01-31 04:55:22 [INFO] scanner - ✅ Validações OK [BTC/USDT]: Score=7.3, R:R=2.08
2026-01-31 04:55:22 [INFO] scanner - ⏸️  Throttle ativo [BTC/USDT]:
2026-01-31 04:55:22 [INFO] scanner -    ├─ Último alerta há 87.3 minutos
2026-01-31 04:55:22 [INFO] scanner -    ├─ Tempo mínimo: 1800 minutos
2026-01-31 04:55:22 [INFO] scanner -    └─ Próximo permitido em: 1712.7 minutos
2026-01-31 04:55:22 [WARNING] root - Bloco de componentes falhou: cannot unpack non-iterable int object
2026-01-31 04:55:22 [INFO] scanner - ✅ Validações OK [BTC/USDT]: Score=7.3, R:R=2.08
2026-01-31 04:55:22 [INFO] scanner - ⏸️  Throttle ativo [BTC/USDT]:
2026-01-31 04:55:22 [INFO] scanner -    ├─ Último alerta há 87.3 minutos
2026-01-31 04:55:22 [INFO] scanner -    ├─ Tempo mínimo: 1800 minutos
2026-01-31 04:55:22 [INFO] scanner -    └─ Próximo permitido em: 1712.7 minutos
2026-01-31 04:55:24 [WARNING] root - Bloco de componentes falhou: cannot unpack non-iterable int object
2026-01-31 04:55:24 [INFO] scanner - ✅ Validações OK [ETH/USDT]: Score=7.3, R:R=2.00
2026-01-31 04:55:24 [INFO] scanner - ⏸️  Throttle ativo [ETH/USDT]:
2026-01-31 04:55:24 [INFO] scanner -    ├─ Último alerta há 634.4 minutos
2026-01-31 04:55:24 [INFO] scanner -    ├─ Tempo mínimo: 1800 minutos
2026-01-31 04:55:24 [INFO] scanner -    └─ Próximo permitido em: 1165.6 minutos
2026-01-31 05:20:01 [INFO] scanner - ============================================================
2026-01-31 05:20:01 [INFO] scanner - 🚀 SCANNER INICIADO
2026-01-31 05:20:01 [INFO] scanner - 📅 Data/Hora: 31/01/2026 05:20:01
2026-01-31 05:20:01 [INFO] scanner - 📂 Log: logs/scanner_2026-01-31.log
2026-01-31 05:20:01 [INFO] scanner - ============================================================
2026-01-31 05:20:01 [INFO] scanner - 📝 PAPER MODE ATIVO - Apenas registro e análise
2026-01-31 05:20:04 [WARNING] root - Bloco de componentes falhou: cannot unpack non-iterable int object
2026-01-31 05:20:04 [INFO] scanner - ✅ Validações OK [BTC/USDT]: Score=7.3, R:R=2.08
2026-01-31 05:20:04 [INFO] scanner - ⏸️  Throttle ativo [BTC/USDT]:
2026-01-31 05:20:04 [INFO] scanner -    ├─ Último alerta há 112.0 minutos
2026-01-31 05:20:04 [INFO] scanner -    ├─ Tempo mínimo: 1800 minutos
2026-01-31 05:20:04 [INFO] scanner -    └─ Próximo permitido em: 1688.0 minutos
2026-01-31 05:51:41 [INFO] scanner - ============================================================
2026-01-31 05:51:41 [INFO] scanner - 🚀 SCANNER INICIADO
2026-01-31 05:51:41 [INFO] scanner - 📅 Data/Hora: 31/01/2026 05:51:41
2026-01-31 05:51:41 [INFO] scanner - 📂 Log: logs/scanner_2026-01-31.log
2026-01-31 05:51:41 [INFO] scanner - ============================================================
2026-01-31 05:51:41 [INFO] scanner - 📝 PAPER MODE ATIVO - Apenas registro e análise
2026-01-31 05:51:45 [WARNING] root - Bloco de componentes falhou: cannot unpack non-iterable int object
2026-01-31 05:51:45 [INFO] scanner - ✅ Validações OK [BTC/USDT]: Score=7.8, R:R=2.08
2026-01-31 05:51:45 [INFO] scanner - ⏸️  Throttle ativo [BTC/USDT]:
2026-01-31 05:51:45 [INFO] scanner -    ├─ Último alerta há 143.7 minutos
2026-01-31 05:51:45 [INFO] scanner -    ├─ Tempo mínimo: 1800 minutos
2026-01-31 05:51:45 [INFO] scanner -    └─ Próximo permitido em: 1656.3 minutos
2026-01-31 05:51:45 [WARNING] root - Bloco de componentes falhou: cannot unpack non-iterable int object
2026-01-31 05:51:45 [INFO] scanner - ✅ Validações OK [BTC/USDT]: Score=7.8, R:R=2.08
2026-01-31 05:51:45 [INFO] scanner - ⏸️  Throttle ativo [BTC/USDT]:
2026-01-31 05:51:45 [INFO] scanner -    ├─ Último alerta há 143.7 minutos
2026-01-31 05:51:45 [INFO] scanner -    ├─ Tempo mínimo: 1800 minutos
2026-01-31 05:51:45 [INFO] scanner -    └─ Próximo permitido em: 1656.3 minutos
2026-01-31 05:51:48 [WARNING] root - Bloco de componentes falhou: cannot unpack non-iterable int object
2026-01-31 05:51:48 [INFO] scanner - ✅ Validações OK [ETH/USDT]: Score=7.8, R:R=2.00
2026-01-31 05:51:48 [INFO] scanner - ⏸️  Throttle ativo [ETH/USDT]:
2026-01-31 05:51:48 [INFO] scanner -    ├─ Último alerta há 690.8 minutos
2026-01-31 05:51:48 [INFO] scanner -    ├─ Tempo mínimo: 1800 minutos
2026-01-31 05:51:48 [INFO] scanner -    └─ Próximo permitido em: 1109.2 minutos
2026-01-31 05:51:48 [WARNING] root - Bloco de componentes falhou: cannot unpack non-iterable int object
2026-01-31 05:51:48 [INFO] scanner - ✅ Validações OK [ETH/USDT]: Score=7.8, R:R=2.00
2026-01-31 05:51:48 [INFO] scanner - ⏸️  Throttle ativo [ETH/USDT]:
2026-01-31 05:51:48 [INFO] scanner -    ├─ Último alerta há 690.8 minutos
2026-01-31 05:51:48 [INFO] scanner -    ├─ Tempo mínimo: 1800 minutos
2026-01-31 05:51:48 [INFO] scanner -    └─ Próximo permitido em: 1109.2 minutos
2026-01-31 06:20:46 [INFO] scanner - ============================================================
2026-01-31 06:20:46 [INFO] scanner - 🚀 SCANNER INICIADO
2026-01-31 06:20:46 [INFO] scanner - 📅 Data/Hora: 31/01/2026 06:20:46
2026-01-31 06:20:46 [INFO] scanner - 📂 Log: logs/scanner_2026-01-31.log
2026-01-31 06:20:46 [INFO] scanner - ============================================================
2026-01-31 06:20:46 [INFO] scanner - 📝 PAPER MODE ATIVO - Apenas registro e análise
2026-01-31 06:20:49 [WARNING] root - Bloco de componentes falhou: cannot unpack non-iterable int object
2026-01-31 06:20:49 [INFO] scanner - ✅ Validações OK [BTC/USDT]: Score=7.3, R:R=2.08
2026-01-31 06:20:49 [INFO] scanner - ⏸️  Throttle ativo [BTC/USDT]:
2026-01-31 06:20:49 [INFO] scanner -    ├─ Último alerta há 172.7 minutos
2026-01-31 06:20:49 [INFO] scanner -    ├─ Tempo mínimo: 1800 minutos
2026-01-31 06:20:49 [INFO] scanner -    └─ Próximo permitido em: 1627.3 minutos
2026-01-31 06:48:32 [INFO] scanner - ============================================================
2026-01-31 06:48:32 [INFO] scanner - 🚀 SCANNER INICIADO
2026-01-31 06:48:32 [INFO] scanner - 📅 Data/Hora: 31/01/2026 06:48:32
2026-01-31 06:48:32 [INFO] scanner - 📂 Log: logs/scanner_2026-01-31.log
2026-01-31 06:48:32 [INFO] scanner - ============================================================
2026-01-31 06:48:32 [INFO] scanner - 📝 PAPER MODE ATIVO - Apenas registro e análise
2026-01-31 06:48:35 [WARNING] root - Bloco de componentes falhou: cannot unpack non-iterable int object
2026-01-31 06:48:35 [INFO] scanner - ✅ Validações OK [BTC/USDT]: Score=7.3, R:R=2.08
2026-01-31 06:48:35 [INFO] scanner - ⏸️  Throttle ativo [BTC/USDT]:
2026-01-31 06:48:35 [INFO] scanner -    ├─ Último alerta há 200.5 minutos
2026-01-31 06:48:35 [INFO] scanner -    ├─ Tempo mínimo: 1800 minutos
2026-01-31 06:48:35 [INFO] scanner -    └─ Próximo permitido em: 1599.5 minutos
2026-01-31 06:48:38 [WARNING] root - Bloco de componentes falhou: cannot unpack non-iterable int object
2026-01-31 06:48:38 [INFO] scanner - ✅ Validações OK [ETH/USDT]: Score=7.3, R:R=2.00
2026-01-31 06:48:38 [INFO] scanner - ⏸️  Throttle ativo [ETH/USDT]:
2026-01-31 06:48:38 [INFO] scanner -    ├─ Último alerta há 747.7 minutos
2026-01-31 06:48:38 [INFO] scanner -    ├─ Tempo mínimo: 1800 minutos
2026-01-31 06:48:38 [INFO] scanner -    └─ Próximo permitido em: 1052.3 minutos
2026-01-31 07:16:34 [INFO] scanner - ============================================================
2026-01-31 07:16:34 [INFO] scanner - 🚀 SCANNER INICIADO
2026-01-31 07:16:34 [INFO] scanner - 📅 Data/Hora: 31/01/2026 07:16:34
2026-01-31 07:16:34 [INFO] scanner - 📂 Log: logs/scanner_2026-01-31.log
2026-01-31 07:16:34 [INFO] scanner - ============================================================
2026-01-31 07:16:34 [INFO] scanner - 📝 PAPER MODE ATIVO - Apenas registro e análise
