2026-03-07 03:29:20 [INFO] scanner - ============================================================
2026-03-07 03:29:20 [INFO] scanner - 🚀 SCANNER INICIADO
2026-03-07 03:29:20 [INFO] scanner - 📅 Data/Hora: 07/03/2026 03:29:20
2026-03-07 03:29:20 [INFO] scanner - 📂 Log: logs/scanner_2026-03-07.log
2026-03-07 03:29:20 [INFO] scanner - ============================================================
2026-03-07 03:29:20 [INFO] scanner - 📝 PAPER MODE ATIVO - Apenas registro e análise
2026-03-07 03:29:23 [WARNING] root - Bloco de componentes falhou: cannot unpack non-iterable int object
2026-03-07 03:29:23 [INFO] scanner - ✅ Validações OK [BTC/USDT]: Score=8.0, R:R=2.08
2026-03-07 03:29:23 [INFO] scanner - ✅ Throttle OK [BTC/USDT]: Pode enviar
2026-03-07 03:29:24 [INFO] scanner - 📝 Sinal no ledger: 20260307_032924_333085 - BTC/USDT
2026-03-07 03:29:24 [INFO] scanner - 📨 Alerta enviado | ID Ledger: 20260307_032924_333085
2026-03-07 03:29:24 [WARNING] root - Bloco de componentes falhou: cannot unpack non-iterable int object
2026-03-07 03:29:24 [INFO] scanner - ✅ Validações OK [BTC/USDT]: Score=7.0, R:R=2.08
2026-03-07 03:29:24 [INFO] scanner - ⏸️  Throttle ativo [BTC/USDT]:
2026-03-07 03:29:24 [INFO] scanner -    ├─ Último alerta há 0.0 minutos
2026-03-07 03:29:24 [INFO] scanner -    ├─ Tempo mínimo: 1800 minutos
2026-03-07 03:29:24 [INFO] scanner -    └─ Próximo permitido em: 1800.0 minutos
2026-03-07 04:04:37 [INFO] scanner - ============================================================
2026-03-07 04:04:37 [INFO] scanner - 🚀 SCANNER INICIADO
2026-03-07 04:04:37 [INFO] scanner - 📅 Data/Hora: 07/03/2026 04:04:37
2026-03-07 04:04:37 [INFO] scanner - 📂 Log: logs/scanner_2026-03-07.log
2026-03-07 04:04:37 [INFO] scanner - ============================================================
2026-03-07 04:04:37 [INFO] scanner - 📝 PAPER MODE ATIVO - Apenas registro e análise
2026-03-07 04:04:40 [WARNING] root - Bloco de componentes falhou: cannot unpack non-iterable int object
2026-03-07 04:04:40 [INFO] scanner - ✅ Validações OK [BTC/USDT]: Score=8.0, R:R=2.08
2026-03-07 04:04:40 [INFO] scanner - ⏸️  Throttle ativo [BTC/USDT]:
2026-03-07 04:04:40 [INFO] scanner -    ├─ Último alerta há 35.3 minutos
2026-03-07 04:04:40 [INFO] scanner -    ├─ Tempo mínimo: 1800 minutos
2026-03-07 04:04:40 [INFO] scanner -    └─ Próximo permitido em: 1764.7 minutos
2026-03-07 04:04:40 [WARNING] root - Bloco de componentes falhou: cannot unpack non-iterable int object
2026-03-07 04:04:40 [INFO] scanner - ✅ Validações OK [BTC/USDT]: Score=7.0, R:R=2.08
2026-03-07 04:04:40 [INFO] scanner - ⏸️  Throttle ativo [BTC/USDT]:
2026-03-07 04:04:40 [INFO] scanner -    ├─ Último alerta há 35.3 minutos
2026-03-07 04:04:40 [INFO] scanner -    ├─ Tempo mínimo: 1800 minutos
2026-03-07 04:04:40 [INFO] scanner -    └─ Próximo permitido em: 1764.7 minutos
2026-03-07 04:41:34 [INFO] scanner - ============================================================
2026-03-07 04:41:34 [INFO] scanner - 🚀 SCANNER INICIADO
2026-03-07 04:41:34 [INFO] scanner - 📅 Data/Hora: 07/03/2026 04:41:34
2026-03-07 04:41:34 [INFO] scanner - 📂 Log: logs/scanner_2026-03-07.log
2026-03-07 04:41:34 [INFO] scanner - ============================================================
2026-03-07 04:41:34 [INFO] scanner - 📝 PAPER MODE ATIVO - Apenas registro e análise
2026-03-07 04:41:37 [WARNING] root - Bloco de componentes falhou: cannot unpack non-iterable int object
2026-03-07 04:41:37 [INFO] scanner - ✅ Validações OK [BTC/USDT]: Score=7.3, R:R=2.08
2026-03-07 04:41:37 [INFO] scanner - ⏸️  Throttle ativo [BTC/USDT]:
2026-03-07 04:41:37 [INFO] scanner -    ├─ Último alerta há 72.2 minutos
2026-03-07 04:41:37 [INFO] scanner -    ├─ Tempo mínimo: 1800 minutos
2026-03-07 04:41:37 [INFO] scanner -    └─ Próximo permitido em: 1727.8 minutos
2026-03-07 04:41:38 [WARNING] root - Bloco de componentes falhou: cannot unpack non-iterable int object
2026-03-07 04:41:38 [INFO] scanner - ✅ Validações OK [BTC/USDT]: Score=7.3, R:R=2.08
2026-03-07 04:41:38 [INFO] scanner - ⏸️  Throttle ativo [BTC/USDT]:
2026-03-07 04:41:38 [INFO] scanner -    ├─ Último alerta há 72.2 minutos
2026-03-07 04:41:38 [INFO] scanner -    ├─ Tempo mínimo: 1800 minutos
2026-03-07 04:41:38 [INFO] scanner -    └─ Próximo permitido em: 1727.8 minutos
2026-03-07 04:55:25 [INFO] scanner - ============================================================
2026-03-07 04:55:25 [INFO] scanner - 🚀 SCANNER INICIADO
2026-03-07 04:55:25 [INFO] scanner - 📅 Data/Hora: 07/03/2026 04:55:25
2026-03-07 04:55:25 [INFO] scanner - 📂 Log: logs/scanner_2026-03-07.log
2026-03-07 04:55:25 [INFO] scanner - ============================================================
2026-03-07 04:55:25 [INFO] scanner - 📝 PAPER MODE ATIVO - Apenas registro e análise
2026-03-07 04:55:28 [WARNING] root - Bloco de componentes falhou: cannot unpack non-iterable int object
2026-03-07 04:55:28 [INFO] scanner - ✅ Validações OK [BTC/USDT]: Score=7.3, R:R=2.08
2026-03-07 04:55:28 [INFO] scanner - ⏸️  Throttle ativo [BTC/USDT]:
2026-03-07 04:55:28 [INFO] scanner -    ├─ Último alerta há 86.1 minutos
2026-03-07 04:55:28 [INFO] scanner -    ├─ Tempo mínimo: 1800 minutos
2026-03-07 04:55:28 [INFO] scanner -    └─ Próximo permitido em: 1713.9 minutos
2026-03-07 04:55:29 [WARNING] root - Bloco de componentes falhou: cannot unpack non-iterable int object
2026-03-07 04:55:29 [INFO] scanner - ✅ Validações OK [BTC/USDT]: Score=7.3, R:R=2.08
2026-03-07 04:55:29 [INFO] scanner - ⏸️  Throttle ativo [BTC/USDT]:
2026-03-07 04:55:29 [INFO] scanner -    ├─ Último alerta há 86.1 minutos
2026-03-07 04:55:29 [INFO] scanner -    ├─ Tempo mínimo: 1800 minutos
2026-03-07 04:55:29 [INFO] scanner -    └─ Próximo permitido em: 1713.9 minutos
2026-03-07 05:20:49 [INFO] scanner - ============================================================
2026-03-07 05:20:49 [INFO] scanner - 🚀 SCANNER INICIADO
2026-03-07 05:20:49 [INFO] scanner - 📅 Data/Hora: 07/03/2026 05:20:49
2026-03-07 05:20:49 [INFO] scanner - 📂 Log: logs/scanner_2026-03-07.log
2026-03-07 05:20:49 [INFO] scanner - ============================================================
2026-03-07 05:20:49 [INFO] scanner - 📝 PAPER MODE ATIVO - Apenas registro e análise
2026-03-07 05:20:53 [WARNING] root - Bloco de componentes falhou: cannot unpack non-iterable int object
2026-03-07 05:20:53 [INFO] scanner - ✅ Validações OK [BTC/USDT]: Score=7.0, R:R=2.08
2026-03-07 05:20:53 [INFO] scanner - ⏸️  Throttle ativo [BTC/USDT]:
2026-03-07 05:20:53 [INFO] scanner -    ├─ Último alerta há 111.5 minutos
2026-03-07 05:20:53 [INFO] scanner -    ├─ Tempo mínimo: 1800 minutos
2026-03-07 05:20:53 [INFO] scanner -    └─ Próximo permitido em: 1688.5 minutos
2026-03-07 05:52:25 [INFO] scanner - ============================================================
2026-03-07 05:52:25 [INFO] scanner - 🚀 SCANNER INICIADO
2026-03-07 05:52:25 [INFO] scanner - 📅 Data/Hora: 07/03/2026 05:52:25
2026-03-07 05:52:25 [INFO] scanner - 📂 Log: logs/scanner_2026-03-07.log
2026-03-07 05:52:25 [INFO] scanner - ============================================================
2026-03-07 05:52:25 [INFO] scanner - 📝 PAPER MODE ATIVO - Apenas registro e análise
2026-03-07 06:21:11 [INFO] scanner - ============================================================
2026-03-07 06:21:11 [INFO] scanner - 🚀 SCANNER INICIADO
2026-03-07 06:21:11 [INFO] scanner - 📅 Data/Hora: 07/03/2026 06:21:11
2026-03-07 06:21:11 [INFO] scanner - 📂 Log: logs/scanner_2026-03-07.log
2026-03-07 06:21:11 [INFO] scanner - ============================================================
2026-03-07 06:21:11 [INFO] scanner - 📝 PAPER MODE ATIVO - Apenas registro e análise
2026-03-07 06:21:13 [WARNING] root - Bloco de componentes falhou: cannot unpack non-iterable int object
2026-03-07 06:21:13 [INFO] scanner - ✅ Validações OK [BTC/USDT]: Score=8.0, R:R=2.08
2026-03-07 06:21:13 [INFO] scanner - ⏸️  Throttle ativo [BTC/USDT]:
2026-03-07 06:21:13 [INFO] scanner -    ├─ Último alerta há 171.8 minutos
2026-03-07 06:21:13 [INFO] scanner -    ├─ Tempo mínimo: 1800 minutos
2026-03-07 06:21:13 [INFO] scanner -    └─ Próximo permitido em: 1628.2 minutos
2026-03-07 06:21:13 [WARNING] root - Bloco de componentes falhou: cannot unpack non-iterable int object
2026-03-07 06:21:13 [INFO] scanner - ✅ Validações OK [BTC/USDT]: Score=7.0, R:R=2.08
2026-03-07 06:21:13 [INFO] scanner - ⏸️  Throttle ativo [BTC/USDT]:
2026-03-07 06:21:13 [INFO] scanner -    ├─ Último alerta há 171.8 minutos
2026-03-07 06:21:13 [INFO] scanner -    ├─ Tempo mínimo: 1800 minutos
2026-03-07 06:21:13 [INFO] scanner -    └─ Próximo permitido em: 1628.2 minutos
2026-03-07 06:48:53 [INFO] scanner - ============================================================
2026-03-07 06:48:53 [INFO] scanner - 🚀 SCANNER INICIADO
2026-03-07 06:48:53 [INFO] scanner - 📅 Data/Hora: 07/03/2026 06:48:53
2026-03-07 06:48:53 [INFO] scanner - 📂 Log: logs/scanner_2026-03-07.log
2026-03-07 06:48:53 [INFO] scanner - ============================================================
2026-03-07 06:48:53 [INFO] scanner - 📝 PAPER MODE ATIVO - Apenas registro e análise
2026-03-07 06:48:57 [WARNING] root - Bloco de componentes falhou: cannot unpack non-iterable int object
2026-03-07 06:48:57 [INFO] scanner - ✅ Validações OK [BTC/USDT]: Score=8.0, R:R=2.08
2026-03-07 06:48:57 [INFO] scanner - ⏸️  Throttle ativo [BTC/USDT]:
2026-03-07 06:48:57 [INFO] scanner -    ├─ Último alerta há 199.6 minutos
2026-03-07 06:48:57 [INFO] scanner -    ├─ Tempo mínimo: 1800 minutos
2026-03-07 06:48:57 [INFO] scanner -    └─ Próximo permitido em: 1600.4 minutos
2026-03-07 06:48:57 [WARNING] root - Bloco de componentes falhou: cannot unpack non-iterable int object
2026-03-07 06:48:57 [INFO] scanner - ✅ Validações OK [BTC/USDT]: Score=7.0, R:R=2.08
2026-03-07 06:48:57 [INFO] scanner - ⏸️  Throttle ativo [BTC/USDT]:
2026-03-07 06:48:57 [INFO] scanner -    ├─ Último alerta há 199.6 minutos
2026-03-07 06:48:57 [INFO] scanner -    ├─ Tempo mínimo: 1800 minutos
2026-03-07 06:48:57 [INFO] scanner -    └─ Próximo permitido em: 1600.4 minutos
2026-03-07 07:15:53 [INFO] scanner - ============================================================
2026-03-07 07:15:53 [INFO] scanner - 🚀 SCANNER INICIADO
2026-03-07 07:15:53 [INFO] scanner - 📅 Data/Hora: 07/03/2026 07:15:53
2026-03-07 07:15:53 [INFO] scanner - 📂 Log: logs/scanner_2026-03-07.log
2026-03-07 07:15:53 [INFO] scanner - ============================================================
2026-03-07 07:15:53 [INFO] scanner - 📝 PAPER MODE ATIVO - Apenas registro e análise
2026-03-07 07:15:57 [WARNING] root - Bloco de componentes falhou: cannot unpack non-iterable int object
2026-03-07 07:15:57 [INFO] scanner - ✅ Validações OK [BTC/USDT]: Score=8.0, R:R=2.08
2026-03-07 07:15:57 [INFO] scanner - ⏸️  Throttle ativo [BTC/USDT]:
2026-03-07 07:15:57 [INFO] scanner -    ├─ Último alerta há 226.6 minutos
2026-03-07 07:15:57 [INFO] scanner -    ├─ Tempo mínimo: 1800 minutos
2026-03-07 07:15:57 [INFO] scanner -    └─ Próximo permitido em: 1573.4 minutos
2026-03-07 07:15:57 [WARNING] root - Bloco de componentes falhou: cannot unpack non-iterable int object
2026-03-07 07:15:57 [INFO] scanner - ✅ Validações OK [BTC/USDT]: Score=7.0, R:R=2.08
2026-03-07 07:15:57 [INFO] scanner - ⏸️  Throttle ativo [BTC/USDT]:
2026-03-07 07:15:57 [INFO] scanner -    ├─ Último alerta há 226.6 minutos
2026-03-07 07:15:57 [INFO] scanner -    ├─ Tempo mínimo: 1800 minutos
2026-03-07 07:15:57 [INFO] scanner -    └─ Próximo permitido em: 1573.4 minutos
2026-03-07 07:46:10 [INFO] scanner - ============================================================
2026-03-07 07:46:10 [INFO] scanner - 🚀 SCANNER INICIADO
2026-03-07 07:46:10 [INFO] scanner - 📅 Data/Hora: 07/03/2026 07:46:10
2026-03-07 07:46:10 [INFO] scanner - 📂 Log: logs/scanner_2026-03-07.log
2026-03-07 07:46:10 [INFO] scanner - ============================================================
2026-03-07 07:46:10 [INFO] scanner - 📝 PAPER MODE ATIVO - Apenas registro e análise
2026-03-07 07:46:13 [WARNING] root - Bloco de componentes falhou: cannot unpack non-iterable int object
2026-03-07 07:46:13 [INFO] scanner - ✅ Validações OK [BTC/USDT]: Score=8.0, R:R=2.08
2026-03-07 07:46:13 [INFO] scanner - ⏸️  Throttle ativo [BTC/USDT]:
2026-03-07 07:46:13 [INFO] scanner -    ├─ Último alerta há 256.8 minutos
2026-03-07 07:46:13 [INFO] scanner -    ├─ Tempo mínimo: 1800 minutos
2026-03-07 07:46:13 [INFO] scanner -    └─ Próximo permitido em: 1543.2 minutos
2026-03-07 08:13:30 [INFO] scanner - ============================================================
2026-03-07 08:13:30 [INFO] scanner - 🚀 SCANNER INICIADO
2026-03-07 08:13:30 [INFO] scanner - 📅 Data/Hora: 07/03/2026 08:13:30
2026-03-07 08:13:30 [INFO] scanner - 📂 Log: logs/scanner_2026-03-07.log
2026-03-07 08:13:30 [INFO] scanner - ============================================================
2026-03-07 08:13:30 [INFO] scanner - 📝 PAPER MODE ATIVO - Apenas registro e análise
2026-03-07 08:13:33 [WARNING] root - Bloco de componentes falhou: cannot unpack non-iterable int object
2026-03-07 08:13:33 [INFO] scanner - ✅ Validações OK [BTC/USDT]: Score=8.0, R:R=2.08
2026-03-07 08:13:33 [INFO] scanner - ⏸️  Throttle ativo [BTC/USDT]:
2026-03-07 08:13:33 [INFO] scanner -    ├─ Último alerta há 284.2 minutos
2026-03-07 08:13:33 [INFO] scanner -    ├─ Tempo mínimo: 1800 minutos
2026-03-07 08:13:33 [INFO] scanner -    └─ Próximo permitido em: 1515.8 minutos
2026-03-07 08:13:33 [WARNING] root - Bloco de componentes falhou: cannot unpack non-iterable int object
2026-03-07 08:13:33 [INFO] scanner - ✅ Validações OK [BTC/USDT]: Score=7.0, R:R=2.08
2026-03-07 08:13:33 [INFO] scanner - ⏸️  Throttle ativo [BTC/USDT]:
2026-03-07 08:13:33 [INFO] scanner -    ├─ Último alerta há 284.2 minutos
2026-03-07 08:13:33 [INFO] scanner -    ├─ Tempo mínimo: 1800 minutos
2026-03-07 08:13:33 [INFO] scanner -    └─ Próximo permitido em: 1515.8 minutos
2026-03-07 08:33:02 [INFO] scanner - ============================================================
2026-03-07 08:33:02 [INFO] scanner - 🚀 SCANNER INICIADO
2026-03-07 08:33:02 [INFO] scanner - 📅 Data/Hora: 07/03/2026 08:33:02
2026-03-07 08:33:02 [INFO] scanner - 📂 Log: logs/scanner_2026-03-07.log
2026-03-07 08:33:02 [INFO] scanner - ============================================================
2026-03-07 08:33:02 [INFO] scanner - 📝 PAPER MODE ATIVO - Apenas registro e análise
2026-03-07 08:33:06 [WARNING] root - Bloco de componentes falhou: cannot unpack non-iterable int object
2026-03-07 08:33:06 [INFO] scanner - ✅ Validações OK [BTC/USDT]: Score=8.0, R:R=2.08
2026-03-07 08:33:06 [INFO] scanner - ⏸️  Throttle ativo [BTC/USDT]:
2026-03-07 08:33:06 [INFO] scanner -    ├─ Último alerta há 303.7 minutos
2026-03-07 08:33:06 [INFO] scanner -    ├─ Tempo mínimo: 1800 minutos
2026-03-07 08:33:06 [INFO] scanner -    └─ Próximo permitido em: 1496.3 minutos
2026-03-07 08:33:06 [WARNING] root - Bloco de componentes falhou: cannot unpack non-iterable int object
2026-03-07 08:33:06 [INFO] scanner - ✅ Validações OK [BTC/USDT]: Score=7.0, R:R=2.08
2026-03-07 08:33:06 [INFO] scanner - ⏸️  Throttle ativo [BTC/USDT]:
2026-03-07 08:33:06 [INFO] scanner -    ├─ Último alerta há 303.7 minutos
2026-03-07 08:33:06 [INFO] scanner -    ├─ Tempo mínimo: 1800 minutos
2026-03-07 08:33:06 [INFO] scanner -    └─ Próximo permitido em: 1496.3 minutos
2026-03-07 08:51:48 [INFO] scanner - ============================================================
2026-03-07 08:51:48 [INFO] scanner - 🚀 SCANNER INICIADO
2026-03-07 08:51:48 [INFO] scanner - 📅 Data/Hora: 07/03/2026 08:51:48
2026-03-07 08:51:48 [INFO] scanner - 📂 Log: logs/scanner_2026-03-07.log
2026-03-07 08:51:48 [INFO] scanner - ============================================================
2026-03-07 08:51:48 [INFO] scanner - 📝 PAPER MODE ATIVO - Apenas registro e análise
2026-03-07 08:51:51 [WARNING] root - Bloco de componentes falhou: cannot unpack non-iterable int object
2026-03-07 08:51:51 [INFO] scanner - ✅ Validações OK [BTC/USDT]: Score=8.0, R:R=2.08
2026-03-07 08:51:51 [INFO] scanner - ⏸️  Throttle ativo [BTC/USDT]:
2026-03-07 08:51:51 [INFO] scanner -    ├─ Último alerta há 322.5 minutos
2026-03-07 08:51:51 [INFO] scanner -    ├─ Tempo mínimo: 1800 minutos
2026-03-07 08:51:51 [INFO] scanner -    └─ Próximo permitido em: 1477.5 minutos
2026-03-07 08:51:51 [WARNING] root - Bloco de componentes falhou: cannot unpack non-iterable int object
2026-03-07 08:51:51 [INFO] scanner - ✅ Validações OK [BTC/USDT]: Score=7.0, R:R=2.08
2026-03-07 08:51:51 [INFO] scanner - ⏸️  Throttle ativo [BTC/USDT]:
2026-03-07 08:51:51 [INFO] scanner -    ├─ Último alerta há 322.5 minutos
2026-03-07 08:51:51 [INFO] scanner -    ├─ Tempo mínimo: 1800 minutos
2026-03-07 08:51:51 [INFO] scanner -    └─ Próximo permitido em: 1477.5 minutos
2026-03-07 08:51:51 [WARNING] root - Bloco de componentes falhou: cannot unpack non-iterable int object
2026-03-07 08:51:51 [INFO] scanner - ✅ Validações OK [BTC/USDT]: Score=7.0, R:R=2.08
2026-03-07 08:51:51 [INFO] scanner - ⏸️  Throttle ativo [BTC/USDT]:
2026-03-07 08:51:51 [INFO] scanner -    ├─ Último alerta há 322.5 minutos
2026-03-07 08:51:51 [INFO] scanner -    ├─ Tempo mínimo: 1800 minutos
2026-03-07 08:51:51 [INFO] scanner -    └─ Próximo permitido em: 1477.5 minutos
2026-03-07 09:29:18 [INFO] scanner - ============================================================
2026-03-07 09:29:18 [INFO] scanner - 🚀 SCANNER INICIADO
2026-03-07 09:29:18 [INFO] scanner - 📅 Data/Hora: 07/03/2026 09:29:18
2026-03-07 09:29:18 [INFO] scanner - 📂 Log: logs/scanner_2026-03-07.log
2026-03-07 09:29:18 [INFO] scanner - ============================================================
2026-03-07 09:29:18 [INFO] scanner - 📝 PAPER MODE ATIVO - Apenas registro e análise
2026-03-07 10:22:04 [INFO] scanner - ============================================================
2026-03-07 10:22:04 [INFO] scanner - 🚀 SCANNER INICIADO
2026-03-07 10:22:04 [INFO] scanner - 📅 Data/Hora: 07/03/2026 10:22:04
2026-03-07 10:22:04 [INFO] scanner - 📂 Log: logs/scanner_2026-03-07.log
2026-03-07 10:22:04 [INFO] scanner - ============================================================
2026-03-07 10:22:04 [INFO] scanner - 📝 PAPER MODE ATIVO - Apenas registro e análise
2026-03-07 10:53:04 [INFO] scanner - ============================================================
2026-03-07 10:53:04 [INFO] scanner - 🚀 SCANNER INICIADO
2026-03-07 10:53:04 [INFO] scanner - 📅 Data/Hora: 07/03/2026 10:53:04
2026-03-07 10:53:04 [INFO] scanner - 📂 Log: logs/scanner_2026-03-07.log
2026-03-07 10:53:04 [INFO] scanner - ============================================================
2026-03-07 10:53:04 [INFO] scanner - 📝 PAPER MODE ATIVO - Apenas registro e análise
2026-03-07 11:17:05 [INFO] scanner - ============================================================
2026-03-07 11:17:05 [INFO] scanner - 🚀 SCANNER INICIADO
2026-03-07 11:17:05 [INFO] scanner - 📅 Data/Hora: 07/03/2026 11:17:05
2026-03-07 11:17:05 [INFO] scanner - 📂 Log: logs/scanner_2026-03-07.log
2026-03-07 11:17:05 [INFO] scanner - ============================================================
2026-03-07 11:17:05 [INFO] scanner - 📝 PAPER MODE ATIVO - Apenas registro e análise
2026-03-07 11:17:08 [WARNING] root - Bloco de componentes falhou: cannot unpack non-iterable int object
2026-03-07 11:17:08 [INFO] scanner - ✅ Validações OK [BTC/USDT]: Score=7.0, R:R=2.08
2026-03-07 11:17:08 [INFO] scanner - ⏸️  Throttle ativo [BTC/USDT]:
2026-03-07 11:17:08 [INFO] scanner -    ├─ Último alerta há 467.7 minutos
2026-03-07 11:17:08 [INFO] scanner -    ├─ Tempo mínimo: 1800 minutos
2026-03-07 11:17:08 [INFO] scanner -    └─ Próximo permitido em: 1332.3 minutos
2026-03-07 11:46:50 [INFO] scanner - ============================================================
2026-03-07 11:46:50 [INFO] scanner - 🚀 SCANNER INICIADO
2026-03-07 11:46:50 [INFO] scanner - 📅 Data/Hora: 07/03/2026 11:46:50
2026-03-07 11:46:50 [INFO] scanner - 📂 Log: logs/scanner_2026-03-07.log
2026-03-07 11:46:50 [INFO] scanner - ============================================================
2026-03-07 11:46:50 [INFO] scanner - 📝 PAPER MODE ATIVO - Apenas registro e análise
2026-03-07 12:38:44 [INFO] scanner - ============================================================
2026-03-07 12:38:44 [INFO] scanner - 🚀 SCANNER INICIADO
2026-03-07 12:38:44 [INFO] scanner - 📅 Data/Hora: 07/03/2026 12:38:44
2026-03-07 12:38:44 [INFO] scanner - 📂 Log: logs/scanner_2026-03-07.log
2026-03-07 12:38:44 [INFO] scanner - ============================================================
2026-03-07 12:38:44 [INFO] scanner - 📝 PAPER MODE ATIVO - Apenas registro e análise
2026-03-07 12:38:47 [WARNING] root - Bloco de componentes falhou: cannot unpack non-iterable int object
2026-03-07 12:38:47 [INFO] scanner - ✅ Validações OK [BTC/USDT]: Score=7.0, R:R=2.08
2026-03-07 12:38:47 [INFO] scanner - ⏸️  Throttle ativo [BTC/USDT]:
2026-03-07 12:38:47 [INFO] scanner -    ├─ Último alerta há 549.4 minutos
2026-03-07 12:38:47 [INFO] scanner -    ├─ Tempo mínimo: 1800 minutos
2026-03-07 12:38:47 [INFO] scanner -    └─ Próximo permitido em: 1250.6 minutos
2026-03-07 12:53:46 [INFO] scanner - ============================================================
2026-03-07 12:53:46 [INFO] scanner - 🚀 SCANNER INICIADO
2026-03-07 12:53:46 [INFO] scanner - 📅 Data/Hora: 07/03/2026 12:53:46
2026-03-07 12:53:46 [INFO] scanner - 📂 Log: logs/scanner_2026-03-07.log
2026-03-07 12:53:46 [INFO] scanner - ============================================================
2026-03-07 12:53:46 [INFO] scanner - 📝 PAPER MODE ATIVO - Apenas registro e análise
2026-03-07 12:53:50 [WARNING] root - Bloco de componentes falhou: cannot unpack non-iterable int object
2026-03-07 12:53:50 [INFO] scanner - ✅ Validações OK [BTC/USDT]: Score=7.0, R:R=2.08
2026-03-07 12:53:50 [INFO] scanner - ⏸️  Throttle ativo [BTC/USDT]:
2026-03-07 12:53:50 [INFO] scanner -    ├─ Último alerta há 564.4 minutos
2026-03-07 12:53:50 [INFO] scanner -    ├─ Tempo mínimo: 1800 minutos
2026-03-07 12:53:50 [INFO] scanner -    └─ Próximo permitido em: 1235.6 minutos
2026-03-07 13:18:33 [INFO] scanner - ============================================================
2026-03-07 13:18:33 [INFO] scanner - 🚀 SCANNER INICIADO
2026-03-07 13:18:33 [INFO] scanner - 📅 Data/Hora: 07/03/2026 13:18:33
2026-03-07 13:18:33 [INFO] scanner - 📂 Log: logs/scanner_2026-03-07.log
2026-03-07 13:18:33 [INFO] scanner - ============================================================
2026-03-07 13:18:33 [INFO] scanner - 📝 PAPER MODE ATIVO - Apenas registro e análise
2026-03-07 13:18:36 [WARNING] root - Bloco de componentes falhou: cannot unpack non-iterable int object
2026-03-07 13:18:36 [INFO] scanner - ✅ Validações OK [BTC/USDT]: Score=7.0, R:R=2.08
2026-03-07 13:18:36 [INFO] scanner - ⏸️  Throttle ativo [BTC/USDT]:
2026-03-07 13:18:36 [INFO] scanner -    ├─ Último alerta há 589.2 minutos
2026-03-07 13:18:36 [INFO] scanner -    ├─ Tempo mínimo: 1800 minutos
2026-03-07 13:18:36 [INFO] scanner -    └─ Próximo permitido em: 1210.8 minutos
2026-03-07 13:48:29 [INFO] scanner - ============================================================
2026-03-07 13:48:29 [INFO] scanner - 🚀 SCANNER INICIADO
2026-03-07 13:48:29 [INFO] scanner - 📅 Data/Hora: 07/03/2026 13:48:29
2026-03-07 13:48:29 [INFO] scanner - 📂 Log: logs/scanner_2026-03-07.log
2026-03-07 13:48:29 [INFO] scanner - ============================================================
2026-03-07 13:48:29 [INFO] scanner - 📝 PAPER MODE ATIVO - Apenas registro e análise
2026-03-07 13:48:32 [WARNING] root - Bloco de componentes falhou: cannot unpack non-iterable int object
2026-03-07 13:48:32 [INFO] scanner - ✅ Validações OK [BTC/USDT]: Score=7.0, R:R=2.08
2026-03-07 13:48:32 [INFO] scanner - ⏸️  Throttle ativo [BTC/USDT]:
2026-03-07 13:48:32 [INFO] scanner -    ├─ Último alerta há 619.1 minutos
2026-03-07 13:48:32 [INFO] scanner -    ├─ Tempo mínimo: 1800 minutos
2026-03-07 13:48:32 [INFO] scanner -    └─ Próximo permitido em: 1180.9 minutos
2026-03-07 14:14:28 [INFO] scanner - ============================================================
2026-03-07 14:14:28 [INFO] scanner - 🚀 SCANNER INICIADO
2026-03-07 14:14:28 [INFO] scanner - 📅 Data/Hora: 07/03/2026 14:14:28
2026-03-07 14:14:28 [INFO] scanner - 📂 Log: logs/scanner_2026-03-07.log
2026-03-07 14:14:28 [INFO] scanner - ============================================================
2026-03-07 14:14:28 [INFO] scanner - 📝 PAPER MODE ATIVO - Apenas registro e análise
2026-03-07 14:14:32 [WARNING] root - Bloco de componentes falhou: cannot unpack non-iterable int object
2026-03-07 14:14:32 [INFO] scanner - ✅ Validações OK [BTC/USDT]: Score=7.0, R:R=2.08
2026-03-07 14:14:32 [INFO] scanner - ⏸️  Throttle ativo [BTC/USDT]:
2026-03-07 14:14:32 [INFO] scanner -    ├─ Último alerta há 645.1 minutos
2026-03-07 14:14:32 [INFO] scanner -    ├─ Tempo mínimo: 1800 minutos
2026-03-07 14:14:32 [INFO] scanner -    └─ Próximo permitido em: 1154.9 minutos
2026-03-07 14:37:09 [INFO] scanner - ============================================================
2026-03-07 14:37:09 [INFO] scanner - 🚀 SCANNER INICIADO
2026-03-07 14:37:09 [INFO] scanner - 📅 Data/Hora: 07/03/2026 14:37:09
2026-03-07 14:37:09 [INFO] scanner - 📂 Log: logs/scanner_2026-03-07.log
2026-03-07 14:37:09 [INFO] scanner - ============================================================
2026-03-07 14:37:09 [INFO] scanner - 📝 PAPER MODE ATIVO - Apenas registro e análise
2026-03-07 14:37:12 [WARNING] root - Bloco de componentes falhou: cannot unpack non-iterable int object
2026-03-07 14:37:12 [INFO] scanner - ✅ Validações OK [BTC/USDT]: Score=7.0, R:R=2.08
2026-03-07 14:37:12 [INFO] scanner - ⏸️  Throttle ativo [BTC/USDT]:
2026-03-07 14:37:12 [INFO] scanner -    ├─ Último alerta há 667.8 minutos
2026-03-07 14:37:12 [INFO] scanner -    ├─ Tempo mínimo: 1800 minutos
2026-03-07 14:37:12 [INFO] scanner -    └─ Próximo permitido em: 1132.2 minutos
2026-03-07 14:53:40 [INFO] scanner - ============================================================
2026-03-07 14:53:40 [INFO] scanner - 🚀 SCANNER INICIADO
2026-03-07 14:53:40 [INFO] scanner - 📅 Data/Hora: 07/03/2026 14:53:40
2026-03-07 14:53:40 [INFO] scanner - 📂 Log: logs/scanner_2026-03-07.log
2026-03-07 14:53:40 [INFO] scanner - ============================================================
2026-03-07 14:53:40 [INFO] scanner - 📝 PAPER MODE ATIVO - Apenas registro e análise
2026-03-07 15:22:19 [INFO] scanner - ============================================================
2026-03-07 15:22:19 [INFO] scanner - 🚀 SCANNER INICIADO
2026-03-07 15:22:19 [INFO] scanner - 📅 Data/Hora: 07/03/2026 15:22:19
2026-03-07 15:22:19 [INFO] scanner - 📂 Log: logs/scanner_2026-03-07.log
2026-03-07 15:22:19 [INFO] scanner - ============================================================
2026-03-07 15:22:19 [INFO] scanner - 📝 PAPER MODE ATIVO - Apenas registro e análise
2026-03-07 15:22:22 [WARNING] root - Bloco de componentes falhou: cannot unpack non-iterable int object
2026-03-07 15:22:22 [INFO] scanner - ✅ Validações OK [BTC/USDT]: Score=7.0, R:R=2.08
2026-03-07 15:22:22 [INFO] scanner - ⏸️  Throttle ativo [BTC/USDT]:
2026-03-07 15:22:22 [INFO] scanner -    ├─ Último alerta há 713.0 minutos
2026-03-07 15:22:22 [INFO] scanner -    ├─ Tempo mínimo: 1800 minutos
2026-03-07 15:22:22 [INFO] scanner -    └─ Próximo permitido em: 1087.0 minutos
2026-03-07 15:54:27 [INFO] scanner - ============================================================
2026-03-07 15:54:27 [INFO] scanner - 🚀 SCANNER INICIADO
2026-03-07 15:54:27 [INFO] scanner - 📅 Data/Hora: 07/03/2026 15:54:27
2026-03-07 15:54:27 [INFO] scanner - 📂 Log: logs/scanner_2026-03-07.log
2026-03-07 15:54:27 [INFO] scanner - ============================================================
2026-03-07 15:54:27 [INFO] scanner - 📝 PAPER MODE ATIVO - Apenas registro e análise
2026-03-07 15:54:30 [WARNING] root - Bloco de componentes falhou: cannot unpack non-iterable int object
2026-03-07 15:54:30 [INFO] scanner - ✅ Validações OK [BTC/USDT]: Score=7.0, R:R=2.08
2026-03-07 15:54:30 [INFO] scanner - ⏸️  Throttle ativo [BTC/USDT]:
2026-03-07 15:54:30 [INFO] scanner -    ├─ Último alerta há 745.1 minutos
2026-03-07 15:54:30 [INFO] scanner -    ├─ Tempo mínimo: 1800 minutos
2026-03-07 15:54:30 [INFO] scanner -    └─ Próximo permitido em: 1054.9 minutos
2026-03-07 16:15:41 [INFO] scanner - ============================================================
2026-03-07 16:15:41 [INFO] scanner - 🚀 SCANNER INICIADO
2026-03-07 16:15:41 [INFO] scanner - 📅 Data/Hora: 07/03/2026 16:15:41
2026-03-07 16:15:41 [INFO] scanner - 📂 Log: logs/scanner_2026-03-07.log
2026-03-07 16:15:41 [INFO] scanner - ============================================================
2026-03-07 16:15:41 [INFO] scanner - 📝 PAPER MODE ATIVO - Apenas registro e análise
2026-03-07 16:41:20 [INFO] scanner - ============================================================
2026-03-07 16:41:20 [INFO] scanner - 🚀 SCANNER INICIADO
2026-03-07 16:41:20 [INFO] scanner - 📅 Data/Hora: 07/03/2026 16:41:20
2026-03-07 16:41:20 [INFO] scanner - 📂 Log: logs/scanner_2026-03-07.log
2026-03-07 16:41:20 [INFO] scanner - ============================================================
2026-03-07 16:41:20 [INFO] scanner - 📝 PAPER MODE ATIVO - Apenas registro e análise
2026-03-07 16:41:23 [WARNING] root - Bloco de componentes falhou: cannot unpack non-iterable int object
2026-03-07 16:41:23 [INFO] scanner - ✅ Validações OK [BTC/USDT]: Score=7.0, R:R=2.08
2026-03-07 16:41:23 [INFO] scanner - ⏸️  Throttle ativo [BTC/USDT]:
2026-03-07 16:41:23 [INFO] scanner -    ├─ Último alerta há 792.0 minutos
2026-03-07 16:41:23 [INFO] scanner -    ├─ Tempo mínimo: 1800 minutos
2026-03-07 16:41:23 [INFO] scanner -    └─ Próximo permitido em: 1008.0 minutos
2026-03-07 16:51:34 [INFO] scanner - ============================================================
2026-03-07 16:51:34 [INFO] scanner - 🚀 SCANNER INICIADO
2026-03-07 16:51:34 [INFO] scanner - 📅 Data/Hora: 07/03/2026 16:51:34
2026-03-07 16:51:34 [INFO] scanner - 📂 Log: logs/scanner_2026-03-07.log
2026-03-07 16:51:34 [INFO] scanner - ============================================================
2026-03-07 16:51:34 [INFO] scanner - 📝 PAPER MODE ATIVO - Apenas registro e análise
2026-03-07 16:51:38 [WARNING] root - Bloco de componentes falhou: cannot unpack non-iterable int object
2026-03-07 16:51:38 [INFO] scanner - ✅ Validações OK [BTC/USDT]: Score=7.0, R:R=2.08
2026-03-07 16:51:38 [INFO] scanner - ⏸️  Throttle ativo [BTC/USDT]:
2026-03-07 16:51:38 [INFO] scanner -    ├─ Último alerta há 802.2 minutos
2026-03-07 16:51:38 [INFO] scanner -    ├─ Tempo mínimo: 1800 minutos
2026-03-07 16:51:38 [INFO] scanner -    └─ Próximo permitido em: 997.8 minutos
2026-03-07 17:15:59 [INFO] scanner - ============================================================
2026-03-07 17:15:59 [INFO] scanner - 🚀 SCANNER INICIADO
2026-03-07 17:15:59 [INFO] scanner - 📅 Data/Hora: 07/03/2026 17:15:59
2026-03-07 17:15:59 [INFO] scanner - 📂 Log: logs/scanner_2026-03-07.log
2026-03-07 17:15:59 [INFO] scanner - ============================================================
2026-03-07 17:15:59 [INFO] scanner - 📝 PAPER MODE ATIVO - Apenas registro e análise
2026-03-07 17:16:02 [WARNING] root - Bloco de componentes falhou: cannot unpack non-iterable int object
2026-03-07 17:16:02 [INFO] scanner - ✅ Validações OK [BTC/USDT]: Score=7.0, R:R=2.08
2026-03-07 17:16:02 [INFO] scanner - ⏸️  Throttle ativo [BTC/USDT]:
2026-03-07 17:16:02 [INFO] scanner -    ├─ Último alerta há 826.6 minutos
2026-03-07 17:16:02 [INFO] scanner -    ├─ Tempo mínimo: 1800 minutos
2026-03-07 17:16:02 [INFO] scanner -    └─ Próximo permitido em: 973.4 minutos
