2026-02-28 03:27:41 [INFO] scanner - ============================================================
2026-02-28 03:27:41 [INFO] scanner - 🚀 SCANNER INICIADO
2026-02-28 03:27:41 [INFO] scanner - 📅 Data/Hora: 28/02/2026 03:27:41
2026-02-28 03:27:41 [INFO] scanner - 📂 Log: logs/scanner_2026-02-28.log
2026-02-28 03:27:41 [INFO] scanner - ============================================================
2026-02-28 03:27:41 [INFO] scanner - 📝 PAPER MODE ATIVO - Apenas registro e análise
2026-02-28 03:27:45 [WARNING] root - Bloco de componentes falhou: cannot unpack non-iterable int object
2026-02-28 03:27:45 [INFO] scanner - ✅ Validações OK [BTC/USDT]: Score=7.3, R:R=2.08
2026-02-28 03:27:45 [INFO] scanner - ⏸️  Throttle ativo [BTC/USDT]:
2026-02-28 03:27:45 [INFO] scanner -    ├─ Último alerta há 1426.0 minutos
2026-02-28 03:27:45 [INFO] scanner -    ├─ Tempo mínimo: 1800 minutos
2026-02-28 03:27:45 [INFO] scanner -    └─ Próximo permitido em: 374.0 minutos
2026-02-28 03:27:46 [WARNING] root - Bloco de componentes falhou: cannot unpack non-iterable int object
2026-02-28 03:27:46 [INFO] scanner - ✅ Validações OK [BTC/USDT]: Score=7.3, R:R=2.08
2026-02-28 03:27:46 [INFO] scanner - ⏸️  Throttle ativo [BTC/USDT]:
2026-02-28 03:27:46 [INFO] scanner -    ├─ Último alerta há 1426.0 minutos
2026-02-28 03:27:46 [INFO] scanner -    ├─ Tempo mínimo: 1800 minutos
2026-02-28 03:27:46 [INFO] scanner -    └─ Próximo permitido em: 374.0 minutos
2026-02-28 03:27:48 [WARNING] root - Bloco de componentes falhou: cannot unpack non-iterable int object
2026-02-28 03:27:48 [INFO] scanner - ✅ Validações OK [ETH/USDT]: Score=7.3, R:R=2.00
2026-02-28 03:27:48 [INFO] scanner - ⏸️  Throttle ativo [ETH/USDT]:
2026-02-28 03:27:48 [INFO] scanner -    ├─ Último alerta há 1426.0 minutos
2026-02-28 03:27:48 [INFO] scanner -    ├─ Tempo mínimo: 1800 minutos
2026-02-28 03:27:48 [INFO] scanner -    └─ Próximo permitido em: 374.0 minutos
2026-02-28 03:27:48 [WARNING] root - Bloco de componentes falhou: cannot unpack non-iterable int object
2026-02-28 03:27:48 [INFO] scanner - ✅ Validações OK [ETH/USDT]: Score=7.3, R:R=2.00
2026-02-28 03:27:48 [INFO] scanner - ⏸️  Throttle ativo [ETH/USDT]:
2026-02-28 03:27:48 [INFO] scanner -    ├─ Último alerta há 1426.0 minutos
2026-02-28 03:27:48 [INFO] scanner -    ├─ Tempo mínimo: 1800 minutos
2026-02-28 03:27:48 [INFO] scanner -    └─ Próximo permitido em: 374.0 minutos
