2026-03-28 03:48:35 [INFO] scanner - ============================================================
2026-03-28 03:48:35 [INFO] scanner - 🚀 SCANNER INICIADO
2026-03-28 03:48:35 [INFO] scanner - 📅 Data/Hora: 28/03/2026 03:48:35
2026-03-28 03:48:35 [INFO] scanner - 📂 Log: logs/scanner_2026-03-28.log
2026-03-28 03:48:35 [INFO] scanner - ============================================================
2026-03-28 03:48:35 [INFO] scanner - 📝 PAPER MODE ATIVO - Apenas registro e análise
2026-03-28 04:39:00 [INFO] scanner - ============================================================
2026-03-28 04:39:00 [INFO] scanner - 🚀 SCANNER INICIADO
2026-03-28 04:39:00 [INFO] scanner - 📅 Data/Hora: 28/03/2026 04:39:00
2026-03-28 04:39:00 [INFO] scanner - 📂 Log: logs/scanner_2026-03-28.log
2026-03-28 04:39:00 [INFO] scanner - ============================================================
2026-03-28 04:39:00 [INFO] scanner - 📝 PAPER MODE ATIVO - Apenas registro e análise
2026-03-28 05:05:43 [INFO] scanner - ============================================================
2026-03-28 05:05:43 [INFO] scanner - 🚀 SCANNER INICIADO
2026-03-28 05:05:43 [INFO] scanner - 📅 Data/Hora: 28/03/2026 05:05:43
2026-03-28 05:05:43 [INFO] scanner - 📂 Log: logs/scanner_2026-03-28.log
2026-03-28 05:05:43 [INFO] scanner - ============================================================
2026-03-28 05:05:43 [INFO] scanner - 📝 PAPER MODE ATIVO - Apenas registro e análise
2026-03-28 05:56:11 [INFO] scanner - ============================================================
2026-03-28 05:56:11 [INFO] scanner - 🚀 SCANNER INICIADO
2026-03-28 05:56:11 [INFO] scanner - 📅 Data/Hora: 28/03/2026 05:56:11
2026-03-28 05:56:11 [INFO] scanner - 📂 Log: logs/scanner_2026-03-28.log
2026-03-28 05:56:11 [INFO] scanner - ============================================================
2026-03-28 05:56:11 [INFO] scanner - 📝 PAPER MODE ATIVO - Apenas registro e análise
2026-03-28 06:30:49 [INFO] scanner - ============================================================
2026-03-28 06:30:49 [INFO] scanner - 🚀 SCANNER INICIADO
2026-03-28 06:30:49 [INFO] scanner - 📅 Data/Hora: 28/03/2026 06:30:49
2026-03-28 06:30:49 [INFO] scanner - 📂 Log: logs/scanner_2026-03-28.log
2026-03-28 06:30:49 [INFO] scanner - ============================================================
2026-03-28 06:30:49 [INFO] scanner - 📝 PAPER MODE ATIVO - Apenas registro e análise
2026-03-28 07:03:59 [INFO] scanner - ============================================================
2026-03-28 07:03:59 [INFO] scanner - 🚀 SCANNER INICIADO
2026-03-28 07:03:59 [INFO] scanner - 📅 Data/Hora: 28/03/2026 07:03:59
2026-03-28 07:03:59 [INFO] scanner - 📂 Log: logs/scanner_2026-03-28.log
2026-03-28 07:03:59 [INFO] scanner - ============================================================
2026-03-28 07:03:59 [INFO] scanner - 📝 PAPER MODE ATIVO - Apenas registro e análise
2026-03-28 07:49:50 [INFO] scanner - ============================================================
2026-03-28 07:49:50 [INFO] scanner - 🚀 SCANNER INICIADO
2026-03-28 07:49:50 [INFO] scanner - 📅 Data/Hora: 28/03/2026 07:49:50
2026-03-28 07:49:50 [INFO] scanner - 📂 Log: logs/scanner_2026-03-28.log
2026-03-28 07:49:50 [INFO] scanner - ============================================================
2026-03-28 07:49:50 [INFO] scanner - 📝 PAPER MODE ATIVO - Apenas registro e análise
2026-03-28 08:21:21 [INFO] scanner - ============================================================
2026-03-28 08:21:21 [INFO] scanner - 🚀 SCANNER INICIADO
2026-03-28 08:21:21 [INFO] scanner - 📅 Data/Hora: 28/03/2026 08:21:21
2026-03-28 08:21:21 [INFO] scanner - 📂 Log: logs/scanner_2026-03-28.log
2026-03-28 08:21:21 [INFO] scanner - ============================================================
2026-03-28 08:21:21 [INFO] scanner - 📝 PAPER MODE ATIVO - Apenas registro e análise
2026-03-28 08:49:35 [INFO] scanner - ============================================================
2026-03-28 08:49:35 [INFO] scanner - 🚀 SCANNER INICIADO
2026-03-28 08:49:35 [INFO] scanner - 📅 Data/Hora: 28/03/2026 08:49:35
2026-03-28 08:49:35 [INFO] scanner - 📂 Log: logs/scanner_2026-03-28.log
2026-03-28 08:49:35 [INFO] scanner - ============================================================
2026-03-28 08:49:35 [INFO] scanner - 📝 PAPER MODE ATIVO - Apenas registro e análise
2026-03-28 09:35:22 [INFO] scanner - ============================================================
2026-03-28 09:35:22 [INFO] scanner - 🚀 SCANNER INICIADO
2026-03-28 09:35:22 [INFO] scanner - 📅 Data/Hora: 28/03/2026 09:35:22
2026-03-28 09:35:22 [INFO] scanner - 📂 Log: logs/scanner_2026-03-28.log
2026-03-28 09:35:22 [INFO] scanner - ============================================================
2026-03-28 09:35:22 [INFO] scanner - 📝 PAPER MODE ATIVO - Apenas registro e análise
2026-03-28 10:36:52 [INFO] scanner - ============================================================
2026-03-28 10:36:52 [INFO] scanner - 🚀 SCANNER INICIADO
2026-03-28 10:36:52 [INFO] scanner - 📅 Data/Hora: 28/03/2026 10:36:52
2026-03-28 10:36:52 [INFO] scanner - 📂 Log: logs/scanner_2026-03-28.log
2026-03-28 10:36:52 [INFO] scanner - ============================================================
2026-03-28 10:36:52 [INFO] scanner - 📝 PAPER MODE ATIVO - Apenas registro e análise
2026-03-28 10:36:58 [WARNING] root - Bloco de componentes falhou: cannot unpack non-iterable int object
2026-03-28 10:36:58 [INFO] scanner - ✅ Validações OK [ETH/USDT]: Score=8.5, R:R=2.00
2026-03-28 10:36:58 [INFO] scanner - ✅ Throttle OK [ETH/USDT]: Pode enviar
2026-03-28 10:36:58 [INFO] scanner - 📝 Sinal no ledger: 20260328_103658_674266 - ETH/USDT
2026-03-28 10:36:58 [INFO] scanner - 📨 Alerta enviado | ID Ledger: 20260328_103658_674266
