2026-06-19 07:13:50 [INFO] scanner - ============================================================
2026-06-19 07:13:50 [INFO] scanner - 🚀 SCANNER INICIADO
2026-06-19 07:13:50 [INFO] scanner - 📅 Data/Hora: 19/06/2026 07:13:50
2026-06-19 07:13:50 [INFO] scanner - 📂 Log: logs/scanner_2026-06-19.log
2026-06-19 07:13:50 [INFO] scanner - ============================================================
2026-06-19 07:13:50 [INFO] scanner - 📝 PAPER MODE ATIVO - Apenas registro e análise
2026-06-19 07:13:56 [WARNING] root - Bloco de componentes falhou: cannot unpack non-iterable int object
2026-06-19 07:13:56 [INFO] scanner - ✅ Validações OK [BTC/USDT]: Score=8.3, R:R=2.08
2026-06-19 07:13:56 [INFO] scanner - ✅ Throttle OK [BTC/USDT]: Pode enviar
2026-06-19 07:13:57 [INFO] scanner - 📝 Sinal no ledger: 20260619_071357_062011 - BTC/USDT
2026-06-19 07:13:57 [INFO] scanner - 📨 Alerta enviado | ID Ledger: 20260619_071357_062011
2026-06-19 07:13:57 [WARNING] root - Bloco de componentes falhou: cannot unpack non-iterable int object
2026-06-19 07:13:57 [INFO] scanner - ✅ Validações OK [BTC/USDT]: Score=7.3, R:R=2.08
2026-06-19 07:13:57 [INFO] scanner - ⏸️  Throttle ativo [BTC/USDT]:
2026-06-19 07:13:57 [INFO] scanner -    ├─ Último alerta há 0.0 minutos
2026-06-19 07:13:57 [INFO] scanner -    ├─ Tempo mínimo: 1800 minutos
2026-06-19 07:13:57 [INFO] scanner -    └─ Próximo permitido em: 1800.0 minutos
2026-06-19 07:13:59 [WARNING] root - Bloco de componentes falhou: cannot unpack non-iterable int object
2026-06-19 07:13:59 [INFO] scanner - ✅ Validações OK [ETH/USDT]: Score=7.3, R:R=2.00
2026-06-19 07:13:59 [INFO] scanner - ✅ Throttle OK [ETH/USDT]: Pode enviar
2026-06-19 07:13:59 [INFO] scanner - 📝 Sinal no ledger: 20260619_071359_837338 - ETH/USDT
2026-06-19 07:13:59 [INFO] scanner - 📨 Alerta enviado | ID Ledger: 20260619_071359_837338
2026-06-19 10:49:19 [INFO] scanner - ============================================================
2026-06-19 10:49:19 [INFO] scanner - 🚀 SCANNER INICIADO
2026-06-19 10:49:19 [INFO] scanner - 📅 Data/Hora: 19/06/2026 10:49:19
2026-06-19 10:49:19 [INFO] scanner - 📂 Log: logs/scanner_2026-06-19.log
2026-06-19 10:49:19 [INFO] scanner - ============================================================
2026-06-19 10:49:19 [INFO] scanner - 📝 PAPER MODE ATIVO - Apenas registro e análise
2026-06-19 13:28:12 [INFO] scanner - ============================================================
2026-06-19 13:28:12 [INFO] scanner - 🚀 SCANNER INICIADO
2026-06-19 13:28:12 [INFO] scanner - 📅 Data/Hora: 19/06/2026 13:28:12
2026-06-19 13:28:12 [INFO] scanner - 📂 Log: logs/scanner_2026-06-19.log
2026-06-19 13:28:12 [INFO] scanner - ============================================================
2026-06-19 13:28:12 [INFO] scanner - 📝 PAPER MODE ATIVO - Apenas registro e análise
