2026-03-08 03:32:57 [INFO] scanner - ============================================================
2026-03-08 03:32:57 [INFO] scanner - 🚀 SCANNER INICIADO
2026-03-08 03:32:57 [INFO] scanner - 📅 Data/Hora: 08/03/2026 03:32:57
2026-03-08 03:32:57 [INFO] scanner - 📂 Log: logs/scanner_2026-03-08.log
2026-03-08 03:32:57 [INFO] scanner - ============================================================
2026-03-08 03:32:57 [INFO] scanner - 📝 PAPER MODE ATIVO - Apenas registro e análise
2026-03-08 03:33:02 [WARNING] root - Bloco de componentes falhou: cannot unpack non-iterable int object
2026-03-08 03:33:02 [INFO] scanner - ✅ Validações OK [ETH/USDT]: Score=8.0, R:R=2.00
2026-03-08 03:33:02 [INFO] scanner - ✅ Throttle OK [ETH/USDT]: Pode enviar
2026-03-08 04:19:34 [INFO] scanner - ============================================================
2026-03-08 04:19:34 [INFO] scanner - 🚀 SCANNER INICIADO
2026-03-08 04:19:34 [INFO] scanner - 📅 Data/Hora: 08/03/2026 04:19:34
2026-03-08 04:19:34 [INFO] scanner - 📂 Log: logs/scanner_2026-03-08.log
2026-03-08 04:19:34 [INFO] scanner - ============================================================
2026-03-08 04:19:34 [INFO] scanner - 📝 PAPER MODE ATIVO - Apenas registro e análise
2026-03-08 04:48:37 [INFO] scanner - ============================================================
2026-03-08 04:48:37 [INFO] scanner - 🚀 SCANNER INICIADO
2026-03-08 04:48:37 [INFO] scanner - 📅 Data/Hora: 08/03/2026 04:48:37
2026-03-08 04:48:37 [INFO] scanner - 📂 Log: logs/scanner_2026-03-08.log
2026-03-08 04:48:37 [INFO] scanner - ============================================================
2026-03-08 04:48:37 [INFO] scanner - 📝 PAPER MODE ATIVO - Apenas registro e análise
2026-03-08 05:21:25 [INFO] scanner - ============================================================
2026-03-08 05:21:25 [INFO] scanner - 🚀 SCANNER INICIADO
2026-03-08 05:21:25 [INFO] scanner - 📅 Data/Hora: 08/03/2026 05:21:25
2026-03-08 05:21:25 [INFO] scanner - 📂 Log: logs/scanner_2026-03-08.log
2026-03-08 05:21:25 [INFO] scanner - ============================================================
2026-03-08 05:21:25 [INFO] scanner - 📝 PAPER MODE ATIVO - Apenas registro e análise
