2026-07-06 06:58:21 [INFO] scanner - ============================================================
2026-07-06 06:58:21 [INFO] scanner - 🚀 SCANNER INICIADO
2026-07-06 06:58:21 [INFO] scanner - 📅 Data/Hora: 06/07/2026 06:58:21
2026-07-06 06:58:21 [INFO] scanner - 📂 Log: logs/scanner_2026-07-06.log
2026-07-06 06:58:21 [INFO] scanner - ============================================================
2026-07-06 06:58:21 [INFO] scanner - 📝 PAPER MODE ATIVO - Apenas registro e análise
2026-07-06 06:58:24 [WARNING] root - Bloco de componentes falhou: cannot unpack non-iterable int object
2026-07-06 06:58:24 [INFO] scanner - ✅ Validações OK [BTC/USDT]: Score=7.3, R:R=2.08
2026-07-06 06:58:24 [INFO] scanner - ⏸️  Throttle ativo [BTC/USDT]:
2026-07-06 06:58:24 [INFO] scanner -    ├─ Último alerta há 690.1 minutos
2026-07-06 06:58:24 [INFO] scanner -    ├─ Tempo mínimo: 1800 minutos
2026-07-06 06:58:24 [INFO] scanner -    └─ Próximo permitido em: 1109.9 minutos
2026-07-06 06:58:26 [WARNING] root - Bloco de componentes falhou: cannot unpack non-iterable int object
2026-07-06 06:58:26 [INFO] scanner - ✅ Validações OK [ETH/USDT]: Score=7.3, R:R=2.00
2026-07-06 06:58:26 [INFO] scanner - ⏸️  Throttle ativo [ETH/USDT]:
2026-07-06 06:58:26 [INFO] scanner -    ├─ Último alerta há 1102.4 minutos
2026-07-06 06:58:26 [INFO] scanner -    ├─ Tempo mínimo: 1800 minutos
2026-07-06 06:58:26 [INFO] scanner -    └─ Próximo permitido em: 697.6 minutos
2026-07-06 10:44:16 [INFO] scanner - ============================================================
2026-07-06 10:44:16 [INFO] scanner - 🚀 SCANNER INICIADO
2026-07-06 10:44:16 [INFO] scanner - 📅 Data/Hora: 06/07/2026 10:44:16
2026-07-06 10:44:16 [INFO] scanner - 📂 Log: logs/scanner_2026-07-06.log
2026-07-06 10:44:16 [INFO] scanner - ============================================================
2026-07-06 10:44:16 [INFO] scanner - 📝 PAPER MODE ATIVO - Apenas registro e análise
2026-07-06 10:44:20 [WARNING] root - Bloco de componentes falhou: cannot unpack non-iterable int object
2026-07-06 10:44:20 [INFO] scanner - ✅ Validações OK [BTC/USDT]: Score=7.3, R:R=2.08
2026-07-06 10:44:20 [INFO] scanner - ⏸️  Throttle ativo [BTC/USDT]:
2026-07-06 10:44:20 [INFO] scanner -    ├─ Último alerta há 916.1 minutos
2026-07-06 10:44:20 [INFO] scanner -    ├─ Tempo mínimo: 1800 minutos
2026-07-06 10:44:20 [INFO] scanner -    └─ Próximo permitido em: 883.9 minutos
2026-07-06 10:44:20 [WARNING] root - Bloco de componentes falhou: cannot unpack non-iterable int object
2026-07-06 10:44:20 [INFO] scanner - ✅ Validações OK [BTC/USDT]: Score=7.3, R:R=2.08
2026-07-06 10:44:20 [INFO] scanner - ⏸️  Throttle ativo [BTC/USDT]:
2026-07-06 10:44:20 [INFO] scanner -    ├─ Último alerta há 916.1 minutos
2026-07-06 10:44:20 [INFO] scanner -    ├─ Tempo mínimo: 1800 minutos
2026-07-06 10:44:20 [INFO] scanner -    └─ Próximo permitido em: 883.9 minutos
2026-07-06 10:44:23 [WARNING] root - Bloco de componentes falhou: cannot unpack non-iterable int object
2026-07-06 10:44:23 [INFO] scanner - ✅ Validações OK [ETH/USDT]: Score=7.3, R:R=2.00
2026-07-06 10:44:23 [INFO] scanner - ⏸️  Throttle ativo [ETH/USDT]:
2026-07-06 10:44:23 [INFO] scanner -    ├─ Último alerta há 1328.3 minutos
2026-07-06 10:44:23 [INFO] scanner -    ├─ Tempo mínimo: 1800 minutos
2026-07-06 10:44:23 [INFO] scanner -    └─ Próximo permitido em: 471.7 minutos
2026-07-06 10:44:23 [WARNING] root - Bloco de componentes falhou: cannot unpack non-iterable int object
2026-07-06 10:44:23 [INFO] scanner - ✅ Validações OK [ETH/USDT]: Score=7.3, R:R=2.00
2026-07-06 10:44:23 [INFO] scanner - ⏸️  Throttle ativo [ETH/USDT]:
2026-07-06 10:44:23 [INFO] scanner -    ├─ Último alerta há 1328.3 minutos
2026-07-06 10:44:23 [INFO] scanner -    ├─ Tempo mínimo: 1800 minutos
2026-07-06 10:44:23 [INFO] scanner -    └─ Próximo permitido em: 471.7 minutos
