2025-11-23 03:18:32 [INFO] scanner - ============================================================
2025-11-23 03:18:32 [INFO] scanner - 🚀 SCANNER INICIADO
2025-11-23 03:18:32 [INFO] scanner - 📅 Data/Hora: 23/11/2025 03:18:32
2025-11-23 03:18:32 [INFO] scanner - 📂 Log: logs/scanner_2025-11-23.log
2025-11-23 03:18:32 [INFO] scanner - ============================================================
2025-11-23 03:18:32 [INFO] scanner - 📝 PAPER MODE ATIVO - Apenas registro e análise
2025-11-23 03:18:36 [WARNING] root - Bloco de componentes falhou: cannot unpack non-iterable int object
2025-11-23 03:18:36 [INFO] scanner - ✅ Validações OK [BTC/USDT]: Score=7.3, R:R=2.08
2025-11-23 03:18:36 [INFO] scanner - ⏸️  Throttle ativo [BTC/USDT]:
2025-11-23 03:18:36 [INFO] scanner -    ├─ Último alerta há 668.9 minutos
2025-11-23 03:18:36 [INFO] scanner -    ├─ Tempo mínimo: 1800 minutos
2025-11-23 03:18:36 [INFO] scanner -    └─ Próximo permitido em: 1131.1 minutos
2025-11-23 03:18:38 [WARNING] root - Bloco de componentes falhou: cannot unpack non-iterable int object
2025-11-23 03:18:38 [INFO] scanner - ✅ Validações OK [ETH/USDT]: Score=7.0, R:R=2.00
2025-11-23 03:18:38 [INFO] scanner - ⏸️  Throttle ativo [ETH/USDT]:
2025-11-23 03:18:38 [INFO] scanner -    ├─ Último alerta há 451.0 minutos
2025-11-23 03:18:38 [INFO] scanner -    ├─ Tempo mínimo: 1800 minutos
2025-11-23 03:18:38 [INFO] scanner -    └─ Próximo permitido em: 1349.0 minutos
2025-11-23 03:47:12 [INFO] scanner - ============================================================
2025-11-23 03:47:12 [INFO] scanner - 🚀 SCANNER INICIADO
2025-11-23 03:47:12 [INFO] scanner - 📅 Data/Hora: 23/11/2025 03:47:12
2025-11-23 03:47:12 [INFO] scanner - 📂 Log: logs/scanner_2025-11-23.log
2025-11-23 03:47:12 [INFO] scanner - ============================================================
2025-11-23 03:47:12 [INFO] scanner - 📝 PAPER MODE ATIVO - Apenas registro e análise
2025-11-23 03:47:16 [WARNING] root - Bloco de componentes falhou: cannot unpack non-iterable int object
2025-11-23 03:47:16 [INFO] scanner - ✅ Validações OK [BTC/USDT]: Score=7.3, R:R=2.08
2025-11-23 03:47:16 [INFO] scanner - ⏸️  Throttle ativo [BTC/USDT]:
2025-11-23 03:47:16 [INFO] scanner -    ├─ Último alerta há 697.6 minutos
2025-11-23 03:47:16 [INFO] scanner -    ├─ Tempo mínimo: 1800 minutos
2025-11-23 03:47:16 [INFO] scanner -    └─ Próximo permitido em: 1102.4 minutos
2025-11-23 03:47:18 [WARNING] root - Bloco de componentes falhou: cannot unpack non-iterable int object
2025-11-23 03:47:18 [INFO] scanner - ✅ Validações OK [ETH/USDT]: Score=7.3, R:R=2.00
2025-11-23 03:47:18 [INFO] scanner - ⏸️  Throttle ativo [ETH/USDT]:
2025-11-23 03:47:18 [INFO] scanner -    ├─ Último alerta há 479.7 minutos
2025-11-23 03:47:18 [INFO] scanner -    ├─ Tempo mínimo: 1800 minutos
2025-11-23 03:47:18 [INFO] scanner -    └─ Próximo permitido em: 1320.3 minutos
2025-11-23 04:12:30 [INFO] scanner - ============================================================
2025-11-23 04:12:30 [INFO] scanner - 🚀 SCANNER INICIADO
2025-11-23 04:12:30 [INFO] scanner - 📅 Data/Hora: 23/11/2025 04:12:30
2025-11-23 04:12:30 [INFO] scanner - 📂 Log: logs/scanner_2025-11-23.log
2025-11-23 04:12:30 [INFO] scanner - ============================================================
2025-11-23 04:12:30 [INFO] scanner - 📝 PAPER MODE ATIVO - Apenas registro e análise
2025-11-23 04:12:33 [WARNING] root - Bloco de componentes falhou: cannot unpack non-iterable int object
2025-11-23 04:12:33 [INFO] scanner - ✅ Validações OK [BTC/USDT]: Score=7.3, R:R=2.08
2025-11-23 04:12:33 [INFO] scanner - ⏸️  Throttle ativo [BTC/USDT]:
2025-11-23 04:12:33 [INFO] scanner -    ├─ Último alerta há 722.8 minutos
2025-11-23 04:12:33 [INFO] scanner -    ├─ Tempo mínimo: 1800 minutos
2025-11-23 04:12:33 [INFO] scanner -    └─ Próximo permitido em: 1077.2 minutos
2025-11-23 04:12:35 [WARNING] root - Bloco de componentes falhou: cannot unpack non-iterable int object
2025-11-23 04:12:35 [INFO] scanner - ✅ Validações OK [ETH/USDT]: Score=7.3, R:R=2.00
2025-11-23 04:12:35 [INFO] scanner - ⏸️  Throttle ativo [ETH/USDT]:
2025-11-23 04:12:35 [INFO] scanner -    ├─ Último alerta há 505.0 minutos
2025-11-23 04:12:35 [INFO] scanner -    ├─ Tempo mínimo: 1800 minutos
2025-11-23 04:12:35 [INFO] scanner -    └─ Próximo permitido em: 1295.0 minutos
2025-11-23 04:28:41 [INFO] scanner - ============================================================
2025-11-23 04:28:41 [INFO] scanner - 🚀 SCANNER INICIADO
2025-11-23 04:28:41 [INFO] scanner - 📅 Data/Hora: 23/11/2025 04:28:41
2025-11-23 04:28:41 [INFO] scanner - 📂 Log: logs/scanner_2025-11-23.log
2025-11-23 04:28:41 [INFO] scanner - ============================================================
2025-11-23 04:28:41 [INFO] scanner - 📝 PAPER MODE ATIVO - Apenas registro e análise
2025-11-23 04:28:44 [WARNING] root - Bloco de componentes falhou: cannot unpack non-iterable int object
2025-11-23 04:28:44 [INFO] scanner - ✅ Validações OK [BTC/USDT]: Score=7.3, R:R=2.08
2025-11-23 04:28:44 [INFO] scanner - ⏸️  Throttle ativo [BTC/USDT]:
2025-11-23 04:28:44 [INFO] scanner -    ├─ Último alerta há 739.0 minutos
2025-11-23 04:28:44 [INFO] scanner -    ├─ Tempo mínimo: 1800 minutos
2025-11-23 04:28:44 [INFO] scanner -    └─ Próximo permitido em: 1061.0 minutos
2025-11-23 04:28:46 [WARNING] root - Bloco de componentes falhou: cannot unpack non-iterable int object
2025-11-23 04:28:46 [INFO] scanner - ✅ Validações OK [ETH/USDT]: Score=7.3, R:R=2.00
2025-11-23 04:28:46 [INFO] scanner - ⏸️  Throttle ativo [ETH/USDT]:
2025-11-23 04:28:46 [INFO] scanner -    ├─ Último alerta há 521.2 minutos
2025-11-23 04:28:46 [INFO] scanner -    ├─ Tempo mínimo: 1800 minutos
2025-11-23 04:28:46 [INFO] scanner -    └─ Próximo permitido em: 1278.8 minutos
2025-11-23 04:38:03 [INFO] scanner - ============================================================
2025-11-23 04:38:03 [INFO] scanner - 🚀 SCANNER INICIADO
2025-11-23 04:38:03 [INFO] scanner - 📅 Data/Hora: 23/11/2025 04:38:03
2025-11-23 04:38:03 [INFO] scanner - 📂 Log: logs/scanner_2025-11-23.log
2025-11-23 04:38:03 [INFO] scanner - ============================================================
2025-11-23 04:38:03 [INFO] scanner - 📝 PAPER MODE ATIVO - Apenas registro e análise
2025-11-23 04:38:13 [WARNING] root - Bloco de componentes falhou: cannot unpack non-iterable int object
2025-11-23 04:38:13 [INFO] scanner - ✅ Validações OK [BTC/USDT]: Score=7.3, R:R=2.08
2025-11-23 04:38:13 [INFO] scanner - ⏸️  Throttle ativo [BTC/USDT]:
2025-11-23 04:38:13 [INFO] scanner -    ├─ Último alerta há 748.5 minutos
2025-11-23 04:38:13 [INFO] scanner -    ├─ Tempo mínimo: 1800 minutos
2025-11-23 04:38:13 [INFO] scanner -    └─ Próximo permitido em: 1051.5 minutos
2025-11-23 04:38:19 [WARNING] root - Bloco de componentes falhou: cannot unpack non-iterable int object
2025-11-23 04:38:19 [INFO] scanner - ✅ Validações OK [ETH/USDT]: Score=7.3, R:R=2.00
2025-11-23 04:38:19 [INFO] scanner - ⏸️  Throttle ativo [ETH/USDT]:
2025-11-23 04:38:19 [INFO] scanner -    ├─ Último alerta há 530.7 minutos
2025-11-23 04:38:19 [INFO] scanner -    ├─ Tempo mínimo: 1800 minutos
2025-11-23 04:38:19 [INFO] scanner -    └─ Próximo permitido em: 1269.3 minutos
2025-11-23 04:47:55 [INFO] scanner - ============================================================
2025-11-23 04:47:55 [INFO] scanner - 🚀 SCANNER INICIADO
2025-11-23 04:47:55 [INFO] scanner - 📅 Data/Hora: 23/11/2025 04:47:55
2025-11-23 04:47:55 [INFO] scanner - 📂 Log: logs/scanner_2025-11-23.log
2025-11-23 04:47:55 [INFO] scanner - ============================================================
2025-11-23 04:47:55 [INFO] scanner - 📝 PAPER MODE ATIVO - Apenas registro e análise
2025-11-23 04:47:59 [WARNING] root - Bloco de componentes falhou: cannot unpack non-iterable int object
2025-11-23 04:47:59 [INFO] scanner - ✅ Validações OK [BTC/USDT]: Score=7.3, R:R=2.08
2025-11-23 04:47:59 [INFO] scanner - ⏸️  Throttle ativo [BTC/USDT]:
2025-11-23 04:47:59 [INFO] scanner -    ├─ Último alerta há 758.3 minutos
2025-11-23 04:47:59 [INFO] scanner -    ├─ Tempo mínimo: 1800 minutos
2025-11-23 04:47:59 [INFO] scanner -    └─ Próximo permitido em: 1041.7 minutos
2025-11-23 04:48:01 [WARNING] root - Bloco de componentes falhou: cannot unpack non-iterable int object
2025-11-23 04:48:01 [INFO] scanner - ✅ Validações OK [ETH/USDT]: Score=7.3, R:R=2.00
2025-11-23 04:48:01 [INFO] scanner - ⏸️  Throttle ativo [ETH/USDT]:
2025-11-23 04:48:01 [INFO] scanner -    ├─ Último alerta há 540.4 minutos
2025-11-23 04:48:01 [INFO] scanner -    ├─ Tempo mínimo: 1800 minutos
2025-11-23 04:48:01 [INFO] scanner -    └─ Próximo permitido em: 1259.6 minutos
2025-11-23 05:16:24 [INFO] scanner - ============================================================
2025-11-23 05:16:24 [INFO] scanner - 🚀 SCANNER INICIADO
2025-11-23 05:16:24 [INFO] scanner - 📅 Data/Hora: 23/11/2025 05:16:24
2025-11-23 05:16:24 [INFO] scanner - 📂 Log: logs/scanner_2025-11-23.log
2025-11-23 05:16:24 [INFO] scanner - ============================================================
2025-11-23 05:16:24 [INFO] scanner - 📝 PAPER MODE ATIVO - Apenas registro e análise
2025-11-23 05:16:28 [WARNING] root - Bloco de componentes falhou: cannot unpack non-iterable int object
2025-11-23 05:16:28 [INFO] scanner - ✅ Validações OK [BTC/USDT]: Score=7.3, R:R=2.08
2025-11-23 05:16:28 [INFO] scanner - ⏸️  Throttle ativo [BTC/USDT]:
2025-11-23 05:16:28 [INFO] scanner -    ├─ Último alerta há 786.8 minutos
2025-11-23 05:16:28 [INFO] scanner -    ├─ Tempo mínimo: 1800 minutos
2025-11-23 05:16:28 [INFO] scanner -    └─ Próximo permitido em: 1013.2 minutos
2025-11-23 05:16:30 [WARNING] root - Bloco de componentes falhou: cannot unpack non-iterable int object
2025-11-23 05:16:30 [INFO] scanner - ✅ Validações OK [ETH/USDT]: Score=7.3, R:R=2.00
2025-11-23 05:16:30 [INFO] scanner - ⏸️  Throttle ativo [ETH/USDT]:
2025-11-23 05:16:30 [INFO] scanner -    ├─ Último alerta há 568.9 minutos
2025-11-23 05:16:30 [INFO] scanner -    ├─ Tempo mínimo: 1800 minutos
2025-11-23 05:16:30 [INFO] scanner -    └─ Próximo permitido em: 1231.1 minutos
2025-11-23 05:42:50 [INFO] scanner - ============================================================
2025-11-23 05:42:50 [INFO] scanner - 🚀 SCANNER INICIADO
2025-11-23 05:42:50 [INFO] scanner - 📅 Data/Hora: 23/11/2025 05:42:50
2025-11-23 05:42:50 [INFO] scanner - 📂 Log: logs/scanner_2025-11-23.log
2025-11-23 05:42:50 [INFO] scanner - ============================================================
2025-11-23 05:42:50 [INFO] scanner - 📝 PAPER MODE ATIVO - Apenas registro e análise
2025-11-23 05:42:54 [WARNING] root - Bloco de componentes falhou: cannot unpack non-iterable int object
2025-11-23 05:42:54 [INFO] scanner - ✅ Validações OK [BTC/USDT]: Score=7.3, R:R=2.08
2025-11-23 05:42:54 [INFO] scanner - ⏸️  Throttle ativo [BTC/USDT]:
2025-11-23 05:42:54 [INFO] scanner -    ├─ Último alerta há 813.2 minutos
2025-11-23 05:42:54 [INFO] scanner -    ├─ Tempo mínimo: 1800 minutos
2025-11-23 05:42:54 [INFO] scanner -    └─ Próximo permitido em: 986.8 minutos
2025-11-23 05:42:56 [WARNING] root - Bloco de componentes falhou: cannot unpack non-iterable int object
2025-11-23 05:42:56 [INFO] scanner - ✅ Validações OK [ETH/USDT]: Score=7.3, R:R=2.00
2025-11-23 05:42:56 [INFO] scanner - ⏸️  Throttle ativo [ETH/USDT]:
2025-11-23 05:42:56 [INFO] scanner -    ├─ Último alerta há 595.4 minutos
2025-11-23 05:42:56 [INFO] scanner -    ├─ Tempo mínimo: 1800 minutos
2025-11-23 05:42:56 [INFO] scanner -    └─ Próximo permitido em: 1204.6 minutos
2025-11-23 05:52:31 [INFO] scanner - ============================================================
2025-11-23 05:52:31 [INFO] scanner - 🚀 SCANNER INICIADO
2025-11-23 05:52:31 [INFO] scanner - 📅 Data/Hora: 23/11/2025 05:52:31
2025-11-23 05:52:31 [INFO] scanner - 📂 Log: logs/scanner_2025-11-23.log
2025-11-23 05:52:31 [INFO] scanner - ============================================================
2025-11-23 05:52:31 [INFO] scanner - 📝 PAPER MODE ATIVO - Apenas registro e análise
2025-11-23 05:52:35 [WARNING] root - Bloco de componentes falhou: cannot unpack non-iterable int object
2025-11-23 05:52:35 [INFO] scanner - ✅ Validações OK [BTC/USDT]: Score=7.3, R:R=2.08
2025-11-23 05:52:35 [INFO] scanner - ⏸️  Throttle ativo [BTC/USDT]:
2025-11-23 05:52:35 [INFO] scanner -    ├─ Último alerta há 822.9 minutos
2025-11-23 05:52:35 [INFO] scanner -    ├─ Tempo mínimo: 1800 minutos
2025-11-23 05:52:35 [INFO] scanner -    └─ Próximo permitido em: 977.1 minutos
2025-11-23 05:52:37 [WARNING] root - Bloco de componentes falhou: cannot unpack non-iterable int object
2025-11-23 05:52:37 [INFO] scanner - ✅ Validações OK [ETH/USDT]: Score=7.3, R:R=2.00
2025-11-23 05:52:37 [INFO] scanner - ⏸️  Throttle ativo [ETH/USDT]:
2025-11-23 05:52:37 [INFO] scanner -    ├─ Último alerta há 605.0 minutos
2025-11-23 05:52:37 [INFO] scanner -    ├─ Tempo mínimo: 1800 minutos
2025-11-23 05:52:37 [INFO] scanner -    └─ Próximo permitido em: 1195.0 minutos
2025-11-23 06:12:46 [INFO] scanner - ============================================================
2025-11-23 06:12:46 [INFO] scanner - 🚀 SCANNER INICIADO
2025-11-23 06:12:46 [INFO] scanner - 📅 Data/Hora: 23/11/2025 06:12:46
2025-11-23 06:12:46 [INFO] scanner - 📂 Log: logs/scanner_2025-11-23.log
2025-11-23 06:12:46 [INFO] scanner - ============================================================
2025-11-23 06:12:46 [INFO] scanner - 📝 PAPER MODE ATIVO - Apenas registro e análise
2025-11-23 06:12:49 [WARNING] root - Bloco de componentes falhou: cannot unpack non-iterable int object
2025-11-23 06:12:49 [INFO] scanner - ✅ Validações OK [BTC/USDT]: Score=7.3, R:R=2.08
2025-11-23 06:12:49 [INFO] scanner - ⏸️  Throttle ativo [BTC/USDT]:
2025-11-23 06:12:49 [INFO] scanner -    ├─ Último alerta há 843.1 minutos
2025-11-23 06:12:49 [INFO] scanner -    ├─ Tempo mínimo: 1800 minutos
2025-11-23 06:12:49 [INFO] scanner -    └─ Próximo permitido em: 956.9 minutos
2025-11-23 06:12:51 [WARNING] root - Bloco de componentes falhou: cannot unpack non-iterable int object
2025-11-23 06:12:51 [INFO] scanner - ✅ Validações OK [ETH/USDT]: Score=7.0, R:R=2.00
2025-11-23 06:12:51 [INFO] scanner - ⏸️  Throttle ativo [ETH/USDT]:
2025-11-23 06:12:51 [INFO] scanner -    ├─ Último alerta há 625.3 minutos
2025-11-23 06:12:51 [INFO] scanner -    ├─ Tempo mínimo: 1800 minutos
2025-11-23 06:12:51 [INFO] scanner -    └─ Próximo permitido em: 1174.7 minutos
2025-11-23 06:30:07 [INFO] scanner - ============================================================
2025-11-23 06:30:07 [INFO] scanner - 🚀 SCANNER INICIADO
2025-11-23 06:30:07 [INFO] scanner - 📅 Data/Hora: 23/11/2025 06:30:07
2025-11-23 06:30:07 [INFO] scanner - 📂 Log: logs/scanner_2025-11-23.log
2025-11-23 06:30:07 [INFO] scanner - ============================================================
2025-11-23 06:30:07 [INFO] scanner - 📝 PAPER MODE ATIVO - Apenas registro e análise
2025-11-23 06:30:11 [WARNING] root - Bloco de componentes falhou: cannot unpack non-iterable int object
2025-11-23 06:30:11 [INFO] scanner - ✅ Validações OK [BTC/USDT]: Score=7.3, R:R=2.08
2025-11-23 06:30:11 [INFO] scanner - ⏸️  Throttle ativo [BTC/USDT]:
2025-11-23 06:30:11 [INFO] scanner -    ├─ Último alerta há 860.5 minutos
2025-11-23 06:30:11 [INFO] scanner -    ├─ Tempo mínimo: 1800 minutos
2025-11-23 06:30:11 [INFO] scanner -    └─ Próximo permitido em: 939.5 minutos
2025-11-23 06:30:13 [WARNING] root - Bloco de componentes falhou: cannot unpack non-iterable int object
2025-11-23 06:30:13 [INFO] scanner - ✅ Validações OK [ETH/USDT]: Score=7.0, R:R=2.00
2025-11-23 06:30:13 [INFO] scanner - ⏸️  Throttle ativo [ETH/USDT]:
2025-11-23 06:30:13 [INFO] scanner -    ├─ Último alerta há 642.6 minutos
2025-11-23 06:30:13 [INFO] scanner -    ├─ Tempo mínimo: 1800 minutos
2025-11-23 06:30:13 [INFO] scanner -    └─ Próximo permitido em: 1157.4 minutos
2025-11-23 06:40:43 [INFO] scanner - ============================================================
2025-11-23 06:40:43 [INFO] scanner - 🚀 SCANNER INICIADO
2025-11-23 06:40:43 [INFO] scanner - 📅 Data/Hora: 23/11/2025 06:40:43
2025-11-23 06:40:43 [INFO] scanner - 📂 Log: logs/scanner_2025-11-23.log
2025-11-23 06:40:43 [INFO] scanner - ============================================================
2025-11-23 06:40:43 [INFO] scanner - 📝 PAPER MODE ATIVO - Apenas registro e análise
2025-11-23 06:40:46 [WARNING] root - Bloco de componentes falhou: cannot unpack non-iterable int object
2025-11-23 06:40:46 [INFO] scanner - ✅ Validações OK [BTC/USDT]: Score=7.3, R:R=2.08
2025-11-23 06:40:46 [INFO] scanner - ⏸️  Throttle ativo [BTC/USDT]:
2025-11-23 06:40:46 [INFO] scanner -    ├─ Último alerta há 871.1 minutos
2025-11-23 06:40:46 [INFO] scanner -    ├─ Tempo mínimo: 1800 minutos
2025-11-23 06:40:46 [INFO] scanner -    └─ Próximo permitido em: 928.9 minutos
2025-11-23 06:40:48 [WARNING] root - Bloco de componentes falhou: cannot unpack non-iterable int object
2025-11-23 06:40:48 [INFO] scanner - ✅ Validações OK [ETH/USDT]: Score=7.0, R:R=2.00
2025-11-23 06:40:48 [INFO] scanner - ⏸️  Throttle ativo [ETH/USDT]:
2025-11-23 06:40:48 [INFO] scanner -    ├─ Último alerta há 653.2 minutos
2025-11-23 06:40:48 [INFO] scanner -    ├─ Tempo mínimo: 1800 minutos
2025-11-23 06:40:48 [INFO] scanner -    └─ Próximo permitido em: 1146.8 minutos
2025-11-23 06:48:29 [INFO] scanner - ============================================================
2025-11-23 06:48:29 [INFO] scanner - 🚀 SCANNER INICIADO
2025-11-23 06:48:29 [INFO] scanner - 📅 Data/Hora: 23/11/2025 06:48:29
2025-11-23 06:48:29 [INFO] scanner - 📂 Log: logs/scanner_2025-11-23.log
2025-11-23 06:48:29 [INFO] scanner - ============================================================
2025-11-23 06:48:29 [INFO] scanner - 📝 PAPER MODE ATIVO - Apenas registro e análise
2025-11-23 06:48:33 [WARNING] root - Bloco de componentes falhou: cannot unpack non-iterable int object
2025-11-23 06:48:33 [INFO] scanner - ✅ Validações OK [BTC/USDT]: Score=7.3, R:R=2.08
2025-11-23 06:48:33 [INFO] scanner - ⏸️  Throttle ativo [BTC/USDT]:
2025-11-23 06:48:33 [INFO] scanner -    ├─ Último alerta há 878.8 minutos
2025-11-23 06:48:33 [INFO] scanner -    ├─ Tempo mínimo: 1800 minutos
2025-11-23 06:48:33 [INFO] scanner -    └─ Próximo permitido em: 921.2 minutos
2025-11-23 06:48:35 [WARNING] root - Bloco de componentes falhou: cannot unpack non-iterable int object
2025-11-23 06:48:35 [INFO] scanner - ✅ Validações OK [ETH/USDT]: Score=7.3, R:R=2.00
2025-11-23 06:48:35 [INFO] scanner - ⏸️  Throttle ativo [ETH/USDT]:
2025-11-23 06:48:35 [INFO] scanner -    ├─ Último alerta há 661.0 minutos
2025-11-23 06:48:35 [INFO] scanner -    ├─ Tempo mínimo: 1800 minutos
2025-11-23 06:48:35 [INFO] scanner -    └─ Próximo permitido em: 1139.0 minutos
2025-11-23 07:12:31 [INFO] scanner - ============================================================
2025-11-23 07:12:31 [INFO] scanner - 🚀 SCANNER INICIADO
2025-11-23 07:12:31 [INFO] scanner - 📅 Data/Hora: 23/11/2025 07:12:31
2025-11-23 07:12:31 [INFO] scanner - 📂 Log: logs/scanner_2025-11-23.log
2025-11-23 07:12:31 [INFO] scanner - ============================================================
2025-11-23 07:12:31 [INFO] scanner - 📝 PAPER MODE ATIVO - Apenas registro e análise
2025-11-23 07:12:35 [WARNING] root - Bloco de componentes falhou: cannot unpack non-iterable int object
2025-11-23 07:12:35 [INFO] scanner - ✅ Validações OK [BTC/USDT]: Score=7.3, R:R=2.08
2025-11-23 07:12:35 [INFO] scanner - ⏸️  Throttle ativo [BTC/USDT]:
2025-11-23 07:12:35 [INFO] scanner -    ├─ Último alerta há 902.9 minutos
2025-11-23 07:12:35 [INFO] scanner -    ├─ Tempo mínimo: 1800 minutos
2025-11-23 07:12:35 [INFO] scanner -    └─ Próximo permitido em: 897.1 minutos
2025-11-23 07:12:37 [WARNING] root - Bloco de componentes falhou: cannot unpack non-iterable int object
2025-11-23 07:12:37 [INFO] scanner - ✅ Validações OK [ETH/USDT]: Score=7.0, R:R=2.00
2025-11-23 07:12:37 [INFO] scanner - ⏸️  Throttle ativo [ETH/USDT]:
2025-11-23 07:12:37 [INFO] scanner -    ├─ Último alerta há 685.0 minutos
2025-11-23 07:12:37 [INFO] scanner -    ├─ Tempo mínimo: 1800 minutos
2025-11-23 07:12:37 [INFO] scanner -    └─ Próximo permitido em: 1115.0 minutos
2025-11-23 07:33:12 [INFO] scanner - ============================================================
2025-11-23 07:33:12 [INFO] scanner - 🚀 SCANNER INICIADO
2025-11-23 07:33:12 [INFO] scanner - 📅 Data/Hora: 23/11/2025 07:33:12
2025-11-23 07:33:12 [INFO] scanner - 📂 Log: logs/scanner_2025-11-23.log
2025-11-23 07:33:12 [INFO] scanner - ============================================================
2025-11-23 07:33:12 [INFO] scanner - 📝 PAPER MODE ATIVO - Apenas registro e análise
2025-11-23 07:33:15 [WARNING] root - Bloco de componentes falhou: cannot unpack non-iterable int object
2025-11-23 07:33:15 [INFO] scanner - ✅ Validações OK [BTC/USDT]: Score=7.3, R:R=2.08
2025-11-23 07:33:15 [INFO] scanner - ⏸️  Throttle ativo [BTC/USDT]:
2025-11-23 07:33:15 [INFO] scanner -    ├─ Último alerta há 923.5 minutos
2025-11-23 07:33:15 [INFO] scanner -    ├─ Tempo mínimo: 1800 minutos
2025-11-23 07:33:15 [INFO] scanner -    └─ Próximo permitido em: 876.5 minutos
2025-11-23 07:33:17 [WARNING] root - Bloco de componentes falhou: cannot unpack non-iterable int object
2025-11-23 07:33:17 [INFO] scanner - ✅ Validações OK [ETH/USDT]: Score=7.0, R:R=2.00
2025-11-23 07:33:17 [INFO] scanner - ⏸️  Throttle ativo [ETH/USDT]:
2025-11-23 07:33:17 [INFO] scanner -    ├─ Último alerta há 705.7 minutos
2025-11-23 07:33:17 [INFO] scanner -    ├─ Tempo mínimo: 1800 minutos
2025-11-23 07:33:17 [INFO] scanner -    └─ Próximo permitido em: 1094.3 minutos
2025-11-23 07:48:06 [INFO] scanner - ============================================================
2025-11-23 07:48:06 [INFO] scanner - 🚀 SCANNER INICIADO
2025-11-23 07:48:06 [INFO] scanner - 📅 Data/Hora: 23/11/2025 07:48:06
2025-11-23 07:48:06 [INFO] scanner - 📂 Log: logs/scanner_2025-11-23.log
2025-11-23 07:48:06 [INFO] scanner - ============================================================
2025-11-23 07:48:06 [INFO] scanner - 📝 PAPER MODE ATIVO - Apenas registro e análise
2025-11-23 07:48:09 [WARNING] root - Bloco de componentes falhou: cannot unpack non-iterable int object
2025-11-23 07:48:09 [INFO] scanner - ✅ Validações OK [BTC/USDT]: Score=7.3, R:R=2.08
2025-11-23 07:48:09 [INFO] scanner - ⏸️  Throttle ativo [BTC/USDT]:
2025-11-23 07:48:09 [INFO] scanner -    ├─ Último alerta há 938.5 minutos
2025-11-23 07:48:09 [INFO] scanner -    ├─ Tempo mínimo: 1800 minutos
2025-11-23 07:48:09 [INFO] scanner -    └─ Próximo permitido em: 861.5 minutos
2025-11-23 07:48:11 [WARNING] root - Bloco de componentes falhou: cannot unpack non-iterable int object
2025-11-23 07:48:11 [INFO] scanner - ✅ Validações OK [ETH/USDT]: Score=7.0, R:R=2.00
2025-11-23 07:48:11 [INFO] scanner - ⏸️  Throttle ativo [ETH/USDT]:
2025-11-23 07:48:11 [INFO] scanner -    ├─ Último alerta há 720.6 minutos
2025-11-23 07:48:11 [INFO] scanner -    ├─ Tempo mínimo: 1800 minutos
2025-11-23 07:48:11 [INFO] scanner -    └─ Próximo permitido em: 1079.4 minutos
2025-11-23 08:10:14 [INFO] scanner - ============================================================
2025-11-23 08:10:14 [INFO] scanner - 🚀 SCANNER INICIADO
2025-11-23 08:10:14 [INFO] scanner - 📅 Data/Hora: 23/11/2025 08:10:14
2025-11-23 08:10:14 [INFO] scanner - 📂 Log: logs/scanner_2025-11-23.log
2025-11-23 08:10:14 [INFO] scanner - ============================================================
2025-11-23 08:10:14 [INFO] scanner - 📝 PAPER MODE ATIVO - Apenas registro e análise
2025-11-23 08:10:18 [WARNING] root - Bloco de componentes falhou: cannot unpack non-iterable int object
2025-11-23 08:10:18 [INFO] scanner - ✅ Validações OK [BTC/USDT]: Score=7.3, R:R=2.08
2025-11-23 08:10:18 [INFO] scanner - ⏸️  Throttle ativo [BTC/USDT]:
2025-11-23 08:10:18 [INFO] scanner -    ├─ Último alerta há 960.6 minutos
2025-11-23 08:10:18 [INFO] scanner -    ├─ Tempo mínimo: 1800 minutos
2025-11-23 08:10:18 [INFO] scanner -    └─ Próximo permitido em: 839.4 minutos
2025-11-23 08:10:20 [WARNING] root - Bloco de componentes falhou: cannot unpack non-iterable int object
2025-11-23 08:10:20 [INFO] scanner - ✅ Validações OK [ETH/USDT]: Score=7.0, R:R=2.00
2025-11-23 08:10:20 [INFO] scanner - ⏸️  Throttle ativo [ETH/USDT]:
2025-11-23 08:10:20 [INFO] scanner -    ├─ Último alerta há 742.8 minutos
2025-11-23 08:10:20 [INFO] scanner -    ├─ Tempo mínimo: 1800 minutos
2025-11-23 08:10:20 [INFO] scanner -    └─ Próximo permitido em: 1057.2 minutos
2025-11-23 08:25:14 [INFO] scanner - ============================================================
2025-11-23 08:25:14 [INFO] scanner - 🚀 SCANNER INICIADO
2025-11-23 08:25:14 [INFO] scanner - 📅 Data/Hora: 23/11/2025 08:25:14
2025-11-23 08:25:14 [INFO] scanner - 📂 Log: logs/scanner_2025-11-23.log
2025-11-23 08:25:14 [INFO] scanner - ============================================================
2025-11-23 08:25:14 [INFO] scanner - 📝 PAPER MODE ATIVO - Apenas registro e análise
2025-11-23 08:25:17 [WARNING] root - Bloco de componentes falhou: cannot unpack non-iterable int object
2025-11-23 08:25:17 [INFO] scanner - ✅ Validações OK [BTC/USDT]: Score=7.3, R:R=2.08
2025-11-23 08:25:17 [INFO] scanner - ⏸️  Throttle ativo [BTC/USDT]:
2025-11-23 08:25:17 [INFO] scanner -    ├─ Último alerta há 975.6 minutos
2025-11-23 08:25:17 [INFO] scanner -    ├─ Tempo mínimo: 1800 minutos
2025-11-23 08:25:17 [INFO] scanner -    └─ Próximo permitido em: 824.4 minutos
2025-11-23 08:25:19 [WARNING] root - Bloco de componentes falhou: cannot unpack non-iterable int object
2025-11-23 08:25:19 [INFO] scanner - ✅ Validações OK [ETH/USDT]: Score=7.0, R:R=2.00
2025-11-23 08:25:19 [INFO] scanner - ⏸️  Throttle ativo [ETH/USDT]:
2025-11-23 08:25:19 [INFO] scanner -    ├─ Último alerta há 757.7 minutos
2025-11-23 08:25:19 [INFO] scanner -    ├─ Tempo mínimo: 1800 minutos
2025-11-23 08:25:19 [INFO] scanner -    └─ Próximo permitido em: 1042.3 minutos
2025-11-23 08:33:54 [INFO] scanner - ============================================================
2025-11-23 08:33:54 [INFO] scanner - 🚀 SCANNER INICIADO
2025-11-23 08:33:54 [INFO] scanner - 📅 Data/Hora: 23/11/2025 08:33:54
2025-11-23 08:33:54 [INFO] scanner - 📂 Log: logs/scanner_2025-11-23.log
2025-11-23 08:33:54 [INFO] scanner - ============================================================
2025-11-23 08:33:54 [INFO] scanner - 📝 PAPER MODE ATIVO - Apenas registro e análise
2025-11-23 08:33:58 [WARNING] root - Bloco de componentes falhou: cannot unpack non-iterable int object
2025-11-23 08:33:58 [INFO] scanner - ✅ Validações OK [BTC/USDT]: Score=7.3, R:R=2.08
2025-11-23 08:33:58 [INFO] scanner - ⏸️  Throttle ativo [BTC/USDT]:
2025-11-23 08:33:58 [INFO] scanner -    ├─ Último alerta há 984.3 minutos
2025-11-23 08:33:58 [INFO] scanner -    ├─ Tempo mínimo: 1800 minutos
2025-11-23 08:33:58 [INFO] scanner -    └─ Próximo permitido em: 815.7 minutos
2025-11-23 08:34:00 [WARNING] root - Bloco de componentes falhou: cannot unpack non-iterable int object
2025-11-23 08:34:00 [INFO] scanner - ✅ Validações OK [ETH/USDT]: Score=7.0, R:R=2.00
2025-11-23 08:34:00 [INFO] scanner - ⏸️  Throttle ativo [ETH/USDT]:
2025-11-23 08:34:00 [INFO] scanner -    ├─ Último alerta há 766.4 minutos
2025-11-23 08:34:00 [INFO] scanner -    ├─ Tempo mínimo: 1800 minutos
2025-11-23 08:34:00 [INFO] scanner -    └─ Próximo permitido em: 1033.6 minutos
2025-11-23 08:48:15 [INFO] scanner - ============================================================
2025-11-23 08:48:15 [INFO] scanner - 🚀 SCANNER INICIADO
2025-11-23 08:48:15 [INFO] scanner - 📅 Data/Hora: 23/11/2025 08:48:15
2025-11-23 08:48:15 [INFO] scanner - 📂 Log: logs/scanner_2025-11-23.log
2025-11-23 08:48:15 [INFO] scanner - ============================================================
2025-11-23 08:48:15 [INFO] scanner - 📝 PAPER MODE ATIVO - Apenas registro e análise
2025-11-23 08:48:18 [WARNING] root - Bloco de componentes falhou: cannot unpack non-iterable int object
2025-11-23 08:48:18 [INFO] scanner - ✅ Validações OK [BTC/USDT]: Score=7.3, R:R=2.08
2025-11-23 08:48:18 [INFO] scanner - ⏸️  Throttle ativo [BTC/USDT]:
2025-11-23 08:48:18 [INFO] scanner -    ├─ Último alerta há 998.6 minutos
2025-11-23 08:48:18 [INFO] scanner -    ├─ Tempo mínimo: 1800 minutos
2025-11-23 08:48:18 [INFO] scanner -    └─ Próximo permitido em: 801.4 minutos
2025-11-23 08:48:21 [WARNING] root - Bloco de componentes falhou: cannot unpack non-iterable int object
2025-11-23 08:48:21 [INFO] scanner - ✅ Validações OK [ETH/USDT]: Score=7.0, R:R=2.00
2025-11-23 08:48:21 [INFO] scanner - ⏸️  Throttle ativo [ETH/USDT]:
2025-11-23 08:48:21 [INFO] scanner -    ├─ Último alerta há 780.8 minutos
2025-11-23 08:48:21 [INFO] scanner -    ├─ Tempo mínimo: 1800 minutos
2025-11-23 08:48:21 [INFO] scanner -    └─ Próximo permitido em: 1019.2 minutos
2025-11-23 09:21:42 [INFO] scanner - ============================================================
2025-11-23 09:21:42 [INFO] scanner - 🚀 SCANNER INICIADO
2025-11-23 09:21:42 [INFO] scanner - 📅 Data/Hora: 23/11/2025 09:21:42
2025-11-23 09:21:42 [INFO] scanner - 📂 Log: logs/scanner_2025-11-23.log
2025-11-23 09:21:42 [INFO] scanner - ============================================================
2025-11-23 09:21:42 [INFO] scanner - 📝 PAPER MODE ATIVO - Apenas registro e análise
2025-11-23 09:21:45 [WARNING] root - Bloco de componentes falhou: cannot unpack non-iterable int object
2025-11-23 09:21:45 [INFO] scanner - ✅ Validações OK [BTC/USDT]: Score=7.3, R:R=2.08
2025-11-23 09:21:45 [INFO] scanner - ⏸️  Throttle ativo [BTC/USDT]:
2025-11-23 09:21:45 [INFO] scanner -    ├─ Último alerta há 1032.0 minutos
2025-11-23 09:21:45 [INFO] scanner -    ├─ Tempo mínimo: 1800 minutos
2025-11-23 09:21:45 [INFO] scanner -    └─ Próximo permitido em: 768.0 minutos
2025-11-23 09:21:47 [WARNING] root - Bloco de componentes falhou: cannot unpack non-iterable int object
2025-11-23 09:21:47 [INFO] scanner - ✅ Validações OK [ETH/USDT]: Score=7.0, R:R=2.00
2025-11-23 09:21:47 [INFO] scanner - ⏸️  Throttle ativo [ETH/USDT]:
2025-11-23 09:21:47 [INFO] scanner -    ├─ Último alerta há 814.2 minutos
2025-11-23 09:21:47 [INFO] scanner -    ├─ Tempo mínimo: 1800 minutos
2025-11-23 09:21:47 [INFO] scanner -    └─ Próximo permitido em: 985.8 minutos
2025-11-23 09:57:47 [INFO] scanner - ============================================================
2025-11-23 09:57:47 [INFO] scanner - 🚀 SCANNER INICIADO
2025-11-23 09:57:47 [INFO] scanner - 📅 Data/Hora: 23/11/2025 09:57:47
2025-11-23 09:57:47 [INFO] scanner - 📂 Log: logs/scanner_2025-11-23.log
2025-11-23 09:57:47 [INFO] scanner - ============================================================
2025-11-23 09:57:47 [INFO] scanner - 📝 PAPER MODE ATIVO - Apenas registro e análise
2025-11-23 09:57:51 [WARNING] root - Bloco de componentes falhou: cannot unpack non-iterable int object
2025-11-23 09:57:51 [INFO] scanner - ✅ Validações OK [BTC/USDT]: Score=7.3, R:R=2.08
2025-11-23 09:57:51 [INFO] scanner - ⏸️  Throttle ativo [BTC/USDT]:
2025-11-23 09:57:51 [INFO] scanner -    ├─ Último alerta há 1068.1 minutos
2025-11-23 09:57:51 [INFO] scanner -    ├─ Tempo mínimo: 1800 minutos
2025-11-23 09:57:51 [INFO] scanner -    └─ Próximo permitido em: 731.9 minutos
2025-11-23 09:57:54 [WARNING] root - Bloco de componentes falhou: cannot unpack non-iterable int object
2025-11-23 09:57:54 [INFO] scanner - ✅ Validações OK [ETH/USDT]: Score=7.0, R:R=2.00
2025-11-23 09:57:54 [INFO] scanner - ⏸️  Throttle ativo [ETH/USDT]:
2025-11-23 09:57:54 [INFO] scanner -    ├─ Último alerta há 850.3 minutos
2025-11-23 09:57:54 [INFO] scanner -    ├─ Tempo mínimo: 1800 minutos
2025-11-23 09:57:54 [INFO] scanner -    └─ Próximo permitido em: 949.7 minutos
2025-11-23 10:21:57 [INFO] scanner - ============================================================
2025-11-23 10:21:57 [INFO] scanner - 🚀 SCANNER INICIADO
2025-11-23 10:21:57 [INFO] scanner - 📅 Data/Hora: 23/11/2025 10:21:57
2025-11-23 10:21:57 [INFO] scanner - 📂 Log: logs/scanner_2025-11-23.log
2025-11-23 10:21:57 [INFO] scanner - ============================================================
2025-11-23 10:21:57 [INFO] scanner - 📝 PAPER MODE ATIVO - Apenas registro e análise
2025-11-23 10:22:00 [WARNING] root - Bloco de componentes falhou: cannot unpack non-iterable int object
2025-11-23 10:22:00 [INFO] scanner - ✅ Validações OK [BTC/USDT]: Score=7.3, R:R=2.08
2025-11-23 10:22:00 [INFO] scanner - ⏸️  Throttle ativo [BTC/USDT]:
2025-11-23 10:22:00 [INFO] scanner -    ├─ Último alerta há 1092.3 minutos
2025-11-23 10:22:00 [INFO] scanner -    ├─ Tempo mínimo: 1800 minutos
2025-11-23 10:22:00 [INFO] scanner -    └─ Próximo permitido em: 707.7 minutos
2025-11-23 10:22:02 [WARNING] root - Bloco de componentes falhou: cannot unpack non-iterable int object
2025-11-23 10:22:02 [INFO] scanner - ✅ Validações OK [ETH/USDT]: Score=7.0, R:R=2.00
2025-11-23 10:22:02 [INFO] scanner - ⏸️  Throttle ativo [ETH/USDT]:
2025-11-23 10:22:02 [INFO] scanner -    ├─ Último alerta há 874.5 minutos
2025-11-23 10:22:02 [INFO] scanner -    ├─ Tempo mínimo: 1800 minutos
2025-11-23 10:22:02 [INFO] scanner -    └─ Próximo permitido em: 925.5 minutos
2025-11-23 10:38:11 [INFO] scanner - ============================================================
2025-11-23 10:38:11 [INFO] scanner - 🚀 SCANNER INICIADO
2025-11-23 10:38:11 [INFO] scanner - 📅 Data/Hora: 23/11/2025 10:38:11
2025-11-23 10:38:11 [INFO] scanner - 📂 Log: logs/scanner_2025-11-23.log
2025-11-23 10:38:11 [INFO] scanner - ============================================================
2025-11-23 10:38:11 [INFO] scanner - 📝 PAPER MODE ATIVO - Apenas registro e análise
2025-11-23 10:38:14 [WARNING] root - Bloco de componentes falhou: cannot unpack non-iterable int object
2025-11-23 10:38:14 [INFO] scanner - ✅ Validações OK [BTC/USDT]: Score=7.3, R:R=2.08
2025-11-23 10:38:14 [INFO] scanner - ⏸️  Throttle ativo [BTC/USDT]:
2025-11-23 10:38:14 [INFO] scanner -    ├─ Último alerta há 1108.5 minutos
2025-11-23 10:38:14 [INFO] scanner -    ├─ Tempo mínimo: 1800 minutos
2025-11-23 10:38:14 [INFO] scanner -    └─ Próximo permitido em: 691.5 minutos
2025-11-23 10:38:16 [WARNING] root - Bloco de componentes falhou: cannot unpack non-iterable int object
2025-11-23 10:38:16 [INFO] scanner - ✅ Validações OK [ETH/USDT]: Score=7.0, R:R=2.00
2025-11-23 10:38:16 [INFO] scanner - ⏸️  Throttle ativo [ETH/USDT]:
2025-11-23 10:38:16 [INFO] scanner -    ├─ Último alerta há 890.7 minutos
2025-11-23 10:38:16 [INFO] scanner -    ├─ Tempo mínimo: 1800 minutos
2025-11-23 10:38:16 [INFO] scanner -    └─ Próximo permitido em: 909.3 minutos
2025-11-23 10:48:08 [INFO] scanner - ============================================================
2025-11-23 10:48:08 [INFO] scanner - 🚀 SCANNER INICIADO
2025-11-23 10:48:08 [INFO] scanner - 📅 Data/Hora: 23/11/2025 10:48:08
2025-11-23 10:48:08 [INFO] scanner - 📂 Log: logs/scanner_2025-11-23.log
2025-11-23 10:48:08 [INFO] scanner - ============================================================
2025-11-23 10:48:08 [INFO] scanner - 📝 PAPER MODE ATIVO - Apenas registro e análise
2025-11-23 10:48:10 [WARNING] root - Bloco de componentes falhou: cannot unpack non-iterable int object
2025-11-23 10:48:10 [INFO] scanner - ✅ Validações OK [BTC/USDT]: Score=7.3, R:R=2.08
2025-11-23 10:48:10 [INFO] scanner - ⏸️  Throttle ativo [BTC/USDT]:
2025-11-23 10:48:10 [INFO] scanner -    ├─ Último alerta há 1118.5 minutos
2025-11-23 10:48:10 [INFO] scanner -    ├─ Tempo mínimo: 1800 minutos
2025-11-23 10:48:10 [INFO] scanner -    └─ Próximo permitido em: 681.5 minutos
2025-11-23 10:48:13 [WARNING] root - Bloco de componentes falhou: cannot unpack non-iterable int object
2025-11-23 10:48:13 [INFO] scanner - ✅ Validações OK [ETH/USDT]: Score=7.0, R:R=2.00
2025-11-23 10:48:13 [INFO] scanner - ⏸️  Throttle ativo [ETH/USDT]:
2025-11-23 10:48:13 [INFO] scanner -    ├─ Último alerta há 900.6 minutos
2025-11-23 10:48:13 [INFO] scanner -    ├─ Tempo mínimo: 1800 minutos
2025-11-23 10:48:13 [INFO] scanner -    └─ Próximo permitido em: 899.4 minutos
2025-11-23 11:11:01 [INFO] scanner - ============================================================
2025-11-23 11:11:01 [INFO] scanner - 🚀 SCANNER INICIADO
2025-11-23 11:11:01 [INFO] scanner - 📅 Data/Hora: 23/11/2025 11:11:01
2025-11-23 11:11:01 [INFO] scanner - 📂 Log: logs/scanner_2025-11-23.log
2025-11-23 11:11:01 [INFO] scanner - ============================================================
2025-11-23 11:11:01 [INFO] scanner - 📝 PAPER MODE ATIVO - Apenas registro e análise
2025-11-23 11:11:05 [WARNING] root - Bloco de componentes falhou: cannot unpack non-iterable int object
2025-11-23 11:11:05 [INFO] scanner - ✅ Validações OK [BTC/USDT]: Score=7.3, R:R=2.08
2025-11-23 11:11:05 [INFO] scanner - ⏸️  Throttle ativo [BTC/USDT]:
2025-11-23 11:11:05 [INFO] scanner -    ├─ Último alerta há 1141.4 minutos
2025-11-23 11:11:05 [INFO] scanner -    ├─ Tempo mínimo: 1800 minutos
2025-11-23 11:11:05 [INFO] scanner -    └─ Próximo permitido em: 658.6 minutos
2025-11-23 11:11:07 [WARNING] root - Bloco de componentes falhou: cannot unpack non-iterable int object
2025-11-23 11:11:07 [INFO] scanner - ✅ Validações OK [ETH/USDT]: Score=7.0, R:R=2.00
2025-11-23 11:11:07 [INFO] scanner - ⏸️  Throttle ativo [ETH/USDT]:
2025-11-23 11:11:07 [INFO] scanner -    ├─ Último alerta há 923.5 minutos
2025-11-23 11:11:07 [INFO] scanner -    ├─ Tempo mínimo: 1800 minutos
2025-11-23 11:11:07 [INFO] scanner -    └─ Próximo permitido em: 876.5 minutos
2025-11-23 11:29:37 [INFO] scanner - ============================================================
2025-11-23 11:29:37 [INFO] scanner - 🚀 SCANNER INICIADO
2025-11-23 11:29:37 [INFO] scanner - 📅 Data/Hora: 23/11/2025 11:29:37
2025-11-23 11:29:37 [INFO] scanner - 📂 Log: logs/scanner_2025-11-23.log
2025-11-23 11:29:37 [INFO] scanner - ============================================================
2025-11-23 11:29:37 [INFO] scanner - 📝 PAPER MODE ATIVO - Apenas registro e análise
2025-11-23 11:29:40 [WARNING] root - Bloco de componentes falhou: cannot unpack non-iterable int object
2025-11-23 11:29:40 [INFO] scanner - ✅ Validações OK [BTC/USDT]: Score=7.3, R:R=2.08
2025-11-23 11:29:40 [INFO] scanner - ⏸️  Throttle ativo [BTC/USDT]:
2025-11-23 11:29:40 [INFO] scanner -    ├─ Último alerta há 1160.0 minutos
2025-11-23 11:29:40 [INFO] scanner -    ├─ Tempo mínimo: 1800 minutos
2025-11-23 11:29:40 [INFO] scanner -    └─ Próximo permitido em: 640.0 minutos
2025-11-23 11:29:42 [WARNING] root - Bloco de componentes falhou: cannot unpack non-iterable int object
2025-11-23 11:29:42 [INFO] scanner - ✅ Validações OK [ETH/USDT]: Score=7.0, R:R=2.00
2025-11-23 11:29:42 [INFO] scanner - ⏸️  Throttle ativo [ETH/USDT]:
2025-11-23 11:29:42 [INFO] scanner -    ├─ Último alerta há 942.1 minutos
2025-11-23 11:29:42 [INFO] scanner -    ├─ Tempo mínimo: 1800 minutos
2025-11-23 11:29:42 [INFO] scanner -    └─ Próximo permitido em: 857.9 minutos
