2026-07-15 04:51:59 [INFO] scanner - ============================================================
2026-07-15 04:51:59 [INFO] scanner - 🚀 SCANNER INICIADO
2026-07-15 04:51:59 [INFO] scanner - 📅 Data/Hora: 15/07/2026 04:51:59
2026-07-15 04:51:59 [INFO] scanner - 📂 Log: logs/scanner_2026-07-15.log
2026-07-15 04:51:59 [INFO] scanner - ============================================================
2026-07-15 04:51:59 [INFO] scanner - 📝 PAPER MODE ATIVO - Apenas registro e análise
2026-07-15 04:52:03 [WARNING] root - Bloco de componentes falhou: cannot unpack non-iterable int object
2026-07-15 04:52:03 [INFO] scanner - ✅ Validações OK [BTC/USDT]: Score=7.8, R:R=2.08
2026-07-15 04:52:03 [INFO] scanner - ⏸️  Throttle ativo [BTC/USDT]:
2026-07-15 04:52:03 [INFO] scanner -    ├─ Último alerta há 955.4 minutos
2026-07-15 04:52:03 [INFO] scanner -    ├─ Tempo mínimo: 1800 minutos
2026-07-15 04:52:03 [INFO] scanner -    └─ Próximo permitido em: 844.6 minutos
2026-07-15 04:52:04 [WARNING] root - Bloco de componentes falhou: cannot unpack non-iterable int object
2026-07-15 04:52:04 [INFO] scanner - ✅ Validações OK [BTC/USDT]: Score=7.8, R:R=2.08
2026-07-15 04:52:04 [INFO] scanner - ⏸️  Throttle ativo [BTC/USDT]:
2026-07-15 04:52:04 [INFO] scanner -    ├─ Último alerta há 955.4 minutos
2026-07-15 04:52:04 [INFO] scanner -    ├─ Tempo mínimo: 1800 minutos
2026-07-15 04:52:04 [INFO] scanner -    └─ Próximo permitido em: 844.6 minutos
2026-07-15 04:52:06 [WARNING] root - Bloco de componentes falhou: cannot unpack non-iterable int object
2026-07-15 04:52:06 [INFO] scanner - ✅ Validações OK [ETH/USDT]: Score=7.3, R:R=2.00
2026-07-15 04:52:06 [INFO] scanner - ⏸️  Throttle ativo [ETH/USDT]:
2026-07-15 04:52:06 [INFO] scanner -    ├─ Último alerta há 1147.4 minutos
2026-07-15 04:52:06 [INFO] scanner -    ├─ Tempo mínimo: 1800 minutos
2026-07-15 04:52:06 [INFO] scanner -    └─ Próximo permitido em: 652.6 minutos
2026-07-15 04:52:06 [WARNING] root - Bloco de componentes falhou: cannot unpack non-iterable int object
2026-07-15 04:52:06 [INFO] scanner - ✅ Validações OK [ETH/USDT]: Score=7.3, R:R=2.00
2026-07-15 04:52:06 [INFO] scanner - ⏸️  Throttle ativo [ETH/USDT]:
2026-07-15 04:52:06 [INFO] scanner -    ├─ Último alerta há 1147.4 minutos
2026-07-15 04:52:06 [INFO] scanner -    ├─ Tempo mínimo: 1800 minutos
2026-07-15 04:52:06 [INFO] scanner -    └─ Próximo permitido em: 652.6 minutos
2026-07-15 06:52:01 [INFO] scanner - ============================================================
2026-07-15 06:52:01 [INFO] scanner - 🚀 SCANNER INICIADO
2026-07-15 06:52:01 [INFO] scanner - 📅 Data/Hora: 15/07/2026 06:52:01
2026-07-15 06:52:01 [INFO] scanner - 📂 Log: logs/scanner_2026-07-15.log
2026-07-15 06:52:01 [INFO] scanner - ============================================================
2026-07-15 06:52:01 [INFO] scanner - 📝 PAPER MODE ATIVO - Apenas registro e análise
2026-07-15 06:52:04 [WARNING] root - Bloco de componentes falhou: cannot unpack non-iterable int object
2026-07-15 06:52:04 [INFO] scanner - ✅ Validações OK [BTC/USDT]: Score=7.3, R:R=2.08
2026-07-15 06:52:04 [INFO] scanner - ⏸️  Throttle ativo [BTC/USDT]:
2026-07-15 06:52:04 [INFO] scanner -    ├─ Último alerta há 1075.4 minutos
2026-07-15 06:52:04 [INFO] scanner -    ├─ Tempo mínimo: 1800 minutos
2026-07-15 06:52:04 [INFO] scanner -    └─ Próximo permitido em: 724.6 minutos
2026-07-15 06:52:06 [WARNING] root - Bloco de componentes falhou: cannot unpack non-iterable int object
2026-07-15 06:52:06 [INFO] scanner - ✅ Validações OK [ETH/USDT]: Score=7.3, R:R=2.00
2026-07-15 06:52:06 [INFO] scanner - ⏸️  Throttle ativo [ETH/USDT]:
2026-07-15 06:52:06 [INFO] scanner -    ├─ Último alerta há 1267.4 minutos
2026-07-15 06:52:06 [INFO] scanner -    ├─ Tempo mínimo: 1800 minutos
2026-07-15 06:52:06 [INFO] scanner -    └─ Próximo permitido em: 532.6 minutos
