2026-03-12 03:43:05 [INFO] scanner - ============================================================
2026-03-12 03:43:05 [INFO] scanner - 🚀 SCANNER INICIADO
2026-03-12 03:43:05 [INFO] scanner - 📅 Data/Hora: 12/03/2026 03:43:05
2026-03-12 03:43:05 [INFO] scanner - 📂 Log: logs/scanner_2026-03-12.log
2026-03-12 03:43:05 [INFO] scanner - ============================================================
2026-03-12 03:43:05 [INFO] scanner - 📝 PAPER MODE ATIVO - Apenas registro e análise
2026-03-12 04:35:13 [INFO] scanner - ============================================================
2026-03-12 04:35:13 [INFO] scanner - 🚀 SCANNER INICIADO
2026-03-12 04:35:13 [INFO] scanner - 📅 Data/Hora: 12/03/2026 04:35:13
2026-03-12 04:35:13 [INFO] scanner - 📂 Log: logs/scanner_2026-03-12.log
2026-03-12 04:35:13 [INFO] scanner - ============================================================
2026-03-12 04:35:13 [INFO] scanner - 📝 PAPER MODE ATIVO - Apenas registro e análise
2026-03-12 05:06:50 [INFO] scanner - ============================================================
2026-03-12 05:06:50 [INFO] scanner - 🚀 SCANNER INICIADO
2026-03-12 05:06:50 [INFO] scanner - 📅 Data/Hora: 12/03/2026 05:06:50
2026-03-12 05:06:50 [INFO] scanner - 📂 Log: logs/scanner_2026-03-12.log
2026-03-12 05:06:50 [INFO] scanner - ============================================================
2026-03-12 05:06:50 [INFO] scanner - 📝 PAPER MODE ATIVO - Apenas registro e análise
2026-03-12 06:00:38 [INFO] scanner - ============================================================
2026-03-12 06:00:38 [INFO] scanner - 🚀 SCANNER INICIADO
2026-03-12 06:00:38 [INFO] scanner - 📅 Data/Hora: 12/03/2026 06:00:38
2026-03-12 06:00:38 [INFO] scanner - 📂 Log: logs/scanner_2026-03-12.log
2026-03-12 06:00:38 [INFO] scanner - ============================================================
2026-03-12 06:00:38 [INFO] scanner - 📝 PAPER MODE ATIVO - Apenas registro e análise
2026-03-12 06:59:38 [INFO] scanner - ============================================================
2026-03-12 06:59:38 [INFO] scanner - 🚀 SCANNER INICIADO
2026-03-12 06:59:38 [INFO] scanner - 📅 Data/Hora: 12/03/2026 06:59:38
2026-03-12 06:59:38 [INFO] scanner - 📂 Log: logs/scanner_2026-03-12.log
2026-03-12 06:59:38 [INFO] scanner - ============================================================
2026-03-12 06:59:38 [INFO] scanner - 📝 PAPER MODE ATIVO - Apenas registro e análise
2026-03-12 07:42:27 [INFO] scanner - ============================================================
2026-03-12 07:42:27 [INFO] scanner - 🚀 SCANNER INICIADO
2026-03-12 07:42:27 [INFO] scanner - 📅 Data/Hora: 12/03/2026 07:42:27
2026-03-12 07:42:27 [INFO] scanner - 📂 Log: logs/scanner_2026-03-12.log
2026-03-12 07:42:27 [INFO] scanner - ============================================================
2026-03-12 07:42:27 [INFO] scanner - 📝 PAPER MODE ATIVO - Apenas registro e análise
2026-03-12 07:42:32 [WARNING] root - Bloco de componentes falhou: cannot unpack non-iterable int object
2026-03-12 07:42:32 [INFO] scanner - ✅ Validações OK [ETH/USDT]: Score=7.3, R:R=2.00
2026-03-12 07:42:32 [INFO] scanner - ✅ Throttle OK [ETH/USDT]: Pode enviar
2026-03-12 07:42:33 [INFO] scanner - 📝 Sinal no ledger: 20260312_074233_227908 - ETH/USDT
2026-03-12 07:42:33 [INFO] scanner - 📨 Alerta enviado | ID Ledger: 20260312_074233_227908
