2026-01-02 03:22:19 [INFO] scanner - ============================================================
2026-01-02 03:22:19 [INFO] scanner - 🚀 SCANNER INICIADO
2026-01-02 03:22:19 [INFO] scanner - 📅 Data/Hora: 02/01/2026 03:22:19
2026-01-02 03:22:19 [INFO] scanner - 📂 Log: logs/scanner_2026-01-02.log
2026-01-02 03:22:19 [INFO] scanner - ============================================================
2026-01-02 03:22:19 [INFO] scanner - 📝 PAPER MODE ATIVO - Apenas registro e análise
2026-01-02 03:22:22 [WARNING] root - Bloco de componentes falhou: cannot unpack non-iterable int object
2026-01-02 03:22:22 [INFO] scanner - ✅ Validações OK [BTC/USDT]: Score=7.8, R:R=2.08
2026-01-02 03:22:22 [INFO] scanner - ⏸️  Throttle ativo [BTC/USDT]:
2026-01-02 03:22:22 [INFO] scanner -    ├─ Último alerta há 968.2 minutos
2026-01-02 03:22:22 [INFO] scanner -    ├─ Tempo mínimo: 1800 minutos
2026-01-02 03:22:22 [INFO] scanner -    └─ Próximo permitido em: 831.8 minutos
2026-01-02 03:22:22 [WARNING] root - Bloco de componentes falhou: cannot unpack non-iterable int object
2026-01-02 03:22:22 [INFO] scanner - ✅ Validações OK [BTC/USDT]: Score=7.3, R:R=2.08
2026-01-02 03:22:22 [INFO] scanner - ⏸️  Throttle ativo [BTC/USDT]:
2026-01-02 03:22:22 [INFO] scanner -    ├─ Último alerta há 968.2 minutos
2026-01-02 03:22:22 [INFO] scanner -    ├─ Tempo mínimo: 1800 minutos
2026-01-02 03:22:22 [INFO] scanner -    └─ Próximo permitido em: 831.8 minutos
2026-01-02 03:22:22 [WARNING] root - Bloco de componentes falhou: cannot unpack non-iterable int object
2026-01-02 03:22:22 [INFO] scanner - ✅ Validações OK [BTC/USDT]: Score=7.3, R:R=2.08
2026-01-02 03:22:22 [INFO] scanner - ⏸️  Throttle ativo [BTC/USDT]:
2026-01-02 03:22:22 [INFO] scanner -    ├─ Último alerta há 968.2 minutos
2026-01-02 03:22:22 [INFO] scanner -    ├─ Tempo mínimo: 1800 minutos
2026-01-02 03:22:22 [INFO] scanner -    └─ Próximo permitido em: 831.8 minutos
2026-01-02 03:22:24 [WARNING] root - Bloco de componentes falhou: cannot unpack non-iterable int object
2026-01-02 03:22:24 [INFO] scanner - ✅ Validações OK [ETH/USDT]: Score=7.8, R:R=2.00
2026-01-02 03:22:24 [INFO] scanner - ✅ Throttle OK [ETH/USDT]: Pode enviar
2026-01-02 03:22:25 [WARNING] root - Bloco de componentes falhou: cannot unpack non-iterable int object
2026-01-02 03:22:25 [INFO] scanner - ✅ Validações OK [ETH/USDT]: Score=7.8, R:R=2.00
2026-01-02 03:22:25 [INFO] scanner - ⏸️  Throttle ativo [ETH/USDT]:
2026-01-02 03:22:25 [INFO] scanner -    ├─ Último alerta há 0.0 minutos
2026-01-02 03:22:25 [INFO] scanner -    ├─ Tempo mínimo: 1800 minutos
2026-01-02 03:22:25 [INFO] scanner -    └─ Próximo permitido em: 1800.0 minutos
