2026-04-30 05:06:36 [INFO] scanner - ============================================================
2026-04-30 05:06:36 [INFO] scanner - 🚀 SCANNER INICIADO
2026-04-30 05:06:36 [INFO] scanner - 📅 Data/Hora: 30/04/2026 05:06:36
2026-04-30 05:06:36 [INFO] scanner - 📂 Log: logs/scanner_2026-04-30.log
2026-04-30 05:06:36 [INFO] scanner - ============================================================
2026-04-30 05:06:36 [INFO] scanner - 📝 PAPER MODE ATIVO - Apenas registro e análise
2026-04-30 07:19:18 [INFO] scanner - ============================================================
2026-04-30 07:19:18 [INFO] scanner - 🚀 SCANNER INICIADO
2026-04-30 07:19:18 [INFO] scanner - 📅 Data/Hora: 30/04/2026 07:19:18
2026-04-30 07:19:18 [INFO] scanner - 📂 Log: logs/scanner_2026-04-30.log
2026-04-30 07:19:18 [INFO] scanner - ============================================================
2026-04-30 07:19:18 [INFO] scanner - 📝 PAPER MODE ATIVO - Apenas registro e análise
2026-04-30 08:56:03 [INFO] scanner - ============================================================
2026-04-30 08:56:03 [INFO] scanner - 🚀 SCANNER INICIADO
2026-04-30 08:56:03 [INFO] scanner - 📅 Data/Hora: 30/04/2026 08:56:03
2026-04-30 08:56:03 [INFO] scanner - 📂 Log: logs/scanner_2026-04-30.log
2026-04-30 08:56:03 [INFO] scanner - ============================================================
2026-04-30 08:56:03 [INFO] scanner - 📝 PAPER MODE ATIVO - Apenas registro e análise
2026-04-30 08:56:06 [WARNING] root - Bloco de componentes falhou: cannot unpack non-iterable int object
2026-04-30 08:56:06 [INFO] scanner - ✅ Validações OK [BTC/USDT]: Score=7.3, R:R=2.08
2026-04-30 08:56:06 [INFO] scanner - ⏸️  Throttle ativo [BTC/USDT]:
2026-04-30 08:56:06 [INFO] scanner -    ├─ Último alerta há 878.5 minutos
2026-04-30 08:56:06 [INFO] scanner -    ├─ Tempo mínimo: 1800 minutos
2026-04-30 08:56:06 [INFO] scanner -    └─ Próximo permitido em: 921.5 minutos
