2026-05-14 05:28:22 [INFO] scanner - ============================================================
2026-05-14 05:28:22 [INFO] scanner - 🚀 SCANNER INICIADO
2026-05-14 05:28:22 [INFO] scanner - 📅 Data/Hora: 14/05/2026 05:28:22
2026-05-14 05:28:22 [INFO] scanner - 📂 Log: logs/scanner_2026-05-14.log
2026-05-14 05:28:22 [INFO] scanner - ============================================================
2026-05-14 05:28:22 [INFO] scanner - 📝 PAPER MODE ATIVO - Apenas registro e análise
2026-05-14 05:28:25 [WARNING] root - Bloco de componentes falhou: cannot unpack non-iterable int object
2026-05-14 05:28:25 [INFO] scanner - ✅ Validações OK [BTC/USDT]: Score=7.3, R:R=2.08
2026-05-14 05:28:25 [INFO] scanner - ⏸️  Throttle ativo [BTC/USDT]:
2026-05-14 05:28:25 [INFO] scanner -    ├─ Último alerta há 518.1 minutos
2026-05-14 05:28:25 [INFO] scanner -    ├─ Tempo mínimo: 1800 minutos
2026-05-14 05:28:25 [INFO] scanner -    └─ Próximo permitido em: 1281.9 minutos
2026-05-14 05:28:26 [WARNING] root - Bloco de componentes falhou: cannot unpack non-iterable int object
2026-05-14 05:28:26 [INFO] scanner - ✅ Validações OK [BTC/USDT]: Score=7.3, R:R=2.08
2026-05-14 05:28:26 [INFO] scanner - ⏸️  Throttle ativo [BTC/USDT]:
2026-05-14 05:28:26 [INFO] scanner -    ├─ Último alerta há 518.1 minutos
2026-05-14 05:28:26 [INFO] scanner -    ├─ Tempo mínimo: 1800 minutos
2026-05-14 05:28:26 [INFO] scanner -    └─ Próximo permitido em: 1281.9 minutos
2026-05-14 07:42:16 [INFO] scanner - ============================================================
2026-05-14 07:42:16 [INFO] scanner - 🚀 SCANNER INICIADO
2026-05-14 07:42:16 [INFO] scanner - 📅 Data/Hora: 14/05/2026 07:42:16
2026-05-14 07:42:16 [INFO] scanner - 📂 Log: logs/scanner_2026-05-14.log
2026-05-14 07:42:16 [INFO] scanner - ============================================================
2026-05-14 07:42:16 [INFO] scanner - 📝 PAPER MODE ATIVO - Apenas registro e análise
2026-05-14 07:42:20 [WARNING] root - Bloco de componentes falhou: cannot unpack non-iterable int object
2026-05-14 07:42:20 [INFO] scanner - ✅ Validações OK [BTC/USDT]: Score=7.3, R:R=2.08
2026-05-14 07:42:20 [INFO] scanner - ⏸️  Throttle ativo [BTC/USDT]:
2026-05-14 07:42:20 [INFO] scanner -    ├─ Último alerta há 652.0 minutos
2026-05-14 07:42:20 [INFO] scanner -    ├─ Tempo mínimo: 1800 minutos
2026-05-14 07:42:20 [INFO] scanner -    └─ Próximo permitido em: 1148.0 minutos
