2026-06-17 07:27:17 [INFO] scanner - ============================================================
2026-06-17 07:27:17 [INFO] scanner - 🚀 SCANNER INICIADO
2026-06-17 07:27:17 [INFO] scanner - 📅 Data/Hora: 17/06/2026 07:27:17
2026-06-17 07:27:17 [INFO] scanner - 📂 Log: logs/scanner_2026-06-17.log
2026-06-17 07:27:17 [INFO] scanner - ============================================================
2026-06-17 07:27:17 [INFO] scanner - 📝 PAPER MODE ATIVO - Apenas registro e análise
2026-06-17 11:06:56 [INFO] scanner - ============================================================
2026-06-17 11:06:56 [INFO] scanner - 🚀 SCANNER INICIADO
2026-06-17 11:06:56 [INFO] scanner - 📅 Data/Hora: 17/06/2026 11:06:56
2026-06-17 11:06:56 [INFO] scanner - 📂 Log: logs/scanner_2026-06-17.log
2026-06-17 11:06:56 [INFO] scanner - ============================================================
2026-06-17 11:06:56 [INFO] scanner - 📝 PAPER MODE ATIVO - Apenas registro e análise
2026-06-17 11:07:02 [WARNING] root - Bloco de componentes falhou: cannot unpack non-iterable int object
2026-06-17 11:07:02 [INFO] scanner - ✅ Validações OK [ETH/USDT]: Score=7.3, R:R=2.00
2026-06-17 11:07:02 [INFO] scanner - ⏸️  Throttle ativo [ETH/USDT]:
2026-06-17 11:07:02 [INFO] scanner -    ├─ Último alerta há 1630.8 minutos
2026-06-17 11:07:02 [INFO] scanner -    ├─ Tempo mínimo: 1800 minutos
2026-06-17 11:07:02 [INFO] scanner -    └─ Próximo permitido em: 169.2 minutos
2026-06-17 14:21:06 [INFO] scanner - ============================================================
2026-06-17 14:21:06 [INFO] scanner - 🚀 SCANNER INICIADO
2026-06-17 14:21:06 [INFO] scanner - 📅 Data/Hora: 17/06/2026 14:21:06
2026-06-17 14:21:06 [INFO] scanner - 📂 Log: logs/scanner_2026-06-17.log
2026-06-17 14:21:06 [INFO] scanner - ============================================================
2026-06-17 14:21:06 [INFO] scanner - 📝 PAPER MODE ATIVO - Apenas registro e análise
2026-06-17 14:21:16 [WARNING] root - Bloco de componentes falhou: cannot unpack non-iterable int object
2026-06-17 14:21:16 [INFO] scanner - ✅ Validações OK [BTC/USDT]: Score=7.3, R:R=2.08
2026-06-17 14:21:16 [INFO] scanner - ✅ Throttle OK [BTC/USDT]: Pode enviar
2026-06-17 14:21:16 [INFO] scanner - 📝 Sinal no ledger: 20260617_142116_754806 - BTC/USDT
2026-06-17 14:21:16 [INFO] scanner - 📨 Alerta enviado | ID Ledger: 20260617_142116_754806
