2026-06-21 06:37:46 [INFO] scanner - ============================================================
2026-06-21 06:37:46 [INFO] scanner - 🚀 SCANNER INICIADO
2026-06-21 06:37:46 [INFO] scanner - 📅 Data/Hora: 21/06/2026 06:37:46
2026-06-21 06:37:46 [INFO] scanner - 📂 Log: logs/scanner_2026-06-21.log
2026-06-21 06:37:46 [INFO] scanner - ============================================================
2026-06-21 06:37:46 [INFO] scanner - 📝 PAPER MODE ATIVO - Apenas registro e análise
2026-06-21 06:37:50 [WARNING] root - Bloco de componentes falhou: cannot unpack non-iterable int object
2026-06-21 06:37:50 [INFO] scanner - ✅ Validações OK [BTC/USDT]: Score=7.3, R:R=2.08
2026-06-21 06:37:50 [INFO] scanner - ⏸️  Throttle ativo [BTC/USDT]:
2026-06-21 06:37:50 [INFO] scanner -    ├─ Último alerta há 1010.5 minutos
2026-06-21 06:37:50 [INFO] scanner -    ├─ Tempo mínimo: 1800 minutos
2026-06-21 06:37:50 [INFO] scanner -    └─ Próximo permitido em: 789.5 minutos
2026-06-21 06:37:52 [WARNING] root - Bloco de componentes falhou: cannot unpack non-iterable int object
2026-06-21 06:37:52 [INFO] scanner - ✅ Validações OK [ETH/USDT]: Score=8.5, R:R=2.00
2026-06-21 06:37:52 [INFO] scanner - ⏸️  Throttle ativo [ETH/USDT]:
2026-06-21 06:37:52 [INFO] scanner -    ├─ Último alerta há 1010.5 minutos
2026-06-21 06:37:52 [INFO] scanner -    ├─ Tempo mínimo: 1800 minutos
2026-06-21 06:37:52 [INFO] scanner -    └─ Próximo permitido em: 789.5 minutos
2026-06-21 06:37:53 [WARNING] root - Bloco de componentes falhou: cannot unpack non-iterable int object
2026-06-21 06:37:53 [INFO] scanner - ✅ Validações OK [ETH/USDT]: Score=7.0, R:R=2.00
2026-06-21 06:37:53 [INFO] scanner - ⏸️  Throttle ativo [ETH/USDT]:
2026-06-21 06:37:53 [INFO] scanner -    ├─ Último alerta há 1010.5 minutos
2026-06-21 06:37:53 [INFO] scanner -    ├─ Tempo mínimo: 1800 minutos
2026-06-21 06:37:53 [INFO] scanner -    └─ Próximo permitido em: 789.5 minutos
2026-06-21 09:01:20 [INFO] scanner - ============================================================
2026-06-21 09:01:20 [INFO] scanner - 🚀 SCANNER INICIADO
2026-06-21 09:01:20 [INFO] scanner - 📅 Data/Hora: 21/06/2026 09:01:20
2026-06-21 09:01:20 [INFO] scanner - 📂 Log: logs/scanner_2026-06-21.log
2026-06-21 09:01:20 [INFO] scanner - ============================================================
2026-06-21 09:01:20 [INFO] scanner - 📝 PAPER MODE ATIVO - Apenas registro e análise
2026-06-21 09:01:24 [WARNING] root - Bloco de componentes falhou: cannot unpack non-iterable int object
2026-06-21 09:01:24 [INFO] scanner - ✅ Validações OK [BTC/USDT]: Score=7.0, R:R=2.08
2026-06-21 09:01:24 [INFO] scanner - ⏸️  Throttle ativo [BTC/USDT]:
2026-06-21 09:01:24 [INFO] scanner -    ├─ Último alerta há 1154.1 minutos
2026-06-21 09:01:24 [INFO] scanner -    ├─ Tempo mínimo: 1800 minutos
2026-06-21 09:01:24 [INFO] scanner -    └─ Próximo permitido em: 645.9 minutos
2026-06-21 11:32:50 [INFO] scanner - ============================================================
2026-06-21 11:32:50 [INFO] scanner - 🚀 SCANNER INICIADO
2026-06-21 11:32:50 [INFO] scanner - 📅 Data/Hora: 21/06/2026 11:32:50
2026-06-21 11:32:50 [INFO] scanner - 📂 Log: logs/scanner_2026-06-21.log
2026-06-21 11:32:50 [INFO] scanner - ============================================================
2026-06-21 11:32:50 [INFO] scanner - 📝 PAPER MODE ATIVO - Apenas registro e análise
2026-06-21 11:32:53 [WARNING] root - Bloco de componentes falhou: cannot unpack non-iterable int object
2026-06-21 11:32:53 [INFO] scanner - ✅ Validações OK [BTC/USDT]: Score=7.3, R:R=2.08
2026-06-21 11:32:53 [INFO] scanner - ⏸️  Throttle ativo [BTC/USDT]:
2026-06-21 11:32:53 [INFO] scanner -    ├─ Último alerta há 1305.6 minutos
2026-06-21 11:32:53 [INFO] scanner -    ├─ Tempo mínimo: 1800 minutos
2026-06-21 11:32:53 [INFO] scanner -    └─ Próximo permitido em: 494.4 minutos
2026-06-21 13:19:41 [INFO] scanner - ============================================================
2026-06-21 13:19:41 [INFO] scanner - 🚀 SCANNER INICIADO
2026-06-21 13:19:41 [INFO] scanner - 📅 Data/Hora: 21/06/2026 13:19:41
2026-06-21 13:19:41 [INFO] scanner - 📂 Log: logs/scanner_2026-06-21.log
2026-06-21 13:19:41 [INFO] scanner - ============================================================
2026-06-21 13:19:41 [INFO] scanner - 📝 PAPER MODE ATIVO - Apenas registro e análise
2026-06-21 13:19:44 [WARNING] root - Bloco de componentes falhou: cannot unpack non-iterable int object
2026-06-21 13:19:44 [INFO] scanner - ✅ Validações OK [BTC/USDT]: Score=7.3, R:R=2.08
2026-06-21 13:19:44 [INFO] scanner - ⏸️  Throttle ativo [BTC/USDT]:
2026-06-21 13:19:44 [INFO] scanner -    ├─ Último alerta há 1412.4 minutos
2026-06-21 13:19:44 [INFO] scanner -    ├─ Tempo mínimo: 1800 minutos
2026-06-21 13:19:44 [INFO] scanner -    └─ Próximo permitido em: 387.6 minutos
2026-06-21 15:02:03 [INFO] scanner - ============================================================
2026-06-21 15:02:03 [INFO] scanner - 🚀 SCANNER INICIADO
2026-06-21 15:02:03 [INFO] scanner - 📅 Data/Hora: 21/06/2026 15:02:03
2026-06-21 15:02:03 [INFO] scanner - 📂 Log: logs/scanner_2026-06-21.log
2026-06-21 15:02:03 [INFO] scanner - ============================================================
2026-06-21 15:02:03 [INFO] scanner - 📝 PAPER MODE ATIVO - Apenas registro e análise
2026-06-21 15:02:07 [WARNING] root - Bloco de componentes falhou: cannot unpack non-iterable int object
2026-06-21 15:02:07 [INFO] scanner - ✅ Validações OK [BTC/USDT]: Score=7.0, R:R=2.08
2026-06-21 15:02:07 [INFO] scanner - ⏸️  Throttle ativo [BTC/USDT]:
2026-06-21 15:02:07 [INFO] scanner -    ├─ Último alerta há 1514.8 minutos
2026-06-21 15:02:07 [INFO] scanner -    ├─ Tempo mínimo: 1800 minutos
2026-06-21 15:02:07 [INFO] scanner -    └─ Próximo permitido em: 285.2 minutos
2026-06-21 17:00:03 [INFO] scanner - ============================================================
2026-06-21 17:00:03 [INFO] scanner - 🚀 SCANNER INICIADO
2026-06-21 17:00:03 [INFO] scanner - 📅 Data/Hora: 21/06/2026 17:00:03
2026-06-21 17:00:03 [INFO] scanner - 📂 Log: logs/scanner_2026-06-21.log
2026-06-21 17:00:03 [INFO] scanner - ============================================================
2026-06-21 17:00:03 [INFO] scanner - 📝 PAPER MODE ATIVO - Apenas registro e análise
2026-06-21 17:00:08 [WARNING] root - Bloco de componentes falhou: cannot unpack non-iterable int object
2026-06-21 17:00:08 [INFO] scanner - ✅ Validações OK [BTC/USDT]: Score=7.0, R:R=2.08
2026-06-21 17:00:08 [INFO] scanner - ⏸️  Throttle ativo [BTC/USDT]:
2026-06-21 17:00:08 [INFO] scanner -    ├─ Último alerta há 1632.8 minutos
2026-06-21 17:00:08 [INFO] scanner -    ├─ Tempo mínimo: 1800 minutos
2026-06-21 17:00:08 [INFO] scanner -    └─ Próximo permitido em: 167.2 minutos
2026-06-21 18:18:58 [INFO] scanner - ============================================================
2026-06-21 18:18:58 [INFO] scanner - 🚀 SCANNER INICIADO
2026-06-21 18:18:58 [INFO] scanner - 📅 Data/Hora: 21/06/2026 18:18:58
2026-06-21 18:18:58 [INFO] scanner - 📂 Log: logs/scanner_2026-06-21.log
2026-06-21 18:18:58 [INFO] scanner - ============================================================
2026-06-21 18:18:58 [INFO] scanner - 📝 PAPER MODE ATIVO - Apenas registro e análise
2026-06-21 18:19:03 [WARNING] root - Bloco de componentes falhou: cannot unpack non-iterable int object
2026-06-21 18:19:03 [INFO] scanner - ✅ Validações OK [ETH/USDT]: Score=7.3, R:R=2.00
2026-06-21 18:19:03 [INFO] scanner - ⏸️  Throttle ativo [ETH/USDT]:
2026-06-21 18:19:03 [INFO] scanner -    ├─ Último alerta há 1711.7 minutos
2026-06-21 18:19:03 [INFO] scanner -    ├─ Tempo mínimo: 1800 minutos
2026-06-21 18:19:03 [INFO] scanner -    └─ Próximo permitido em: 88.3 minutos
2026-06-21 19:40:46 [INFO] scanner - ============================================================
2026-06-21 19:40:46 [INFO] scanner - 🚀 SCANNER INICIADO
2026-06-21 19:40:46 [INFO] scanner - 📅 Data/Hora: 21/06/2026 19:40:46
2026-06-21 19:40:46 [INFO] scanner - 📂 Log: logs/scanner_2026-06-21.log
2026-06-21 19:40:46 [INFO] scanner - ============================================================
2026-06-21 19:40:46 [INFO] scanner - 📝 PAPER MODE ATIVO - Apenas registro e análise
2026-06-21 20:56:08 [INFO] scanner - ============================================================
2026-06-21 20:56:08 [INFO] scanner - 🚀 SCANNER INICIADO
2026-06-21 20:56:08 [INFO] scanner - 📅 Data/Hora: 21/06/2026 20:56:08
2026-06-21 20:56:08 [INFO] scanner - 📂 Log: logs/scanner_2026-06-21.log
2026-06-21 20:56:08 [INFO] scanner - ============================================================
2026-06-21 20:56:08 [INFO] scanner - 📝 PAPER MODE ATIVO - Apenas registro e análise
2026-06-21 20:56:14 [WARNING] root - Bloco de componentes falhou: cannot unpack non-iterable int object
2026-06-21 20:56:14 [INFO] scanner - ✅ Validações OK [ETH/USDT]: Score=7.3, R:R=2.00
2026-06-21 20:56:14 [INFO] scanner - ✅ Throttle OK [ETH/USDT]: Pode enviar
2026-06-21 20:56:14 [INFO] scanner - 📝 Sinal no ledger: 20260621_205614_732426 - ETH/USDT
2026-06-21 20:56:14 [INFO] scanner - 📨 Alerta enviado | ID Ledger: 20260621_205614_732426
