2026-05-20 05:54:42 [INFO] scanner - ============================================================
2026-05-20 05:54:42 [INFO] scanner - 🚀 SCANNER INICIADO
2026-05-20 05:54:42 [INFO] scanner - 📅 Data/Hora: 20/05/2026 05:54:42
2026-05-20 05:54:42 [INFO] scanner - 📂 Log: logs/scanner_2026-05-20.log
2026-05-20 05:54:42 [INFO] scanner - ============================================================
2026-05-20 05:54:42 [INFO] scanner - 📝 PAPER MODE ATIVO - Apenas registro e análise
2026-05-20 05:54:45 [WARNING] root - Bloco de componentes falhou: cannot unpack non-iterable int object
2026-05-20 05:54:45 [INFO] scanner - ✅ Validações OK [BTC/USDT]: Score=7.3, R:R=2.08
2026-05-20 05:54:45 [INFO] scanner - ✅ Throttle OK [BTC/USDT]: Pode enviar
2026-05-20 05:54:46 [INFO] scanner - 📝 Sinal no ledger: 20260520_055446_329140 - BTC/USDT
2026-05-20 05:54:46 [INFO] scanner - 📨 Alerta enviado | ID Ledger: 20260520_055446_329140
2026-05-20 05:54:48 [WARNING] root - Bloco de componentes falhou: cannot unpack non-iterable int object
2026-05-20 05:54:48 [INFO] scanner - ✅ Validações OK [ETH/USDT]: Score=7.3, R:R=2.00
2026-05-20 05:54:48 [INFO] scanner - ⏸️  Throttle ativo [ETH/USDT]:
2026-05-20 05:54:48 [INFO] scanner -    ├─ Último alerta há 1434.6 minutos
2026-05-20 05:54:48 [INFO] scanner -    ├─ Tempo mínimo: 1800 minutos
2026-05-20 05:54:48 [INFO] scanner -    └─ Próximo permitido em: 365.4 minutos
2026-05-20 08:43:11 [INFO] scanner - ============================================================
2026-05-20 08:43:11 [INFO] scanner - 🚀 SCANNER INICIADO
2026-05-20 08:43:11 [INFO] scanner - 📅 Data/Hora: 20/05/2026 08:43:11
2026-05-20 08:43:11 [INFO] scanner - 📂 Log: logs/scanner_2026-05-20.log
2026-05-20 08:43:11 [INFO] scanner - ============================================================
2026-05-20 08:43:11 [INFO] scanner - 📝 PAPER MODE ATIVO - Apenas registro e análise
2026-05-20 08:43:15 [WARNING] root - Bloco de componentes falhou: cannot unpack non-iterable int object
2026-05-20 08:43:15 [INFO] scanner - ✅ Validações OK [BTC/USDT]: Score=7.3, R:R=2.08
2026-05-20 08:43:15 [INFO] scanner - ⏸️  Throttle ativo [BTC/USDT]:
2026-05-20 08:43:15 [INFO] scanner -    ├─ Último alerta há 168.5 minutos
2026-05-20 08:43:15 [INFO] scanner -    ├─ Tempo mínimo: 1800 minutos
2026-05-20 08:43:15 [INFO] scanner -    └─ Próximo permitido em: 1631.5 minutos
2026-05-20 08:43:17 [WARNING] root - Bloco de componentes falhou: cannot unpack non-iterable int object
2026-05-20 08:43:17 [INFO] scanner - ✅ Validações OK [ETH/USDT]: Score=7.3, R:R=2.00
2026-05-20 08:43:17 [INFO] scanner - ⏸️  Throttle ativo [ETH/USDT]:
2026-05-20 08:43:17 [INFO] scanner -    ├─ Último alerta há 1603.1 minutos
2026-05-20 08:43:17 [INFO] scanner -    ├─ Tempo mínimo: 1800 minutos
2026-05-20 08:43:17 [INFO] scanner -    └─ Próximo permitido em: 196.9 minutos
2026-05-20 11:17:41 [INFO] scanner - ============================================================
2026-05-20 11:17:41 [INFO] scanner - 🚀 SCANNER INICIADO
2026-05-20 11:17:41 [INFO] scanner - 📅 Data/Hora: 20/05/2026 11:17:41
2026-05-20 11:17:41 [INFO] scanner - 📂 Log: logs/scanner_2026-05-20.log
2026-05-20 11:17:41 [INFO] scanner - ============================================================
2026-05-20 11:17:41 [INFO] scanner - 📝 PAPER MODE ATIVO - Apenas registro e análise
2026-05-20 11:17:45 [WARNING] root - Bloco de componentes falhou: cannot unpack non-iterable int object
2026-05-20 11:17:45 [INFO] scanner - ✅ Validações OK [BTC/USDT]: Score=7.3, R:R=2.08
2026-05-20 11:17:45 [INFO] scanner - ⏸️  Throttle ativo [BTC/USDT]:
2026-05-20 11:17:45 [INFO] scanner -    ├─ Último alerta há 323.0 minutos
2026-05-20 11:17:45 [INFO] scanner -    ├─ Tempo mínimo: 1800 minutos
2026-05-20 11:17:45 [INFO] scanner -    └─ Próximo permitido em: 1477.0 minutos
2026-05-20 11:17:47 [WARNING] root - Bloco de componentes falhou: cannot unpack non-iterable int object
2026-05-20 11:17:47 [INFO] scanner - ✅ Validações OK [ETH/USDT]: Score=7.3, R:R=2.00
2026-05-20 11:17:47 [INFO] scanner - ⏸️  Throttle ativo [ETH/USDT]:
2026-05-20 11:17:47 [INFO] scanner -    ├─ Último alerta há 1757.6 minutos
2026-05-20 11:17:47 [INFO] scanner -    ├─ Tempo mínimo: 1800 minutos
2026-05-20 11:17:47 [INFO] scanner -    └─ Próximo permitido em: 42.4 minutos
2026-05-20 14:36:36 [INFO] scanner - ============================================================
2026-05-20 14:36:36 [INFO] scanner - 🚀 SCANNER INICIADO
2026-05-20 14:36:36 [INFO] scanner - 📅 Data/Hora: 20/05/2026 14:36:36
2026-05-20 14:36:36 [INFO] scanner - 📂 Log: logs/scanner_2026-05-20.log
2026-05-20 14:36:36 [INFO] scanner - ============================================================
2026-05-20 14:36:36 [INFO] scanner - 📝 PAPER MODE ATIVO - Apenas registro e análise
2026-05-20 14:36:40 [WARNING] root - Bloco de componentes falhou: cannot unpack non-iterable int object
2026-05-20 14:36:40 [INFO] scanner - ✅ Validações OK [BTC/USDT]: Score=7.3, R:R=2.08
2026-05-20 14:36:40 [INFO] scanner - ⏸️  Throttle ativo [BTC/USDT]:
2026-05-20 14:36:40 [INFO] scanner -    ├─ Último alerta há 521.9 minutos
2026-05-20 14:36:40 [INFO] scanner -    ├─ Tempo mínimo: 1800 minutos
2026-05-20 14:36:40 [INFO] scanner -    └─ Próximo permitido em: 1278.1 minutos
2026-05-20 14:36:43 [WARNING] root - Bloco de componentes falhou: cannot unpack non-iterable int object
2026-05-20 14:36:43 [INFO] scanner - ✅ Validações OK [ETH/USDT]: Score=7.3, R:R=2.00
2026-05-20 14:36:43 [INFO] scanner - ✅ Throttle OK [ETH/USDT]: Pode enviar
2026-05-20 14:36:43 [INFO] scanner - 📝 Sinal no ledger: 20260520_143643_708168 - ETH/USDT
2026-05-20 14:36:43 [INFO] scanner - 📨 Alerta enviado | ID Ledger: 20260520_143643_708168
