2026-06-08 07:19:30 [INFO] scanner - ============================================================
2026-06-08 07:19:30 [INFO] scanner - 🚀 SCANNER INICIADO
2026-06-08 07:19:30 [INFO] scanner - 📅 Data/Hora: 08/06/2026 07:19:30
2026-06-08 07:19:30 [INFO] scanner - 📂 Log: logs/scanner_2026-06-08.log
2026-06-08 07:19:30 [INFO] scanner - ============================================================
2026-06-08 07:19:30 [INFO] scanner - 📝 PAPER MODE ATIVO - Apenas registro e análise
2026-06-08 07:19:34 [WARNING] root - Bloco de componentes falhou: cannot unpack non-iterable int object
2026-06-08 07:19:34 [INFO] scanner - ✅ Validações OK [BTC/USDT]: Score=7.3, R:R=2.08
2026-06-08 07:19:34 [INFO] scanner - ⏸️  Throttle ativo [BTC/USDT]:
2026-06-08 07:19:34 [INFO] scanner -    ├─ Último alerta há 1533.7 minutos
2026-06-08 07:19:34 [INFO] scanner -    ├─ Tempo mínimo: 1800 minutos
2026-06-08 07:19:34 [INFO] scanner -    └─ Próximo permitido em: 266.3 minutos
2026-06-08 07:19:36 [WARNING] root - Bloco de componentes falhou: cannot unpack non-iterable int object
2026-06-08 07:19:36 [INFO] scanner - ✅ Validações OK [ETH/USDT]: Score=7.3, R:R=2.00
2026-06-08 07:19:36 [INFO] scanner - ⏸️  Throttle ativo [ETH/USDT]:
2026-06-08 07:19:36 [INFO] scanner -    ├─ Último alerta há 1533.7 minutos
2026-06-08 07:19:36 [INFO] scanner -    ├─ Tempo mínimo: 1800 minutos
2026-06-08 07:19:36 [INFO] scanner -    └─ Próximo permitido em: 266.3 minutos
2026-06-08 11:32:22 [INFO] scanner - ============================================================
2026-06-08 11:32:22 [INFO] scanner - 🚀 SCANNER INICIADO
2026-06-08 11:32:22 [INFO] scanner - 📅 Data/Hora: 08/06/2026 11:32:22
2026-06-08 11:32:22 [INFO] scanner - 📂 Log: logs/scanner_2026-06-08.log
2026-06-08 11:32:22 [INFO] scanner - ============================================================
2026-06-08 11:32:22 [INFO] scanner - 📝 PAPER MODE ATIVO - Apenas registro e análise
2026-06-08 11:32:26 [WARNING] root - Bloco de componentes falhou: cannot unpack non-iterable int object
2026-06-08 11:32:26 [INFO] scanner - ✅ Validações OK [BTC/USDT]: Score=7.3, R:R=2.08
2026-06-08 11:32:26 [INFO] scanner - ⏸️  Throttle ativo [BTC/USDT]:
2026-06-08 11:32:26 [INFO] scanner -    ├─ Último alerta há 1786.6 minutos
2026-06-08 11:32:26 [INFO] scanner -    ├─ Tempo mínimo: 1800 minutos
2026-06-08 11:32:26 [INFO] scanner -    └─ Próximo permitido em: 13.4 minutos
2026-06-08 11:32:28 [WARNING] root - Bloco de componentes falhou: cannot unpack non-iterable int object
2026-06-08 11:32:28 [INFO] scanner - ✅ Validações OK [ETH/USDT]: Score=7.3, R:R=2.00
2026-06-08 11:32:28 [INFO] scanner - ⏸️  Throttle ativo [ETH/USDT]:
2026-06-08 11:32:28 [INFO] scanner -    ├─ Último alerta há 1786.6 minutos
2026-06-08 11:32:28 [INFO] scanner -    ├─ Tempo mínimo: 1800 minutos
2026-06-08 11:32:28 [INFO] scanner -    └─ Próximo permitido em: 13.4 minutos
