2026-02-27 03:41:41 [INFO] scanner - ============================================================
2026-02-27 03:41:41 [INFO] scanner - 🚀 SCANNER INICIADO
2026-02-27 03:41:41 [INFO] scanner - 📅 Data/Hora: 27/02/2026 03:41:41
2026-02-27 03:41:41 [INFO] scanner - 📂 Log: logs/scanner_2026-02-27.log
2026-02-27 03:41:41 [INFO] scanner - ============================================================
2026-02-27 03:41:41 [INFO] scanner - 📝 PAPER MODE ATIVO - Apenas registro e análise
2026-02-27 03:41:45 [WARNING] root - Bloco de componentes falhou: cannot unpack non-iterable int object
2026-02-27 03:41:45 [INFO] scanner - ✅ Validações OK [BTC/USDT]: Score=7.3, R:R=2.08
2026-02-27 03:41:45 [INFO] scanner - ✅ Throttle OK [BTC/USDT]: Pode enviar
2026-02-27 03:41:45 [INFO] scanner - 📝 Sinal no ledger: 20260227_034145_945699 - BTC/USDT
2026-02-27 03:41:45 [INFO] scanner - 📨 Alerta enviado | ID Ledger: 20260227_034145_945699
2026-02-27 03:41:48 [WARNING] root - Bloco de componentes falhou: cannot unpack non-iterable int object
2026-02-27 03:41:48 [INFO] scanner - ✅ Validações OK [ETH/USDT]: Score=7.3, R:R=2.00
2026-02-27 03:41:48 [INFO] scanner - ✅ Throttle OK [ETH/USDT]: Pode enviar
2026-02-27 03:41:48 [INFO] scanner - 📝 Sinal no ledger: 20260227_034148_791890 - ETH/USDT
2026-02-27 03:41:48 [INFO] scanner - 📨 Alerta enviado | ID Ledger: 20260227_034148_791890
2026-02-27 04:33:40 [INFO] scanner - ============================================================
2026-02-27 04:33:40 [INFO] scanner - 🚀 SCANNER INICIADO
2026-02-27 04:33:40 [INFO] scanner - 📅 Data/Hora: 27/02/2026 04:33:40
2026-02-27 04:33:40 [INFO] scanner - 📂 Log: logs/scanner_2026-02-27.log
2026-02-27 04:33:40 [INFO] scanner - ============================================================
2026-02-27 04:33:40 [INFO] scanner - 📝 PAPER MODE ATIVO - Apenas registro e análise
2026-02-27 04:33:43 [WARNING] root - Bloco de componentes falhou: cannot unpack non-iterable int object
2026-02-27 04:33:43 [INFO] scanner - ✅ Validações OK [BTC/USDT]: Score=7.3, R:R=2.08
2026-02-27 04:33:43 [INFO] scanner - ⏸️  Throttle ativo [BTC/USDT]:
2026-02-27 04:33:43 [INFO] scanner -    ├─ Último alerta há 52.0 minutos
2026-02-27 04:33:43 [INFO] scanner -    ├─ Tempo mínimo: 1800 minutos
2026-02-27 04:33:43 [INFO] scanner -    └─ Próximo permitido em: 1748.0 minutos
2026-02-27 04:33:45 [WARNING] root - Bloco de componentes falhou: cannot unpack non-iterable int object
2026-02-27 04:33:45 [INFO] scanner - ✅ Validações OK [ETH/USDT]: Score=7.3, R:R=2.00
2026-02-27 04:33:45 [INFO] scanner - ⏸️  Throttle ativo [ETH/USDT]:
2026-02-27 04:33:45 [INFO] scanner -    ├─ Último alerta há 52.0 minutos
2026-02-27 04:33:45 [INFO] scanner -    ├─ Tempo mínimo: 1800 minutos
2026-02-27 04:33:45 [INFO] scanner -    └─ Próximo permitido em: 1748.0 minutos
2026-02-27 05:06:26 [INFO] scanner - ============================================================
2026-02-27 05:06:26 [INFO] scanner - 🚀 SCANNER INICIADO
2026-02-27 05:06:26 [INFO] scanner - 📅 Data/Hora: 27/02/2026 05:06:26
2026-02-27 05:06:26 [INFO] scanner - 📂 Log: logs/scanner_2026-02-27.log
2026-02-27 05:06:26 [INFO] scanner - ============================================================
2026-02-27 05:06:26 [INFO] scanner - 📝 PAPER MODE ATIVO - Apenas registro e análise
2026-02-27 05:06:29 [WARNING] root - Bloco de componentes falhou: cannot unpack non-iterable int object
2026-02-27 05:06:29 [INFO] scanner - ✅ Validações OK [BTC/USDT]: Score=7.3, R:R=2.08
2026-02-27 05:06:29 [INFO] scanner - ⏸️  Throttle ativo [BTC/USDT]:
2026-02-27 05:06:29 [INFO] scanner -    ├─ Último alerta há 84.7 minutos
2026-02-27 05:06:29 [INFO] scanner -    ├─ Tempo mínimo: 1800 minutos
2026-02-27 05:06:29 [INFO] scanner -    └─ Próximo permitido em: 1715.3 minutos
2026-02-27 05:06:31 [WARNING] root - Bloco de componentes falhou: cannot unpack non-iterable int object
2026-02-27 05:06:31 [INFO] scanner - ✅ Validações OK [ETH/USDT]: Score=7.3, R:R=2.00
2026-02-27 05:06:31 [INFO] scanner - ⏸️  Throttle ativo [ETH/USDT]:
2026-02-27 05:06:31 [INFO] scanner -    ├─ Último alerta há 84.7 minutos
2026-02-27 05:06:31 [INFO] scanner -    ├─ Tempo mínimo: 1800 minutos
2026-02-27 05:06:31 [INFO] scanner -    └─ Próximo permitido em: 1715.3 minutos
2026-02-27 05:06:32 [WARNING] root - Bloco de componentes falhou: cannot unpack non-iterable int object
2026-02-27 05:06:32 [INFO] scanner - ✅ Validações OK [ETH/USDT]: Score=7.3, R:R=2.00
2026-02-27 05:06:32 [INFO] scanner - ⏸️  Throttle ativo [ETH/USDT]:
2026-02-27 05:06:32 [INFO] scanner -    ├─ Último alerta há 84.7 minutos
2026-02-27 05:06:32 [INFO] scanner -    ├─ Tempo mínimo: 1800 minutos
2026-02-27 05:06:32 [INFO] scanner -    └─ Próximo permitido em: 1715.3 minutos
