2025-11-28 03:21:13 [INFO] scanner - ============================================================
2025-11-28 03:21:13 [INFO] scanner - 🚀 SCANNER INICIADO
2025-11-28 03:21:13 [INFO] scanner - 📅 Data/Hora: 28/11/2025 03:21:13
2025-11-28 03:21:13 [INFO] scanner - 📂 Log: logs/scanner_2025-11-28.log
2025-11-28 03:21:13 [INFO] scanner - ============================================================
2025-11-28 03:21:13 [INFO] scanner - 📝 PAPER MODE ATIVO - Apenas registro e análise
2025-11-28 03:21:17 [WARNING] root - Bloco de componentes falhou: cannot unpack non-iterable int object
2025-11-28 03:21:17 [INFO] scanner - ✅ Validações OK [BTC/USDT]: Score=7.0, R:R=2.08
2025-11-28 03:21:17 [INFO] scanner - ✅ Throttle OK [BTC/USDT]: Pode enviar
2025-11-28 03:21:17 [INFO] scanner - 📝 Sinal no ledger: 20251128_032117_595128 - BTC/USDT
2025-11-28 03:21:17 [INFO] scanner - 📨 Alerta enviado | ID Ledger: 20251128_032117_595128
2025-11-28 03:51:17 [INFO] scanner - ============================================================
2025-11-28 03:51:17 [INFO] scanner - 🚀 SCANNER INICIADO
2025-11-28 03:51:17 [INFO] scanner - 📅 Data/Hora: 28/11/2025 03:51:17
2025-11-28 03:51:17 [INFO] scanner - 📂 Log: logs/scanner_2025-11-28.log
2025-11-28 03:51:17 [INFO] scanner - ============================================================
2025-11-28 03:51:17 [INFO] scanner - 📝 PAPER MODE ATIVO - Apenas registro e análise
2025-11-28 03:51:20 [WARNING] root - Bloco de componentes falhou: cannot unpack non-iterable int object
2025-11-28 03:51:20 [INFO] scanner - ✅ Validações OK [BTC/USDT]: Score=7.0, R:R=2.08
2025-11-28 03:51:20 [INFO] scanner - ⏸️  Throttle ativo [BTC/USDT]:
2025-11-28 03:51:20 [INFO] scanner -    ├─ Último alerta há 30.1 minutos
2025-11-28 03:51:20 [INFO] scanner -    ├─ Tempo mínimo: 1800 minutos
2025-11-28 03:51:20 [INFO] scanner -    └─ Próximo permitido em: 1769.9 minutos
2025-11-28 04:14:10 [INFO] scanner - ============================================================
2025-11-28 04:14:10 [INFO] scanner - 🚀 SCANNER INICIADO
2025-11-28 04:14:10 [INFO] scanner - 📅 Data/Hora: 28/11/2025 04:14:10
2025-11-28 04:14:10 [INFO] scanner - 📂 Log: logs/scanner_2025-11-28.log
2025-11-28 04:14:10 [INFO] scanner - ============================================================
2025-11-28 04:14:10 [INFO] scanner - 📝 PAPER MODE ATIVO - Apenas registro e análise
2025-11-28 04:14:13 [WARNING] root - Bloco de componentes falhou: cannot unpack non-iterable int object
2025-11-28 04:14:13 [INFO] scanner - ✅ Validações OK [BTC/USDT]: Score=7.0, R:R=2.08
2025-11-28 04:14:13 [INFO] scanner - ⏸️  Throttle ativo [BTC/USDT]:
2025-11-28 04:14:13 [INFO] scanner -    ├─ Último alerta há 52.9 minutos
2025-11-28 04:14:13 [INFO] scanner -    ├─ Tempo mínimo: 1800 minutos
2025-11-28 04:14:13 [INFO] scanner -    └─ Próximo permitido em: 1747.1 minutos
2025-11-28 04:31:56 [INFO] scanner - ============================================================
2025-11-28 04:31:56 [INFO] scanner - 🚀 SCANNER INICIADO
2025-11-28 04:31:56 [INFO] scanner - 📅 Data/Hora: 28/11/2025 04:31:56
2025-11-28 04:31:56 [INFO] scanner - 📂 Log: logs/scanner_2025-11-28.log
2025-11-28 04:31:56 [INFO] scanner - ============================================================
2025-11-28 04:31:56 [INFO] scanner - 📝 PAPER MODE ATIVO - Apenas registro e análise
2025-11-28 04:32:00 [WARNING] root - Bloco de componentes falhou: cannot unpack non-iterable int object
2025-11-28 04:32:00 [INFO] scanner - ✅ Validações OK [BTC/USDT]: Score=7.0, R:R=2.08
2025-11-28 04:32:00 [INFO] scanner - ⏸️  Throttle ativo [BTC/USDT]:
2025-11-28 04:32:00 [INFO] scanner -    ├─ Último alerta há 70.7 minutos
2025-11-28 04:32:00 [INFO] scanner -    ├─ Tempo mínimo: 1800 minutos
2025-11-28 04:32:00 [INFO] scanner -    └─ Próximo permitido em: 1729.3 minutos
2025-11-28 04:48:18 [INFO] scanner - ============================================================
2025-11-28 04:48:18 [INFO] scanner - 🚀 SCANNER INICIADO
2025-11-28 04:48:18 [INFO] scanner - 📅 Data/Hora: 28/11/2025 04:48:18
2025-11-28 04:48:18 [INFO] scanner - 📂 Log: logs/scanner_2025-11-28.log
2025-11-28 04:48:18 [INFO] scanner - ============================================================
2025-11-28 04:48:18 [INFO] scanner - 📝 PAPER MODE ATIVO - Apenas registro e análise
2025-11-28 04:48:22 [WARNING] root - Bloco de componentes falhou: cannot unpack non-iterable int object
2025-11-28 04:48:22 [INFO] scanner - ✅ Validações OK [BTC/USDT]: Score=7.0, R:R=2.08
2025-11-28 04:48:22 [INFO] scanner - ⏸️  Throttle ativo [BTC/USDT]:
2025-11-28 04:48:22 [INFO] scanner -    ├─ Último alerta há 87.1 minutos
2025-11-28 04:48:22 [INFO] scanner -    ├─ Tempo mínimo: 1800 minutos
2025-11-28 04:48:22 [INFO] scanner -    └─ Próximo permitido em: 1712.9 minutos
2025-11-28 04:48:22 [WARNING] root - Bloco de componentes falhou: cannot unpack non-iterable int object
2025-11-28 04:48:22 [INFO] scanner - ✅ Validações OK [BTC/USDT]: Score=7.0, R:R=2.08
2025-11-28 04:48:22 [INFO] scanner - ⏸️  Throttle ativo [BTC/USDT]:
2025-11-28 04:48:22 [INFO] scanner -    ├─ Último alerta há 87.1 minutos
2025-11-28 04:48:22 [INFO] scanner -    ├─ Tempo mínimo: 1800 minutos
2025-11-28 04:48:22 [INFO] scanner -    └─ Próximo permitido em: 1712.9 minutos
2025-11-28 05:19:08 [INFO] scanner - ============================================================
2025-11-28 05:19:08 [INFO] scanner - 🚀 SCANNER INICIADO
2025-11-28 05:19:08 [INFO] scanner - 📅 Data/Hora: 28/11/2025 05:19:08
2025-11-28 05:19:08 [INFO] scanner - 📂 Log: logs/scanner_2025-11-28.log
2025-11-28 05:19:08 [INFO] scanner - ============================================================
2025-11-28 05:19:08 [INFO] scanner - 📝 PAPER MODE ATIVO - Apenas registro e análise
2025-11-28 05:19:12 [WARNING] root - Bloco de componentes falhou: cannot unpack non-iterable int object
2025-11-28 05:19:12 [INFO] scanner - ✅ Validações OK [BTC/USDT]: Score=7.0, R:R=2.08
2025-11-28 05:19:12 [INFO] scanner - ⏸️  Throttle ativo [BTC/USDT]:
2025-11-28 05:19:12 [INFO] scanner -    ├─ Último alerta há 117.9 minutos
2025-11-28 05:19:12 [INFO] scanner -    ├─ Tempo mínimo: 1800 minutos
2025-11-28 05:19:12 [INFO] scanner -    └─ Próximo permitido em: 1682.1 minutos
2025-11-28 05:47:54 [INFO] scanner - ============================================================
2025-11-28 05:47:54 [INFO] scanner - 🚀 SCANNER INICIADO
2025-11-28 05:47:54 [INFO] scanner - 📅 Data/Hora: 28/11/2025 05:47:54
2025-11-28 05:47:54 [INFO] scanner - 📂 Log: logs/scanner_2025-11-28.log
2025-11-28 05:47:54 [INFO] scanner - ============================================================
2025-11-28 05:47:54 [INFO] scanner - 📝 PAPER MODE ATIVO - Apenas registro e análise
2025-11-28 05:47:57 [WARNING] root - Bloco de componentes falhou: cannot unpack non-iterable int object
2025-11-28 05:47:57 [INFO] scanner - ✅ Validações OK [BTC/USDT]: Score=7.0, R:R=2.08
2025-11-28 05:47:57 [INFO] scanner - ⏸️  Throttle ativo [BTC/USDT]:
2025-11-28 05:47:57 [INFO] scanner -    ├─ Último alerta há 146.7 minutos
2025-11-28 05:47:57 [INFO] scanner -    ├─ Tempo mínimo: 1800 minutos
2025-11-28 05:47:57 [INFO] scanner -    └─ Próximo permitido em: 1653.3 minutos
2025-11-28 06:14:12 [INFO] scanner - ============================================================
2025-11-28 06:14:12 [INFO] scanner - 🚀 SCANNER INICIADO
2025-11-28 06:14:12 [INFO] scanner - 📅 Data/Hora: 28/11/2025 06:14:12
2025-11-28 06:14:12 [INFO] scanner - 📂 Log: logs/scanner_2025-11-28.log
2025-11-28 06:14:12 [INFO] scanner - ============================================================
2025-11-28 06:14:12 [INFO] scanner - 📝 PAPER MODE ATIVO - Apenas registro e análise
2025-11-28 06:14:15 [WARNING] root - Bloco de componentes falhou: cannot unpack non-iterable int object
2025-11-28 06:14:15 [INFO] scanner - ✅ Validações OK [BTC/USDT]: Score=7.0, R:R=2.08
2025-11-28 06:14:15 [INFO] scanner - ⏸️  Throttle ativo [BTC/USDT]:
2025-11-28 06:14:15 [INFO] scanner -    ├─ Último alerta há 173.0 minutos
2025-11-28 06:14:15 [INFO] scanner -    ├─ Tempo mínimo: 1800 minutos
2025-11-28 06:14:15 [INFO] scanner -    └─ Próximo permitido em: 1627.0 minutos
2025-11-28 06:14:17 [WARNING] root - Bloco de componentes falhou: cannot unpack non-iterable int object
2025-11-28 06:14:17 [INFO] scanner - ✅ Validações OK [ETH/USDT]: Score=7.3, R:R=2.00
2025-11-28 06:14:17 [INFO] scanner - ✅ Throttle OK [ETH/USDT]: Pode enviar
2025-11-28 06:14:18 [INFO] scanner - 📝 Sinal no ledger: 20251128_061418_310246 - ETH/USDT
2025-11-28 06:14:18 [INFO] scanner - 📨 Alerta enviado | ID Ledger: 20251128_061418_310246
2025-11-28 06:33:42 [INFO] scanner - ============================================================
2025-11-28 06:33:42 [INFO] scanner - 🚀 SCANNER INICIADO
2025-11-28 06:33:42 [INFO] scanner - 📅 Data/Hora: 28/11/2025 06:33:42
2025-11-28 06:33:42 [INFO] scanner - 📂 Log: logs/scanner_2025-11-28.log
2025-11-28 06:33:42 [INFO] scanner - ============================================================
2025-11-28 06:33:42 [INFO] scanner - 📝 PAPER MODE ATIVO - Apenas registro e análise
2025-11-28 06:33:45 [WARNING] root - Bloco de componentes falhou: cannot unpack non-iterable int object
2025-11-28 06:33:45 [INFO] scanner - ✅ Validações OK [BTC/USDT]: Score=7.0, R:R=2.08
2025-11-28 06:33:45 [INFO] scanner - ⏸️  Throttle ativo [BTC/USDT]:
2025-11-28 06:33:45 [INFO] scanner -    ├─ Último alerta há 192.5 minutos
2025-11-28 06:33:45 [INFO] scanner -    ├─ Tempo mínimo: 1800 minutos
2025-11-28 06:33:45 [INFO] scanner -    └─ Próximo permitido em: 1607.5 minutos
2025-11-28 06:33:47 [WARNING] root - Bloco de componentes falhou: cannot unpack non-iterable int object
2025-11-28 06:33:47 [INFO] scanner - ✅ Validações OK [ETH/USDT]: Score=7.3, R:R=2.00
2025-11-28 06:33:47 [INFO] scanner - ⏸️  Throttle ativo [ETH/USDT]:
2025-11-28 06:33:47 [INFO] scanner -    ├─ Último alerta há 19.5 minutos
2025-11-28 06:33:47 [INFO] scanner -    ├─ Tempo mínimo: 1800 minutos
2025-11-28 06:33:47 [INFO] scanner -    └─ Próximo permitido em: 1780.5 minutos
2025-11-28 06:49:09 [INFO] scanner - ============================================================
2025-11-28 06:49:09 [INFO] scanner - 🚀 SCANNER INICIADO
2025-11-28 06:49:09 [INFO] scanner - 📅 Data/Hora: 28/11/2025 06:49:09
2025-11-28 06:49:09 [INFO] scanner - 📂 Log: logs/scanner_2025-11-28.log
2025-11-28 06:49:09 [INFO] scanner - ============================================================
2025-11-28 06:49:09 [INFO] scanner - 📝 PAPER MODE ATIVO - Apenas registro e análise
2025-11-28 06:49:12 [WARNING] root - Bloco de componentes falhou: cannot unpack non-iterable int object
2025-11-28 06:49:12 [INFO] scanner - ✅ Validações OK [BTC/USDT]: Score=7.0, R:R=2.08
2025-11-28 06:49:12 [INFO] scanner - ⏸️  Throttle ativo [BTC/USDT]:
2025-11-28 06:49:12 [INFO] scanner -    ├─ Último alerta há 207.9 minutos
2025-11-28 06:49:12 [INFO] scanner -    ├─ Tempo mínimo: 1800 minutos
2025-11-28 06:49:12 [INFO] scanner -    └─ Próximo permitido em: 1592.1 minutos
2025-11-28 06:49:14 [WARNING] root - Bloco de componentes falhou: cannot unpack non-iterable int object
2025-11-28 06:49:14 [INFO] scanner - ✅ Validações OK [ETH/USDT]: Score=10.0, R:R=2.00
2025-11-28 06:49:14 [INFO] scanner - ⏸️  Throttle ativo [ETH/USDT]:
2025-11-28 06:49:14 [INFO] scanner -    ├─ Último alerta há 34.9 minutos
2025-11-28 06:49:14 [INFO] scanner -    ├─ Tempo mínimo: 1800 minutos
2025-11-28 06:49:14 [INFO] scanner -    └─ Próximo permitido em: 1765.1 minutos
2025-11-28 06:49:14 [WARNING] root - Bloco de componentes falhou: cannot unpack non-iterable int object
2025-11-28 06:49:14 [INFO] scanner - ✅ Validações OK [ETH/USDT]: Score=7.3, R:R=2.00
2025-11-28 06:49:14 [INFO] scanner - ⏸️  Throttle ativo [ETH/USDT]:
2025-11-28 06:49:14 [INFO] scanner -    ├─ Último alerta há 35.0 minutos
2025-11-28 06:49:14 [INFO] scanner -    ├─ Tempo mínimo: 1800 minutos
2025-11-28 06:49:14 [INFO] scanner -    └─ Próximo permitido em: 1765.0 minutos
2025-11-28 07:15:12 [INFO] scanner - ============================================================
2025-11-28 07:15:12 [INFO] scanner - 🚀 SCANNER INICIADO
2025-11-28 07:15:12 [INFO] scanner - 📅 Data/Hora: 28/11/2025 07:15:12
2025-11-28 07:15:12 [INFO] scanner - 📂 Log: logs/scanner_2025-11-28.log
2025-11-28 07:15:12 [INFO] scanner - ============================================================
2025-11-28 07:15:12 [INFO] scanner - 📝 PAPER MODE ATIVO - Apenas registro e análise
2025-11-28 07:15:16 [WARNING] root - Bloco de componentes falhou: cannot unpack non-iterable int object
2025-11-28 07:15:16 [INFO] scanner - ✅ Validações OK [BTC/USDT]: Score=7.0, R:R=2.08
2025-11-28 07:15:16 [INFO] scanner - ⏸️  Throttle ativo [BTC/USDT]:
2025-11-28 07:15:16 [INFO] scanner -    ├─ Último alerta há 234.0 minutos
2025-11-28 07:15:16 [INFO] scanner -    ├─ Tempo mínimo: 1800 minutos
2025-11-28 07:15:16 [INFO] scanner -    └─ Próximo permitido em: 1566.0 minutos
2025-11-28 07:15:18 [WARNING] root - Bloco de componentes falhou: cannot unpack non-iterable int object
2025-11-28 07:15:18 [INFO] scanner - ✅ Validações OK [ETH/USDT]: Score=7.0, R:R=2.00
2025-11-28 07:15:18 [INFO] scanner - ⏸️  Throttle ativo [ETH/USDT]:
2025-11-28 07:15:18 [INFO] scanner -    ├─ Último alerta há 61.0 minutos
2025-11-28 07:15:18 [INFO] scanner -    ├─ Tempo mínimo: 1800 minutos
2025-11-28 07:15:18 [INFO] scanner -    └─ Próximo permitido em: 1739.0 minutos
2025-11-28 07:38:52 [INFO] scanner - ============================================================
2025-11-28 07:38:52 [INFO] scanner - 🚀 SCANNER INICIADO
2025-11-28 07:38:52 [INFO] scanner - 📅 Data/Hora: 28/11/2025 07:38:52
2025-11-28 07:38:52 [INFO] scanner - 📂 Log: logs/scanner_2025-11-28.log
2025-11-28 07:38:52 [INFO] scanner - ============================================================
2025-11-28 07:38:52 [INFO] scanner - 📝 PAPER MODE ATIVO - Apenas registro e análise
2025-11-28 07:38:55 [WARNING] root - Bloco de componentes falhou: cannot unpack non-iterable int object
2025-11-28 07:38:55 [INFO] scanner - ✅ Validações OK [BTC/USDT]: Score=7.0, R:R=2.08
2025-11-28 07:38:55 [INFO] scanner - ⏸️  Throttle ativo [BTC/USDT]:
2025-11-28 07:38:55 [INFO] scanner -    ├─ Último alerta há 257.6 minutos
2025-11-28 07:38:55 [INFO] scanner -    ├─ Tempo mínimo: 1800 minutos
2025-11-28 07:38:55 [INFO] scanner -    └─ Próximo permitido em: 1542.4 minutos
2025-11-28 07:38:57 [WARNING] root - Bloco de componentes falhou: cannot unpack non-iterable int object
2025-11-28 07:38:57 [INFO] scanner - ✅ Validações OK [ETH/USDT]: Score=7.0, R:R=2.00
2025-11-28 07:38:57 [INFO] scanner - ⏸️  Throttle ativo [ETH/USDT]:
2025-11-28 07:38:57 [INFO] scanner -    ├─ Último alerta há 84.7 minutos
2025-11-28 07:38:57 [INFO] scanner -    ├─ Tempo mínimo: 1800 minutos
2025-11-28 07:38:57 [INFO] scanner -    └─ Próximo permitido em: 1715.3 minutos
2025-11-28 07:52:01 [INFO] scanner - ============================================================
2025-11-28 07:52:01 [INFO] scanner - 🚀 SCANNER INICIADO
2025-11-28 07:52:01 [INFO] scanner - 📅 Data/Hora: 28/11/2025 07:52:01
2025-11-28 07:52:01 [INFO] scanner - 📂 Log: logs/scanner_2025-11-28.log
2025-11-28 07:52:01 [INFO] scanner - ============================================================
2025-11-28 07:52:01 [INFO] scanner - 📝 PAPER MODE ATIVO - Apenas registro e análise
2025-11-28 07:52:04 [WARNING] root - Bloco de componentes falhou: cannot unpack non-iterable int object
2025-11-28 07:52:04 [INFO] scanner - ✅ Validações OK [BTC/USDT]: Score=7.0, R:R=2.08
2025-11-28 07:52:04 [INFO] scanner - ⏸️  Throttle ativo [BTC/USDT]:
2025-11-28 07:52:04 [INFO] scanner -    ├─ Último alerta há 270.8 minutos
2025-11-28 07:52:04 [INFO] scanner -    ├─ Tempo mínimo: 1800 minutos
2025-11-28 07:52:04 [INFO] scanner -    └─ Próximo permitido em: 1529.2 minutos
2025-11-28 07:52:06 [WARNING] root - Bloco de componentes falhou: cannot unpack non-iterable int object
2025-11-28 07:52:06 [INFO] scanner - ✅ Validações OK [ETH/USDT]: Score=7.0, R:R=2.00
2025-11-28 07:52:06 [INFO] scanner - ⏸️  Throttle ativo [ETH/USDT]:
2025-11-28 07:52:06 [INFO] scanner -    ├─ Último alerta há 97.8 minutos
2025-11-28 07:52:06 [INFO] scanner -    ├─ Tempo mínimo: 1800 minutos
2025-11-28 07:52:06 [INFO] scanner -    └─ Próximo permitido em: 1702.2 minutos
2025-11-28 08:11:45 [INFO] scanner - ============================================================
2025-11-28 08:11:45 [INFO] scanner - 🚀 SCANNER INICIADO
2025-11-28 08:11:45 [INFO] scanner - 📅 Data/Hora: 28/11/2025 08:11:45
2025-11-28 08:11:45 [INFO] scanner - 📂 Log: logs/scanner_2025-11-28.log
2025-11-28 08:11:45 [INFO] scanner - ============================================================
2025-11-28 08:11:45 [INFO] scanner - 📝 PAPER MODE ATIVO - Apenas registro e análise
2025-11-28 08:11:49 [WARNING] root - Bloco de componentes falhou: cannot unpack non-iterable int object
2025-11-28 08:11:49 [INFO] scanner - ✅ Validações OK [BTC/USDT]: Score=7.0, R:R=2.08
2025-11-28 08:11:49 [INFO] scanner - ⏸️  Throttle ativo [BTC/USDT]:
2025-11-28 08:11:49 [INFO] scanner -    ├─ Último alerta há 290.5 minutos
2025-11-28 08:11:49 [INFO] scanner -    ├─ Tempo mínimo: 1800 minutos
2025-11-28 08:11:49 [INFO] scanner -    └─ Próximo permitido em: 1509.5 minutos
2025-11-28 08:11:51 [WARNING] root - Bloco de componentes falhou: cannot unpack non-iterable int object
2025-11-28 08:11:51 [INFO] scanner - ✅ Validações OK [ETH/USDT]: Score=7.0, R:R=2.00
2025-11-28 08:11:51 [INFO] scanner - ⏸️  Throttle ativo [ETH/USDT]:
2025-11-28 08:11:51 [INFO] scanner -    ├─ Último alerta há 117.6 minutos
2025-11-28 08:11:51 [INFO] scanner -    ├─ Tempo mínimo: 1800 minutos
2025-11-28 08:11:51 [INFO] scanner -    └─ Próximo permitido em: 1682.4 minutos
2025-11-28 08:27:43 [INFO] scanner - ============================================================
2025-11-28 08:27:43 [INFO] scanner - 🚀 SCANNER INICIADO
2025-11-28 08:27:43 [INFO] scanner - 📅 Data/Hora: 28/11/2025 08:27:43
2025-11-28 08:27:43 [INFO] scanner - 📂 Log: logs/scanner_2025-11-28.log
2025-11-28 08:27:43 [INFO] scanner - ============================================================
2025-11-28 08:27:43 [INFO] scanner - 📝 PAPER MODE ATIVO - Apenas registro e análise
2025-11-28 08:27:46 [WARNING] root - Bloco de componentes falhou: cannot unpack non-iterable int object
2025-11-28 08:27:46 [INFO] scanner - ✅ Validações OK [BTC/USDT]: Score=7.0, R:R=2.08
2025-11-28 08:27:46 [INFO] scanner - ⏸️  Throttle ativo [BTC/USDT]:
2025-11-28 08:27:46 [INFO] scanner -    ├─ Último alerta há 306.5 minutos
2025-11-28 08:27:46 [INFO] scanner -    ├─ Tempo mínimo: 1800 minutos
2025-11-28 08:27:46 [INFO] scanner -    └─ Próximo permitido em: 1493.5 minutos
2025-11-28 08:27:48 [WARNING] root - Bloco de componentes falhou: cannot unpack non-iterable int object
2025-11-28 08:27:48 [INFO] scanner - ✅ Validações OK [ETH/USDT]: Score=10.0, R:R=2.00
2025-11-28 08:27:48 [INFO] scanner - ⏸️  Throttle ativo [ETH/USDT]:
2025-11-28 08:27:48 [INFO] scanner -    ├─ Último alerta há 133.5 minutos
2025-11-28 08:27:48 [INFO] scanner -    ├─ Tempo mínimo: 1800 minutos
2025-11-28 08:27:48 [INFO] scanner -    └─ Próximo permitido em: 1666.5 minutos
2025-11-28 08:27:49 [WARNING] root - Bloco de componentes falhou: cannot unpack non-iterable int object
2025-11-28 08:27:49 [INFO] scanner - ✅ Validações OK [ETH/USDT]: Score=7.3, R:R=2.00
2025-11-28 08:27:49 [INFO] scanner - ⏸️  Throttle ativo [ETH/USDT]:
2025-11-28 08:27:49 [INFO] scanner -    ├─ Último alerta há 133.5 minutos
2025-11-28 08:27:49 [INFO] scanner -    ├─ Tempo mínimo: 1800 minutos
2025-11-28 08:27:49 [INFO] scanner -    └─ Próximo permitido em: 1666.5 minutos
2025-11-28 08:37:55 [INFO] scanner - ============================================================
2025-11-28 08:37:55 [INFO] scanner - 🚀 SCANNER INICIADO
2025-11-28 08:37:55 [INFO] scanner - 📅 Data/Hora: 28/11/2025 08:37:55
2025-11-28 08:37:55 [INFO] scanner - 📂 Log: logs/scanner_2025-11-28.log
2025-11-28 08:37:55 [INFO] scanner - ============================================================
2025-11-28 08:37:55 [INFO] scanner - 📝 PAPER MODE ATIVO - Apenas registro e análise
2025-11-28 08:37:58 [WARNING] root - Bloco de componentes falhou: cannot unpack non-iterable int object
2025-11-28 08:37:58 [INFO] scanner - ✅ Validações OK [BTC/USDT]: Score=7.0, R:R=2.08
2025-11-28 08:37:58 [INFO] scanner - ⏸️  Throttle ativo [BTC/USDT]:
2025-11-28 08:37:58 [INFO] scanner -    ├─ Último alerta há 316.7 minutos
2025-11-28 08:37:58 [INFO] scanner -    ├─ Tempo mínimo: 1800 minutos
2025-11-28 08:37:58 [INFO] scanner -    └─ Próximo permitido em: 1483.3 minutos
2025-11-28 08:38:00 [WARNING] root - Bloco de componentes falhou: cannot unpack non-iterable int object
2025-11-28 08:38:00 [INFO] scanner - ✅ Validações OK [ETH/USDT]: Score=10.0, R:R=2.00
2025-11-28 08:38:00 [INFO] scanner - ⏸️  Throttle ativo [ETH/USDT]:
2025-11-28 08:38:00 [INFO] scanner -    ├─ Último alerta há 143.7 minutos
2025-11-28 08:38:00 [INFO] scanner -    ├─ Tempo mínimo: 1800 minutos
2025-11-28 08:38:00 [INFO] scanner -    └─ Próximo permitido em: 1656.3 minutos
2025-11-28 08:38:01 [WARNING] root - Bloco de componentes falhou: cannot unpack non-iterable int object
2025-11-28 08:38:01 [INFO] scanner - ✅ Validações OK [ETH/USDT]: Score=7.3, R:R=2.00
2025-11-28 08:38:01 [INFO] scanner - ⏸️  Throttle ativo [ETH/USDT]:
2025-11-28 08:38:01 [INFO] scanner -    ├─ Último alerta há 143.7 minutos
2025-11-28 08:38:01 [INFO] scanner -    ├─ Tempo mínimo: 1800 minutos
2025-11-28 08:38:01 [INFO] scanner -    └─ Próximo permitido em: 1656.3 minutos
2025-11-28 08:48:11 [INFO] scanner - ============================================================
2025-11-28 08:48:11 [INFO] scanner - 🚀 SCANNER INICIADO
2025-11-28 08:48:11 [INFO] scanner - 📅 Data/Hora: 28/11/2025 08:48:11
2025-11-28 08:48:11 [INFO] scanner - 📂 Log: logs/scanner_2025-11-28.log
2025-11-28 08:48:11 [INFO] scanner - ============================================================
2025-11-28 08:48:11 [INFO] scanner - 📝 PAPER MODE ATIVO - Apenas registro e análise
2025-11-28 08:48:14 [WARNING] root - Bloco de componentes falhou: cannot unpack non-iterable int object
2025-11-28 08:48:14 [INFO] scanner - ✅ Validações OK [BTC/USDT]: Score=7.0, R:R=2.08
2025-11-28 08:48:14 [INFO] scanner - ⏸️  Throttle ativo [BTC/USDT]:
2025-11-28 08:48:14 [INFO] scanner -    ├─ Último alerta há 327.0 minutos
2025-11-28 08:48:14 [INFO] scanner -    ├─ Tempo mínimo: 1800 minutos
2025-11-28 08:48:14 [INFO] scanner -    └─ Próximo permitido em: 1473.0 minutos
2025-11-28 08:48:16 [WARNING] root - Bloco de componentes falhou: cannot unpack non-iterable int object
2025-11-28 08:48:16 [INFO] scanner - ✅ Validações OK [ETH/USDT]: Score=10.0, R:R=2.00
2025-11-28 08:48:16 [INFO] scanner - ⏸️  Throttle ativo [ETH/USDT]:
2025-11-28 08:48:16 [INFO] scanner -    ├─ Último alerta há 154.0 minutos
2025-11-28 08:48:16 [INFO] scanner -    ├─ Tempo mínimo: 1800 minutos
2025-11-28 08:48:16 [INFO] scanner -    └─ Próximo permitido em: 1646.0 minutos
2025-11-28 08:48:16 [WARNING] root - Bloco de componentes falhou: cannot unpack non-iterable int object
2025-11-28 08:48:16 [INFO] scanner - ✅ Validações OK [ETH/USDT]: Score=7.3, R:R=2.00
2025-11-28 08:48:16 [INFO] scanner - ⏸️  Throttle ativo [ETH/USDT]:
2025-11-28 08:48:16 [INFO] scanner -    ├─ Último alerta há 154.0 minutos
2025-11-28 08:48:16 [INFO] scanner -    ├─ Tempo mínimo: 1800 minutos
2025-11-28 08:48:16 [INFO] scanner -    └─ Próximo permitido em: 1646.0 minutos
2025-11-28 09:25:37 [INFO] scanner - ============================================================
2025-11-28 09:25:37 [INFO] scanner - 🚀 SCANNER INICIADO
2025-11-28 09:25:37 [INFO] scanner - 📅 Data/Hora: 28/11/2025 09:25:37
2025-11-28 09:25:37 [INFO] scanner - 📂 Log: logs/scanner_2025-11-28.log
2025-11-28 09:25:37 [INFO] scanner - ============================================================
2025-11-28 09:25:37 [INFO] scanner - 📝 PAPER MODE ATIVO - Apenas registro e análise
2025-11-28 09:25:41 [WARNING] root - Bloco de componentes falhou: cannot unpack non-iterable int object
2025-11-28 09:25:41 [INFO] scanner - ✅ Validações OK [BTC/USDT]: Score=7.0, R:R=2.08
2025-11-28 09:25:41 [INFO] scanner - ⏸️  Throttle ativo [BTC/USDT]:
2025-11-28 09:25:41 [INFO] scanner -    ├─ Último alerta há 364.4 minutos
2025-11-28 09:25:41 [INFO] scanner -    ├─ Tempo mínimo: 1800 minutos
2025-11-28 09:25:41 [INFO] scanner -    └─ Próximo permitido em: 1435.6 minutos
2025-11-28 09:25:43 [WARNING] root - Bloco de componentes falhou: cannot unpack non-iterable int object
2025-11-28 09:25:43 [INFO] scanner - ✅ Validações OK [ETH/USDT]: Score=7.3, R:R=2.00
2025-11-28 09:25:43 [INFO] scanner - ⏸️  Throttle ativo [ETH/USDT]:
2025-11-28 09:25:43 [INFO] scanner -    ├─ Último alerta há 191.4 minutos
2025-11-28 09:25:43 [INFO] scanner -    ├─ Tempo mínimo: 1800 minutos
2025-11-28 09:25:43 [INFO] scanner -    └─ Próximo permitido em: 1608.6 minutos
2025-11-28 10:05:32 [INFO] scanner - ============================================================
2025-11-28 10:05:32 [INFO] scanner - 🚀 SCANNER INICIADO
2025-11-28 10:05:32 [INFO] scanner - 📅 Data/Hora: 28/11/2025 10:05:32
2025-11-28 10:05:32 [INFO] scanner - 📂 Log: logs/scanner_2025-11-28.log
2025-11-28 10:05:32 [INFO] scanner - ============================================================
2025-11-28 10:05:32 [INFO] scanner - 📝 PAPER MODE ATIVO - Apenas registro e análise
2025-11-28 10:05:36 [WARNING] root - Bloco de componentes falhou: cannot unpack non-iterable int object
2025-11-28 10:05:36 [INFO] scanner - ✅ Validações OK [BTC/USDT]: Score=7.0, R:R=2.08
2025-11-28 10:05:36 [INFO] scanner - ⏸️  Throttle ativo [BTC/USDT]:
2025-11-28 10:05:36 [INFO] scanner -    ├─ Último alerta há 404.3 minutos
2025-11-28 10:05:36 [INFO] scanner -    ├─ Tempo mínimo: 1800 minutos
2025-11-28 10:05:36 [INFO] scanner -    └─ Próximo permitido em: 1395.7 minutos
2025-11-28 10:40:37 [INFO] scanner - ============================================================
2025-11-28 10:40:37 [INFO] scanner - 🚀 SCANNER INICIADO
2025-11-28 10:40:37 [INFO] scanner - 📅 Data/Hora: 28/11/2025 10:40:37
2025-11-28 10:40:37 [INFO] scanner - 📂 Log: logs/scanner_2025-11-28.log
2025-11-28 10:40:37 [INFO] scanner - ============================================================
2025-11-28 10:40:37 [INFO] scanner - 📝 PAPER MODE ATIVO - Apenas registro e análise
2025-11-28 10:40:40 [WARNING] root - Bloco de componentes falhou: cannot unpack non-iterable int object
2025-11-28 10:40:40 [INFO] scanner - ✅ Validações OK [BTC/USDT]: Score=7.0, R:R=2.08
2025-11-28 10:40:40 [INFO] scanner - ⏸️  Throttle ativo [BTC/USDT]:
2025-11-28 10:40:40 [INFO] scanner -    ├─ Último alerta há 439.4 minutos
2025-11-28 10:40:40 [INFO] scanner -    ├─ Tempo mínimo: 1800 minutos
2025-11-28 10:40:40 [INFO] scanner -    └─ Próximo permitido em: 1360.6 minutos
2025-11-28 10:51:33 [INFO] scanner - ============================================================
2025-11-28 10:51:33 [INFO] scanner - 🚀 SCANNER INICIADO
2025-11-28 10:51:33 [INFO] scanner - 📅 Data/Hora: 28/11/2025 10:51:33
2025-11-28 10:51:33 [INFO] scanner - 📂 Log: logs/scanner_2025-11-28.log
2025-11-28 10:51:33 [INFO] scanner - ============================================================
2025-11-28 10:51:33 [INFO] scanner - 📝 PAPER MODE ATIVO - Apenas registro e análise
2025-11-28 10:51:36 [WARNING] root - Bloco de componentes falhou: cannot unpack non-iterable int object
2025-11-28 10:51:36 [INFO] scanner - ✅ Validações OK [BTC/USDT]: Score=7.3, R:R=2.08
2025-11-28 10:51:36 [INFO] scanner - ⏸️  Throttle ativo [BTC/USDT]:
2025-11-28 10:51:36 [INFO] scanner -    ├─ Último alerta há 450.3 minutos
2025-11-28 10:51:36 [INFO] scanner -    ├─ Tempo mínimo: 1800 minutos
2025-11-28 10:51:36 [INFO] scanner -    └─ Próximo permitido em: 1349.7 minutos
2025-11-28 10:51:38 [WARNING] root - Bloco de componentes falhou: cannot unpack non-iterable int object
2025-11-28 10:51:38 [INFO] scanner - ✅ Validações OK [ETH/USDT]: Score=10.0, R:R=2.00
2025-11-28 10:51:38 [INFO] scanner - ⏸️  Throttle ativo [ETH/USDT]:
2025-11-28 10:51:38 [INFO] scanner -    ├─ Último alerta há 277.3 minutos
2025-11-28 10:51:38 [INFO] scanner -    ├─ Tempo mínimo: 1800 minutos
2025-11-28 10:51:38 [INFO] scanner -    └─ Próximo permitido em: 1522.7 minutos
2025-11-28 10:51:39 [WARNING] root - Bloco de componentes falhou: cannot unpack non-iterable int object
2025-11-28 10:51:39 [INFO] scanner - ✅ Validações OK [ETH/USDT]: Score=7.3, R:R=2.00
2025-11-28 10:51:39 [INFO] scanner - ⏸️  Throttle ativo [ETH/USDT]:
2025-11-28 10:51:39 [INFO] scanner -    ├─ Último alerta há 277.4 minutos
2025-11-28 10:51:39 [INFO] scanner -    ├─ Tempo mínimo: 1800 minutos
2025-11-28 10:51:39 [INFO] scanner -    └─ Próximo permitido em: 1522.6 minutos
2025-11-28 10:51:39 [WARNING] root - Bloco de componentes falhou: cannot unpack non-iterable int object
2025-11-28 10:51:39 [INFO] scanner - ✅ Validações OK [ETH/USDT]: Score=7.3, R:R=2.00
2025-11-28 10:51:39 [INFO] scanner - ⏸️  Throttle ativo [ETH/USDT]:
2025-11-28 10:51:39 [INFO] scanner -    ├─ Último alerta há 277.4 minutos
2025-11-28 10:51:39 [INFO] scanner -    ├─ Tempo mínimo: 1800 minutos
2025-11-28 10:51:39 [INFO] scanner -    └─ Próximo permitido em: 1522.6 minutos
2025-11-28 11:13:11 [INFO] scanner - ============================================================
2025-11-28 11:13:11 [INFO] scanner - 🚀 SCANNER INICIADO
2025-11-28 11:13:11 [INFO] scanner - 📅 Data/Hora: 28/11/2025 11:13:11
2025-11-28 11:13:11 [INFO] scanner - 📂 Log: logs/scanner_2025-11-28.log
2025-11-28 11:13:11 [INFO] scanner - ============================================================
2025-11-28 11:13:11 [INFO] scanner - 📝 PAPER MODE ATIVO - Apenas registro e análise
2025-11-28 11:13:14 [WARNING] root - Bloco de componentes falhou: cannot unpack non-iterable int object
2025-11-28 11:13:14 [INFO] scanner - ✅ Validações OK [BTC/USDT]: Score=7.3, R:R=2.08
2025-11-28 11:13:14 [INFO] scanner - ⏸️  Throttle ativo [BTC/USDT]:
2025-11-28 11:13:14 [INFO] scanner -    ├─ Último alerta há 472.0 minutos
2025-11-28 11:13:14 [INFO] scanner -    ├─ Tempo mínimo: 1800 minutos
2025-11-28 11:13:14 [INFO] scanner -    └─ Próximo permitido em: 1328.0 minutos
2025-11-28 11:13:16 [WARNING] root - Bloco de componentes falhou: cannot unpack non-iterable int object
2025-11-28 11:13:16 [INFO] scanner - ✅ Validações OK [ETH/USDT]: Score=7.3, R:R=2.00
2025-11-28 11:13:16 [INFO] scanner - ⏸️  Throttle ativo [ETH/USDT]:
2025-11-28 11:13:16 [INFO] scanner -    ├─ Último alerta há 299.0 minutos
2025-11-28 11:13:16 [INFO] scanner -    ├─ Tempo mínimo: 1800 minutos
2025-11-28 11:13:16 [INFO] scanner -    └─ Próximo permitido em: 1501.0 minutos
2025-11-28 11:34:36 [INFO] scanner - ============================================================
2025-11-28 11:34:36 [INFO] scanner - 🚀 SCANNER INICIADO
2025-11-28 11:34:36 [INFO] scanner - 📅 Data/Hora: 28/11/2025 11:34:36
2025-11-28 11:34:36 [INFO] scanner - 📂 Log: logs/scanner_2025-11-28.log
2025-11-28 11:34:36 [INFO] scanner - ============================================================
2025-11-28 11:34:36 [INFO] scanner - 📝 PAPER MODE ATIVO - Apenas registro e análise
2025-11-28 11:34:40 [WARNING] root - Bloco de componentes falhou: cannot unpack non-iterable int object
2025-11-28 11:34:40 [INFO] scanner - ✅ Validações OK [BTC/USDT]: Score=7.3, R:R=2.08
2025-11-28 11:34:40 [INFO] scanner - ⏸️  Throttle ativo [BTC/USDT]:
2025-11-28 11:34:40 [INFO] scanner -    ├─ Último alerta há 493.4 minutos
2025-11-28 11:34:40 [INFO] scanner -    ├─ Tempo mínimo: 1800 minutos
2025-11-28 11:34:40 [INFO] scanner -    └─ Próximo permitido em: 1306.6 minutos
2025-11-28 11:34:42 [WARNING] root - Bloco de componentes falhou: cannot unpack non-iterable int object
2025-11-28 11:34:42 [INFO] scanner - ✅ Validações OK [ETH/USDT]: Score=10.0, R:R=2.00
2025-11-28 11:34:42 [INFO] scanner - ⏸️  Throttle ativo [ETH/USDT]:
2025-11-28 11:34:42 [INFO] scanner -    ├─ Último alerta há 320.4 minutos
2025-11-28 11:34:42 [INFO] scanner -    ├─ Tempo mínimo: 1800 minutos
2025-11-28 11:34:42 [INFO] scanner -    └─ Próximo permitido em: 1479.6 minutos
2025-11-28 11:34:42 [WARNING] root - Bloco de componentes falhou: cannot unpack non-iterable int object
2025-11-28 11:34:42 [INFO] scanner - ✅ Validações OK [ETH/USDT]: Score=7.3, R:R=2.00
2025-11-28 11:34:42 [INFO] scanner - ⏸️  Throttle ativo [ETH/USDT]:
2025-11-28 11:34:42 [INFO] scanner -    ├─ Último alerta há 320.4 minutos
2025-11-28 11:34:42 [INFO] scanner -    ├─ Tempo mínimo: 1800 minutos
2025-11-28 11:34:42 [INFO] scanner -    └─ Próximo permitido em: 1479.6 minutos
2025-11-28 11:50:40 [INFO] scanner - ============================================================
2025-11-28 11:50:40 [INFO] scanner - 🚀 SCANNER INICIADO
2025-11-28 11:50:40 [INFO] scanner - 📅 Data/Hora: 28/11/2025 11:50:40
2025-11-28 11:50:40 [INFO] scanner - 📂 Log: logs/scanner_2025-11-28.log
2025-11-28 11:50:40 [INFO] scanner - ============================================================
2025-11-28 11:50:40 [INFO] scanner - 📝 PAPER MODE ATIVO - Apenas registro e análise
2025-11-28 11:50:43 [WARNING] root - Bloco de componentes falhou: cannot unpack non-iterable int object
2025-11-28 11:50:43 [INFO] scanner - ✅ Validações OK [BTC/USDT]: Score=10.0, R:R=2.08
2025-11-28 11:50:43 [INFO] scanner - ⏸️  Throttle ativo [BTC/USDT]:
2025-11-28 11:50:43 [INFO] scanner -    ├─ Último alerta há 509.4 minutos
2025-11-28 11:50:43 [INFO] scanner -    ├─ Tempo mínimo: 1800 minutos
2025-11-28 11:50:43 [INFO] scanner -    └─ Próximo permitido em: 1290.6 minutos
2025-11-28 11:50:43 [WARNING] root - Bloco de componentes falhou: cannot unpack non-iterable int object
2025-11-28 11:50:43 [INFO] scanner - ✅ Validações OK [BTC/USDT]: Score=7.3, R:R=2.08
2025-11-28 11:50:43 [INFO] scanner - ⏸️  Throttle ativo [BTC/USDT]:
2025-11-28 11:50:43 [INFO] scanner -    ├─ Último alerta há 509.4 minutos
2025-11-28 11:50:43 [INFO] scanner -    ├─ Tempo mínimo: 1800 minutos
2025-11-28 11:50:43 [INFO] scanner -    └─ Próximo permitido em: 1290.6 minutos
2025-11-28 11:50:46 [WARNING] root - Bloco de componentes falhou: cannot unpack non-iterable int object
2025-11-28 11:50:46 [INFO] scanner - ✅ Validações OK [ETH/USDT]: Score=10.0, R:R=2.00
2025-11-28 11:50:46 [INFO] scanner - ⏸️  Throttle ativo [ETH/USDT]:
2025-11-28 11:50:46 [INFO] scanner -    ├─ Último alerta há 336.5 minutos
2025-11-28 11:50:46 [INFO] scanner -    ├─ Tempo mínimo: 1800 minutos
2025-11-28 11:50:46 [INFO] scanner -    └─ Próximo permitido em: 1463.5 minutos
2025-11-28 11:50:46 [WARNING] root - Bloco de componentes falhou: cannot unpack non-iterable int object
2025-11-28 11:50:46 [INFO] scanner - ✅ Validações OK [ETH/USDT]: Score=7.3, R:R=2.00
2025-11-28 11:50:46 [INFO] scanner - ⏸️  Throttle ativo [ETH/USDT]:
2025-11-28 11:50:46 [INFO] scanner -    ├─ Último alerta há 336.5 minutos
2025-11-28 11:50:46 [INFO] scanner -    ├─ Tempo mínimo: 1800 minutos
2025-11-28 11:50:46 [INFO] scanner -    └─ Próximo permitido em: 1463.5 minutos
2025-11-28 12:13:04 [INFO] scanner - ============================================================
2025-11-28 12:13:04 [INFO] scanner - 🚀 SCANNER INICIADO
2025-11-28 12:13:04 [INFO] scanner - 📅 Data/Hora: 28/11/2025 12:13:04
2025-11-28 12:13:04 [INFO] scanner - 📂 Log: logs/scanner_2025-11-28.log
2025-11-28 12:13:04 [INFO] scanner - ============================================================
2025-11-28 12:13:04 [INFO] scanner - 📝 PAPER MODE ATIVO - Apenas registro e análise
2025-11-28 12:13:07 [WARNING] root - Bloco de componentes falhou: cannot unpack non-iterable int object
2025-11-28 12:13:07 [INFO] scanner - ✅ Validações OK [BTC/USDT]: Score=7.3, R:R=2.08
2025-11-28 12:13:07 [INFO] scanner - ⏸️  Throttle ativo [BTC/USDT]:
2025-11-28 12:13:07 [INFO] scanner -    ├─ Último alerta há 531.8 minutos
2025-11-28 12:13:07 [INFO] scanner -    ├─ Tempo mínimo: 1800 minutos
2025-11-28 12:13:07 [INFO] scanner -    └─ Próximo permitido em: 1268.2 minutos
2025-11-28 12:13:10 [WARNING] root - Bloco de componentes falhou: cannot unpack non-iterable int object
2025-11-28 12:13:10 [INFO] scanner - ✅ Validações OK [ETH/USDT]: Score=7.3, R:R=2.00
2025-11-28 12:13:10 [INFO] scanner - ⏸️  Throttle ativo [ETH/USDT]:
2025-11-28 12:13:10 [INFO] scanner -    ├─ Último alerta há 358.9 minutos
2025-11-28 12:13:10 [INFO] scanner -    ├─ Tempo mínimo: 1800 minutos
2025-11-28 12:13:10 [INFO] scanner -    └─ Próximo permitido em: 1441.1 minutos
2025-11-28 12:32:22 [INFO] scanner - ============================================================
2025-11-28 12:32:22 [INFO] scanner - 🚀 SCANNER INICIADO
2025-11-28 12:32:22 [INFO] scanner - 📅 Data/Hora: 28/11/2025 12:32:22
2025-11-28 12:32:22 [INFO] scanner - 📂 Log: logs/scanner_2025-11-28.log
2025-11-28 12:32:22 [INFO] scanner - ============================================================
2025-11-28 12:32:22 [INFO] scanner - 📝 PAPER MODE ATIVO - Apenas registro e análise
2025-11-28 12:32:25 [WARNING] root - Bloco de componentes falhou: cannot unpack non-iterable int object
2025-11-28 12:32:25 [INFO] scanner - ✅ Validações OK [BTC/USDT]: Score=7.3, R:R=2.08
2025-11-28 12:32:25 [INFO] scanner - ⏸️  Throttle ativo [BTC/USDT]:
2025-11-28 12:32:25 [INFO] scanner -    ├─ Último alerta há 551.1 minutos
2025-11-28 12:32:25 [INFO] scanner -    ├─ Tempo mínimo: 1800 minutos
2025-11-28 12:32:25 [INFO] scanner -    └─ Próximo permitido em: 1248.9 minutos
2025-11-28 12:32:28 [WARNING] root - Bloco de componentes falhou: cannot unpack non-iterable int object
2025-11-28 12:32:28 [INFO] scanner - ✅ Validações OK [ETH/USDT]: Score=10.0, R:R=2.00
2025-11-28 12:32:28 [INFO] scanner - ⏸️  Throttle ativo [ETH/USDT]:
2025-11-28 12:32:28 [INFO] scanner -    ├─ Último alerta há 378.2 minutos
2025-11-28 12:32:28 [INFO] scanner -    ├─ Tempo mínimo: 1800 minutos
2025-11-28 12:32:28 [INFO] scanner -    └─ Próximo permitido em: 1421.8 minutos
2025-11-28 12:32:28 [WARNING] root - Bloco de componentes falhou: cannot unpack non-iterable int object
2025-11-28 12:32:28 [INFO] scanner - ✅ Validações OK [ETH/USDT]: Score=7.3, R:R=2.00
2025-11-28 12:32:28 [INFO] scanner - ⏸️  Throttle ativo [ETH/USDT]:
2025-11-28 12:32:28 [INFO] scanner -    ├─ Último alerta há 378.2 minutos
2025-11-28 12:32:28 [INFO] scanner -    ├─ Tempo mínimo: 1800 minutos
2025-11-28 12:32:28 [INFO] scanner -    └─ Próximo permitido em: 1421.8 minutos
2025-11-28 12:48:26 [INFO] scanner - ============================================================
2025-11-28 12:48:26 [INFO] scanner - 🚀 SCANNER INICIADO
2025-11-28 12:48:26 [INFO] scanner - 📅 Data/Hora: 28/11/2025 12:48:26
2025-11-28 12:48:26 [INFO] scanner - 📂 Log: logs/scanner_2025-11-28.log
2025-11-28 12:48:26 [INFO] scanner - ============================================================
2025-11-28 12:48:26 [INFO] scanner - 📝 PAPER MODE ATIVO - Apenas registro e análise
2025-11-28 12:48:29 [WARNING] root - Bloco de componentes falhou: cannot unpack non-iterable int object
2025-11-28 12:48:29 [INFO] scanner - ✅ Validações OK [BTC/USDT]: Score=10.0, R:R=2.08
2025-11-28 12:48:29 [INFO] scanner - ⏸️  Throttle ativo [BTC/USDT]:
2025-11-28 12:48:29 [INFO] scanner -    ├─ Último alerta há 567.2 minutos
2025-11-28 12:48:29 [INFO] scanner -    ├─ Tempo mínimo: 1800 minutos
2025-11-28 12:48:29 [INFO] scanner -    └─ Próximo permitido em: 1232.8 minutos
2025-11-28 12:48:29 [WARNING] root - Bloco de componentes falhou: cannot unpack non-iterable int object
2025-11-28 12:48:29 [INFO] scanner - ✅ Validações OK [BTC/USDT]: Score=7.3, R:R=2.08
2025-11-28 12:48:29 [INFO] scanner - ⏸️  Throttle ativo [BTC/USDT]:
2025-11-28 12:48:29 [INFO] scanner -    ├─ Último alerta há 567.2 minutos
2025-11-28 12:48:29 [INFO] scanner -    ├─ Tempo mínimo: 1800 minutos
2025-11-28 12:48:29 [INFO] scanner -    └─ Próximo permitido em: 1232.8 minutos
2025-11-28 12:48:32 [WARNING] root - Bloco de componentes falhou: cannot unpack non-iterable int object
2025-11-28 12:48:32 [INFO] scanner - ✅ Validações OK [ETH/USDT]: Score=10.0, R:R=2.00
2025-11-28 12:48:32 [INFO] scanner - ⏸️  Throttle ativo [ETH/USDT]:
2025-11-28 12:48:32 [INFO] scanner -    ├─ Último alerta há 394.2 minutos
2025-11-28 12:48:32 [INFO] scanner -    ├─ Tempo mínimo: 1800 minutos
2025-11-28 12:48:32 [INFO] scanner -    └─ Próximo permitido em: 1405.8 minutos
2025-11-28 12:48:32 [WARNING] root - Bloco de componentes falhou: cannot unpack non-iterable int object
2025-11-28 12:48:32 [INFO] scanner - ✅ Validações OK [ETH/USDT]: Score=7.3, R:R=2.00
2025-11-28 12:48:32 [INFO] scanner - ⏸️  Throttle ativo [ETH/USDT]:
2025-11-28 12:48:32 [INFO] scanner -    ├─ Último alerta há 394.2 minutos
2025-11-28 12:48:32 [INFO] scanner -    ├─ Tempo mínimo: 1800 minutos
2025-11-28 12:48:32 [INFO] scanner -    └─ Próximo permitido em: 1405.8 minutos
2025-11-28 13:15:51 [INFO] scanner - ============================================================
2025-11-28 13:15:51 [INFO] scanner - 🚀 SCANNER INICIADO
2025-11-28 13:15:51 [INFO] scanner - 📅 Data/Hora: 28/11/2025 13:15:51
2025-11-28 13:15:51 [INFO] scanner - 📂 Log: logs/scanner_2025-11-28.log
2025-11-28 13:15:51 [INFO] scanner - ============================================================
2025-11-28 13:15:51 [INFO] scanner - 📝 PAPER MODE ATIVO - Apenas registro e análise
2025-11-28 13:15:55 [WARNING] root - Bloco de componentes falhou: cannot unpack non-iterable int object
2025-11-28 13:15:55 [INFO] scanner - ✅ Validações OK [BTC/USDT]: Score=7.3, R:R=2.08
2025-11-28 13:15:55 [INFO] scanner - ⏸️  Throttle ativo [BTC/USDT]:
2025-11-28 13:15:55 [INFO] scanner -    ├─ Último alerta há 594.6 minutos
2025-11-28 13:15:55 [INFO] scanner -    ├─ Tempo mínimo: 1800 minutos
2025-11-28 13:15:55 [INFO] scanner -    └─ Próximo permitido em: 1205.4 minutos
2025-11-28 13:15:57 [WARNING] root - Bloco de componentes falhou: cannot unpack non-iterable int object
2025-11-28 13:15:57 [INFO] scanner - ✅ Validações OK [ETH/USDT]: Score=7.3, R:R=2.00
2025-11-28 13:15:57 [INFO] scanner - ⏸️  Throttle ativo [ETH/USDT]:
2025-11-28 13:15:57 [INFO] scanner -    ├─ Último alerta há 421.7 minutos
2025-11-28 13:15:57 [INFO] scanner -    ├─ Tempo mínimo: 1800 minutos
2025-11-28 13:15:57 [INFO] scanner -    └─ Próximo permitido em: 1378.3 minutos
2025-11-28 13:45:12 [INFO] scanner - ============================================================
2025-11-28 13:45:12 [INFO] scanner - 🚀 SCANNER INICIADO
2025-11-28 13:45:12 [INFO] scanner - 📅 Data/Hora: 28/11/2025 13:45:12
2025-11-28 13:45:12 [INFO] scanner - 📂 Log: logs/scanner_2025-11-28.log
2025-11-28 13:45:12 [INFO] scanner - ============================================================
2025-11-28 13:45:12 [INFO] scanner - 📝 PAPER MODE ATIVO - Apenas registro e análise
2025-11-28 13:45:15 [WARNING] root - Bloco de componentes falhou: cannot unpack non-iterable int object
2025-11-28 13:45:15 [INFO] scanner - ✅ Validações OK [BTC/USDT]: Score=10.0, R:R=2.08
2025-11-28 13:45:15 [INFO] scanner - ⏸️  Throttle ativo [BTC/USDT]:
2025-11-28 13:45:15 [INFO] scanner -    ├─ Último alerta há 624.0 minutos
2025-11-28 13:45:15 [INFO] scanner -    ├─ Tempo mínimo: 1800 minutos
2025-11-28 13:45:15 [INFO] scanner -    └─ Próximo permitido em: 1176.0 minutos
2025-11-28 13:45:15 [WARNING] root - Bloco de componentes falhou: cannot unpack non-iterable int object
2025-11-28 13:45:15 [INFO] scanner - ✅ Validações OK [BTC/USDT]: Score=7.3, R:R=2.08
2025-11-28 13:45:15 [INFO] scanner - ⏸️  Throttle ativo [BTC/USDT]:
2025-11-28 13:45:15 [INFO] scanner -    ├─ Último alerta há 624.0 minutos
2025-11-28 13:45:15 [INFO] scanner -    ├─ Tempo mínimo: 1800 minutos
2025-11-28 13:45:15 [INFO] scanner -    └─ Próximo permitido em: 1176.0 minutos
2025-11-28 13:45:16 [WARNING] root - Bloco de componentes falhou: cannot unpack non-iterable int object
2025-11-28 13:45:16 [INFO] scanner - ✅ Validações OK [BTC/USDT]: Score=7.3, R:R=2.08
2025-11-28 13:45:16 [INFO] scanner - ⏸️  Throttle ativo [BTC/USDT]:
2025-11-28 13:45:16 [INFO] scanner -    ├─ Último alerta há 624.0 minutos
2025-11-28 13:45:16 [INFO] scanner -    ├─ Tempo mínimo: 1800 minutos
2025-11-28 13:45:16 [INFO] scanner -    └─ Próximo permitido em: 1176.0 minutos
2025-11-28 13:45:18 [WARNING] root - Bloco de componentes falhou: cannot unpack non-iterable int object
2025-11-28 13:45:18 [INFO] scanner - ✅ Validações OK [ETH/USDT]: Score=10.0, R:R=2.00
2025-11-28 13:45:18 [INFO] scanner - ⏸️  Throttle ativo [ETH/USDT]:
2025-11-28 13:45:18 [INFO] scanner -    ├─ Último alerta há 451.0 minutos
2025-11-28 13:45:18 [INFO] scanner -    ├─ Tempo mínimo: 1800 minutos
2025-11-28 13:45:18 [INFO] scanner -    └─ Próximo permitido em: 1349.0 minutos
2025-11-28 13:45:18 [WARNING] root - Bloco de componentes falhou: cannot unpack non-iterable int object
2025-11-28 13:45:18 [INFO] scanner - ✅ Validações OK [ETH/USDT]: Score=7.3, R:R=2.00
2025-11-28 13:45:18 [INFO] scanner - ⏸️  Throttle ativo [ETH/USDT]:
2025-11-28 13:45:18 [INFO] scanner -    ├─ Último alerta há 451.0 minutos
2025-11-28 13:45:18 [INFO] scanner -    ├─ Tempo mínimo: 1800 minutos
2025-11-28 13:45:18 [INFO] scanner -    └─ Próximo permitido em: 1349.0 minutos
2025-11-28 13:45:18 [WARNING] root - Bloco de componentes falhou: cannot unpack non-iterable int object
2025-11-28 13:45:18 [INFO] scanner - ✅ Validações OK [ETH/USDT]: Score=7.3, R:R=2.00
2025-11-28 13:45:18 [INFO] scanner - ⏸️  Throttle ativo [ETH/USDT]:
2025-11-28 13:45:18 [INFO] scanner -    ├─ Último alerta há 451.0 minutos
2025-11-28 13:45:18 [INFO] scanner -    ├─ Tempo mínimo: 1800 minutos
2025-11-28 13:45:18 [INFO] scanner -    └─ Próximo permitido em: 1349.0 minutos
2025-11-28 13:55:05 [INFO] scanner - ============================================================
2025-11-28 13:55:05 [INFO] scanner - 🚀 SCANNER INICIADO
2025-11-28 13:55:05 [INFO] scanner - 📅 Data/Hora: 28/11/2025 13:55:05
2025-11-28 13:55:05 [INFO] scanner - 📂 Log: logs/scanner_2025-11-28.log
2025-11-28 13:55:05 [INFO] scanner - ============================================================
2025-11-28 13:55:05 [INFO] scanner - 📝 PAPER MODE ATIVO - Apenas registro e análise
2025-11-28 13:55:09 [WARNING] root - Bloco de componentes falhou: cannot unpack non-iterable int object
2025-11-28 13:55:09 [INFO] scanner - ✅ Validações OK [BTC/USDT]: Score=7.3, R:R=2.08
2025-11-28 13:55:09 [INFO] scanner - ⏸️  Throttle ativo [BTC/USDT]:
2025-11-28 13:55:09 [INFO] scanner -    ├─ Último alerta há 633.9 minutos
2025-11-28 13:55:09 [INFO] scanner -    ├─ Tempo mínimo: 1800 minutos
2025-11-28 13:55:09 [INFO] scanner -    └─ Próximo permitido em: 1166.1 minutos
2025-11-28 13:55:11 [WARNING] root - Bloco de componentes falhou: cannot unpack non-iterable int object
2025-11-28 13:55:11 [INFO] scanner - ✅ Validações OK [ETH/USDT]: Score=10.0, R:R=2.00
2025-11-28 13:55:11 [INFO] scanner - ⏸️  Throttle ativo [ETH/USDT]:
2025-11-28 13:55:11 [INFO] scanner -    ├─ Último alerta há 460.9 minutos
2025-11-28 13:55:11 [INFO] scanner -    ├─ Tempo mínimo: 1800 minutos
2025-11-28 13:55:11 [INFO] scanner -    └─ Próximo permitido em: 1339.1 minutos
2025-11-28 13:55:11 [WARNING] root - Bloco de componentes falhou: cannot unpack non-iterable int object
2025-11-28 13:55:11 [INFO] scanner - ✅ Validações OK [ETH/USDT]: Score=7.3, R:R=2.00
2025-11-28 13:55:11 [INFO] scanner - ⏸️  Throttle ativo [ETH/USDT]:
2025-11-28 13:55:11 [INFO] scanner -    ├─ Último alerta há 460.9 minutos
2025-11-28 13:55:11 [INFO] scanner -    ├─ Tempo mínimo: 1800 minutos
2025-11-28 13:55:11 [INFO] scanner -    └─ Próximo permitido em: 1339.1 minutos
2025-11-28 13:55:12 [WARNING] root - Bloco de componentes falhou: cannot unpack non-iterable int object
2025-11-28 13:55:12 [INFO] scanner - ✅ Validações OK [ETH/USDT]: Score=7.3, R:R=2.00
2025-11-28 13:55:12 [INFO] scanner - ⏸️  Throttle ativo [ETH/USDT]:
2025-11-28 13:55:12 [INFO] scanner -    ├─ Último alerta há 460.9 minutos
2025-11-28 13:55:12 [INFO] scanner -    ├─ Tempo mínimo: 1800 minutos
2025-11-28 13:55:12 [INFO] scanner -    └─ Próximo permitido em: 1339.1 minutos
2025-11-28 14:11:31 [INFO] scanner - ============================================================
2025-11-28 14:11:31 [INFO] scanner - 🚀 SCANNER INICIADO
2025-11-28 14:11:31 [INFO] scanner - 📅 Data/Hora: 28/11/2025 14:11:31
2025-11-28 14:11:31 [INFO] scanner - 📂 Log: logs/scanner_2025-11-28.log
2025-11-28 14:11:31 [INFO] scanner - ============================================================
2025-11-28 14:11:31 [INFO] scanner - 📝 PAPER MODE ATIVO - Apenas registro e análise
2025-11-28 14:11:34 [WARNING] root - Bloco de componentes falhou: cannot unpack non-iterable int object
2025-11-28 14:11:34 [INFO] scanner - ✅ Validações OK [BTC/USDT]: Score=7.3, R:R=2.08
2025-11-28 14:11:34 [INFO] scanner - ⏸️  Throttle ativo [BTC/USDT]:
2025-11-28 14:11:34 [INFO] scanner -    ├─ Último alerta há 650.3 minutos
2025-11-28 14:11:34 [INFO] scanner -    ├─ Tempo mínimo: 1800 minutos
2025-11-28 14:11:34 [INFO] scanner -    └─ Próximo permitido em: 1149.7 minutos
2025-11-28 14:11:37 [WARNING] root - Bloco de componentes falhou: cannot unpack non-iterable int object
2025-11-28 14:11:37 [INFO] scanner - ✅ Validações OK [ETH/USDT]: Score=7.3, R:R=2.00
2025-11-28 14:11:37 [INFO] scanner - ⏸️  Throttle ativo [ETH/USDT]:
2025-11-28 14:11:37 [INFO] scanner -    ├─ Último alerta há 477.3 minutos
2025-11-28 14:11:37 [INFO] scanner -    ├─ Tempo mínimo: 1800 minutos
2025-11-28 14:11:37 [INFO] scanner -    └─ Próximo permitido em: 1322.7 minutos
2025-11-28 14:30:34 [INFO] scanner - ============================================================
2025-11-28 14:30:34 [INFO] scanner - 🚀 SCANNER INICIADO
2025-11-28 14:30:34 [INFO] scanner - 📅 Data/Hora: 28/11/2025 14:30:34
2025-11-28 14:30:34 [INFO] scanner - 📂 Log: logs/scanner_2025-11-28.log
2025-11-28 14:30:34 [INFO] scanner - ============================================================
2025-11-28 14:30:34 [INFO] scanner - 📝 PAPER MODE ATIVO - Apenas registro e análise
2025-11-28 14:30:37 [WARNING] root - Bloco de componentes falhou: cannot unpack non-iterable int object
2025-11-28 14:30:37 [INFO] scanner - ✅ Validações OK [BTC/USDT]: Score=7.3, R:R=2.08
2025-11-28 14:30:37 [INFO] scanner - ⏸️  Throttle ativo [BTC/USDT]:
2025-11-28 14:30:37 [INFO] scanner -    ├─ Último alerta há 669.3 minutos
2025-11-28 14:30:37 [INFO] scanner -    ├─ Tempo mínimo: 1800 minutos
2025-11-28 14:30:37 [INFO] scanner -    └─ Próximo permitido em: 1130.7 minutos
2025-11-28 14:30:39 [WARNING] root - Bloco de componentes falhou: cannot unpack non-iterable int object
2025-11-28 14:30:39 [INFO] scanner - ✅ Validações OK [ETH/USDT]: Score=7.3, R:R=2.00
2025-11-28 14:30:39 [INFO] scanner - ⏸️  Throttle ativo [ETH/USDT]:
2025-11-28 14:30:39 [INFO] scanner -    ├─ Último alerta há 496.4 minutos
2025-11-28 14:30:39 [INFO] scanner -    ├─ Tempo mínimo: 1800 minutos
2025-11-28 14:30:39 [INFO] scanner -    └─ Próximo permitido em: 1303.6 minutos
2025-11-28 14:48:06 [INFO] scanner - ============================================================
2025-11-28 14:48:06 [INFO] scanner - 🚀 SCANNER INICIADO
2025-11-28 14:48:06 [INFO] scanner - 📅 Data/Hora: 28/11/2025 14:48:06
2025-11-28 14:48:06 [INFO] scanner - 📂 Log: logs/scanner_2025-11-28.log
2025-11-28 14:48:06 [INFO] scanner - ============================================================
2025-11-28 14:48:06 [INFO] scanner - 📝 PAPER MODE ATIVO - Apenas registro e análise
2025-11-28 14:48:09 [WARNING] root - Bloco de componentes falhou: cannot unpack non-iterable int object
2025-11-28 14:48:09 [INFO] scanner - ✅ Validações OK [BTC/USDT]: Score=7.3, R:R=2.08
2025-11-28 14:48:09 [INFO] scanner - ⏸️  Throttle ativo [BTC/USDT]:
2025-11-28 14:48:09 [INFO] scanner -    ├─ Último alerta há 686.9 minutos
2025-11-28 14:48:09 [INFO] scanner -    ├─ Tempo mínimo: 1800 minutos
2025-11-28 14:48:09 [INFO] scanner -    └─ Próximo permitido em: 1113.1 minutos
2025-11-28 14:48:12 [WARNING] root - Bloco de componentes falhou: cannot unpack non-iterable int object
2025-11-28 14:48:12 [INFO] scanner - ✅ Validações OK [ETH/USDT]: Score=7.3, R:R=2.00
2025-11-28 14:48:12 [INFO] scanner - ⏸️  Throttle ativo [ETH/USDT]:
2025-11-28 14:48:12 [INFO] scanner -    ├─ Último alerta há 513.9 minutos
2025-11-28 14:48:12 [INFO] scanner -    ├─ Tempo mínimo: 1800 minutos
2025-11-28 14:48:12 [INFO] scanner -    └─ Próximo permitido em: 1286.1 minutos
2025-11-28 15:18:19 [INFO] scanner - ============================================================
2025-11-28 15:18:19 [INFO] scanner - 🚀 SCANNER INICIADO
2025-11-28 15:18:19 [INFO] scanner - 📅 Data/Hora: 28/11/2025 15:18:19
2025-11-28 15:18:19 [INFO] scanner - 📂 Log: logs/scanner_2025-11-28.log
2025-11-28 15:18:19 [INFO] scanner - ============================================================
2025-11-28 15:18:19 [INFO] scanner - 📝 PAPER MODE ATIVO - Apenas registro e análise
2025-11-28 15:46:40 [INFO] scanner - ============================================================
2025-11-28 15:46:40 [INFO] scanner - 🚀 SCANNER INICIADO
2025-11-28 15:46:40 [INFO] scanner - 📅 Data/Hora: 28/11/2025 15:46:40
2025-11-28 15:46:40 [INFO] scanner - 📂 Log: logs/scanner_2025-11-28.log
2025-11-28 15:46:40 [INFO] scanner - ============================================================
2025-11-28 15:46:40 [INFO] scanner - 📝 PAPER MODE ATIVO - Apenas registro e análise
2025-11-28 16:10:03 [INFO] scanner - ============================================================
2025-11-28 16:10:03 [INFO] scanner - 🚀 SCANNER INICIADO
2025-11-28 16:10:03 [INFO] scanner - 📅 Data/Hora: 28/11/2025 16:10:03
2025-11-28 16:10:03 [INFO] scanner - 📂 Log: logs/scanner_2025-11-28.log
2025-11-28 16:10:03 [INFO] scanner - ============================================================
2025-11-28 16:10:03 [INFO] scanner - 📝 PAPER MODE ATIVO - Apenas registro e análise
2025-11-28 16:25:04 [INFO] scanner - ============================================================
2025-11-28 16:25:04 [INFO] scanner - 🚀 SCANNER INICIADO
2025-11-28 16:25:04 [INFO] scanner - 📅 Data/Hora: 28/11/2025 16:25:04
2025-11-28 16:25:04 [INFO] scanner - 📂 Log: logs/scanner_2025-11-28.log
2025-11-28 16:25:04 [INFO] scanner - ============================================================
2025-11-28 16:25:04 [INFO] scanner - 📝 PAPER MODE ATIVO - Apenas registro e análise
2025-11-28 16:34:07 [INFO] scanner - ============================================================
2025-11-28 16:34:07 [INFO] scanner - 🚀 SCANNER INICIADO
2025-11-28 16:34:07 [INFO] scanner - 📅 Data/Hora: 28/11/2025 16:34:07
2025-11-28 16:34:07 [INFO] scanner - 📂 Log: logs/scanner_2025-11-28.log
2025-11-28 16:34:07 [INFO] scanner - ============================================================
2025-11-28 16:34:07 [INFO] scanner - 📝 PAPER MODE ATIVO - Apenas registro e análise
2025-11-28 16:48:02 [INFO] scanner - ============================================================
2025-11-28 16:48:02 [INFO] scanner - 🚀 SCANNER INICIADO
2025-11-28 16:48:02 [INFO] scanner - 📅 Data/Hora: 28/11/2025 16:48:02
2025-11-28 16:48:02 [INFO] scanner - 📂 Log: logs/scanner_2025-11-28.log
2025-11-28 16:48:02 [INFO] scanner - ============================================================
2025-11-28 16:48:02 [INFO] scanner - 📝 PAPER MODE ATIVO - Apenas registro e análise
2025-11-28 17:14:12 [INFO] scanner - ============================================================
2025-11-28 17:14:12 [INFO] scanner - 🚀 SCANNER INICIADO
2025-11-28 17:14:12 [INFO] scanner - 📅 Data/Hora: 28/11/2025 17:14:12
2025-11-28 17:14:12 [INFO] scanner - 📂 Log: logs/scanner_2025-11-28.log
2025-11-28 17:14:12 [INFO] scanner - ============================================================
2025-11-28 17:14:12 [INFO] scanner - 📝 PAPER MODE ATIVO - Apenas registro e análise
2025-11-28 17:33:40 [INFO] scanner - ============================================================
2025-11-28 17:33:40 [INFO] scanner - 🚀 SCANNER INICIADO
2025-11-28 17:33:40 [INFO] scanner - 📅 Data/Hora: 28/11/2025 17:33:40
2025-11-28 17:33:40 [INFO] scanner - 📂 Log: logs/scanner_2025-11-28.log
2025-11-28 17:33:40 [INFO] scanner - ============================================================
2025-11-28 17:33:40 [INFO] scanner - 📝 PAPER MODE ATIVO - Apenas registro e análise
2025-11-28 17:48:54 [INFO] scanner - ============================================================
2025-11-28 17:48:54 [INFO] scanner - 🚀 SCANNER INICIADO
2025-11-28 17:48:54 [INFO] scanner - 📅 Data/Hora: 28/11/2025 17:48:54
2025-11-28 17:48:54 [INFO] scanner - 📂 Log: logs/scanner_2025-11-28.log
2025-11-28 17:48:54 [INFO] scanner - ============================================================
2025-11-28 17:48:54 [INFO] scanner - 📝 PAPER MODE ATIVO - Apenas registro e análise
