2026-05-28 06:47:54 [INFO] scanner - ============================================================
2026-05-28 06:47:54 [INFO] scanner - 🚀 SCANNER INICIADO
2026-05-28 06:47:54 [INFO] scanner - 📅 Data/Hora: 28/05/2026 06:47:54
2026-05-28 06:47:54 [INFO] scanner - 📂 Log: logs/scanner_2026-05-28.log
2026-05-28 06:47:54 [INFO] scanner - ============================================================
2026-05-28 06:47:54 [INFO] scanner - 📝 PAPER MODE ATIVO - Apenas registro e análise
2026-05-28 10:40:44 [INFO] scanner - ============================================================
2026-05-28 10:40:44 [INFO] scanner - 🚀 SCANNER INICIADO
2026-05-28 10:40:44 [INFO] scanner - 📅 Data/Hora: 28/05/2026 10:40:44
2026-05-28 10:40:44 [INFO] scanner - 📂 Log: logs/scanner_2026-05-28.log
2026-05-28 10:40:44 [INFO] scanner - ============================================================
2026-05-28 10:40:44 [INFO] scanner - 📝 PAPER MODE ATIVO - Apenas registro e análise
2026-05-28 10:40:48 [WARNING] root - Bloco de componentes falhou: cannot unpack non-iterable int object
2026-05-28 10:40:48 [INFO] scanner - ✅ Validações OK [BTC/USDT]: Score=7.3, R:R=2.08
2026-05-28 10:40:48 [INFO] scanner - ⏸️  Throttle ativo [BTC/USDT]:
2026-05-28 10:40:48 [INFO] scanner -    ├─ Último alerta há 1143.2 minutos
2026-05-28 10:40:48 [INFO] scanner -    ├─ Tempo mínimo: 1800 minutos
2026-05-28 10:40:48 [INFO] scanner -    └─ Próximo permitido em: 656.8 minutos
2026-05-28 10:40:50 [WARNING] root - Bloco de componentes falhou: cannot unpack non-iterable int object
2026-05-28 10:40:50 [INFO] scanner - ✅ Validações OK [ETH/USDT]: Score=7.3, R:R=2.00
2026-05-28 10:40:50 [INFO] scanner - ⏸️  Throttle ativo [ETH/USDT]:
2026-05-28 10:40:50 [INFO] scanner -    ├─ Último alerta há 1689.8 minutos
2026-05-28 10:40:50 [INFO] scanner -    ├─ Tempo mínimo: 1800 minutos
2026-05-28 10:40:50 [INFO] scanner -    └─ Próximo permitido em: 110.2 minutos
2026-05-28 14:27:10 [INFO] scanner - ============================================================
2026-05-28 14:27:10 [INFO] scanner - 🚀 SCANNER INICIADO
2026-05-28 14:27:10 [INFO] scanner - 📅 Data/Hora: 28/05/2026 14:27:10
2026-05-28 14:27:10 [INFO] scanner - 📂 Log: logs/scanner_2026-05-28.log
2026-05-28 14:27:10 [INFO] scanner - ============================================================
2026-05-28 14:27:10 [INFO] scanner - 📝 PAPER MODE ATIVO - Apenas registro e análise
