2026-07-17 04:53:51 [INFO] scanner - ============================================================
2026-07-17 04:53:51 [INFO] scanner - 🚀 SCANNER INICIADO
2026-07-17 04:53:51 [INFO] scanner - 📅 Data/Hora: 17/07/2026 04:53:51
2026-07-17 04:53:51 [INFO] scanner - 📂 Log: logs/scanner_2026-07-17.log
2026-07-17 04:53:51 [INFO] scanner - ============================================================
2026-07-17 04:53:51 [INFO] scanner - 📝 PAPER MODE ATIVO - Apenas registro e análise
2026-07-17 04:53:55 [WARNING] root - Bloco de componentes falhou: cannot unpack non-iterable int object
2026-07-17 04:53:55 [INFO] scanner - ✅ Validações OK [BTC/USDT]: Score=7.3, R:R=2.08
2026-07-17 04:53:55 [INFO] scanner - ✅ Throttle OK [BTC/USDT]: Pode enviar
2026-07-17 04:53:56 [WARNING] root - Bloco de componentes falhou: cannot unpack non-iterable int object
2026-07-17 04:53:56 [INFO] scanner - ✅ Validações OK [BTC/USDT]: Score=7.3, R:R=2.08
2026-07-17 04:53:56 [INFO] scanner - ⏸️  Throttle ativo [BTC/USDT]:
2026-07-17 04:53:56 [INFO] scanner -    ├─ Último alerta há 0.0 minutos
2026-07-17 04:53:56 [INFO] scanner -    ├─ Tempo mínimo: 1800 minutos
2026-07-17 04:53:56 [INFO] scanner -    └─ Próximo permitido em: 1800.0 minutos
2026-07-17 04:53:58 [WARNING] root - Bloco de componentes falhou: cannot unpack non-iterable int object
2026-07-17 04:53:58 [INFO] scanner - ✅ Validações OK [ETH/USDT]: Score=7.3, R:R=2.00
2026-07-17 04:53:58 [INFO] scanner - ✅ Throttle OK [ETH/USDT]: Pode enviar
2026-07-17 06:48:43 [INFO] scanner - ============================================================
2026-07-17 06:48:43 [INFO] scanner - 🚀 SCANNER INICIADO
2026-07-17 06:48:43 [INFO] scanner - 📅 Data/Hora: 17/07/2026 06:48:43
2026-07-17 06:48:43 [INFO] scanner - 📂 Log: logs/scanner_2026-07-17.log
2026-07-17 06:48:43 [INFO] scanner - ============================================================
2026-07-17 06:48:43 [INFO] scanner - 📝 PAPER MODE ATIVO - Apenas registro e análise
2026-07-17 06:48:48 [WARNING] root - Bloco de componentes falhou: cannot unpack non-iterable int object
2026-07-17 06:48:48 [INFO] scanner - ✅ Validações OK [BTC/USDT]: Score=8.3, R:R=2.08
2026-07-17 06:48:48 [INFO] scanner - ⏸️  Throttle ativo [BTC/USDT]:
2026-07-17 06:48:48 [INFO] scanner -    ├─ Último alerta há 114.9 minutos
2026-07-17 06:48:48 [INFO] scanner -    ├─ Tempo mínimo: 1800 minutos
2026-07-17 06:48:48 [INFO] scanner -    └─ Próximo permitido em: 1685.1 minutos
2026-07-17 06:48:48 [WARNING] root - Bloco de componentes falhou: cannot unpack non-iterable int object
2026-07-17 06:48:48 [INFO] scanner - ✅ Validações OK [BTC/USDT]: Score=7.3, R:R=2.08
2026-07-17 06:48:48 [INFO] scanner - ⏸️  Throttle ativo [BTC/USDT]:
2026-07-17 06:48:48 [INFO] scanner -    ├─ Último alerta há 114.9 minutos
2026-07-17 06:48:48 [INFO] scanner -    ├─ Tempo mínimo: 1800 minutos
2026-07-17 06:48:48 [INFO] scanner -    └─ Próximo permitido em: 1685.1 minutos
2026-07-17 06:48:51 [WARNING] root - Bloco de componentes falhou: cannot unpack non-iterable int object
2026-07-17 06:48:51 [INFO] scanner - ✅ Validações OK [ETH/USDT]: Score=7.3, R:R=2.00
2026-07-17 06:48:51 [INFO] scanner - ⏸️  Throttle ativo [ETH/USDT]:
2026-07-17 06:48:51 [INFO] scanner -    ├─ Último alerta há 114.9 minutos
2026-07-17 06:48:51 [INFO] scanner -    ├─ Tempo mínimo: 1800 minutos
2026-07-17 06:48:51 [INFO] scanner -    └─ Próximo permitido em: 1685.1 minutos
