2025-11-13 03:20:51 [INFO] scanner - ============================================================
2025-11-13 03:20:51 [INFO] scanner - 🚀 SCANNER INICIADO
2025-11-13 03:20:51 [INFO] scanner - 📅 Data/Hora: 13/11/2025 03:20:51
2025-11-13 03:20:51 [INFO] scanner - 📂 Log: logs/scanner_2025-11-13.log
2025-11-13 03:20:51 [INFO] scanner - ============================================================
2025-11-13 03:20:51 [INFO] scanner - 📝 PAPER MODE ATIVO - Apenas registro e análise
2025-11-13 03:20:54 [WARNING] root - Bloco de componentes falhou: cannot unpack non-iterable int object
2025-11-13 03:20:54 [INFO] scanner - ✅ Validações OK [BTC/USDT]: Score=7.3, R:R=2.08
2025-11-13 03:20:54 [INFO] scanner - ⏸️  Throttle ativo [BTC/USDT]:
2025-11-13 03:20:54 [INFO] scanner -    ├─ Último alerta há 1074.3 minutos
2025-11-13 03:20:54 [INFO] scanner -    ├─ Tempo mínimo: 1800 minutos
2025-11-13 03:20:54 [INFO] scanner -    └─ Próximo permitido em: 725.7 minutos
2025-11-13 03:20:56 [WARNING] root - Bloco de componentes falhou: cannot unpack non-iterable int object
2025-11-13 03:20:56 [INFO] scanner - ✅ Validações OK [ETH/USDT]: Score=7.3, R:R=2.00
2025-11-13 03:20:56 [INFO] scanner - ⏸️  Throttle ativo [ETH/USDT]:
2025-11-13 03:20:56 [INFO] scanner -    ├─ Último alerta há 1148.8 minutos
2025-11-13 03:20:56 [INFO] scanner -    ├─ Tempo mínimo: 1800 minutos
2025-11-13 03:20:56 [INFO] scanner -    └─ Próximo permitido em: 651.2 minutos
2025-11-13 03:49:56 [INFO] scanner - ============================================================
2025-11-13 03:49:56 [INFO] scanner - 🚀 SCANNER INICIADO
2025-11-13 03:49:56 [INFO] scanner - 📅 Data/Hora: 13/11/2025 03:49:56
2025-11-13 03:49:56 [INFO] scanner - 📂 Log: logs/scanner_2025-11-13.log
2025-11-13 03:49:56 [INFO] scanner - ============================================================
2025-11-13 03:49:56 [INFO] scanner - 📝 PAPER MODE ATIVO - Apenas registro e análise
2025-11-13 03:49:59 [WARNING] root - Bloco de componentes falhou: cannot unpack non-iterable int object
2025-11-13 03:49:59 [INFO] scanner - ✅ Validações OK [BTC/USDT]: Score=7.8, R:R=2.08
2025-11-13 03:49:59 [INFO] scanner - ⏸️  Throttle ativo [BTC/USDT]:
2025-11-13 03:49:59 [INFO] scanner -    ├─ Último alerta há 1103.4 minutos
2025-11-13 03:49:59 [INFO] scanner -    ├─ Tempo mínimo: 1800 minutos
2025-11-13 03:49:59 [INFO] scanner -    └─ Próximo permitido em: 696.6 minutos
2025-11-13 03:50:00 [WARNING] root - Bloco de componentes falhou: cannot unpack non-iterable int object
2025-11-13 03:50:00 [INFO] scanner - ✅ Validações OK [BTC/USDT]: Score=7.8, R:R=2.08
2025-11-13 03:50:00 [INFO] scanner - ⏸️  Throttle ativo [BTC/USDT]:
2025-11-13 03:50:00 [INFO] scanner -    ├─ Último alerta há 1103.4 minutos
2025-11-13 03:50:00 [INFO] scanner -    ├─ Tempo mínimo: 1800 minutos
2025-11-13 03:50:00 [INFO] scanner -    └─ Próximo permitido em: 696.6 minutos
2025-11-13 03:50:00 [WARNING] root - Bloco de componentes falhou: cannot unpack non-iterable int object
2025-11-13 03:50:00 [INFO] scanner - ✅ Validações OK [BTC/USDT]: Score=7.8, R:R=2.08
2025-11-13 03:50:00 [INFO] scanner - ⏸️  Throttle ativo [BTC/USDT]:
2025-11-13 03:50:00 [INFO] scanner -    ├─ Último alerta há 1103.4 minutos
2025-11-13 03:50:00 [INFO] scanner -    ├─ Tempo mínimo: 1800 minutos
2025-11-13 03:50:00 [INFO] scanner -    └─ Próximo permitido em: 696.6 minutos
2025-11-13 03:50:03 [WARNING] root - Bloco de componentes falhou: cannot unpack non-iterable int object
2025-11-13 03:50:03 [INFO] scanner - ✅ Validações OK [ETH/USDT]: Score=7.3, R:R=2.00
2025-11-13 03:50:03 [INFO] scanner - ⏸️  Throttle ativo [ETH/USDT]:
2025-11-13 03:50:03 [INFO] scanner -    ├─ Último alerta há 1177.9 minutos
2025-11-13 03:50:03 [INFO] scanner -    ├─ Tempo mínimo: 1800 minutos
2025-11-13 03:50:03 [INFO] scanner -    └─ Próximo permitido em: 622.1 minutos
2025-11-13 03:50:03 [WARNING] root - Bloco de componentes falhou: cannot unpack non-iterable int object
2025-11-13 03:50:03 [INFO] scanner - ✅ Validações OK [ETH/USDT]: Score=7.3, R:R=2.00
2025-11-13 03:50:03 [INFO] scanner - ⏸️  Throttle ativo [ETH/USDT]:
2025-11-13 03:50:03 [INFO] scanner -    ├─ Último alerta há 1177.9 minutos
2025-11-13 03:50:03 [INFO] scanner -    ├─ Tempo mínimo: 1800 minutos
2025-11-13 03:50:03 [INFO] scanner -    └─ Próximo permitido em: 622.1 minutos
2025-11-13 03:50:03 [WARNING] root - Bloco de componentes falhou: cannot unpack non-iterable int object
2025-11-13 03:50:03 [INFO] scanner - ✅ Validações OK [ETH/USDT]: Score=7.3, R:R=2.00
2025-11-13 03:50:03 [INFO] scanner - ⏸️  Throttle ativo [ETH/USDT]:
2025-11-13 03:50:03 [INFO] scanner -    ├─ Último alerta há 1177.9 minutos
2025-11-13 03:50:03 [INFO] scanner -    ├─ Tempo mínimo: 1800 minutos
2025-11-13 03:50:03 [INFO] scanner -    └─ Próximo permitido em: 622.1 minutos
2025-11-13 04:13:35 [INFO] scanner - ============================================================
2025-11-13 04:13:35 [INFO] scanner - 🚀 SCANNER INICIADO
2025-11-13 04:13:35 [INFO] scanner - 📅 Data/Hora: 13/11/2025 04:13:35
2025-11-13 04:13:35 [INFO] scanner - 📂 Log: logs/scanner_2025-11-13.log
2025-11-13 04:13:35 [INFO] scanner - ============================================================
2025-11-13 04:13:35 [INFO] scanner - 📝 PAPER MODE ATIVO - Apenas registro e análise
2025-11-13 04:13:38 [WARNING] root - Bloco de componentes falhou: cannot unpack non-iterable int object
2025-11-13 04:13:38 [INFO] scanner - ✅ Validações OK [BTC/USDT]: Score=7.3, R:R=2.08
2025-11-13 04:13:38 [INFO] scanner - ⏸️  Throttle ativo [BTC/USDT]:
2025-11-13 04:13:38 [INFO] scanner -    ├─ Último alerta há 1127.1 minutos
2025-11-13 04:13:38 [INFO] scanner -    ├─ Tempo mínimo: 1800 minutos
2025-11-13 04:13:38 [INFO] scanner -    └─ Próximo permitido em: 672.9 minutos
2025-11-13 04:13:38 [WARNING] root - Bloco de componentes falhou: cannot unpack non-iterable int object
2025-11-13 04:13:38 [INFO] scanner - ✅ Validações OK [BTC/USDT]: Score=7.3, R:R=2.08
2025-11-13 04:13:38 [INFO] scanner - ⏸️  Throttle ativo [BTC/USDT]:
2025-11-13 04:13:38 [INFO] scanner -    ├─ Último alerta há 1127.1 minutos
2025-11-13 04:13:38 [INFO] scanner -    ├─ Tempo mínimo: 1800 minutos
2025-11-13 04:13:38 [INFO] scanner -    └─ Próximo permitido em: 672.9 minutos
2025-11-13 04:13:40 [WARNING] root - Bloco de componentes falhou: cannot unpack non-iterable int object
2025-11-13 04:13:40 [INFO] scanner - ✅ Validações OK [ETH/USDT]: Score=7.3, R:R=2.00
2025-11-13 04:13:40 [INFO] scanner - ⏸️  Throttle ativo [ETH/USDT]:
2025-11-13 04:13:40 [INFO] scanner -    ├─ Último alerta há 1201.5 minutos
2025-11-13 04:13:40 [INFO] scanner -    ├─ Tempo mínimo: 1800 minutos
2025-11-13 04:13:40 [INFO] scanner -    └─ Próximo permitido em: 598.5 minutos
2025-11-13 04:13:41 [WARNING] root - Bloco de componentes falhou: cannot unpack non-iterable int object
2025-11-13 04:13:41 [INFO] scanner - ✅ Validações OK [ETH/USDT]: Score=7.3, R:R=2.00
2025-11-13 04:13:41 [INFO] scanner - ⏸️  Throttle ativo [ETH/USDT]:
2025-11-13 04:13:41 [INFO] scanner -    ├─ Último alerta há 1201.5 minutos
2025-11-13 04:13:41 [INFO] scanner -    ├─ Tempo mínimo: 1800 minutos
2025-11-13 04:13:41 [INFO] scanner -    └─ Próximo permitido em: 598.5 minutos
