2026-01-21 03:25:24 [INFO] scanner - ============================================================
2026-01-21 03:25:24 [INFO] scanner - 🚀 SCANNER INICIADO
2026-01-21 03:25:24 [INFO] scanner - 📅 Data/Hora: 21/01/2026 03:25:24
2026-01-21 03:25:24 [INFO] scanner - 📂 Log: logs/scanner_2026-01-21.log
2026-01-21 03:25:24 [INFO] scanner - ============================================================
2026-01-21 03:25:24 [INFO] scanner - 📝 PAPER MODE ATIVO - Apenas registro e análise
2026-01-21 04:00:09 [INFO] scanner - ============================================================
2026-01-21 04:00:09 [INFO] scanner - 🚀 SCANNER INICIADO
2026-01-21 04:00:09 [INFO] scanner - 📅 Data/Hora: 21/01/2026 04:00:09
2026-01-21 04:00:09 [INFO] scanner - 📂 Log: logs/scanner_2026-01-21.log
2026-01-21 04:00:09 [INFO] scanner - ============================================================
2026-01-21 04:00:09 [INFO] scanner - 📝 PAPER MODE ATIVO - Apenas registro e análise
2026-01-21 04:00:15 [WARNING] root - Bloco de componentes falhou: cannot unpack non-iterable int object
2026-01-21 04:00:15 [INFO] scanner - ✅ Validações OK [ETH/USDT]: Score=7.3, R:R=2.00
2026-01-21 04:00:15 [INFO] scanner - ✅ Throttle OK [ETH/USDT]: Pode enviar
2026-01-21 04:00:15 [INFO] scanner - 📝 Sinal no ledger: 20260121_040015_720722 - ETH/USDT
2026-01-21 04:00:15 [INFO] scanner - 📨 Alerta enviado | ID Ledger: 20260121_040015_720722
2026-01-21 04:33:45 [INFO] scanner - ============================================================
2026-01-21 04:33:45 [INFO] scanner - 🚀 SCANNER INICIADO
2026-01-21 04:33:45 [INFO] scanner - 📅 Data/Hora: 21/01/2026 04:33:45
2026-01-21 04:33:45 [INFO] scanner - 📂 Log: logs/scanner_2026-01-21.log
2026-01-21 04:33:45 [INFO] scanner - ============================================================
2026-01-21 04:33:45 [INFO] scanner - 📝 PAPER MODE ATIVO - Apenas registro e análise
2026-01-21 04:33:48 [WARNING] root - Bloco de componentes falhou: cannot unpack non-iterable int object
2026-01-21 04:33:48 [INFO] scanner - ✅ Validações OK [BTC/USDT]: Score=7.3, R:R=2.08
2026-01-21 04:33:48 [INFO] scanner - ⏸️  Throttle ativo [BTC/USDT]:
2026-01-21 04:33:48 [INFO] scanner -    ├─ Último alerta há 1508.7 minutos
2026-01-21 04:33:48 [INFO] scanner -    ├─ Tempo mínimo: 1800 minutos
2026-01-21 04:33:48 [INFO] scanner -    └─ Próximo permitido em: 291.3 minutos
2026-01-21 04:54:58 [INFO] scanner - ============================================================
2026-01-21 04:54:58 [INFO] scanner - 🚀 SCANNER INICIADO
2026-01-21 04:54:58 [INFO] scanner - 📅 Data/Hora: 21/01/2026 04:54:58
2026-01-21 04:54:58 [INFO] scanner - 📂 Log: logs/scanner_2026-01-21.log
2026-01-21 04:54:58 [INFO] scanner - ============================================================
2026-01-21 04:54:58 [INFO] scanner - 📝 PAPER MODE ATIVO - Apenas registro e análise
2026-01-21 04:55:01 [WARNING] root - Bloco de componentes falhou: cannot unpack non-iterable int object
2026-01-21 04:55:01 [INFO] scanner - ✅ Validações OK [BTC/USDT]: Score=7.3, R:R=2.08
2026-01-21 04:55:01 [INFO] scanner - ⏸️  Throttle ativo [BTC/USDT]:
2026-01-21 04:55:01 [INFO] scanner -    ├─ Último alerta há 1529.9 minutos
2026-01-21 04:55:01 [INFO] scanner -    ├─ Tempo mínimo: 1800 minutos
2026-01-21 04:55:01 [INFO] scanner -    └─ Próximo permitido em: 270.1 minutos
2026-01-21 04:55:01 [WARNING] root - Bloco de componentes falhou: cannot unpack non-iterable int object
2026-01-21 04:55:01 [INFO] scanner - ✅ Validações OK [BTC/USDT]: Score=7.3, R:R=2.08
2026-01-21 04:55:01 [INFO] scanner - ⏸️  Throttle ativo [BTC/USDT]:
2026-01-21 04:55:01 [INFO] scanner -    ├─ Último alerta há 1529.9 minutos
2026-01-21 04:55:01 [INFO] scanner -    ├─ Tempo mínimo: 1800 minutos
2026-01-21 04:55:01 [INFO] scanner -    └─ Próximo permitido em: 270.1 minutos
2026-01-21 04:55:03 [WARNING] root - Bloco de componentes falhou: cannot unpack non-iterable int object
2026-01-21 04:55:03 [INFO] scanner - ✅ Validações OK [ETH/USDT]: Score=7.3, R:R=2.00
2026-01-21 04:55:03 [INFO] scanner - ⏸️  Throttle ativo [ETH/USDT]:
2026-01-21 04:55:03 [INFO] scanner -    ├─ Último alerta há 54.8 minutos
2026-01-21 04:55:03 [INFO] scanner -    ├─ Tempo mínimo: 1800 minutos
2026-01-21 04:55:03 [INFO] scanner -    └─ Próximo permitido em: 1745.2 minutos
2026-01-21 04:55:04 [WARNING] root - Bloco de componentes falhou: cannot unpack non-iterable int object
2026-01-21 04:55:04 [INFO] scanner - ✅ Validações OK [ETH/USDT]: Score=7.3, R:R=2.00
2026-01-21 04:55:04 [INFO] scanner - ⏸️  Throttle ativo [ETH/USDT]:
2026-01-21 04:55:04 [INFO] scanner -    ├─ Último alerta há 54.8 minutos
2026-01-21 04:55:04 [INFO] scanner -    ├─ Tempo mínimo: 1800 minutos
2026-01-21 04:55:04 [INFO] scanner -    └─ Próximo permitido em: 1745.2 minutos
2026-01-21 05:22:10 [INFO] scanner - ============================================================
2026-01-21 05:22:10 [INFO] scanner - 🚀 SCANNER INICIADO
2026-01-21 05:22:10 [INFO] scanner - 📅 Data/Hora: 21/01/2026 05:22:10
2026-01-21 05:22:10 [INFO] scanner - 📂 Log: logs/scanner_2026-01-21.log
2026-01-21 05:22:10 [INFO] scanner - ============================================================
2026-01-21 05:22:10 [INFO] scanner - 📝 PAPER MODE ATIVO - Apenas registro e análise
2026-01-21 05:22:13 [WARNING] root - Bloco de componentes falhou: cannot unpack non-iterable int object
2026-01-21 05:22:13 [INFO] scanner - ✅ Validações OK [BTC/USDT]: Score=7.3, R:R=2.08
2026-01-21 05:22:13 [INFO] scanner - ⏸️  Throttle ativo [BTC/USDT]:
2026-01-21 05:22:13 [INFO] scanner -    ├─ Último alerta há 1557.1 minutos
2026-01-21 05:22:13 [INFO] scanner -    ├─ Tempo mínimo: 1800 minutos
2026-01-21 05:22:13 [INFO] scanner -    └─ Próximo permitido em: 242.9 minutos
2026-01-21 05:54:15 [INFO] scanner - ============================================================
2026-01-21 05:54:15 [INFO] scanner - 🚀 SCANNER INICIADO
2026-01-21 05:54:15 [INFO] scanner - 📅 Data/Hora: 21/01/2026 05:54:15
2026-01-21 05:54:15 [INFO] scanner - 📂 Log: logs/scanner_2026-01-21.log
2026-01-21 05:54:15 [INFO] scanner - ============================================================
2026-01-21 05:54:15 [INFO] scanner - 📝 PAPER MODE ATIVO - Apenas registro e análise
2026-01-21 05:54:20 [WARNING] root - Bloco de componentes falhou: cannot unpack non-iterable int object
2026-01-21 05:54:20 [INFO] scanner - ✅ Validações OK [ETH/USDT]: Score=7.3, R:R=2.00
2026-01-21 05:54:20 [INFO] scanner - ⏸️  Throttle ativo [ETH/USDT]:
2026-01-21 05:54:20 [INFO] scanner -    ├─ Último alerta há 114.1 minutos
2026-01-21 05:54:20 [INFO] scanner -    ├─ Tempo mínimo: 1800 minutos
2026-01-21 05:54:20 [INFO] scanner -    └─ Próximo permitido em: 1685.9 minutos
2026-01-21 06:25:22 [INFO] scanner - ============================================================
2026-01-21 06:25:22 [INFO] scanner - 🚀 SCANNER INICIADO
2026-01-21 06:25:22 [INFO] scanner - 📅 Data/Hora: 21/01/2026 06:25:22
2026-01-21 06:25:22 [INFO] scanner - 📂 Log: logs/scanner_2026-01-21.log
2026-01-21 06:25:22 [INFO] scanner - ============================================================
2026-01-21 06:25:22 [INFO] scanner - 📝 PAPER MODE ATIVO - Apenas registro e análise
2026-01-21 06:25:27 [WARNING] root - Bloco de componentes falhou: cannot unpack non-iterable int object
2026-01-21 06:25:27 [INFO] scanner - ✅ Validações OK [ETH/USDT]: Score=7.3, R:R=2.00
2026-01-21 06:25:27 [INFO] scanner - ⏸️  Throttle ativo [ETH/USDT]:
2026-01-21 06:25:27 [INFO] scanner -    ├─ Último alerta há 145.2 minutos
2026-01-21 06:25:27 [INFO] scanner -    ├─ Tempo mínimo: 1800 minutos
2026-01-21 06:25:27 [INFO] scanner -    └─ Próximo permitido em: 1654.8 minutos
2026-01-21 06:52:45 [INFO] scanner - ============================================================
2026-01-21 06:52:45 [INFO] scanner - 🚀 SCANNER INICIADO
2026-01-21 06:52:45 [INFO] scanner - 📅 Data/Hora: 21/01/2026 06:52:45
2026-01-21 06:52:45 [INFO] scanner - 📂 Log: logs/scanner_2026-01-21.log
2026-01-21 06:52:45 [INFO] scanner - ============================================================
2026-01-21 06:52:45 [INFO] scanner - 📝 PAPER MODE ATIVO - Apenas registro e análise
2026-01-21 07:19:24 [INFO] scanner - ============================================================
2026-01-21 07:19:24 [INFO] scanner - 🚀 SCANNER INICIADO
2026-01-21 07:19:24 [INFO] scanner - 📅 Data/Hora: 21/01/2026 07:19:24
2026-01-21 07:19:24 [INFO] scanner - 📂 Log: logs/scanner_2026-01-21.log
2026-01-21 07:19:24 [INFO] scanner - ============================================================
2026-01-21 07:19:24 [INFO] scanner - 📝 PAPER MODE ATIVO - Apenas registro e análise
2026-01-21 07:19:29 [WARNING] root - Bloco de componentes falhou: cannot unpack non-iterable int object
2026-01-21 07:19:29 [INFO] scanner - ✅ Validações OK [ETH/USDT]: Score=7.3, R:R=2.00
2026-01-21 07:19:29 [INFO] scanner - ⏸️  Throttle ativo [ETH/USDT]:
2026-01-21 07:19:29 [INFO] scanner -    ├─ Último alerta há 199.2 minutos
2026-01-21 07:19:29 [INFO] scanner -    ├─ Tempo mínimo: 1800 minutos
2026-01-21 07:19:29 [INFO] scanner -    └─ Próximo permitido em: 1600.8 minutos
2026-01-21 07:53:34 [INFO] scanner - ============================================================
2026-01-21 07:53:34 [INFO] scanner - 🚀 SCANNER INICIADO
2026-01-21 07:53:34 [INFO] scanner - 📅 Data/Hora: 21/01/2026 07:53:34
2026-01-21 07:53:34 [INFO] scanner - 📂 Log: logs/scanner_2026-01-21.log
2026-01-21 07:53:34 [INFO] scanner - ============================================================
2026-01-21 07:53:34 [INFO] scanner - 📝 PAPER MODE ATIVO - Apenas registro e análise
2026-01-21 07:53:37 [WARNING] root - Bloco de componentes falhou: cannot unpack non-iterable int object
2026-01-21 07:53:37 [INFO] scanner - ✅ Validações OK [BTC/USDT]: Score=7.3, R:R=2.08
2026-01-21 07:53:37 [INFO] scanner - ⏸️  Throttle ativo [BTC/USDT]:
2026-01-21 07:53:37 [INFO] scanner -    ├─ Último alerta há 1708.5 minutos
2026-01-21 07:53:37 [INFO] scanner -    ├─ Tempo mínimo: 1800 minutos
2026-01-21 07:53:37 [INFO] scanner -    └─ Próximo permitido em: 91.5 minutos
2026-01-21 07:53:39 [WARNING] root - Bloco de componentes falhou: cannot unpack non-iterable int object
2026-01-21 07:53:39 [INFO] scanner - ✅ Validações OK [ETH/USDT]: Score=7.3, R:R=2.00
2026-01-21 07:53:39 [INFO] scanner - ⏸️  Throttle ativo [ETH/USDT]:
2026-01-21 07:53:39 [INFO] scanner -    ├─ Último alerta há 233.4 minutos
2026-01-21 07:53:39 [INFO] scanner -    ├─ Tempo mínimo: 1800 minutos
2026-01-21 07:53:39 [INFO] scanner -    └─ Próximo permitido em: 1566.6 minutos
2026-01-21 08:17:56 [INFO] scanner - ============================================================
2026-01-21 08:17:56 [INFO] scanner - 🚀 SCANNER INICIADO
2026-01-21 08:17:56 [INFO] scanner - 📅 Data/Hora: 21/01/2026 08:17:56
2026-01-21 08:17:56 [INFO] scanner - 📂 Log: logs/scanner_2026-01-21.log
2026-01-21 08:17:56 [INFO] scanner - ============================================================
2026-01-21 08:17:56 [INFO] scanner - 📝 PAPER MODE ATIVO - Apenas registro e análise
2026-01-21 08:18:02 [WARNING] root - Bloco de componentes falhou: cannot unpack non-iterable int object
2026-01-21 08:18:02 [INFO] scanner - ✅ Validações OK [ETH/USDT]: Score=7.3, R:R=2.00
2026-01-21 08:18:02 [INFO] scanner - ⏸️  Throttle ativo [ETH/USDT]:
2026-01-21 08:18:02 [INFO] scanner -    ├─ Último alerta há 257.8 minutos
2026-01-21 08:18:02 [INFO] scanner -    ├─ Tempo mínimo: 1800 minutos
2026-01-21 08:18:02 [INFO] scanner -    └─ Próximo permitido em: 1542.2 minutos
2026-01-21 08:43:31 [INFO] scanner - ============================================================
2026-01-21 08:43:31 [INFO] scanner - 🚀 SCANNER INICIADO
2026-01-21 08:43:31 [INFO] scanner - 📅 Data/Hora: 21/01/2026 08:43:31
2026-01-21 08:43:31 [INFO] scanner - 📂 Log: logs/scanner_2026-01-21.log
2026-01-21 08:43:31 [INFO] scanner - ============================================================
2026-01-21 08:43:31 [INFO] scanner - 📝 PAPER MODE ATIVO - Apenas registro e análise
2026-01-21 08:54:08 [INFO] scanner - ============================================================
2026-01-21 08:54:08 [INFO] scanner - 🚀 SCANNER INICIADO
2026-01-21 08:54:08 [INFO] scanner - 📅 Data/Hora: 21/01/2026 08:54:08
2026-01-21 08:54:08 [INFO] scanner - 📂 Log: logs/scanner_2026-01-21.log
2026-01-21 08:54:08 [INFO] scanner - ============================================================
2026-01-21 08:54:08 [INFO] scanner - 📝 PAPER MODE ATIVO - Apenas registro e análise
2026-01-21 08:54:11 [WARNING] root - Bloco de componentes falhou: cannot unpack non-iterable int object
2026-01-21 08:54:11 [INFO] scanner - ✅ Validações OK [BTC/USDT]: Score=7.3, R:R=2.08
2026-01-21 08:54:11 [INFO] scanner - ⏸️  Throttle ativo [BTC/USDT]:
2026-01-21 08:54:11 [INFO] scanner -    ├─ Último alerta há 1769.1 minutos
2026-01-21 08:54:11 [INFO] scanner -    ├─ Tempo mínimo: 1800 minutos
2026-01-21 08:54:11 [INFO] scanner -    └─ Próximo permitido em: 30.9 minutos
2026-01-21 08:54:13 [WARNING] root - Bloco de componentes falhou: cannot unpack non-iterable int object
2026-01-21 08:54:13 [INFO] scanner - ✅ Validações OK [ETH/USDT]: Score=7.3, R:R=2.00
2026-01-21 08:54:13 [INFO] scanner - ⏸️  Throttle ativo [ETH/USDT]:
2026-01-21 08:54:13 [INFO] scanner -    ├─ Último alerta há 294.0 minutos
2026-01-21 08:54:13 [INFO] scanner -    ├─ Tempo mínimo: 1800 minutos
2026-01-21 08:54:13 [INFO] scanner -    └─ Próximo permitido em: 1506.0 minutos
2026-01-21 09:31:34 [INFO] scanner - ============================================================
2026-01-21 09:31:34 [INFO] scanner - 🚀 SCANNER INICIADO
2026-01-21 09:31:34 [INFO] scanner - 📅 Data/Hora: 21/01/2026 09:31:34
2026-01-21 09:31:34 [INFO] scanner - 📂 Log: logs/scanner_2026-01-21.log
2026-01-21 09:31:34 [INFO] scanner - ============================================================
2026-01-21 09:31:34 [INFO] scanner - 📝 PAPER MODE ATIVO - Apenas registro e análise
2026-01-21 09:31:37 [WARNING] root - Bloco de componentes falhou: cannot unpack non-iterable int object
2026-01-21 09:31:37 [INFO] scanner - ✅ Validações OK [BTC/USDT]: Score=7.3, R:R=2.08
2026-01-21 09:31:37 [INFO] scanner - ✅ Throttle OK [BTC/USDT]: Pode enviar
2026-01-21 09:31:37 [INFO] scanner - 📝 Sinal no ledger: 20260121_093137_879687 - BTC/USDT
2026-01-21 09:31:37 [INFO] scanner - 📨 Alerta enviado | ID Ledger: 20260121_093137_879687
2026-01-21 09:31:40 [WARNING] root - Bloco de componentes falhou: cannot unpack non-iterable int object
2026-01-21 09:31:40 [INFO] scanner - ✅ Validações OK [ETH/USDT]: Score=7.3, R:R=2.00
2026-01-21 09:31:40 [INFO] scanner - ⏸️  Throttle ativo [ETH/USDT]:
2026-01-21 09:31:40 [INFO] scanner -    ├─ Último alerta há 331.4 minutos
2026-01-21 09:31:40 [INFO] scanner -    ├─ Tempo mínimo: 1800 minutos
2026-01-21 09:31:40 [INFO] scanner -    └─ Próximo permitido em: 1468.6 minutos
2026-01-21 09:31:40 [WARNING] root - Bloco de componentes falhou: cannot unpack non-iterable int object
2026-01-21 09:31:40 [INFO] scanner - ✅ Validações OK [ETH/USDT]: Score=7.3, R:R=2.00
2026-01-21 09:31:40 [INFO] scanner - ⏸️  Throttle ativo [ETH/USDT]:
2026-01-21 09:31:40 [INFO] scanner -    ├─ Último alerta há 331.4 minutos
2026-01-21 09:31:40 [INFO] scanner -    ├─ Tempo mínimo: 1800 minutos
2026-01-21 09:31:40 [INFO] scanner -    └─ Próximo permitido em: 1468.6 minutos
2026-01-21 10:31:39 [INFO] scanner - ============================================================
2026-01-21 10:31:39 [INFO] scanner - 🚀 SCANNER INICIADO
2026-01-21 10:31:39 [INFO] scanner - 📅 Data/Hora: 21/01/2026 10:31:39
2026-01-21 10:31:39 [INFO] scanner - 📂 Log: logs/scanner_2026-01-21.log
2026-01-21 10:31:39 [INFO] scanner - ============================================================
2026-01-21 10:31:39 [INFO] scanner - 📝 PAPER MODE ATIVO - Apenas registro e análise
2026-01-21 11:05:09 [INFO] scanner - ============================================================
2026-01-21 11:05:09 [INFO] scanner - 🚀 SCANNER INICIADO
2026-01-21 11:05:09 [INFO] scanner - 📅 Data/Hora: 21/01/2026 11:05:09
2026-01-21 11:05:09 [INFO] scanner - 📂 Log: logs/scanner_2026-01-21.log
2026-01-21 11:05:09 [INFO] scanner - ============================================================
2026-01-21 11:05:09 [INFO] scanner - 📝 PAPER MODE ATIVO - Apenas registro e análise
2026-01-21 11:05:12 [WARNING] root - Bloco de componentes falhou: cannot unpack non-iterable int object
2026-01-21 11:05:12 [INFO] scanner - ✅ Validações OK [BTC/USDT]: Score=7.3, R:R=2.08
2026-01-21 11:05:12 [INFO] scanner - ⏸️  Throttle ativo [BTC/USDT]:
2026-01-21 11:05:12 [INFO] scanner -    ├─ Último alerta há 93.6 minutos
2026-01-21 11:05:12 [INFO] scanner -    ├─ Tempo mínimo: 1800 minutos
2026-01-21 11:05:12 [INFO] scanner -    └─ Próximo permitido em: 1706.4 minutos
2026-01-21 11:05:15 [WARNING] root - Bloco de componentes falhou: cannot unpack non-iterable int object
2026-01-21 11:05:15 [INFO] scanner - ✅ Validações OK [ETH/USDT]: Score=7.3, R:R=2.00
2026-01-21 11:05:15 [INFO] scanner - ⏸️  Throttle ativo [ETH/USDT]:
2026-01-21 11:05:15 [INFO] scanner -    ├─ Último alerta há 425.0 minutos
2026-01-21 11:05:15 [INFO] scanner -    ├─ Tempo mínimo: 1800 minutos
2026-01-21 11:05:15 [INFO] scanner -    └─ Próximo permitido em: 1375.0 minutos
2026-01-21 11:49:58 [INFO] scanner - ============================================================
2026-01-21 11:49:58 [INFO] scanner - 🚀 SCANNER INICIADO
2026-01-21 11:49:58 [INFO] scanner - 📅 Data/Hora: 21/01/2026 11:49:58
2026-01-21 11:49:58 [INFO] scanner - 📂 Log: logs/scanner_2026-01-21.log
2026-01-21 11:49:58 [INFO] scanner - ============================================================
2026-01-21 11:49:58 [INFO] scanner - 📝 PAPER MODE ATIVO - Apenas registro e análise
2026-01-21 11:50:01 [WARNING] root - Bloco de componentes falhou: cannot unpack non-iterable int object
2026-01-21 11:50:01 [INFO] scanner - ✅ Validações OK [BTC/USDT]: Score=7.8, R:R=2.08
2026-01-21 11:50:01 [INFO] scanner - ⏸️  Throttle ativo [BTC/USDT]:
2026-01-21 11:50:01 [INFO] scanner -    ├─ Último alerta há 138.4 minutos
2026-01-21 11:50:01 [INFO] scanner -    ├─ Tempo mínimo: 1800 minutos
2026-01-21 11:50:01 [INFO] scanner -    └─ Próximo permitido em: 1661.6 minutos
2026-01-21 11:50:02 [WARNING] root - Bloco de componentes falhou: cannot unpack non-iterable int object
2026-01-21 11:50:02 [INFO] scanner - ✅ Validações OK [BTC/USDT]: Score=7.8, R:R=2.08
2026-01-21 11:50:02 [INFO] scanner - ⏸️  Throttle ativo [BTC/USDT]:
2026-01-21 11:50:02 [INFO] scanner -    ├─ Último alerta há 138.4 minutos
2026-01-21 11:50:02 [INFO] scanner -    ├─ Tempo mínimo: 1800 minutos
2026-01-21 11:50:02 [INFO] scanner -    └─ Próximo permitido em: 1661.6 minutos
2026-01-21 11:50:04 [WARNING] root - Bloco de componentes falhou: cannot unpack non-iterable int object
2026-01-21 11:50:04 [INFO] scanner - ✅ Validações OK [ETH/USDT]: Score=7.8, R:R=2.00
2026-01-21 11:50:04 [INFO] scanner - ⏸️  Throttle ativo [ETH/USDT]:
2026-01-21 11:50:04 [INFO] scanner -    ├─ Último alerta há 469.8 minutos
2026-01-21 11:50:04 [INFO] scanner -    ├─ Tempo mínimo: 1800 minutos
2026-01-21 11:50:04 [INFO] scanner -    └─ Próximo permitido em: 1330.2 minutos
2026-01-21 11:50:04 [WARNING] root - Bloco de componentes falhou: cannot unpack non-iterable int object
2026-01-21 11:50:04 [INFO] scanner - ✅ Validações OK [ETH/USDT]: Score=7.8, R:R=2.00
2026-01-21 11:50:04 [INFO] scanner - ⏸️  Throttle ativo [ETH/USDT]:
2026-01-21 11:50:04 [INFO] scanner -    ├─ Último alerta há 469.8 minutos
2026-01-21 11:50:04 [INFO] scanner -    ├─ Tempo mínimo: 1800 minutos
2026-01-21 11:50:04 [INFO] scanner -    └─ Próximo permitido em: 1330.2 minutos
2026-01-21 12:23:10 [INFO] scanner - ============================================================
2026-01-21 12:23:10 [INFO] scanner - 🚀 SCANNER INICIADO
2026-01-21 12:23:10 [INFO] scanner - 📅 Data/Hora: 21/01/2026 12:23:10
2026-01-21 12:23:10 [INFO] scanner - 📂 Log: logs/scanner_2026-01-21.log
2026-01-21 12:23:10 [INFO] scanner - ============================================================
2026-01-21 12:23:10 [INFO] scanner - 📝 PAPER MODE ATIVO - Apenas registro e análise
2026-01-21 12:23:14 [WARNING] root - Bloco de componentes falhou: cannot unpack non-iterable int object
2026-01-21 12:23:14 [INFO] scanner - ✅ Validações OK [BTC/USDT]: Score=7.8, R:R=2.08
2026-01-21 12:23:14 [INFO] scanner - ⏸️  Throttle ativo [BTC/USDT]:
2026-01-21 12:23:14 [INFO] scanner -    ├─ Último alerta há 171.6 minutos
2026-01-21 12:23:14 [INFO] scanner -    ├─ Tempo mínimo: 1800 minutos
2026-01-21 12:23:14 [INFO] scanner -    └─ Próximo permitido em: 1628.4 minutos
2026-01-21 12:23:14 [WARNING] root - Bloco de componentes falhou: cannot unpack non-iterable int object
2026-01-21 12:23:14 [INFO] scanner - ✅ Validações OK [BTC/USDT]: Score=7.8, R:R=2.08
2026-01-21 12:23:14 [INFO] scanner - ⏸️  Throttle ativo [BTC/USDT]:
2026-01-21 12:23:14 [INFO] scanner -    ├─ Último alerta há 171.6 minutos
2026-01-21 12:23:14 [INFO] scanner -    ├─ Tempo mínimo: 1800 minutos
2026-01-21 12:23:14 [INFO] scanner -    └─ Próximo permitido em: 1628.4 minutos
2026-01-21 12:23:15 [WARNING] root - Bloco de componentes falhou: cannot unpack non-iterable int object
2026-01-21 12:23:15 [INFO] scanner - ✅ Validações OK [BTC/USDT]: Score=7.8, R:R=2.08
2026-01-21 12:23:15 [INFO] scanner - ⏸️  Throttle ativo [BTC/USDT]:
2026-01-21 12:23:15 [INFO] scanner -    ├─ Último alerta há 171.6 minutos
2026-01-21 12:23:15 [INFO] scanner -    ├─ Tempo mínimo: 1800 minutos
2026-01-21 12:23:15 [INFO] scanner -    └─ Próximo permitido em: 1628.4 minutos
2026-01-21 12:23:17 [WARNING] root - Bloco de componentes falhou: cannot unpack non-iterable int object
2026-01-21 12:23:17 [INFO] scanner - ✅ Validações OK [ETH/USDT]: Score=7.8, R:R=2.00
2026-01-21 12:23:17 [INFO] scanner - ⏸️  Throttle ativo [ETH/USDT]:
2026-01-21 12:23:17 [INFO] scanner -    ├─ Último alerta há 503.0 minutos
2026-01-21 12:23:17 [INFO] scanner -    ├─ Tempo mínimo: 1800 minutos
2026-01-21 12:23:17 [INFO] scanner -    └─ Próximo permitido em: 1297.0 minutos
2026-01-21 12:23:17 [WARNING] root - Bloco de componentes falhou: cannot unpack non-iterable int object
2026-01-21 12:23:17 [INFO] scanner - ✅ Validações OK [ETH/USDT]: Score=7.8, R:R=2.00
2026-01-21 12:23:17 [INFO] scanner - ⏸️  Throttle ativo [ETH/USDT]:
2026-01-21 12:23:17 [INFO] scanner -    ├─ Último alerta há 503.0 minutos
2026-01-21 12:23:17 [INFO] scanner -    ├─ Tempo mínimo: 1800 minutos
2026-01-21 12:23:17 [INFO] scanner -    └─ Próximo permitido em: 1297.0 minutos
2026-01-21 12:54:58 [INFO] scanner - ============================================================
2026-01-21 12:54:58 [INFO] scanner - 🚀 SCANNER INICIADO
2026-01-21 12:54:58 [INFO] scanner - 📅 Data/Hora: 21/01/2026 12:54:58
2026-01-21 12:54:58 [INFO] scanner - 📂 Log: logs/scanner_2026-01-21.log
2026-01-21 12:54:58 [INFO] scanner - ============================================================
2026-01-21 12:54:58 [INFO] scanner - 📝 PAPER MODE ATIVO - Apenas registro e análise
2026-01-21 12:55:01 [WARNING] root - Bloco de componentes falhou: cannot unpack non-iterable int object
2026-01-21 12:55:01 [INFO] scanner - ✅ Validações OK [BTC/USDT]: Score=9.8, R:R=2.08
2026-01-21 12:55:01 [INFO] scanner - ⏸️  Throttle ativo [BTC/USDT]:
2026-01-21 12:55:01 [INFO] scanner -    ├─ Último alerta há 203.4 minutos
2026-01-21 12:55:01 [INFO] scanner -    ├─ Tempo mínimo: 1800 minutos
2026-01-21 12:55:01 [INFO] scanner -    └─ Próximo permitido em: 1596.6 minutos
2026-01-21 12:55:01 [WARNING] root - Bloco de componentes falhou: cannot unpack non-iterable int object
2026-01-21 12:55:01 [INFO] scanner - ✅ Validações OK [BTC/USDT]: Score=7.8, R:R=2.08
2026-01-21 12:55:01 [INFO] scanner - ⏸️  Throttle ativo [BTC/USDT]:
2026-01-21 12:55:01 [INFO] scanner -    ├─ Último alerta há 203.4 minutos
2026-01-21 12:55:01 [INFO] scanner -    ├─ Tempo mínimo: 1800 minutos
2026-01-21 12:55:01 [INFO] scanner -    └─ Próximo permitido em: 1596.6 minutos
2026-01-21 12:55:01 [WARNING] root - Bloco de componentes falhou: cannot unpack non-iterable int object
2026-01-21 12:55:01 [INFO] scanner - ✅ Validações OK [BTC/USDT]: Score=7.8, R:R=2.08
2026-01-21 12:55:01 [INFO] scanner - ⏸️  Throttle ativo [BTC/USDT]:
2026-01-21 12:55:01 [INFO] scanner -    ├─ Último alerta há 203.4 minutos
2026-01-21 12:55:01 [INFO] scanner -    ├─ Tempo mínimo: 1800 minutos
2026-01-21 12:55:01 [INFO] scanner -    └─ Próximo permitido em: 1596.6 minutos
2026-01-21 12:55:01 [WARNING] root - Bloco de componentes falhou: cannot unpack non-iterable int object
2026-01-21 12:55:01 [INFO] scanner - ✅ Validações OK [BTC/USDT]: Score=7.8, R:R=2.08
2026-01-21 12:55:01 [INFO] scanner - ⏸️  Throttle ativo [BTC/USDT]:
2026-01-21 12:55:01 [INFO] scanner -    ├─ Último alerta há 203.4 minutos
2026-01-21 12:55:01 [INFO] scanner -    ├─ Tempo mínimo: 1800 minutos
2026-01-21 12:55:01 [INFO] scanner -    └─ Próximo permitido em: 1596.6 minutos
2026-01-21 12:55:04 [WARNING] root - Bloco de componentes falhou: cannot unpack non-iterable int object
2026-01-21 12:55:04 [INFO] scanner - ✅ Validações OK [ETH/USDT]: Score=7.8, R:R=2.00
2026-01-21 12:55:04 [INFO] scanner - ⏸️  Throttle ativo [ETH/USDT]:
2026-01-21 12:55:04 [INFO] scanner -    ├─ Último alerta há 534.8 minutos
2026-01-21 12:55:04 [INFO] scanner -    ├─ Tempo mínimo: 1800 minutos
2026-01-21 12:55:04 [INFO] scanner -    └─ Próximo permitido em: 1265.2 minutos
2026-01-21 13:29:38 [INFO] scanner - ============================================================
2026-01-21 13:29:38 [INFO] scanner - 🚀 SCANNER INICIADO
2026-01-21 13:29:38 [INFO] scanner - 📅 Data/Hora: 21/01/2026 13:29:38
2026-01-21 13:29:38 [INFO] scanner - 📂 Log: logs/scanner_2026-01-21.log
2026-01-21 13:29:38 [INFO] scanner - ============================================================
2026-01-21 13:29:38 [INFO] scanner - 📝 PAPER MODE ATIVO - Apenas registro e análise
2026-01-21 13:29:42 [WARNING] root - Bloco de componentes falhou: cannot unpack non-iterable int object
2026-01-21 13:29:42 [INFO] scanner - ✅ Validações OK [BTC/USDT]: Score=7.3, R:R=2.08
2026-01-21 13:29:42 [INFO] scanner - ⏸️  Throttle ativo [BTC/USDT]:
2026-01-21 13:29:42 [INFO] scanner -    ├─ Último alerta há 238.1 minutos
2026-01-21 13:29:42 [INFO] scanner -    ├─ Tempo mínimo: 1800 minutos
2026-01-21 13:29:42 [INFO] scanner -    └─ Próximo permitido em: 1561.9 minutos
2026-01-21 13:29:42 [WARNING] root - Bloco de componentes falhou: cannot unpack non-iterable int object
2026-01-21 13:29:42 [INFO] scanner - ✅ Validações OK [BTC/USDT]: Score=7.3, R:R=2.08
2026-01-21 13:29:42 [INFO] scanner - ⏸️  Throttle ativo [BTC/USDT]:
2026-01-21 13:29:42 [INFO] scanner -    ├─ Último alerta há 238.1 minutos
2026-01-21 13:29:42 [INFO] scanner -    ├─ Tempo mínimo: 1800 minutos
2026-01-21 13:29:42 [INFO] scanner -    └─ Próximo permitido em: 1561.9 minutos
2026-01-21 13:29:44 [WARNING] root - Bloco de componentes falhou: cannot unpack non-iterable int object
2026-01-21 13:29:44 [INFO] scanner - ✅ Validações OK [ETH/USDT]: Score=7.8, R:R=2.00
2026-01-21 13:29:44 [INFO] scanner - ⏸️  Throttle ativo [ETH/USDT]:
2026-01-21 13:29:44 [INFO] scanner -    ├─ Último alerta há 569.5 minutos
2026-01-21 13:29:44 [INFO] scanner -    ├─ Tempo mínimo: 1800 minutos
2026-01-21 13:29:44 [INFO] scanner -    └─ Próximo permitido em: 1230.5 minutos
2026-01-21 13:29:46 [WARNING] root - Bloco de componentes falhou: cannot unpack non-iterable int object
2026-01-21 13:29:46 [INFO] scanner - ✅ Validações OK [ETH/USDT]: Score=7.8, R:R=2.00
2026-01-21 13:29:46 [INFO] scanner - ⏸️  Throttle ativo [ETH/USDT]:
2026-01-21 13:29:46 [INFO] scanner -    ├─ Último alerta há 569.5 minutos
2026-01-21 13:29:46 [INFO] scanner -    ├─ Tempo mínimo: 1800 minutos
2026-01-21 13:29:46 [INFO] scanner -    └─ Próximo permitido em: 1230.5 minutos
2026-01-21 14:37:11 [INFO] scanner - ============================================================
2026-01-21 14:37:11 [INFO] scanner - 🚀 SCANNER INICIADO
2026-01-21 14:37:11 [INFO] scanner - 📅 Data/Hora: 21/01/2026 14:37:11
2026-01-21 14:37:11 [INFO] scanner - 📂 Log: logs/scanner_2026-01-21.log
2026-01-21 14:37:11 [INFO] scanner - ============================================================
2026-01-21 14:37:11 [INFO] scanner - 📝 PAPER MODE ATIVO - Apenas registro e análise
2026-01-21 14:37:15 [WARNING] root - Bloco de componentes falhou: cannot unpack non-iterable int object
2026-01-21 14:37:15 [INFO] scanner - ✅ Validações OK [BTC/USDT]: Score=8.3, R:R=2.08
2026-01-21 14:37:15 [INFO] scanner - ⏸️  Throttle ativo [BTC/USDT]:
2026-01-21 14:37:15 [INFO] scanner -    ├─ Último alerta há 305.6 minutos
2026-01-21 14:37:15 [INFO] scanner -    ├─ Tempo mínimo: 1800 minutos
2026-01-21 14:37:15 [INFO] scanner -    └─ Próximo permitido em: 1494.4 minutos
2026-01-21 14:37:15 [WARNING] root - Bloco de componentes falhou: cannot unpack non-iterable int object
2026-01-21 14:37:15 [INFO] scanner - ✅ Validações OK [BTC/USDT]: Score=7.3, R:R=2.08
2026-01-21 14:37:15 [INFO] scanner - ⏸️  Throttle ativo [BTC/USDT]:
2026-01-21 14:37:15 [INFO] scanner -    ├─ Último alerta há 305.6 minutos
2026-01-21 14:37:15 [INFO] scanner -    ├─ Tempo mínimo: 1800 minutos
2026-01-21 14:37:15 [INFO] scanner -    └─ Próximo permitido em: 1494.4 minutos
2026-01-21 14:37:18 [WARNING] root - Bloco de componentes falhou: cannot unpack non-iterable int object
2026-01-21 14:37:18 [INFO] scanner - ✅ Validações OK [ETH/USDT]: Score=7.3, R:R=2.00
2026-01-21 14:37:18 [INFO] scanner - ⏸️  Throttle ativo [ETH/USDT]:
2026-01-21 14:37:18 [INFO] scanner -    ├─ Último alerta há 637.0 minutos
2026-01-21 14:37:18 [INFO] scanner -    ├─ Tempo mínimo: 1800 minutos
2026-01-21 14:37:18 [INFO] scanner -    └─ Próximo permitido em: 1163.0 minutos
2026-01-21 14:37:18 [WARNING] root - Bloco de componentes falhou: cannot unpack non-iterable int object
2026-01-21 14:37:18 [INFO] scanner - ✅ Validações OK [ETH/USDT]: Score=7.3, R:R=2.00
2026-01-21 14:37:18 [INFO] scanner - ⏸️  Throttle ativo [ETH/USDT]:
2026-01-21 14:37:18 [INFO] scanner -    ├─ Último alerta há 637.1 minutos
2026-01-21 14:37:18 [INFO] scanner -    ├─ Tempo mínimo: 1800 minutos
2026-01-21 14:37:18 [INFO] scanner -    └─ Próximo permitido em: 1162.9 minutos
2026-01-21 15:23:45 [INFO] scanner - ============================================================
2026-01-21 15:23:45 [INFO] scanner - 🚀 SCANNER INICIADO
2026-01-21 15:23:45 [INFO] scanner - 📅 Data/Hora: 21/01/2026 15:23:45
2026-01-21 15:23:45 [INFO] scanner - 📂 Log: logs/scanner_2026-01-21.log
2026-01-21 15:23:45 [INFO] scanner - ============================================================
2026-01-21 15:23:45 [INFO] scanner - 📝 PAPER MODE ATIVO - Apenas registro e análise
2026-01-21 15:23:48 [WARNING] root - Bloco de componentes falhou: cannot unpack non-iterable int object
2026-01-21 15:23:48 [INFO] scanner - ✅ Validações OK [BTC/USDT]: Score=8.3, R:R=2.08
2026-01-21 15:23:48 [INFO] scanner - ⏸️  Throttle ativo [BTC/USDT]:
2026-01-21 15:23:48 [INFO] scanner -    ├─ Último alerta há 352.2 minutos
2026-01-21 15:23:48 [INFO] scanner -    ├─ Tempo mínimo: 1800 minutos
2026-01-21 15:23:48 [INFO] scanner -    └─ Próximo permitido em: 1447.8 minutos
2026-01-21 15:23:50 [WARNING] root - Bloco de componentes falhou: cannot unpack non-iterable int object
2026-01-21 15:23:50 [INFO] scanner - ✅ Validações OK [ETH/USDT]: Score=8.3, R:R=2.00
2026-01-21 15:23:50 [INFO] scanner - ⏸️  Throttle ativo [ETH/USDT]:
2026-01-21 15:23:50 [INFO] scanner -    ├─ Último alerta há 683.6 minutos
2026-01-21 15:23:50 [INFO] scanner -    ├─ Tempo mínimo: 1800 minutos
2026-01-21 15:23:50 [INFO] scanner -    └─ Próximo permitido em: 1116.4 minutos
2026-01-21 16:03:53 [INFO] scanner - ============================================================
2026-01-21 16:03:53 [INFO] scanner - 🚀 SCANNER INICIADO
2026-01-21 16:03:53 [INFO] scanner - 📅 Data/Hora: 21/01/2026 16:03:53
2026-01-21 16:03:53 [INFO] scanner - 📂 Log: logs/scanner_2026-01-21.log
2026-01-21 16:03:53 [INFO] scanner - ============================================================
2026-01-21 16:03:53 [INFO] scanner - 📝 PAPER MODE ATIVO - Apenas registro e análise
2026-01-21 16:03:57 [WARNING] root - Bloco de componentes falhou: cannot unpack non-iterable int object
2026-01-21 16:03:57 [INFO] scanner - ✅ Validações OK [BTC/USDT]: Score=8.3, R:R=2.08
2026-01-21 16:03:57 [INFO] scanner - ⏸️  Throttle ativo [BTC/USDT]:
2026-01-21 16:03:57 [INFO] scanner -    ├─ Último alerta há 392.3 minutos
2026-01-21 16:03:57 [INFO] scanner -    ├─ Tempo mínimo: 1800 minutos
2026-01-21 16:03:57 [INFO] scanner -    └─ Próximo permitido em: 1407.7 minutos
2026-01-21 16:03:59 [WARNING] root - Bloco de componentes falhou: cannot unpack non-iterable int object
2026-01-21 16:03:59 [INFO] scanner - ✅ Validações OK [ETH/USDT]: Score=8.3, R:R=2.00
2026-01-21 16:03:59 [INFO] scanner - ⏸️  Throttle ativo [ETH/USDT]:
2026-01-21 16:03:59 [INFO] scanner -    ├─ Último alerta há 723.7 minutos
2026-01-21 16:03:59 [INFO] scanner -    ├─ Tempo mínimo: 1800 minutos
2026-01-21 16:03:59 [INFO] scanner -    └─ Próximo permitido em: 1076.3 minutos
2026-01-21 16:40:27 [INFO] scanner - ============================================================
2026-01-21 16:40:27 [INFO] scanner - 🚀 SCANNER INICIADO
2026-01-21 16:40:27 [INFO] scanner - 📅 Data/Hora: 21/01/2026 16:40:27
2026-01-21 16:40:27 [INFO] scanner - 📂 Log: logs/scanner_2026-01-21.log
2026-01-21 16:40:27 [INFO] scanner - ============================================================
2026-01-21 16:40:27 [INFO] scanner - 📝 PAPER MODE ATIVO - Apenas registro e análise
2026-01-21 16:40:30 [WARNING] root - Bloco de componentes falhou: cannot unpack non-iterable int object
2026-01-21 16:40:30 [INFO] scanner - ✅ Validações OK [BTC/USDT]: Score=8.3, R:R=2.08
2026-01-21 16:40:30 [INFO] scanner - ⏸️  Throttle ativo [BTC/USDT]:
2026-01-21 16:40:30 [INFO] scanner -    ├─ Último alerta há 428.9 minutos
2026-01-21 16:40:30 [INFO] scanner -    ├─ Tempo mínimo: 1800 minutos
2026-01-21 16:40:30 [INFO] scanner -    └─ Próximo permitido em: 1371.1 minutos
2026-01-21 16:40:31 [WARNING] root - Bloco de componentes falhou: cannot unpack non-iterable int object
2026-01-21 16:40:31 [INFO] scanner - ✅ Validações OK [BTC/USDT]: Score=7.3, R:R=2.08
2026-01-21 16:40:31 [INFO] scanner - ⏸️  Throttle ativo [BTC/USDT]:
2026-01-21 16:40:31 [INFO] scanner -    ├─ Último alerta há 428.9 minutos
2026-01-21 16:40:31 [INFO] scanner -    ├─ Tempo mínimo: 1800 minutos
2026-01-21 16:40:31 [INFO] scanner -    └─ Próximo permitido em: 1371.1 minutos
2026-01-21 16:40:31 [WARNING] root - Bloco de componentes falhou: cannot unpack non-iterable int object
2026-01-21 16:40:31 [INFO] scanner - ✅ Validações OK [BTC/USDT]: Score=7.3, R:R=2.08
2026-01-21 16:40:31 [INFO] scanner - ⏸️  Throttle ativo [BTC/USDT]:
2026-01-21 16:40:31 [INFO] scanner -    ├─ Último alerta há 428.9 minutos
2026-01-21 16:40:31 [INFO] scanner -    ├─ Tempo mínimo: 1800 minutos
2026-01-21 16:40:31 [INFO] scanner -    └─ Próximo permitido em: 1371.1 minutos
2026-01-21 16:40:33 [WARNING] root - Bloco de componentes falhou: cannot unpack non-iterable int object
2026-01-21 16:40:33 [INFO] scanner - ✅ Validações OK [ETH/USDT]: Score=8.8, R:R=2.00
2026-01-21 16:40:33 [INFO] scanner - ⏸️  Throttle ativo [ETH/USDT]:
2026-01-21 16:40:33 [INFO] scanner -    ├─ Último alerta há 760.3 minutos
2026-01-21 16:40:33 [INFO] scanner -    ├─ Tempo mínimo: 1800 minutos
2026-01-21 16:40:33 [INFO] scanner -    └─ Próximo permitido em: 1039.7 minutos
2026-01-21 16:40:33 [WARNING] root - Bloco de componentes falhou: cannot unpack non-iterable int object
2026-01-21 16:40:33 [INFO] scanner - ✅ Validações OK [ETH/USDT]: Score=7.8, R:R=2.00
2026-01-21 16:40:33 [INFO] scanner - ⏸️  Throttle ativo [ETH/USDT]:
2026-01-21 16:40:33 [INFO] scanner -    ├─ Último alerta há 760.3 minutos
2026-01-21 16:40:33 [INFO] scanner -    ├─ Tempo mínimo: 1800 minutos
2026-01-21 16:40:33 [INFO] scanner -    └─ Próximo permitido em: 1039.7 minutos
2026-01-21 16:40:33 [WARNING] root - Bloco de componentes falhou: cannot unpack non-iterable int object
2026-01-21 16:40:33 [INFO] scanner - ✅ Validações OK [ETH/USDT]: Score=7.8, R:R=2.00
2026-01-21 16:40:33 [INFO] scanner - ⏸️  Throttle ativo [ETH/USDT]:
2026-01-21 16:40:33 [INFO] scanner -    ├─ Último alerta há 760.3 minutos
2026-01-21 16:40:33 [INFO] scanner -    ├─ Tempo mínimo: 1800 minutos
2026-01-21 16:40:33 [INFO] scanner -    └─ Próximo permitido em: 1039.7 minutos
2026-01-21 16:59:13 [INFO] scanner - ============================================================
2026-01-21 16:59:13 [INFO] scanner - 🚀 SCANNER INICIADO
2026-01-21 16:59:13 [INFO] scanner - 📅 Data/Hora: 21/01/2026 16:59:13
2026-01-21 16:59:13 [INFO] scanner - 📂 Log: logs/scanner_2026-01-21.log
2026-01-21 16:59:13 [INFO] scanner - ============================================================
2026-01-21 16:59:13 [INFO] scanner - 📝 PAPER MODE ATIVO - Apenas registro e análise
2026-01-21 16:59:16 [WARNING] root - Bloco de componentes falhou: cannot unpack non-iterable int object
2026-01-21 16:59:16 [INFO] scanner - ✅ Validações OK [BTC/USDT]: Score=8.3, R:R=2.08
2026-01-21 16:59:16 [INFO] scanner - ⏸️  Throttle ativo [BTC/USDT]:
2026-01-21 16:59:16 [INFO] scanner -    ├─ Último alerta há 447.6 minutos
2026-01-21 16:59:16 [INFO] scanner -    ├─ Tempo mínimo: 1800 minutos
2026-01-21 16:59:16 [INFO] scanner -    └─ Próximo permitido em: 1352.4 minutos
2026-01-21 16:59:16 [WARNING] root - Bloco de componentes falhou: cannot unpack non-iterable int object
2026-01-21 16:59:16 [INFO] scanner - ✅ Validações OK [BTC/USDT]: Score=7.3, R:R=2.08
2026-01-21 16:59:16 [INFO] scanner - ⏸️  Throttle ativo [BTC/USDT]:
2026-01-21 16:59:16 [INFO] scanner -    ├─ Último alerta há 447.6 minutos
2026-01-21 16:59:16 [INFO] scanner -    ├─ Tempo mínimo: 1800 minutos
2026-01-21 16:59:16 [INFO] scanner -    └─ Próximo permitido em: 1352.4 minutos
2026-01-21 16:59:16 [WARNING] root - Bloco de componentes falhou: cannot unpack non-iterable int object
2026-01-21 16:59:16 [INFO] scanner - ✅ Validações OK [BTC/USDT]: Score=7.3, R:R=2.08
2026-01-21 16:59:16 [INFO] scanner - ⏸️  Throttle ativo [BTC/USDT]:
2026-01-21 16:59:16 [INFO] scanner -    ├─ Último alerta há 447.7 minutos
2026-01-21 16:59:16 [INFO] scanner -    ├─ Tempo mínimo: 1800 minutos
2026-01-21 16:59:16 [INFO] scanner -    └─ Próximo permitido em: 1352.3 minutos
2026-01-21 16:59:18 [WARNING] root - Bloco de componentes falhou: cannot unpack non-iterable int object
2026-01-21 16:59:18 [INFO] scanner - ✅ Validações OK [ETH/USDT]: Score=8.8, R:R=2.00
2026-01-21 16:59:18 [INFO] scanner - ⏸️  Throttle ativo [ETH/USDT]:
2026-01-21 16:59:18 [INFO] scanner -    ├─ Último alerta há 779.1 minutos
2026-01-21 16:59:18 [INFO] scanner -    ├─ Tempo mínimo: 1800 minutos
2026-01-21 16:59:18 [INFO] scanner -    └─ Próximo permitido em: 1020.9 minutos
2026-01-21 16:59:18 [WARNING] root - Bloco de componentes falhou: cannot unpack non-iterable int object
2026-01-21 16:59:18 [INFO] scanner - ✅ Validações OK [ETH/USDT]: Score=7.8, R:R=2.00
2026-01-21 16:59:18 [INFO] scanner - ⏸️  Throttle ativo [ETH/USDT]:
2026-01-21 16:59:18 [INFO] scanner -    ├─ Último alerta há 779.1 minutos
2026-01-21 16:59:18 [INFO] scanner -    ├─ Tempo mínimo: 1800 minutos
2026-01-21 16:59:18 [INFO] scanner -    └─ Próximo permitido em: 1020.9 minutos
2026-01-21 16:59:18 [WARNING] root - Bloco de componentes falhou: cannot unpack non-iterable int object
2026-01-21 16:59:18 [INFO] scanner - ✅ Validações OK [ETH/USDT]: Score=7.8, R:R=2.00
2026-01-21 16:59:18 [INFO] scanner - ⏸️  Throttle ativo [ETH/USDT]:
2026-01-21 16:59:18 [INFO] scanner -    ├─ Último alerta há 779.1 minutos
2026-01-21 16:59:18 [INFO] scanner -    ├─ Tempo mínimo: 1800 minutos
2026-01-21 16:59:18 [INFO] scanner -    └─ Próximo permitido em: 1020.9 minutos
2026-01-21 16:59:18 [WARNING] root - Bloco de componentes falhou: cannot unpack non-iterable int object
2026-01-21 16:59:18 [INFO] scanner - ✅ Validações OK [ETH/USDT]: Score=7.8, R:R=2.00
2026-01-21 16:59:18 [INFO] scanner - ⏸️  Throttle ativo [ETH/USDT]:
2026-01-21 16:59:18 [INFO] scanner -    ├─ Último alerta há 779.1 minutos
2026-01-21 16:59:18 [INFO] scanner -    ├─ Tempo mínimo: 1800 minutos
2026-01-21 16:59:18 [INFO] scanner -    └─ Próximo permitido em: 1020.9 minutos
2026-01-21 17:33:17 [INFO] scanner - ============================================================
2026-01-21 17:33:17 [INFO] scanner - 🚀 SCANNER INICIADO
2026-01-21 17:33:17 [INFO] scanner - 📅 Data/Hora: 21/01/2026 17:33:17
2026-01-21 17:33:17 [INFO] scanner - 📂 Log: logs/scanner_2026-01-21.log
2026-01-21 17:33:17 [INFO] scanner - ============================================================
2026-01-21 17:33:17 [INFO] scanner - 📝 PAPER MODE ATIVO - Apenas registro e análise
2026-01-21 17:33:21 [WARNING] root - Bloco de componentes falhou: cannot unpack non-iterable int object
2026-01-21 17:33:21 [INFO] scanner - ✅ Validações OK [BTC/USDT]: Score=8.3, R:R=2.08
2026-01-21 17:33:21 [INFO] scanner - ⏸️  Throttle ativo [BTC/USDT]:
2026-01-21 17:33:21 [INFO] scanner -    ├─ Último alerta há 481.7 minutos
2026-01-21 17:33:21 [INFO] scanner -    ├─ Tempo mínimo: 1800 minutos
2026-01-21 17:33:21 [INFO] scanner -    └─ Próximo permitido em: 1318.3 minutos
2026-01-21 17:33:23 [WARNING] root - Bloco de componentes falhou: cannot unpack non-iterable int object
2026-01-21 17:33:23 [INFO] scanner - ✅ Validações OK [ETH/USDT]: Score=8.8, R:R=2.00
2026-01-21 17:33:23 [INFO] scanner - ⏸️  Throttle ativo [ETH/USDT]:
2026-01-21 17:33:23 [INFO] scanner -    ├─ Último alerta há 813.1 minutos
2026-01-21 17:33:23 [INFO] scanner -    ├─ Tempo mínimo: 1800 minutos
2026-01-21 17:33:23 [INFO] scanner -    └─ Próximo permitido em: 986.9 minutos
2026-01-21 17:33:23 [WARNING] root - Bloco de componentes falhou: cannot unpack non-iterable int object
2026-01-21 17:33:23 [INFO] scanner - ✅ Validações OK [ETH/USDT]: Score=7.8, R:R=2.00
2026-01-21 17:33:23 [INFO] scanner - ⏸️  Throttle ativo [ETH/USDT]:
2026-01-21 17:33:23 [INFO] scanner -    ├─ Último alerta há 813.1 minutos
2026-01-21 17:33:23 [INFO] scanner -    ├─ Tempo mínimo: 1800 minutos
2026-01-21 17:33:23 [INFO] scanner -    └─ Próximo permitido em: 986.9 minutos
2026-01-21 17:33:24 [WARNING] root - Bloco de componentes falhou: cannot unpack non-iterable int object
2026-01-21 17:33:24 [INFO] scanner - ✅ Validações OK [ETH/USDT]: Score=7.8, R:R=2.00
2026-01-21 17:33:24 [INFO] scanner - ⏸️  Throttle ativo [ETH/USDT]:
2026-01-21 17:33:24 [INFO] scanner -    ├─ Último alerta há 813.1 minutos
2026-01-21 17:33:24 [INFO] scanner -    ├─ Tempo mínimo: 1800 minutos
2026-01-21 17:33:24 [INFO] scanner -    └─ Próximo permitido em: 986.9 minutos
2026-01-21 18:01:28 [INFO] scanner - ============================================================
2026-01-21 18:01:28 [INFO] scanner - 🚀 SCANNER INICIADO
2026-01-21 18:01:28 [INFO] scanner - 📅 Data/Hora: 21/01/2026 18:01:28
2026-01-21 18:01:28 [INFO] scanner - 📂 Log: logs/scanner_2026-01-21.log
2026-01-21 18:01:28 [INFO] scanner - ============================================================
2026-01-21 18:01:28 [INFO] scanner - 📝 PAPER MODE ATIVO - Apenas registro e análise
2026-01-21 18:01:31 [WARNING] root - Bloco de componentes falhou: cannot unpack non-iterable int object
2026-01-21 18:01:31 [INFO] scanner - ✅ Validações OK [BTC/USDT]: Score=8.3, R:R=2.08
2026-01-21 18:01:31 [INFO] scanner - ⏸️  Throttle ativo [BTC/USDT]:
2026-01-21 18:01:31 [INFO] scanner -    ├─ Último alerta há 509.9 minutos
2026-01-21 18:01:31 [INFO] scanner -    ├─ Tempo mínimo: 1800 minutos
2026-01-21 18:01:31 [INFO] scanner -    └─ Próximo permitido em: 1290.1 minutos
2026-01-21 18:01:31 [WARNING] root - Bloco de componentes falhou: cannot unpack non-iterable int object
2026-01-21 18:01:31 [INFO] scanner - ✅ Validações OK [BTC/USDT]: Score=7.3, R:R=2.08
2026-01-21 18:01:31 [INFO] scanner - ⏸️  Throttle ativo [BTC/USDT]:
2026-01-21 18:01:31 [INFO] scanner -    ├─ Último alerta há 509.9 minutos
2026-01-21 18:01:31 [INFO] scanner -    ├─ Tempo mínimo: 1800 minutos
2026-01-21 18:01:31 [INFO] scanner -    └─ Próximo permitido em: 1290.1 minutos
2026-01-21 18:01:32 [WARNING] root - Bloco de componentes falhou: cannot unpack non-iterable int object
2026-01-21 18:01:32 [INFO] scanner - ✅ Validações OK [BTC/USDT]: Score=7.3, R:R=2.08
2026-01-21 18:01:32 [INFO] scanner - ⏸️  Throttle ativo [BTC/USDT]:
2026-01-21 18:01:32 [INFO] scanner -    ├─ Último alerta há 509.9 minutos
2026-01-21 18:01:32 [INFO] scanner -    ├─ Tempo mínimo: 1800 minutos
2026-01-21 18:01:32 [INFO] scanner -    └─ Próximo permitido em: 1290.1 minutos
2026-01-21 18:01:34 [WARNING] root - Bloco de componentes falhou: cannot unpack non-iterable int object
2026-01-21 18:01:34 [INFO] scanner - ✅ Validações OK [ETH/USDT]: Score=8.8, R:R=2.00
2026-01-21 18:01:34 [INFO] scanner - ⏸️  Throttle ativo [ETH/USDT]:
2026-01-21 18:01:34 [INFO] scanner -    ├─ Último alerta há 841.3 minutos
2026-01-21 18:01:34 [INFO] scanner -    ├─ Tempo mínimo: 1800 minutos
2026-01-21 18:01:34 [INFO] scanner -    └─ Próximo permitido em: 958.7 minutos
2026-01-21 18:01:34 [WARNING] root - Bloco de componentes falhou: cannot unpack non-iterable int object
2026-01-21 18:01:34 [INFO] scanner - ✅ Validações OK [ETH/USDT]: Score=7.8, R:R=2.00
2026-01-21 18:01:34 [INFO] scanner - ⏸️  Throttle ativo [ETH/USDT]:
2026-01-21 18:01:34 [INFO] scanner -    ├─ Último alerta há 841.3 minutos
2026-01-21 18:01:34 [INFO] scanner -    ├─ Tempo mínimo: 1800 minutos
2026-01-21 18:01:34 [INFO] scanner -    └─ Próximo permitido em: 958.7 minutos
2026-01-21 18:01:34 [WARNING] root - Bloco de componentes falhou: cannot unpack non-iterable int object
2026-01-21 18:01:34 [INFO] scanner - ✅ Validações OK [ETH/USDT]: Score=7.8, R:R=2.00
2026-01-21 18:01:34 [INFO] scanner - ⏸️  Throttle ativo [ETH/USDT]:
2026-01-21 18:01:34 [INFO] scanner -    ├─ Último alerta há 841.3 minutos
2026-01-21 18:01:34 [INFO] scanner -    ├─ Tempo mínimo: 1800 minutos
2026-01-21 18:01:34 [INFO] scanner -    └─ Próximo permitido em: 958.7 minutos
2026-01-21 18:42:36 [INFO] scanner - ============================================================
2026-01-21 18:42:36 [INFO] scanner - 🚀 SCANNER INICIADO
2026-01-21 18:42:36 [INFO] scanner - 📅 Data/Hora: 21/01/2026 18:42:36
2026-01-21 18:42:36 [INFO] scanner - 📂 Log: logs/scanner_2026-01-21.log
2026-01-21 18:42:36 [INFO] scanner - ============================================================
2026-01-21 18:42:36 [INFO] scanner - 📝 PAPER MODE ATIVO - Apenas registro e análise
2026-01-21 18:42:39 [WARNING] root - Bloco de componentes falhou: cannot unpack non-iterable int object
2026-01-21 18:42:39 [INFO] scanner - ✅ Validações OK [BTC/USDT]: Score=7.3, R:R=2.08
2026-01-21 18:42:39 [INFO] scanner - ⏸️  Throttle ativo [BTC/USDT]:
2026-01-21 18:42:39 [INFO] scanner -    ├─ Último alerta há 551.0 minutos
2026-01-21 18:42:39 [INFO] scanner -    ├─ Tempo mínimo: 1800 minutos
2026-01-21 18:42:39 [INFO] scanner -    └─ Próximo permitido em: 1249.0 minutos
2026-01-21 18:42:41 [WARNING] root - Bloco de componentes falhou: cannot unpack non-iterable int object
2026-01-21 18:42:41 [INFO] scanner - ✅ Validações OK [ETH/USDT]: Score=7.8, R:R=2.00
2026-01-21 18:42:41 [INFO] scanner - ⏸️  Throttle ativo [ETH/USDT]:
2026-01-21 18:42:41 [INFO] scanner -    ├─ Último alerta há 882.4 minutos
2026-01-21 18:42:41 [INFO] scanner -    ├─ Tempo mínimo: 1800 minutos
2026-01-21 18:42:41 [INFO] scanner -    └─ Próximo permitido em: 917.6 minutos
