2026-03-31 04:03:43 [INFO] scanner - ============================================================
2026-03-31 04:03:43 [INFO] scanner - 🚀 SCANNER INICIADO
2026-03-31 04:03:43 [INFO] scanner - 📅 Data/Hora: 31/03/2026 04:03:43
2026-03-31 04:03:43 [INFO] scanner - 📂 Log: logs/scanner_2026-03-31.log
2026-03-31 04:03:43 [INFO] scanner - ============================================================
2026-03-31 04:03:43 [INFO] scanner - 📝 PAPER MODE ATIVO - Apenas registro e análise
2026-03-31 04:03:46 [WARNING] root - Bloco de componentes falhou: cannot unpack non-iterable int object
2026-03-31 04:03:46 [INFO] scanner - ✅ Validações OK [BTC/USDT]: Score=7.3, R:R=2.08
2026-03-31 04:03:46 [INFO] scanner - ✅ Throttle OK [BTC/USDT]: Pode enviar
2026-03-31 04:03:47 [INFO] scanner - 📝 Sinal no ledger: 20260331_040347_368258 - BTC/USDT
2026-03-31 04:03:47 [INFO] scanner - 📨 Alerta enviado | ID Ledger: 20260331_040347_368258
2026-03-31 04:03:49 [WARNING] root - Bloco de componentes falhou: cannot unpack non-iterable int object
2026-03-31 04:03:49 [INFO] scanner - ✅ Validações OK [ETH/USDT]: Score=7.3, R:R=2.00
2026-03-31 04:03:49 [INFO] scanner - ✅ Throttle OK [ETH/USDT]: Pode enviar
2026-03-31 04:03:50 [INFO] scanner - 📝 Sinal no ledger: 20260331_040350_060942 - ETH/USDT
2026-03-31 04:03:50 [INFO] scanner - 📨 Alerta enviado | ID Ledger: 20260331_040350_060942
2026-03-31 05:15:12 [INFO] scanner - ============================================================
2026-03-31 05:15:12 [INFO] scanner - 🚀 SCANNER INICIADO
2026-03-31 05:15:12 [INFO] scanner - 📅 Data/Hora: 31/03/2026 05:15:12
2026-03-31 05:15:12 [INFO] scanner - 📂 Log: logs/scanner_2026-03-31.log
2026-03-31 05:15:12 [INFO] scanner - ============================================================
2026-03-31 05:15:12 [INFO] scanner - 📝 PAPER MODE ATIVO - Apenas registro e análise
2026-03-31 06:18:50 [INFO] scanner - ============================================================
2026-03-31 06:18:50 [INFO] scanner - 🚀 SCANNER INICIADO
2026-03-31 06:18:50 [INFO] scanner - 📅 Data/Hora: 31/03/2026 06:18:50
2026-03-31 06:18:50 [INFO] scanner - 📂 Log: logs/scanner_2026-03-31.log
2026-03-31 06:18:50 [INFO] scanner - ============================================================
2026-03-31 06:18:50 [INFO] scanner - 📝 PAPER MODE ATIVO - Apenas registro e análise
2026-03-31 07:32:19 [INFO] scanner - ============================================================
2026-03-31 07:32:19 [INFO] scanner - 🚀 SCANNER INICIADO
2026-03-31 07:32:19 [INFO] scanner - 📅 Data/Hora: 31/03/2026 07:32:19
2026-03-31 07:32:19 [INFO] scanner - 📂 Log: logs/scanner_2026-03-31.log
2026-03-31 07:32:19 [INFO] scanner - ============================================================
2026-03-31 07:32:19 [INFO] scanner - 📝 PAPER MODE ATIVO - Apenas registro e análise
2026-03-31 08:32:54 [INFO] scanner - ============================================================
2026-03-31 08:32:54 [INFO] scanner - 🚀 SCANNER INICIADO
2026-03-31 08:32:54 [INFO] scanner - 📅 Data/Hora: 31/03/2026 08:32:54
2026-03-31 08:32:54 [INFO] scanner - 📂 Log: logs/scanner_2026-03-31.log
2026-03-31 08:32:54 [INFO] scanner - ============================================================
2026-03-31 08:32:54 [INFO] scanner - 📝 PAPER MODE ATIVO - Apenas registro e análise
2026-03-31 09:38:56 [INFO] scanner - ============================================================
2026-03-31 09:38:56 [INFO] scanner - 🚀 SCANNER INICIADO
2026-03-31 09:38:56 [INFO] scanner - 📅 Data/Hora: 31/03/2026 09:38:56
2026-03-31 09:38:56 [INFO] scanner - 📂 Log: logs/scanner_2026-03-31.log
2026-03-31 09:38:56 [INFO] scanner - ============================================================
2026-03-31 09:38:56 [INFO] scanner - 📝 PAPER MODE ATIVO - Apenas registro e análise
2026-03-31 11:12:49 [INFO] scanner - ============================================================
2026-03-31 11:12:49 [INFO] scanner - 🚀 SCANNER INICIADO
2026-03-31 11:12:49 [INFO] scanner - 📅 Data/Hora: 31/03/2026 11:12:49
2026-03-31 11:12:49 [INFO] scanner - 📂 Log: logs/scanner_2026-03-31.log
2026-03-31 11:12:49 [INFO] scanner - ============================================================
2026-03-31 11:12:49 [INFO] scanner - 📝 PAPER MODE ATIVO - Apenas registro e análise
2026-03-31 12:35:29 [INFO] scanner - ============================================================
2026-03-31 12:35:29 [INFO] scanner - 🚀 SCANNER INICIADO
2026-03-31 12:35:29 [INFO] scanner - 📅 Data/Hora: 31/03/2026 12:35:29
2026-03-31 12:35:29 [INFO] scanner - 📂 Log: logs/scanner_2026-03-31.log
2026-03-31 12:35:29 [INFO] scanner - ============================================================
2026-03-31 12:35:29 [INFO] scanner - 📝 PAPER MODE ATIVO - Apenas registro e análise
2026-03-31 12:35:34 [WARNING] root - Bloco de componentes falhou: cannot unpack non-iterable int object
2026-03-31 12:35:34 [INFO] scanner - ✅ Validações OK [ETH/USDT]: Score=7.3, R:R=2.00
2026-03-31 12:35:34 [INFO] scanner - ⏸️  Throttle ativo [ETH/USDT]:
2026-03-31 12:35:34 [INFO] scanner -    ├─ Último alerta há 511.8 minutos
2026-03-31 12:35:34 [INFO] scanner -    ├─ Tempo mínimo: 1800 minutos
2026-03-31 12:35:34 [INFO] scanner -    └─ Próximo permitido em: 1288.2 minutos
2026-03-31 12:35:35 [WARNING] root - Bloco de componentes falhou: cannot unpack non-iterable int object
2026-03-31 12:35:35 [INFO] scanner - ✅ Validações OK [ETH/USDT]: Score=7.3, R:R=2.00
2026-03-31 12:35:35 [INFO] scanner - ⏸️  Throttle ativo [ETH/USDT]:
2026-03-31 12:35:35 [INFO] scanner -    ├─ Último alerta há 511.8 minutos
2026-03-31 12:35:35 [INFO] scanner -    ├─ Tempo mínimo: 1800 minutos
2026-03-31 12:35:35 [INFO] scanner -    └─ Próximo permitido em: 1288.2 minutos
2026-03-31 13:37:30 [INFO] scanner - ============================================================
2026-03-31 13:37:30 [INFO] scanner - 🚀 SCANNER INICIADO
2026-03-31 13:37:30 [INFO] scanner - 📅 Data/Hora: 31/03/2026 13:37:30
2026-03-31 13:37:30 [INFO] scanner - 📂 Log: logs/scanner_2026-03-31.log
2026-03-31 13:37:30 [INFO] scanner - ============================================================
2026-03-31 13:37:30 [INFO] scanner - 📝 PAPER MODE ATIVO - Apenas registro e análise
2026-03-31 13:37:35 [WARNING] root - Bloco de componentes falhou: cannot unpack non-iterable int object
2026-03-31 13:37:35 [INFO] scanner - ✅ Validações OK [ETH/USDT]: Score=7.3, R:R=2.00
2026-03-31 13:37:35 [INFO] scanner - ⏸️  Throttle ativo [ETH/USDT]:
2026-03-31 13:37:35 [INFO] scanner -    ├─ Último alerta há 573.8 minutos
2026-03-31 13:37:35 [INFO] scanner -    ├─ Tempo mínimo: 1800 minutos
2026-03-31 13:37:35 [INFO] scanner -    └─ Próximo permitido em: 1226.2 minutos
2026-03-31 13:37:35 [WARNING] root - Bloco de componentes falhou: cannot unpack non-iterable int object
2026-03-31 13:37:35 [INFO] scanner - ✅ Validações OK [ETH/USDT]: Score=7.3, R:R=2.00
2026-03-31 13:37:35 [INFO] scanner - ⏸️  Throttle ativo [ETH/USDT]:
2026-03-31 13:37:35 [INFO] scanner -    ├─ Último alerta há 573.8 minutos
2026-03-31 13:37:35 [INFO] scanner -    ├─ Tempo mínimo: 1800 minutos
2026-03-31 13:37:35 [INFO] scanner -    └─ Próximo permitido em: 1226.2 minutos
2026-03-31 14:37:49 [INFO] scanner - ============================================================
2026-03-31 14:37:49 [INFO] scanner - 🚀 SCANNER INICIADO
2026-03-31 14:37:49 [INFO] scanner - 📅 Data/Hora: 31/03/2026 14:37:49
2026-03-31 14:37:49 [INFO] scanner - 📂 Log: logs/scanner_2026-03-31.log
2026-03-31 14:37:49 [INFO] scanner - ============================================================
2026-03-31 14:37:49 [INFO] scanner - 📝 PAPER MODE ATIVO - Apenas registro e análise
2026-03-31 14:37:52 [WARNING] root - Bloco de componentes falhou: cannot unpack non-iterable int object
2026-03-31 14:37:52 [INFO] scanner - ✅ Validações OK [BTC/USDT]: Score=7.3, R:R=2.08
2026-03-31 14:37:52 [INFO] scanner - ⏸️  Throttle ativo [BTC/USDT]:
2026-03-31 14:37:52 [INFO] scanner -    ├─ Último alerta há 634.1 minutos
2026-03-31 14:37:52 [INFO] scanner -    ├─ Tempo mínimo: 1800 minutos
2026-03-31 14:37:52 [INFO] scanner -    └─ Próximo permitido em: 1165.9 minutos
2026-03-31 14:37:54 [WARNING] root - Bloco de componentes falhou: cannot unpack non-iterable int object
2026-03-31 14:37:54 [INFO] scanner - ✅ Validações OK [ETH/USDT]: Score=10.0, R:R=2.00
2026-03-31 14:37:54 [INFO] scanner - ⏸️  Throttle ativo [ETH/USDT]:
2026-03-31 14:37:54 [INFO] scanner -    ├─ Último alerta há 634.1 minutos
2026-03-31 14:37:54 [INFO] scanner -    ├─ Tempo mínimo: 1800 minutos
2026-03-31 14:37:54 [INFO] scanner -    └─ Próximo permitido em: 1165.9 minutos
2026-03-31 14:37:55 [WARNING] root - Bloco de componentes falhou: cannot unpack non-iterable int object
2026-03-31 14:37:55 [INFO] scanner - ✅ Validações OK [ETH/USDT]: Score=7.3, R:R=2.00
2026-03-31 14:37:55 [INFO] scanner - ⏸️  Throttle ativo [ETH/USDT]:
2026-03-31 14:37:55 [INFO] scanner -    ├─ Último alerta há 634.1 minutos
2026-03-31 14:37:55 [INFO] scanner -    ├─ Tempo mínimo: 1800 minutos
2026-03-31 14:37:55 [INFO] scanner -    └─ Próximo permitido em: 1165.9 minutos
2026-03-31 14:37:55 [WARNING] root - Bloco de componentes falhou: cannot unpack non-iterable int object
2026-03-31 14:37:55 [INFO] scanner - ✅ Validações OK [ETH/USDT]: Score=7.3, R:R=2.00
2026-03-31 14:37:55 [INFO] scanner - ⏸️  Throttle ativo [ETH/USDT]:
2026-03-31 14:37:55 [INFO] scanner -    ├─ Último alerta há 634.1 minutos
2026-03-31 14:37:55 [INFO] scanner -    ├─ Tempo mínimo: 1800 minutos
2026-03-31 14:37:55 [INFO] scanner -    └─ Próximo permitido em: 1165.9 minutos
2026-03-31 15:36:40 [INFO] scanner - ============================================================
2026-03-31 15:36:40 [INFO] scanner - 🚀 SCANNER INICIADO
2026-03-31 15:36:40 [INFO] scanner - 📅 Data/Hora: 31/03/2026 15:36:40
2026-03-31 15:36:40 [INFO] scanner - 📂 Log: logs/scanner_2026-03-31.log
2026-03-31 15:36:40 [INFO] scanner - ============================================================
2026-03-31 15:36:40 [INFO] scanner - 📝 PAPER MODE ATIVO - Apenas registro e análise
2026-03-31 15:36:43 [WARNING] root - Bloco de componentes falhou: cannot unpack non-iterable int object
2026-03-31 15:36:43 [INFO] scanner - ✅ Validações OK [BTC/USDT]: Score=7.3, R:R=2.08
2026-03-31 15:36:43 [INFO] scanner - ⏸️  Throttle ativo [BTC/USDT]:
2026-03-31 15:36:43 [INFO] scanner -    ├─ Último alerta há 693.0 minutos
2026-03-31 15:36:43 [INFO] scanner -    ├─ Tempo mínimo: 1800 minutos
2026-03-31 15:36:43 [INFO] scanner -    └─ Próximo permitido em: 1107.0 minutos
2026-03-31 15:36:46 [WARNING] root - Bloco de componentes falhou: cannot unpack non-iterable int object
2026-03-31 15:36:46 [INFO] scanner - ✅ Validações OK [ETH/USDT]: Score=7.3, R:R=2.00
2026-03-31 15:36:46 [INFO] scanner - ⏸️  Throttle ativo [ETH/USDT]:
2026-03-31 15:36:46 [INFO] scanner -    ├─ Último alerta há 692.9 minutos
2026-03-31 15:36:46 [INFO] scanner -    ├─ Tempo mínimo: 1800 minutos
2026-03-31 15:36:46 [INFO] scanner -    └─ Próximo permitido em: 1107.1 minutos
2026-03-31 15:36:46 [WARNING] root - Bloco de componentes falhou: cannot unpack non-iterable int object
2026-03-31 15:36:46 [INFO] scanner - ✅ Validações OK [ETH/USDT]: Score=7.3, R:R=2.00
2026-03-31 15:36:46 [INFO] scanner - ⏸️  Throttle ativo [ETH/USDT]:
2026-03-31 15:36:46 [INFO] scanner -    ├─ Último alerta há 692.9 minutos
2026-03-31 15:36:46 [INFO] scanner -    ├─ Tempo mínimo: 1800 minutos
2026-03-31 15:36:46 [INFO] scanner -    └─ Próximo permitido em: 1107.1 minutos
2026-03-31 16:39:57 [INFO] scanner - ============================================================
2026-03-31 16:39:57 [INFO] scanner - 🚀 SCANNER INICIADO
2026-03-31 16:39:57 [INFO] scanner - 📅 Data/Hora: 31/03/2026 16:39:57
2026-03-31 16:39:57 [INFO] scanner - 📂 Log: logs/scanner_2026-03-31.log
2026-03-31 16:39:57 [INFO] scanner - ============================================================
2026-03-31 16:39:57 [INFO] scanner - 📝 PAPER MODE ATIVO - Apenas registro e análise
2026-03-31 16:40:00 [WARNING] root - Bloco de componentes falhou: cannot unpack non-iterable int object
2026-03-31 16:40:00 [INFO] scanner - ✅ Validações OK [BTC/USDT]: Score=7.3, R:R=2.08
2026-03-31 16:40:00 [INFO] scanner - ⏸️  Throttle ativo [BTC/USDT]:
2026-03-31 16:40:00 [INFO] scanner -    ├─ Último alerta há 756.2 minutos
2026-03-31 16:40:00 [INFO] scanner -    ├─ Tempo mínimo: 1800 minutos
2026-03-31 16:40:00 [INFO] scanner -    └─ Próximo permitido em: 1043.8 minutos
2026-03-31 16:40:03 [WARNING] root - Bloco de componentes falhou: cannot unpack non-iterable int object
2026-03-31 16:40:03 [INFO] scanner - ✅ Validações OK [ETH/USDT]: Score=7.3, R:R=2.00
2026-03-31 16:40:03 [INFO] scanner - ⏸️  Throttle ativo [ETH/USDT]:
2026-03-31 16:40:03 [INFO] scanner -    ├─ Último alerta há 756.2 minutos
2026-03-31 16:40:03 [INFO] scanner -    ├─ Tempo mínimo: 1800 minutos
2026-03-31 16:40:03 [INFO] scanner -    └─ Próximo permitido em: 1043.8 minutos
2026-03-31 16:40:03 [WARNING] root - Bloco de componentes falhou: cannot unpack non-iterable int object
2026-03-31 16:40:03 [INFO] scanner - ✅ Validações OK [ETH/USDT]: Score=7.3, R:R=2.00
2026-03-31 16:40:03 [INFO] scanner - ⏸️  Throttle ativo [ETH/USDT]:
2026-03-31 16:40:03 [INFO] scanner -    ├─ Último alerta há 756.2 minutos
2026-03-31 16:40:03 [INFO] scanner -    ├─ Tempo mínimo: 1800 minutos
2026-03-31 16:40:03 [INFO] scanner -    └─ Próximo permitido em: 1043.8 minutos
2026-03-31 17:23:54 [INFO] scanner - ============================================================
2026-03-31 17:23:54 [INFO] scanner - 🚀 SCANNER INICIADO
2026-03-31 17:23:54 [INFO] scanner - 📅 Data/Hora: 31/03/2026 17:23:54
2026-03-31 17:23:54 [INFO] scanner - 📂 Log: logs/scanner_2026-03-31.log
2026-03-31 17:23:54 [INFO] scanner - ============================================================
2026-03-31 17:23:54 [INFO] scanner - 📝 PAPER MODE ATIVO - Apenas registro e análise
2026-03-31 17:23:57 [WARNING] root - Bloco de componentes falhou: cannot unpack non-iterable int object
2026-03-31 17:23:57 [INFO] scanner - ✅ Validações OK [BTC/USDT]: Score=7.3, R:R=2.08
2026-03-31 17:23:57 [INFO] scanner - ⏸️  Throttle ativo [BTC/USDT]:
2026-03-31 17:23:57 [INFO] scanner -    ├─ Último alerta há 800.2 minutos
2026-03-31 17:23:57 [INFO] scanner -    ├─ Tempo mínimo: 1800 minutos
2026-03-31 17:23:57 [INFO] scanner -    └─ Próximo permitido em: 999.8 minutos
2026-03-31 17:24:00 [WARNING] root - Bloco de componentes falhou: cannot unpack non-iterable int object
2026-03-31 17:24:00 [INFO] scanner - ✅ Validações OK [ETH/USDT]: Score=7.3, R:R=2.00
2026-03-31 17:24:00 [INFO] scanner - ⏸️  Throttle ativo [ETH/USDT]:
2026-03-31 17:24:00 [INFO] scanner -    ├─ Último alerta há 800.2 minutos
2026-03-31 17:24:00 [INFO] scanner -    ├─ Tempo mínimo: 1800 minutos
2026-03-31 17:24:00 [INFO] scanner -    └─ Próximo permitido em: 999.8 minutos
2026-03-31 17:24:00 [WARNING] root - Bloco de componentes falhou: cannot unpack non-iterable int object
2026-03-31 17:24:00 [INFO] scanner - ✅ Validações OK [ETH/USDT]: Score=7.3, R:R=2.00
2026-03-31 17:24:00 [INFO] scanner - ⏸️  Throttle ativo [ETH/USDT]:
2026-03-31 17:24:00 [INFO] scanner -    ├─ Último alerta há 800.2 minutos
2026-03-31 17:24:00 [INFO] scanner -    ├─ Tempo mínimo: 1800 minutos
2026-03-31 17:24:00 [INFO] scanner -    └─ Próximo permitido em: 999.8 minutos
