2026-04-28 05:09:25 [INFO] scanner - ============================================================
2026-04-28 05:09:25 [INFO] scanner - 🚀 SCANNER INICIADO
2026-04-28 05:09:25 [INFO] scanner - 📅 Data/Hora: 28/04/2026 05:09:25
2026-04-28 05:09:25 [INFO] scanner - 📂 Log: logs/scanner_2026-04-28.log
2026-04-28 05:09:25 [INFO] scanner - ============================================================
2026-04-28 05:09:25 [INFO] scanner - 📝 PAPER MODE ATIVO - Apenas registro e análise
2026-04-28 07:24:29 [INFO] scanner - ============================================================
2026-04-28 07:24:29 [INFO] scanner - 🚀 SCANNER INICIADO
2026-04-28 07:24:29 [INFO] scanner - 📅 Data/Hora: 28/04/2026 07:24:29
2026-04-28 07:24:29 [INFO] scanner - 📂 Log: logs/scanner_2026-04-28.log
2026-04-28 07:24:29 [INFO] scanner - ============================================================
2026-04-28 07:24:29 [INFO] scanner - 📝 PAPER MODE ATIVO - Apenas registro e análise
2026-04-28 09:09:24 [INFO] scanner - ============================================================
2026-04-28 09:09:24 [INFO] scanner - 🚀 SCANNER INICIADO
2026-04-28 09:09:24 [INFO] scanner - 📅 Data/Hora: 28/04/2026 09:09:24
2026-04-28 09:09:24 [INFO] scanner - 📂 Log: logs/scanner_2026-04-28.log
2026-04-28 09:09:24 [INFO] scanner - ============================================================
2026-04-28 09:09:24 [INFO] scanner - 📝 PAPER MODE ATIVO - Apenas registro e análise
2026-04-28 11:39:37 [INFO] scanner - ============================================================
2026-04-28 11:39:37 [INFO] scanner - 🚀 SCANNER INICIADO
2026-04-28 11:39:37 [INFO] scanner - 📅 Data/Hora: 28/04/2026 11:39:37
2026-04-28 11:39:37 [INFO] scanner - 📂 Log: logs/scanner_2026-04-28.log
2026-04-28 11:39:37 [INFO] scanner - ============================================================
2026-04-28 11:39:37 [INFO] scanner - 📝 PAPER MODE ATIVO - Apenas registro e análise
2026-04-28 11:39:43 [WARNING] root - Bloco de componentes falhou: cannot unpack non-iterable int object
2026-04-28 11:39:43 [INFO] scanner - ✅ Validações OK [BTC/USDT]: Score=7.3, R:R=2.08
2026-04-28 11:39:43 [INFO] scanner - ✅ Throttle OK [BTC/USDT]: Pode enviar
2026-04-28 13:26:23 [INFO] scanner - ============================================================
2026-04-28 13:26:23 [INFO] scanner - 🚀 SCANNER INICIADO
2026-04-28 13:26:23 [INFO] scanner - 📅 Data/Hora: 28/04/2026 13:26:23
2026-04-28 13:26:23 [INFO] scanner - 📂 Log: logs/scanner_2026-04-28.log
2026-04-28 13:26:23 [INFO] scanner - ============================================================
2026-04-28 13:26:23 [INFO] scanner - 📝 PAPER MODE ATIVO - Apenas registro e análise
2026-04-28 15:00:22 [INFO] scanner - ============================================================
2026-04-28 15:00:22 [INFO] scanner - 🚀 SCANNER INICIADO
2026-04-28 15:00:22 [INFO] scanner - 📅 Data/Hora: 28/04/2026 15:00:22
2026-04-28 15:00:22 [INFO] scanner - 📂 Log: logs/scanner_2026-04-28.log
2026-04-28 15:00:22 [INFO] scanner - ============================================================
2026-04-28 15:00:22 [INFO] scanner - 📝 PAPER MODE ATIVO - Apenas registro e análise
2026-04-28 16:48:02 [INFO] scanner - ============================================================
2026-04-28 16:48:02 [INFO] scanner - 🚀 SCANNER INICIADO
2026-04-28 16:48:02 [INFO] scanner - 📅 Data/Hora: 28/04/2026 16:48:02
2026-04-28 16:48:02 [INFO] scanner - 📂 Log: logs/scanner_2026-04-28.log
2026-04-28 16:48:02 [INFO] scanner - ============================================================
2026-04-28 16:48:02 [INFO] scanner - 📝 PAPER MODE ATIVO - Apenas registro e análise
2026-04-28 18:00:26 [INFO] scanner - ============================================================
2026-04-28 18:00:26 [INFO] scanner - 🚀 SCANNER INICIADO
2026-04-28 18:00:26 [INFO] scanner - 📅 Data/Hora: 28/04/2026 18:00:26
2026-04-28 18:00:26 [INFO] scanner - 📂 Log: logs/scanner_2026-04-28.log
2026-04-28 18:00:26 [INFO] scanner - ============================================================
2026-04-28 18:00:26 [INFO] scanner - 📝 PAPER MODE ATIVO - Apenas registro e análise
2026-04-28 18:00:32 [WARNING] root - Bloco de componentes falhou: cannot unpack non-iterable int object
2026-04-28 18:00:32 [INFO] scanner - ✅ Validações OK [ETH/USDT]: Score=7.3, R:R=2.00
2026-04-28 18:00:32 [INFO] scanner - ⏸️  Throttle ativo [ETH/USDT]:
2026-04-28 18:00:32 [INFO] scanner -    ├─ Último alerta há 1640.6 minutos
2026-04-28 18:00:32 [INFO] scanner -    ├─ Tempo mínimo: 1800 minutos
2026-04-28 18:00:32 [INFO] scanner -    └─ Próximo permitido em: 159.4 minutos
2026-04-28 19:02:53 [INFO] scanner - ============================================================
2026-04-28 19:02:53 [INFO] scanner - 🚀 SCANNER INICIADO
2026-04-28 19:02:53 [INFO] scanner - 📅 Data/Hora: 28/04/2026 19:02:53
2026-04-28 19:02:53 [INFO] scanner - 📂 Log: logs/scanner_2026-04-28.log
2026-04-28 19:02:53 [INFO] scanner - ============================================================
2026-04-28 19:02:53 [INFO] scanner - 📝 PAPER MODE ATIVO - Apenas registro e análise
