2026-03-04 03:36:43 [INFO] scanner - ============================================================
2026-03-04 03:36:43 [INFO] scanner - 🚀 SCANNER INICIADO
2026-03-04 03:36:43 [INFO] scanner - 📅 Data/Hora: 04/03/2026 03:36:43
2026-03-04 03:36:43 [INFO] scanner - 📂 Log: logs/scanner_2026-03-04.log
2026-03-04 03:36:43 [INFO] scanner - ============================================================
2026-03-04 03:36:43 [INFO] scanner - 📝 PAPER MODE ATIVO - Apenas registro e análise
2026-03-04 03:36:46 [WARNING] root - Bloco de componentes falhou: cannot unpack non-iterable int object
2026-03-04 03:36:46 [INFO] scanner - ✅ Validações OK [BTC/USDT]: Score=7.3, R:R=2.08
2026-03-04 03:36:46 [INFO] scanner - ⏸️  Throttle ativo [BTC/USDT]:
2026-03-04 03:36:46 [INFO] scanner -    ├─ Último alerta há 1437.2 minutos
2026-03-04 03:36:46 [INFO] scanner -    ├─ Tempo mínimo: 1800 minutos
2026-03-04 03:36:46 [INFO] scanner -    └─ Próximo permitido em: 362.8 minutos
2026-03-04 04:26:04 [INFO] scanner - ============================================================
2026-03-04 04:26:04 [INFO] scanner - 🚀 SCANNER INICIADO
2026-03-04 04:26:04 [INFO] scanner - 📅 Data/Hora: 04/03/2026 04:26:04
2026-03-04 04:26:04 [INFO] scanner - 📂 Log: logs/scanner_2026-03-04.log
2026-03-04 04:26:04 [INFO] scanner - ============================================================
2026-03-04 04:26:04 [INFO] scanner - 📝 PAPER MODE ATIVO - Apenas registro e análise
2026-03-04 04:55:46 [INFO] scanner - ============================================================
2026-03-04 04:55:46 [INFO] scanner - 🚀 SCANNER INICIADO
2026-03-04 04:55:46 [INFO] scanner - 📅 Data/Hora: 04/03/2026 04:55:46
2026-03-04 04:55:46 [INFO] scanner - 📂 Log: logs/scanner_2026-03-04.log
2026-03-04 04:55:46 [INFO] scanner - ============================================================
2026-03-04 04:55:46 [INFO] scanner - 📝 PAPER MODE ATIVO - Apenas registro e análise
2026-03-04 04:55:49 [WARNING] root - Bloco de componentes falhou: cannot unpack non-iterable int object
2026-03-04 04:55:49 [INFO] scanner - ✅ Validações OK [BTC/USDT]: Score=10.0, R:R=2.08
2026-03-04 04:55:49 [INFO] scanner - ⏸️  Throttle ativo [BTC/USDT]:
2026-03-04 04:55:49 [INFO] scanner -    ├─ Último alerta há 1516.3 minutos
2026-03-04 04:55:49 [INFO] scanner -    ├─ Tempo mínimo: 1800 minutos
2026-03-04 04:55:49 [INFO] scanner -    └─ Próximo permitido em: 283.7 minutos
2026-03-04 04:55:49 [WARNING] root - Bloco de componentes falhou: cannot unpack non-iterable int object
2026-03-04 04:55:49 [INFO] scanner - ✅ Validações OK [BTC/USDT]: Score=7.8, R:R=2.08
2026-03-04 04:55:49 [INFO] scanner - ⏸️  Throttle ativo [BTC/USDT]:
2026-03-04 04:55:49 [INFO] scanner -    ├─ Último alerta há 1516.3 minutos
2026-03-04 04:55:49 [INFO] scanner -    ├─ Tempo mínimo: 1800 minutos
2026-03-04 04:55:49 [INFO] scanner -    └─ Próximo permitido em: 283.7 minutos
2026-03-04 04:55:49 [WARNING] root - Bloco de componentes falhou: cannot unpack non-iterable int object
2026-03-04 04:55:49 [INFO] scanner - ✅ Validações OK [BTC/USDT]: Score=7.8, R:R=2.08
2026-03-04 04:55:49 [INFO] scanner - ⏸️  Throttle ativo [BTC/USDT]:
2026-03-04 04:55:49 [INFO] scanner -    ├─ Último alerta há 1516.3 minutos
2026-03-04 04:55:49 [INFO] scanner -    ├─ Tempo mínimo: 1800 minutos
2026-03-04 04:55:49 [INFO] scanner -    └─ Próximo permitido em: 283.7 minutos
2026-03-04 04:55:50 [WARNING] root - Bloco de componentes falhou: cannot unpack non-iterable int object
2026-03-04 04:55:50 [INFO] scanner - ✅ Validações OK [BTC/USDT]: Score=7.8, R:R=2.08
2026-03-04 04:55:50 [INFO] scanner - ⏸️  Throttle ativo [BTC/USDT]:
2026-03-04 04:55:50 [INFO] scanner -    ├─ Último alerta há 1516.3 minutos
2026-03-04 04:55:50 [INFO] scanner -    ├─ Tempo mínimo: 1800 minutos
2026-03-04 04:55:50 [INFO] scanner -    └─ Próximo permitido em: 283.7 minutos
2026-03-04 04:55:52 [WARNING] root - Bloco de componentes falhou: cannot unpack non-iterable int object
2026-03-04 04:55:52 [INFO] scanner - ✅ Validações OK [ETH/USDT]: Score=7.3, R:R=2.00
2026-03-04 04:55:52 [INFO] scanner - ⏸️  Throttle ativo [ETH/USDT]:
2026-03-04 04:55:52 [INFO] scanner -    ├─ Último alerta há 1516.3 minutos
2026-03-04 04:55:52 [INFO] scanner -    ├─ Tempo mínimo: 1800 minutos
2026-03-04 04:55:52 [INFO] scanner -    └─ Próximo permitido em: 283.7 minutos
