2026-06-26 05:51:41 [INFO] scanner - ============================================================
2026-06-26 05:51:41 [INFO] scanner - 🚀 SCANNER INICIADO
2026-06-26 05:51:41 [INFO] scanner - 📅 Data/Hora: 26/06/2026 05:51:41
2026-06-26 05:51:41 [INFO] scanner - 📂 Log: logs/scanner_2026-06-26.log
2026-06-26 05:51:41 [INFO] scanner - ============================================================
2026-06-26 05:51:41 [INFO] scanner - 📝 PAPER MODE ATIVO - Apenas registro e análise
2026-06-26 08:39:37 [INFO] scanner - ============================================================
2026-06-26 08:39:37 [INFO] scanner - 🚀 SCANNER INICIADO
2026-06-26 08:39:37 [INFO] scanner - 📅 Data/Hora: 26/06/2026 08:39:37
2026-06-26 08:39:37 [INFO] scanner - 📂 Log: logs/scanner_2026-06-26.log
2026-06-26 08:39:37 [INFO] scanner - ============================================================
2026-06-26 08:39:37 [INFO] scanner - 📝 PAPER MODE ATIVO - Apenas registro e análise
2026-06-26 10:35:34 [INFO] scanner - ============================================================
2026-06-26 10:35:34 [INFO] scanner - 🚀 SCANNER INICIADO
2026-06-26 10:35:34 [INFO] scanner - 📅 Data/Hora: 26/06/2026 10:35:34
2026-06-26 10:35:34 [INFO] scanner - 📂 Log: logs/scanner_2026-06-26.log
2026-06-26 10:35:34 [INFO] scanner - ============================================================
2026-06-26 10:35:34 [INFO] scanner - 📝 PAPER MODE ATIVO - Apenas registro e análise
2026-06-26 10:35:38 [WARNING] root - Bloco de componentes falhou: cannot unpack non-iterable int object
2026-06-26 10:35:38 [INFO] scanner - ✅ Validações OK [BTC/USDT]: Score=7.3, R:R=2.08
2026-06-26 10:35:38 [INFO] scanner - ✅ Throttle OK [BTC/USDT]: Pode enviar
