2026-06-23 06:23:11 [INFO] scanner - ============================================================
2026-06-23 06:23:11 [INFO] scanner - 🚀 SCANNER INICIADO
2026-06-23 06:23:11 [INFO] scanner - 📅 Data/Hora: 23/06/2026 06:23:11
2026-06-23 06:23:11 [INFO] scanner - 📂 Log: logs/scanner_2026-06-23.log
2026-06-23 06:23:11 [INFO] scanner - ============================================================
2026-06-23 06:23:11 [INFO] scanner - 📝 PAPER MODE ATIVO - Apenas registro e análise
2026-06-23 09:18:50 [INFO] scanner - ============================================================
2026-06-23 09:18:50 [INFO] scanner - 🚀 SCANNER INICIADO
2026-06-23 09:18:50 [INFO] scanner - 📅 Data/Hora: 23/06/2026 09:18:50
2026-06-23 09:18:50 [INFO] scanner - 📂 Log: logs/scanner_2026-06-23.log
2026-06-23 09:18:50 [INFO] scanner - ============================================================
2026-06-23 09:18:50 [INFO] scanner - 📝 PAPER MODE ATIVO - Apenas registro e análise
2026-06-23 12:29:33 [INFO] scanner - ============================================================
2026-06-23 12:29:33 [INFO] scanner - 🚀 SCANNER INICIADO
2026-06-23 12:29:33 [INFO] scanner - 📅 Data/Hora: 23/06/2026 12:29:33
2026-06-23 12:29:33 [INFO] scanner - 📂 Log: logs/scanner_2026-06-23.log
2026-06-23 12:29:33 [INFO] scanner - ============================================================
2026-06-23 12:29:33 [INFO] scanner - 📝 PAPER MODE ATIVO - Apenas registro e análise
2026-06-23 12:29:37 [WARNING] root - Bloco de componentes falhou: cannot unpack non-iterable int object
2026-06-23 12:29:37 [INFO] scanner - ✅ Validações OK [BTC/USDT]: Score=8.3, R:R=2.08
2026-06-23 12:29:37 [INFO] scanner - ⏸️  Throttle ativo [BTC/USDT]:
2026-06-23 12:29:37 [INFO] scanner -    ├─ Último alerta há 1392.6 minutos
2026-06-23 12:29:37 [INFO] scanner -    ├─ Tempo mínimo: 1800 minutos
2026-06-23 12:29:37 [INFO] scanner -    └─ Próximo permitido em: 407.4 minutos
2026-06-23 14:26:12 [INFO] scanner - ============================================================
2026-06-23 14:26:12 [INFO] scanner - 🚀 SCANNER INICIADO
2026-06-23 14:26:12 [INFO] scanner - 📅 Data/Hora: 23/06/2026 14:26:12
2026-06-23 14:26:12 [INFO] scanner - 📂 Log: logs/scanner_2026-06-23.log
2026-06-23 14:26:12 [INFO] scanner - ============================================================
2026-06-23 14:26:12 [INFO] scanner - 📝 PAPER MODE ATIVO - Apenas registro e análise
