2026-04-19 04:08:26 [INFO] scanner - ============================================================
2026-04-19 04:08:26 [INFO] scanner - 🚀 SCANNER INICIADO
2026-04-19 04:08:26 [INFO] scanner - 📅 Data/Hora: 19/04/2026 04:08:26
2026-04-19 04:08:26 [INFO] scanner - 📂 Log: logs/scanner_2026-04-19.log
2026-04-19 04:08:26 [INFO] scanner - ============================================================
2026-04-19 04:08:26 [INFO] scanner - 📝 PAPER MODE ATIVO - Apenas registro e análise
2026-04-19 04:08:29 [WARNING] root - Bloco de componentes falhou: cannot unpack non-iterable int object
2026-04-19 04:08:29 [INFO] scanner - ✅ Validações OK [BTC/USDT]: Score=7.3, R:R=2.08
2026-04-19 04:08:29 [INFO] scanner - ✅ Throttle OK [BTC/USDT]: Pode enviar
2026-04-19 05:13:31 [INFO] scanner - ============================================================
2026-04-19 05:13:31 [INFO] scanner - 🚀 SCANNER INICIADO
2026-04-19 05:13:31 [INFO] scanner - 📅 Data/Hora: 19/04/2026 05:13:31
2026-04-19 05:13:31 [INFO] scanner - 📂 Log: logs/scanner_2026-04-19.log
2026-04-19 05:13:31 [INFO] scanner - ============================================================
2026-04-19 05:13:31 [INFO] scanner - 📝 PAPER MODE ATIVO - Apenas registro e análise
2026-04-19 06:06:57 [INFO] scanner - ============================================================
2026-04-19 06:06:57 [INFO] scanner - 🚀 SCANNER INICIADO
2026-04-19 06:06:57 [INFO] scanner - 📅 Data/Hora: 19/04/2026 06:06:57
2026-04-19 06:06:57 [INFO] scanner - 📂 Log: logs/scanner_2026-04-19.log
2026-04-19 06:06:57 [INFO] scanner - ============================================================
2026-04-19 06:06:57 [INFO] scanner - 📝 PAPER MODE ATIVO - Apenas registro e análise
2026-04-19 06:59:41 [INFO] scanner - ============================================================
2026-04-19 06:59:41 [INFO] scanner - 🚀 SCANNER INICIADO
2026-04-19 06:59:41 [INFO] scanner - 📅 Data/Hora: 19/04/2026 06:59:41
2026-04-19 06:59:41 [INFO] scanner - 📂 Log: logs/scanner_2026-04-19.log
2026-04-19 06:59:41 [INFO] scanner - ============================================================
2026-04-19 06:59:41 [INFO] scanner - 📝 PAPER MODE ATIVO - Apenas registro e análise
2026-04-19 06:59:44 [WARNING] root - Bloco de componentes falhou: cannot unpack non-iterable int object
2026-04-19 06:59:44 [INFO] scanner - ✅ Validações OK [BTC/USDT]: Score=7.3, R:R=2.08
2026-04-19 06:59:44 [INFO] scanner - ⏸️  Throttle ativo [BTC/USDT]:
2026-04-19 06:59:44 [INFO] scanner -    ├─ Último alerta há 171.3 minutos
2026-04-19 06:59:44 [INFO] scanner -    ├─ Tempo mínimo: 1800 minutos
2026-04-19 06:59:44 [INFO] scanner -    └─ Próximo permitido em: 1628.7 minutos
2026-04-19 06:59:46 [WARNING] root - Bloco de componentes falhou: cannot unpack non-iterable int object
2026-04-19 06:59:46 [INFO] scanner - ✅ Validações OK [ETH/USDT]: Score=7.3, R:R=2.00
2026-04-19 06:59:46 [INFO] scanner - ⏸️  Throttle ativo [ETH/USDT]:
2026-04-19 06:59:46 [INFO] scanner -    ├─ Último alerta há 1621.8 minutos
2026-04-19 06:59:46 [INFO] scanner -    ├─ Tempo mínimo: 1800 minutos
2026-04-19 06:59:46 [INFO] scanner -    └─ Próximo permitido em: 178.2 minutos
2026-04-19 06:59:46 [WARNING] root - Bloco de componentes falhou: cannot unpack non-iterable int object
2026-04-19 06:59:46 [INFO] scanner - ✅ Validações OK [ETH/USDT]: Score=7.3, R:R=2.00
2026-04-19 06:59:46 [INFO] scanner - ⏸️  Throttle ativo [ETH/USDT]:
2026-04-19 06:59:46 [INFO] scanner -    ├─ Último alerta há 1621.8 minutos
2026-04-19 06:59:46 [INFO] scanner -    ├─ Tempo mínimo: 1800 minutos
2026-04-19 06:59:46 [INFO] scanner -    └─ Próximo permitido em: 178.2 minutos
2026-04-19 07:42:32 [INFO] scanner - ============================================================
2026-04-19 07:42:32 [INFO] scanner - 🚀 SCANNER INICIADO
2026-04-19 07:42:32 [INFO] scanner - 📅 Data/Hora: 19/04/2026 07:42:32
2026-04-19 07:42:32 [INFO] scanner - 📂 Log: logs/scanner_2026-04-19.log
2026-04-19 07:42:32 [INFO] scanner - ============================================================
2026-04-19 07:42:32 [INFO] scanner - 📝 PAPER MODE ATIVO - Apenas registro e análise
2026-04-19 08:21:08 [INFO] scanner - ============================================================
2026-04-19 08:21:08 [INFO] scanner - 🚀 SCANNER INICIADO
2026-04-19 08:21:08 [INFO] scanner - 📅 Data/Hora: 19/04/2026 08:21:08
2026-04-19 08:21:08 [INFO] scanner - 📂 Log: logs/scanner_2026-04-19.log
2026-04-19 08:21:08 [INFO] scanner - ============================================================
2026-04-19 08:21:08 [INFO] scanner - 📝 PAPER MODE ATIVO - Apenas registro e análise
2026-04-19 08:21:13 [WARNING] root - Bloco de componentes falhou: cannot unpack non-iterable int object
2026-04-19 08:21:13 [INFO] scanner - ✅ Validações OK [ETH/USDT]: Score=7.3, R:R=2.00
2026-04-19 08:21:13 [INFO] scanner - ⏸️  Throttle ativo [ETH/USDT]:
2026-04-19 08:21:13 [INFO] scanner -    ├─ Último alerta há 1703.2 minutos
2026-04-19 08:21:13 [INFO] scanner -    ├─ Tempo mínimo: 1800 minutos
2026-04-19 08:21:13 [INFO] scanner -    └─ Próximo permitido em: 96.8 minutos
2026-04-19 08:55:58 [INFO] scanner - ============================================================
2026-04-19 08:55:58 [INFO] scanner - 🚀 SCANNER INICIADO
2026-04-19 08:55:58 [INFO] scanner - 📅 Data/Hora: 19/04/2026 08:55:58
2026-04-19 08:55:58 [INFO] scanner - 📂 Log: logs/scanner_2026-04-19.log
2026-04-19 08:55:58 [INFO] scanner - ============================================================
2026-04-19 08:55:58 [INFO] scanner - 📝 PAPER MODE ATIVO - Apenas registro e análise
2026-04-19 08:56:01 [WARNING] root - Bloco de componentes falhou: cannot unpack non-iterable int object
2026-04-19 08:56:01 [INFO] scanner - ✅ Validações OK [BTC/USDT]: Score=7.3, R:R=2.08
2026-04-19 08:56:01 [INFO] scanner - ⏸️  Throttle ativo [BTC/USDT]:
2026-04-19 08:56:01 [INFO] scanner -    ├─ Último alerta há 287.5 minutos
2026-04-19 08:56:01 [INFO] scanner -    ├─ Tempo mínimo: 1800 minutos
2026-04-19 08:56:01 [INFO] scanner -    └─ Próximo permitido em: 1512.5 minutos
2026-04-19 08:56:03 [WARNING] root - Bloco de componentes falhou: cannot unpack non-iterable int object
2026-04-19 08:56:03 [INFO] scanner - ✅ Validações OK [ETH/USDT]: Score=7.3, R:R=2.00
2026-04-19 08:56:03 [INFO] scanner - ⏸️  Throttle ativo [ETH/USDT]:
2026-04-19 08:56:03 [INFO] scanner -    ├─ Último alerta há 1738.1 minutos
2026-04-19 08:56:03 [INFO] scanner -    ├─ Tempo mínimo: 1800 minutos
2026-04-19 08:56:03 [INFO] scanner -    └─ Próximo permitido em: 61.9 minutos
2026-04-19 09:43:39 [INFO] scanner - ============================================================
2026-04-19 09:43:39 [INFO] scanner - 🚀 SCANNER INICIADO
2026-04-19 09:43:39 [INFO] scanner - 📅 Data/Hora: 19/04/2026 09:43:39
2026-04-19 09:43:39 [INFO] scanner - 📂 Log: logs/scanner_2026-04-19.log
2026-04-19 09:43:39 [INFO] scanner - ============================================================
2026-04-19 09:43:39 [INFO] scanner - 📝 PAPER MODE ATIVO - Apenas registro e análise
2026-04-19 09:43:45 [WARNING] root - Bloco de componentes falhou: cannot unpack non-iterable int object
2026-04-19 09:43:45 [INFO] scanner - ✅ Validações OK [ETH/USDT]: Score=7.3, R:R=2.00
2026-04-19 09:43:45 [INFO] scanner - ⏸️  Throttle ativo [ETH/USDT]:
2026-04-19 09:43:45 [INFO] scanner -    ├─ Último alerta há 1785.8 minutos
2026-04-19 09:43:45 [INFO] scanner -    ├─ Tempo mínimo: 1800 minutos
2026-04-19 09:43:45 [INFO] scanner -    └─ Próximo permitido em: 14.2 minutos
