2026-07-08 05:10:00 [INFO] scanner - ============================================================
2026-07-08 05:10:00 [INFO] scanner - 🚀 SCANNER INICIADO
2026-07-08 05:10:00 [INFO] scanner - 📅 Data/Hora: 08/07/2026 05:10:00
2026-07-08 05:10:00 [INFO] scanner - 📂 Log: logs/scanner_2026-07-08.log
2026-07-08 05:10:00 [INFO] scanner - ============================================================
2026-07-08 05:10:00 [INFO] scanner - 📝 PAPER MODE ATIVO - Apenas registro e análise
2026-07-08 05:10:14 [WARNING] root - Bloco de componentes falhou: cannot unpack non-iterable int object
2026-07-08 05:10:14 [INFO] scanner - ✅ Validações OK [BTC/USDT]: Score=7.3, R:R=2.08
2026-07-08 05:10:14 [INFO] scanner - ⏸️  Throttle ativo [BTC/USDT]:
2026-07-08 05:10:14 [INFO] scanner -    ├─ Último alerta há 1196.4 minutos
2026-07-08 05:10:14 [INFO] scanner -    ├─ Tempo mínimo: 1800 minutos
2026-07-08 05:10:14 [INFO] scanner -    └─ Próximo permitido em: 603.6 minutos
2026-07-08 07:29:46 [INFO] scanner - ============================================================
2026-07-08 07:29:46 [INFO] scanner - 🚀 SCANNER INICIADO
2026-07-08 07:29:46 [INFO] scanner - 📅 Data/Hora: 08/07/2026 07:29:46
2026-07-08 07:29:46 [INFO] scanner - 📂 Log: logs/scanner_2026-07-08.log
2026-07-08 07:29:46 [INFO] scanner - ============================================================
2026-07-08 07:29:46 [INFO] scanner - 📝 PAPER MODE ATIVO - Apenas registro e análise
2026-07-08 07:29:50 [WARNING] root - Bloco de componentes falhou: cannot unpack non-iterable int object
2026-07-08 07:29:50 [INFO] scanner - ✅ Validações OK [BTC/USDT]: Score=7.3, R:R=2.08
2026-07-08 07:29:50 [INFO] scanner - ⏸️  Throttle ativo [BTC/USDT]:
2026-07-08 07:29:50 [INFO] scanner -    ├─ Último alerta há 1336.0 minutos
2026-07-08 07:29:50 [INFO] scanner -    ├─ Tempo mínimo: 1800 minutos
2026-07-08 07:29:50 [INFO] scanner -    └─ Próximo permitido em: 464.0 minutos
2026-07-08 07:29:52 [WARNING] root - Bloco de componentes falhou: cannot unpack non-iterable int object
2026-07-08 07:29:52 [INFO] scanner - ✅ Validações OK [ETH/USDT]: Score=7.3, R:R=2.00
2026-07-08 07:29:52 [INFO] scanner - ✅ Throttle OK [ETH/USDT]: Pode enviar
2026-07-08 07:29:53 [INFO] scanner - 📝 Sinal no ledger: 20260708_072953_402574 - ETH/USDT
2026-07-08 07:29:53 [INFO] scanner - 📨 Alerta enviado | ID Ledger: 20260708_072953_402574
2026-07-08 09:04:40 [INFO] scanner - ============================================================
2026-07-08 09:04:40 [INFO] scanner - 🚀 SCANNER INICIADO
2026-07-08 09:04:40 [INFO] scanner - 📅 Data/Hora: 08/07/2026 09:04:40
2026-07-08 09:04:40 [INFO] scanner - 📂 Log: logs/scanner_2026-07-08.log
2026-07-08 09:04:40 [INFO] scanner - ============================================================
2026-07-08 09:04:40 [INFO] scanner - 📝 PAPER MODE ATIVO - Apenas registro e análise
2026-07-08 09:04:44 [WARNING] root - Bloco de componentes falhou: cannot unpack non-iterable int object
2026-07-08 09:04:44 [INFO] scanner - ✅ Validações OK [BTC/USDT]: Score=7.3, R:R=2.08
2026-07-08 09:04:44 [INFO] scanner - ⏸️  Throttle ativo [BTC/USDT]:
2026-07-08 09:04:44 [INFO] scanner -    ├─ Último alerta há 1430.9 minutos
2026-07-08 09:04:44 [INFO] scanner -    ├─ Tempo mínimo: 1800 minutos
2026-07-08 09:04:44 [INFO] scanner -    └─ Próximo permitido em: 369.1 minutos
2026-07-08 09:04:46 [WARNING] root - Bloco de componentes falhou: cannot unpack non-iterable int object
2026-07-08 09:04:46 [INFO] scanner - ✅ Validações OK [ETH/USDT]: Score=7.3, R:R=2.00
2026-07-08 09:04:46 [INFO] scanner - ⏸️  Throttle ativo [ETH/USDT]:
2026-07-08 09:04:46 [INFO] scanner -    ├─ Último alerta há 94.9 minutos
2026-07-08 09:04:46 [INFO] scanner -    ├─ Tempo mínimo: 1800 minutos
2026-07-08 09:04:46 [INFO] scanner -    └─ Próximo permitido em: 1705.1 minutos
2026-07-08 11:38:31 [INFO] scanner - ============================================================
2026-07-08 11:38:31 [INFO] scanner - 🚀 SCANNER INICIADO
2026-07-08 11:38:31 [INFO] scanner - 📅 Data/Hora: 08/07/2026 11:38:31
2026-07-08 11:38:31 [INFO] scanner - 📂 Log: logs/scanner_2026-07-08.log
2026-07-08 11:38:31 [INFO] scanner - ============================================================
2026-07-08 11:38:31 [INFO] scanner - 📝 PAPER MODE ATIVO - Apenas registro e análise
2026-07-08 11:38:36 [WARNING] root - Bloco de componentes falhou: cannot unpack non-iterable int object
2026-07-08 11:38:36 [INFO] scanner - ✅ Validações OK [BTC/USDT]: Score=8.3, R:R=2.08
2026-07-08 11:38:36 [INFO] scanner - ⏸️  Throttle ativo [BTC/USDT]:
2026-07-08 11:38:36 [INFO] scanner -    ├─ Último alerta há 1584.8 minutos
2026-07-08 11:38:36 [INFO] scanner -    ├─ Tempo mínimo: 1800 minutos
2026-07-08 11:38:36 [INFO] scanner -    └─ Próximo permitido em: 215.2 minutos
2026-07-08 11:38:38 [WARNING] root - Bloco de componentes falhou: cannot unpack non-iterable int object
2026-07-08 11:38:38 [INFO] scanner - ✅ Validações OK [ETH/USDT]: Score=7.3, R:R=2.00
2026-07-08 11:38:38 [INFO] scanner - ⏸️  Throttle ativo [ETH/USDT]:
2026-07-08 11:38:38 [INFO] scanner -    ├─ Último alerta há 248.8 minutos
2026-07-08 11:38:38 [INFO] scanner -    ├─ Tempo mínimo: 1800 minutos
2026-07-08 11:38:38 [INFO] scanner -    └─ Próximo permitido em: 1551.2 minutos
2026-07-08 11:38:39 [WARNING] root - Bloco de componentes falhou: cannot unpack non-iterable int object
2026-07-08 11:38:39 [INFO] scanner - ✅ Validações OK [ETH/USDT]: Score=7.3, R:R=2.00
2026-07-08 11:38:39 [INFO] scanner - ⏸️  Throttle ativo [ETH/USDT]:
2026-07-08 11:38:39 [INFO] scanner -    ├─ Último alerta há 248.8 minutos
2026-07-08 11:38:39 [INFO] scanner -    ├─ Tempo mínimo: 1800 minutos
2026-07-08 11:38:39 [INFO] scanner -    └─ Próximo permitido em: 1551.2 minutos
2026-07-08 13:19:01 [INFO] scanner - ============================================================
2026-07-08 13:19:01 [INFO] scanner - 🚀 SCANNER INICIADO
2026-07-08 13:19:01 [INFO] scanner - 📅 Data/Hora: 08/07/2026 13:19:01
2026-07-08 13:19:01 [INFO] scanner - 📂 Log: logs/scanner_2026-07-08.log
2026-07-08 13:19:01 [INFO] scanner - ============================================================
2026-07-08 13:19:01 [INFO] scanner - 📝 PAPER MODE ATIVO - Apenas registro e análise
2026-07-08 13:19:06 [WARNING] root - Bloco de componentes falhou: cannot unpack non-iterable int object
2026-07-08 13:19:06 [INFO] scanner - ✅ Validações OK [BTC/USDT]: Score=7.3, R:R=2.08
2026-07-08 13:19:06 [INFO] scanner - ⏸️  Throttle ativo [BTC/USDT]:
2026-07-08 13:19:06 [INFO] scanner -    ├─ Último alerta há 1685.3 minutos
2026-07-08 13:19:06 [INFO] scanner -    ├─ Tempo mínimo: 1800 minutos
2026-07-08 13:19:06 [INFO] scanner -    └─ Próximo permitido em: 114.7 minutos
2026-07-08 13:19:06 [WARNING] root - Bloco de componentes falhou: cannot unpack non-iterable int object
2026-07-08 13:19:06 [INFO] scanner - ✅ Validações OK [BTC/USDT]: Score=7.3, R:R=2.08
2026-07-08 13:19:06 [INFO] scanner - ⏸️  Throttle ativo [BTC/USDT]:
2026-07-08 13:19:06 [INFO] scanner -    ├─ Último alerta há 1685.3 minutos
2026-07-08 13:19:06 [INFO] scanner -    ├─ Tempo mínimo: 1800 minutos
2026-07-08 13:19:06 [INFO] scanner -    └─ Próximo permitido em: 114.7 minutos
2026-07-08 13:19:08 [WARNING] root - Bloco de componentes falhou: cannot unpack non-iterable int object
2026-07-08 13:19:08 [INFO] scanner - ✅ Validações OK [ETH/USDT]: Score=7.3, R:R=2.00
2026-07-08 13:19:08 [INFO] scanner - ⏸️  Throttle ativo [ETH/USDT]:
2026-07-08 13:19:08 [INFO] scanner -    ├─ Último alerta há 349.3 minutos
2026-07-08 13:19:08 [INFO] scanner -    ├─ Tempo mínimo: 1800 minutos
2026-07-08 13:19:08 [INFO] scanner -    └─ Próximo permitido em: 1450.7 minutos
