2026-02-23 03:54:58 [INFO] scanner - ============================================================
2026-02-23 03:54:58 [INFO] scanner - 🚀 SCANNER INICIADO
2026-02-23 03:54:58 [INFO] scanner - 📅 Data/Hora: 23/02/2026 03:54:58
2026-02-23 03:54:58 [INFO] scanner - 📂 Log: logs/scanner_2026-02-23.log
2026-02-23 03:54:58 [INFO] scanner - ============================================================
2026-02-23 03:54:58 [INFO] scanner - 📝 PAPER MODE ATIVO - Apenas registro e análise
2026-02-23 03:55:01 [WARNING] root - Bloco de componentes falhou: cannot unpack non-iterable int object
2026-02-23 03:55:01 [INFO] scanner - ✅ Validações OK [BTC/USDT]: Score=7.8, R:R=2.08
2026-02-23 03:55:01 [INFO] scanner - ✅ Throttle OK [BTC/USDT]: Pode enviar
2026-02-23 03:55:01 [WARNING] root - Bloco de componentes falhou: cannot unpack non-iterable int object
2026-02-23 03:55:01 [INFO] scanner - ✅ Validações OK [BTC/USDT]: Score=7.8, R:R=2.08
2026-02-23 03:55:01 [INFO] scanner - ⏸️  Throttle ativo [BTC/USDT]:
2026-02-23 03:55:01 [INFO] scanner -    ├─ Último alerta há 0.0 minutos
2026-02-23 03:55:01 [INFO] scanner -    ├─ Tempo mínimo: 1800 minutos
2026-02-23 03:55:01 [INFO] scanner -    └─ Próximo permitido em: 1800.0 minutos
2026-02-23 03:55:03 [WARNING] root - Bloco de componentes falhou: cannot unpack non-iterable int object
2026-02-23 03:55:03 [INFO] scanner - ✅ Validações OK [ETH/USDT]: Score=7.3, R:R=2.00
2026-02-23 03:55:03 [INFO] scanner - ✅ Throttle OK [ETH/USDT]: Pode enviar
2026-02-23 04:48:09 [INFO] scanner - ============================================================
2026-02-23 04:48:09 [INFO] scanner - 🚀 SCANNER INICIADO
2026-02-23 04:48:09 [INFO] scanner - 📅 Data/Hora: 23/02/2026 04:48:09
2026-02-23 04:48:09 [INFO] scanner - 📂 Log: logs/scanner_2026-02-23.log
2026-02-23 04:48:09 [INFO] scanner - ============================================================
2026-02-23 04:48:09 [INFO] scanner - 📝 PAPER MODE ATIVO - Apenas registro e análise
2026-02-23 04:48:13 [WARNING] root - Bloco de componentes falhou: cannot unpack non-iterable int object
2026-02-23 04:48:13 [INFO] scanner - ✅ Validações OK [BTC/USDT]: Score=7.8, R:R=2.08
2026-02-23 04:48:13 [INFO] scanner - ⏸️  Throttle ativo [BTC/USDT]:
2026-02-23 04:48:13 [INFO] scanner -    ├─ Último alerta há 53.2 minutos
2026-02-23 04:48:13 [INFO] scanner -    ├─ Tempo mínimo: 1800 minutos
2026-02-23 04:48:13 [INFO] scanner -    └─ Próximo permitido em: 1746.8 minutos
2026-02-23 04:48:15 [WARNING] root - Bloco de componentes falhou: cannot unpack non-iterable int object
2026-02-23 04:48:15 [INFO] scanner - ✅ Validações OK [ETH/USDT]: Score=7.3, R:R=2.00
2026-02-23 04:48:15 [INFO] scanner - ⏸️  Throttle ativo [ETH/USDT]:
2026-02-23 04:48:15 [INFO] scanner -    ├─ Último alerta há 53.2 minutos
2026-02-23 04:48:15 [INFO] scanner -    ├─ Tempo mínimo: 1800 minutos
2026-02-23 04:48:15 [INFO] scanner -    └─ Próximo permitido em: 1746.8 minutos
2026-02-23 05:39:08 [INFO] scanner - ============================================================
2026-02-23 05:39:08 [INFO] scanner - 🚀 SCANNER INICIADO
2026-02-23 05:39:08 [INFO] scanner - 📅 Data/Hora: 23/02/2026 05:39:08
2026-02-23 05:39:08 [INFO] scanner - 📂 Log: logs/scanner_2026-02-23.log
2026-02-23 05:39:08 [INFO] scanner - ============================================================
2026-02-23 05:39:08 [INFO] scanner - 📝 PAPER MODE ATIVO - Apenas registro e análise
2026-02-23 05:39:11 [WARNING] root - Bloco de componentes falhou: cannot unpack non-iterable int object
2026-02-23 05:39:11 [INFO] scanner - ✅ Validações OK [BTC/USDT]: Score=7.3, R:R=2.08
2026-02-23 05:39:11 [INFO] scanner - ⏸️  Throttle ativo [BTC/USDT]:
2026-02-23 05:39:11 [INFO] scanner -    ├─ Último alerta há 104.2 minutos
2026-02-23 05:39:11 [INFO] scanner -    ├─ Tempo mínimo: 1800 minutos
2026-02-23 05:39:11 [INFO] scanner -    └─ Próximo permitido em: 1695.8 minutos
2026-02-23 05:39:12 [WARNING] root - Bloco de componentes falhou: cannot unpack non-iterable int object
2026-02-23 05:39:12 [INFO] scanner - ✅ Validações OK [BTC/USDT]: Score=7.3, R:R=2.08
2026-02-23 05:39:12 [INFO] scanner - ⏸️  Throttle ativo [BTC/USDT]:
2026-02-23 05:39:12 [INFO] scanner -    ├─ Último alerta há 104.2 minutos
2026-02-23 05:39:12 [INFO] scanner -    ├─ Tempo mínimo: 1800 minutos
2026-02-23 05:39:12 [INFO] scanner -    └─ Próximo permitido em: 1695.8 minutos
