2026-01-08 03:22:51 [INFO] scanner - ============================================================
2026-01-08 03:22:51 [INFO] scanner - 🚀 SCANNER INICIADO
2026-01-08 03:22:51 [INFO] scanner - 📅 Data/Hora: 08/01/2026 03:22:51
2026-01-08 03:22:51 [INFO] scanner - 📂 Log: logs/scanner_2026-01-08.log
2026-01-08 03:22:51 [INFO] scanner - ============================================================
2026-01-08 03:22:51 [INFO] scanner - 📝 PAPER MODE ATIVO - Apenas registro e análise
2026-01-08 03:22:56 [WARNING] root - Bloco de componentes falhou: cannot unpack non-iterable int object
2026-01-08 03:22:56 [INFO] scanner - ✅ Validações OK [ETH/USDT]: Score=7.3, R:R=2.00
2026-01-08 03:22:56 [INFO] scanner - ⏸️  Throttle ativo [ETH/USDT]:
2026-01-08 03:22:56 [INFO] scanner -    ├─ Último alerta há 965.5 minutos
2026-01-08 03:22:56 [INFO] scanner -    ├─ Tempo mínimo: 1800 minutos
2026-01-08 03:22:56 [INFO] scanner -    └─ Próximo permitido em: 834.5 minutos
2026-01-08 03:22:56 [WARNING] root - Bloco de componentes falhou: cannot unpack non-iterable int object
2026-01-08 03:22:56 [INFO] scanner - ✅ Validações OK [ETH/USDT]: Score=7.3, R:R=2.00
2026-01-08 03:22:56 [INFO] scanner - ⏸️  Throttle ativo [ETH/USDT]:
2026-01-08 03:22:56 [INFO] scanner -    ├─ Último alerta há 965.5 minutos
2026-01-08 03:22:56 [INFO] scanner -    ├─ Tempo mínimo: 1800 minutos
2026-01-08 03:22:56 [INFO] scanner -    └─ Próximo permitido em: 834.5 minutos
2026-01-08 03:55:34 [INFO] scanner - ============================================================
2026-01-08 03:55:34 [INFO] scanner - 🚀 SCANNER INICIADO
2026-01-08 03:55:34 [INFO] scanner - 📅 Data/Hora: 08/01/2026 03:55:34
2026-01-08 03:55:34 [INFO] scanner - 📂 Log: logs/scanner_2026-01-08.log
2026-01-08 03:55:34 [INFO] scanner - ============================================================
2026-01-08 03:55:34 [INFO] scanner - 📝 PAPER MODE ATIVO - Apenas registro e análise
2026-01-08 03:55:36 [WARNING] root - Bloco de componentes falhou: cannot unpack non-iterable int object
2026-01-08 03:55:36 [INFO] scanner - ✅ Validações OK [BTC/USDT]: Score=7.3, R:R=2.08
2026-01-08 03:55:36 [INFO] scanner - ✅ Throttle OK [BTC/USDT]: Pode enviar
2026-01-08 03:55:37 [WARNING] root - Bloco de componentes falhou: cannot unpack non-iterable int object
2026-01-08 03:55:37 [INFO] scanner - ✅ Validações OK [BTC/USDT]: Score=7.3, R:R=2.08
2026-01-08 03:55:37 [INFO] scanner - ⏸️  Throttle ativo [BTC/USDT]:
2026-01-08 03:55:37 [INFO] scanner -    ├─ Último alerta há 0.0 minutos
2026-01-08 03:55:37 [INFO] scanner -    ├─ Tempo mínimo: 1800 minutos
2026-01-08 03:55:37 [INFO] scanner -    └─ Próximo permitido em: 1800.0 minutos
2026-01-08 03:55:39 [WARNING] root - Bloco de componentes falhou: cannot unpack non-iterable int object
2026-01-08 03:55:39 [INFO] scanner - ✅ Validações OK [ETH/USDT]: Score=7.3, R:R=2.00
2026-01-08 03:55:39 [INFO] scanner - ⏸️  Throttle ativo [ETH/USDT]:
2026-01-08 03:55:39 [INFO] scanner -    ├─ Último alerta há 998.2 minutos
2026-01-08 03:55:39 [INFO] scanner -    ├─ Tempo mínimo: 1800 minutos
2026-01-08 03:55:39 [INFO] scanner -    └─ Próximo permitido em: 801.8 minutos
2026-01-08 03:55:39 [WARNING] root - Bloco de componentes falhou: cannot unpack non-iterable int object
2026-01-08 03:55:39 [INFO] scanner - ✅ Validações OK [ETH/USDT]: Score=7.3, R:R=2.00
2026-01-08 03:55:39 [INFO] scanner - ⏸️  Throttle ativo [ETH/USDT]:
2026-01-08 03:55:39 [INFO] scanner -    ├─ Último alerta há 998.2 minutos
2026-01-08 03:55:39 [INFO] scanner -    ├─ Tempo mínimo: 1800 minutos
2026-01-08 03:55:39 [INFO] scanner -    └─ Próximo permitido em: 801.8 minutos
2026-01-08 04:19:10 [INFO] scanner - ============================================================
2026-01-08 04:19:10 [INFO] scanner - 🚀 SCANNER INICIADO
2026-01-08 04:19:10 [INFO] scanner - 📅 Data/Hora: 08/01/2026 04:19:10
2026-01-08 04:19:10 [INFO] scanner - 📂 Log: logs/scanner_2026-01-08.log
2026-01-08 04:19:10 [INFO] scanner - ============================================================
2026-01-08 04:19:10 [INFO] scanner - 📝 PAPER MODE ATIVO - Apenas registro e análise
2026-01-08 04:19:13 [WARNING] root - Bloco de componentes falhou: cannot unpack non-iterable int object
2026-01-08 04:19:13 [INFO] scanner - ✅ Validações OK [BTC/USDT]: Score=7.3, R:R=2.08
2026-01-08 04:19:13 [INFO] scanner - ⏸️  Throttle ativo [BTC/USDT]:
2026-01-08 04:19:13 [INFO] scanner -    ├─ Último alerta há 23.6 minutos
2026-01-08 04:19:13 [INFO] scanner -    ├─ Tempo mínimo: 1800 minutos
2026-01-08 04:19:13 [INFO] scanner -    └─ Próximo permitido em: 1776.4 minutos
2026-01-08 04:19:16 [WARNING] root - Bloco de componentes falhou: cannot unpack non-iterable int object
2026-01-08 04:19:16 [INFO] scanner - ✅ Validações OK [ETH/USDT]: Score=7.3, R:R=2.00
2026-01-08 04:19:16 [INFO] scanner - ⏸️  Throttle ativo [ETH/USDT]:
2026-01-08 04:19:16 [INFO] scanner -    ├─ Último alerta há 1021.8 minutos
2026-01-08 04:19:16 [INFO] scanner -    ├─ Tempo mínimo: 1800 minutos
2026-01-08 04:19:16 [INFO] scanner -    └─ Próximo permitido em: 778.2 minutos
2026-01-08 04:19:16 [WARNING] root - Bloco de componentes falhou: cannot unpack non-iterable int object
2026-01-08 04:19:16 [INFO] scanner - ✅ Validações OK [ETH/USDT]: Score=7.3, R:R=2.00
2026-01-08 04:19:16 [INFO] scanner - ⏸️  Throttle ativo [ETH/USDT]:
2026-01-08 04:19:16 [INFO] scanner -    ├─ Último alerta há 1021.8 minutos
2026-01-08 04:19:16 [INFO] scanner -    ├─ Tempo mínimo: 1800 minutos
2026-01-08 04:19:16 [INFO] scanner -    └─ Próximo permitido em: 778.2 minutos
