2026-04-04 03:50:48 [INFO] scanner - ============================================================
2026-04-04 03:50:48 [INFO] scanner - 🚀 SCANNER INICIADO
2026-04-04 03:50:48 [INFO] scanner - 📅 Data/Hora: 04/04/2026 03:50:48
2026-04-04 03:50:48 [INFO] scanner - 📂 Log: logs/scanner_2026-04-04.log
2026-04-04 03:50:48 [INFO] scanner - ============================================================
2026-04-04 03:50:48 [INFO] scanner - 📝 PAPER MODE ATIVO - Apenas registro e análise
2026-04-04 03:50:52 [WARNING] root - Bloco de componentes falhou: cannot unpack non-iterable int object
2026-04-04 03:50:52 [INFO] scanner - ✅ Validações OK [BTC/USDT]: Score=7.0, R:R=2.08
2026-04-04 03:50:52 [INFO] scanner - ⏸️  Throttle ativo [BTC/USDT]:
2026-04-04 03:50:52 [INFO] scanner -    ├─ Último alerta há 1368.0 minutos
2026-04-04 03:50:52 [INFO] scanner -    ├─ Tempo mínimo: 1800 minutos
2026-04-04 03:50:52 [INFO] scanner -    └─ Próximo permitido em: 432.0 minutos
2026-04-04 04:43:17 [INFO] scanner - ============================================================
2026-04-04 04:43:17 [INFO] scanner - 🚀 SCANNER INICIADO
2026-04-04 04:43:17 [INFO] scanner - 📅 Data/Hora: 04/04/2026 04:43:17
2026-04-04 04:43:17 [INFO] scanner - 📂 Log: logs/scanner_2026-04-04.log
2026-04-04 04:43:17 [INFO] scanner - ============================================================
2026-04-04 04:43:17 [INFO] scanner - 📝 PAPER MODE ATIVO - Apenas registro e análise
2026-04-04 04:43:20 [WARNING] root - Bloco de componentes falhou: cannot unpack non-iterable int object
2026-04-04 04:43:20 [INFO] scanner - ✅ Validações OK [BTC/USDT]: Score=7.0, R:R=2.08
2026-04-04 04:43:20 [INFO] scanner - ⏸️  Throttle ativo [BTC/USDT]:
2026-04-04 04:43:20 [INFO] scanner -    ├─ Último alerta há 1420.4 minutos
2026-04-04 04:43:20 [INFO] scanner -    ├─ Tempo mínimo: 1800 minutos
2026-04-04 04:43:20 [INFO] scanner -    └─ Próximo permitido em: 379.6 minutos
2026-04-04 05:23:36 [INFO] scanner - ============================================================
2026-04-04 05:23:36 [INFO] scanner - 🚀 SCANNER INICIADO
2026-04-04 05:23:36 [INFO] scanner - 📅 Data/Hora: 04/04/2026 05:23:36
2026-04-04 05:23:36 [INFO] scanner - 📂 Log: logs/scanner_2026-04-04.log
2026-04-04 05:23:36 [INFO] scanner - ============================================================
2026-04-04 05:23:36 [INFO] scanner - 📝 PAPER MODE ATIVO - Apenas registro e análise
2026-04-04 05:23:39 [WARNING] root - Bloco de componentes falhou: cannot unpack non-iterable int object
2026-04-04 05:23:39 [INFO] scanner - ✅ Validações OK [BTC/USDT]: Score=7.0, R:R=2.08
2026-04-04 05:23:39 [INFO] scanner - ⏸️  Throttle ativo [BTC/USDT]:
2026-04-04 05:23:39 [INFO] scanner -    ├─ Último alerta há 1460.7 minutos
2026-04-04 05:23:39 [INFO] scanner -    ├─ Tempo mínimo: 1800 minutos
2026-04-04 05:23:39 [INFO] scanner -    └─ Próximo permitido em: 339.3 minutos
2026-04-04 06:03:22 [INFO] scanner - ============================================================
2026-04-04 06:03:22 [INFO] scanner - 🚀 SCANNER INICIADO
2026-04-04 06:03:22 [INFO] scanner - 📅 Data/Hora: 04/04/2026 06:03:22
2026-04-04 06:03:22 [INFO] scanner - 📂 Log: logs/scanner_2026-04-04.log
2026-04-04 06:03:22 [INFO] scanner - ============================================================
2026-04-04 06:03:22 [INFO] scanner - 📝 PAPER MODE ATIVO - Apenas registro e análise
2026-04-04 06:03:33 [WARNING] root - Bloco de componentes falhou: cannot unpack non-iterable int object
2026-04-04 06:03:33 [INFO] scanner - ✅ Validações OK [BTC/USDT]: Score=7.0, R:R=2.08
2026-04-04 06:03:33 [INFO] scanner - ⏸️  Throttle ativo [BTC/USDT]:
2026-04-04 06:03:33 [INFO] scanner -    ├─ Último alerta há 1500.6 minutos
2026-04-04 06:03:33 [INFO] scanner -    ├─ Tempo mínimo: 1800 minutos
2026-04-04 06:03:33 [INFO] scanner -    └─ Próximo permitido em: 299.4 minutos
2026-04-04 06:53:52 [INFO] scanner - ============================================================
2026-04-04 06:53:52 [INFO] scanner - 🚀 SCANNER INICIADO
2026-04-04 06:53:52 [INFO] scanner - 📅 Data/Hora: 04/04/2026 06:53:52
2026-04-04 06:53:52 [INFO] scanner - 📂 Log: logs/scanner_2026-04-04.log
2026-04-04 06:53:52 [INFO] scanner - ============================================================
2026-04-04 06:53:52 [INFO] scanner - 📝 PAPER MODE ATIVO - Apenas registro e análise
2026-04-04 06:53:55 [WARNING] root - Bloco de componentes falhou: cannot unpack non-iterable int object
2026-04-04 06:53:55 [INFO] scanner - ✅ Validações OK [BTC/USDT]: Score=7.0, R:R=2.08
2026-04-04 06:53:55 [INFO] scanner - ⏸️  Throttle ativo [BTC/USDT]:
2026-04-04 06:53:55 [INFO] scanner -    ├─ Último alerta há 1551.0 minutos
2026-04-04 06:53:55 [INFO] scanner -    ├─ Tempo mínimo: 1800 minutos
2026-04-04 06:53:55 [INFO] scanner -    └─ Próximo permitido em: 249.0 minutos
2026-04-04 07:24:36 [INFO] scanner - ============================================================
2026-04-04 07:24:36 [INFO] scanner - 🚀 SCANNER INICIADO
2026-04-04 07:24:36 [INFO] scanner - 📅 Data/Hora: 04/04/2026 07:24:36
2026-04-04 07:24:36 [INFO] scanner - 📂 Log: logs/scanner_2026-04-04.log
2026-04-04 07:24:36 [INFO] scanner - ============================================================
2026-04-04 07:24:36 [INFO] scanner - 📝 PAPER MODE ATIVO - Apenas registro e análise
2026-04-04 07:24:39 [WARNING] root - Bloco de componentes falhou: cannot unpack non-iterable int object
2026-04-04 07:24:39 [INFO] scanner - ✅ Validações OK [BTC/USDT]: Score=7.0, R:R=2.08
2026-04-04 07:24:39 [INFO] scanner - ⏸️  Throttle ativo [BTC/USDT]:
2026-04-04 07:24:39 [INFO] scanner -    ├─ Último alerta há 1581.7 minutos
2026-04-04 07:24:39 [INFO] scanner -    ├─ Tempo mínimo: 1800 minutos
2026-04-04 07:24:39 [INFO] scanner -    └─ Próximo permitido em: 218.3 minutos
2026-04-04 07:57:39 [INFO] scanner - ============================================================
2026-04-04 07:57:39 [INFO] scanner - 🚀 SCANNER INICIADO
2026-04-04 07:57:39 [INFO] scanner - 📅 Data/Hora: 04/04/2026 07:57:39
2026-04-04 07:57:39 [INFO] scanner - 📂 Log: logs/scanner_2026-04-04.log
2026-04-04 07:57:39 [INFO] scanner - ============================================================
2026-04-04 07:57:39 [INFO] scanner - 📝 PAPER MODE ATIVO - Apenas registro e análise
2026-04-04 07:57:42 [WARNING] root - Bloco de componentes falhou: cannot unpack non-iterable int object
2026-04-04 07:57:42 [INFO] scanner - ✅ Validações OK [BTC/USDT]: Score=7.0, R:R=2.08
2026-04-04 07:57:42 [INFO] scanner - ⏸️  Throttle ativo [BTC/USDT]:
2026-04-04 07:57:42 [INFO] scanner -    ├─ Último alerta há 1614.8 minutos
2026-04-04 07:57:42 [INFO] scanner -    ├─ Tempo mínimo: 1800 minutos
2026-04-04 07:57:42 [INFO] scanner -    └─ Próximo permitido em: 185.2 minutos
2026-04-04 08:27:10 [INFO] scanner - ============================================================
2026-04-04 08:27:10 [INFO] scanner - 🚀 SCANNER INICIADO
2026-04-04 08:27:10 [INFO] scanner - 📅 Data/Hora: 04/04/2026 08:27:10
2026-04-04 08:27:10 [INFO] scanner - 📂 Log: logs/scanner_2026-04-04.log
2026-04-04 08:27:10 [INFO] scanner - ============================================================
2026-04-04 08:27:10 [INFO] scanner - 📝 PAPER MODE ATIVO - Apenas registro e análise
2026-04-04 08:27:14 [WARNING] root - Bloco de componentes falhou: cannot unpack non-iterable int object
2026-04-04 08:27:14 [INFO] scanner - ✅ Validações OK [BTC/USDT]: Score=7.0, R:R=2.08
2026-04-04 08:27:14 [INFO] scanner - ⏸️  Throttle ativo [BTC/USDT]:
2026-04-04 08:27:14 [INFO] scanner -    ├─ Último alerta há 1644.3 minutos
2026-04-04 08:27:14 [INFO] scanner -    ├─ Tempo mínimo: 1800 minutos
2026-04-04 08:27:14 [INFO] scanner -    └─ Próximo permitido em: 155.7 minutos
2026-04-04 08:51:36 [INFO] scanner - ============================================================
2026-04-04 08:51:36 [INFO] scanner - 🚀 SCANNER INICIADO
2026-04-04 08:51:36 [INFO] scanner - 📅 Data/Hora: 04/04/2026 08:51:36
2026-04-04 08:51:36 [INFO] scanner - 📂 Log: logs/scanner_2026-04-04.log
2026-04-04 08:51:36 [INFO] scanner - ============================================================
2026-04-04 08:51:36 [INFO] scanner - 📝 PAPER MODE ATIVO - Apenas registro e análise
2026-04-04 08:51:40 [WARNING] root - Bloco de componentes falhou: cannot unpack non-iterable int object
2026-04-04 08:51:40 [INFO] scanner - ✅ Validações OK [BTC/USDT]: Score=7.0, R:R=2.08
2026-04-04 08:51:40 [INFO] scanner - ⏸️  Throttle ativo [BTC/USDT]:
2026-04-04 08:51:40 [INFO] scanner -    ├─ Último alerta há 1668.8 minutos
2026-04-04 08:51:40 [INFO] scanner -    ├─ Tempo mínimo: 1800 minutos
2026-04-04 08:51:40 [INFO] scanner -    └─ Próximo permitido em: 131.2 minutos
2026-04-04 08:51:42 [WARNING] root - Bloco de componentes falhou: cannot unpack non-iterable int object
2026-04-04 08:51:42 [INFO] scanner - ✅ Validações OK [ETH/USDT]: Score=8.5, R:R=2.00
2026-04-04 08:51:42 [INFO] scanner - ⏸️  Throttle ativo [ETH/USDT]:
2026-04-04 08:51:42 [INFO] scanner -    ├─ Último alerta há 1668.7 minutos
2026-04-04 08:51:42 [INFO] scanner -    ├─ Tempo mínimo: 1800 minutos
2026-04-04 08:51:42 [INFO] scanner -    └─ Próximo permitido em: 131.3 minutos
2026-04-04 09:35:56 [INFO] scanner - ============================================================
2026-04-04 09:35:56 [INFO] scanner - 🚀 SCANNER INICIADO
2026-04-04 09:35:56 [INFO] scanner - 📅 Data/Hora: 04/04/2026 09:35:56
2026-04-04 09:35:56 [INFO] scanner - 📂 Log: logs/scanner_2026-04-04.log
2026-04-04 09:35:56 [INFO] scanner - ============================================================
2026-04-04 09:35:56 [INFO] scanner - 📝 PAPER MODE ATIVO - Apenas registro e análise
2026-04-04 09:35:59 [WARNING] root - Bloco de componentes falhou: cannot unpack non-iterable int object
2026-04-04 09:35:59 [INFO] scanner - ✅ Validações OK [BTC/USDT]: Score=7.0, R:R=2.08
2026-04-04 09:35:59 [INFO] scanner - ⏸️  Throttle ativo [BTC/USDT]:
2026-04-04 09:35:59 [INFO] scanner -    ├─ Último alerta há 1713.1 minutos
2026-04-04 09:35:59 [INFO] scanner -    ├─ Tempo mínimo: 1800 minutos
2026-04-04 09:35:59 [INFO] scanner -    └─ Próximo permitido em: 86.9 minutos
2026-04-04 10:38:57 [INFO] scanner - ============================================================
2026-04-04 10:38:57 [INFO] scanner - 🚀 SCANNER INICIADO
2026-04-04 10:38:57 [INFO] scanner - 📅 Data/Hora: 04/04/2026 10:38:57
2026-04-04 10:38:57 [INFO] scanner - 📂 Log: logs/scanner_2026-04-04.log
2026-04-04 10:38:57 [INFO] scanner - ============================================================
2026-04-04 10:38:57 [INFO] scanner - 📝 PAPER MODE ATIVO - Apenas registro e análise
2026-04-04 10:39:00 [WARNING] root - Bloco de componentes falhou: cannot unpack non-iterable int object
2026-04-04 10:39:00 [INFO] scanner - ✅ Validações OK [BTC/USDT]: Score=7.0, R:R=2.08
2026-04-04 10:39:00 [INFO] scanner - ⏸️  Throttle ativo [BTC/USDT]:
2026-04-04 10:39:00 [INFO] scanner -    ├─ Último alerta há 1776.1 minutos
2026-04-04 10:39:00 [INFO] scanner -    ├─ Tempo mínimo: 1800 minutos
2026-04-04 10:39:00 [INFO] scanner -    └─ Próximo permitido em: 23.9 minutos
2026-04-04 11:18:54 [INFO] scanner - ============================================================
2026-04-04 11:18:54 [INFO] scanner - 🚀 SCANNER INICIADO
2026-04-04 11:18:54 [INFO] scanner - 📅 Data/Hora: 04/04/2026 11:18:54
2026-04-04 11:18:54 [INFO] scanner - 📂 Log: logs/scanner_2026-04-04.log
2026-04-04 11:18:54 [INFO] scanner - ============================================================
2026-04-04 11:18:54 [INFO] scanner - 📝 PAPER MODE ATIVO - Apenas registro e análise
2026-04-04 11:18:58 [WARNING] root - Bloco de componentes falhou: cannot unpack non-iterable int object
2026-04-04 11:18:58 [INFO] scanner - ✅ Validações OK [BTC/USDT]: Score=7.0, R:R=2.08
2026-04-04 11:18:58 [INFO] scanner - ✅ Throttle OK [BTC/USDT]: Pode enviar
2026-04-04 11:57:27 [INFO] scanner - ============================================================
2026-04-04 11:57:27 [INFO] scanner - 🚀 SCANNER INICIADO
2026-04-04 11:57:27 [INFO] scanner - 📅 Data/Hora: 04/04/2026 11:57:27
2026-04-04 11:57:27 [INFO] scanner - 📂 Log: logs/scanner_2026-04-04.log
2026-04-04 11:57:27 [INFO] scanner - ============================================================
2026-04-04 11:57:27 [INFO] scanner - 📝 PAPER MODE ATIVO - Apenas registro e análise
2026-04-04 11:57:30 [WARNING] root - Bloco de componentes falhou: cannot unpack non-iterable int object
2026-04-04 11:57:30 [INFO] scanner - ✅ Validações OK [BTC/USDT]: Score=7.0, R:R=2.08
2026-04-04 11:57:30 [INFO] scanner - ⏸️  Throttle ativo [BTC/USDT]:
2026-04-04 11:57:30 [INFO] scanner -    ├─ Último alerta há 38.5 minutos
2026-04-04 11:57:30 [INFO] scanner -    ├─ Tempo mínimo: 1800 minutos
2026-04-04 11:57:30 [INFO] scanner -    └─ Próximo permitido em: 1761.5 minutos
2026-04-04 11:57:32 [WARNING] root - Bloco de componentes falhou: cannot unpack non-iterable int object
2026-04-04 11:57:32 [INFO] scanner - ✅ Validações OK [ETH/USDT]: Score=8.5, R:R=2.00
2026-04-04 11:57:32 [INFO] scanner - ✅ Throttle OK [ETH/USDT]: Pode enviar
2026-04-04 11:57:33 [INFO] scanner - 📝 Sinal no ledger: 20260404_115733_202664 - ETH/USDT
2026-04-04 11:57:33 [INFO] scanner - 📨 Alerta enviado | ID Ledger: 20260404_115733_202664
2026-04-04 12:28:30 [INFO] scanner - ============================================================
2026-04-04 12:28:30 [INFO] scanner - 🚀 SCANNER INICIADO
2026-04-04 12:28:30 [INFO] scanner - 📅 Data/Hora: 04/04/2026 12:28:30
2026-04-04 12:28:30 [INFO] scanner - 📂 Log: logs/scanner_2026-04-04.log
2026-04-04 12:28:30 [INFO] scanner - ============================================================
2026-04-04 12:28:30 [INFO] scanner - 📝 PAPER MODE ATIVO - Apenas registro e análise
2026-04-04 12:28:34 [WARNING] root - Bloco de componentes falhou: cannot unpack non-iterable int object
2026-04-04 12:28:34 [INFO] scanner - ✅ Validações OK [BTC/USDT]: Score=7.0, R:R=2.08
2026-04-04 12:28:34 [INFO] scanner - ⏸️  Throttle ativo [BTC/USDT]:
2026-04-04 12:28:34 [INFO] scanner -    ├─ Último alerta há 69.6 minutos
2026-04-04 12:28:34 [INFO] scanner -    ├─ Tempo mínimo: 1800 minutos
2026-04-04 12:28:34 [INFO] scanner -    └─ Próximo permitido em: 1730.4 minutos
2026-04-04 12:28:36 [WARNING] root - Bloco de componentes falhou: cannot unpack non-iterable int object
2026-04-04 12:28:36 [INFO] scanner - ✅ Validações OK [ETH/USDT]: Score=8.5, R:R=2.00
2026-04-04 12:28:36 [INFO] scanner - ⏸️  Throttle ativo [ETH/USDT]:
2026-04-04 12:28:36 [INFO] scanner -    ├─ Último alerta há 31.1 minutos
2026-04-04 12:28:36 [INFO] scanner -    ├─ Tempo mínimo: 1800 minutos
2026-04-04 12:28:36 [INFO] scanner -    └─ Próximo permitido em: 1768.9 minutos
