2026-05-25 06:51:17 [INFO] scanner - ============================================================
2026-05-25 06:51:17 [INFO] scanner - 🚀 SCANNER INICIADO
2026-05-25 06:51:17 [INFO] scanner - 📅 Data/Hora: 25/05/2026 06:51:17
2026-05-25 06:51:17 [INFO] scanner - 📂 Log: logs/scanner_2026-05-25.log
2026-05-25 06:51:17 [INFO] scanner - ============================================================
2026-05-25 06:51:17 [INFO] scanner - 📝 PAPER MODE ATIVO - Apenas registro e análise
2026-05-25 06:51:20 [WARNING] root - Bloco de componentes falhou: cannot unpack non-iterable int object
2026-05-25 06:51:20 [INFO] scanner - ✅ Validações OK [BTC/USDT]: Score=7.3, R:R=2.08
2026-05-25 06:51:20 [INFO] scanner - ⏸️  Throttle ativo [BTC/USDT]:
2026-05-25 06:51:20 [INFO] scanner -    ├─ Último alerta há 1018.3 minutos
2026-05-25 06:51:20 [INFO] scanner -    ├─ Tempo mínimo: 1800 minutos
2026-05-25 06:51:20 [INFO] scanner -    └─ Próximo permitido em: 781.7 minutos
2026-05-25 06:51:20 [WARNING] root - Bloco de componentes falhou: cannot unpack non-iterable int object
2026-05-25 06:51:20 [INFO] scanner - ✅ Validações OK [BTC/USDT]: Score=7.3, R:R=2.08
2026-05-25 06:51:20 [INFO] scanner - ⏸️  Throttle ativo [BTC/USDT]:
2026-05-25 06:51:20 [INFO] scanner -    ├─ Último alerta há 1018.3 minutos
2026-05-25 06:51:20 [INFO] scanner -    ├─ Tempo mínimo: 1800 minutos
2026-05-25 06:51:20 [INFO] scanner -    └─ Próximo permitido em: 781.7 minutos
2026-05-25 06:51:22 [WARNING] root - Bloco de componentes falhou: cannot unpack non-iterable int object
2026-05-25 06:51:22 [INFO] scanner - ✅ Validações OK [ETH/USDT]: Score=7.3, R:R=2.00
2026-05-25 06:51:22 [INFO] scanner - ⏸️  Throttle ativo [ETH/USDT]:
2026-05-25 06:51:22 [INFO] scanner -    ├─ Último alerta há 1532.3 minutos
2026-05-25 06:51:22 [INFO] scanner -    ├─ Tempo mínimo: 1800 minutos
2026-05-25 06:51:22 [INFO] scanner -    └─ Próximo permitido em: 267.7 minutos
2026-05-25 09:56:11 [INFO] scanner - ============================================================
2026-05-25 09:56:11 [INFO] scanner - 🚀 SCANNER INICIADO
2026-05-25 09:56:11 [INFO] scanner - 📅 Data/Hora: 25/05/2026 09:56:11
2026-05-25 09:56:11 [INFO] scanner - 📂 Log: logs/scanner_2026-05-25.log
2026-05-25 09:56:11 [INFO] scanner - ============================================================
2026-05-25 09:56:11 [INFO] scanner - 📝 PAPER MODE ATIVO - Apenas registro e análise
2026-05-25 09:56:15 [WARNING] root - Bloco de componentes falhou: cannot unpack non-iterable int object
2026-05-25 09:56:15 [INFO] scanner - ✅ Validações OK [BTC/USDT]: Score=7.3, R:R=2.08
2026-05-25 09:56:15 [INFO] scanner - ⏸️  Throttle ativo [BTC/USDT]:
2026-05-25 09:56:15 [INFO] scanner -    ├─ Último alerta há 1203.2 minutos
2026-05-25 09:56:15 [INFO] scanner -    ├─ Tempo mínimo: 1800 minutos
2026-05-25 09:56:15 [INFO] scanner -    └─ Próximo permitido em: 596.8 minutos
2026-05-25 09:56:17 [WARNING] root - Bloco de componentes falhou: cannot unpack non-iterable int object
2026-05-25 09:56:17 [INFO] scanner - ✅ Validações OK [ETH/USDT]: Score=7.3, R:R=2.00
2026-05-25 09:56:17 [INFO] scanner - ⏸️  Throttle ativo [ETH/USDT]:
2026-05-25 09:56:17 [INFO] scanner -    ├─ Último alerta há 1717.2 minutos
2026-05-25 09:56:17 [INFO] scanner -    ├─ Tempo mínimo: 1800 minutos
2026-05-25 09:56:17 [INFO] scanner -    └─ Próximo permitido em: 82.8 minutos
2026-05-25 12:45:55 [INFO] scanner - ============================================================
2026-05-25 12:45:55 [INFO] scanner - 🚀 SCANNER INICIADO
2026-05-25 12:45:55 [INFO] scanner - 📅 Data/Hora: 25/05/2026 12:45:55
2026-05-25 12:45:55 [INFO] scanner - 📂 Log: logs/scanner_2026-05-25.log
2026-05-25 12:45:55 [INFO] scanner - ============================================================
2026-05-25 12:45:55 [INFO] scanner - 📝 PAPER MODE ATIVO - Apenas registro e análise
2026-05-25 12:45:58 [WARNING] root - Bloco de componentes falhou: cannot unpack non-iterable int object
2026-05-25 12:45:58 [INFO] scanner - ✅ Validações OK [BTC/USDT]: Score=7.3, R:R=2.08
2026-05-25 12:45:58 [INFO] scanner - ⏸️  Throttle ativo [BTC/USDT]:
2026-05-25 12:45:58 [INFO] scanner -    ├─ Último alerta há 1372.9 minutos
2026-05-25 12:45:58 [INFO] scanner -    ├─ Tempo mínimo: 1800 minutos
2026-05-25 12:45:58 [INFO] scanner -    └─ Próximo permitido em: 427.1 minutos
2026-05-25 12:46:01 [WARNING] root - Bloco de componentes falhou: cannot unpack non-iterable int object
2026-05-25 12:46:01 [INFO] scanner - ✅ Validações OK [ETH/USDT]: Score=7.3, R:R=2.00
2026-05-25 12:46:01 [INFO] scanner - ✅ Throttle OK [ETH/USDT]: Pode enviar
2026-05-25 12:46:01 [INFO] scanner - 📝 Sinal no ledger: 20260525_124601_771443 - ETH/USDT
2026-05-25 12:46:01 [INFO] scanner - 📨 Alerta enviado | ID Ledger: 20260525_124601_771443
