2026-07-21 05:09:46 [INFO] scanner - ============================================================
2026-07-21 05:09:46 [INFO] scanner - 🚀 SCANNER INICIADO
2026-07-21 05:09:46 [INFO] scanner - 📅 Data/Hora: 21/07/2026 05:09:46
2026-07-21 05:09:46 [INFO] scanner - 📂 Log: logs/scanner_2026-07-21.log
2026-07-21 05:09:46 [INFO] scanner - ============================================================
2026-07-21 05:09:46 [INFO] scanner - 📝 PAPER MODE ATIVO - Apenas registro e análise
2026-07-21 05:09:50 [WARNING] root - Bloco de componentes falhou: cannot unpack non-iterable int object
2026-07-21 05:09:50 [INFO] scanner - ✅ Validações OK [BTC/USDT]: Score=7.8, R:R=2.08
2026-07-21 05:09:50 [INFO] scanner - ✅ Throttle OK [BTC/USDT]: Pode enviar
2026-07-21 05:09:50 [WARNING] root - Bloco de componentes falhou: cannot unpack non-iterable int object
2026-07-21 05:09:50 [INFO] scanner - ✅ Validações OK [BTC/USDT]: Score=7.8, R:R=2.08
2026-07-21 05:09:50 [INFO] scanner - ⏸️  Throttle ativo [BTC/USDT]:
2026-07-21 05:09:50 [INFO] scanner -    ├─ Último alerta há 0.0 minutos
2026-07-21 05:09:50 [INFO] scanner -    ├─ Tempo mínimo: 1800 minutos
2026-07-21 05:09:50 [INFO] scanner -    └─ Próximo permitido em: 1800.0 minutos
2026-07-21 05:09:52 [WARNING] root - Bloco de componentes falhou: cannot unpack non-iterable int object
2026-07-21 05:09:52 [INFO] scanner - ✅ Validações OK [ETH/USDT]: Score=7.3, R:R=2.00
2026-07-21 05:09:52 [INFO] scanner - ✅ Throttle OK [ETH/USDT]: Pode enviar
2026-07-21 05:09:53 [WARNING] root - Bloco de componentes falhou: cannot unpack non-iterable int object
2026-07-21 05:09:53 [INFO] scanner - ✅ Validações OK [ETH/USDT]: Score=7.3, R:R=2.00
2026-07-21 05:09:53 [INFO] scanner - ⏸️  Throttle ativo [ETH/USDT]:
2026-07-21 05:09:53 [INFO] scanner -    ├─ Último alerta há 0.0 minutos
2026-07-21 05:09:53 [INFO] scanner -    ├─ Tempo mínimo: 1800 minutos
2026-07-21 05:09:53 [INFO] scanner -    └─ Próximo permitido em: 1800.0 minutos
2026-07-21 07:32:58 [INFO] scanner - ============================================================
2026-07-21 07:32:58 [INFO] scanner - 🚀 SCANNER INICIADO
2026-07-21 07:32:58 [INFO] scanner - 📅 Data/Hora: 21/07/2026 07:32:58
2026-07-21 07:32:58 [INFO] scanner - 📂 Log: logs/scanner_2026-07-21.log
2026-07-21 07:32:58 [INFO] scanner - ============================================================
2026-07-21 07:32:58 [INFO] scanner - 📝 PAPER MODE ATIVO - Apenas registro e análise
2026-07-21 07:33:01 [WARNING] root - Bloco de componentes falhou: cannot unpack non-iterable int object
2026-07-21 07:33:01 [INFO] scanner - ✅ Validações OK [BTC/USDT]: Score=7.3, R:R=2.08
2026-07-21 07:33:01 [INFO] scanner - ⏸️  Throttle ativo [BTC/USDT]:
2026-07-21 07:33:01 [INFO] scanner -    ├─ Último alerta há 143.2 minutos
2026-07-21 07:33:01 [INFO] scanner -    ├─ Tempo mínimo: 1800 minutos
2026-07-21 07:33:01 [INFO] scanner -    └─ Próximo permitido em: 1656.8 minutos
2026-07-21 07:33:02 [WARNING] root - Bloco de componentes falhou: cannot unpack non-iterable int object
2026-07-21 07:33:02 [INFO] scanner - ✅ Validações OK [BTC/USDT]: Score=7.3, R:R=2.08
2026-07-21 07:33:02 [INFO] scanner - ⏸️  Throttle ativo [BTC/USDT]:
2026-07-21 07:33:02 [INFO] scanner -    ├─ Último alerta há 143.2 minutos
2026-07-21 07:33:02 [INFO] scanner -    ├─ Tempo mínimo: 1800 minutos
2026-07-21 07:33:02 [INFO] scanner -    └─ Próximo permitido em: 1656.8 minutos
2026-07-21 07:33:04 [WARNING] root - Bloco de componentes falhou: cannot unpack non-iterable int object
2026-07-21 07:33:04 [INFO] scanner - ✅ Validações OK [ETH/USDT]: Score=7.8, R:R=2.00
2026-07-21 07:33:04 [INFO] scanner - ⏸️  Throttle ativo [ETH/USDT]:
2026-07-21 07:33:04 [INFO] scanner -    ├─ Último alerta há 143.2 minutos
2026-07-21 07:33:04 [INFO] scanner -    ├─ Tempo mínimo: 1800 minutos
2026-07-21 07:33:04 [INFO] scanner -    └─ Próximo permitido em: 1656.8 minutos
2026-07-21 07:33:04 [WARNING] root - Bloco de componentes falhou: cannot unpack non-iterable int object
2026-07-21 07:33:04 [INFO] scanner - ✅ Validações OK [ETH/USDT]: Score=7.8, R:R=2.00
2026-07-21 07:33:04 [INFO] scanner - ⏸️  Throttle ativo [ETH/USDT]:
2026-07-21 07:33:04 [INFO] scanner -    ├─ Último alerta há 143.2 minutos
2026-07-21 07:33:04 [INFO] scanner -    ├─ Tempo mínimo: 1800 minutos
2026-07-21 07:33:04 [INFO] scanner -    └─ Próximo permitido em: 1656.8 minutos
2026-07-21 09:10:51 [INFO] scanner - ============================================================
2026-07-21 09:10:51 [INFO] scanner - 🚀 SCANNER INICIADO
2026-07-21 09:10:51 [INFO] scanner - 📅 Data/Hora: 21/07/2026 09:10:51
2026-07-21 09:10:51 [INFO] scanner - 📂 Log: logs/scanner_2026-07-21.log
2026-07-21 09:10:51 [INFO] scanner - ============================================================
2026-07-21 09:10:51 [INFO] scanner - 📝 PAPER MODE ATIVO - Apenas registro e análise
2026-07-21 09:10:55 [WARNING] root - Bloco de componentes falhou: cannot unpack non-iterable int object
2026-07-21 09:10:55 [INFO] scanner - ✅ Validações OK [BTC/USDT]: Score=7.3, R:R=2.08
2026-07-21 09:10:55 [INFO] scanner - ⏸️  Throttle ativo [BTC/USDT]:
2026-07-21 09:10:55 [INFO] scanner -    ├─ Último alerta há 241.1 minutos
2026-07-21 09:10:55 [INFO] scanner -    ├─ Tempo mínimo: 1800 minutos
2026-07-21 09:10:55 [INFO] scanner -    └─ Próximo permitido em: 1558.9 minutos
2026-07-21 09:10:55 [WARNING] root - Bloco de componentes falhou: cannot unpack non-iterable int object
2026-07-21 09:10:55 [INFO] scanner - ✅ Validações OK [BTC/USDT]: Score=7.3, R:R=2.08
2026-07-21 09:10:55 [INFO] scanner - ⏸️  Throttle ativo [BTC/USDT]:
2026-07-21 09:10:55 [INFO] scanner -    ├─ Último alerta há 241.1 minutos
2026-07-21 09:10:55 [INFO] scanner -    ├─ Tempo mínimo: 1800 minutos
2026-07-21 09:10:55 [INFO] scanner -    └─ Próximo permitido em: 1558.9 minutos
2026-07-21 09:10:55 [WARNING] root - Bloco de componentes falhou: cannot unpack non-iterable int object
2026-07-21 09:10:55 [INFO] scanner - ✅ Validações OK [BTC/USDT]: Score=7.3, R:R=2.08
2026-07-21 09:10:55 [INFO] scanner - ⏸️  Throttle ativo [BTC/USDT]:
2026-07-21 09:10:55 [INFO] scanner -    ├─ Último alerta há 241.1 minutos
2026-07-21 09:10:55 [INFO] scanner -    ├─ Tempo mínimo: 1800 minutos
2026-07-21 09:10:55 [INFO] scanner -    └─ Próximo permitido em: 1558.9 minutos
2026-07-21 09:10:58 [WARNING] root - Bloco de componentes falhou: cannot unpack non-iterable int object
2026-07-21 09:10:58 [INFO] scanner - ✅ Validações OK [ETH/USDT]: Score=7.3, R:R=2.00
2026-07-21 09:10:58 [INFO] scanner - ⏸️  Throttle ativo [ETH/USDT]:
2026-07-21 09:10:58 [INFO] scanner -    ├─ Último alerta há 241.1 minutos
2026-07-21 09:10:58 [INFO] scanner -    ├─ Tempo mínimo: 1800 minutos
2026-07-21 09:10:58 [INFO] scanner -    └─ Próximo permitido em: 1558.9 minutos
2026-07-21 09:10:58 [WARNING] root - Bloco de componentes falhou: cannot unpack non-iterable int object
2026-07-21 09:10:58 [INFO] scanner - ✅ Validações OK [ETH/USDT]: Score=7.3, R:R=2.00
2026-07-21 09:10:58 [INFO] scanner - ⏸️  Throttle ativo [ETH/USDT]:
2026-07-21 09:10:58 [INFO] scanner -    ├─ Último alerta há 241.1 minutos
2026-07-21 09:10:58 [INFO] scanner -    ├─ Tempo mínimo: 1800 minutos
2026-07-21 09:10:58 [INFO] scanner -    └─ Próximo permitido em: 1558.9 minutos
2026-07-21 11:18:47 [INFO] scanner - ============================================================
2026-07-21 11:18:47 [INFO] scanner - 🚀 SCANNER INICIADO
2026-07-21 11:18:47 [INFO] scanner - 📅 Data/Hora: 21/07/2026 11:18:47
2026-07-21 11:18:47 [INFO] scanner - 📂 Log: logs/scanner_2026-07-21.log
2026-07-21 11:18:47 [INFO] scanner - ============================================================
2026-07-21 11:18:47 [INFO] scanner - 📝 PAPER MODE ATIVO - Apenas registro e análise
2026-07-21 11:18:51 [WARNING] root - Bloco de componentes falhou: cannot unpack non-iterable int object
2026-07-21 11:18:51 [INFO] scanner - ✅ Validações OK [BTC/USDT]: Score=10.0, R:R=2.08
2026-07-21 11:18:51 [INFO] scanner - ⏸️  Throttle ativo [BTC/USDT]:
2026-07-21 11:18:51 [INFO] scanner -    ├─ Último alerta há 369.0 minutos
2026-07-21 11:18:51 [INFO] scanner -    ├─ Tempo mínimo: 1800 minutos
2026-07-21 11:18:51 [INFO] scanner -    └─ Próximo permitido em: 1431.0 minutos
2026-07-21 11:18:51 [WARNING] root - Bloco de componentes falhou: cannot unpack non-iterable int object
2026-07-21 11:18:51 [INFO] scanner - ✅ Validações OK [BTC/USDT]: Score=7.8, R:R=2.08
2026-07-21 11:18:51 [INFO] scanner - ⏸️  Throttle ativo [BTC/USDT]:
2026-07-21 11:18:51 [INFO] scanner -    ├─ Último alerta há 369.0 minutos
2026-07-21 11:18:51 [INFO] scanner -    ├─ Tempo mínimo: 1800 minutos
2026-07-21 11:18:51 [INFO] scanner -    └─ Próximo permitido em: 1431.0 minutos
2026-07-21 11:18:51 [WARNING] root - Bloco de componentes falhou: cannot unpack non-iterable int object
2026-07-21 11:18:51 [INFO] scanner - ✅ Validações OK [BTC/USDT]: Score=7.8, R:R=2.08
2026-07-21 11:18:51 [INFO] scanner - ⏸️  Throttle ativo [BTC/USDT]:
2026-07-21 11:18:51 [INFO] scanner -    ├─ Último alerta há 369.0 minutos
2026-07-21 11:18:51 [INFO] scanner -    ├─ Tempo mínimo: 1800 minutos
2026-07-21 11:18:51 [INFO] scanner -    └─ Próximo permitido em: 1431.0 minutos
2026-07-21 11:18:52 [WARNING] root - Bloco de componentes falhou: cannot unpack non-iterable int object
2026-07-21 11:18:52 [INFO] scanner - ✅ Validações OK [BTC/USDT]: Score=7.8, R:R=2.08
2026-07-21 11:18:52 [INFO] scanner - ⏸️  Throttle ativo [BTC/USDT]:
2026-07-21 11:18:52 [INFO] scanner -    ├─ Último alerta há 369.0 minutos
2026-07-21 11:18:52 [INFO] scanner -    ├─ Tempo mínimo: 1800 minutos
2026-07-21 11:18:52 [INFO] scanner -    └─ Próximo permitido em: 1431.0 minutos
2026-07-21 11:18:53 [WARNING] root - Bloco de componentes falhou: cannot unpack non-iterable int object
2026-07-21 11:18:53 [INFO] scanner - ✅ Validações OK [ETH/USDT]: Score=7.3, R:R=2.00
2026-07-21 11:18:53 [INFO] scanner - ⏸️  Throttle ativo [ETH/USDT]:
2026-07-21 11:18:53 [INFO] scanner -    ├─ Último alerta há 369.0 minutos
2026-07-21 11:18:53 [INFO] scanner -    ├─ Tempo mínimo: 1800 minutos
2026-07-21 11:18:53 [INFO] scanner -    └─ Próximo permitido em: 1431.0 minutos
2026-07-21 11:18:53 [WARNING] root - Bloco de componentes falhou: cannot unpack non-iterable int object
2026-07-21 11:18:53 [INFO] scanner - ✅ Validações OK [ETH/USDT]: Score=7.3, R:R=2.00
2026-07-21 11:18:53 [INFO] scanner - ⏸️  Throttle ativo [ETH/USDT]:
2026-07-21 11:18:53 [INFO] scanner -    ├─ Último alerta há 369.0 minutos
2026-07-21 11:18:53 [INFO] scanner -    ├─ Tempo mínimo: 1800 minutos
2026-07-21 11:18:53 [INFO] scanner -    └─ Próximo permitido em: 1431.0 minutos
2026-07-21 12:58:40 [INFO] scanner - ============================================================
2026-07-21 12:58:40 [INFO] scanner - 🚀 SCANNER INICIADO
2026-07-21 12:58:40 [INFO] scanner - 📅 Data/Hora: 21/07/2026 12:58:40
2026-07-21 12:58:40 [INFO] scanner - 📂 Log: logs/scanner_2026-07-21.log
2026-07-21 12:58:40 [INFO] scanner - ============================================================
2026-07-21 12:58:40 [INFO] scanner - 📝 PAPER MODE ATIVO - Apenas registro e análise
2026-07-21 12:58:43 [WARNING] root - Bloco de componentes falhou: cannot unpack non-iterable int object
2026-07-21 12:58:43 [INFO] scanner - ✅ Validações OK [BTC/USDT]: Score=10.0, R:R=2.08
2026-07-21 12:58:43 [INFO] scanner - ⏸️  Throttle ativo [BTC/USDT]:
2026-07-21 12:58:43 [INFO] scanner -    ├─ Último alerta há 468.9 minutos
2026-07-21 12:58:43 [INFO] scanner -    ├─ Tempo mínimo: 1800 minutos
2026-07-21 12:58:43 [INFO] scanner -    └─ Próximo permitido em: 1331.1 minutos
2026-07-21 12:58:44 [WARNING] root - Bloco de componentes falhou: cannot unpack non-iterable int object
2026-07-21 12:58:44 [INFO] scanner - ✅ Validações OK [BTC/USDT]: Score=7.8, R:R=2.08
2026-07-21 12:58:44 [INFO] scanner - ⏸️  Throttle ativo [BTC/USDT]:
2026-07-21 12:58:44 [INFO] scanner -    ├─ Último alerta há 468.9 minutos
2026-07-21 12:58:44 [INFO] scanner -    ├─ Tempo mínimo: 1800 minutos
2026-07-21 12:58:44 [INFO] scanner -    └─ Próximo permitido em: 1331.1 minutos
2026-07-21 12:58:44 [WARNING] root - Bloco de componentes falhou: cannot unpack non-iterable int object
2026-07-21 12:58:44 [INFO] scanner - ✅ Validações OK [BTC/USDT]: Score=7.8, R:R=2.08
2026-07-21 12:58:44 [INFO] scanner - ⏸️  Throttle ativo [BTC/USDT]:
2026-07-21 12:58:44 [INFO] scanner -    ├─ Último alerta há 468.9 minutos
2026-07-21 12:58:44 [INFO] scanner -    ├─ Tempo mínimo: 1800 minutos
2026-07-21 12:58:44 [INFO] scanner -    └─ Próximo permitido em: 1331.1 minutos
2026-07-21 12:58:46 [WARNING] root - Bloco de componentes falhou: cannot unpack non-iterable int object
2026-07-21 12:58:46 [INFO] scanner - ✅ Validações OK [ETH/USDT]: Score=7.3, R:R=2.00
2026-07-21 12:58:46 [INFO] scanner - ⏸️  Throttle ativo [ETH/USDT]:
2026-07-21 12:58:46 [INFO] scanner -    ├─ Último alerta há 468.9 minutos
2026-07-21 12:58:46 [INFO] scanner -    ├─ Tempo mínimo: 1800 minutos
2026-07-21 12:58:46 [INFO] scanner -    └─ Próximo permitido em: 1331.1 minutos
2026-07-21 12:58:46 [WARNING] root - Bloco de componentes falhou: cannot unpack non-iterable int object
2026-07-21 12:58:46 [INFO] scanner - ✅ Validações OK [ETH/USDT]: Score=7.3, R:R=2.00
2026-07-21 12:58:46 [INFO] scanner - ⏸️  Throttle ativo [ETH/USDT]:
2026-07-21 12:58:46 [INFO] scanner -    ├─ Último alerta há 468.9 minutos
2026-07-21 12:58:46 [INFO] scanner -    ├─ Tempo mínimo: 1800 minutos
2026-07-21 12:58:46 [INFO] scanner -    └─ Próximo permitido em: 1331.1 minutos
2026-07-21 14:19:25 [INFO] scanner - ============================================================
2026-07-21 14:19:25 [INFO] scanner - 🚀 SCANNER INICIADO
2026-07-21 14:19:25 [INFO] scanner - 📅 Data/Hora: 21/07/2026 14:19:25
2026-07-21 14:19:25 [INFO] scanner - 📂 Log: logs/scanner_2026-07-21.log
2026-07-21 14:19:25 [INFO] scanner - ============================================================
2026-07-21 14:19:25 [INFO] scanner - 📝 PAPER MODE ATIVO - Apenas registro e análise
2026-07-21 14:19:29 [WARNING] root - Bloco de componentes falhou: cannot unpack non-iterable int object
2026-07-21 14:19:29 [INFO] scanner - ✅ Validações OK [BTC/USDT]: Score=10.0, R:R=2.08
2026-07-21 14:19:29 [INFO] scanner - ⏸️  Throttle ativo [BTC/USDT]:
2026-07-21 14:19:29 [INFO] scanner -    ├─ Último alerta há 549.7 minutos
2026-07-21 14:19:29 [INFO] scanner -    ├─ Tempo mínimo: 1800 minutos
2026-07-21 14:19:29 [INFO] scanner -    └─ Próximo permitido em: 1250.3 minutos
2026-07-21 14:19:29 [WARNING] root - Bloco de componentes falhou: cannot unpack non-iterable int object
2026-07-21 14:19:29 [INFO] scanner - ✅ Validações OK [BTC/USDT]: Score=7.8, R:R=2.08
2026-07-21 14:19:29 [INFO] scanner - ⏸️  Throttle ativo [BTC/USDT]:
2026-07-21 14:19:29 [INFO] scanner -    ├─ Último alerta há 549.7 minutos
2026-07-21 14:19:29 [INFO] scanner -    ├─ Tempo mínimo: 1800 minutos
2026-07-21 14:19:29 [INFO] scanner -    └─ Próximo permitido em: 1250.3 minutos
2026-07-21 14:19:29 [WARNING] root - Bloco de componentes falhou: cannot unpack non-iterable int object
2026-07-21 14:19:29 [INFO] scanner - ✅ Validações OK [BTC/USDT]: Score=7.8, R:R=2.08
2026-07-21 14:19:29 [INFO] scanner - ⏸️  Throttle ativo [BTC/USDT]:
2026-07-21 14:19:29 [INFO] scanner -    ├─ Último alerta há 549.7 minutos
2026-07-21 14:19:29 [INFO] scanner -    ├─ Tempo mínimo: 1800 minutos
2026-07-21 14:19:29 [INFO] scanner -    └─ Próximo permitido em: 1250.3 minutos
2026-07-21 14:19:32 [WARNING] root - Bloco de componentes falhou: cannot unpack non-iterable int object
2026-07-21 14:19:32 [INFO] scanner - ✅ Validações OK [ETH/USDT]: Score=7.3, R:R=2.00
2026-07-21 14:19:32 [INFO] scanner - ⏸️  Throttle ativo [ETH/USDT]:
2026-07-21 14:19:32 [INFO] scanner -    ├─ Último alerta há 549.7 minutos
2026-07-21 14:19:32 [INFO] scanner -    ├─ Tempo mínimo: 1800 minutos
2026-07-21 14:19:32 [INFO] scanner -    └─ Próximo permitido em: 1250.3 minutos
2026-07-21 14:19:32 [WARNING] root - Bloco de componentes falhou: cannot unpack non-iterable int object
2026-07-21 14:19:32 [INFO] scanner - ✅ Validações OK [ETH/USDT]: Score=7.3, R:R=2.00
2026-07-21 14:19:32 [INFO] scanner - ⏸️  Throttle ativo [ETH/USDT]:
2026-07-21 14:19:32 [INFO] scanner -    ├─ Último alerta há 549.7 minutos
2026-07-21 14:19:32 [INFO] scanner -    ├─ Tempo mínimo: 1800 minutos
2026-07-21 14:19:32 [INFO] scanner -    └─ Próximo permitido em: 1250.3 minutos
2026-07-21 15:47:31 [INFO] scanner - ============================================================
2026-07-21 15:47:31 [INFO] scanner - 🚀 SCANNER INICIADO
2026-07-21 15:47:31 [INFO] scanner - 📅 Data/Hora: 21/07/2026 15:47:31
2026-07-21 15:47:31 [INFO] scanner - 📂 Log: logs/scanner_2026-07-21.log
2026-07-21 15:47:31 [INFO] scanner - ============================================================
2026-07-21 15:47:31 [INFO] scanner - 📝 PAPER MODE ATIVO - Apenas registro e análise
2026-07-21 15:47:34 [WARNING] root - Bloco de componentes falhou: cannot unpack non-iterable int object
2026-07-21 15:47:34 [INFO] scanner - ✅ Validações OK [BTC/USDT]: Score=7.8, R:R=2.08
2026-07-21 15:47:34 [INFO] scanner - ⏸️  Throttle ativo [BTC/USDT]:
2026-07-21 15:47:34 [INFO] scanner -    ├─ Último alerta há 637.7 minutos
2026-07-21 15:47:34 [INFO] scanner -    ├─ Tempo mínimo: 1800 minutos
2026-07-21 15:47:34 [INFO] scanner -    └─ Próximo permitido em: 1162.3 minutos
2026-07-21 15:47:36 [WARNING] root - Bloco de componentes falhou: cannot unpack non-iterable int object
2026-07-21 15:47:36 [INFO] scanner - ✅ Validações OK [ETH/USDT]: Score=7.3, R:R=2.00
2026-07-21 15:47:36 [INFO] scanner - ⏸️  Throttle ativo [ETH/USDT]:
2026-07-21 15:47:36 [INFO] scanner -    ├─ Último alerta há 637.7 minutos
2026-07-21 15:47:36 [INFO] scanner -    ├─ Tempo mínimo: 1800 minutos
2026-07-21 15:47:36 [INFO] scanner -    └─ Próximo permitido em: 1162.3 minutos
2026-07-21 17:14:32 [INFO] scanner - ============================================================
2026-07-21 17:14:32 [INFO] scanner - 🚀 SCANNER INICIADO
2026-07-21 17:14:32 [INFO] scanner - 📅 Data/Hora: 21/07/2026 17:14:32
2026-07-21 17:14:32 [INFO] scanner - 📂 Log: logs/scanner_2026-07-21.log
2026-07-21 17:14:32 [INFO] scanner - ============================================================
2026-07-21 17:14:32 [INFO] scanner - 📝 PAPER MODE ATIVO - Apenas registro e análise
2026-07-21 17:14:36 [WARNING] root - Bloco de componentes falhou: cannot unpack non-iterable int object
2026-07-21 17:14:36 [INFO] scanner - ✅ Validações OK [BTC/USDT]: Score=7.3, R:R=2.08
2026-07-21 17:14:36 [INFO] scanner - ⏸️  Throttle ativo [BTC/USDT]:
2026-07-21 17:14:36 [INFO] scanner -    ├─ Último alerta há 724.8 minutos
2026-07-21 17:14:36 [INFO] scanner -    ├─ Tempo mínimo: 1800 minutos
2026-07-21 17:14:36 [INFO] scanner -    └─ Próximo permitido em: 1075.2 minutos
2026-07-21 17:14:38 [WARNING] root - Bloco de componentes falhou: cannot unpack non-iterable int object
2026-07-21 17:14:38 [INFO] scanner - ✅ Validações OK [ETH/USDT]: Score=7.3, R:R=2.00
2026-07-21 17:14:38 [INFO] scanner - ⏸️  Throttle ativo [ETH/USDT]:
2026-07-21 17:14:38 [INFO] scanner -    ├─ Último alerta há 724.8 minutos
2026-07-21 17:14:38 [INFO] scanner -    ├─ Tempo mínimo: 1800 minutos
2026-07-21 17:14:38 [INFO] scanner -    └─ Próximo permitido em: 1075.2 minutos
2026-07-21 18:33:20 [INFO] scanner - ============================================================
2026-07-21 18:33:20 [INFO] scanner - 🚀 SCANNER INICIADO
2026-07-21 18:33:20 [INFO] scanner - 📅 Data/Hora: 21/07/2026 18:33:20
2026-07-21 18:33:20 [INFO] scanner - 📂 Log: logs/scanner_2026-07-21.log
2026-07-21 18:33:20 [INFO] scanner - ============================================================
2026-07-21 18:33:20 [INFO] scanner - 📝 PAPER MODE ATIVO - Apenas registro e análise
2026-07-21 18:33:24 [WARNING] root - Bloco de componentes falhou: cannot unpack non-iterable int object
2026-07-21 18:33:24 [INFO] scanner - ✅ Validações OK [BTC/USDT]: Score=7.3, R:R=2.08
2026-07-21 18:33:24 [INFO] scanner - ⏸️  Throttle ativo [BTC/USDT]:
2026-07-21 18:33:24 [INFO] scanner -    ├─ Último alerta há 803.6 minutos
2026-07-21 18:33:24 [INFO] scanner -    ├─ Tempo mínimo: 1800 minutos
2026-07-21 18:33:24 [INFO] scanner -    └─ Próximo permitido em: 996.4 minutos
2026-07-21 18:33:24 [WARNING] root - Bloco de componentes falhou: cannot unpack non-iterable int object
2026-07-21 18:33:24 [INFO] scanner - ✅ Validações OK [BTC/USDT]: Score=7.3, R:R=2.08
2026-07-21 18:33:24 [INFO] scanner - ⏸️  Throttle ativo [BTC/USDT]:
2026-07-21 18:33:24 [INFO] scanner -    ├─ Último alerta há 803.6 minutos
2026-07-21 18:33:24 [INFO] scanner -    ├─ Tempo mínimo: 1800 minutos
2026-07-21 18:33:24 [INFO] scanner -    └─ Próximo permitido em: 996.4 minutos
2026-07-21 18:33:27 [WARNING] root - Bloco de componentes falhou: cannot unpack non-iterable int object
2026-07-21 18:33:27 [INFO] scanner - ✅ Validações OK [ETH/USDT]: Score=7.3, R:R=2.00
2026-07-21 18:33:27 [INFO] scanner - ⏸️  Throttle ativo [ETH/USDT]:
2026-07-21 18:33:27 [INFO] scanner -    ├─ Último alerta há 803.6 minutos
2026-07-21 18:33:27 [INFO] scanner -    ├─ Tempo mínimo: 1800 minutos
2026-07-21 18:33:27 [INFO] scanner -    └─ Próximo permitido em: 996.4 minutos
2026-07-21 19:34:02 [INFO] scanner - ============================================================
2026-07-21 19:34:02 [INFO] scanner - 🚀 SCANNER INICIADO
2026-07-21 19:34:02 [INFO] scanner - 📅 Data/Hora: 21/07/2026 19:34:02
2026-07-21 19:34:02 [INFO] scanner - 📂 Log: logs/scanner_2026-07-21.log
2026-07-21 19:34:02 [INFO] scanner - ============================================================
2026-07-21 19:34:02 [INFO] scanner - 📝 PAPER MODE ATIVO - Apenas registro e análise
2026-07-21 19:34:06 [WARNING] root - Bloco de componentes falhou: cannot unpack non-iterable int object
2026-07-21 19:34:06 [INFO] scanner - ✅ Validações OK [BTC/USDT]: Score=7.3, R:R=2.08
2026-07-21 19:34:06 [INFO] scanner - ⏸️  Throttle ativo [BTC/USDT]:
2026-07-21 19:34:06 [INFO] scanner -    ├─ Último alerta há 864.3 minutos
2026-07-21 19:34:06 [INFO] scanner -    ├─ Tempo mínimo: 1800 minutos
2026-07-21 19:34:06 [INFO] scanner -    └─ Próximo permitido em: 935.7 minutos
2026-07-21 19:34:09 [WARNING] root - Bloco de componentes falhou: cannot unpack non-iterable int object
2026-07-21 19:34:09 [INFO] scanner - ✅ Validações OK [ETH/USDT]: Score=7.3, R:R=2.00
2026-07-21 19:34:09 [INFO] scanner - ⏸️  Throttle ativo [ETH/USDT]:
2026-07-21 19:34:09 [INFO] scanner -    ├─ Último alerta há 864.3 minutos
2026-07-21 19:34:09 [INFO] scanner -    ├─ Tempo mínimo: 1800 minutos
2026-07-21 19:34:09 [INFO] scanner -    └─ Próximo permitido em: 935.7 minutos
