2026-06-01 08:11:43 [INFO] scanner - ============================================================
2026-06-01 08:11:43 [INFO] scanner - 🚀 SCANNER INICIADO
2026-06-01 08:11:43 [INFO] scanner - 📅 Data/Hora: 01/06/2026 08:11:43
2026-06-01 08:11:43 [INFO] scanner - 📂 Log: logs/scanner_2026-06-01.log
2026-06-01 08:11:43 [INFO] scanner - ============================================================
2026-06-01 08:11:43 [INFO] scanner - 📝 PAPER MODE ATIVO - Apenas registro e análise
2026-06-01 13:45:51 [INFO] scanner - ============================================================
2026-06-01 13:45:51 [INFO] scanner - 🚀 SCANNER INICIADO
2026-06-01 13:45:51 [INFO] scanner - 📅 Data/Hora: 01/06/2026 13:45:51
2026-06-01 13:45:51 [INFO] scanner - 📂 Log: logs/scanner_2026-06-01.log
2026-06-01 13:45:51 [INFO] scanner - ============================================================
2026-06-01 13:45:51 [INFO] scanner - 📝 PAPER MODE ATIVO - Apenas registro e análise
2026-06-01 13:45:55 [WARNING] root - Bloco de componentes falhou: cannot unpack non-iterable int object
2026-06-01 13:45:55 [INFO] scanner - ✅ Validações OK [BTC/USDT]: Score=7.3, R:R=2.08
2026-06-01 13:45:55 [INFO] scanner - ✅ Throttle OK [BTC/USDT]: Pode enviar
2026-06-01 13:45:58 [WARNING] root - Bloco de componentes falhou: cannot unpack non-iterable int object
2026-06-01 13:45:58 [INFO] scanner - ✅ Validações OK [ETH/USDT]: Score=7.3, R:R=2.00
2026-06-01 13:45:58 [INFO] scanner - ⏸️  Throttle ativo [ETH/USDT]:
2026-06-01 13:45:58 [INFO] scanner -    ├─ Último alerta há 1245.1 minutos
2026-06-01 13:45:58 [INFO] scanner -    ├─ Tempo mínimo: 1800 minutos
2026-06-01 13:45:58 [INFO] scanner -    └─ Próximo permitido em: 554.9 minutos
2026-06-01 17:50:51 [INFO] scanner - ============================================================
2026-06-01 17:50:51 [INFO] scanner - 🚀 SCANNER INICIADO
2026-06-01 17:50:51 [INFO] scanner - 📅 Data/Hora: 01/06/2026 17:50:51
2026-06-01 17:50:51 [INFO] scanner - 📂 Log: logs/scanner_2026-06-01.log
2026-06-01 17:50:51 [INFO] scanner - ============================================================
2026-06-01 17:50:51 [INFO] scanner - 📝 PAPER MODE ATIVO - Apenas registro e análise
2026-06-01 19:57:01 [INFO] scanner - ============================================================
2026-06-01 19:57:01 [INFO] scanner - 🚀 SCANNER INICIADO
2026-06-01 19:57:01 [INFO] scanner - 📅 Data/Hora: 01/06/2026 19:57:01
2026-06-01 19:57:01 [INFO] scanner - 📂 Log: logs/scanner_2026-06-01.log
2026-06-01 19:57:01 [INFO] scanner - ============================================================
2026-06-01 19:57:01 [INFO] scanner - 📝 PAPER MODE ATIVO - Apenas registro e análise
2026-06-01 19:57:06 [WARNING] root - Bloco de componentes falhou: cannot unpack non-iterable int object
2026-06-01 19:57:06 [INFO] scanner - ✅ Validações OK [ETH/USDT]: Score=7.3, R:R=2.00
2026-06-01 19:57:06 [INFO] scanner - ⏸️  Throttle ativo [ETH/USDT]:
2026-06-01 19:57:06 [INFO] scanner -    ├─ Último alerta há 1616.3 minutos
2026-06-01 19:57:06 [INFO] scanner -    ├─ Tempo mínimo: 1800 minutos
2026-06-01 19:57:06 [INFO] scanner -    └─ Próximo permitido em: 183.7 minutos
2026-06-01 19:57:07 [WARNING] root - Bloco de componentes falhou: cannot unpack non-iterable int object
2026-06-01 19:57:07 [INFO] scanner - ✅ Validações OK [ETH/USDT]: Score=7.3, R:R=2.00
2026-06-01 19:57:07 [INFO] scanner - ⏸️  Throttle ativo [ETH/USDT]:
2026-06-01 19:57:07 [INFO] scanner -    ├─ Último alerta há 1616.3 minutos
2026-06-01 19:57:07 [INFO] scanner -    ├─ Tempo mínimo: 1800 minutos
2026-06-01 19:57:07 [INFO] scanner -    └─ Próximo permitido em: 183.7 minutos
