2026-07-01 06:30:48 [INFO] scanner - ============================================================
2026-07-01 06:30:48 [INFO] scanner - 🚀 SCANNER INICIADO
2026-07-01 06:30:48 [INFO] scanner - 📅 Data/Hora: 01/07/2026 06:30:48
2026-07-01 06:30:48 [INFO] scanner - 📂 Log: logs/scanner_2026-07-01.log
2026-07-01 06:30:48 [INFO] scanner - ============================================================
2026-07-01 06:30:48 [INFO] scanner - 📝 PAPER MODE ATIVO - Apenas registro e análise
2026-07-01 06:30:54 [WARNING] root - Bloco de componentes falhou: cannot unpack non-iterable int object
2026-07-01 06:30:54 [INFO] scanner - ✅ Validações OK [ETH/USDT]: Score=7.3, R:R=2.00
2026-07-01 06:30:54 [INFO] scanner - ✅ Throttle OK [ETH/USDT]: Pode enviar
2026-07-01 06:30:54 [INFO] scanner - 📝 Sinal no ledger: 20260701_063054_620531 - ETH/USDT
2026-07-01 06:30:54 [INFO] scanner - 📨 Alerta enviado | ID Ledger: 20260701_063054_620531
2026-07-01 09:20:48 [INFO] scanner - ============================================================
2026-07-01 09:20:48 [INFO] scanner - 🚀 SCANNER INICIADO
2026-07-01 09:20:48 [INFO] scanner - 📅 Data/Hora: 01/07/2026 09:20:48
2026-07-01 09:20:48 [INFO] scanner - 📂 Log: logs/scanner_2026-07-01.log
2026-07-01 09:20:48 [INFO] scanner - ============================================================
2026-07-01 09:20:48 [INFO] scanner - 📝 PAPER MODE ATIVO - Apenas registro e análise
2026-07-01 12:17:33 [INFO] scanner - ============================================================
2026-07-01 12:17:33 [INFO] scanner - 🚀 SCANNER INICIADO
2026-07-01 12:17:33 [INFO] scanner - 📅 Data/Hora: 01/07/2026 12:17:33
2026-07-01 12:17:33 [INFO] scanner - 📂 Log: logs/scanner_2026-07-01.log
2026-07-01 12:17:33 [INFO] scanner - ============================================================
2026-07-01 12:17:33 [INFO] scanner - 📝 PAPER MODE ATIVO - Apenas registro e análise
2026-07-01 12:17:37 [WARNING] root - Bloco de componentes falhou: cannot unpack non-iterable int object
2026-07-01 12:17:37 [INFO] scanner - ✅ Validações OK [BTC/USDT]: Score=7.3, R:R=2.08
2026-07-01 12:17:37 [INFO] scanner - ✅ Throttle OK [BTC/USDT]: Pode enviar
2026-07-01 12:17:38 [INFO] scanner - 📝 Sinal no ledger: 20260701_121738_140220 - BTC/USDT
2026-07-01 12:17:38 [INFO] scanner - 📨 Alerta enviado | ID Ledger: 20260701_121738_140220
2026-07-01 12:17:40 [WARNING] root - Bloco de componentes falhou: cannot unpack non-iterable int object
2026-07-01 12:17:40 [INFO] scanner - ✅ Validações OK [ETH/USDT]: Score=7.3, R:R=2.00
2026-07-01 12:17:40 [INFO] scanner - ⏸️  Throttle ativo [ETH/USDT]:
2026-07-01 12:17:40 [INFO] scanner -    ├─ Último alerta há 346.8 minutos
2026-07-01 12:17:40 [INFO] scanner -    ├─ Tempo mínimo: 1800 minutos
2026-07-01 12:17:40 [INFO] scanner -    └─ Próximo permitido em: 1453.2 minutos
2026-07-01 12:17:40 [WARNING] root - Bloco de componentes falhou: cannot unpack non-iterable int object
2026-07-01 12:17:40 [INFO] scanner - ✅ Validações OK [ETH/USDT]: Score=7.3, R:R=2.00
2026-07-01 12:17:40 [INFO] scanner - ⏸️  Throttle ativo [ETH/USDT]:
2026-07-01 12:17:40 [INFO] scanner -    ├─ Último alerta há 346.8 minutos
2026-07-01 12:17:40 [INFO] scanner -    ├─ Tempo mínimo: 1800 minutos
2026-07-01 12:17:40 [INFO] scanner -    └─ Próximo permitido em: 1453.2 minutos
