2026-05-21 05:58:32 [INFO] scanner - ============================================================
2026-05-21 05:58:32 [INFO] scanner - 🚀 SCANNER INICIADO
2026-05-21 05:58:32 [INFO] scanner - 📅 Data/Hora: 21/05/2026 05:58:32
2026-05-21 05:58:32 [INFO] scanner - 📂 Log: logs/scanner_2026-05-21.log
2026-05-21 05:58:32 [INFO] scanner - ============================================================
2026-05-21 05:58:32 [INFO] scanner - 📝 PAPER MODE ATIVO - Apenas registro e análise
2026-05-21 05:58:36 [WARNING] root - Bloco de componentes falhou: cannot unpack non-iterable int object
2026-05-21 05:58:36 [INFO] scanner - ✅ Validações OK [BTC/USDT]: Score=7.3, R:R=2.08
2026-05-21 05:58:36 [INFO] scanner - ⏸️  Throttle ativo [BTC/USDT]:
2026-05-21 05:58:36 [INFO] scanner -    ├─ Último alerta há 1443.8 minutos
2026-05-21 05:58:36 [INFO] scanner -    ├─ Tempo mínimo: 1800 minutos
2026-05-21 05:58:36 [INFO] scanner -    └─ Próximo permitido em: 356.2 minutos
2026-05-21 05:58:38 [WARNING] root - Bloco de componentes falhou: cannot unpack non-iterable int object
2026-05-21 05:58:38 [INFO] scanner - ✅ Validações OK [ETH/USDT]: Score=7.3, R:R=2.00
2026-05-21 05:58:38 [INFO] scanner - ⏸️  Throttle ativo [ETH/USDT]:
2026-05-21 05:58:38 [INFO] scanner -    ├─ Último alerta há 921.9 minutos
2026-05-21 05:58:38 [INFO] scanner -    ├─ Tempo mínimo: 1800 minutos
2026-05-21 05:58:38 [INFO] scanner -    └─ Próximo permitido em: 878.1 minutos
2026-05-21 09:13:38 [INFO] scanner - ============================================================
2026-05-21 09:13:38 [INFO] scanner - 🚀 SCANNER INICIADO
2026-05-21 09:13:38 [INFO] scanner - 📅 Data/Hora: 21/05/2026 09:13:38
2026-05-21 09:13:38 [INFO] scanner - 📂 Log: logs/scanner_2026-05-21.log
2026-05-21 09:13:38 [INFO] scanner - ============================================================
2026-05-21 09:13:38 [INFO] scanner - 📝 PAPER MODE ATIVO - Apenas registro e análise
2026-05-21 12:51:12 [INFO] scanner - ============================================================
2026-05-21 12:51:12 [INFO] scanner - 🚀 SCANNER INICIADO
2026-05-21 12:51:12 [INFO] scanner - 📅 Data/Hora: 21/05/2026 12:51:12
2026-05-21 12:51:12 [INFO] scanner - 📂 Log: logs/scanner_2026-05-21.log
2026-05-21 12:51:12 [INFO] scanner - ============================================================
2026-05-21 12:51:12 [INFO] scanner - 📝 PAPER MODE ATIVO - Apenas registro e análise
