2026-06-13 05:47:37 [INFO] scanner - ============================================================
2026-06-13 05:47:37 [INFO] scanner - 🚀 SCANNER INICIADO
2026-06-13 05:47:37 [INFO] scanner - 📅 Data/Hora: 13/06/2026 05:47:37
2026-06-13 05:47:37 [INFO] scanner - 📂 Log: logs/scanner_2026-06-13.log
2026-06-13 05:47:37 [INFO] scanner - ============================================================
2026-06-13 05:47:37 [INFO] scanner - 📝 PAPER MODE ATIVO - Apenas registro e análise
2026-06-13 05:47:42 [WARNING] root - Bloco de componentes falhou: cannot unpack non-iterable int object
2026-06-13 05:47:42 [INFO] scanner - ✅ Validações OK [BTC/USDT]: Score=7.0, R:R=2.08
2026-06-13 05:47:42 [INFO] scanner - ✅ Throttle OK [BTC/USDT]: Pode enviar
2026-06-13 05:47:43 [INFO] scanner - 📝 Sinal no ledger: 20260613_054743_437271 - BTC/USDT
2026-06-13 05:47:43 [INFO] scanner - 📨 Alerta enviado | ID Ledger: 20260613_054743_437271
2026-06-13 08:09:13 [INFO] scanner - ============================================================
2026-06-13 08:09:13 [INFO] scanner - 🚀 SCANNER INICIADO
2026-06-13 08:09:13 [INFO] scanner - 📅 Data/Hora: 13/06/2026 08:09:13
2026-06-13 08:09:13 [INFO] scanner - 📂 Log: logs/scanner_2026-06-13.log
2026-06-13 08:09:13 [INFO] scanner - ============================================================
2026-06-13 08:09:13 [INFO] scanner - 📝 PAPER MODE ATIVO - Apenas registro e análise
2026-06-13 08:09:19 [WARNING] root - Bloco de componentes falhou: cannot unpack non-iterable int object
2026-06-13 08:09:19 [INFO] scanner - ✅ Validações OK [BTC/USDT]: Score=7.0, R:R=2.08
2026-06-13 08:09:19 [INFO] scanner - ⏸️  Throttle ativo [BTC/USDT]:
2026-06-13 08:09:19 [INFO] scanner -    ├─ Último alerta há 141.6 minutos
2026-06-13 08:09:19 [INFO] scanner -    ├─ Tempo mínimo: 1800 minutos
2026-06-13 08:09:19 [INFO] scanner -    └─ Próximo permitido em: 1658.4 minutos
2026-06-13 08:09:21 [WARNING] root - Bloco de componentes falhou: cannot unpack non-iterable int object
2026-06-13 08:09:21 [INFO] scanner - ✅ Validações OK [ETH/USDT]: Score=7.0, R:R=2.00
2026-06-13 08:09:21 [INFO] scanner - ✅ Throttle OK [ETH/USDT]: Pode enviar
2026-06-13 08:09:21 [INFO] scanner - 📝 Sinal no ledger: 20260613_080921_836940 - ETH/USDT
2026-06-13 08:09:21 [INFO] scanner - 📨 Alerta enviado | ID Ledger: 20260613_080921_836940
