2026-03-26 03:59:07 [INFO] scanner - ============================================================
2026-03-26 03:59:07 [INFO] scanner - 🚀 SCANNER INICIADO
2026-03-26 03:59:07 [INFO] scanner - 📅 Data/Hora: 26/03/2026 03:59:07
2026-03-26 03:59:07 [INFO] scanner - 📂 Log: logs/scanner_2026-03-26.log
2026-03-26 03:59:07 [INFO] scanner - ============================================================
2026-03-26 03:59:07 [INFO] scanner - 📝 PAPER MODE ATIVO - Apenas registro e análise
2026-03-26 03:59:12 [WARNING] root - Bloco de componentes falhou: cannot unpack non-iterable int object
2026-03-26 03:59:12 [INFO] scanner - ✅ Validações OK [ETH/USDT]: Score=7.3, R:R=2.00
2026-03-26 03:59:12 [INFO] scanner - ⏸️  Throttle ativo [ETH/USDT]:
2026-03-26 03:59:12 [INFO] scanner -    ├─ Último alerta há 1030.7 minutos
2026-03-26 03:59:12 [INFO] scanner -    ├─ Tempo mínimo: 1800 minutos
2026-03-26 03:59:12 [INFO] scanner -    └─ Próximo permitido em: 769.3 minutos
2026-03-26 05:02:16 [INFO] scanner - ============================================================
2026-03-26 05:02:16 [INFO] scanner - 🚀 SCANNER INICIADO
2026-03-26 05:02:16 [INFO] scanner - 📅 Data/Hora: 26/03/2026 05:02:16
2026-03-26 05:02:16 [INFO] scanner - 📂 Log: logs/scanner_2026-03-26.log
2026-03-26 05:02:16 [INFO] scanner - ============================================================
2026-03-26 05:02:16 [INFO] scanner - 📝 PAPER MODE ATIVO - Apenas registro e análise
2026-03-26 06:12:38 [INFO] scanner - ============================================================
2026-03-26 06:12:38 [INFO] scanner - 🚀 SCANNER INICIADO
2026-03-26 06:12:38 [INFO] scanner - 📅 Data/Hora: 26/03/2026 06:12:38
2026-03-26 06:12:38 [INFO] scanner - 📂 Log: logs/scanner_2026-03-26.log
2026-03-26 06:12:38 [INFO] scanner - ============================================================
2026-03-26 06:12:38 [INFO] scanner - 📝 PAPER MODE ATIVO - Apenas registro e análise
