2026-05-17 05:10:57 [INFO] scanner - ============================================================
2026-05-17 05:10:57 [INFO] scanner - 🚀 SCANNER INICIADO
2026-05-17 05:10:57 [INFO] scanner - 📅 Data/Hora: 17/05/2026 05:10:57
2026-05-17 05:10:57 [INFO] scanner - 📂 Log: logs/scanner_2026-05-17.log
2026-05-17 05:10:57 [INFO] scanner - ============================================================
2026-05-17 05:10:57 [INFO] scanner - 📝 PAPER MODE ATIVO - Apenas registro e análise
2026-05-17 06:58:57 [INFO] scanner - ============================================================
2026-05-17 06:58:57 [INFO] scanner - 🚀 SCANNER INICIADO
2026-05-17 06:58:57 [INFO] scanner - 📅 Data/Hora: 17/05/2026 06:58:57
2026-05-17 06:58:57 [INFO] scanner - 📂 Log: logs/scanner_2026-05-17.log
2026-05-17 06:58:57 [INFO] scanner - ============================================================
2026-05-17 06:58:57 [INFO] scanner - 📝 PAPER MODE ATIVO - Apenas registro e análise
2026-05-17 08:08:14 [INFO] scanner - ============================================================
2026-05-17 08:08:14 [INFO] scanner - 🚀 SCANNER INICIADO
2026-05-17 08:08:14 [INFO] scanner - 📅 Data/Hora: 17/05/2026 08:08:14
2026-05-17 08:08:14 [INFO] scanner - 📂 Log: logs/scanner_2026-05-17.log
2026-05-17 08:08:14 [INFO] scanner - ============================================================
2026-05-17 08:08:14 [INFO] scanner - 📝 PAPER MODE ATIVO - Apenas registro e análise
2026-05-17 08:08:20 [WARNING] root - Bloco de componentes falhou: cannot unpack non-iterable int object
2026-05-17 08:08:20 [INFO] scanner - ✅ Validações OK [ETH/USDT]: Score=7.0, R:R=2.00
2026-05-17 08:08:20 [INFO] scanner - ⏸️  Throttle ativo [ETH/USDT]:
2026-05-17 08:08:20 [INFO] scanner -    ├─ Último alerta há 1636.8 minutos
2026-05-17 08:08:20 [INFO] scanner -    ├─ Tempo mínimo: 1800 minutos
2026-05-17 08:08:20 [INFO] scanner -    └─ Próximo permitido em: 163.2 minutos
2026-05-17 09:04:36 [INFO] scanner - ============================================================
2026-05-17 09:04:36 [INFO] scanner - 🚀 SCANNER INICIADO
2026-05-17 09:04:36 [INFO] scanner - 📅 Data/Hora: 17/05/2026 09:04:36
2026-05-17 09:04:36 [INFO] scanner - 📂 Log: logs/scanner_2026-05-17.log
2026-05-17 09:04:36 [INFO] scanner - ============================================================
2026-05-17 09:04:36 [INFO] scanner - 📝 PAPER MODE ATIVO - Apenas registro e análise
2026-05-17 09:04:39 [WARNING] root - Bloco de componentes falhou: cannot unpack non-iterable int object
2026-05-17 09:04:39 [INFO] scanner - ✅ Validações OK [BTC/USDT]: Score=7.0, R:R=2.08
2026-05-17 09:04:39 [INFO] scanner - ⏸️  Throttle ativo [BTC/USDT]:
2026-05-17 09:04:39 [INFO] scanner -    ├─ Último alerta há 1131.4 minutos
2026-05-17 09:04:39 [INFO] scanner -    ├─ Tempo mínimo: 1800 minutos
2026-05-17 09:04:39 [INFO] scanner -    └─ Próximo permitido em: 668.6 minutos
2026-05-17 09:04:41 [WARNING] root - Bloco de componentes falhou: cannot unpack non-iterable int object
2026-05-17 09:04:41 [INFO] scanner - ✅ Validações OK [ETH/USDT]: Score=7.0, R:R=2.00
2026-05-17 09:04:41 [INFO] scanner - ⏸️  Throttle ativo [ETH/USDT]:
2026-05-17 09:04:41 [INFO] scanner -    ├─ Último alerta há 1693.1 minutos
2026-05-17 09:04:41 [INFO] scanner -    ├─ Tempo mínimo: 1800 minutos
2026-05-17 09:04:41 [INFO] scanner -    └─ Próximo permitido em: 106.9 minutos
2026-05-17 10:55:04 [INFO] scanner - ============================================================
2026-05-17 10:55:04 [INFO] scanner - 🚀 SCANNER INICIADO
2026-05-17 10:55:04 [INFO] scanner - 📅 Data/Hora: 17/05/2026 10:55:04
2026-05-17 10:55:04 [INFO] scanner - 📂 Log: logs/scanner_2026-05-17.log
2026-05-17 10:55:04 [INFO] scanner - ============================================================
2026-05-17 10:55:04 [INFO] scanner - 📝 PAPER MODE ATIVO - Apenas registro e análise
2026-05-17 10:55:09 [WARNING] root - Bloco de componentes falhou: cannot unpack non-iterable int object
2026-05-17 10:55:09 [INFO] scanner - ✅ Validações OK [ETH/USDT]: Score=7.0, R:R=2.00
2026-05-17 10:55:09 [INFO] scanner - ✅ Throttle OK [ETH/USDT]: Pode enviar
2026-05-17 10:55:10 [INFO] scanner - 📝 Sinal no ledger: 20260517_105510_343659 - ETH/USDT
2026-05-17 10:55:10 [INFO] scanner - 📨 Alerta enviado | ID Ledger: 20260517_105510_343659
2026-05-17 11:49:22 [INFO] scanner - ============================================================
2026-05-17 11:49:22 [INFO] scanner - 🚀 SCANNER INICIADO
2026-05-17 11:49:22 [INFO] scanner - 📅 Data/Hora: 17/05/2026 11:49:22
2026-05-17 11:49:22 [INFO] scanner - 📂 Log: logs/scanner_2026-05-17.log
2026-05-17 11:49:22 [INFO] scanner - ============================================================
2026-05-17 11:49:22 [INFO] scanner - 📝 PAPER MODE ATIVO - Apenas registro e análise
2026-05-17 11:49:27 [WARNING] root - Bloco de componentes falhou: cannot unpack non-iterable int object
2026-05-17 11:49:27 [INFO] scanner - ✅ Validações OK [ETH/USDT]: Score=7.3, R:R=2.00
2026-05-17 11:49:27 [INFO] scanner - ⏸️  Throttle ativo [ETH/USDT]:
2026-05-17 11:49:27 [INFO] scanner -    ├─ Último alerta há 54.3 minutos
2026-05-17 11:49:27 [INFO] scanner -    ├─ Tempo mínimo: 1800 minutos
2026-05-17 11:49:27 [INFO] scanner -    └─ Próximo permitido em: 1745.7 minutos
2026-05-17 12:51:54 [INFO] scanner - ============================================================
2026-05-17 12:51:54 [INFO] scanner - 🚀 SCANNER INICIADO
2026-05-17 12:51:54 [INFO] scanner - 📅 Data/Hora: 17/05/2026 12:51:54
2026-05-17 12:51:54 [INFO] scanner - 📂 Log: logs/scanner_2026-05-17.log
2026-05-17 12:51:54 [INFO] scanner - ============================================================
2026-05-17 12:51:54 [INFO] scanner - 📝 PAPER MODE ATIVO - Apenas registro e análise
2026-05-17 12:52:00 [WARNING] root - Bloco de componentes falhou: cannot unpack non-iterable int object
2026-05-17 12:52:00 [INFO] scanner - ✅ Validações OK [ETH/USDT]: Score=7.3, R:R=2.00
2026-05-17 12:52:00 [INFO] scanner - ⏸️  Throttle ativo [ETH/USDT]:
2026-05-17 12:52:00 [INFO] scanner -    ├─ Último alerta há 116.8 minutos
2026-05-17 12:52:00 [INFO] scanner -    ├─ Tempo mínimo: 1800 minutos
2026-05-17 12:52:00 [INFO] scanner -    └─ Próximo permitido em: 1683.2 minutos
2026-05-17 13:47:39 [INFO] scanner - ============================================================
2026-05-17 13:47:39 [INFO] scanner - 🚀 SCANNER INICIADO
2026-05-17 13:47:39 [INFO] scanner - 📅 Data/Hora: 17/05/2026 13:47:39
2026-05-17 13:47:39 [INFO] scanner - 📂 Log: logs/scanner_2026-05-17.log
2026-05-17 13:47:39 [INFO] scanner - ============================================================
2026-05-17 13:47:39 [INFO] scanner - 📝 PAPER MODE ATIVO - Apenas registro e análise
2026-05-17 14:51:05 [INFO] scanner - ============================================================
2026-05-17 14:51:05 [INFO] scanner - 🚀 SCANNER INICIADO
2026-05-17 14:51:05 [INFO] scanner - 📅 Data/Hora: 17/05/2026 14:51:05
2026-05-17 14:51:05 [INFO] scanner - 📂 Log: logs/scanner_2026-05-17.log
2026-05-17 14:51:05 [INFO] scanner - ============================================================
2026-05-17 14:51:05 [INFO] scanner - 📝 PAPER MODE ATIVO - Apenas registro e análise
2026-05-17 15:56:19 [INFO] scanner - ============================================================
2026-05-17 15:56:19 [INFO] scanner - 🚀 SCANNER INICIADO
2026-05-17 15:56:19 [INFO] scanner - 📅 Data/Hora: 17/05/2026 15:56:19
2026-05-17 15:56:19 [INFO] scanner - 📂 Log: logs/scanner_2026-05-17.log
2026-05-17 15:56:19 [INFO] scanner - ============================================================
2026-05-17 15:56:19 [INFO] scanner - 📝 PAPER MODE ATIVO - Apenas registro e análise
2026-05-17 17:01:54 [INFO] scanner - ============================================================
2026-05-17 17:01:54 [INFO] scanner - 🚀 SCANNER INICIADO
2026-05-17 17:01:54 [INFO] scanner - 📅 Data/Hora: 17/05/2026 17:01:54
2026-05-17 17:01:54 [INFO] scanner - 📂 Log: logs/scanner_2026-05-17.log
2026-05-17 17:01:54 [INFO] scanner - ============================================================
2026-05-17 17:01:54 [INFO] scanner - 📝 PAPER MODE ATIVO - Apenas registro e análise
2026-05-17 17:01:58 [WARNING] root - Bloco de componentes falhou: cannot unpack non-iterable int object
2026-05-17 17:01:58 [INFO] scanner - ✅ Validações OK [BTC/USDT]: Score=7.0, R:R=2.08
2026-05-17 17:01:58 [INFO] scanner - ⏸️  Throttle ativo [BTC/USDT]:
2026-05-17 17:01:58 [INFO] scanner -    ├─ Último alerta há 1608.7 minutos
2026-05-17 17:01:58 [INFO] scanner -    ├─ Tempo mínimo: 1800 minutos
2026-05-17 17:01:58 [INFO] scanner -    └─ Próximo permitido em: 191.3 minutos
2026-05-17 17:02:00 [WARNING] root - Bloco de componentes falhou: cannot unpack non-iterable int object
2026-05-17 17:02:00 [INFO] scanner - ✅ Validações OK [ETH/USDT]: Score=7.0, R:R=2.00
2026-05-17 17:02:00 [INFO] scanner - ⏸️  Throttle ativo [ETH/USDT]:
2026-05-17 17:02:00 [INFO] scanner -    ├─ Último alerta há 366.8 minutos
2026-05-17 17:02:00 [INFO] scanner -    ├─ Tempo mínimo: 1800 minutos
2026-05-17 17:02:00 [INFO] scanner -    └─ Próximo permitido em: 1433.2 minutos
2026-05-17 18:07:47 [INFO] scanner - ============================================================
2026-05-17 18:07:47 [INFO] scanner - 🚀 SCANNER INICIADO
2026-05-17 18:07:47 [INFO] scanner - 📅 Data/Hora: 17/05/2026 18:07:47
2026-05-17 18:07:47 [INFO] scanner - 📂 Log: logs/scanner_2026-05-17.log
2026-05-17 18:07:47 [INFO] scanner - ============================================================
2026-05-17 18:07:47 [INFO] scanner - 📝 PAPER MODE ATIVO - Apenas registro e análise
2026-05-17 18:07:51 [WARNING] root - Bloco de componentes falhou: cannot unpack non-iterable int object
2026-05-17 18:07:51 [INFO] scanner - ✅ Validações OK [BTC/USDT]: Score=7.0, R:R=2.08
2026-05-17 18:07:51 [INFO] scanner - ⏸️  Throttle ativo [BTC/USDT]:
2026-05-17 18:07:51 [INFO] scanner -    ├─ Último alerta há 1674.6 minutos
2026-05-17 18:07:51 [INFO] scanner -    ├─ Tempo mínimo: 1800 minutos
2026-05-17 18:07:51 [INFO] scanner -    └─ Próximo permitido em: 125.4 minutos
2026-05-17 18:07:53 [WARNING] root - Bloco de componentes falhou: cannot unpack non-iterable int object
2026-05-17 18:07:53 [INFO] scanner - ✅ Validações OK [ETH/USDT]: Score=7.0, R:R=2.00
2026-05-17 18:07:53 [INFO] scanner - ⏸️  Throttle ativo [ETH/USDT]:
2026-05-17 18:07:53 [INFO] scanner -    ├─ Último alerta há 432.7 minutos
2026-05-17 18:07:53 [INFO] scanner -    ├─ Tempo mínimo: 1800 minutos
2026-05-17 18:07:53 [INFO] scanner -    └─ Próximo permitido em: 1367.3 minutos
2026-05-17 19:06:12 [INFO] scanner - ============================================================
2026-05-17 19:06:12 [INFO] scanner - 🚀 SCANNER INICIADO
2026-05-17 19:06:12 [INFO] scanner - 📅 Data/Hora: 17/05/2026 19:06:12
2026-05-17 19:06:12 [INFO] scanner - 📂 Log: logs/scanner_2026-05-17.log
2026-05-17 19:06:12 [INFO] scanner - ============================================================
2026-05-17 19:06:12 [INFO] scanner - 📝 PAPER MODE ATIVO - Apenas registro e análise
2026-05-17 19:06:16 [WARNING] root - Bloco de componentes falhou: cannot unpack non-iterable int object
2026-05-17 19:06:16 [INFO] scanner - ✅ Validações OK [BTC/USDT]: Score=7.3, R:R=2.08
2026-05-17 19:06:16 [INFO] scanner - ⏸️  Throttle ativo [BTC/USDT]:
2026-05-17 19:06:16 [INFO] scanner -    ├─ Último alerta há 1733.0 minutos
2026-05-17 19:06:16 [INFO] scanner -    ├─ Tempo mínimo: 1800 minutos
2026-05-17 19:06:16 [INFO] scanner -    └─ Próximo permitido em: 67.0 minutos
2026-05-17 19:06:18 [WARNING] root - Bloco de componentes falhou: cannot unpack non-iterable int object
2026-05-17 19:06:18 [INFO] scanner - ✅ Validações OK [ETH/USDT]: Score=7.3, R:R=2.00
2026-05-17 19:06:18 [INFO] scanner - ⏸️  Throttle ativo [ETH/USDT]:
2026-05-17 19:06:18 [INFO] scanner -    ├─ Último alerta há 491.1 minutos
2026-05-17 19:06:18 [INFO] scanner -    ├─ Tempo mínimo: 1800 minutos
2026-05-17 19:06:18 [INFO] scanner -    └─ Próximo permitido em: 1308.9 minutos
2026-05-17 20:10:02 [INFO] scanner - ============================================================
2026-05-17 20:10:02 [INFO] scanner - 🚀 SCANNER INICIADO
2026-05-17 20:10:02 [INFO] scanner - 📅 Data/Hora: 17/05/2026 20:10:02
2026-05-17 20:10:02 [INFO] scanner - 📂 Log: logs/scanner_2026-05-17.log
2026-05-17 20:10:02 [INFO] scanner - ============================================================
2026-05-17 20:10:02 [INFO] scanner - 📝 PAPER MODE ATIVO - Apenas registro e análise
