2026-05-03 04:49:31 [INFO] scanner - ============================================================
2026-05-03 04:49:31 [INFO] scanner - 🚀 SCANNER INICIADO
2026-05-03 04:49:31 [INFO] scanner - 📅 Data/Hora: 03/05/2026 04:49:31
2026-05-03 04:49:31 [INFO] scanner - 📂 Log: logs/scanner_2026-05-03.log
2026-05-03 04:49:31 [INFO] scanner - ============================================================
2026-05-03 04:49:31 [INFO] scanner - 📝 PAPER MODE ATIVO - Apenas registro e análise
2026-05-03 06:14:55 [INFO] scanner - ============================================================
2026-05-03 06:14:55 [INFO] scanner - 🚀 SCANNER INICIADO
2026-05-03 06:14:55 [INFO] scanner - 📅 Data/Hora: 03/05/2026 06:14:55
2026-05-03 06:14:55 [INFO] scanner - 📂 Log: logs/scanner_2026-05-03.log
2026-05-03 06:14:55 [INFO] scanner - ============================================================
2026-05-03 06:14:55 [INFO] scanner - 📝 PAPER MODE ATIVO - Apenas registro e análise
2026-05-03 06:14:59 [WARNING] root - Bloco de componentes falhou: cannot unpack non-iterable int object
2026-05-03 06:14:59 [INFO] scanner - ✅ Validações OK [BTC/USDT]: Score=7.0, R:R=2.08
2026-05-03 06:14:59 [INFO] scanner - ⏸️  Throttle ativo [BTC/USDT]:
2026-05-03 06:14:59 [INFO] scanner -    ├─ Último alerta há 1114.0 minutos
2026-05-03 06:14:59 [INFO] scanner -    ├─ Tempo mínimo: 1800 minutos
2026-05-03 06:14:59 [INFO] scanner -    └─ Próximo permitido em: 686.0 minutos
2026-05-03 06:15:01 [WARNING] root - Bloco de componentes falhou: cannot unpack non-iterable int object
2026-05-03 06:15:01 [INFO] scanner - ✅ Validações OK [ETH/USDT]: Score=7.0, R:R=2.00
2026-05-03 06:15:01 [INFO] scanner - ✅ Throttle OK [ETH/USDT]: Pode enviar
2026-05-03 06:15:01 [INFO] scanner - 📝 Sinal no ledger: 20260503_061501_991885 - ETH/USDT
2026-05-03 06:15:01 [INFO] scanner - 📨 Alerta enviado | ID Ledger: 20260503_061501_991885
