2026-06-05 06:32:44 [INFO] scanner - ============================================================
2026-06-05 06:32:44 [INFO] scanner - 🚀 SCANNER INICIADO
2026-06-05 06:32:44 [INFO] scanner - 📅 Data/Hora: 05/06/2026 06:32:44
2026-06-05 06:32:44 [INFO] scanner - 📂 Log: logs/scanner_2026-06-05.log
2026-06-05 06:32:44 [INFO] scanner - ============================================================
2026-06-05 06:32:44 [INFO] scanner - 📝 PAPER MODE ATIVO - Apenas registro e análise
2026-06-05 06:32:50 [WARNING] root - Bloco de componentes falhou: cannot unpack non-iterable int object
2026-06-05 06:32:50 [INFO] scanner - ✅ Validações OK [ETH/USDT]: Score=8.3, R:R=2.00
2026-06-05 06:32:50 [INFO] scanner - ✅ Throttle OK [ETH/USDT]: Pode enviar
2026-06-05 06:32:51 [WARNING] root - Bloco de componentes falhou: cannot unpack non-iterable int object
2026-06-05 06:32:51 [INFO] scanner - ✅ Validações OK [ETH/USDT]: Score=7.3, R:R=2.00
2026-06-05 06:32:51 [INFO] scanner - ⏸️  Throttle ativo [ETH/USDT]:
2026-06-05 06:32:51 [INFO] scanner -    ├─ Último alerta há 0.0 minutos
2026-06-05 06:32:51 [INFO] scanner -    ├─ Tempo mínimo: 1800 minutos
2026-06-05 06:32:51 [INFO] scanner -    └─ Próximo permitido em: 1800.0 minutos
2026-06-05 06:32:51 [WARNING] root - Bloco de componentes falhou: cannot unpack non-iterable int object
2026-06-05 06:32:51 [INFO] scanner - ✅ Validações OK [ETH/USDT]: Score=7.3, R:R=2.00
2026-06-05 06:32:51 [INFO] scanner - ⏸️  Throttle ativo [ETH/USDT]:
2026-06-05 06:32:51 [INFO] scanner -    ├─ Último alerta há 0.0 minutos
2026-06-05 06:32:51 [INFO] scanner -    ├─ Tempo mínimo: 1800 minutos
2026-06-05 06:32:51 [INFO] scanner -    └─ Próximo permitido em: 1800.0 minutos
2026-06-05 09:25:53 [INFO] scanner - ============================================================
2026-06-05 09:25:53 [INFO] scanner - 🚀 SCANNER INICIADO
2026-06-05 09:25:53 [INFO] scanner - 📅 Data/Hora: 05/06/2026 09:25:53
2026-06-05 09:25:53 [INFO] scanner - 📂 Log: logs/scanner_2026-06-05.log
2026-06-05 09:25:53 [INFO] scanner - ============================================================
2026-06-05 09:25:53 [INFO] scanner - 📝 PAPER MODE ATIVO - Apenas registro e análise
2026-06-05 09:25:58 [WARNING] root - Bloco de componentes falhou: cannot unpack non-iterable int object
2026-06-05 09:25:58 [INFO] scanner - ✅ Validações OK [ETH/USDT]: Score=8.3, R:R=2.00
2026-06-05 09:25:58 [INFO] scanner - ⏸️  Throttle ativo [ETH/USDT]:
2026-06-05 09:25:58 [INFO] scanner -    ├─ Último alerta há 173.1 minutos
2026-06-05 09:25:58 [INFO] scanner -    ├─ Tempo mínimo: 1800 minutos
2026-06-05 09:25:58 [INFO] scanner -    └─ Próximo permitido em: 1626.9 minutos
2026-06-05 09:25:58 [WARNING] root - Bloco de componentes falhou: cannot unpack non-iterable int object
2026-06-05 09:25:58 [INFO] scanner - ✅ Validações OK [ETH/USDT]: Score=7.3, R:R=2.00
2026-06-05 09:25:58 [INFO] scanner - ⏸️  Throttle ativo [ETH/USDT]:
2026-06-05 09:25:58 [INFO] scanner -    ├─ Último alerta há 173.1 minutos
2026-06-05 09:25:58 [INFO] scanner -    ├─ Tempo mínimo: 1800 minutos
2026-06-05 09:25:58 [INFO] scanner -    └─ Próximo permitido em: 1626.9 minutos
2026-06-05 12:32:42 [INFO] scanner - ============================================================
2026-06-05 12:32:42 [INFO] scanner - 🚀 SCANNER INICIADO
2026-06-05 12:32:42 [INFO] scanner - 📅 Data/Hora: 05/06/2026 12:32:42
2026-06-05 12:32:42 [INFO] scanner - 📂 Log: logs/scanner_2026-06-05.log
2026-06-05 12:32:42 [INFO] scanner - ============================================================
2026-06-05 12:32:42 [INFO] scanner - 📝 PAPER MODE ATIVO - Apenas registro e análise
2026-06-05 12:32:46 [WARNING] root - Bloco de componentes falhou: cannot unpack non-iterable int object
2026-06-05 12:32:46 [INFO] scanner - ✅ Validações OK [BTC/USDT]: Score=7.3, R:R=2.08
2026-06-05 12:32:46 [INFO] scanner - ⏸️  Throttle ativo [BTC/USDT]:
2026-06-05 12:32:46 [INFO] scanner -    ├─ Último alerta há 1788.4 minutos
2026-06-05 12:32:46 [INFO] scanner -    ├─ Tempo mínimo: 1800 minutos
2026-06-05 12:32:46 [INFO] scanner -    └─ Próximo permitido em: 11.6 minutos
2026-06-05 12:32:48 [WARNING] root - Bloco de componentes falhou: cannot unpack non-iterable int object
2026-06-05 12:32:48 [INFO] scanner - ✅ Validações OK [ETH/USDT]: Score=8.8, R:R=2.00
2026-06-05 12:32:48 [INFO] scanner - ⏸️  Throttle ativo [ETH/USDT]:
2026-06-05 12:32:48 [INFO] scanner -    ├─ Último alerta há 360.0 minutos
2026-06-05 12:32:48 [INFO] scanner -    ├─ Tempo mínimo: 1800 minutos
2026-06-05 12:32:48 [INFO] scanner -    └─ Próximo permitido em: 1440.0 minutos
2026-06-05 12:32:48 [WARNING] root - Bloco de componentes falhou: cannot unpack non-iterable int object
2026-06-05 12:32:48 [INFO] scanner - ✅ Validações OK [ETH/USDT]: Score=7.8, R:R=2.00
2026-06-05 12:32:48 [INFO] scanner - ⏸️  Throttle ativo [ETH/USDT]:
2026-06-05 12:32:48 [INFO] scanner -    ├─ Último alerta há 360.0 minutos
2026-06-05 12:32:48 [INFO] scanner -    ├─ Tempo mínimo: 1800 minutos
2026-06-05 12:32:48 [INFO] scanner -    └─ Próximo permitido em: 1440.0 minutos
2026-06-05 12:32:49 [WARNING] root - Bloco de componentes falhou: cannot unpack non-iterable int object
2026-06-05 12:32:49 [INFO] scanner - ✅ Validações OK [ETH/USDT]: Score=7.8, R:R=2.00
2026-06-05 12:32:49 [INFO] scanner - ⏸️  Throttle ativo [ETH/USDT]:
2026-06-05 12:32:49 [INFO] scanner -    ├─ Último alerta há 360.0 minutos
2026-06-05 12:32:49 [INFO] scanner -    ├─ Tempo mínimo: 1800 minutos
2026-06-05 12:32:49 [INFO] scanner -    └─ Próximo permitido em: 1440.0 minutos
2026-06-05 14:30:20 [INFO] scanner - ============================================================
2026-06-05 14:30:20 [INFO] scanner - 🚀 SCANNER INICIADO
2026-06-05 14:30:20 [INFO] scanner - 📅 Data/Hora: 05/06/2026 14:30:20
2026-06-05 14:30:20 [INFO] scanner - 📂 Log: logs/scanner_2026-06-05.log
2026-06-05 14:30:20 [INFO] scanner - ============================================================
2026-06-05 14:30:20 [INFO] scanner - 📝 PAPER MODE ATIVO - Apenas registro e análise
2026-06-05 14:30:26 [WARNING] root - Bloco de componentes falhou: cannot unpack non-iterable int object
2026-06-05 14:30:26 [INFO] scanner - ✅ Validações OK [ETH/USDT]: Score=7.3, R:R=2.00
2026-06-05 14:30:26 [INFO] scanner - ⏸️  Throttle ativo [ETH/USDT]:
2026-06-05 14:30:26 [INFO] scanner -    ├─ Último alerta há 477.6 minutos
2026-06-05 14:30:26 [INFO] scanner -    ├─ Tempo mínimo: 1800 minutos
2026-06-05 14:30:26 [INFO] scanner -    └─ Próximo permitido em: 1322.4 minutos
2026-06-05 14:30:26 [WARNING] root - Bloco de componentes falhou: cannot unpack non-iterable int object
2026-06-05 14:30:26 [INFO] scanner - ✅ Validações OK [ETH/USDT]: Score=7.3, R:R=2.00
2026-06-05 14:30:26 [INFO] scanner - ⏸️  Throttle ativo [ETH/USDT]:
2026-06-05 14:30:26 [INFO] scanner -    ├─ Último alerta há 477.6 minutos
2026-06-05 14:30:26 [INFO] scanner -    ├─ Tempo mínimo: 1800 minutos
2026-06-05 14:30:26 [INFO] scanner -    └─ Próximo permitido em: 1322.4 minutos
2026-06-05 16:18:34 [INFO] scanner - ============================================================
2026-06-05 16:18:34 [INFO] scanner - 🚀 SCANNER INICIADO
2026-06-05 16:18:34 [INFO] scanner - 📅 Data/Hora: 05/06/2026 16:18:34
2026-06-05 16:18:34 [INFO] scanner - 📂 Log: logs/scanner_2026-06-05.log
2026-06-05 16:18:34 [INFO] scanner - ============================================================
2026-06-05 16:18:34 [INFO] scanner - 📝 PAPER MODE ATIVO - Apenas registro e análise
2026-06-05 16:18:39 [WARNING] root - Bloco de componentes falhou: cannot unpack non-iterable int object
2026-06-05 16:18:39 [INFO] scanner - ✅ Validações OK [ETH/USDT]: Score=7.3, R:R=2.00
2026-06-05 16:18:39 [INFO] scanner - ⏸️  Throttle ativo [ETH/USDT]:
2026-06-05 16:18:39 [INFO] scanner -    ├─ Último alerta há 585.8 minutos
2026-06-05 16:18:39 [INFO] scanner -    ├─ Tempo mínimo: 1800 minutos
2026-06-05 16:18:39 [INFO] scanner -    └─ Próximo permitido em: 1214.2 minutos
2026-06-05 16:18:39 [WARNING] root - Bloco de componentes falhou: cannot unpack non-iterable int object
2026-06-05 16:18:39 [INFO] scanner - ✅ Validações OK [ETH/USDT]: Score=7.3, R:R=2.00
2026-06-05 16:18:39 [INFO] scanner - ⏸️  Throttle ativo [ETH/USDT]:
2026-06-05 16:18:39 [INFO] scanner -    ├─ Último alerta há 585.8 minutos
2026-06-05 16:18:39 [INFO] scanner -    ├─ Tempo mínimo: 1800 minutos
2026-06-05 16:18:39 [INFO] scanner -    └─ Próximo permitido em: 1214.2 minutos
2026-06-05 18:02:49 [INFO] scanner - ============================================================
2026-06-05 18:02:49 [INFO] scanner - 🚀 SCANNER INICIADO
2026-06-05 18:02:49 [INFO] scanner - 📅 Data/Hora: 05/06/2026 18:02:49
2026-06-05 18:02:49 [INFO] scanner - 📂 Log: logs/scanner_2026-06-05.log
2026-06-05 18:02:49 [INFO] scanner - ============================================================
2026-06-05 18:02:49 [INFO] scanner - 📝 PAPER MODE ATIVO - Apenas registro e análise
2026-06-05 18:02:54 [WARNING] root - Bloco de componentes falhou: cannot unpack non-iterable int object
2026-06-05 18:02:54 [INFO] scanner - ✅ Validações OK [ETH/USDT]: Score=8.3, R:R=2.00
2026-06-05 18:02:54 [INFO] scanner - ⏸️  Throttle ativo [ETH/USDT]:
2026-06-05 18:02:54 [INFO] scanner -    ├─ Último alerta há 690.1 minutos
2026-06-05 18:02:54 [INFO] scanner -    ├─ Tempo mínimo: 1800 minutos
2026-06-05 18:02:54 [INFO] scanner -    └─ Próximo permitido em: 1109.9 minutos
2026-06-05 19:34:37 [INFO] scanner - ============================================================
2026-06-05 19:34:37 [INFO] scanner - 🚀 SCANNER INICIADO
2026-06-05 19:34:37 [INFO] scanner - 📅 Data/Hora: 05/06/2026 19:34:37
2026-06-05 19:34:37 [INFO] scanner - 📂 Log: logs/scanner_2026-06-05.log
2026-06-05 19:34:37 [INFO] scanner - ============================================================
2026-06-05 19:34:37 [INFO] scanner - 📝 PAPER MODE ATIVO - Apenas registro e análise
2026-06-05 19:34:41 [WARNING] root - Bloco de componentes falhou: cannot unpack non-iterable int object
2026-06-05 19:34:41 [INFO] scanner - ✅ Validações OK [BTC/USDT]: Score=7.8, R:R=2.08
2026-06-05 19:34:41 [INFO] scanner - ✅ Throttle OK [BTC/USDT]: Pode enviar
2026-06-05 19:34:42 [INFO] scanner - 📝 Sinal no ledger: 20260605_193442_030323 - BTC/USDT
2026-06-05 19:34:42 [INFO] scanner - 📨 Alerta enviado | ID Ledger: 20260605_193442_030323
2026-06-05 19:34:44 [WARNING] root - Bloco de componentes falhou: cannot unpack non-iterable int object
2026-06-05 19:34:44 [INFO] scanner - ✅ Validações OK [ETH/USDT]: Score=8.3, R:R=2.00
2026-06-05 19:34:44 [INFO] scanner - ⏸️  Throttle ativo [ETH/USDT]:
2026-06-05 19:34:44 [INFO] scanner -    ├─ Último alerta há 781.9 minutos
2026-06-05 19:34:44 [INFO] scanner -    ├─ Tempo mínimo: 1800 minutos
2026-06-05 19:34:44 [INFO] scanner -    └─ Próximo permitido em: 1018.1 minutos
2026-06-05 19:34:44 [WARNING] root - Bloco de componentes falhou: cannot unpack non-iterable int object
2026-06-05 19:34:44 [INFO] scanner - ✅ Validações OK [ETH/USDT]: Score=7.3, R:R=2.00
2026-06-05 19:34:44 [INFO] scanner - ⏸️  Throttle ativo [ETH/USDT]:
2026-06-05 19:34:44 [INFO] scanner -    ├─ Último alerta há 781.9 minutos
2026-06-05 19:34:44 [INFO] scanner -    ├─ Tempo mínimo: 1800 minutos
2026-06-05 19:34:44 [INFO] scanner -    └─ Próximo permitido em: 1018.1 minutos
2026-06-05 19:34:44 [WARNING] root - Bloco de componentes falhou: cannot unpack non-iterable int object
2026-06-05 19:34:44 [INFO] scanner - ✅ Validações OK [ETH/USDT]: Score=7.3, R:R=2.00
2026-06-05 19:34:44 [INFO] scanner - ⏸️  Throttle ativo [ETH/USDT]:
2026-06-05 19:34:44 [INFO] scanner -    ├─ Último alerta há 781.9 minutos
2026-06-05 19:34:44 [INFO] scanner -    ├─ Tempo mínimo: 1800 minutos
2026-06-05 19:34:44 [INFO] scanner -    └─ Próximo permitido em: 1018.1 minutos
2026-06-05 20:48:55 [INFO] scanner - ============================================================
2026-06-05 20:48:55 [INFO] scanner - 🚀 SCANNER INICIADO
2026-06-05 20:48:55 [INFO] scanner - 📅 Data/Hora: 05/06/2026 20:48:55
2026-06-05 20:48:55 [INFO] scanner - 📂 Log: logs/scanner_2026-06-05.log
2026-06-05 20:48:55 [INFO] scanner - ============================================================
2026-06-05 20:48:55 [INFO] scanner - 📝 PAPER MODE ATIVO - Apenas registro e análise
2026-06-05 20:48:58 [WARNING] root - Bloco de componentes falhou: cannot unpack non-iterable int object
2026-06-05 20:48:58 [INFO] scanner - ✅ Validações OK [BTC/USDT]: Score=7.3, R:R=2.08
2026-06-05 20:48:58 [INFO] scanner - ⏸️  Throttle ativo [BTC/USDT]:
2026-06-05 20:48:58 [INFO] scanner -    ├─ Último alerta há 74.3 minutos
2026-06-05 20:48:58 [INFO] scanner -    ├─ Tempo mínimo: 1800 minutos
2026-06-05 20:48:58 [INFO] scanner -    └─ Próximo permitido em: 1725.7 minutos
2026-06-05 20:48:58 [WARNING] root - Bloco de componentes falhou: cannot unpack non-iterable int object
2026-06-05 20:48:58 [INFO] scanner - ✅ Validações OK [BTC/USDT]: Score=7.3, R:R=2.08
2026-06-05 20:48:58 [INFO] scanner - ⏸️  Throttle ativo [BTC/USDT]:
2026-06-05 20:48:58 [INFO] scanner -    ├─ Último alerta há 74.3 minutos
2026-06-05 20:48:58 [INFO] scanner -    ├─ Tempo mínimo: 1800 minutos
2026-06-05 20:48:58 [INFO] scanner -    └─ Próximo permitido em: 1725.7 minutos
2026-06-05 20:49:01 [WARNING] root - Bloco de componentes falhou: cannot unpack non-iterable int object
2026-06-05 20:49:01 [INFO] scanner - ✅ Validações OK [ETH/USDT]: Score=8.3, R:R=2.00
2026-06-05 20:49:01 [INFO] scanner - ⏸️  Throttle ativo [ETH/USDT]:
2026-06-05 20:49:01 [INFO] scanner -    ├─ Último alerta há 856.2 minutos
2026-06-05 20:49:01 [INFO] scanner -    ├─ Tempo mínimo: 1800 minutos
2026-06-05 20:49:01 [INFO] scanner -    └─ Próximo permitido em: 943.8 minutos
2026-06-05 20:49:01 [WARNING] root - Bloco de componentes falhou: cannot unpack non-iterable int object
2026-06-05 20:49:01 [INFO] scanner - ✅ Validações OK [ETH/USDT]: Score=7.3, R:R=2.00
2026-06-05 20:49:01 [INFO] scanner - ⏸️  Throttle ativo [ETH/USDT]:
2026-06-05 20:49:01 [INFO] scanner -    ├─ Último alerta há 856.2 minutos
2026-06-05 20:49:01 [INFO] scanner -    ├─ Tempo mínimo: 1800 minutos
2026-06-05 20:49:01 [INFO] scanner -    └─ Próximo permitido em: 943.8 minutos
2026-06-05 20:49:01 [WARNING] root - Bloco de componentes falhou: cannot unpack non-iterable int object
2026-06-05 20:49:01 [INFO] scanner - ✅ Validações OK [ETH/USDT]: Score=7.3, R:R=2.00
2026-06-05 20:49:01 [INFO] scanner - ⏸️  Throttle ativo [ETH/USDT]:
2026-06-05 20:49:01 [INFO] scanner -    ├─ Último alerta há 856.2 minutos
2026-06-05 20:49:01 [INFO] scanner -    ├─ Tempo mínimo: 1800 minutos
2026-06-05 20:49:01 [INFO] scanner -    └─ Próximo permitido em: 943.8 minutos
