2026-04-29 05:02:34 [INFO] scanner - ============================================================
2026-04-29 05:02:34 [INFO] scanner - 🚀 SCANNER INICIADO
2026-04-29 05:02:34 [INFO] scanner - 📅 Data/Hora: 29/04/2026 05:02:34
2026-04-29 05:02:34 [INFO] scanner - 📂 Log: logs/scanner_2026-04-29.log
2026-04-29 05:02:34 [INFO] scanner - ============================================================
2026-04-29 05:02:34 [INFO] scanner - 📝 PAPER MODE ATIVO - Apenas registro e análise
2026-04-29 05:02:38 [WARNING] root - Bloco de componentes falhou: cannot unpack non-iterable int object
2026-04-29 05:02:38 [INFO] scanner - ✅ Validações OK [BTC/USDT]: Score=7.3, R:R=2.08
2026-04-29 05:02:38 [INFO] scanner - ⏸️  Throttle ativo [BTC/USDT]:
2026-04-29 05:02:38 [INFO] scanner -    ├─ Último alerta há 1042.9 minutos
2026-04-29 05:02:38 [INFO] scanner -    ├─ Tempo mínimo: 1800 minutos
2026-04-29 05:02:38 [INFO] scanner -    └─ Próximo permitido em: 757.1 minutos
2026-04-29 05:02:40 [WARNING] root - Bloco de componentes falhou: cannot unpack non-iterable int object
2026-04-29 05:02:40 [INFO] scanner - ✅ Validações OK [ETH/USDT]: Score=7.3, R:R=2.00
2026-04-29 05:02:40 [INFO] scanner - ✅ Throttle OK [ETH/USDT]: Pode enviar
2026-04-29 05:02:41 [WARNING] root - Bloco de componentes falhou: cannot unpack non-iterable int object
2026-04-29 05:02:41 [INFO] scanner - ✅ Validações OK [ETH/USDT]: Score=7.3, R:R=2.00
2026-04-29 05:02:41 [INFO] scanner - ⏸️  Throttle ativo [ETH/USDT]:
2026-04-29 05:02:41 [INFO] scanner -    ├─ Último alerta há 0.0 minutos
2026-04-29 05:02:41 [INFO] scanner -    ├─ Tempo mínimo: 1800 minutos
2026-04-29 05:02:41 [INFO] scanner -    └─ Próximo permitido em: 1800.0 minutos
2026-04-29 07:19:07 [INFO] scanner - ============================================================
2026-04-29 07:19:07 [INFO] scanner - 🚀 SCANNER INICIADO
2026-04-29 07:19:07 [INFO] scanner - 📅 Data/Hora: 29/04/2026 07:19:07
2026-04-29 07:19:07 [INFO] scanner - 📂 Log: logs/scanner_2026-04-29.log
2026-04-29 07:19:07 [INFO] scanner - ============================================================
2026-04-29 07:19:07 [INFO] scanner - 📝 PAPER MODE ATIVO - Apenas registro e análise
2026-04-29 07:19:10 [WARNING] root - Bloco de componentes falhou: cannot unpack non-iterable int object
2026-04-29 07:19:10 [INFO] scanner - ✅ Validações OK [BTC/USDT]: Score=7.3, R:R=2.08
2026-04-29 07:19:10 [INFO] scanner - ⏸️  Throttle ativo [BTC/USDT]:
2026-04-29 07:19:10 [INFO] scanner -    ├─ Último alerta há 1179.5 minutos
2026-04-29 07:19:10 [INFO] scanner -    ├─ Tempo mínimo: 1800 minutos
2026-04-29 07:19:10 [INFO] scanner -    └─ Próximo permitido em: 620.5 minutos
2026-04-29 07:19:10 [WARNING] root - Bloco de componentes falhou: cannot unpack non-iterable int object
2026-04-29 07:19:10 [INFO] scanner - ✅ Validações OK [BTC/USDT]: Score=7.3, R:R=2.08
2026-04-29 07:19:10 [INFO] scanner - ⏸️  Throttle ativo [BTC/USDT]:
2026-04-29 07:19:10 [INFO] scanner -    ├─ Último alerta há 1179.5 minutos
2026-04-29 07:19:10 [INFO] scanner -    ├─ Tempo mínimo: 1800 minutos
2026-04-29 07:19:10 [INFO] scanner -    └─ Próximo permitido em: 620.5 minutos
2026-04-29 07:19:13 [WARNING] root - Bloco de componentes falhou: cannot unpack non-iterable int object
2026-04-29 07:19:13 [INFO] scanner - ✅ Validações OK [ETH/USDT]: Score=7.3, R:R=2.00
2026-04-29 07:19:13 [INFO] scanner - ⏸️  Throttle ativo [ETH/USDT]:
2026-04-29 07:19:13 [INFO] scanner -    ├─ Último alerta há 136.5 minutos
2026-04-29 07:19:13 [INFO] scanner -    ├─ Tempo mínimo: 1800 minutos
2026-04-29 07:19:13 [INFO] scanner -    └─ Próximo permitido em: 1663.5 minutos
2026-04-29 07:19:13 [WARNING] root - Bloco de componentes falhou: cannot unpack non-iterable int object
2026-04-29 07:19:13 [INFO] scanner - ✅ Validações OK [ETH/USDT]: Score=7.3, R:R=2.00
2026-04-29 07:19:13 [INFO] scanner - ⏸️  Throttle ativo [ETH/USDT]:
2026-04-29 07:19:13 [INFO] scanner -    ├─ Último alerta há 136.5 minutos
2026-04-29 07:19:13 [INFO] scanner -    ├─ Tempo mínimo: 1800 minutos
2026-04-29 07:19:13 [INFO] scanner -    └─ Próximo permitido em: 1663.5 minutos
2026-04-29 08:57:04 [INFO] scanner - ============================================================
2026-04-29 08:57:04 [INFO] scanner - 🚀 SCANNER INICIADO
2026-04-29 08:57:04 [INFO] scanner - 📅 Data/Hora: 29/04/2026 08:57:04
2026-04-29 08:57:04 [INFO] scanner - 📂 Log: logs/scanner_2026-04-29.log
2026-04-29 08:57:04 [INFO] scanner - ============================================================
2026-04-29 08:57:04 [INFO] scanner - 📝 PAPER MODE ATIVO - Apenas registro e análise
2026-04-29 08:57:08 [WARNING] root - Bloco de componentes falhou: cannot unpack non-iterable int object
2026-04-29 08:57:08 [INFO] scanner - ✅ Validações OK [BTC/USDT]: Score=7.3, R:R=2.08
2026-04-29 08:57:08 [INFO] scanner - ⏸️  Throttle ativo [BTC/USDT]:
2026-04-29 08:57:08 [INFO] scanner -    ├─ Último alerta há 1277.4 minutos
2026-04-29 08:57:08 [INFO] scanner -    ├─ Tempo mínimo: 1800 minutos
2026-04-29 08:57:08 [INFO] scanner -    └─ Próximo permitido em: 522.6 minutos
2026-04-29 08:57:10 [WARNING] root - Bloco de componentes falhou: cannot unpack non-iterable int object
2026-04-29 08:57:10 [INFO] scanner - ✅ Validações OK [ETH/USDT]: Score=7.3, R:R=2.00
2026-04-29 08:57:10 [INFO] scanner - ⏸️  Throttle ativo [ETH/USDT]:
2026-04-29 08:57:10 [INFO] scanner -    ├─ Último alerta há 234.5 minutos
2026-04-29 08:57:10 [INFO] scanner -    ├─ Tempo mínimo: 1800 minutos
2026-04-29 08:57:10 [INFO] scanner -    └─ Próximo permitido em: 1565.5 minutos
2026-04-29 10:47:24 [INFO] scanner - ============================================================
2026-04-29 10:47:24 [INFO] scanner - 🚀 SCANNER INICIADO
2026-04-29 10:47:24 [INFO] scanner - 📅 Data/Hora: 29/04/2026 10:47:24
2026-04-29 10:47:24 [INFO] scanner - 📂 Log: logs/scanner_2026-04-29.log
2026-04-29 10:47:24 [INFO] scanner - ============================================================
2026-04-29 10:47:24 [INFO] scanner - 📝 PAPER MODE ATIVO - Apenas registro e análise
2026-04-29 10:47:27 [WARNING] root - Bloco de componentes falhou: cannot unpack non-iterable int object
2026-04-29 10:47:27 [INFO] scanner - ✅ Validações OK [BTC/USDT]: Score=7.3, R:R=2.08
2026-04-29 10:47:27 [INFO] scanner - ⏸️  Throttle ativo [BTC/USDT]:
2026-04-29 10:47:27 [INFO] scanner -    ├─ Último alerta há 1387.7 minutos
2026-04-29 10:47:27 [INFO] scanner -    ├─ Tempo mínimo: 1800 minutos
2026-04-29 10:47:27 [INFO] scanner -    └─ Próximo permitido em: 412.3 minutos
2026-04-29 10:47:28 [WARNING] root - Bloco de componentes falhou: cannot unpack non-iterable int object
2026-04-29 10:47:28 [INFO] scanner - ✅ Validações OK [BTC/USDT]: Score=7.3, R:R=2.08
2026-04-29 10:47:28 [INFO] scanner - ⏸️  Throttle ativo [BTC/USDT]:
2026-04-29 10:47:28 [INFO] scanner -    ├─ Último alerta há 1387.7 minutos
2026-04-29 10:47:28 [INFO] scanner -    ├─ Tempo mínimo: 1800 minutos
2026-04-29 10:47:28 [INFO] scanner -    └─ Próximo permitido em: 412.3 minutos
2026-04-29 10:47:28 [WARNING] root - Bloco de componentes falhou: cannot unpack non-iterable int object
2026-04-29 10:47:28 [INFO] scanner - ✅ Validações OK [BTC/USDT]: Score=7.3, R:R=2.08
2026-04-29 10:47:28 [INFO] scanner - ⏸️  Throttle ativo [BTC/USDT]:
2026-04-29 10:47:28 [INFO] scanner -    ├─ Último alerta há 1387.7 minutos
2026-04-29 10:47:28 [INFO] scanner -    ├─ Tempo mínimo: 1800 minutos
2026-04-29 10:47:28 [INFO] scanner -    └─ Próximo permitido em: 412.3 minutos
2026-04-29 10:47:30 [WARNING] root - Bloco de componentes falhou: cannot unpack non-iterable int object
2026-04-29 10:47:30 [INFO] scanner - ✅ Validações OK [ETH/USDT]: Score=7.8, R:R=2.00
2026-04-29 10:47:30 [INFO] scanner - ⏸️  Throttle ativo [ETH/USDT]:
2026-04-29 10:47:30 [INFO] scanner -    ├─ Último alerta há 344.8 minutos
2026-04-29 10:47:30 [INFO] scanner -    ├─ Tempo mínimo: 1800 minutos
2026-04-29 10:47:30 [INFO] scanner -    └─ Próximo permitido em: 1455.2 minutos
2026-04-29 12:51:58 [INFO] scanner - ============================================================
2026-04-29 12:51:58 [INFO] scanner - 🚀 SCANNER INICIADO
2026-04-29 12:51:58 [INFO] scanner - 📅 Data/Hora: 29/04/2026 12:51:58
2026-04-29 12:51:58 [INFO] scanner - 📂 Log: logs/scanner_2026-04-29.log
2026-04-29 12:51:58 [INFO] scanner - ============================================================
2026-04-29 12:51:58 [INFO] scanner - 📝 PAPER MODE ATIVO - Apenas registro e análise
2026-04-29 12:52:02 [WARNING] root - Bloco de componentes falhou: cannot unpack non-iterable int object
2026-04-29 12:52:02 [INFO] scanner - ✅ Validações OK [BTC/USDT]: Score=7.3, R:R=2.08
2026-04-29 12:52:02 [INFO] scanner - ⏸️  Throttle ativo [BTC/USDT]:
2026-04-29 12:52:02 [INFO] scanner -    ├─ Último alerta há 1512.3 minutos
2026-04-29 12:52:02 [INFO] scanner -    ├─ Tempo mínimo: 1800 minutos
2026-04-29 12:52:02 [INFO] scanner -    └─ Próximo permitido em: 287.7 minutos
2026-04-29 12:52:02 [WARNING] root - Bloco de componentes falhou: cannot unpack non-iterable int object
2026-04-29 12:52:02 [INFO] scanner - ✅ Validações OK [BTC/USDT]: Score=7.3, R:R=2.08
2026-04-29 12:52:02 [INFO] scanner - ⏸️  Throttle ativo [BTC/USDT]:
2026-04-29 12:52:02 [INFO] scanner -    ├─ Último alerta há 1512.3 minutos
2026-04-29 12:52:02 [INFO] scanner -    ├─ Tempo mínimo: 1800 minutos
2026-04-29 12:52:02 [INFO] scanner -    └─ Próximo permitido em: 287.7 minutos
2026-04-29 12:52:04 [WARNING] root - Bloco de componentes falhou: cannot unpack non-iterable int object
2026-04-29 12:52:04 [INFO] scanner - ✅ Validações OK [ETH/USDT]: Score=7.3, R:R=2.00
2026-04-29 12:52:04 [INFO] scanner - ⏸️  Throttle ativo [ETH/USDT]:
2026-04-29 12:52:04 [INFO] scanner -    ├─ Último alerta há 469.4 minutos
2026-04-29 12:52:04 [INFO] scanner -    ├─ Tempo mínimo: 1800 minutos
2026-04-29 12:52:04 [INFO] scanner -    └─ Próximo permitido em: 1330.6 minutos
2026-04-29 12:52:04 [WARNING] root - Bloco de componentes falhou: cannot unpack non-iterable int object
2026-04-29 12:52:04 [INFO] scanner - ✅ Validações OK [ETH/USDT]: Score=7.3, R:R=2.00
2026-04-29 12:52:04 [INFO] scanner - ⏸️  Throttle ativo [ETH/USDT]:
2026-04-29 12:52:04 [INFO] scanner -    ├─ Último alerta há 469.4 minutos
2026-04-29 12:52:04 [INFO] scanner -    ├─ Tempo mínimo: 1800 minutos
2026-04-29 12:52:04 [INFO] scanner -    └─ Próximo permitido em: 1330.6 minutos
2026-04-29 14:19:04 [INFO] scanner - ============================================================
2026-04-29 14:19:04 [INFO] scanner - 🚀 SCANNER INICIADO
2026-04-29 14:19:04 [INFO] scanner - 📅 Data/Hora: 29/04/2026 14:19:04
2026-04-29 14:19:04 [INFO] scanner - 📂 Log: logs/scanner_2026-04-29.log
2026-04-29 14:19:04 [INFO] scanner - ============================================================
2026-04-29 14:19:04 [INFO] scanner - 📝 PAPER MODE ATIVO - Apenas registro e análise
2026-04-29 15:53:58 [INFO] scanner - ============================================================
2026-04-29 15:53:58 [INFO] scanner - 🚀 SCANNER INICIADO
2026-04-29 15:53:58 [INFO] scanner - 📅 Data/Hora: 29/04/2026 15:53:58
2026-04-29 15:53:58 [INFO] scanner - 📂 Log: logs/scanner_2026-04-29.log
2026-04-29 15:53:58 [INFO] scanner - ============================================================
2026-04-29 15:53:58 [INFO] scanner - 📝 PAPER MODE ATIVO - Apenas registro e análise
2026-04-29 15:54:01 [WARNING] root - Bloco de componentes falhou: cannot unpack non-iterable int object
2026-04-29 15:54:01 [INFO] scanner - ✅ Validações OK [BTC/USDT]: Score=7.3, R:R=2.08
2026-04-29 15:54:01 [INFO] scanner - ⏸️  Throttle ativo [BTC/USDT]:
2026-04-29 15:54:01 [INFO] scanner -    ├─ Último alerta há 1694.3 minutos
2026-04-29 15:54:01 [INFO] scanner -    ├─ Tempo mínimo: 1800 minutos
2026-04-29 15:54:01 [INFO] scanner -    └─ Próximo permitido em: 105.7 minutos
2026-04-29 15:54:02 [WARNING] root - Bloco de componentes falhou: cannot unpack non-iterable int object
2026-04-29 15:54:02 [INFO] scanner - ✅ Validações OK [BTC/USDT]: Score=7.3, R:R=2.08
2026-04-29 15:54:02 [INFO] scanner - ⏸️  Throttle ativo [BTC/USDT]:
2026-04-29 15:54:02 [INFO] scanner -    ├─ Último alerta há 1694.3 minutos
2026-04-29 15:54:02 [INFO] scanner -    ├─ Tempo mínimo: 1800 minutos
2026-04-29 15:54:02 [INFO] scanner -    └─ Próximo permitido em: 105.7 minutos
2026-04-29 15:54:04 [WARNING] root - Bloco de componentes falhou: cannot unpack non-iterable int object
2026-04-29 15:54:04 [INFO] scanner - ✅ Validações OK [ETH/USDT]: Score=7.8, R:R=2.00
2026-04-29 15:54:04 [INFO] scanner - ⏸️  Throttle ativo [ETH/USDT]:
2026-04-29 15:54:04 [INFO] scanner -    ├─ Último alerta há 651.4 minutos
2026-04-29 15:54:04 [INFO] scanner -    ├─ Tempo mínimo: 1800 minutos
2026-04-29 15:54:04 [INFO] scanner -    └─ Próximo permitido em: 1148.6 minutos
2026-04-29 15:54:04 [WARNING] root - Bloco de componentes falhou: cannot unpack non-iterable int object
2026-04-29 15:54:04 [INFO] scanner - ✅ Validações OK [ETH/USDT]: Score=7.8, R:R=2.00
2026-04-29 15:54:04 [INFO] scanner - ⏸️  Throttle ativo [ETH/USDT]:
2026-04-29 15:54:04 [INFO] scanner -    ├─ Último alerta há 651.4 minutos
2026-04-29 15:54:04 [INFO] scanner -    ├─ Tempo mínimo: 1800 minutos
2026-04-29 15:54:04 [INFO] scanner -    └─ Próximo permitido em: 1148.6 minutos
2026-04-29 17:06:49 [INFO] scanner - ============================================================
2026-04-29 17:06:49 [INFO] scanner - 🚀 SCANNER INICIADO
2026-04-29 17:06:49 [INFO] scanner - 📅 Data/Hora: 29/04/2026 17:06:49
2026-04-29 17:06:49 [INFO] scanner - 📂 Log: logs/scanner_2026-04-29.log
2026-04-29 17:06:49 [INFO] scanner - ============================================================
2026-04-29 17:06:49 [INFO] scanner - 📝 PAPER MODE ATIVO - Apenas registro e análise
2026-04-29 17:06:53 [WARNING] root - Bloco de componentes falhou: cannot unpack non-iterable int object
2026-04-29 17:06:53 [INFO] scanner - ✅ Validações OK [BTC/USDT]: Score=8.3, R:R=2.08
2026-04-29 17:06:53 [INFO] scanner - ⏸️  Throttle ativo [BTC/USDT]:
2026-04-29 17:06:53 [INFO] scanner -    ├─ Último alerta há 1767.2 minutos
2026-04-29 17:06:53 [INFO] scanner -    ├─ Tempo mínimo: 1800 minutos
2026-04-29 17:06:53 [INFO] scanner -    └─ Próximo permitido em: 32.8 minutos
